0.0
0.0
0.0
0.0
0.0
0.0
0.0
0.0
0.0
0.0
0.0
0.0
0.0
0.0
0.0
0.0
0.0
0.0
0.0
0.0
0.0
0.0
0.0
0.0
0.0
0.0
0.0
0.0
0.0
0.0
0.0
0.0
0.0
0.0
0.0
0.0
0.0
0.0
0.0
0.0
0.0
0.0
0.0
0.0
0.0
0.0
0.0
0.0
0.0
0.0
0.0
-0.0315713298182
1.11022302463e-16
1.38777878078e-15
-5.55111512313e-16
4.4408920985e-16
-5.55111512313e-16
-2.77555756156e-17
-3.46944695195e-18
-1.73472347598e-18
-4.33680868994e-19
2.71050543121e-20
0.0
-4.23516473627e-22
1.32348898008e-23
-8.27180612553e-25
5.16987882846e-26
-3.23117426779e-27
6.0584517521e-28
5.04870979341e-29
-1.57772181044e-30
0.0
-6.16297582204e-33
1.92592994439e-34
0.0
3.76158192263e-37
0.0
0.0
0.0
0.0
0.0
0.0
0.0
0.0
0.0
0.0
0.0
0.0
0.0
0.0
0.0
0.0
0.0
0.0
0.0
0.0
0.0
0.0
0.0
0.0
0.0
0.0
0.0
0.0
0.0
0.0
0.0
0.0
0.0
0.0
0.0
0.0
0.0
0.0
0.0
0.0
0.0
0.0
0.0
0.0
0.0
0.0
0.0
0.0
0.0
0.0
0.0
0.0
-0.000280885251681
-0.000278840759798
0.0
0.0
0.0
0.0
0.0
0.0
0.0
0.0
0.0
0.0
0.0
0.0
0.0
0.0
0.0
0.0
0.0
0.0
0.0
0.0
0.0
0.0
0.0
0.0
-0.00614509680209
0.0
-0.00849834535552
0.0449487129219
0.0
0.0
0.0
0.0
0.0
0.0
0.0
0.0
0.0
0.0
-0.0115104043831
0.0461539912484
-0.0186295221942
0.0
-0.0153730545935
0.0
0.0
0.0
0.0
0.0
0.0
0.0
0.0
0.0
0.0
0.0
-0.0169241664977
0.0
-0.0167868320823
0.0444065596261
-0.0168917083502
0.0
0.0
0.0
0.0
0.0
0.0
0.0
0.0
0.0
0.0
0.0
-0.0366114997588
0.0598793491228
0.0
0.0
0.0
0.0
0.0
0.0
0.0
0.0
0.0
0.0
0.0
0.0
0.0
0.0
0.0
0.0
0.0
0.0
0.0
-0.000252460218186
0.0745314885147
0.064420668233
0.0
0.0
0.0
0.0
0.0
0.0
0.0
0.0
0.0
0.0
0.0
0.0
0.0
0.0
0.0
0.0
0.0
0.0
0.0
0.0
0.0
0.0
0.0
0.0
0.0
0.0
0.0
0.0
0.0
0.0
0.0
0.0
0.0
0.0
0.0
0.0
0.0
0.0
0.0
0.0
-0.040217985345
-0.0328554432623
-0.0314230187405
-0.0283952723201
-0.0203686532962
-0.0188489521165
0.0
0.0
0.0
0.0
0.0
0.0
0.0
0.0
0.0
0.0
0.0394710714534
0.0570749299271
0.0703111628945
0.0342379179564
0.0549444882214
0.0
0.0
0.0
-0.0384257532157
-0.0186295221942
-0.00849834535552
-0.0169241664977
-0.0168917083502
0.0
0.0
0.0
-0.000201625188832
-0.000196555162283
-0.000242210939079
-0.000282268092843
0.0
0.0
0.0
0.0
0.0
0.0
0.0
0.0
0.0
0.0
0.0
0.0
0.0
0.0
0.0
0.0
0.0
0.0
0.0
0.0
-0.00861057457646
-0.000477048569517
-0.000284491983086
-4.68530027781e-05
0.0
0.0
0.0
0.0
0.0
0.0
0.0
0.0
-0.000265801540404
0.0
0.0
0.0
0.0
0.0
0.0
0.0
0.0
0.0
0.0
0.0
0.0
0.0
0.0
0.0
0.0
0.0
0.0
0.0
-0.0366114997588
0.0
0.0
0.0
0.0
0.0
0.0
0.0598793491228
0.0
0.0
0.0
0.0
0.0
0.0
0.0
0.0
0.0
0.0
0.0
0.0
0.0
0.0
0.0
0.0
0.000740300624485
0.0012187424561
0.00157679885773
0.00162251418547
0.0698830165562
0.00227402868504
0.00227402868504
0.00227402868504
-0.000712645030876
0.00333087588642
6.26143404904e-05
-6.5913345903e-05
-0.0158414464495
0.0
0.0
0.0
0.0245913793637
0.00214348627095
0.0340943715679
0.100132533935
0.0
0.0
0.0
0.0
-0.000289503834654
-0.00787402897622
-0.0536720158966
0.000191659728814
0.0
0.0
0.0
0.0
-9.00559793481e-06
3.43279809904e-05
-4.03810901091e-05
-4.01139314566e-05
0.00256771931966
-2.12364822377e-05
-2.12364822377e-05
-2.12364822377e-05
0.000536692956872
0.0332976415334
0.000779519163868
0.100132533935
0.0
0.0
0.0
0.0
-0.025423715668
-0.000614073986421
-0.000624577533417
-0.040430183398
0.0
0.0
0.0
0.0
-0.00622562132332
-0.052553855535
-5.50952249953e-05
0.0
0.0
0.0
0.0
0.0
0.00501852278616
-0.000169188914946
-0.00262463516555
0.0
0.0
0.0
0.0
0.0
0.0336394484693
0.100132533935
0.0
0.0
0.0
0.0
0.0
0.0
0.00211548978237
0.0011708369288
0.0012556058022
0.00260986250409
0.00260986250409
0.00260986250409
0.00260986250409
0.00260986250409
-0.000154206092022
-0.000325777412605
-0.000300490877915
-0.000339318289306
-0.000339318289306
-0.000339318289306
-0.000339318289306
-0.000339318289306
0.00323888890857
0.00167490181289
0.00177885428221
0.00176905811805
0.00176905811805
0.00176905811805
0.00176905811805
0.00176905811805
-0.000271917037042
0.00234204907306
-0.000664916754037
-0.000664916754037
-0.000664916754037
-0.000664916754037
-0.000664916754037
-0.000664916754037
-0.000305540764795
-0.000447664372506
-0.000487167497336
-0.000487167497336
-0.000487167497336
-0.000487167497336
-0.000487167497336
-0.000487167497336
-4.27342760939e-05
-3.71368390726e-05
-3.21811896593e-05
-3.21811896593e-05
-3.21811896593e-05
-3.21811896593e-05
-3.21811896593e-05
-3.21811896593e-05
0.0116513444684
-0.000915533790327
-0.000915533790327
-0.000915533790327
-0.000915533790327
-0.000915533790327
-0.000915533790327
-0.000915533790327
6.74426017887e-05
-0.00111940520903
-0.00111940520903
-0.00111940520903
-0.00111940520903
-0.00111940520903
-0.00111940520903
-0.00111940520903
-0.000129157307716
-0.000188559436562
-0.000188559436562
-0.000188559436562
-0.000188559436562
-0.000188559436562
-0.000188559436562
-0.000188559436562
0.00127843302903
0.00120499110203
0.00120499110203
0.00120499110203
0.00120499110203
0.00120499110203
0.00120499110203
0.00120499110203
3.61923707023e-05
3.61923707023e-05
3.61923707023e-05
3.61923707023e-05
0.00212214372734
0.00240388963692
0.00260986250409
0.00260986250409
-0.000143272281871
-0.000188657225523
-0.000188657225523
-0.000188657225523
0.000104944019914
-0.000323083199545
-0.000339318289306
-0.000339318289306
9.78370807486e-05
9.78370807486e-05
9.78370807486e-05
9.78370807486e-05
0.000308388879406
0.0015585063194
0.00176905811805
0.00176905811805
-0.000619494267262
-0.000573557734503
-0.000623248901866
-0.000623248901866
-0.000339428858576
-0.000590818618205
-0.000664916754037
-0.000664916754037
-0.000255194170549
-0.000255194170549
-0.000255194170549
-0.000255194170549
-0.000298990071267
-0.000432082887358
-0.000487167497336
-0.000487167497336
0.000635290939371
0.000635290939371
0.000635290939371
0.000635290939371
0.00056893227858
3.41774711321e-05
-3.21811896593e-05
-3.21811896593e-05
-0.000918487144399
-0.000865414850224
-0.000870736659035
-0.000870736659035
-0.000583067625354
-0.000664507906481
-0.000915533790327
-0.000915533790327
-0.000702662399987
-0.000701585220377
-0.000701585220377
-0.000701585220377
-0.000680882009064
-0.00108447528277
-0.00111940520903
-0.00111940520903
9.91592521737e-06
9.91592521737e-06
9.91592521737e-06
9.91592521737e-06
-0.000112018406685
-6.66251046598e-05
-0.000188559436562
-0.000188559436562
3.51091381869e-06
3.51091381869e-06
3.51091381869e-06
3.51091381869e-06
0.000136812982176
0.00107168903367
0.00120499110203
0.00120499110203
-0.00347057172715
0.0
0.0
0.0
0.0
0.0
0.0
0.0
-0.00347057172715
0.0
0.0
0.0
0.0
0.0
0.0
0.0
-0.00347057172715
0.0
0.0
0.0
0.0
0.0
0.0
0.0
-0.00347057172715
0.0
0.0
0.0
0.0
0.0
0.0
0.0
-0.00347057172715
0.0
0.0
0.0
0.0
0.0
0.0
0.0
-0.00347057172715
0.0
0.0
0.0
0.0
0.0
0.0
0.0
0.0
0.0
0.0
0.0
0.0
0.0
0.0
0.0
0.0
0.0
0.0
0.0
0.0
0.0
0.0
0.0
0.0
0.0
0.0
0.0
0.0
0.0
0.0
0.0
0.0
0.0
0.0
0.0
0.0
0.0
0.0
0.0
0.0
0.0
0.0
0.0
0.0
0.0
0.0
0.0
-0.000110093757927
-0.000528504187248
-0.000508175818498
-8.62408949012e-05
-8.13854606132e-06
9.78370807486e-05
0.000384355993409
0.0
0.0
-0.00013169308641
-0.00013169308641
0.0
0.0
0.0
0.0
-0.00013169308641
0.0
0.0
0.0
-1.53622710004e-05
0.0
0.0
0.0
-6.38075524024e-05
0.0
0.0
0.0
-1.53622710004e-05
0.0
0.0
0.0
-5.07450230749e-05
0.0
0.0
0.0
-1.53622710004e-05
0.0
0.0
0.0
-6.17154319924e-05
0.0
0.0
0.0
-5.35919523094e-06
0.0
0.0
0.0
0.000142954566858
0.0
0.0
0.0
-1.53622710004e-05
0.0
0.0
0.0
-6.10180585224e-05
0.0
0.0
0.0
-5.48165835908e-06
0.0
0.0
0.0
-4.64493883607e-05
0.00284726941121
0.0
0.0
-1.53622710004e-05
0.0
0.0
0.0
-6.11674262844e-05
0.00284726941121
0.114809183357
0.0
-5.46972502613e-06
0.0
0.0
0.0
0.00112624734351
0.000779519163868
0.114809183357
0.0
-1.47278465937e-05
0.0
0.0
0.0
-6.05879170697e-05
0.000644018304773
3.51091381869e-06
-9.82593884659e-06
-5.10895712158e-06
0.0
0.0
0.0
-4.36043592328e-05
0.00123128135923
0.00347154993496
-9.82593884659e-06
0.107789801089
0.0
0.0
0.0
-6.21570957629e-05
0.0
0.00312969339971
9.20329558382e-05
0.107793625403
0.0
0.0
0.0
0.000219960049635
-0.000261718627599
0.00135286678772
0.000190515250799
0.000574312839162
-1.13959500358e-06
0.0
0.0
-1.58452527958e-05
-0.000261718627599
0.0025749331525
0.0
0.000374605183873
-1.13959500358e-06
0.114809183357
0.0
-3.83059920023e-05
-8.02927412553e-05
0.0025749331525
0.0
8.08791044132e-05
7.96683084795e-06
0.114809183357
0.0
-4.78651537907e-05
-0.000195279711832
9.91592521737e-06
-0.000201576963189
0.000607442374106
0.0
9.78370807486e-05
0.000384355993409
0.00019883403158
0.0
3.09449798813e-05
-0.000201576963189
0.00555725687945
0.0
9.11584325653e-05
0.000384355993409
0.0739196408165
0.0
-8.24975334193e-05
-0.000237198907633
0.00555725687945
0.0
0.0
0.0
0.0739196408165
-0.000611590840832
-8.24975334193e-05
0.0
-0.000321593976037
4.26243110059e-06
0.0
0.0
0.0
-0.000602831374695
-0.0498081479368
0.000112643315004
-5.18640291128e-05
4.95194430852e-06
0.00555725687945
0.0
0.0
-0.00070222619179
-0.0498081479368
0.000750044142056
0.00033792029042
1.01403140703e-05
0.00555725687945
0.0
0.0
0.0
-0.000702412672287
-0.000447181927493
0.0
0.0
0.0
0.0
0.0
0.0
-0.000295966265827
-0.000481827415629
-0.0498081479368
0.0
0.0
0.0
0.0
-8.76940612878e-05
0.0
0.0
-0.0498081479368
0.0
0.0
0.0
0.0
-0.000421912995047
0.0
0.000786140003342
0.0
0.0
0.0
0.0
0.0
-0.0004122081865
-0.0419757191062
0.000786140003342
0.0
0.0
0.0
0.0
0.0
0.0
-0.0419757191062
0.0
0.0
0.0
0.0
0.0
0.0
-3.71220486957e-05
-2.53976147025e-05
0.0
0.0
0.0
0.0
0.0
0.0
-3.71220486957e-05
0.0
0.0
0.0
0.0
0.0
0.0
0.0
-6.91930470984e-05
0.0
0.0
0.0
0.0
0.0
0.0
0.0
0.0
0.0
0.0
0.0
0.0
0.0
0.0
0.0
0.0
0.0
0.0
0.0
0.0
0.0
0.0
0.0
0.0
0.0
0.0
0.0
0.0
0.0
0.0
0.0
0.0
0.0
0.0
0.0
0.0
0.0
0.0
0.0
0.0
-0.00216777604627
-0.000252460218186
0.0552724296408
0.0552724296408
-0.0538768515445
-0.000252460218186
-0.0538768515445
0.0
0.0
0.0
0.0
0.0
0.0
0.0
0.0
0.0
0.0
0.0
-0.000169262976311
0.0
0.0
0.0
-0.000661766663023
-0.000624400284135
-0.000624400284135
0.0
0.0
0.0
0.0
0.0
0.0
0.0
0.0
0.0
0.0
0.0
0.0
0.0
0.0
-0.0366114997588
-0.0366114997588
-0.0366114997588
-0.0366114997588
-0.0366114997588
-0.0366114997588
-0.0366114997588
-0.0366114997588
0.0
0.0
0.0
0.0
0.0
0.0
0.0
0.0
0.0
0.0
0.0
0.0
0.0
0.0
0.0
0.0
0.0
0.0
0.0
0.0
0.0
0.0
0.0
0.0
0.0
0.0
0.0
0.0
0.0
0.0
0.0
0.0
0.0
0.0
-0.0366114997588
0.0
0.0
0.0
0.0
0.0
0.0
0.0
0.0
0.0
0.0
0.0
0.0
0.0
0.0
0.0
0.0
0.0
0.0
0.0
0.0
0.0
0.0
0.0
0.0
0.0
0.0
0.0
0.0
0.0
0.0
0.0
0.0
0.0
0.0
0.0
0.0
0.0
0.0
0.0
0.0
0.0
0.0
0.0
0.0
0.0
0.0
0.0
0.0
0.0
0.0
0.0
0.0
0.0
0.0
0.0
0.0
0.0
0.0
0.0
0.0
0.0
0.0
0.0
0.0
0.0
0.0
0.0
0.0
0.0
0.0
0.0
0.0
0.0
0.0
0.0
0.0
0.0
-0.000352799475608
-0.000335834885392
0.0
0.0
0.0
0.0
0.0
0.0
0.0
0.0
0.0
0.0
0.0
0.0
0.0
0.0
-0.000485710905849
0.0
0.0
0.0
0.0
0.0
0.0
0.0
0.0
0.0
0.0
0.0
0.0
0.0
0.0
0.0
0.0
0.0
0.0
0.0
0.0
0.0
0.0
0.0
0.0
0.0
0.0
0.0
0.0
0.0
0.0
0.0
0.0
0.0
0.0
0.0
0.0
0.0
0.0
0.0
0.0
0.0
0.0
0.0
0.0
0.0
0.0
0.0
0.0
0.0
0.0
0.0
0.0
0.0
0.0
0.0
0.0
0.0
0.0
0.0
0.0
0.0
0.0
0.0
0.0
0.0
0.0
0.0
0.0
0.0
0.0
0.0
0.0
0.0
0.0
0.0
0.0
-0.00216777604627
-0.000252460218186
-0.000545470506847
0.0
0.0
0.0
0.0
0.0
0.0
0.0
0.0
0.0
0.0
0.0
0.0
0.0
0.0
0.0
0.0
0.0
0.0
0.0
0.0
0.0
0.0
0.0
0.0
0.0
0.0
0.0
0.0
0.0
0.0
0.0
0.0
0.0
0.0
0.0
0.0
0.0
0.0
0.0
0.0
-0.0377641890696
-0.0312330115218
-0.0325781756579
-0.0266676560872
-0.0188991643457
0.0
0.0
0.0
0.0
0.0
0.0
0.0
0.0
0.0
0.0
0.0
-0.0535202743289
-0.0639920307536
-0.0141874558625
0.059065324125
0.0984799525349
0.0
0.0
0.0
-0.0310610704014
-0.0180900866459
-0.0169241664977
-0.0168917083502
0.0
0.0
0.0
0.0
-0.000181403500604
-0.000213757269733
-0.000234782586536
-0.000242210939079
0.0
0.0
0.0
0.0
0.0
0.0
0.0
0.0
0.0
0.0
0.0
0.0
0.0
0.0
0.0
0.0
0.0
0.0
0.0
0.0
-0.000484167813144
-0.0128365287517
-0.00323911974797
-5.72944765733e-05
0.0
0.0
0.0
0.0
0.0
0.0
0.0
0.0
-0.000309091037284
0.0
0.0
0.0
0.0
0.0
0.0
0.0
0.0
0.0
0.0
0.0
0.0
0.0
0.0
0.0
0.0
0.0
0.0
0.0
0.0
0.0
0.0
0.0
0.0
0.0
0.0
0.0
0.0
0.0
0.0
0.0
0.0
0.0
0.0
0.0
0.0
0.0
0.0
0.0
0.0
0.0
0.0
0.0
0.00085977280596
0.00203101173012
0.015015245571
0.0550278129835
0.000366496546346
0.0098479335349
0.0098479335349
0.0098479335349
-0.000128880590284
-0.000379136443789
0.00247009598728
-0.0152723256281
-6.5913345903e-05
0.0
0.0
0.0
0.000462720194451
0.0903240226482
0.0012991306
0.00178631626327
0.0
0.0
0.0
0.0
-0.000370182591219
-0.000458928980856
-0.000689974562315
0.0333185134512
0.0
0.0
0.0
0.0
-0.000316085353757
0.00500775752166
0.00513928405687
0.00507870762648
-3.8845524334e-05
0.0442193711192
0.0442193711192
0.0442193711192
-4.93794086154e-05
2.27186538045e-05
0.100132533935
0.000779519163868
0.0
0.0
0.0
0.0
-0.000651013156569
-0.0464043679079
-0.0372716843661
-0.000619530668127
0.0
0.0
0.0
0.0
-0.000646422411024
-0.00106505752347
0.0874149838745
0.0
0.0
0.0
0.0
0.0
-0.0002722780719
-0.00293786875234
-0.000170103859176
0.0
0.0
0.0
0.0
0.0
0.00257080661482
0.00123128135923
0.0
0.0
0.0
0.0
0.0
0.0
0.000793015632162
0.00146789205066
0.000400109952544
0.0691313313463
0.0691313313463
0.0691313313463
0.0691313313463
0.0691313313463
-6.82998985585e-05
0.00438942393356
-0.000176939637687
0.00508885493843
0.00508885493843
0.00508885493843
0.00508885493843
0.00508885493843
0.000290856772054
0.0841387081406
0.000635290939371
0.114809183357
0.114809183357
0.114809183357
0.114809183357
0.114809183357
-0.000352101899705
-0.000702832685982
-0.0592912120652
-0.0592912120652
-0.0592912120652
-0.0592912120652
-0.0592912120652
-0.0592912120652
-0.000194973173582
9.91592521737e-06
0.00508885493843
0.00508885493843
0.00508885493843
0.00508885493843
0.00508885493843
0.00508885493843
0.000565950688949
3.51091381869e-06
0.114809183357
0.114809183357
0.114809183357
0.114809183357
0.114809183357
0.114809183357
-0.000419028624632
-0.0574380618591
-0.0574380618591
-0.0574380618591
-0.0574380618591
-0.0574380618591
-0.0574380618591
-0.0574380618591
-0.000601838140784
-0.0592912120652
-0.0592912120652
-0.0592912120652
-0.0592912120652
-0.0592912120652
-0.0592912120652
-0.0592912120652
-0.000261718627599
0.00231497488565
0.00231497488565
0.00231497488565
0.00231497488565
0.00231497488565
0.00231497488565
0.00231497488565
0.00284726941121
0.114809183357
0.114809183357
0.114809183357
0.114809183357
0.114809183357
0.114809183357
0.114809183357
0.0577280898761
0.0577280898761
0.0577280898761
0.0577280898761
0.0540570210572
0.0556897084209
0.0577280898761
0.0577280898761
0.0801313535258
0.0801313535258
0.0801313535258
0.0801313535258
0.0801313535258
0.073216601166
0.0801313535258
0.0801313535258
0.0647413075067
0.0647413075067
0.0647413075067
0.0647413075067
0.0647413075067
0.0647413075067
0.0647413075067
0.0647413075067
0.0615235048904
0.0584189808191
0.0615235048904
0.0615235048904
0.0615235048904
0.0458955180341
0.0615235048904
0.0615235048904
0.0801313535258
0.0801313535258
0.0801313535258
0.0801313535258
0.0801313535258
0.0799858362055
0.0801313535258
0.0801313535258
0.0647413075067
0.0647413075067
0.0647413075067
0.0647413075067
0.0647413075067
0.0647413075067
0.0647413075067
0.0647413075067
0.0420000911998
0.0524925577985
0.0524925577985
0.0524925577985
0.0524925577985
0.0250231826088
0.0524925577985
0.0524925577985
0.0597087870911
0.0615235048904
0.0615235048904
0.0615235048904
0.0615235048904
0.0614110580444
0.0615235048904
0.0615235048904
0.0787501495024
0.0787501495024
0.0787501495024
0.0787501495024
0.0787501495024
0.0787501495024
0.0787501495024
0.0787501495024
0.0647413075067
0.0647413075067
0.0647413075067
0.0647413075067
0.0647413075067
0.0647413075067
0.0647413075067
0.0647413075067
0.0
0.0
0.0
-0.0366114997588
0.0
0.0
0.0
0.0
0.0
0.0
0.0
-0.0366114997588
0.0
0.0
0.0
0.0
0.0
0.0
0.0
0.0
0.0
0.0
0.0
0.0
0.0
0.0
0.0
0.0
0.0
0.0
0.0
0.0
0.0
0.0
0.0
-0.0366114997588
0.0
0.0
0.0
0.0
0.0
0.0
0.0
0.0
0.0
0.0
0.0
0.0
0.0
0.0
0.0
0.0
0.0
0.0
0.0
0.0
0.0
0.0
0.0
0.0
0.0
0.0
0.0
0.0
0.0
0.0
0.0
0.0
0.0
0.0
0.0
0.0
0.0
0.0
0.0
0.0
0.0
0.0
0.0
0.0
0.0
0.0
0.0
-0.0366114997588
0.0
0.0
0.0
0.0
-0.000181406246747
-0.000358861924204
-0.000484354705774
-0.000197688337656
-0.00021835459546
-3.94240863207e-05
-3.38253618492e-05
0.0
0.0
-0.000661766663023
-0.000661766663023
0.0
0.0
0.0
0.0
-0.000661766663023
0.0
0.0
0.0
-2.12364822377e-05
0.0
0.0
0.0
0.00227402868504
0.0
0.0
0.0
-2.12364822377e-05
0.0
0.0
0.0
0.00227402868504
0.0
0.0
0.0
-1.53622710004e-05
0.0
0.0
0.0
-6.38075524024e-05
0.0
0.0
0.0
-1.53622710004e-05
0.0
0.0
0.0
-5.07450230749e-05
0.0
0.0
0.0
-1.53622710004e-05
0.0
0.0
0.0
-6.17154319924e-05
0.0
0.0
0.0
-5.35919523094e-06
0.0
0.0
0.0
0.000142954566858
0.00123128135923
0.0
0.0
-1.53622710004e-05
0.0
0.0
0.0
-6.10180585224e-05
0.00123128135923
0.00257080661482
0.0
-5.48165835908e-06
0.0
0.0
0.0
-4.64493883607e-05
-2.98100760943e-05
0.00257080661482
0.0
-1.53622710004e-05
0.0
0.0
0.0
-6.11674262844e-05
0.00178631626327
0.000651855075051
-3.25519058839e-05
-5.46972502613e-06
0.0
0.0
0.0
0.00112624734351
0.00121313809281
0.000537331223763
-3.25519058839e-05
1.60439611882e-05
0.0
0.0
0.0
-6.05879170697e-05
0.0
0.00129994865827
0.00407071794974
1.94452431372e-05
0.0
0.0
0.0
-4.36043592328e-05
-0.000170103859176
0.000485024164593
0.00284726941121
0.00114270886525
0.000681407634837
0.0
0.0
-6.21570957629e-05
-0.000170103859176
-0.000273567984269
0.0
0.00122439508724
0.000681407634837
5.84094496945e-05
0.0
0.000219960049635
-0.000463048119916
-0.000273567984269
0.0
0.000218399985595
0.000403149216179
5.84094496945e-05
0.0
-1.58452527958e-05
-0.000416141756872
-0.000131602720565
-8.76973736779e-05
0.000251527634829
0.0
6.6106101708e-05
5.81003985029e-05
-3.83059920023e-05
0.0
-0.000238586742283
-8.76973736779e-05
-9.67092991116e-05
0.0
0.000111064554018
5.81003985029e-05
0.000157135104335
0.0
-5.23500593586e-05
-6.5913345903e-05
-3.8845524334e-05
0.0
0.0
0.0
0.000366496546346
-0.00106527563023
-5.23500593586e-05
0.0
-0.000250696260497
-0.000302118903668
0.0
0.0
0.0
-0.00106589012152
-0.000637146848304
0.00178713475785
-6.22585778137e-05
-0.00027810168859
8.33282174907e-05
0.0
0.0
-0.000675550508559
-0.000637146848304
0.000699880009095
0.000112643315004
0.00033792029042
8.33282174907e-05
0.0
0.0
0.0
-0.00069210893332
-0.00069550575056
0.0
0.0
0.0
0.0
0.0
0.0
-0.000229476649385
-0.000697225511576
-0.000454917189161
0.0
0.0
0.0
0.0
-0.00010818546614
0.0
0.0
-0.000454917189161
0.0
0.0
0.0
0.0
-0.000627305679685
0.0
-2.53976147025e-05
0.0
0.0
0.0
0.0
0.0
-0.000619530668127
-0.000650751337398
-2.53976147025e-05
0.0
0.0
0.0
0.0
0.0
0.0
-0.000650751337398
0.0
0.0
0.0
0.0
0.0
0.0
-9.40641038045e-05
-6.91930470984e-05
0.0
0.0
0.0
0.0
0.0
0.0
-9.40641038045e-05
0.0
0.0
0.0
0.0
0.0
0.0
0.0
-6.00205571314e-05
0.0
0.0
0.0
0.0
0.0
0.0
0.0
0.0
0.0
0.0
0.0
0.0
0.0
0.0
0.0
0.0
0.0
0.0
0.0
0.0
0.0
0.0
0.0
0.0
0.0
0.0
0.0
0.0
0.0
0.0
0.0
0.0
0.0
0.0
0.0
0.0
0.0
0.0
0.0
0.0
-0.000252460218186
-0.00216777604627
-0.0572794422463
-0.0572236907451
0.0550019726396
-0.00216777604627
0.0550019726396
0.0
0.0
0.0
0.0
0.0
0.0
0.0
0.0
0.0
0.0
0.0
-0.000179100803195
0.0
0.0
0.0
-0.000176933893564
-0.000152748019568
-0.000152748019568
0.0
0.0
0.0
0.0
0.0
0.0
