0.0
0.0
0.0
0.0
0.0
0.0
0.0
0.0
0.0
0.0
0.0
0.0
0.0
0.0
0.0
0.0
0.0
0.0
0.0
0.0
0.0
0.0
0.0
0.0
0.0
0.0
0.0
0.0
0.0
0.0
0.0
0.0
0.0
0.0
0.0
0.0
0.0
0.0
0.0
0.0
0.0
0.0
0.0
0.0
0.0
0.0
0.0
0.0
0.0
0.0
0.0
0.0681451181383
-1.11022302463e-16
-1.7763568394e-15
-1.38777878078e-15
0.0
5.55111512313e-17
-1.38777878078e-17
6.93889390391e-18
-1.38777878078e-17
-2.42861286637e-17
8.67361737988e-19
-1.30104260698e-18
-1.08420217249e-19
-4.06575814682e-20
-3.38813178902e-21
1.27054942088e-21
-1.05879118407e-22
6.61744490042e-23
9.92616735064e-24
-1.24077091883e-24
0.0
-2.58493941423e-26
1.61558713389e-27
-1.00974195868e-28
1.26217744835e-29
-3.94430452611e-31
0.0
0.0
0.0
0.0
0.0
0.0
0.0
0.0
0.0
0.0
0.0
0.0
0.0
0.0
0.0
0.0
0.0
0.0
0.0
0.0
0.0
0.0
0.0
0.0
0.0
0.0
0.0
0.0
0.0
0.0
0.0
0.0
0.0
0.0
0.0
0.0
0.0
0.0
0.0
0.0
0.0
0.0
0.0
0.0
0.0
0.0
0.0
0.0
0.0
0.0
0.0
-0.00176275353269
-0.00174991781337
0.0
0.0
0.0
0.0
0.0
0.0
0.0
0.0
0.0
0.0
0.0
0.0
0.0
0.0
0.0
0.0
0.0
0.0
0.0
0.0
0.0
0.0
0.0
0.0
-0.00187789195924
0.0
0.00378722539868
0.0212443190529
0.0
0.0
0.0
0.0
0.0
0.0
0.0
0.0
0.0
0.0
0.0112677884963
0.0188988129889
0.0157149745289
0.0
0.01425795585
0.0
0.0
0.0
0.0
0.0
0.0
0.0
0.0
0.0
0.0
0.0
0.0134622053839
0.0
0.0115999773001
0.022409718033
0.0223712950357
0.0
0.0
0.0
0.0
0.0
0.0
0.0
0.0
0.0
0.0
0.0
0.0658906615911
0.0300856395648
0.0
0.0
0.0
0.0
0.0
0.0
0.0
0.0
0.0
0.0
0.0
0.0
0.0
0.0
0.0
0.0
0.0
0.0
0.0
0.000307385305396
0.0375041187185
0.0283860661948
0.0
0.0
0.0
0.0
0.0
0.0
0.0
0.0
0.0
0.0
0.0
0.0
0.0
0.0
0.0
0.0
0.0
0.0
0.0
0.0
0.0
0.0
0.0
0.0
0.0
0.0
0.0
0.0
0.0
0.0
0.0
0.0
0.0
0.0
0.0
0.0
0.0
0.0
0.0
0.0
0.0748027786444
0.0428582435125
0.018543484982
0.0221732232657
-0.00289064432982
0.00702025624222
0.0
0.0
0.0
0.0
0.0
0.0
0.0
0.0
0.0
0.0
0.0122694220073
0.0174981322171
0.0141944381582
-0.00948351074583
-0.0146915421699
0.0
0.0
0.0
0.0538041412069
0.0157149745289
0.00378722539868
0.0134622053839
0.0223712950357
0.0
0.0
0.0
-0.00168687031493
-0.00165692952735
-0.00201542312051
-0.00296062687189
0.0
0.0
0.0
0.0
0.0
0.0
0.0
0.0
0.0
0.0
0.0
0.0
0.0
0.0
0.0
0.0
0.0
0.0
0.0
0.0
0.013730623286
-0.00299272222247
-0.000972171692726
-0.000123872196634
0.0
0.0
0.0
0.0
0.0
0.0
0.0
0.0
-0.00182529536422
0.0
0.0
0.0
0.0
0.0
0.0
0.0
0.0
0.0
0.0
0.0
0.0
0.0
0.0
0.0
0.0
0.0
0.0
0.0
0.0658906615911
0.0
0.0
0.0
0.0
0.0
0.0
0.0300856395648
0.0
0.0
0.0
0.0
0.0
0.0
0.0
0.0
0.0
0.0
0.0
0.0
0.0
0.0
0.0
0.0
-0.00186555946708
-0.00114367262778
-0.000376205560786
5.29676406736e-05
0.0342365818078
0.00109776537274
0.00109776537274
0.00109776537274
-0.0210888196744
-0.0867354303682
-0.0136232344566
-0.0136750226794
-0.123801816092
0.0
0.0
0.0
0.0102092573394
-0.000450770914581
0.0143566209348
0.0506888061405
0.0
0.0
0.0
0.0
-0.00417191286042
-0.00726864635916
0.0840593842921
-0.0016186654175
0.0
0.0
0.0
0.0
-0.00526944187356
-0.00429973146314
-0.00438605328472
-0.00436390140234
-0.120307926605
-0.000890700738212
-0.000890700738212
-0.000890700738212
-0.000157890587537
0.0145189085968
0.000120483009865
0.0506888061405
0.0
0.0
0.0
0.0
0.0214323469524
-0.00713796256187
-0.00633873327318
0.0768771134838
0.0
0.0
0.0
0.0
-0.0123550273027
0.0897495719091
-0.00036620329043
0.0
0.0
0.0
0.0
0.0
-0.0179416068062
-0.00571517415621
-0.116322776713
0.0
0.0
0.0
0.0
0.0
0.0143973273654
0.0506888061405
0.0
0.0
0.0
0.0
0.0
0.0
0.000575367608979
-0.000570961282558
-2.49500629807e-05
0.000908201651427
0.000908201651427
0.000908201651427
0.000908201651427
0.000908201651427
-0.0126869245662
-0.00963512071326
-0.00895427365935
-0.00955856594732
-0.00955856594732
-0.00955856594732
-0.00955856594732
-0.00955856594732
0.000854514263207
-0.000892976462022
-0.000227569034764
-0.00023183149498
-0.00023183149498
-0.00023183149498
-0.00023183149498
-0.00023183149498
-0.00325415734973
-0.00571146256233
-0.00892270548053
-0.00892270548053
-0.00892270548053
-0.00892270548053
-0.00892270548053
-0.00892270548053
-0.0145191707955
-0.00916931375549
-0.00983522671119
-0.00983522671119
-0.00983522671119
-0.00983522671119
-0.00983522671119
-0.00983522671119
-0.00135353854228
-0.00197404917096
-0.00215004248265
-0.00215004248265
-0.00215004248265
-0.00215004248265
-0.00215004248265
-0.00215004248265
-0.00164260184382
-0.0113863065
-0.0113863065
-0.0113863065
-0.0113863065
-0.0113863065
-0.0113863065
-0.0113863065
-0.010335390825
-0.0127535287391
-0.0127535287391
-0.0127535287391
-0.0127535287391
-0.0127535287391
-0.0127535287391
-0.0127535287391
-0.00534513228342
-0.0063139841524
-0.0063139841524
-0.0063139841524
-0.0063139841524
-0.0063139841524
-0.0063139841524
-0.0063139841524
3.1207085886e-05
-0.000322401100333
-0.000322401100333
-0.000322401100333
-0.000322401100333
-0.000322401100333
-0.000322401100333
-0.000322401100333
-0.000658635062939
-0.000658635062939
-0.000658635062939
-0.000658635062939
0.000548786312449
0.000858610531942
0.000908201651427
0.000908201651427
-0.00290661583798
-0.00289333421561
-0.00289333421561
-0.00289333421561
-0.0030908936382
-0.00880990303855
-0.00955856594732
-0.00955856594732
-0.000413182671925
-0.000413182671925
-0.000413182671925
-0.000413182671925
-0.000468917501299
-0.000176096665606
-0.00023183149498
-0.00023183149498
-0.00724284835538
-0.00722034699652
-0.00733002907544
-0.00733002907544
-0.00620788025537
-0.00865809876161
-0.00892270548053
-0.00892270548053
-0.00507245065651
-0.00507245065651
-0.00507245065651
-0.00507245065651
-0.00548213426922
-0.00942606988438
-0.00983522671119
-0.00983522671119
-0.00100607885852
-0.00100607885852
-0.00100607885852
-0.00100607885852
-0.0012677942574
-0.00188832708376
-0.00215004248265
-0.00215004248265
-0.0104118909481
-0.0112118525926
-0.0112314453753
-0.0112314453753
-0.00898436789221
-0.0072071449908
-0.0113863065
-0.0113863065
-0.00895417717763
-0.00898310303807
-0.00898310303807
-0.00898310303807
-0.00775613330632
-0.0139014276063
-0.0127535287391
-0.0127535287391
-0.01358230765
-0.01358230765
-0.01358230765
-0.01358230765
-0.0131506362292
-0.00674565557315
-0.0063139841524
-0.0063139841524
-0.000482001059715
-0.000482001059715
-0.000482001059715
-0.000482001059715
-0.000678506062261
-0.000125896097787
-0.000322401100333
-0.000322401100333
0.0081731551237
0.0
0.0
0.0
0.0
0.0
0.0
0.0
0.0081731551237
0.0
0.0
0.0
0.0
0.0
0.0
0.0
0.0081731551237
0.0
0.0
0.0
0.0
0.0
0.0
0.0
0.0081731551237
0.0
0.0
0.0
0.0
0.0
0.0
0.0
0.0081731551237
0.0
0.0
0.0
0.0
0.0
0.0
0.0
0.0081731551237
0.0
0.0
0.0
0.0
0.0
0.0
0.0
0.0
0.0
0.0
0.0
0.0
0.0
0.0
0.0
0.0
0.0
0.0
0.0
0.0
0.0
0.0
0.0
0.0
0.0
0.0
0.0
0.0
0.0
0.0
0.0
0.0
0.0
0.0
0.0
0.0
0.0
0.0
0.0
0.0
0.0
0.0
0.0
0.0
0.0
0.0
0.0
-0.00248819458455
-0.00764642222997
-0.00577177179636
-0.00486618818465
-0.00222374707517
-0.000413182671925
-0.000426390339103
0.0
0.0
-0.00114108070371
-0.00114108070371
0.0
0.0
0.0
0.0
-0.00114108070371
0.0
0.0
0.0
-9.77693745104e-05
0.0
0.0
0.0
-0.000417428394675
0.0
0.0
0.0
-9.77693745104e-05
0.0
0.0
0.0
-0.000506939871844
0.0
0.0
0.0
-9.77693745104e-05
0.0
0.0
0.0
-0.000421112234339
0.0
0.0
0.0
-0.000459000922842
0.0
0.0
0.0
-0.000586738535436
0.0
0.0
0.0
-9.77693745104e-05
0.0
0.0
0.0
-0.000422340180893
0.0
0.0
0.0
-0.000148526307487
0.0
0.0
0.0
-0.000528365734993
0.00187796773648
0.0
0.0
-9.77693745104e-05
0.0
0.0
0.0
-0.000425734023239
0.00187796773648
0.0561476454095
0.0
-0.0004856743052
0.0
0.0
0.0
-0.000546649363
0.000120483009865
0.0561476454095
0.0
-9.88695685321e-05
0.0
0.0
0.0
-0.000537412180625
-0.000370009021092
-0.000482001059715
-0.00028278141103
-0.000147668622556
0.0
0.0
0.0
-0.000880017148329
-3.64810699559e-05
0.00212605725592
-0.00028278141103
0.052749193038
0.0
0.0
0.0
-0.000478676002922
0.0
0.00169592861892
-0.000968360653131
0.0526361898146
0.0
0.0
0.0
-0.00121778447303
-0.00285698220105
0.000203320767204
-0.000601066224979
-0.00111046028574
-0.000459281670571
0.0
0.0
-0.00131808719447
-0.00285698220105
-0.120518210656
0.0
-0.000919371809283
-0.000459281670571
0.0561476454095
0.0
-0.0010890718933
-0.00337891521934
-0.120518210656
0.0
-0.000655380722205
-0.000476081759517
0.0561476454095
0.0
-0.000442510179732
-0.00236550200288
-0.01358230765
-0.00309546761047
-0.000679423951913
0.0
-0.000413182671925
-0.000426390339103
-0.000593469752663
0.0
-0.0141055503264
-0.00309546761047
-0.118343656022
0.0
-0.000263500924812
-0.000426390339103
0.00324354806277
0.0
-0.0039116900266
-0.0022776427263
-0.118343656022
0.0
0.0
0.0
0.00324354806277
-0.00461497655786
-0.0039116900266
0.0
-0.00499693349603
-0.00221170448959
0.0
0.0
0.0
-0.0046096949972
0.0754570356189
-0.000298046553458
-0.001951195868
-0.00222694434766
-0.118343656022
0.0
0.0
-0.00438860827982
0.0754570356189
-0.000871635783541
-0.000257254866407
-0.000295971312214
-0.118343656022
0.0
0.0
0.0
-0.00856581797172
-0.00623907127161
0.0
0.0
0.0
0.0
0.0
0.0
-0.00709505536032
-0.00621991495137
0.0754570356189
0.0
0.0
0.0
0.0
-0.000736240082156
0.0
0.0
0.0754570356189
0.0
0.0
0.0
0.0
-0.00493922261985
0.0
-0.00124550649617
0.0
0.0
0.0
0.0
0.0
-0.00489076983572
0.0686156559028
-0.00124550649617
0.0
0.0
0.0
0.0
0.0
0.0
0.0686156559028
0.0
0.0
0.0
0.0
0.0
0.0
-0.000732986021005
-0.000440224380618
0.0
0.0
0.0
0.0
0.0
0.0
-0.000732986021005
0.0
0.0
0.0
0.0
0.0
0.0
0.0
-0.000771677283054
0.0
0.0
0.0
0.0
0.0
0.0
0.0
0.0
0.0
0.0
0.0
0.0
0.0
0.0
0.0
0.0
0.0
0.0
0.0
0.0
0.0
0.0
0.0
0.0
0.0
0.0
0.0
0.0
0.0
0.0
0.0
0.0
0.0
0.0
0.0
0.0
0.0
0.0
0.0
0.0
0.00452070311341
0.000307385305396
0.0155654494034
0.0155654494034
0.0764163203196
0.000307385305396
0.0764163203196
0.0
0.0
0.0
0.0
0.0
0.0
0.0
0.0
0.0
0.0
0.0
-0.00252142730719
0.0
0.0
0.0
-0.00738447907554
0.000451182502393
0.000451182502393
0.0
0.0
0.0
0.0
0.0
0.0
0.0
0.0
0.0
0.0
0.0
0.0
0.0
0.0
0.0658906615911
0.0658906615911
0.0658906615911
0.0658906615911
0.0658906615911
0.0658906615911
0.0658906615911
0.0658906615911
0.0
0.0
0.0
0.0
0.0
0.0
0.0
0.0
0.0
0.0
0.0
0.0
0.0
0.0
0.0
0.0
0.0
0.0
0.0
0.0
0.0
0.0
0.0
0.0
0.0
0.0
0.0
0.0
0.0
0.0
0.0
0.0
0.0
0.0
0.0658906615911
0.0
0.0
0.0
0.0
0.0
0.0
0.0
0.0
0.0
0.0
0.0
0.0
0.0
0.0
0.0
0.0
0.0
0.0
0.0
0.0
0.0
0.0
0.0
0.0
0.0
0.0
0.0
0.0
0.0
0.0
0.0
0.0
0.0
0.0
0.0
0.0
0.0
0.0
0.0
0.0
0.0
0.0
0.0
0.0
0.0
0.0
0.0
0.0
0.0
0.0
0.0
0.0
0.0
0.0
0.0
0.0
0.0
0.0
0.0
0.0
0.0
0.0
0.0
0.0
0.0
0.0
0.0
0.0
0.0
0.0
0.0
0.0
0.0
0.0
0.0
0.0
0.0
-0.00220397009188
-0.00205532043644
0.0
0.0
0.0
0.0
0.0
0.0
0.0
0.0
0.0
0.0
0.0
0.0
0.0
0.0
0.000519963250352
0.0
0.0
0.0
0.0
0.0
0.0
0.0
0.0
0.0
0.0
0.0
0.0
0.0
0.0
0.0
0.0
0.0
0.0
0.0
0.0
0.0
0.0
0.0
0.0
0.0
0.0
0.0
0.0
0.0
0.0
0.0
0.0
0.0
0.0
0.0
0.0
0.0
0.0
0.0
0.0
0.0
0.0
0.0
0.0
0.0
0.0
0.0
0.0
0.0
0.0
0.0
0.0
0.0
0.0
0.0
0.0
0.0
0.0
0.0
0.0
0.0
0.0
0.0
0.0
0.0
0.0
0.0
0.0
0.0
0.0
0.0
0.0
0.0
0.0
0.0
0.0
0.00452070311341
0.000307385305396
0.000609141695639
0.0
0.0
0.0
0.0
0.0
0.0
0.0
0.0
0.0
0.0
0.0
0.0
0.0
0.0
0.0
0.0
0.0
0.0
0.0
0.0
0.0
0.0
0.0
0.0
0.0
0.0
0.0
0.0
0.0
0.0
0.0
0.0
0.0
0.0
0.0
0.0
0.0
0.0
0.0
0.0
0.0740052547271
0.0337189407034
0.0286590010679
0.0204598000758
0.00702172945363
0.0
0.0
0.0
0.0
0.0
0.0
0.0
0.0
0.0
0.0
0.0
0.114852806372
0.0758199245557
-0.137546007458
0.0307136994182
0.0470057989084
0.0
0.0
0.0
0.0282028312765
0.0122743063019
0.0134622053839
0.0223712950357
0.0
0.0
0.0
0.0
-0.00152289721611
-0.00184687759495
-0.00169293554819
-0.00201542312051
0.0
0.0
0.0
0.0
0.0
0.0
0.0
0.0
0.0
0.0
0.0
0.0
0.0
0.0
0.0
0.0
0.0
0.0
0.0
0.0
-0.00289918583901
0.0149918565023
0.0041533727273
-0.000104961282007
0.0
0.0
0.0
0.0
0.0
0.0
0.0
0.0
-0.00194226974379
0.0
0.0
0.0
0.0
0.0
0.0
0.0
0.0
0.0
0.0
0.0
0.0
0.0
0.0
0.0
0.0
0.0
0.0
0.0
0.0
0.0
0.0
0.0
0.0
0.0
0.0
0.0
0.0
0.0
0.0
0.0
0.0
0.0
0.0
0.0
0.0
0.0
0.0
0.0
0.0
0.0
0.0
0.0
-0.00102667161895
-0.00909189417555
-0.00772289928928
0.00200946203823
-0.00076897947842
-0.0385484050602
-0.0385484050602
-0.0385484050602
-0.00435708068798
-0.00988117099889
-0.120151887236
-0.130046410285
-0.0136750226794
0.0
0.0
0.0
-0.00121932738255
0.0445844788161
-0.000550928817055
-4.16888627125e-05
0.0
0.0
0.0
0.0
-0.00471047651028
-0.00797856994962
-0.00454969605362
-0.0176071051433
0.0
0.0
0.0
0.0
-0.0156709927965
-0.0174460692388
-0.125862843302
-0.126126700345
-0.00431598209066
0.0281775154426
0.0281775154426
0.0281775154426
-0.00176677779892
-0.000334066465279
0.0506888061405
0.000120483009865
0.0
0.0
0.0
0.0
-0.0101178309403
0.0560854934698
0.0776561717001
-0.0063095966744
0.0
0.0
0.0
0.0
-0.00558405097759
-0.0116893076393
0.0389074914586
0.0
0.0
0.0
0.0
0.0
-0.00364259513186
-0.123083620421
-0.00572430086842
0.0
0.0
0.0
0.0
0.0
0.00129567019362
-3.64810699559e-05
0.0
0.0
0.0
0.0
0.0
0.0
-0.000645942482706
0.000306863704542
-0.000904631896935
-0.00299255460881
-0.00299255460881
-0.00299255460881
-0.00299255460881
-0.00299255460881
-0.00359053850303
-0.0892090759427
-0.00507119260889
-0.126339652488
-0.126339652488
-0.126339652488
-0.126339652488
-0.126339652488
-0.000993033279007
0.041355776776
-0.00100607885852
0.0561476454095
0.0561476454095
0.0561476454095
0.0561476454095
0.0561476454095
-0.00406591177257
-0.00857714634616
0.07672500227
0.07672500227
0.07672500227
0.07672500227
0.07672500227
0.07672500227
-0.00439776617415
-0.01358230765
-0.126339652488
-0.126339652488
-0.126339652488
-0.126339652488
-0.126339652488
-0.126339652488
-9.07065366618e-05
-0.000482001059715
0.0561476454095
0.0561476454095
0.0561476454095
0.0561476454095
0.0561476454095
0.0561476454095
-0.00582155588526
0.0835282851767
0.0835282851767
0.0835282851767
0.0835282851767
0.0835282851767
0.0835282851767
0.0835282851767
-0.00461527373172
0.07672500227
0.07672500227
0.07672500227
0.07672500227
0.07672500227
0.07672500227
0.07672500227
-0.00285698220105
-0.1283583563
-0.1283583563
-0.1283583563
-0.1283583563
-0.1283583563
-0.1283583563
-0.1283583563
0.00187796773648
0.0561476454095
0.0561476454095
0.0561476454095
0.0561476454095
0.0561476454095
0.0561476454095
0.0561476454095
-0.00831615023915
-0.00831615023915
-0.00831615023915
-0.00831615023915
-0.00849557655521
-0.00808597329477
-0.00831615023915
-0.00831615023915
0.0110880919597
0.0110880919597
0.0110880919597
0.0110880919597
0.0110880919597
0.00985776087447
0.0110880919597
0.0110880919597
-0.0174868039722
-0.0174868039722
-0.0174868039722
-0.0174868039722
-0.0174868039722
-0.0174868039722
-0.0174868039722
-0.0174868039722
0.0174020949154
0.0169043746919
0.0174020949154
0.0174020949154
0.0174020949154
0.0119854976433
0.0174020949154
0.0174020949154
0.0110880919597
0.0110880919597
0.0110880919597
0.0110880919597
0.0110880919597
0.0110522515357
0.0110880919597
0.0110880919597
-0.0174868039722
-0.0174868039722
-0.0174868039722
-0.0174868039722
-0.0174868039722
-0.0174868039722
-0.0174868039722
-0.0174868039722
0.0113150934725
0.0151520614457
0.0151520614457
0.0151520614457
0.0151520614457
0.00395768845254
0.0151520614457
0.0151520614457
0.0176959600933
0.0174020949154
0.0174020949154
0.0174020949154
0.0174020949154
0.0173782824838
0.0174020949154
0.0174020949154
0.011521571951
0.011521571951
0.011521571951
0.011521571951
0.011521571951
0.011521571951
0.011521571951
0.011521571951
-0.0174868039722
-0.0174868039722
-0.0174868039722
-0.0174868039722
-0.0174868039722
-0.0174868039722
-0.0174868039722
-0.0174868039722
0.0
0.0
0.0
0.0658906615911
0.0
0.0
0.0
0.0
0.0
0.0
0.0
0.0658906615911
0.0
0.0
0.0
0.0
0.0
0.0
0.0
0.0
0.0
0.0
0.0
0.0
0.0
0.0
0.0
0.0
0.0
0.0
0.0
0.0
0.0
0.0
0.0
0.0658906615911
0.0
0.0
0.0
0.0
0.0
0.0
0.0
0.0
0.0
0.0
0.0
0.0
0.0
0.0
0.0
0.0
0.0
0.0
0.0
0.0
0.0
0.0
0.0
0.0
0.0
0.0
0.0
0.0
0.0
0.0
0.0
0.0
0.0
0.0
0.0
0.0
0.0
0.0
0.0
0.0
0.0
0.0
0.0
0.0
0.0
0.0
0.0
0.0658906615911
0.0
0.0
0.0
0.0
-0.00165280654027
-0.00299578190309
-0.00330228034666
-0.00153284611225
-0.0013775661919
-0.000247365388985
-0.000215190102309
0.0
0.0
-0.00738447907554
-0.00738447907554
0.0
0.0
0.0
0.0
-0.00738447907554
0.0
0.0
0.0
-0.000890700738212
0.0
0.0
0.0
0.00109776537274
0.0
0.0
0.0
-0.000890700738212
0.0
0.0
0.0
0.00109776537274
0.0
0.0
0.0
-9.77693745104e-05
0.0
0.0
0.0
-0.000417428394675
0.0
0.0
0.0
-9.77693745104e-05
0.0
0.0
0.0
-0.000506939871844
0.0
0.0
0.0
-9.77693745104e-05
0.0
0.0
0.0
-0.000421112234339
0.0
0.0
0.0
-0.000459000922842
0.0
0.0
0.0
-0.000586738535436
-3.64810699559e-05
0.0
0.0
-9.77693745104e-05
0.0
0.0
0.0
-0.000422340180893
-3.64810699559e-05
0.00129567019362
0.0
-0.000148526307487
0.0
0.0
0.0
-0.000528365734993
-0.00182428730058
0.00129567019362
0.0
-9.77693745104e-05
0.0
0.0
0.0
-0.000425734023239
-4.16888627125e-05
-0.000506343783537
-0.000457812763979
-0.0004856743052
0.0
0.0
0.0
-0.000546649363
0.000180264522692
-0.000920902309486
-0.000457812763979
-0.000347457727166
0.0
0.0
0.0
-0.000537412180625
0.0
-0.000227429925225
0.00262795616855
-0.00036471328895
0.0
0.0
0.0
-0.000880017148329
-0.00572430086842
-0.000367760491868
0.00187796773648
-0.000437133990671
-0.000780440179552
0.0
0.0
-0.000478676002922
-0.00572430086842
-0.00365562529612
0.0
-0.000259747506414
-0.000780440179552
-0.000734639182282
0.0
-0.00121778447303
-0.00931542925053
-0.00365562529612
0.0
-0.000721843277188
-0.000660411466821
-0.000734639182282
0.0
-0.00131808719447
-0.00906893468263
-0.00429054644199
-0.0131053555892
-0.000564779288117
0.0
-0.000748838434604
-0.000322201237859
-0.0010890718933
0.0
-0.00335754933503
-0.0131053555892
-0.00431333999215
0.0
-0.000648099194089
-0.000322201237859
-0.000640867527719
0.0
-0.00286547206037
-0.0136750226794
-0.00431598209066
0.0
0.0
0.0
-0.00076897947842
-0.0116730170806
-0.00286547206037
0.0
-0.00357985805713
-0.00459895917174
0.0
0.0
0.0
-0.0116928036968
-0.00557790443083
0.000936072808265
-0.00390589780779
-0.0046059408938
-0.00288390089208
0.0
0.0
-0.0081963190226
-0.00557790443083
-0.000657979502335
-0.000298046553458
-0.000257254866407
-0.00288390089208
0.0
0.0
0.0
-0.00481081207146
-0.00687949172495
0.0
0.0
0.0
0.0
0.0
0.0
-0.00310613267316
-0.00685010396138
-0.00792450299156
0.0
0.0
0.0
0.0
-0.00124479358101
0.0
0.0
-0.00792450299156
0.0
0.0
0.0
0.0
-0.00641692079907
0.0
-0.000440224380618
0.0
0.0
0.0
0.0
0.0
-0.0063095966744
-0.0101418143063
-0.000440224380618
0.0
0.0
0.0
0.0
0.0
0.0
-0.0101418143063
0.0
0.0
0.0
0.0
0.0
0.0
-0.00062101095418
-0.000771677283054
0.0
0.0
0.0
0.0
0.0
0.0
-0.00062101095418
0.0
0.0
0.0
0.0
0.0
0.0
0.0
-0.000486907602942
0.0
0.0
0.0
0.0
0.0
0.0
0.0
0.0
0.0
0.0
0.0
0.0
0.0
0.0
0.0
0.0
0.0
0.0
0.0
0.0
0.0
0.0
0.0
0.0
0.0
0.0
0.0
0.0
0.0
0.0
0.0
0.0
0.0
0.0
0.0
0.0
0.0
0.0
0.0
0.0
0.000307385305396
0.00452070311341
0.080646812508
0.0805241701794
0.0139740288725
0.00452070311341
0.0139740288725
0.0
0.0
0.0
0.0
0.0
0.0
0.0
0.0
0.0
0.0
0.0
-0.00117283843659
0.0
0.0
0.0
-0.00194068812095
-0.00253781930627
-0.00253781930627
0.0
0.0
0.0
0.0
0.0
0.0
