-0.00395379467305
-0.00367909924444
0.0116945631108
-0.00950622543899
0.00710094892533
0.00533741352307
0.00319828075673
0.00168314184268
2.11758236814e-22
-1.32348898008e-23
0.0
0.0
0.0
0.0
0.0
0.0
0.0
0.0
0.0
0.0
0.0
0.0
0.0
0.0
0.001509359289
0.00199930009648
0.0
0.0
0.0
0.0
0.0
0.0
0.0
0.0
0.0
0.0
0.0
0.0
0.0
0.0
0.0
0.0
0.0
0.0
0.001509359289
0.00199930009648
0.00251928906846
0.00197823633967
0.0
0.0
0.0
-0.0440693957824
0.0
0.0
0.0
0.0
0.0
0.0
0.0
0.0
0.0
0.0
0.0
0.0
0.0
0.0
0.0
0.0
0.0
0.0
0.0
0.0
0.0
0.0
0.0
0.0
0.0
0.0
0.0
0.0
0.0
0.0
0.0
0.0
0.0
0.0
0.0
0.0
0.0
0.0
0.0
0.0
0.0
0.0
0.0
0.0
0.0
0.0
0.0
0.0
0.0
0.0
0.0
0.0
0.0102467048293
0.0
0.0
0.0
0.0
0.0
0.0
0.0
0.0
0.0
0.0
0.0
0.0
0.0
0.0
0.0
0.0
0.0
0.0
0.0
0.0
0.0
0.0
0.0
0.00434525719267
0.00451540832451
0.0
0.0
0.0
0.0
0.0
0.0
0.0
0.0
0.0
0.0
0.0
0.0
0.0
0.0
-0.0010088895511
0.0
0.0
0.0
0.0
0.0
0.0
0.0
0.0
0.0
-0.0323688229163
0.0
-0.0330271767057
-0.0106305621249
0.0
0.0
0.0
0.0
0.0
0.0
0.0
0.0
0.0
0.0
-0.0312541143587
-0.0105896926824
-0.0330559833956
0.0
-0.0319462183431
0.0
0.0
0.0
0.0
0.0
0.0
0.0
0.0
0.0
0.0
0.0
-0.0326162890421
0.0
-0.032535983916
-0.0106668370594
-0.0335043803071
0.0
0.0
0.0
0.0
0.0
0.0
0.0
0.0
0.0
0.0
0.0
-0.0430020409105
-0.0147176645534
0.0
0.0
0.0
0.0
0.0
0.0
0.0
0.0
0.0
0.0
0.0
0.0
0.0
0.0
0.0
0.0
0.0
0.0
0.0
-0.00026282471097
-0.0181759258195
-0.0150052954762
0.0
0.0
0.0
0.0
0.0
0.0
0.0
0.0
0.0
0.0
0.0102467048293
0.0
0.0
0.0
0.0
0.0
-0.0578843554111
0.00887695373679
0.00897233564672
-0.0822827559159
0.0104008464064
0.00194015137925
0.0
0.000265398872908
0.00225138215289
0.0
0.0
0.0
0.0
0.0
0.0
0.0
0.0
0.0
0.0
0.0
0.0
0.0
0.0
0.0
-0.0631718046745
-0.0542442728186
-0.0657388421252
-0.0542932265509
-0.0527239029836
-0.0441189653589
0.0
0.0
0.0
0.0
0.0
0.0
0.0
0.0
0.0
0.0
0.0200790317817
0.0219931225066
0.0117808412282
0.00181076623422
0.00282889307476
0.0
0.0
0.0
-0.0792631887929
-0.0330559833956
-0.0330271767057
-0.0326162890421
-0.0335043803071
0.0
0.0
0.0
0.0201669416107
0.0149624612986
0.0108823569152
0.013042775663
0.0
0.0
0.0
0.0
0.0
0.0
0.0
0.0
0.0
0.0
0.0
0.0
0.0
0.0
0.0
0.0
0.0
0.0
0.0
0.0
-0.0182273469057
0.00786143359598
0.00285193075513
0.000388177644298
0.0
0.0
0.0
0.0
0.0183739708102
0.0104851483035
-0.0905663769951
-0.0826569421824
0.0048635116876
0.0
0.0
0.0
0.0
0.0
0.0
0.0
0.0
-0.100879540107
0.0102675464051
0.0
0.0
0.0
0.0
0.0
0.0
0.0
0.0
0.0
-0.0430020409105
0.0
0.0
0.0
0.0
0.0
0.0
-0.0147176645534
0.0
0.0
0.0
0.0
0.0
0.0
0.0
0.0
0.0
-0.00209299318927
-0.00173547791549
-0.00112855392138
0.0
0.0
0.0
0.0
0.00148145080122
0.00100186196625
0.000694877016598
0.00065650078124
-0.0140251444009
0.000297144045394
0.000297144045394
0.000297144045394
-0.00113315607582
-0.0584328777746
0.00152147189304
0.00145972838567
-0.0718708968378
0.0
0.0
0.0
-0.00373471334162
0.000700817136622
-0.00669813777555
-0.0233870931558
0.0
0.0
0.0
0.0
0.0101911135338
-0.0153181359898
-0.100264603291
0.00119775397562
0.0
0.0
0.0
0.0
0.0045203600466
0.00232570935088
0.00233911953359
0.00234305786238
-0.0796981835126
9.51496164998e-05
9.51496164998e-05
9.51496164998e-05
0.000878378604099
-0.00679356830648
0.000486858481671
-0.0233870931558
0.0
0.0
0.0
0.0
-0.0586943983488
0.00549984402354
0.0046955035957
-0.0714713351919
0.0
0.0
0.0
0.0
-0.0171125371424
-0.0990609988043
0.000403311082256
0.0
0.0
0.0
0.0
0.0
-0.00769801964793
0.00378117149418
-0.0740961900588
0.0
0.0
0.0
0.0
0.0
-0.00676392311716
-0.0233870931558
0.0
0.0
0.0
0.0
0.0
0.0
0.000778926985705
0.000822610458967
0.00070729864784
0.000626577794749
0.000626577794749
0.000626577794749
0.000626577794749
0.000626577794749
0.0049436489143
0.00530324631445
0.00536274893914
0.00536274893914
0.00536274893914
0.00536274893914
0.00536274893914
0.00536274893914
0.000615628868051
0.000799642126714
0.000762959944219
0.000762959944219
0.000762959944219
0.000762959944219
0.000762959944219
0.000762959944219
0.0122317736246
0.0130341313334
0.0126667413385
0.0126667413385
0.0126667413385
0.0126667413385
0.0126667413385
0.0126667413385
0.00462779116899
0.00539134353804
0.00538680360244
0.00538680360244
0.00538680360244
0.00538680360244
0.00538680360244
0.00538680360244
0.000983272563814
0.000862954605643
0.000862954605643
0.000862954605643
0.000862954605643
0.000862954605643
0.000862954605643
0.000862954605643
0.00843737307185
0.00876459819464
0.00876459819464
0.00876459819464
0.00876459819464
0.00876459819464
0.00876459819464
0.00876459819464
0.00870441834623
0.0094180503957
0.0094180503957
0.0094180503957
0.0094180503957
0.0094180503957
0.0094180503957
0.0094180503957
0.00378117149418
0.00416197916087
0.00416197916087
0.00416197916087
0.00416197916087
0.00416197916087
0.00416197916087
0.00416197916087
0.000521933695921
0.000675867762523
0.000675867762523
0.000675867762523
0.000675867762523
0.000675867762523
0.000675867762523
0.000675867762523
0.00120495915688
0.00120495915688
0.00120495915688
0.00120495915688
0.000696501411538
0.000665976060933
0.000626577794749
0.000626577794749
0.00255086156644
0.00256546333264
0.00256546333264
0.00256546333264
0.00266749113366
0.00518372819483
0.00536274893914
0.00536274893914
0.000375376956023
0.000375376956023
0.000375376956023
0.000375376956023
0.000477049752209
0.000661287148033
0.000762959944219
0.000762959944219
0.00656183366481
0.00649119478235
0.00658117791568
0.00658117791568
0.00759221554049
0.0120153732014
0.0126667413385
0.0126667413385
0.00216536883145
0.00216536883145
0.00216536883145
0.00216536883145
0.00255911874795
0.00498585487351
0.00538680360244
0.00538680360244
0.000367741519919
0.000367741519919
0.000367741519919
0.000367741519919
0.000504462791709
0.000726233333853
0.000862954605643
0.000862954605643
0.0107308401385
0.0109482574719
0.0109479192154
0.0109479192154
0.00984417321101
0.0116662751862
0.00876459819464
0.00876459819464
0.0054953161134
0.00550488771076
0.00550488771076
0.00550488771076
0.00616189441643
0.00867743613027
0.0094180503957
0.0094180503957
0.00163780428579
0.00163780428579
0.00163780428579
0.00163780428579
0.0020198129116
0.00377922130692
0.00416197916087
0.00416197916087
0.00077678838205
0.00077678838205
0.00077678838205
0.00077678838205
0.000793399179528
0.000659256965045
0.000675867762523
0.000675867762523
-0.00287418630474
0.0
0.0
0.0
0.0
0.0
0.0
0.0
-0.00287418630474
0.0
0.0
0.0
0.0
0.0
0.0
0.0
-0.00287418630474
0.0
0.0
0.0
0.0
0.0
0.0
0.0
-0.00287418630474
0.0
0.0
0.0
0.0
0.0
0.0
0.0
-0.00287418630474
0.0
0.0
0.0
0.0
0.0
0.0
0.0
-0.00287418630474
0.0
0.0
0.0
0.0
0.0
0.0
0.0
0.0
0.0
0.0
0.0
0.0
0.0
0.0
0.0
0.0
0.0
0.0
0.0
0.0
0.0
0.0
0.0
0.0
0.0
0.0
0.0
0.0
0.0
0.0
0.0
0.0
0.0
0.0
0.0
0.0
0.0
0.0
0.0
0.0
0.0
0.0
0.0
0.0
0.0
0.0
0.0
0.0119351269657
0.00742627884268
0.00507437974368
0.00210735294216
0.00159149008725
0.000375376956023
0.000378721372521
-0.10203411125
-0.0634275600077
0.00693147139127
0.00770965771937
-0.0637162404963
-0.0634275600077
-0.0634275600077
-0.0635716227385
0.0072960133893
0.0
0.0
0.0
0.000105136543289
0.0
0.0
0.0
0.000225017735257
0.0
0.0
0.0
9.19114183758e-05
0.0
0.0
0.0
0.000259068320834
0.0
0.0
0.0
9.23751391161e-05
0.0
0.0
0.0
0.000247739021489
0.0
0.0
0.0
3.34732222614e-05
0.0
0.0
0.0
0.000143210689017
0.0
0.0
0.0
0.000100096229106
0.0
0.0
0.0
0.000268023097435
0.0
0.0
0.0
9.19114183758e-05
0.0
0.0
0.0
0.00019126623171
0.000352422540565
0.0
0.0
7.95714487969e-05
0.0
0.0
0.0
0.000278227613813
0.000352422540565
-0.0269715723815
0.0
9.9850725179e-06
0.0
0.0
0.0
0.00026389303574
0.000486858481671
-0.0269715723815
0.0
0.000102660821192
0.0
0.0
0.0
0.000663310720494
0.00059857083146
0.00077678838205
0.000615645854192
9.45932287913e-05
0.0
0.0
0.0
0.000845086453025
0.000521933695921
0.000354239075632
0.000615645854192
-0.0252488363872
0.0
0.0
0.0
0.000533314622837
0.0
0.000450429197334
0.000611022179986
-0.0252664458231
0.0
0.0
0.0
0.000713717205135
0.00395574127675
0.000285394489462
0.000466217855276
0.00042621461014
0.000270723617059
0.0
0.0
0.00080002623175
0.00395574127675
-0.0798561725772
0.0
0.0005005368946
0.000270723617059
-0.0269715723815
0.0
0.000440953401907
0.0041083238405
-0.0798561725772
0.0
0.00030863169401
0.000392540071879
-0.0269715723815
0.0
0.000307556184875
0.00354367936955
0.00163780428579
0.00221165456742
0.000361757379108
0.0
0.000375376956023
0.000378721372521
0.00042107689082
0.0
0.00162865225385
0.00221165456742
-0.080307416466
0.0
0.000288768416038
0.000378721372521
-0.0352999818205
0.0
0.000809465387095
0.00316937889163
-0.080307416466
0.0
0.0
0.0
-0.0352999818205
0.00644746796635
0.000809465387095
0.0
0.002089049348
0.00157967187466
0.0
0.0
0.0
0.00645261622429
-0.113585343504
0.000247046432964
0.000798345517542
0.00158267138404
-0.080307416466
0.0
0.0
0.00909953863607
-0.113585343504
0.000548355800458
0.000156289857352
9.70813614256e-05
-0.080307416466
0.0
0.0
0.0
0.00542645699229
0.0046757011998
0.0
0.0
0.0
0.0
0.0
0.0
0.00186840902937
0.00465112032359
-0.113395236076
0.0
0.0
0.0
0.0
0.000730054450698
0.0
0.0
-0.113395236076
0.0
0.0
0.0
0.0
0.0060363984666
0.0
0.000647690328826
0.0
0.0
0.0
0.0
0.0
0.00599290323152
-0.112794008945
0.000647690328826
0.0
0.0
0.0
0.0
0.0
0.0
-0.112794008945
0.0
0.0
0.0
0.0
0.0
0.0
0.000403027437537
0.000534663138537
0.0
0.0
0.0
0.0
0.0
0.0
0.000403027437537
0.0
0.0
0.0
0.0
0.0
0.0
0.0
0.000470218739065
0.0
0.0
0.0
0.0
0.0
0.0
0.0
0.0
0.0
0.0
0.0
0.0
0.0
0.0
0.0
0.0
0.0
0.0
0.0
0.0
0.0
0.0
0.0
0.0
0.0
0.0
0.0
0.0
0.0
0.0
0.0
0.0
0.0
0.0
0.0
0.0
0.0
0.0
0.0
0.0
-0.0021221771554
-0.00026282471097
0.0226841034873
0.0226841034873
-0.114092260428
-0.00026282471097
-0.114092260428
0.0
0.0
0.0
0.0
0.0
0.0
0.0
0.0
0.0
-0.107158988455
0.00971149103695
0.0129481588832
0.00971149103695
0.0175147465814
-0.0716067139427
0.011975593005
-0.00610425888706
-0.00610425888706
0.00971149103695
0.0
-0.0577919857606
-0.0577919857606
-0.0577919857606
-0.0577919857606
0.00395379467305
0.0082145417527
0.000363500049383
0.010166295502
0.00695875101572
0.00438725799586
0.00296763075448
0.00255374071673
-0.0430020409105
-0.0430020409105
-0.0430020409105
-0.0430020409105
-0.0430020409105
-0.0430020409105
-0.0430020409105
-0.0430020409105
0.0
0.0
0.0
0.0
0.0
0.0
0.0
0.0
0.00238790223384
0.00174725488282
0.0
0.0
0.0
0.0
0.0
0.0
0.0
0.0
0.0
0.0
0.0
0.0
0.0
0.0
0.0
0.0
0.0
0.0
0.00238790223384
0.00174725488282
0.0024522605612
0.0011529607192
0.0
0.0
-0.0430020409105
0.0
0.0
0.0
0.0
0.0
0.0
0.0
0.0
0.0
0.0
0.0
0.0
0.0
0.0
0.0
0.0
0.0
0.0
0.0
0.0
0.0
0.0
0.0
0.0
0.0
0.0
0.0
0.0
0.0
0.0
0.0
0.0
0.0
0.0
0.0
0.0
0.0
0.0
0.0
0.0
0.0
0.0
0.0
0.0
0.0
0.0
0.0
0.0
0.0
0.0
0.0
0.0
0.0
0.0
-0.100984771639
-0.100984771639
0.0
0.0
0.0
0.0
0.0
0.0
0.0
0.0
0.0
0.0
0.0
0.0
0.0
0.0
0.0
0.0
0.0
0.0
0.0
0.0
0.0
0.00734724807789
0.00696156699054
0.0
0.0
0.0
0.0
0.0
0.0
0.0
0.0
0.0
0.0
0.0
0.0
0.0
0.0
-0.106760380999
0.0
0.0
0.0
0.0
0.0
0.0
0.0
0.0
0.0
0.0
0.0
0.0
0.0
0.0
0.0
0.0
0.0
0.0
0.0
0.0
0.0
0.0
0.0
0.0
0.0
0.0
0.0
0.0
0.0
0.0
0.0
0.0
0.0
0.0
0.0
0.0
0.0
0.0
0.0
0.0
0.0
0.0
0.0
0.0
0.0
0.0
0.0
0.0
0.0
0.0
0.0
0.0
0.0
0.0
0.0
0.0
0.0
0.0
0.0
0.0
0.0
0.0
0.0
0.0
0.0
0.0
0.0
0.0
0.0
0.0
0.0
0.0
0.0
0.0
0.0
0.0
-0.0021221771554
-0.00026282471097
-0.00425947227012
0.0
0.0
0.0
0.0
0.0
0.0
0.0
0.0
0.0
0.0
0.0
0.0
-0.100984771639
0.0
0.0
0.0
0.032009375895
0.0169980469264
0.00854312139586
0.0105971774389
0.00191448111753
0.000265398872908
0.000265398872908
0.0
0.00174021460917
0.0
0.0
0.0
0.0
0.0
0.0
0.0
0.0
0.0
0.0
0.0
0.0
0.0
0.0
0.0
-0.06510595715
-0.0604651433427
-0.0604483117812
-0.051227008419
-0.0441544507651
0.0
0.0
0.0
0.0
0.0
0.0
0.0
0.0
0.0
0.0
0.0
-0.090694780104
-0.111084342466
-0.0768896275512
-0.0131882804646
-0.0235703615439
0.0
0.0
0.0
-0.0673800507214
-0.0467104112282
-0.0326162890421
-0.0335043803071
0.0
0.0
0.0
0.0
0.0187311434313
0.0123069167704
0.00945835691334
0.0109161628893
0.0
0.0
0.0
0.0
0.0
0.0
0.0
0.0
0.0
0.0
0.0
0.0
0.0
0.0
0.0
0.0
0.0
0.0
0.0
0.0
0.00849742206097
-0.023135882809
-0.00629207167291
-0.000282339341336
0.0
0.0
0.0
0.0
-0.0644054106324
0.00904997473379
0.0130531067859
0.0048635116876
0.00410373775585
0.0
0.0
0.0
0.0
0.0
0.0
0.0
0.0
0.0102675464051
-0.100879540107
0.0
0.0
0.0
0.0
0.0
0.0
0.0
0.0
0.0
0.0
0.0
0.0
0.0
0.0
0.0
0.0
0.0
0.0
0.0
0.0
0.0
0.0
0.0
0.0
0.0
0.0
-0.00112855392138
0.00253292085153
-4.54195992521e-05
0.0
0.0
0.0
0.0
-0.00636809426244
-0.00942917189585
-0.0153123150259
-0.0267551630743
0.000608501260996
-0.0247718706207
-0.0247718706207
-0.0247718706207
0.00519233670512
0.00500058634263
-0.0750458140498
-0.0718708968378
0.00145972838567
0.0
0.0
0.0
0.000981678679545
-0.0204980332058
0.000410572372816
0.000599768751268
0.0
0.0
0.0
0.0
0.0131627700484
0.00519637573661
0.00918163497943
-0.0293149320214
0.0
0.0
0.0
0.0
0.00452377149606
-0.00787577665096
-0.0800079499547
-0.0801544724064
0.00234162814234
-0.00967583360472
-0.00967583360472
-0.00967583360472
0.00108589120389
0.000738461461233
-0.0233870931558
0.000486858481671
0.0
0.0
0.0
0.0
0.0097340002853
-0.0868571041053
-0.0728158813135
0.00466766140996
0.0
0.0
0.0
0.0
0.00746071216626
0.00855892224802
-0.020432223331
0.0
0.0
0.0
0.0
0.0
0.00432380045826
-0.0740961900588
0.00378117149418
0.0
0.0
0.0
0.0
0.0
0.000532598779011
0.000521933695921
0.0
0.0
0.0
0.0
0.0
0.0
0.00087997875442
0.00064212851119
0.000455880253441
-0.0352999818205
-0.0352999818205
-0.0352999818205
-0.0352999818205
-0.0352999818205
0.00486922885301
-0.0565887281786
0.00214624185412
-0.080307416466
-0.080307416466
-0.080307416466
-0.080307416466
-0.080307416466
0.000854837513641
-0.0188703784814
0.000367741519919
-0.0269715723815
-0.0269715723815
-0.0269715723815
-0.0269715723815
-0.0269715723815
0.0100385082967
0.00550306682081
-0.113395236076
-0.113395236076
-0.113395236076
-0.113395236076
-0.113395236076
-0.113395236076
0.00449219585983
0.00163780428579
-0.080307416466
-0.080307416466
-0.080307416466
-0.080307416466
-0.080307416466
-0.080307416466
0.000779668691113
0.00077678838205
-0.0269715723815
-0.0269715723815
-0.0269715723815
-0.0269715723815
-0.0269715723815
-0.0269715723815
0.00670479431395
-0.112794008945
-0.112794008945
-0.112794008945
-0.112794008945
-0.112794008945
-0.112794008945
-0.112794008945
0.00646629760495
-0.113585343504
-0.113585343504
-0.113585343504
-0.113585343504
-0.113585343504
-0.113585343504
-0.113585343504
0.00395574127675
-0.0798561725772
-0.0798561725772
-0.0798561725772
-0.0798561725772
-0.0798561725772
-0.0798561725772
-0.0798561725772
0.000352422540565
-0.0269715723815
-0.0269715723815
-0.0269715723815
-0.0269715723815
-0.0269715723815
-0.0269715723815
-0.0269715723815
0.00461821596192
0.00461821596192
0.00461821596192
0.00461821596192
0.00443602170409
0.004495720712
0.00461821596192
0.00461821596192
0.012177345088
0.012177345088
0.012177345088
0.012177345088
0.012177345088
0.0116135448134
0.012177345088
0.012177345088
0.00335894470835
0.00335894470835
0.00335894470835
0.00335894470835
0.00335894470835
0.00335894470835
0.00335894470835
0.00335894470835
0.0223124870718
0.0219855732472
0.0223124870718
0.0223124870718
0.0223124870718
0.0219481387189
0.0223124870718
0.0223124870718
0.012177345088
0.012177345088
0.012177345088
0.012177345088
0.012177345088
0.0121718548283
0.012177345088
0.012177345088
0.00335894470835
0.00335894470835
0.00335894470835
0.00335894470835
0.00335894470835
0.00335894470835
0.00335894470835
0.00335894470835
0.0202187566922
0.0223656290147
0.0223656290147
0.0223656290147
0.0223656290147
0.0227411339315
0.0223656290147
0.0223656290147
0.0222239759399
0.0223381867391
0.0223381867391
0.0223381867391
0.0223381867391
0.0223381867391
0.0223381867391
0.0223381867391
0.0121187477495
0.0121187477495
0.0121187477495
0.0121187477495
0.0121187477495
0.0121187477495
0.0121187477495
0.0121187477495
0.00335894470835
0.00335894470835
0.00335894470835
0.00335894470835
0.00335894470835
0.00335894470835
0.00335894470835
0.00335894470835
0.0
0.0
0.0
-0.0430020409105
0.0
0.0
0.0
0.0
0.0
0.0
0.0
-0.0430020409105
0.0
0.0
0.0
0.0
0.0
0.0
0.0
0.0
0.0
0.0
0.0
0.0
0.0
0.0
0.0
0.0
0.0
0.0
0.0
0.0
0.0
0.0
0.0
-0.0430020409105
0.0
0.0
0.0
0.0
0.0
0.0
0.0
0.0
0.0
0.0
0.0
0.0
0.0
0.0
0.0
0.0
0.0
0.0
0.0
0.0
0.0
0.0
0.0
0.0
0.0
0.0
0.0
0.0
0.0
0.0
0.0
0.0
0.0
0.0
0.0
0.0
0.0
0.0
0.0
0.0
0.0
0.0
0.0
0.0
0.0
0.0
0.0
-0.0430020409105
0.0
0.0
0.0
0.0
0.00777514365131
0.0101247878321
0.00980581413887
0.00442998013659
0.00438314114914
0.000793676199737
0.000662337481101
0.00608690059451
0.0175386796512
0.011975593005
0.011975593005
0.0175147465814
0.0175147465814
0.0175147465814
0.0175147465814
0.011975593005
0.0
0.0
0.0
9.51496164998e-05
0.0
0.0
0.0
0.000297144045394
0.0
0.0
0.0
9.51496164998e-05
0.0
0.0
0.0
0.000297144045394
0.0
0.0
0.0
0.000105136543289
0.0
0.0
0.0
0.000225017735257
0.0
0.0
0.0
9.19114183758e-05
0.0
0.0
0.0
0.000259068320834
0.0
0.0
0.0
9.23751391161e-05
0.0
0.0
0.0
0.000247739021489
0.0
0.0
0.0
3.34732222614e-05
0.0
0.0
0.0
0.000143210689017
0.000521933695921
0.0
0.0
0.000100096229106
0.0
0.0
0.0
0.000268023097435
0.000521933695921
0.000532598779011
0.0
9.19114183758e-05
0.0
0.0
0.0
0.00019126623171
0.000729420993883
0.000532598779011
0.0
7.95714487969e-05
0.0
0.0
0.0
0.000278227613813
0.000599768751268
0.000657943410422
0.000660993007983
9.9850725179e-06
0.0
0.0
0.0
0.00026389303574
0.000533912133692
0.000752361472563
0.000660993007983
0.000727083013872
0.0
0.0
0.0
0.000663310720494
0.0
0.000697174602612
0.000161046548048
0.000724230277444
0.0
0.0
0.0
0.000845086453025
0.00378117149418
0.000478961188327
0.000352422540565
0.000607079974334
0.000305265254966
0.0
0.0
0.000533314622837
0.00378117149418
0.00432380045826
0.0
0.00047498558485
0.000305265254966
0.000338547303519
0.0
0.000713717205135
0.00504923203089
0.00432380045826
0.0
0.00049277984972
0.000409548109388
0.000338547303519
0.0
0.00080002623175
0.00501348271144
0.00451943638518
0.00147000845576
0.000479512084019
0.0
0.000441505245257
0.000261489203334
0.000440953401907
0.0
0.00399799075953
0.00147000845576
0.0023358016607
0.0
0.00020527356275
0.000261489203334
0.000512161831828
0.0
0.00177341300511
0.00145972838567
0.00234162814234
0.0
0.0
0.0
0.000608501260996
0.00854862187501
0.00177341300511
0.0
0.00324620412554
0.00193395362913
0.0
0.0
0.0
0.00855566683284
0.00746536159025
1.55854121295e-05
0.000839622044113
0.0019402081968
0.00181803317196
0.0
0.0
0.0116293498296
0.00746536159025
0.000575299327778
0.000247046432964
0.000156289857352
0.00181803317196
0.0
0.0
0.0
0.0102840917182
0.00509167511596
0.0
0.0
0.0
0.0
0.0
0.0
0.00463697313183
0.00505913056363
0.0051370491747
0.0
0.0
0.0
0.0
0.00103072560352
0.0
0.0
0.0051370491747
0.0
0.0
0.0
0.0
0.00477991732457
0.0
0.000534663138537
0.0
0.0
0.0
0.0
0.0
0.00466766140996
0.00974322166917
0.000534663138537
0.0
0.0
0.0
0.0
0.0
0.0
0.00974322166917
0.0
0.0
0.0
0.0
0.0
0.0
0.000528658265286
0.000470218739065
0.0
0.0
0.0
0.0
0.0
0.0
0.000528658265286
0.0
0.0
0.0
0.0
0.0
0.0
0.0
0.000607572290524
0.0
0.0
0.0
0.0
0.0
0.0
0.0
0.0
0.0
0.0
0.0
0.0
0.0
0.0
0.0
0.0
0.0
0.0
0.0
0.0
0.0
0.0
0.0
0.0
0.0
0.0
0.0
0.0
0.0
0.0
0.0
0.0
0.0
0.0
0.0
0.0
0.0
0.0
0.0
0.0
-0.00026282471097
-0.0021221771554
-0.114092260428
-0.114049081658
0.0226841034873
-0.0021221771554
0.0226841034873
0.0
0.0
0.0
0.0
0.0
0.0
0.0
0.0
0.0
0.00584405031886
-0.0716067139427
0.0150100492806
-0.0716067139427
-0.0637162404963
0.00971149103695
0.00770965771937
0.00961158465538
0.00961158465538
-0.0716067139427
0.0
0.0162734243436
0.0162734243436
0.0162734243436
0.0162734243436
