-0.00648971052392
-0.0179061634208
0.0187258576739
-0.00728336747001
0.00625995787335
0.0035328366593
0.00163336098386
0.000735142146925
0.0
0.0
0.0
0.0
0.0
0.0
0.0
0.0
0.0
0.0
0.0
0.0
0.0
0.0
0.0
0.0
-0.00033111476482
0.00102590812036
0.0
0.0
0.0
0.0
0.0
0.0
0.0
0.0
0.0
0.0
0.0
0.0
0.0
0.0
0.0
0.0
0.0
0.0
-0.00033111476482
0.00102590812036
0.00129169861421
0.000682124021514
0.0
0.0
0.0
-0.0150689798822
0.0
0.0
0.0
0.0
0.0
0.0
0.0
0.0
0.0
0.0
0.0
0.0
0.0
0.0
0.0
0.0
0.0
0.0
0.0
0.0
0.0
0.0
0.0
0.0
0.0
0.0
0.0
0.0
0.0
0.0
0.0
0.0
0.0
0.0
0.0
0.0
0.0
0.0
0.0
0.0
0.0
0.0
0.0
0.0
0.0
0.0
0.0
0.0
0.0
0.0
0.0
0.0
0.0132042312449
0.0
0.0
0.0
0.0
0.0
0.0
0.0
0.0
0.0
0.0
0.0
0.0
0.0
0.0
0.0
0.0
0.0
0.0
0.0
0.0
0.0
0.0
0.0
0.0032446735312
0.00346116994328
0.0
0.0
0.0
0.0
0.0
0.0
0.0
0.0
0.0
0.0
0.0
0.0
0.0
0.0
-0.000964033890846
0.0
0.0
0.0
0.0
0.0
0.0
0.0
0.0
0.0
-0.0143399187507
0.0
-0.0141327035655
-5.02866616528e-05
0.0
0.0
0.0
0.0
0.0
0.0
0.0
0.0
0.0
0.0
-0.0139331667333
-5.12939233669e-05
-0.0144524211381
0.0
-0.013892905388
0.0
0.0
0.0
0.0
0.0
0.0
0.0
0.0
0.0
0.0
0.0
-0.0142423837711
0.0
-0.0143560720625
-5.74136592785e-05
-0.0144863061788
0.0
0.0
0.0
0.0
0.0
0.0
0.0
0.0
0.0
0.0
0.0
-0.0149506946571
-0.000118285225092
0.0
0.0
0.0
0.0
0.0
0.0
0.0
0.0
0.0
0.0
0.0
0.0
0.0
0.0
0.0
0.0
0.0
0.0
0.0
-4.13104331132e-06
-0.00017569888437
-0.00010158058502
0.0
0.0
0.0
0.0
0.0
0.0
0.0
0.0
0.0
0.0
0.0132042312449
0.0
0.0
0.0
0.0
0.0
-0.119315953284
0.0087568793399
0.00940944367089
-0.123462314614
0.0135566064899
0.000522033938255
0.0
-2.14759016791e-05
0.000655537613525
0.0
0.0
0.0
0.0
0.0
0.0
0.0
0.0
0.0
0.0
0.0
0.0
0.0
0.0
0.0
-0.0479534814964
-0.029455914887
-0.0379085699774
-0.0258987781939
-0.0196685722417
-0.0131239321422
0.0
0.0
0.0
0.0
0.0
0.0
0.0
0.0
0.0
0.0
0.0265841388412
0.0270598516683
0.0039693822085
3.0162102289e-05
6.89458643355e-05
0.0
0.0
0.0
-0.071648456476
-0.0144524211381
-0.0141327035655
-0.0142423837711
-0.0144863061788
0.0
0.0
0.0
0.0284917662852
0.0202316209576
0.0106884530129
0.0108336312355
0.0
0.0
0.0
0.0
0.0
0.0
0.0
0.0
0.0
0.0
0.0
0.0
0.0
0.0
0.0
0.0
0.0
0.0
0.0
0.0
-0.0149812633187
0.00946064274027
0.00141349830299
2.8475750976e-05
0.0
0.0
0.0
0.0
0.0288405985871
0.0111502455108
-0.126792313657
-0.123879300969
0.00367415187767
0.0
0.0
0.0
0.0
0.0
0.0
0.0
0.0
-0.129880989892
0.0132642170664
0.0
0.0
0.0
0.0
0.0
0.0
0.0
0.0
0.0
-0.0149506946571
0.0
0.0
0.0
0.0
0.0
0.0
-0.000118285225092
0.0
0.0
0.0
0.0
0.0
0.0
0.0
0.0
0.0
0.0091704154793
0.0023928400278
0.0059753430661
0.0
0.0
0.0
0.0
-0.000341860704268
-0.000242379577013
-0.000192412141019
-0.000152052431541
-0.000407345220861
-3.23442904267e-05
-3.23442904267e-05
-3.23442904267e-05
-0.00119093561317
-0.0155538241088
-0.000222379922957
-0.000217484864564
-0.0131319580513
0.0
0.0
0.0
-1.78975756877e-05
3.17376226283e-05
-6.16371326377e-05
-0.000274696545504
0.0
0.0
0.0
0.0
0.00437916077378
-0.00319786376227
-0.0905321425317
3.48917338992e-05
0.0
0.0
0.0
0.0
0.000813912140166
-0.00097667958487
-0.000968638763165
-0.000962611690463
-0.0153381051718
-1.76592756943e-06
-1.76592756943e-06
-1.76592756943e-06
0.000107194885099
-5.78039771381e-05
4.25004077923e-05
-0.000274696545504
0.0
0.0
0.0
0.0
-0.05689804073
-0.00104228271076
-0.00113283915829
-0.0558560839365
0.0
0.0
0.0
0.0
-0.0096083748347
-0.0893982438026
2.61809819111e-06
0.0
0.0
0.0
0.0
0.0
-0.000458905250296
0.00152718120946
-0.0133502527845
0.0
0.0
0.0
0.0
0.0
-6.28017068747e-05
-0.000274696545504
0.0
0.0
0.0
0.0
0.0
0.0
5.89241710152e-05
4.15181217575e-05
5.03060022444e-05
1.79617118177e-05
1.79617118177e-05
1.79617118177e-05
1.79617118177e-05
1.79617118177e-05
0.000722467313043
0.000966202401469
0.00225449865995
0.00225449865995
0.00225449865995
0.00225449865995
0.00225449865995
0.00225449865995
6.22338220949e-05
1.92896245068e-05
5.7768629026e-05
5.7768629026e-05
5.7768629026e-05
5.7768629026e-05
5.7768629026e-05
5.7768629026e-05
0.00695612716338
0.0155054121848
0.0151334327667
0.0151334327667
0.0151334327667
0.0151334327667
0.0151334327667
0.0151334327667
0.00047209253617
0.00205407209342
0.00205230616585
0.00205230616585
0.00205230616585
0.00205230616585
0.00205230616585
0.00205230616585
7.0315003359e-05
3.55416965705e-05
3.55416965705e-05
3.55416965705e-05
3.55416965705e-05
3.55416965705e-05
3.55416965705e-05
3.55416965705e-05
0.00272676309595
0.00171748255009
0.00171748255009
0.00171748255009
0.00171748255009
0.00171748255009
0.00171748255009
0.00171748255009
0.00585900992889
0.00713766793864
0.00713766793864
0.00713766793864
0.00713766793864
0.00713766793864
0.00713766793864
0.00713766793864
0.00152718120946
0.00179166682255
0.00179166682255
0.00179166682255
0.00179166682255
0.00179166682255
0.00179166682255
0.00179166682255
3.75026780557e-05
5.26707486627e-05
5.26707486627e-05
5.26707486627e-05
5.26707486627e-05
5.26707486627e-05
5.26707486627e-05
5.26707486627e-05
0.000128520636751
0.000128520636751
0.000128520636751
0.000128520636751
2.42604188566e-06
1.54223053685e-05
1.79617118177e-05
1.79617118177e-05
0.000160206168737
0.000185266116657
0.000185266116657
0.000185266116657
0.000276249075352
0.00207581785524
0.00225449865995
0.00225449865995
-2.91470676593e-05
-2.91470676593e-05
-2.91470676593e-05
-2.91470676593e-05
-4.71265653431e-06
3.3334217901e-05
5.7768629026e-05
5.7768629026e-05
0.00105851909563
0.0009861898487
0.00100799400579
0.00100799400579
0.00370077604274
0.0127817381552
0.0151334327667
0.0151334327667
-0.0012235925116
-0.0012235925116
-0.0012235925116
-0.0012235925116
-0.000710436745342
0.00153796464262
0.00205230616585
0.00205230616585
-3.84790045192e-05
-3.84790045192e-05
-3.84790045192e-05
-3.84790045192e-05
-1.39948935033e-05
1.10575855546e-05
3.55416965705e-05
3.55416965705e-05
0.00928119453479
0.00882524130415
0.00881112860706
0.00881112860706
0.00620942069208
0.00815873682159
0.00171748255009
0.00171748255009
-0.00763607507545
-0.00764391404514
-0.00764391404514
-0.00764391404514
-0.00460193003272
0.00410817328977
0.00713766793864
0.00713766793864
-0.00141203591521
-0.00141203591521
-0.00141203591521
-0.00141203591521
-0.00100702533099
0.00138665623833
0.00179166682255
0.00179166682255
6.61755884402e-05
6.61755884402e-05
6.61755884402e-05
6.61755884402e-05
6.30491007043e-05
5.57972363986e-05
5.26707486627e-05
5.26707486627e-05
-5.75555877058e-05
0.0
0.0
0.0
0.0
0.0
0.0
0.0
-5.75555877058e-05
0.0
0.0
0.0
0.0
0.0
0.0
0.0
-5.75555877058e-05
0.0
0.0
0.0
0.0
0.0
0.0
0.0
-5.75555877058e-05
0.0
0.0
0.0
0.0
0.0
0.0
0.0
-5.75555877058e-05
0.0
0.0
0.0
0.0
0.0
0.0
0.0
-5.75555877058e-05
0.0
0.0
0.0
0.0
0.0
0.0
0.0
0.0
0.0
0.0
0.0
0.0
0.0
0.0
0.0
0.0
0.0
0.0
0.0
0.0
0.0
0.0
0.0
0.0
0.0
0.0
0.0
0.0
0.0
0.0
0.0
0.0
0.0
0.0
0.0
0.0
0.0
0.0
0.0
0.0
0.0
0.0
0.0
0.0
0.0
0.0
0.0
0.00236639481042
-0.00847799536152
-0.00657918265904
-0.00128271624771
-0.00117277139676
-2.91470676593e-05
-1.72699395302e-05
-0.129963691805
-0.154007998216
0.00598433331736
0.0059806129528
-0.154109578801
-0.154007998216
-0.154007998216
-0.15405929214
0.00593032629115
0.0
0.0
0.0
-4.74265581841e-06
0.0
0.0
0.0
-0.000113115615522
0.0
0.0
0.0
-4.80295438396e-06
0.0
0.0
0.0
-9.60869724185e-05
0.0
0.0
0.0
-5.86961949259e-06
0.0
0.0
0.0
-0.000112850729841
0.0
0.0
0.0
-4.26136276046e-06
0.0
0.0
0.0
-0.000113405967905
0.0
0.0
0.0
-4.80177760317e-06
0.0
0.0
0.0
-0.000100864746007
0.0
0.0
0.0
-4.80295438396e-06
0.0
0.0
0.0
-0.000117477442566
4.89450715516e-05
0.0
0.0
-5.54654071147e-06
0.0
0.0
0.0
-9.74040859281e-05
4.89450715516e-05
-0.000375000930434
0.0
-6.0270727019e-06
0.0
0.0
0.0
-4.0359709478e-05
4.25004077923e-05
-0.000375000930434
0.0
-4.80121727658e-06
0.0
0.0
0.0
1.42500341592e-05
4.03797805918e-05
6.61755884402e-05
4.63999189633e-05
-4.80239405737e-06
0.0
0.0
0.0
0.000113112385493
3.75026780557e-05
6.89637449572e-05
4.63999189633e-05
-0.000380886401246
0.0
0.0
0.0
-7.48294424059e-06
0.0
6.91180586993e-05
3.80952197544e-05
-0.000378780389378
0.0
0.0
0.0
4.27923558662e-05
0.00178631874385
2.01729871477e-05
2.06461760449e-05
-3.76147984531e-05
-2.3081439906e-05
0.0
0.0
4.90698772082e-05
0.00178631874385
-0.0153363392442
0.0
-2.49204715026e-07
-2.3081439906e-05
-0.000375000930434
0.0
-6.67919744753e-05
0.00179646135209
-0.0153363392442
0.0
-8.86769124845e-06
1.50921280486e-05
-0.000375000930434
0.0
-9.45926707104e-05
0.00125563207009
-0.00141203591521
-0.00082851491901
-3.18226046151e-06
0.0
-2.91470676593e-05
-1.72699395302e-05
-9.71051671925e-05
0.0
-0.000358009835694
-0.00082851491901
-0.0153927410566
0.0
-5.33303439167e-06
-1.72699395302e-05
-0.00144094960394
0.0
-1.35513905603e-05
0.00104173092789
-0.0153927410566
0.0
0.0
0.0
-0.00144094960394
0.00150717186117
-1.35513905603e-05
0.0
-0.0012523922642
-0.00118516936734
0.0
0.0
0.0
0.00151559754315
-0.104648723512
9.5018485865e-06
-0.000203063631376
-0.00119171470404
-0.0153927410566
0.0
0.0
0.0119388738672
-0.104648723512
4.60679019391e-06
-3.10618168609e-06
-6.54533669566e-06
-0.0153927410566
0.0
0.0
0.0
-0.00766481116937
-0.00578266486798
0.0
0.0
0.0
0.0
0.0
0.0
-0.00170803749176
-0.00577776980958
-0.104607403863
0.0
0.0
0.0
0.0
-6.5480110138e-05
0.0
0.0
-0.104607403863
0.0
0.0
0.0
0.0
0.000310008118867
0.0
2.09088742069e-05
0.0
0.0
0.0
0.0
0.0
0.000375488229005
-0.111884117447
2.09088742069e-05
0.0
0.0
0.0
0.0
0.0
0.0
-0.111884117447
0.0
0.0
0.0
0.0
0.0
0.0
-1.54472870181e-05
3.14222251134e-05
0.0
0.0
0.0
0.0
0.0
0.0
-1.54472870181e-05
0.0
0.0
0.0
0.0
0.0
0.0
0.0
1.48523264666e-05
0.0
0.0
0.0
0.0
0.0
0.0
0.0
0.0
0.0
0.0
0.0
0.0
0.0
0.0
0.0
0.0
0.0
0.0
0.0
0.0
0.0
0.0
0.0
0.0
0.0
0.0
0.0
0.0
0.0
0.0
0.0
0.0
0.0
0.0
0.0
0.0
0.0
0.0
0.0
0.0
-5.54162261974e-05
-4.13104331132e-06
0.0296616956088
0.0296616956088
-0.112672704236
-4.13104331132e-06
-0.112672704236
0.0
0.0
0.0
0.0
0.0
0.0
0.0
0.0
0.0
-0.12896227113
0.00966242908269
-0.0264829254898
0.00966242908269
0.0354425588479
-0.121304257886
0.00765801324336
-6.38467917056e-05
-6.38467917056e-05
0.00966242908269
0.0
-0.155445196619
-0.155445196619
-0.155445196619
-0.155445196619
0.00648971052392
0.0243958739447
0.00567001627081
0.0129533837408
0.00669342586747
0.00316058920817
0.00152722822432
0.000792086077392
-0.0149506946571
-0.0149506946571
-0.0149506946571
-0.0149506946571
-0.0149506946571
-0.0149506946571
-0.0149506946571
-0.0149506946571
0.0
0.0
0.0
0.0
0.0
0.0
0.0
0.0
0.00204608666377
0.000221342342072
0.0
0.0
0.0
0.0
0.0
0.0
0.0
0.0
0.0
0.0
0.0
0.0
0.0
0.0
0.0
0.0
0.0
0.0
0.00204608666377
0.000221342342072
0.00117079959052
0.000100047117555
0.0
0.0
-0.0149506946571
0.0
0.0
0.0
0.0
0.0
0.0
0.0
0.0
0.0
0.0
0.0
0.0
0.0
0.0
0.0
0.0
0.0
0.0
0.0
0.0
0.0
0.0
0.0
0.0
0.0
0.0
0.0
0.0
0.0
0.0
0.0
0.0
0.0
0.0
0.0
0.0
0.0
0.0
0.0
0.0
0.0
0.0
0.0
0.0
0.0
0.0
0.0
0.0
0.0
0.0
0.0
0.0
0.0
0.0
-0.12992630502
-0.12992630502
0.0
0.0
0.0
0.0
0.0
0.0
0.0
0.0
0.0
0.0
0.0
0.0
0.0
0.0
0.0
0.0
0.0
0.0
0.0
0.0
0.0
0.00692600146944
0.00627822977543
0.0
0.0
0.0
0.0
0.0
0.0
0.0
0.0
0.0
0.0
0.0
0.0
0.0
0.0
-0.128860690544
0.0
0.0
0.0
0.0
0.0
0.0
0.0
0.0
0.0
0.0
0.0
0.0
0.0
0.0
0.0
0.0
0.0
0.0
0.0
0.0
0.0
0.0
0.0
0.0
0.0
0.0
0.0
0.0
0.0
0.0
0.0
0.0
0.0
0.0
0.0
0.0
0.0
0.0
0.0
0.0
0.0
0.0
0.0
0.0
0.0
0.0
0.0
0.0
0.0
0.0
0.0
0.0
0.0
0.0
0.0
0.0
0.0
0.0
0.0
0.0
0.0
0.0
0.0
0.0
0.0
0.0
0.0
0.0
0.0
0.0
0.0
0.0
0.0
0.0
0.0
0.0
-5.54162261974e-05
-4.13104331132e-06
-0.00022743851622
0.0
0.0
0.0
0.0
0.0
0.0
0.0
0.0
0.0
0.0
0.0
0.0
-0.12992630502
0.0
0.0
0.0
0.0697729802639
0.0299637851131
0.00731692368827
0.0140738393274
0.000500558036576
-2.14759016791e-05
-2.14759016791e-05
0.0
0.000462008074135
0.0
0.0
0.0
0.0
0.0
0.0
0.0
0.0
0.0
0.0
0.0
0.0
0.0
0.0
0.0
-0.0506742823967
-0.0339486936071
-0.031970264893
-0.0222118509185
-0.0130641017305
0.0
0.0
0.0
0.0
0.0
0.0
0.0
0.0
0.0
0.0
0.0
-0.098287683225
-0.103658228522
-0.0150177401262
-9.77214610442e-05
-0.00027727946939
0.0
0.0
0.0
-0.0573138146535
-0.0283750873366
-0.0142423837711
-0.0144863061788
0.0
0.0
0.0
0.0
0.0237602280009
0.00968667609958
0.00964173339425
0.0107937539625
0.0
0.0
0.0
0.0
0.0
0.0
0.0
0.0
0.0
0.0
0.0
0.0
0.0
0.0
0.0
0.0
0.0
0.0
0.0
0.0
0.011064385095
-0.020374939798
-0.00233161528127
-2.78315594295e-05
0.0
0.0
0.0
0.0
-0.113258958633
0.00798307587996
0.0196389569205
0.00367415187767
0.00324530440512
0.0
0.0
0.0
0.0
0.0
0.0
0.0
0.0
0.0132642170664
-0.129880989892
0.0
0.0
0.0
0.0
0.0
0.0
0.0
0.0
0.0
0.0
0.0
0.0
0.0
0.0
0.0
0.0
0.0
0.0
0.0
0.0
0.0
0.0
0.0
0.0
0.0
0.0
0.0059753430661
-0.00836818309389
-0.0067775754515
0.0
0.0
0.0
0.0
-0.00146229039434
-0.00116542980076
-0.00121622049443
-0.00148130931341
-0.000119708141114
-0.0010659486735
-0.0010659486735
-0.0010659486735
0.00117532812396
0.000879533513635
-0.0134505571694
-0.0131319580513
-0.000217484864564
0.0
0.0
0.0
6.31185494665e-05
-0.00032433174382
-6.92962966433e-06
3.86672522927e-05
0.0
0.0
0.0
0.0
0.00914231536456
-0.00743606324098
0.0119653399192
-0.00156446100524
0.0
0.0
0.0
0.0
0.000697884957786
-0.000251896547083
-0.0154007818783
-0.0153987681293
-0.000960845762894
-5.64018123598e-05
-5.64018123598e-05
-5.64018123598e-05
8.34227266677e-05
6.46944773063e-05
-0.000274696545504
4.25004077923e-05
0.0
0.0
0.0
0.0
0.00322580993739
-0.0696591073963
-0.0561308202778
-0.00114474356051
0.0
0.0
0.0
0.0
0.0028503480267
0.00578863505361
-0.000200313892983
0.0
0.0
0.0
0.0
0.0
0.00205080435694
-0.0133502527845
0.00152718120946
0.0
0.0
0.0
0.0
0.0
6.41131421587e-05
3.75026780557e-05
0.0
0.0
0.0
0.0
0.0
0.0
5.5971042619e-05
3.49660744993e-05
-8.78788048691e-06
-0.00144094960394
-0.00144094960394
-0.00144094960394
-0.00144094960394
-0.00144094960394
0.00111774620533
-0.0156147957964
-0.00126039350428
-0.0153927410566
-0.0153927410566
-0.0153927410566
-0.0153927410566
-0.0153927410566
5.53935604403e-05
-0.000304158756672
-3.84790045192e-05
-0.000375000930434
-0.000375000930434
-0.000375000930434
-0.000375000930434
-0.000375000930434
0.00612295946621
-0.00769886905439
-0.104607403863
-0.104607403863
-0.104607403863
-0.104607403863
-0.104607403863
-0.104607403863
0.000967946433079
-0.00141203591521
-0.0153927410566
-0.0153927410566
-0.0153927410566
-0.0153927410566
-0.0153927410566
-0.0153927410566
8.89003267556e-05
6.61755884402e-05
-0.000375000930434
-0.000375000930434
-0.000375000930434
-0.000375000930434
-0.000375000930434
-0.000375000930434
0.00047794907876
-0.111884117447
-0.111884117447
-0.111884117447
-0.111884117447
-0.111884117447
-0.111884117447
-0.111884117447
0.00151821564134
-0.104648723512
-0.104648723512
-0.104648723512
-0.104648723512
-0.104648723512
-0.104648723512
-0.104648723512
0.00178631874385
-0.0153363392442
-0.0153363392442
-0.0153363392442
-0.0153363392442
-0.0153363392442
-0.0153363392442
-0.0153363392442
4.89450715516e-05
-0.000375000930434
-0.000375000930434
-0.000375000930434
-0.000375000930434
-0.000375000930434
-0.000375000930434
-0.000375000930434
0.000362204156899
0.000362204156899
0.000362204156899
0.000362204156899
0.000356250828869
0.000353443052466
0.000362204156899
0.000362204156899
0.00406849017513
0.00406849017513
0.00406849017513
0.00406849017513
0.00406849017513
0.00399702207677
0.00406849017513
0.00406849017513
9.91079666245e-05
9.91079666245e-05
9.91079666245e-05
9.91079666245e-05
9.91079666245e-05
9.91079666245e-05
9.91079666245e-05
9.91079666245e-05
0.0273374931778
0.0269515309
0.0273374931778
0.0273374931778
0.0273374931778
0.0275592349268
0.0273374931778
0.0273374931778
0.00406849017513
0.00406849017513
0.00406849017513
0.00406849017513
0.00406849017513
0.00407754516342
0.00406849017513
0.00406849017513
9.91079666245e-05
9.91079666245e-05
9.91079666245e-05
9.91079666245e-05
9.91079666245e-05
9.91079666245e-05
9.91079666245e-05
9.91079666245e-05
0.0256071305448
0.0293778443557
0.0293778443557
0.0293778443557
0.0293778443557
0.0320934854752
0.0293778443557
0.0293778443557
0.0272871893191
0.0273505471089
0.0273505471089
0.0273505471089
0.0273505471089
0.0273505471089
0.0273505471089
0.0273505471089
0.00405138200388
0.00405138200388
0.00405138200388
0.00405138200388
0.00405138200388
0.00405138200388
0.00405138200388
0.00405138200388
9.91079666245e-05
9.91079666245e-05
9.91079666245e-05
9.91079666245e-05
9.91079666245e-05
9.91079666245e-05
9.91079666245e-05
9.91079666245e-05
0.0
0.0
0.0
-0.0149506946571
0.0
0.0
0.0
0.0
0.0
0.0
0.0
-0.0149506946571
0.0
0.0
0.0
0.0
0.0
0.0
0.0
0.0
0.0
0.0
0.0
0.0
0.0
0.0
0.0
0.0
0.0
0.0
0.0
0.0
0.0
0.0
0.0
-0.0149506946571
0.0
0.0
0.0
0.0
0.0
0.0
0.0
0.0
0.0
0.0
0.0
0.0
0.0
0.0
0.0
0.0
0.0
0.0
0.0
0.0
0.0
0.0
0.0
0.0
0.0
0.0
0.0
0.0
0.0
0.0
0.0
0.0
0.0
0.0
0.0
0.0
0.0
0.0
0.0
0.0
0.0
0.0
0.0
0.0
0.0
0.0
0.0
-0.0149506946571
0.0
0.0
0.0
0.0
0.00688075531288
0.0124942932864
0.01374990486
0.00290733135394
0.00276326804512
8.94248106883e-05
6.1149120595e-05
0.00404282178524
0.0355478597975
0.00765801324336
0.00765801324336
0.0354425588479
0.0354425588479
0.0354425588479
0.0354425588479
0.00765801324336
0.0
0.0
0.0
-1.76592756943e-06
0.0
0.0
0.0
-3.23442904267e-05
0.0
0.0
0.0
-1.76592756943e-06
0.0
0.0
0.0
-3.23442904267e-05
0.0
0.0
0.0
-4.74265581841e-06
0.0
0.0
0.0
-0.000113115615522
0.0
0.0
0.0
-4.80295438396e-06
0.0
0.0
0.0
-9.60869724185e-05
0.0
0.0
0.0
-5.86961949259e-06
0.0
0.0
0.0
-0.000112850729841
0.0
0.0
0.0
-4.26136276046e-06
0.0
0.0
0.0
-0.000113405967905
3.75026780557e-05
0.0
0.0
-4.80177760317e-06
0.0
0.0
0.0
-0.000100864746007
3.75026780557e-05
6.41131421587e-05
0.0
-4.80295438396e-06
0.0
0.0
0.0
-0.000117477442566
2.24339732618e-05
6.41131421587e-05
0.0
-5.54654071147e-06
0.0
0.0
0.0
-9.74040859281e-05
3.86672522927e-05
5.5608131101e-05
4.78810300972e-05
-6.0270727019e-06
0.0
0.0
0.0
-4.0359709478e-05
3.1204625511e-05
5.34875039006e-05
4.78810300972e-05
5.98932600297e-05
0.0
0.0
0.0
1.42500341592e-05
0.0
5.6604054789e-05
5.06691866143e-05
5.98920832489e-05
0.0
0.0
0.0
0.000113112385493
0.00152718120946
1.91013767334e-05
4.89450715516e-05
5.23827360897e-05
-2.7102616812e-05
0.0
0.0
-7.48294424059e-06
0.00152718120946
0.00205080435694
0.0
3.70397042483e-05
-2.7102616812e-05
-3.44578276132e-05
0.0
4.27923558662e-05
0.00174360348025
0.00205080435694
0.0
1.60322766732e-05
2.58850722028e-06
-3.44578276132e-05
0.0
4.90698772082e-05
0.0019504147771
0.00210692996525
-0.00127151094408
2.3706746379e-05
0.0
3.71574034144e-06
-2.38140332677e-05
-6.67919744753e-05
0.0
0.00156610068326
-0.00127151094408
-0.000966531193681
0.0
-1.13763877072e-05
-2.38140332677e-05
-0.000117195644632
0.0
0.000267987001404
-0.000217484864564
-0.000960845762894
0.0
0.0
0.0
-0.000119708141114
0.00578601695541
0.000267987001404
0.0
0.00102817953733
-0.00105243481451
0.0
0.0
0.0
0.00579449177311
0.00285877370869
8.98151525982e-06
-4.04954197375e-06
-0.00105554099619
-0.00139656721212
0.0
0.0
0.0128416268494
0.00285877370869
3.688426946e-05
9.5018485865e-06
-3.10618168609e-06
-0.00139656721212
0.0
0.0
0.0
0.014182402336
-0.00592887092341
0.0
0.0
0.0
0.0
0.0
0.0
0.00225195415079
-0.00595677367761
-0.00753037853728
0.0
0.0
0.0
0.0
1.39828596923e-05
0.0
0.0
-0.00753037853728
0.0
0.0
0.0
0.0
-0.00113076070082
0.0
3.14222251134e-05
0.0
0.0
0.0
0.0
0.0
-0.00114474356051
0.00321036265037
3.14222251134e-05
0.0
0.0
0.0
0.0
0.0
0.0
0.00321036265037
0.0
0.0
0.0
0.0
0.0
0.0
1.19044022213e-05
1.48523264666e-05
0.0
0.0
0.0
0.0
0.0
0.0
1.19044022213e-05
0.0
0.0
0.0
0.0
0.0
0.0
0.0
3.43437244897e-05
0.0
0.0
0.0
0.0
0.0
0.0
0.0
0.0
0.0
0.0
0.0
0.0
0.0
0.0
0.0
0.0
0.0
0.0
0.0
0.0
0.0
0.0
0.0
0.0
0.0
0.0
0.0
0.0
0.0
0.0
0.0
0.0
0.0
0.0
0.0
0.0
0.0
0.0
0.0
0.0
-4.13104331132e-06
-5.54162261974e-05
-0.112672704236
-0.112621419053
0.0296616956088
-5.54162261974e-05
0.0296616956088
0.0
0.0
0.0
0.0
0.0
0.0
0.0
0.0
0.0
0.0036818161299
-0.121304257886
0.0287477246095
-0.121304257886
-0.154109578801
0.00966242908269
0.0059806129528
-0.0178497837474
-0.0178497837474
-0.121304257886
0.0
0.0324295407394
0.0324295407394
0.0324295407394
0.0324295407394
