0.0
0.0
0.0
0.0
0.0
0.0
0.0
0.0
0.0
0.0
0.0
0.0
0.0
0.0
0.0
0.0
0.0
0.0
0.0
0.0
0.0
0.0
0.0
0.0
0.0
0.0
0.0
0.0
0.0
0.0
0.0
0.0
0.0
0.0
0.0
0.0
0.0
0.0
0.0
0.0
0.0
0.0
0.0
0.0
0.0
0.0
0.0
0.0
0.0
0.0
0.0
-0.0307728643702
2.22044604925e-16
2.77555756156e-17
0.0
-1.08420217249e-19
0.0
0.0
4.13590306277e-24
-2.58493941423e-26
0.0
-1.26217744835e-29
0.0
0.0
0.0
0.0
0.0
0.0
0.0
0.0
0.0
0.0
0.0
0.0
0.0
0.0
0.0
0.0
0.0
0.0
0.0
0.0
0.0
0.0
0.0
0.0
0.0
0.0
0.0
0.0
0.0
0.0
0.0
0.0
0.0
0.0
0.0
0.0
0.0
0.0
0.0
0.0
0.0
0.0
0.0
0.0
0.0
0.0
0.0
0.0
0.0
0.0
0.0
0.0
0.0
0.0
0.0
0.0
0.0
0.0
0.0
0.0
0.0
0.0
0.0
0.0
0.0
0.0
0.00232066491727
0.00228719604713
0.0
0.0
0.0
0.0
0.0
0.0
0.0
0.0
0.0
0.0
0.0
0.0
0.0
0.0
0.0
0.0
0.0
0.0
0.0
0.0
0.0
0.0
0.0
0.0
-0.00831744762291
0.0
-0.0155042041407
-0.00013059683213
0.0
0.0
0.0
0.0
0.0
0.0
0.0
0.0
0.0
0.0
-0.0192298105791
-1.96359499452e-05
-0.0244950503083
0.0
-0.0242670027612
0.0
0.0
0.0
0.0
0.0
0.0
0.0
0.0
0.0
0.0
0.0
-0.0208043508917
0.0
-0.0218238813575
-0.000155395735961
-0.0248567601505
0.0
0.0
0.0
0.0
0.0
0.0
0.0
0.0
0.0
0.0
0.0
-0.0304714992325
-0.000301365137707
0.0
0.0
0.0
0.0
0.0
0.0
0.0
0.0
0.0
0.0
0.0
0.0
0.0
0.0
0.0
0.0
0.0
0.0
0.0
-4.0382769783e-06
-0.000456760873668
-0.000150232782075
0.0
0.0
0.0
0.0
0.0
0.0
0.0
0.0
0.0
0.0
0.0
0.0
0.0
0.0
0.0
0.0
0.0
0.0
0.0
0.0
0.0
0.0
0.0
0.0
0.0
0.0
0.0
0.0
0.0
0.0
0.0
0.0
0.0
0.0
0.0
0.0
0.0
0.0
0.0
0.0
-0.0833861951725
-0.055090996967
-0.0621543137269
-0.0437233814508
-0.0343432309924
-0.0235099619928
0.0
0.0
0.0
0.0
0.0
0.0
0.0
0.0
0.0
0.0
0.0257006113419
0.0293795019495
0.00474131634063
4.03931228547e-05
7.13537918441e-05
0.0
0.0
0.0
-0.0962103881905
-0.0244950503083
-0.0155042041407
-0.0208043508917
-0.0248567601505
0.0
0.0
0.0
0.000725182351836
0.000750374381246
0.00124744661206
0.00149712150732
0.0
0.0
0.0
0.0
0.0
0.0
0.0
0.0
0.0
0.0
0.0
0.0
0.0
0.0
0.0
0.0
0.0
0.0
0.0
0.0
-0.00892445690435
0.00627911157276
0.00090013208283
1.90000429589e-05
0.0
0.0
0.0
0.0
0.0
0.0
0.0
0.0
0.00250197328482
0.0
0.0
0.0
0.0
0.0
0.0
0.0
0.0
0.0
0.0
0.0
0.0
0.0
0.0
0.0
0.0
0.0
0.0
0.0
-0.0304714992325
0.0
0.0
0.0
0.0
0.0
0.0
-0.000301365137707
0.0
0.0
0.0
0.0
0.0
0.0
0.0
0.0
0.0
0.0
0.0
0.0
0.0
0.0
0.0
0.0
0.000556338239027
0.00040899461356
0.000291605762498
0.000245364692057
-0.000695372923045
0.000119205078404
0.000119205078404
0.000119205078404
0.000233913005391
-0.0220019713491
0.00150248732928
0.00145814931896
-0.0232968228229
0.0
0.0
0.0
-8.69600536512e-05
8.07636958687e-05
-0.000143085046462
-0.00060889518919
0.0
0.0
0.0
0.0
0.00277334744276
-0.0106738792868
-0.12278263296
0.000278679793829
0.0
0.0
0.0
0.0
0.00316442702741
0.00185581133311
0.00187131870297
0.00186544610956
-0.0270361497442
6.47670247426e-06
6.47670247426e-06
6.47670247426e-06
7.42895551295e-05
-0.00014514691617
3.39912848689e-05
-0.00060889518919
0.0
0.0
0.0
0.0
-0.0345479823761
0.00865954671918
0.00773921471058
-0.0812187332595
0.0
0.0
0.0
0.0
-0.00898516277747
-0.121791611996
3.00172352013e-05
0.0
0.0
0.0
0.0
0.0
-0.00213507650275
0.0015872492472
-0.0237559522969
0.0
0.0
0.0
0.0
0.0
-0.000145155836674
-0.00060889518919
0.0
0.0
0.0
0.0
0.0
0.0
8.25406504602e-05
7.69371428841e-05
4.17093532349e-05
0.000167532356907
0.000167532356907
0.000167532356907
0.000167532356907
0.000167532356907
0.00274084956847
0.00329313383792
0.00163442037827
0.00198351689541
0.00198351689541
0.00198351689541
0.00198351689541
0.00198351689541
7.08813712828e-05
9.4547958286e-05
4.41633211316e-05
5.07812463998e-05
5.07812463998e-05
5.07812463998e-05
5.07812463998e-05
5.07812463998e-05
0.00151601250644
0.00536395836694
0.0110735399434
0.0110735399434
0.0110735399434
0.0110735399434
0.0110735399434
0.0110735399434
0.00247883664817
0.00165237707429
0.00201530798877
0.00201530798877
0.00201530798877
0.00201530798877
0.00201530798877
0.00201530798877
5.47127406268e-05
4.95073895562e-05
5.66533068749e-05
5.66533068749e-05
5.66533068749e-05
5.66533068749e-05
5.66533068749e-05
5.66533068749e-05
0.00731133762319
0.0101064272209
0.0101064272209
0.0101064272209
0.0101064272209
0.0101064272209
0.0101064272209
0.0101064272209
0.00795052554619
0.0124151876372
0.0124151876372
0.0124151876372
0.0124151876372
0.0124151876372
0.0124151876372
0.0124151876372
0.00129900055435
0.00194117902109
0.00194117902109
0.00194117902109
0.00194117902109
0.00194117902109
0.00194117902109
0.00194117902109
2.74113693093e-05
4.8579109539e-05
4.8579109539e-05
4.8579109539e-05
4.8579109539e-05
4.8579109539e-05
4.8579109539e-05
4.8579109539e-05
0.000165508544622
0.000165508544622
0.000165508544622
0.000165508544622
0.000173762647661
0.000179522227943
0.000167532356907
0.000167532356907
0.00176722925595
0.00176808750561
0.00176808750561
0.00176808750561
0.00176924264367
0.00220903735439
0.00198351689541
0.00198351689541
4.62999502162e-05
4.62999502162e-05
4.62999502162e-05
4.62999502162e-05
4.76681364734e-05
4.94130601426e-05
5.07812463998e-05
5.07812463998e-05
0.00901864683795
0.00896739003036
0.00907716624115
0.00907716624115
0.00899282177814
0.0086174348335
0.0110735399434
0.0110735399434
0.00183860431807
0.00183860431807
0.00183860431807
0.00183860431807
0.00183480142388
0.00202076111863
0.00201530798877
0.00201530798877
5.03846371544e-05
5.03846371544e-05
5.03846371544e-05
5.03846371544e-05
5.15053514632e-05
5.55325925661e-05
5.66533068749e-05
5.66533068749e-05
0.0115703574177
0.0100365222186
0.0100441756487
0.0100441756487
0.00905258093361
0.00386269301043
0.0101064272209
0.0101064272209
0.00978113501871
0.00973847188848
0.00973847188848
0.00973847188848
0.00983935503638
0.0122842375693
0.0124151876372
0.0124151876372
0.00193864749528
0.00193864749528
0.00193864749528
0.00193864749528
0.00201712257022
0.00186270394614
0.00194117902109
0.00194117902109
4.65755686237e-05
4.65755686237e-05
4.65755686237e-05
4.65755686237e-05
4.79029909422e-05
4.72516872204e-05
4.8579109539e-05
4.8579109539e-05
-0.000156213733691
0.0
0.0
0.0
0.0
0.0
0.0
0.0
-0.000156213733691
0.0
0.0
0.0
0.0
0.0
0.0
0.0
-0.000156213733691
0.0
0.0
0.0
0.0
0.0
0.0
0.0
-0.000156213733691
0.0
0.0
0.0
0.0
0.0
0.0
0.0
-0.000156213733691
0.0
0.0
0.0
0.0
0.0
0.0
0.0
-0.000156213733691
0.0
0.0
0.0
0.0
0.0
0.0
0.0
0.0
0.0
0.0
0.0
0.0
0.0
0.0
0.0
0.0
0.0
0.0
0.0
0.0
0.0
0.0
0.0
0.0
0.0
0.0
0.0
0.0
0.0
0.0
0.0
0.0
0.0
0.0
0.0
0.0
0.0
0.0
0.0
0.0
0.0
0.0
0.0
0.0
0.0
0.0
0.0
0.00159590303963
0.00526418539159
0.00929924930104
0.00177857185232
0.00148532105898
4.62999502162e-05
3.32380070676e-05
0.0
0.0
0.000527984771953
0.000527984771953
0.0
0.0
0.0
0.0
0.000527984771953
0.0
0.0
0.0
6.56721828987e-06
0.0
0.0
0.0
0.000118351384
0.0
0.0
0.0
6.56721828987e-06
0.0
0.0
0.0
0.000118245424871
0.0
0.0
0.0
6.56721828987e-06
0.0
0.0
0.0
0.00011839814697
0.0
0.0
0.0
5.77058148722e-06
0.0
0.0
0.0
0.000118125076436
0.0
0.0
0.0
6.56721828987e-06
0.0
0.0
0.0
0.000118413734627
0.0
0.0
0.0
6.50798807095e-06
0.0
0.0
0.0
0.000118291440548
3.40987778972e-05
0.0
0.0
6.56721828987e-06
0.0
0.0
0.0
0.000118662124684
3.40987778972e-05
-0.000781462395173
0.0
5.87259341181e-06
0.0
0.0
0.0
0.000123927817568
3.39912848689e-05
-0.000781462395173
0.0
6.5685031178e-06
0.0
0.0
0.0
0.000120278017587
3.58347768858e-05
4.65755686237e-05
3.36141474633e-05
6.50927289887e-06
0.0
0.0
0.0
0.000123346569144
3.39965693667e-05
4.56898080757e-05
3.36141474633e-05
-0.000774777592663
0.0
0.0
0.0
0.000121883512447
0.0
4.88245589462e-05
3.67291719574e-05
-0.000775525523726
0.0
0.0
0.0
0.00012376704607
0.00171205950588
1.4725781049e-05
3.40214070687e-05
6.11510187128e-05
3.33804089584e-05
0.0
0.0
0.000144893139083
0.00171205950588
-0.0270426264466
0.0
5.60530702413e-05
3.33804089584e-05
-0.000781462395173
0.0
0.000125555545187
0.00172725323279
-0.0270426264466
0.0
2.13282407915e-05
3.33079843752e-05
-0.000781462395173
0.0
0.000118630194912
0.00153492325534
0.00193864749528
0.00158224609756
2.2608357708e-05
0.0
4.62999502162e-05
3.32380070676e-05
0.000119330202778
0.0
0.0017256926222
0.00158224609756
-0.0271923921618
0.0
1.33129753535e-05
3.32380070676e-05
-0.00211111776762
0.0
0.000256379573838
0.00148880193517
-0.0271923921618
0.0
0.0
0.0
-0.00211111776762
0.00928060737777
0.000256379573838
0.0
0.0017835844792
0.00149393038492
0.0
0.0
0.0
0.00928843214984
-0.105636311628
6.68111276195e-06
0.000262203023184
0.00150083588877
-0.0271923921618
0.0
0.0
0.00837274888705
-0.105636311628
5.10191230845e-05
6.89890658693e-06
6.90550384816e-06
-0.0271923921618
0.0
0.0
0.0
0.00972913552705
0.00973673166534
0.0
0.0
0.0
0.0
0.0
0.0
0.0020893638697
0.00975517635005
-0.105636311628
0.0
0.0
0.0
0.0
0.000193288648122
0.0
0.0
-0.105636311628
0.0
0.0
0.0
0.0
0.00736043399259
0.0
3.17573611928e-05
0.0
0.0
0.0
0.0
0.0
0.00721864423633
-0.0727704676278
3.17573611928e-05
0.0
0.0
0.0
0.0
0.0
0.0
-0.0727704676278
0.0
0.0
0.0
0.0
0.0
0.0
3.6709602778e-05
2.82078736528e-05
0.0
0.0
0.0
0.0
0.0
0.0
3.6709602778e-05
0.0
0.0
0.0
0.0
0.0
0.0
0.0
2.70033522245e-05
0.0
0.0
0.0
0.0
0.0
0.0
0.0
0.0
0.0
0.0
0.0
0.0
0.0
0.0
0.0
0.0
0.0
0.0
0.0
0.0
0.0
0.0
0.0
0.0
0.0
0.0
0.0
0.0
0.0
0.0
0.0
0.0
0.0
0.0
0.0
0.0
0.0
0.0
0.0
0.0
-0.00014118789825
-4.0382769783e-06
0.0245280659434
0.0245280659434
-0.131130998779
-4.0382769783e-06
-0.131130998779
0.0
0.0
0.0
0.0
0.0
0.0
0.0
0.0
0.0
0.0
0.0
0.000956275968007
0.0
0.0
0.0
0.00301680978231
-4.17684824669e-05
-4.17684824669e-05
0.0
0.0
0.0
0.0
0.0
0.0
0.0
0.0
0.0
0.0
0.0
0.0
0.0
0.0
-0.0304714992325
-0.0304714992325
-0.0304714992325
-0.0304714992325
-0.0304714992325
-0.0304714992325
-0.0304714992325
-0.0304714992325
0.0
0.0
0.0
0.0
0.0
0.0
0.0
0.0
0.0
0.0
0.0
0.0
0.0
0.0
0.0
0.0
0.0
0.0
0.0
0.0
0.0
0.0
0.0
0.0
0.0
0.0
0.0
0.0
0.0
0.0
0.0
0.0
0.0
0.0
-0.0304714992325
0.0
0.0
0.0
0.0
0.0
0.0
0.0
0.0
0.0
0.0
0.0
0.0
0.0
0.0
0.0
0.0
0.0
0.0
0.0
0.0
0.0
0.0
0.0
0.0
0.0
0.0
0.0
0.0
0.0
0.0
0.0
0.0
0.0
0.0
0.0
0.0
0.0
0.0
0.0
0.0
0.0
0.0
0.0
0.0
0.0
0.0
0.0
0.0
0.0
0.0
0.0
0.0
0.0
0.0
0.0
0.0
0.0
0.0
0.0
0.0
0.0
0.0
0.0
0.0
0.0
0.0
0.0
0.0
0.0
0.0
0.0
0.0
0.0
0.0
0.0
0.0
0.0
0.00361472035353
0.00317776443534
0.0
0.0
0.0
0.0
0.0
0.0
0.0
0.0
0.0
0.0
0.0
0.0
0.0
0.0
-2.54412027444e-05
0.0
0.0
0.0
0.0
0.0
0.0
0.0
0.0
0.0
0.0
0.0
0.0
0.0
0.0
0.0
0.0
0.0
0.0
0.0
0.0
0.0
0.0
0.0
0.0
0.0
0.0
0.0
0.0
0.0
0.0
0.0
0.0
0.0
0.0
0.0
0.0
0.0
0.0
0.0
0.0
0.0
0.0
0.0
0.0
0.0
0.0
0.0
0.0
0.0
0.0
0.0
0.0
0.0
0.0
0.0
0.0
0.0
0.0
0.0
0.0
0.0
0.0
0.0
0.0
0.0
0.0
0.0
0.0
0.0
0.0
0.0
0.0
0.0
0.0
0.0
0.0
-0.00014118789825
-4.0382769783e-06
-2.89878866948e-05
0.0
0.0
0.0
0.0
0.0
0.0
0.0
0.0
0.0
0.0
0.0
0.0
0.0
0.0
0.0
0.0
0.0
0.0
0.0
0.0
0.0
0.0
0.0
0.0
0.0
0.0
0.0
0.0
0.0
0.0
0.0
0.0
0.0
0.0
0.0
0.0
0.0
0.0
0.0
0.0
-0.0818102564038
-0.0588385094321
-0.0558831294539
-0.0381330902836
-0.0235054053333
0.0
0.0
0.0
0.0
0.0
0.0
0.0
0.0
0.0
0.0
0.0
-0.152809366055
-0.176705245132
-0.0282907760013
-0.000174468739429
-0.000606993655744
0.0
0.0
0.0
-0.0856603654911
-0.0363085550323
-0.0208043508917
-0.0248567601505
0.0
0.0
0.0
0.0
0.000719142113229
0.000801964682829
0.00121176546339
0.00124744661206
0.0
0.0
0.0
0.0
0.0
0.0
0.0
0.0
0.0
0.0
0.0
0.0
0.0
0.0
0.0
0.0
0.0
0.0
0.0
0.0
0.00594777492482
-0.0211579632681
-0.00148505088559
1.6537544186e-05
0.0
0.0
0.0
0.0
0.0
0.0
0.0
0.0
0.00280450673296
0.0
0.0
0.0
0.0
0.0
0.0
0.0
0.0
0.0
0.0
0.0
0.0
0.0
0.0
0.0
0.0
0.0
0.0
0.0
0.0
0.0
0.0
0.0
0.0
0.0
0.0
0.0
0.0
0.0
0.0
0.0
0.0
0.0
0.0
0.0
0.0
0.0
0.0
0.0
0.0
0.0
0.0
0.0
0.000568092485629
-0.000548310605755
-0.001063021045
-0.00198718995006
0.000165881185199
-0.00164605359153
-0.00164605359153
-0.00164605359153
0.00378912026744
0.00309262507166
-0.0252121707828
-0.0245804741028
0.00145814931896
0.0
0.0
0.0
0.000113407183498
-0.000749027704951
5.12815363478e-05
3.61000847891e-05
0.0
0.0
0.0
0.0
0.00307840720499
0.00934441221124
0.00851877107637
-0.00337610623454
0.0
0.0
0.0
0.0
0.00324079287052
-0.00216066042162
-0.0290605309435
-0.029066365803
0.00185896940709
-0.000149765715203
-0.000149765715203
-0.000149765715203
8.28278403262e-05
4.6869265317e-05
-0.00060889518919
3.39912848689e-05
0.0
0.0
0.0
0.0
0.00975926380863
-0.116149458159
-0.0952968969063
0.00771161369226
0.0
0.0
0.0
0.0
0.00894177454711
0.0128484855467
-0.000330331542263
0.0
0.0
0.0
0.0
0.0
0.00204787072587
-0.0250396035768
0.00159451279247
0.0
0.0
0.0
0.0
0.0
4.86813180695e-05
3.39965693667e-05
0.0
0.0
0.0
0.0
0.0
0.0
0.000101102130264
8.84438483924e-05
4.94550997298e-05
-0.0024275159867
-0.0024275159867
-0.0024275159867
-0.0024275159867
-0.0024275159867
0.00345538641506
-0.0242088333126
0.00183482139611
-0.0290722383965
-0.0290722383965
-0.0290722383965
-0.0290722383965
-0.0290722383965
8.48971400321e-05
-0.000734301923902
5.03846371544e-05
-0.000781462395173
-0.000781462395173
-0.000781462395173
-0.000781462395173
-0.000781462395173
0.00396054649738
0.00972504008419
-0.178338896514
-0.178338896514
-0.178338896514
-0.178338896514
-0.178338896514
-0.178338896514
0.00292953217265
0.00193864749528
-0.0290722383965
-0.0290722383965
-0.0290722383965
-0.0290722383965
-0.0290722383965
-0.0290722383965
6.10344372758e-05
4.65755686237e-05
-0.000781462395173
-0.000781462395173
-0.000781462395173
-0.000781462395173
-0.000781462395173
-0.000781462395173
0.00819012605267
-0.166659985796
-0.166659985796
-0.166659985796
-0.166659985796
-0.166659985796
-0.166659985796
-0.166659985796
0.00925926057985
-0.178338896514
-0.178338896514
-0.178338896514
-0.178338896514
-0.178338896514
-0.178338896514
-0.178338896514
0.00171205950588
-0.0289224726813
-0.0289224726813
-0.0289224726813
-0.0289224726813
-0.0289224726813
-0.0289224726813
-0.0289224726813
3.40987778972e-05
-0.000781462395173
-0.000781462395173
-0.000781462395173
-0.000781462395173
-0.000781462395173
-0.000781462395173
-0.000781462395173
0.000423079036457
0.000423079036457
0.000423079036457
0.000423079036457
0.000392450182742
0.000436366816224
0.000423079036457
0.000423079036457
0.00485306325533
0.00485306325533
0.00485306325533
0.00485306325533
0.00485306325533
0.00498403022375
0.00485306325533
0.00485306325533
0.000111746914699
0.000111746914699
0.000111746914699
0.000111746914699
0.000111746914699
0.000111746914699
0.000111746914699
0.000111746914699
0.0296325627441
0.02924730518
0.0296325627441
0.0296325627441
0.0296325627441
0.0216850597138
0.0296325627441
0.0296325627441
0.00485306325533
0.00485306325533
0.00485306325533
0.00485306325533
0.00485306325533
0.0048603813744
0.00485306325533
0.00485306325533
0.000111746914699
0.000111746914699
0.000111746914699
0.000111746914699
0.000111746914699
0.000111746914699
0.000111746914699
0.000111746914699
0.0256993585946
0.024448520905
0.024448520905
0.024448520905
0.024448520905
0.00714986509977
0.024448520905
0.024448520905
0.0296401143183
0.0296325627441
0.0296325627441
0.0296325627441
0.0296325627441
0.0296088620669
0.0296325627441
0.0296325627441
0.00482259374043
0.00482259374043
0.00482259374043
0.00482259374043
0.00482259374043
0.00482259374043
0.00482259374043
0.00482259374043
0.000111746914699
0.000111746914699
0.000111746914699
0.000111746914699
0.000111746914699
0.000111746914699
0.000111746914699
0.000111746914699
0.0
0.0
0.0
-0.0304714992325
0.0
0.0
0.0
0.0
0.0
0.0
0.0
-0.0304714992325
0.0
0.0
0.0
0.0
0.0
0.0
0.0
0.0
0.0
0.0
0.0
0.0
0.0
0.0
0.0
0.0
0.0
0.0
0.0
0.0
0.0
0.0
0.0
-0.0304714992325
0.0
0.0
0.0
0.0
0.0
0.0
0.0
0.0
0.0
0.0
0.0
0.0
0.0
0.0
0.0
0.0
0.0
0.0
0.0
0.0
0.0
0.0
0.0
0.0
0.0
0.0
0.0
0.0
0.0
0.0
0.0
0.0
0.0
0.0
0.0
0.0
0.0
0.0
0.0
0.0
0.0
0.0
0.0
0.0
0.0
0.0
0.0
-0.0304714992325
0.0
0.0
0.0
0.0
0.00127025210587
0.00400790857996
0.00756630911031
0.00161405247
0.00138800194826
4.5976829847e-05
3.29071902535e-05
0.0
0.0
0.00301680978231
0.00301680978231
0.0
0.0
0.0
0.0
0.00301680978231
0.0
0.0
0.0
6.47670247426e-06
0.0
0.0
0.0
0.000119205078404
0.0
0.0
0.0
6.47670247426e-06
0.0
0.0
0.0
0.000119205078404
0.0
0.0
0.0
6.56721828987e-06
0.0
0.0
0.0
0.000118351384
0.0
0.0
0.0
6.56721828987e-06
0.0
0.0
0.0
0.000118245424871
0.0
0.0
0.0
6.56721828987e-06
0.0
0.0
0.0
0.00011839814697
0.0
0.0
0.0
5.77058148722e-06
0.0
0.0
0.0
0.000118125076436
3.39965693667e-05
0.0
0.0
6.56721828987e-06
0.0
0.0
0.0
0.000118413734627
3.39965693667e-05
4.86813180695e-05
0.0
6.50798807095e-06
0.0
0.0
0.0
0.000118291440548
4.17037107105e-05
4.86813180695e-05
0.0
6.56721828987e-06
0.0
0.0
0.0
0.000118662124684
3.61000847891e-05
4.89408810333e-05
3.332045077e-05
5.87259341181e-06
0.0
0.0
0.0
0.000123927817568
3.36461168925e-05
5.07843730502e-05
3.332045077e-05
5.34377684348e-05
0.0
0.0
0.0
0.000120278017587
0.0
4.86777309774e-05
3.2434690222e-05
5.33785382159e-05
0.0
0.0
0.0
0.000123346569144
0.00159451279247
1.46811616107e-05
3.40987778972e-05
5.81397555165e-05
3.65557552988e-05
0.0
0.0
0.000121883512447
0.00159451279247
0.00205875957701
0.0
5.4684059565e-05
3.65557552988e-05
4.7209290814e-05
0.0
0.00012376704607
0.00174491592653
0.00205875957701
0.0
2.53489217306e-05
3.56262178742e-05
4.7209290814e-05
0.0
0.000144893139083
0.00168236894931
0.00199094491908
0.00167110419204
2.11805106838e-05
0.0
4.71368662308e-05
3.29869748627e-05
0.000125555545187
0.0
0.0017988904876
0.00167110419204
0.00185768929017
0.0
1.38288818556e-05
3.29869748627e-05
0.000165181177333
0.0
0.000254262736351
0.00145814931896
0.00185896940709
0.0
0.0
0.0
0.000165881185199
0.0128791090278
0.000254262736351
0.0
0.00173857384044
0.00153498031558
0.0
0.0
0.0
0.0128912536137
0.00894959931918
6.21070801369e-06
0.0002630606866
0.00154187922216
0.00179369363409
0.0
0.0
0.0115300163273
0.00894959931918
5.0977247228e-05
6.68111276195e-06
6.89890658693e-06
0.00179369363409
0.0
0.0
0.0
0.0078828248358
0.0101157094476
0.0
0.0
0.0
0.0
0.0
0.0
0.00197704345429
0.0101367506617
0.00932233865495
0.0
0.0
0.0
0.0
0.000246922432637
0.0
0.0
0.00932233865495
0.0
0.0
0.0
0.0
0.00790040336886
0.0
2.82078736528e-05
0.0
0.0
0.0
0.0
0.0
0.00771161369226
0.00970629653025
2.82078736528e-05
0.0
0.0
0.0
0.0
0.0
0.0
0.00970629653025
0.0
0.0
0.0
0.0
0.0
0.0
4.13772651574e-05
2.70033522245e-05
0.0
0.0
0.0
0.0
0.0
0.0
4.13772651574e-05
0.0
0.0
0.0
0.0
0.0
0.0
0.0
3.37774149551e-05
0.0
0.0
0.0
0.0
0.0
0.0
0.0
0.0
0.0
0.0
0.0
0.0
0.0
0.0
0.0
0.0
0.0
0.0
0.0
0.0
0.0
0.0
0.0
0.0
0.0
0.0
0.0
0.0
0.0
0.0
0.0
0.0
0.0
0.0
0.0
0.0
0.0
0.0
0.0
0.0
-4.0382769783e-06
-0.00014118789825
-0.166961265975
-0.166824116354
0.0340236169088
-0.00014118789825
0.0340236169088
0.0
0.0
0.0
0.0
0.0
0.0
0.0
0.0
0.0
0.0
0.0
0.000715178152886
0.0
0.0
0.0
0.00177484902372
0.00107480454068
0.00107480454068
0.0
0.0
0.0
0.0
0.0
0.0
