0.0
0.0
0.0
0.0
0.0
0.0
0.0
0.0
-0.128004670532
-0.00156432457562
0.006146315237
0.00336383577594
0.0019388688443
0.00206380734871
0.00164248206377
0.000945983596896
0.0389391413353
0.0302418815077
0.0523068357751
0.0188767874477
0.0295205202483
0.031950069983
0.0174274254557
0.0735564053733
0.0
0.0
0.0
0.0
0.0
0.0
0.0
0.0
-0.00272126562947
0.0027505989598
-0.000568453839796
-0.000730434852532
0.0
0.0
0.0
0.0
0.0
0.0
0.0
0.0
0.0
0.0
0.0
0.0
0.0
0.0
0.0
0.0
0.0
0.0
0.0
0.0
0.0
0.0
0.0
0.0
0.0
0.0
0.0
0.0
0.0
0.0
0.0
0.0
0.0
0.0
0.0
0.0
0.0
0.0
0.0
0.0
0.0
0.0
0.0
0.0
0.0
0.0
0.0
0.0
0.0
0.0
0.0
0.0
0.0
0.0
0.0
0.0
0.0
0.0
0.0
0.0
0.0
0.0
0.0
0.0
0.0
0.0
0.0
0.0
0.0
0.0
0.0
0.0
0.0
0.0
0.0
0.0
-0.0231745373257
-0.0182457689146
-0.019057500635
-0.0168587214982
-0.0164434942511
-0.0132626976796
-0.0145254030343
-0.000396030646832
0.0
0.0
0.0
0.0
0.0
0.0
0.0
0.0
-0.00472004246818
-0.000177511059939
-0.00125783958978
-0.0061490595423
-0.00130178816432
-0.00130178816432
-0.00130178816432
-0.00130178816432
0.0
0.0
0.0
0.0
0.0
0.0
0.0
0.0
0.0
0.0
0.0
0.0
0.0
0.0
0.0
-0.00913670568159
0.0
0.0
0.0
0.0
0.0
0.0
0.0
0.0
0.0
0.0
0.0
0.0
0.0
0.0
0.0
0.0
0.0
0.0
0.0
0.0
0.0
0.0
0.0
0.0
0.0
0.0
0.0
0.0
0.0
0.0
0.0
0.0
0.0
0.0
0.0
0.0
0.0
0.0
0.0
5.91878337552e-05
0.0
0.0
0.0
0.0
0.0
0.0
0.0
8.05469316473e-05
0.0
0.0
0.0
0.0
0.0
0.0
0.0
5.20978729244e-05
0.0
0.0
0.0
0.0
0.0
0.0
0.0
7.91340291575e-06
0.0
0.0
0.0
0.0
0.0
0.0
0.0
0.000661324386865
0.0
0.0
0.0
0.0
0.0
0.0
0.0
-0.00806112973671
0.0
0.0
0.0
0.0
0.0
0.0
0.0
-0.00732899238898
0.0
0.0
0.0
0.0
0.0
0.0
0.0
-0.00291548634261
0.0
0.0
0.0
0.0
0.0
0.0
0.0
-0.00693316496488
0.0
0.0
0.0
0.0
0.0
0.0
0.0
-0.00170101019843
0.00429062312062
0.00707285574799
0.000892510503557
0.0
0.0
0.0
0.0
0.0
0.176232677437
0.0187796285747
0.0
0.0
0.0
0.0
0.0
0.0
-0.00657503365211
0.00151732601984
0.0
0.0
0.0
0.0
0.0
0.0
0.176232677437
0.0
0.0
0.0
0.0
0.0
0.0
0.0
0.0
0.0
0.0
0.0
0.0
0.0
0.0
0.0
0.0
0.0
0.0
0.0
0.0
0.0
0.0
0.0
-0.176697876201
0.0
0.0
0.0
0.0
0.0
0.0
0.0
-0.0102216651016
0.00459250886785
0.0
0.0
0.0
0.0
0.0
0.0
-0.176697876201
-0.0931560957447
0.0
0.0
0.0
0.0
0.0
0.0
-0.000730562617199
-0.0108464806178
-0.0157642503892
0.0
0.0
0.0
0.0
0.0
-0.00237494037463
0.000184078085217
0.000321380947967
0.000102035578972
0.00675950893592
-0.00297903993071
-0.00130820900524
0.000459236757231
0.000266109189554
0.0002006884071
3.16399116127e-05
0.000169787130888
0.0104070308563
0.00580685272035
0.00319166249336
0.00252343785421
-0.0056433321251
0.000255160906465
1.89519801916e-05
0.00121320648507
0.0123862187643
0.00284798198936
-0.0061752247779
-0.00201921202453
0.00160676468173
0.000316032128698
0.000309710491582
3.76446959571e-05
0.0218176436654
0.031875360266
0.00562842513069
0.00335827313272
-0.00812162985958
0.00134600379186
0.00121650570905
0.00108412307063
0.106762910575
0.0402642945715
0.0226072682942
0.0270822655823
0.00447877286494
-0.00598965511623
0.00136020684196
-0.00806112973671
-0.105462545716
0.0449329315216
0.0226072682942
-0.0121424342302
-0.00427859535515
-0.00922065345557
-0.00116565392497
-0.00732899238898
-0.0814182986122
-0.0494471913421
-0.0217634498597
-0.0148859250886
0.000891384662967
-0.00236246985399
0.000298778362792
-0.00291548634261
0.0065225037121
-0.00864928952639
0.00990257970987
-0.00485980781304
-0.0031753609672
-0.00814720103988
-0.00048539908289
-0.00693316496488
-0.0452196475073
-0.0266568942599
-0.011291149081
-0.0124204996214
0.000965710521876
-0.00149641786745
0.000187798802109
-0.00170101019843
-0.0028465550204
-0.00430958596709
-0.00490725973206
-0.00349822217822
0.00144207032133
0.00148777357004
0.00080296784809
0.00104446050188
0.0
-0.00058308659186
-0.000522264458278
-0.000710685992572
0.00512279871313
0.00531933798674
0.00218219661734
0.00164005082355
0.000785142012012
0.00173315640719
0.000803001826595
0.0015071257896
0.00715652861629
0.00652223833937
0.00293966961666
0.00114349870923
0.000863663161318
0.00040345975648
-0.000604059726747
0.00133168203729
-0.0194366797057
-0.00422968818032
-0.00283907490764
-0.00289663397484
-0.00299357426196
-0.0205060217498
-0.00186875702629
-0.000486640650529
-0.0312654558979
-0.0116151224988
-0.00846666292273
-0.00711381344853
-0.00604683200725
-0.0220276442305
-0.0170235749861
-0.0146623573105
0.000546889728451
0.000604840439943
0.000508922656936
0.000751005339212
0.0
0.000754540631392
0.0
0.000352987646422
5.06984628331e-05
0.0
0.0
5.06984628331e-05
0.0
0.0
0.0
5.06984628331e-05
0.0
0.0
0.0
0.0
0.0
0.0
0.0
0.0
0.0
0.0
0.0
0.0
0.0
0.0
0.0
0.0
0.0
0.0
0.0
0.0
0.0
0.0
0.0
0.0
0.0
0.0
0.0
0.0
0.0
0.0
0.0
0.0
0.0
0.0
0.0
0.0
0.0
0.0
0.0
0.0
0.0
0.0122041898858
0.0
0.0122041898858
0.0
0.0122041898858
0.0
0.0
0.0
0.0122041898858
0.0
0.0122041898858
0.0
0.0
0.0
0.0122041898858
0.0
0.0
0.0
0.0
0.0
0.0
0.0
0.0
0.0
0.0
0.0
0.0
0.0
0.0
0.0
0.0
0.0
0.0
0.0
0.0
0.0
0.0
0.0
0.0
0.0
0.0
0.0
0.0
0.0
0.0
0.0
0.0
0.0
0.0
0.0
0.0
0.0
0.0
0.0
0.0
0.0
0.0
0.0
0.0
0.0
0.0
0.0
0.0
0.0
0.0
0.0
0.0
0.0
0.0
0.0
0.0
0.0
0.0
0.0
0.0
0.0
0.0
0.0
0.0
0.0
0.0
0.0
0.0
0.0
0.0
0.0
0.0
0.0
0.0
0.0
0.0
0.0
0.0
0.0
0.0
0.0
0.0
0.0
0.0
0.0
0.0
0.0
0.0
0.0
0.0
0.0
0.0
0.0
0.0
0.0
0.0
0.0
0.0
0.0
0.0
0.0
0.0
0.0
0.0
0.0
0.0
0.0
0.0
0.0
0.0
0.0
0.0
0.0
0.0
0.0
0.0
0.0
0.0
0.0
0.0
0.0
0.0
0.0
0.0
0.0
0.0
0.0
0.0
0.0
0.0
0.0
0.0
0.0
0.0
0.0
0.0
0.0
0.0
0.0
0.0
0.0
0.0
0.0
0.0
0.0
0.0
0.0
0.0
0.0
0.0
0.0
0.0
0.0
0.0
0.0
0.0
0.0
0.0
0.0
0.0
0.0
0.0
0.0
0.0
0.0
0.0
0.0
0.0
0.0
0.0
0.0
0.0
0.0
0.0
0.0
0.0
0.00144207032133
0.00148777357004
0.00080296784809
0.00104446050188
0.0
-0.00058308659186
-0.000522264458278
-0.000710685992572
0.0
0.0
0.0
0.0
0.0
0.0
0.0
0.0
0.0
0.0
0.0
0.0
0.0
0.0
0.0
0.0
0.0
0.0
0.0
0.0
0.0
0.0
0.0
0.0
0.0
0.0
0.0
0.0
0.0
0.0
0.0
0.0
0.0
0.0
0.0
0.0
0.0
0.0
0.0
0.0
0.0
0.0
0.0
0.0
0.0
0.0
0.0
0.0
0.0
0.0
0.0
0.0
0.0
0.0
0.0
0.0
0.0
0.0
0.0
-5.65279889953e-05
0.0
0.0
0.0
0.0
0.0
0.0
0.0
0.0
0.0
0.0
0.0
0.0
0.0
0.0
0.0
0.0
0.0
0.0
0.0
0.0
0.0
0.0
0.0
0.0
0.0
0.0
0.0
0.0
0.0301715908471
0.0
0.0
0.0
0.0
0.0
0.0
0.0
0.0122041898858
0.0
0.0
0.0
0.0
0.0
0.0
0.0
-9.05310050724e-06
0.0
0.0
0.0
0.0
0.0
0.0
0.0
0.0
0.0
0.0
0.0
0.0
0.0
0.0
0.0
0.0129395602368
0.00758114579068
0.04643528515
0.0227600096196
0.0115475115584
0.0122041898858
0.0
0.0
0.00908344143412
0.00365776976069
0.000568272268439
-0.00119271075407
-0.00132553493977
0.0
-0.00132553493977
-9.05310050724e-06
0.0
0.0
0.0
0.0
0.0
0.0
0.0
0.0
0.0392069417038
-0.0183370835363
-0.00775433354513
-0.00904168392061
-0.00155549565354
-0.00034483746074
-0.000162241971376
-0.000705673209486
0.0110354400202
0.00414564462981
0.000598824541951
0.00134059802836
0.000894470348377
0.000496219504735
5.26728985992e-05
9.1566625759e-05
0.0635482539591
-0.0330059771336
-0.013186966081
-0.00738848199334
-0.00165303026355
-0.00160934536896
-0.00191187626406
-0.00234890364308
0.0187796285747
0.0147477171907
0.00748916792668
0.00303928981089
0.00289678830947
0.0607117443403
0.0303193414913
0.0193389543284
0.176232677437
-0.083076581692
-0.046278712593
-0.020347531262
-0.00740567557244
-0.00551911343946
-0.00344524019367
-0.00209869294747
-0.176697876201
-0.0931560957447
-0.0468773831517
-0.0265298518897
-0.0191241763173
-0.00551911343946
-0.00260009883553
-0.00806112973671
-0.0931560957447
-0.0468773831517
-0.0265298518897
-0.0191241763173
-0.0142823539234
-0.00344367885036
-0.00185312909703
-0.00732899238898
-0.0595489969195
-0.031567831522
-0.0165452769203
-0.00876695828053
-0.00651115966988
-0.00189616217966
-0.00127345329243
-0.00291548634261
-0.0468773831517
-0.0265298518897
-0.0191241763173
-0.0142823539234
-0.0110953870314
-0.00170972831935
-0.000778272516309
-0.00693316496488
-0.0457623734115
-0.0269409447821
-0.016256945884
-0.00973073620384
-0.00806112973671
-0.00375592374799
-0.00142338526643
-0.00170101019843
0.0
0.0122041898858
0.0
0.0
-0.105462545716
0.0449329315216
0.0226072682942
-0.0121424342302
-0.00175584581472
-0.00175584581472
-0.00175584581472
-0.00175584581472
-0.0198233291843
0.00628912833372
0.0
0.0
-0.0505744496555
0.0262189931415
-0.0880120867157
0.0
0.0
0.0
0.0
0.0
0.0120222168988
-0.0251035588325
-0.0140786898734
-0.0255803183738
-0.0227589630761
-0.00735010103952
-0.00441435219841
-0.0106585584483
0.0
0.0
0.0
0.0
-0.0505744496555
0.0262189931415
-0.0880120867157
-0.0143824692675
-0.0388252381634
-0.0401212500324
-0.0401212500324
-0.0401212500324
-0.0401212500324
-0.0401212500324
-0.0401212500324
-0.0401212500324
0.0
0.0
0.0
0.0122041898858
0.0
0.0
0.0
0.0
0.0
0.0
0.0
0.0
0.0
0.0
0.0
0.0
0.0
0.0
0.0122041898858
0.0
0.0122041898858
0.0122041898858
0.0
0.0122041898858
0.0
0.0122041898858
0.0
0.0
0.0
0.0
0.0
0.0
0.0
0.0
0.0
0.0
0.0
0.0
0.0
0.0
0.128004670532
0.129568995108
0.123422679871
0.120058844095
0.118119975251
0.116056167902
0.114413685838
0.113467702241
0.00743338465469
0.0428836315929
0.0385497228583
0.0411133206843
0.0335032753094
0.0407531965612
0.0142959532369
0.0194233999221
0.0
0.0
0.0
0.0
0.0
0.0
0.0
0.0
-0.00585924317132
-0.00811577838723
-0.00739436747974
-0.00876458417899
0.0
0.0
0.0
0.0
0.0
0.0
0.0
0.0
0.0
0.0
0.0
0.0
0.0
0.0
0.0
0.0
0.0
0.0
0.0
0.0
0.0
0.0
0.0
0.0
0.0
0.0
0.0
0.0
0.0
0.0
0.0
0.0
0.0
0.0
0.0
0.0
0.0
0.0
0.0
0.0
0.0
0.0
0.0
0.0
0.0
0.0
0.0
0.0
0.0
0.0
0.0
0.0
0.0
0.0
0.0
0.0
0.0
0.0
0.0
0.0
0.0
0.0
0.0
0.0
0.0
0.0
0.0
0.0
0.0
0.0
0.0
0.0
0.0
0.0
0.0
0.0
-0.0218360573115
-0.0206782881566
-0.0185355815199
-0.0166387644333
-0.0165911281585
-0.0144631264102
-0.0133521001892
-0.000534392054547
0.0
0.0
0.0
0.0
0.0
0.0
0.0
0.0
-0.00951859397695
-0.00944724572422
-0.0100192547365
-0.00993683782282
-0.0100806355645
-0.0100806355645
-0.0100806355645
-0.0100806355645
0.0
0.0
0.0
0.0
0.0
0.0
0.0
0.0
0.0
0.0
0.0
0.0
0.0
0.0
0.0
-0.00490489841622
0.0
0.0
0.0
0.0
0.0
0.0
0.0
0.0
0.0
0.0
0.0
0.0
0.0
0.0
0.0
0.0
0.0
0.0
0.0
0.0
0.0
0.0
0.0
0.0
0.0
0.0122041898858
0.0122041898858
0.0122041898858
0.0122041898858
0.0122041898858
0.0122041898858
0.0122041898858
0.0
0.0
0.0
0.0
0.0
0.0
0.0
-0.000413081903126
0.0
0.0
0.0
0.0
0.0
0.0
0.0
0.00012419197693
0.0
0.0
0.0
0.0
0.0
0.0
0.0
-0.000926347191694
0.0
0.0
0.0
0.0
0.0
0.0
0.0
0.0189100454643
0.0
0.0
0.0
0.0
0.0
0.0
0.0
-0.00806112973671
0.0
0.0
0.0
0.0
0.0
0.0
0.0
0.000942293362834
0.0
0.0
0.0
0.0
0.0
0.0
0.0
-0.00063066293056
0.0
0.0
0.0
0.0
0.0
0.0
0.0
7.70648869656e-05
0.0
0.0
0.0
0.0
0.0
0.0
0.0
-0.000216058040178
0.0
0.0
0.0
0.0
0.0
0.0
0.0
0.000492096049529
-0.00518313362418
-0.00278223262737
0.00707285574799
0.0
0.0
0.0
0.0
0.0
-0.176232677437
0.157453048862
0.0
0.0
0.0
0.0
0.0
0.0
0.00505770763227
-0.00657503365211
0.0
0.0
0.0
0.0
0.0
0.0
-0.176232677437
0.0
0.0
0.0
0.0
0.0
0.0
0.0
0.0
0.0
0.0
0.0
0.0
0.0
0.0
0.0
0.0
0.0
0.0
0.0
0.0
0.0
0.0
0.0
0.164493686315
0.0
0.0
0.0
0.0
0.0
0.0
0.0
-0.00657503365211
-0.0102216651016
0.0
0.0
0.0
0.0
0.0
0.0
0.164493686315
-0.0835417804564
0.0
0.0
0.0
0.0
0.0
0.0
0.00429062312062
0.0101159180006
-0.0108464806178
0.0
0.0
0.0
0.0
0.0
0.000607494612156
1.03346238126e-05
0.000102035578972
-0.000413081903126
-0.0040995526699
0.00755802120103
-0.00125774902234
-0.0021805276656
0.0004021154496
0.000325619019431
0.000169787130888
0.00012419197693
0.00770437307919
0.00539259475205
0.00249099825006
0.000792416616084
0.00148731937173
0.000305811273572
0.00121320648507
-0.000926347191694
-0.00671287999104
0.00445587682982
0.00994955395896
-0.00508235994507
0.000663387316236
0.0192574006519
3.76446959571e-05
0.0189100454643
0.152144881773
0.0111224808616
0.00733688967099
0.0211801974623
0.00364663257155
-0.00576050095702
0.00108412307063
-0.00806112973671
-0.102287913287
0.0539624889791
0.025718156014
-0.0125361270247
-0.00856007735846
0.00240729824446
0.000711267778527
0.00136020684196
0.0973396603234
0.0402642945715
0.025718156014
0.0297994605075
-0.00327833734448
-0.00238693428856
-0.000726007141611
-0.00116565392497
-0.0877226448893
-0.0531613786358
-0.0240689363871
-0.0165120036875
-0.00283570613341
0.00033836817435
0.000254238125825
0.000298778362792
1.43266261857e-05
0.00380380833953
-0.00318328502774
-0.0012389635573
-0.00231197368937
-0.00196132489219
-0.000728636992115
-0.00048539908289
-0.0424491135808
-0.0282127189424
-0.00998840489655
-0.00450107023998
-0.00276292250166
0.000761118190898
1.67935288701e-05
0.000187798802109
-0.0111204833891
-0.0103091196002
-0.00370084966968
-0.0019036376899
0.00417325162362
0.00180653023897
0.000437332868236
0.00103671410243
0.0
0.000436062256957
-0.000710685992572
-0.000522264458278
0.008778278298
0.00404081585919
0.00179190670032
0.00193629421345
0.000534986845996
0.00137287229915
0.0015071257896
0.000803001826595
0.00663730009383
0.00488320249703
0.00222391253333
0.00144183273584
0.000933321088371
-0.00144878084237
0.00133168203729
-0.000604059726747
-0.0224740543661
-0.00210823827522
-0.00372808935816
-0.00335714742783
-0.00220699283393
-0.0210673817406
-0.000486640650529
-0.00186875702629
-0.0320983911416
-0.0088580620824
-0.00616094390849
-0.00500417572054
-0.00400101487337
-0.0226013810274
-0.0146623573105
-0.0170235749861
0.0
0.0
0.0
0.0
0.000912850870179
0.0
0.000352987646422
0.0
0.0
0.0
0.0
0.0
5.06984628331e-05
0.0
5.06984628331e-05
0.0
0.0
0.0
0.0
0.0
0.0
0.0
0.0
0.0
0.0
0.0
0.0
0.0
0.0
0.0
0.0
0.0
0.0
0.0
0.0
0.0
0.0
0.0
0.0
0.0
0.0
0.0
0.0
0.0
0.0
0.0
0.0
0.0
0.0
0.0
0.0
0.0
0.0
0.0
0.0
0.0
0.0
0.0
0.0
0.0
0.0
0.0
0.0
0.0
0.0
0.0
0.0
0.0
0.0122041898858
0.0
0.0122041898858
0.0
0.0
0.0
0.0
0.0
0.0
0.0
0.0
0.0
0.0
0.0
0.0
0.0
0.0
0.0
0.0
0.0
0.0
0.0
0.0
0.0
0.0
0.0
0.0
0.0
0.0
0.0
0.0
0.0
0.0
0.0
0.0
0.0
0.0
0.0
0.0
0.0
0.0
0.0
0.0
0.0
0.0
0.0
0.0
0.0
0.0
0.0
0.0
0.0
0.0
0.0
0.0
0.0
0.0
0.0
0.0
0.0
0.0
0.0
0.0
0.0
0.0
0.0
0.0
0.0
0.0
0.0
0.0
0.0
0.0
0.0
0.0
0.0
0.0
0.0
0.0
0.0
0.0
0.0
0.0
0.0
0.0
0.0
0.0
0.0
0.0
0.0
0.0
0.0
0.0
0.0
0.0
0.0
0.0
0.0
0.0
0.0
0.0
0.0
0.0
0.0
0.0
0.0
0.0
0.0
0.0
0.0
0.0
0.0
0.0
0.0
0.0
0.0
0.0
0.0
0.0
0.0
0.0
0.0
0.0
0.0
0.0
0.0
0.0
0.0
0.0
0.0
0.0
0.0
0.0
0.0
0.0
0.0
0.0
0.0
0.0
0.0
0.0
0.0
0.0
0.0
0.0
0.0
0.0
0.0
0.0
0.0
0.0
0.0
0.0
0.0
0.0
0.0
0.0
0.0
0.0
0.0
0.0
0.0
0.0
0.0
0.0
0.0
0.0
0.0
0.0
0.0
0.0
0.0
0.0
0.0
0.0
0.0
0.0
0.0
0.0
0.0
0.00417325162362
0.00180653023897
0.000437332868236
0.00103671410243
0.0
0.000436062256957
-0.000710685992572
-0.000522264458278
0.0
0.0
0.0
0.0
0.0
0.0
0.0
0.0
0.0
0.0
0.0
0.0
0.0
0.0
0.0
0.0
0.0
0.0
0.0
0.0
0.0
0.0
0.0
0.0
0.0
0.0
0.0
0.0
0.0
0.0
0.0
0.0
0.0
0.0
0.0
0.0
0.0
0.0
0.0
0.0
0.0
0.0
0.0
0.0
0.0
0.0
0.0
0.0
0.0
0.0
0.0
0.0
0.0
0.0
0.0
0.0
0.0
0.0
0.0
0.0
0.0
0.0
0.0
0.0
0.0
0.0
0.0
0.0
0.0
0.0
0.0
0.0
0.0
0.0
0.0
0.0
0.0
0.0
0.0
0.0
0.0
0.0
0.0
0.0
0.0
0.0
0.0
0.0
-0.014020030082
0.0
0.0
0.0
0.0
0.0
0.0
0.0
0.0
0.0
0.0
0.0
0.0
0.0
0.0
0.0
0.0
0.0
0.0
0.0
0.0
0.0
0.0
0.0
0.0
0.0
0.0
0.0
0.0
0.0
0.0
0.0
0.100528142005
0.0929469962139
0.0465117110638
0.0237517014442
0.0122041898858
0.0
0.0
0.0
0.00929186001473
0.00504884259763
0.00134886414005
0.00170688470652
0.000421985978861
0.0
0.000473697180966
-5.75915160852e-05
0.0
0.0
0.0
0.0
0.0
0.0
0.0
0.0
-0.0383144312003
-0.019977347664
-0.0122230141189
-0.00318133019827
-0.00162583454473
-0.000867915180861
-0.000705673209486
-0.000413081903126
0.00774418855452
0.00359854392471
0.00299971938276
0.0016591213544
0.000764651006023
0.000144239524358
9.1566625759e-05
0.00012419197693
-0.0620309279393
-0.0290249508057
-0.0158379847247
-0.00844950273135
-0.00679647246779
-0.00426077990714
-0.00234890364308
-0.000926347191694
0.157453048862
0.142705331671
0.135216163745
0.132176873934
0.129280085624
0.0496582958197
0.0193389543284
0.0189100454643
-0.176232677437
-0.0931560957447
-0.0468773831517
-0.0265298518897
-0.0191241763173
-0.00554393314114
-0.00209869294747
-0.00806112973671
0.164493686315
-0.0835417804564
-0.046278712593
-0.020347531262
-0.00740567557244
-0.00554393314114
-0.00291901460393
-0.00260009883553
-0.0835417804564
-0.046278712593
-0.020347531262
-0.00740567557244
-0.00484182239388
-0.00350968268408
-0.00159054975333
-0.00185312909703
0.0641415057873
-0.0279811653975
-0.0150225546017
-0.00777831863974
-0.00225579861065
-0.00169951114762
-0.000622708887224
-0.00127345329243
-0.046278712593
-0.020347531262
-0.00740567557244
-0.00484182239388
-0.00318696689206
-0.00245249374714
-0.000931455803036
-0.000778272516309
0.0299981230222
-0.0188214286294
-0.0106839988981
-0.00652620968014
-0.00166960646713
-0.00260419579029
-0.00233253848156
-0.00142338526643
0.0
0.0
0.0
0.0
0.109078651445
0.0402642945715
0.0379223458998
0.0420036503933
-0.00350475045976
-0.00350475045976
-0.00350475045976
-0.00350475045976
0.00509426312058
-0.0293437823356
0.0
0.0
0.0354552698056
-0.0478554596227
0.0341594997273
0.0
0.0
0.0
0.0
0.0
-0.0435459393172
-0.000437700479153
-0.00123851615426
0.00562045012558
-0.00300296093693
-0.0174686707071
-0.01755777557
-0.00336436704893
0.0
0.0
0.0
0.0
0.0354552698056
-0.0478554596227
0.0341594997273
-0.00560798439845
0.00751237351196
0.00797588364628
0.00797588364628
0.00797588364628
0.00797588364628
0.00797588364628
0.00797588364628
0.00797588364628
0.0
0.0122041898858
0.0122041898858
0.0
0.0
0.0
0.0122041898858
0.0
0.0
0.0
0.0
0.0
0.0
0.0
0.0
0.0
0.0122041898858
0.0122041898858
0.0
0.0122041898858
0.0
0.0
0.0
0.0
0.0
0.0
0.0122041898858
0.0
0.0
0.0
0.0
0.0
