0.0
0.0
0.0
0.0
0.0
0.0
0.0
0.0
-0.0810141448517
-0.015500489384
0.000955202650557
0.00127928238211
0.00173109018885
0.00481183633064
0.00495197525591
0.00397578717878
0.033530755349
0.0795864785479
0.0388394547838
0.022404518779
0.0301279633117
0.0285665271008
0.0229097808627
0.0837341557851
0.0
0.0
0.0
0.0
0.0
0.0
0.0
0.0
-0.00341219788878
0.0122156842534
0.00142392493019
0.000436117197855
0.0
0.0
0.0
0.0
0.0
0.0
0.0
0.0
0.0
0.0
0.0
0.0
0.0
0.0
0.0
0.0
0.0
0.0
0.0
0.0
0.0
0.0
0.0
0.0
0.0
0.0
0.0
0.0
0.0
0.0
0.0
0.0
0.0
0.0
0.0
0.0
0.0
0.0
0.0
0.0
0.0
0.0
0.0
0.0
0.0
0.0
0.0
0.0
0.0
0.0
0.0
0.0
0.0
0.0
0.0
0.0
0.0
0.0
0.0
0.0
0.0
0.0
0.0
0.0
0.0
0.0
0.0
0.0
0.0
0.0
0.0
0.0
0.0
0.0
0.0
0.0
-0.0161929392411
-0.0144622013465
-0.0166112592117
-0.0156258037737
-0.0187102345952
-0.0170581313193
-0.0178601776492
-0.00269053718281
0.0
0.0
0.0
0.0
0.0
0.0
0.0
0.0
-0.0070799778172
-0.00136254486396
-0.00395039091927
-0.00828347577232
-0.00400722955201
-0.00400722955201
-0.00400722955201
-0.00400722955201
0.0
0.0
0.0
0.0
0.0
0.0
0.0
0.0
0.0
0.0
0.0
0.0
0.0
0.0
0.0
-0.0131474286823
0.0
0.0
0.0
0.0
0.0
0.0
0.0
0.0
0.0
0.0
0.0
0.0
0.0
0.0
0.0
0.0
0.0
0.0
0.0
0.0
0.0
0.0
0.0
0.0
0.0
0.0
0.0
0.0
0.0
0.0
0.0
0.0
0.0
0.0
0.0
0.0
0.0
0.0
0.0
0.000361419494798
0.0
0.0
0.0
0.0
0.0
0.0
0.0
0.000308361964481
0.0
0.0
0.0
0.0
0.0
0.0
0.0
-6.49629858959e-05
0.0
0.0
0.0
0.0
0.0
0.0
0.0
-0.000523563546066
0.0
0.0
0.0
0.0
0.0
0.0
0.0
0.000155699707797
0.0
0.0
0.0
0.0
0.0
0.0
0.0
-0.0585844211137
0.0
0.0
0.0
0.0
0.0
0.0
0.0
-0.0567618193383
0.0
0.0
0.0
0.0
0.0
0.0
0.0
-0.0378023827903
0.0
0.0
0.0
0.0
0.0
0.0
0.0
-0.0554866124155
0.0
0.0
0.0
0.0
0.0
0.0
0.0
-0.0262840167152
-0.00620162017503
-0.000554273102885
0.0229708194049
0.0
0.0
0.0
0.0
0.0
0.0912169109938
0.00209539792822
0.0
0.0
0.0
0.0
0.0
0.0
-0.0117037770088
0.0154676315556
0.0
0.0
0.0
0.0
0.0
0.0
0.0912169109938
0.0
0.0
0.0
0.0
0.0
0.0
0.0
0.0
0.0
0.0
0.0
0.0
0.0
0.0
0.0
0.0
0.0
0.0
0.0
0.0
0.0
0.0
0.0
-0.0978942898085
0.0
0.0
0.0
0.0
0.0
0.0
0.0
-0.0137409155268
-0.0108146735834
0.0
0.0
0.0
0.0
0.0
0.0
-0.0978942898085
-0.0863929611233
0.0
0.0
0.0
0.0
0.0
0.0
-0.00627232074393
-0.0106686044577
-0.0263114900649
0.0
0.0
0.0
0.0
0.0
-0.00928620368896
2.66036882354e-05
0.000941126808138
0.000335356595848
0.038584425368
-0.00706419036381
-0.00494768926494
-0.000779451429365
0.000130241954396
-0.000162062790096
-0.000196132291967
0.000860249046076
0.002109138719
0.00103210560698
0.000761946997681
0.000757518561432
-0.0139367740448
-0.000294947805186
0.000250514493784
0.00206893967474
0.0291179917862
0.0362466302175
-0.0128826715063
-0.00895144976811
0.00222996981669
-3.26865434743e-05
0.000417679173019
-6.67519827135e-05
0.00512264565274
0.0176779425142
0.00336951454326
0.00295457249585
-0.0160165155344
0.000218419951373
0.000838044295448
0.000790988416724
0.06027644328
0.000535013383469
0.00788393242028
0.0164001828231
0.00260114173383
-0.040644613631
0.000644643641388
-0.0585844211137
-0.064122039919
0.016136556677
0.00788393242028
-0.0368362017628
-0.00970868749933
-0.0513618524912
-0.00548667400074
-0.0567618193383
-0.0700802126405
-0.0328783737579
-0.0230215800347
-0.0480976978292
0.000218752012292
-0.0298626357717
0.000475540964301
-0.0378023827903
-0.00759508108141
-0.0100834808673
0.00686406784968
-0.0247805155616
-0.0116447373509
-0.0533113365823
-0.0048153818646
-0.0554866124155
-0.0653917002378
-0.0366227539004
-0.0231307507436
-0.0517963879482
6.14645438624e-05
-0.0154184577159
-0.000720677064058
-0.0262840167152
-0.0201032852597
-0.00806734378626
-0.00794647314117
-0.0150130039362
0.00267993483437
0.00438733711867
0.00188850243514
0.00736447017926
0.0
-0.00138532649625
-0.00172629409485
-0.00191376796738
0.00753283761728
0.00950759274417
0.00425275688615
0.00644557532513
0.00507655991815
0.00589838869923
0.00651017055344
0.00315402763675
0.0110488212838
0.010992762798
0.00687761871373
0.0037128561912
0.00264423033696
0.00327553258049
0.000478378948399
0.00391561899757
-0.0179460624098
-0.00683101832058
-0.00544640673933
-0.00639143503404
-0.00687691058309
-0.020349412831
-0.00329833984926
0.00102377644157
-0.0273242428114
-0.014188049598
-0.0125796192439
-0.0114436106372
-0.0116706652654
-0.021591648561
-0.0190282551782
-0.0192332559439
0.0221992098657
0.0235310858537
0.0222301050428
0.0261480274525
0.0
0.0261448045009
0.0
0.0181868128452
0.00713026086669
0.0
0.0
0.00713026086669
0.0
0.0
0.0
0.00713026086669
0.0
0.0
0.0
0.0
0.0
0.0
0.0
0.0
0.0
0.0
0.0
0.0
0.0
0.0
0.0
0.0
0.0
0.0
0.0
0.0
0.0
0.0
0.0
0.0
0.0
0.0
0.0
0.0
0.0
0.0
0.0
0.0
0.0
0.0
0.0
0.0
0.0
0.0
0.0
0.0
0.0
0.100275559493
0.0
0.100275559493
0.0
0.100275559493
0.0
0.0
0.0
0.100275559493
0.0
0.100275559493
0.0
0.0
0.0
0.100275559493
0.0
0.0
0.0
0.0
0.0
0.0
0.0
0.0
0.0
0.0
0.0
0.0
0.0
0.0
0.0
0.0
0.0
0.0
0.0
0.0
0.0
0.0
0.0
0.0
0.0
0.0
0.0
0.0
0.0
0.0
0.0
0.0
0.0
0.0
0.0
0.0
0.0
0.0
0.0
0.0
0.0
0.0
0.0
0.0
0.0
0.0
0.0
0.0
0.0
0.0
0.0
0.0
0.0
0.0
0.0
0.0
0.0
0.0
0.0
0.0
0.0
0.0
0.0
0.0
0.0
0.0
0.0
0.0
0.0
0.0
0.0
0.0
0.0
0.0
0.0
0.0
0.0
0.0
0.0
0.0
0.0
0.0
0.0
0.0
0.0
0.0
0.0
0.0
0.0
0.0
0.0
0.0
0.0
0.0
0.0
0.0
0.0
0.0
0.0
0.0
0.0
0.0
0.0
0.0
0.0
0.0
0.0
0.0
0.0
0.0
0.0
0.0
0.0
0.0
0.0
0.0
0.0
0.0
0.0
0.0
0.0
0.0
0.0
0.0
0.0
0.0
0.0
0.0
0.0
0.0
0.0
0.0
0.0
0.0
0.0
0.0
0.0
0.0
0.0
0.0
0.0
0.0
0.0
0.0
0.0
0.0
0.0
0.0
0.0
0.0
0.0
0.0
0.0
0.0
0.0
0.0
0.0
0.0
0.0
0.0
0.0
0.0
0.0
0.0
0.0
0.0
0.0
0.0
0.0
0.0
0.0
0.0
0.0
0.0
0.0
0.0
0.00267993483437
0.00438733711867
0.00188850243514
0.00736447017926
0.0
-0.00138532649625
-0.00172629409485
-0.00191376796738
0.0
0.0
0.0
0.0
0.0
0.0
0.0
0.0
0.0
0.0
0.0
0.0
0.0
0.0
0.0
0.0
0.0
0.0
0.0
0.0
0.0
0.0
0.0
0.0
0.0
0.0
0.0
0.0
0.0
0.0
0.0
0.0
0.0
0.0
0.0
0.0
0.0
0.0
0.0
0.0
0.0
0.0
0.0
0.0
0.0
0.0
0.0
0.0
0.0
0.0
0.0
0.0
0.0
0.0
0.0
0.0
0.0
0.0
0.0
-0.000469103136929
0.0
0.0
0.0
0.0
0.0
0.0
0.0
0.0
0.0
0.0
0.0
0.0
0.0
0.0
0.0
0.0
0.0
0.0
0.0
0.0
0.0
0.0
0.0
0.0
0.0
0.0
0.0
0.0
0.0334072674673
0.0
0.0
0.0
0.0
0.0
0.0
0.0
0.100275559493
0.0
0.0
0.0
0.0
0.0
0.0
0.0
4.9891619279e-05
0.0
0.0
0.0
0.0
0.0
0.0
0.0
0.0
0.0
0.0
0.0
0.0
0.0
0.0
0.0
0.0172039294147
0.0136621027215
0.0370119095374
0.0244950645656
0.018751932352
0.100275559493
0.0
0.0
0.00902930189859
0.0046597246058
0.000423290790521
-0.00337095504462
-0.00530155108289
0.0
-0.00530155108289
4.9891619279e-05
0.0
0.0
0.0
0.0
0.0
0.0
0.0
0.0
0.0565100554046
-0.0141609297211
-0.0247165471908
-0.0182321342904
-0.00659058700771
-0.00378858007041
-0.00263449026282
-0.00555381730308
0.00189432595861
0.000591341896867
-0.000968801084672
0.00114516357067
0.00100939838876
0.000941916991222
0.000200948574683
0.000100503745427
0.0596055335815
-0.0462662700219
-0.0151965412188
-0.011555726456
-0.0049583537424
-0.00399514730232
-0.00215161682282
-0.00213508217133
0.00209539792822
0.00504107707599
0.00425888534787
0.00295513370688
0.0060090010273
0.0791334229814
0.0288512186001
0.0238829626392
0.0912169109938
-0.0267569121144
-0.0413066249611
-0.0327829838348
-0.023550462521
-0.0259564044233
-0.0200999233291
-0.0163052656558
-0.0978942898085
-0.0863929611233
-0.0747789270942
-0.0686994370007
-0.0666031645939
-0.0259564044233
-0.0177027309472
-0.0585844211137
-0.0863929611233
-0.0747789270942
-0.0686994370007
-0.0666031645939
-0.0620558000083
-0.0212005707365
-0.0154274643189
-0.0567618193383
-0.0500677378401
-0.0501390138853
-0.0461150373969
-0.0430814001268
-0.0424103586378
-0.0167366128044
-0.0138239635365
-0.0378023827903
-0.0747789270942
-0.0686994370007
-0.0666031645939
-0.0620558000083
-0.0582599007052
-0.015129918899
-0.0103918303449
-0.0554866124155
-0.0546293218129
-0.0570714191445
-0.0575387253214
-0.057968853764
-0.0585844211137
-0.0398900319398
-0.0229151752314
-0.0262840167152
0.0
0.100275559493
0.0
0.0
-0.064122039919
0.016136556677
0.00788393242028
-0.0368362017628
-0.00870423210186
-0.00870423210186
-0.00870423210186
-0.00870423210186
-0.0194098270333
-0.000446205347813
0.0
0.0
-0.0427245919819
0.00953093396773
-0.0611101702997
0.0
0.0
0.0
0.0
0.0
-0.00192012224303
-0.0204996827748
-0.0172488275528
-0.0243751861208
-0.0220527955125
-0.0144126772149
-0.0115367436206
-0.0140520551285
0.0
0.0
0.0
0.0
-0.0427245919819
0.00953093396773
-0.0611101702997
-0.0175760862191
-0.0392914643131
-0.0401067519981
-0.0401067519981
-0.0401067519981
-0.0401067519981
-0.0401067519981
-0.0401067519981
-0.0401067519981
0.0
0.0
0.0
0.100275559493
0.0
0.0
0.0
0.0
0.0
0.0
0.0
0.0
0.0
0.0
0.0
0.0
0.0
0.0
0.100275559493
0.0
0.100275559493
0.100275559493
0.0
0.100275559493
0.0
0.100275559493
0.0
0.0
0.0
0.0
0.0
0.0
0.0
0.0
0.0
0.0
0.0
0.0
0.0
0.0
0.0810141448517
0.0899312816428
0.0923171849868
0.094192947483
0.0952001084381
0.0949731510236
0.0946699015208
0.0944714104216
0.0124990722183
0.0344672947169
0.0333930854126
0.0802774456522
0.0292908535271
0.035303416514
0.0195001611315
0.0240605775051
0.0
0.0
0.0
0.0
0.0
0.0
0.0
0.0
-0.01108556913
-0.0151783522667
-0.012361014014
-0.0166872006492
0.0
0.0
0.0
0.0
0.0
0.0
0.0
0.0
0.0
0.0
0.0
0.0
0.0
0.0
0.0
0.0
0.0
0.0
0.0
0.0
0.0
0.0
0.0
0.0
0.0
0.0
0.0
0.0
0.0
0.0
0.0
0.0
0.0
0.0
0.0
0.0
0.0
0.0
0.0
0.0
0.0
0.0
0.0
0.0
0.0
0.0
0.0
0.0
0.0
0.0
0.0
0.0
0.0
0.0
0.0
0.0
0.0
0.0
0.0
0.0
0.0
0.0
0.0
0.0
0.0
0.0
0.0
0.0
0.0
0.0
0.0
0.0
0.0
0.0
0.0
0.0
-0.0132802850365
-0.013703930353
-0.0142787576476
-0.0158541515465
-0.0169299079771
-0.0177756972825
-0.0180733937313
-0.00257745072088
0.0
0.0
0.0
0.0
0.0
0.0
0.0
0.0
-0.0133478874384
-0.0135475984728
-0.0138796849912
-0.0136698564865
-0.0139246738626
-0.0139246738626
-0.0139246738626
-0.0139246738626
0.0
0.0
0.0
0.0
0.0
0.0
0.0
0.0
0.0
0.0
0.0
0.0
0.0
0.0
0.0
-0.00719063389139
0.0
0.0
0.0
0.0
0.0
0.0
0.0
0.0
0.0
0.0
0.0
0.0
0.0
0.0
0.0
0.0
0.0
0.0
0.0
0.0
0.0
0.0
0.0
0.0
0.0
0.100275559493
0.100275559493
0.100275559493
0.100275559493
0.100275559493
0.100275559493
0.100275559493
0.0
0.0
0.0
0.0
0.0
0.0
0.0
-0.00452304490928
0.0
0.0
0.0
0.0
0.0
0.0
0.0
0.000185745002587
0.0
0.0
0.0
0.0
0.0
0.0
0.0
-0.00259315241469
0.0
0.0
0.0
0.0
0.0
0.0
0.0
0.025716136385
0.0
0.0
0.0
0.0
0.0
0.0
0.0
-0.0585844211137
0.0
0.0
0.0
0.0
0.0
0.0
0.0
0.00205820857082
0.0
0.0
0.0
0.0
0.0
0.0
0.0
-0.00361047964339
0.0
0.0
0.0
0.0
0.0
0.0
0.0
-0.000162273232093
0.0
0.0
0.0
0.0
0.0
0.0
0.0
-0.00304472895676
0.0
0.0
0.0
0.0
0.0
0.0
0.0
0.00117587358568
-0.0132609809201
-0.00735040985633
-0.000554273102885
0.0
0.0
0.0
0.0
0.0
-0.0912169109938
0.0903403092964
0.0
0.0
0.0
0.0
0.0
0.0
-0.00403498939365
-0.0117037770088
0.0
0.0
0.0
0.0
0.0
0.0
-0.0912169109938
0.0
0.0
0.0
0.0
0.0
0.0
0.0
0.0
0.0
0.0
0.0
0.0
0.0
0.0
0.0
0.0
0.0
0.0
0.0
0.0
0.0
0.0
0.0
0.0629329971126
0.0
0.0
0.0
0.0
0.0
0.0
0.0
-0.0117037770088
-0.0137409155268
0.0
0.0
0.0
0.0
0.0
0.0
0.0629329971126
-0.0346416238308
0.0
0.0
0.0
0.0
0.0
0.0
-0.00620162017503
0.00306066082094
-0.0106686044577
0.0
0.0
0.0
0.0
0.0
0.000711934897375
-0.00134797773111
0.000335356595848
-0.00452304490928
-0.00477872854747
0.0502532030883
-0.00424794662337
-0.00736055103002
0.000153183050883
0.000528685099333
0.000860249046076
0.000185745002587
0.000649819319623
0.00189711457568
0.000651627318246
0.000248166416577
0.00130730199283
0.000231024677821
0.00206893967474
-0.00259315241469
-0.00590212444178
-0.00395477547604
0.0588304458757
-0.00949021147363
0.000191794170287
0.0244248442781
-6.67519827135e-05
0.025716136385
0.0877801899132
0.00311198801422
0.00259672888667
0.0219881219304
0.00099156922186
-0.0435022183257
0.000790988416724
-0.0585844211137
-0.0566804914493
0.0445922668608
0.0127684686875
-0.0395176942443
-0.0162169067257
0.00309072992566
0.000357412423708
0.000644643641388
0.0326989091822
0.000535013383469
0.0127684686875
0.0214996440141
-0.0124092169706
-0.00701279223972
-0.0038010614376
-0.00548667400074
-0.0471940819265
-0.051601190159
-0.0234799202983
-0.0174468169768
-0.00809387249341
-0.000126014086457
0.000198933299332
0.000475540964301
-0.00448561286241
-0.0077602482757
-0.00709444216808
-0.00437757286141
-0.0130207219115
-0.00914672038775
-0.00539004279224
-0.0048153818646
-0.0469415815531
-0.0558344751221
-0.023023222836
-0.0149935983383
-0.00849476246773
0.00126906394161
-0.000603299228848
-0.000720677064058
-0.0134152298541
-0.0176192820241
-0.00843405256234
-0.00724202274981
0.00810659607374
0.00337653495944
0.00367058315567
0.00452359826319
0.0
0.00462000530722
-0.00191376796738
-0.00172629409485
0.0112670448931
0.00695078130461
0.00587677806266
0.00595657373816
0.00264077688793
0.00291032701982
0.00315402763675
0.00651017055344
0.00961116169781
0.0109349665369
0.00510688308237
0.00437221012329
0.0047204693399
-0.0017337121842
0.00391561899757
0.000478378948399
-0.0178097434609
-0.00373840534012
-0.0082219788327
-0.00789508205037
-0.00666078517214
-0.0195974317909
0.00102377644157
-0.00329833984926
-0.0263344265068
-0.0137196411259
-0.0117243525647
-0.0103388110014
-0.00864287767734
-0.0224664982226
-0.0192332559439
-0.0190282551782
0.0
0.0
0.0
0.0
0.0293211560316
0.0
0.0181868128452
0.0
0.0
0.0
0.0
0.0
0.00713026086669
0.0
0.00713026086669
0.0
0.0
0.0
0.0
0.0
0.0
0.0
0.0
0.0
0.0
0.0
0.0
0.0
0.0
0.0
0.0
0.0
0.0
0.0
0.0
0.0
0.0
0.0
0.0
0.0
0.0
0.0
0.0
0.0
0.0
0.0
0.0
0.0
0.0
0.0
0.0
0.0
0.0
0.0
0.0
0.0
0.0
0.0
0.0
0.0
0.0
0.0
0.0
0.0
0.0
0.0
0.0
0.0
0.100275559493
0.0
0.100275559493
0.0
0.0
0.0
0.0
0.0
0.0
0.0
0.0
0.0
0.0
0.0
0.0
0.0
0.0
0.0
0.0
0.0
0.0
0.0
0.0
0.0
0.0
0.0
0.0
0.0
0.0
0.0
0.0
0.0
0.0
0.0
0.0
0.0
0.0
0.0
0.0
0.0
0.0
0.0
0.0
0.0
0.0
0.0
0.0
0.0
0.0
0.0
0.0
0.0
0.0
0.0
0.0
0.0
0.0
0.0
0.0
0.0
0.0
0.0
0.0
0.0
0.0
0.0
0.0
0.0
0.0
0.0
0.0
0.0
0.0
0.0
0.0
0.0
0.0
0.0
0.0
0.0
0.0
0.0
0.0
0.0
0.0
0.0
0.0
0.0
0.0
0.0
0.0
0.0
0.0
0.0
0.0
0.0
0.0
0.0
0.0
0.0
0.0
0.0
0.0
0.0
0.0
0.0
0.0
0.0
0.0
0.0
0.0
0.0
0.0
0.0
0.0
0.0
0.0
0.0
0.0
0.0
0.0
0.0
0.0
0.0
0.0
0.0
0.0
0.0
0.0
0.0
0.0
0.0
0.0
0.0
0.0
0.0
0.0
0.0
0.0
0.0
0.0
0.0
0.0
0.0
0.0
0.0
0.0
0.0
0.0
0.0
0.0
0.0
0.0
0.0
0.0
0.0
0.0
0.0
0.0
0.0
0.0
0.0
0.0
0.0
0.0
0.0
0.0
0.0
0.0
0.0
0.0
0.0
0.0
0.0
0.0
0.0
0.0
0.0
0.0
0.0
0.00810659607374
0.00337653495944
0.00367058315567
0.00452359826319
0.0
0.00462000530722
-0.00191376796738
-0.00172629409485
0.0
0.0
0.0
0.0
0.0
0.0
0.0
0.0
0.0
0.0
0.0
0.0
0.0
0.0
0.0
0.0
0.0
0.0
0.0
0.0
0.0
0.0
0.0
0.0
0.0
0.0
0.0
0.0
0.0
0.0
0.0
0.0
0.0
0.0
0.0
0.0
0.0
0.0
0.0
0.0
0.0
0.0
0.0
0.0
0.0
0.0
0.0
0.0
0.0
0.0
0.0
0.0
0.0
0.0
0.0
0.0
0.0
0.0
0.0
0.0
0.0
0.0
0.0
0.0
0.0
0.0
0.0
0.0
0.0
0.0
0.0
0.0
0.0
0.0
0.0
0.0
0.0
0.0
0.0
0.0
0.0
0.0
0.0
0.0
0.0
0.0
0.0
0.0
-0.0318997079558
0.0
0.0
0.0
0.0
0.0
0.0
0.0
0.0
0.0
0.0
0.0
0.0
0.0
0.0
0.0
0.0
0.0
0.0
0.0
0.0
0.0
0.0
0.0
0.0
0.0
0.0
0.0
0.0
0.0
0.0
0.0
0.0910977488814
0.089126020149
0.0803128788162
0.0854721370285
0.100275559493
0.0
0.0
0.0
0.00867025577058
0.00744696658207
0.00295619756131
0.00380788600962
0.00246379491094
0.0
0.00215589324712
-0.000646340352951
0.0
0.0
0.0
0.0
0.0
0.0
0.0
0.0
-0.0329183443384
-0.032353160896
-0.0211701031854
-0.0105727512655
-0.00851963622206
-0.00614837834245
-0.00555381730308
-0.00452304490928
0.000865356994683
0.000607356141944
0.00179506308701
0.00137158101515
0.000923028363066
0.000204993670884
0.000100503745427
0.000185745002587
-0.0478734813073
-0.0197557682933
-0.0126010295353
-0.00677132346991
-0.00515896032454
-0.0030418929331
-0.00213508217133
-0.00259315241469
0.0903403092964
0.0927091399475
0.0946751912901
0.0959763531405
0.0958105025647
0.0383586621663
0.0238829626392
0.025716136385
-0.0912169109938
-0.0863929611233
-0.0747789270942
-0.0686994370007
-0.0666031645939
-0.0259227655878
-0.0163052656558
-0.0585844211137
0.0629329971126
-0.0346416238308
-0.0413066249611
-0.0327829838348
-0.023550462521
-0.0259227655878
-0.0188955358457
-0.0177027309472
-0.0346416238308
-0.0413066249611
-0.0327829838348
-0.023550462521
-0.0248720967473
-0.0213504349528
-0.0144970343948
-0.0154274643189
0.0304874375901
-0.0192514236454
-0.0235613266366
-0.021187449692
-0.0138487278079
-0.0155192989279
-0.00941783935109
-0.0138239635365
-0.0413066249611
-0.0327829838348
-0.023550462521
-0.0248720967473
-0.022067244252
-0.0175969190308
-0.010992795526
-0.0103918303449
0.0155740776383
-0.017107715551
-0.0193192323502
-0.0193271829491
-0.0123366820052
-0.0334564510298
-0.0326258223173
-0.0229151752314
0.0
0.0
0.0
0.0
0.060446104817
0.000535013383469
0.0569346549074
0.0705276288577
-0.00862629988622
-0.00862629988622
-0.00862629988622
-0.00862629988622
-0.00494168462829
-0.0333919511591
0.0
0.0
0.0138379806032
-0.0405950831473
0.00679104319603
0.0
0.0
0.0
0.0
0.0
-0.0307775748262
-0.0127141115187
-0.0101637365962
-0.00869010128287
-0.0132461942335
-0.0202476808175
-0.0194102001991
-0.00997238019271
0.0
0.0
0.0
0.0
0.0138379806032
-0.0405950831473
0.00679104319603
-0.0125505616076
-0.00184097984967
-0.00167771485922
-0.00167771485922
-0.00167771485922
-0.00167771485922
-0.00167771485922
-0.00167771485922
-0.00167771485922
0.0
0.100275559493
0.100275559493
0.0
0.0
0.0
0.100275559493
0.0
0.0
0.0
0.0
0.0
0.0
0.0
0.0
0.0
0.100275559493
0.100275559493
0.0
0.100275559493
0.0
0.0
0.0
0.0
0.0
0.0
0.100275559493
0.0
0.0
0.0
0.0
0.0
