1.0
1.0
1.0
1.0
1.0
1.0
1.0
1.0
0.11171122836
0.093663882252
0.0955692424606
0.119438601243
0.12383073971
0.11171122836
0.11128882367
0.0894089448792
1.0
1.0
1.0
1.0
1.0
1.0
1.0
1.0
1.0
1.0
1.0
1.0
1.0
1.0
1.0
1.0
1.0
1.0
1.0
1.0
1.0
1.0
1.0
1.0
1.0
1.0
1.0
1.0
1.0
1.0
0.0492862596859
0.0284785792092
1.0
1.0
1.0
1.0
1.0
0.0492862596859
0.0107676379688
0.100026453923
1.0
1.0
1.0
1.0
1.0
1.0
1.0
1.0
1.0
1.0
1.0
1.0
1.0
1.0
1.0
1.0
1.0
1.0
1.0
1.0
1.0
1.0
1.0
1.0
1.0
1.0
1.0
1.0
1.0
1.0
1.0
1.0
1.0
1.0
1.0
1.0
1.0
1.0
1.0
1.0
1.0
1.0
1.0
1.0
1.0
1.0
1.0
1.0
1.0
1.0
1.0
1.0
1.0
1.0
1.0
1.0
1.0
1.0
1.0
1.0
1.0
1.0
1.0
1.0
1.0
1.0
1.0
1.0
1.0
1.0
1.0
1.0
1.0
1.0
1.0
1.0
1.0
1.0
1.0
1.0
1.0
1.0
0.0938663354651
1.0
1.0
0.0938663354651
1.0
0.0938663354651
1.0
1.0
1.0
1.0
1.0
1.0
1.0
1.0
0.11171122836
0.093663882252
0.0955692424606
1.0
1.0
1.0
1.0
1.0
0.119438601243
0.12383073971
0.11171122836
1.0
1.0
1.0
1.0
1.0
1.0
1.0
1.0
1.0
1.0
1.0
1.0
1.0
1.0
1.0
1.0
1.0
0.122691117806
0.10793438041
0.104285772044
0.135077320911
1.0
1.0
1.0
1.0
0.0931557541357
0.118174536546
0.120143443516
0.131584889372
1.0
0.00879190951262
0.0578912852674
0.0857148608011
1.0
1.0
1.0
1.0
0.13840789119
0.136037905896
0.112634650959
0.100404315004
1.0
1.0
1.0
1.0
0.113051762949
0.102641051279
0.117217007343
0.0839184405111
1.0
1.0
1.0
1.0
0.109409857152
0.109409857152
0.0894089448792
1.0
0.0894089448792
0.0894089448792
0.0752903782035
0.11128882367
1.0
0.109409857152
1.0
1.0
0.109409857152
0.109409857152
0.0752903782035
0.0949718329165
0.0991707823156
0.0991707823156
0.0991707823156
0.0991707823156
0.0991707823156
0.0991707823156
0.0991707823156
0.0991707823156
0.166576749132
0.167829433821
0.165203005696
0.154433187707
0.131087955802
0.104285772044
0.0819653379854
0.0998369646422
0.0752903782035
0.0752903782035
0.0752903782035
1.0
1.0
1.0
1.0
0.11171122836
0.111879720325
0.11171122836
0.11171122836
0.105008120562
0.105992943785
0.105992943785
0.105992943785
0.130803083319
0.0752903782035
0.111879720325
0.11171122836
0.104376351521
0.105008120562
0.105008120562
0.105008120562
0.131938611096
0.0752903782035
0.0752903782035
0.111879720325
0.103466825998
0.104376351521
0.104376351521
0.104376351521
0.133203651696
1.0
1.0
1.0
1.0
0.103466825998
0.103466825998
0.103466825998
0.104376351521
1.0
1.0
1.0
1.0
1.0
1.0
1.0
0.103466825998
1.0
1.0
1.0
1.0
1.0
1.0
1.0
1.0
1.0
1.0
1.0
1.0
1.0
1.0
1.0
1.0
1.0
0.0719141446695
0.0486973988521
0.0486973988521
0.0798438174552
0.0486973988521
0.0601670244294
0.0601670244294
1.0
0.0719141446695
0.0486973988521
0.0486973988521
0.0798438174552
0.0486973988521
0.0601670244294
0.0601670244294
1.0
0.0719141446695
0.0486973988521
0.0486973988521
0.0798438174552
0.0486973988521
0.0601670244294
0.0601670244294
1.0
0.0719141446695
0.0486973988521
0.0486973988521
0.0798438174552
0.0486973988521
0.0601670244294
0.0601670244294
1.0
0.0719141446695
0.0486973988521
0.0486973988521
0.0798438174552
0.0486973988521
0.0601670244294
0.0601670244294
1.0
0.0719141446695
0.0486973988521
0.0486973988521
0.0798438174552
0.0486973988521
0.0601670244294
0.0601670244294
1.0
0.051011677814
0.0486973988521
0.0486973988521
0.0798438174552
0.0486973988521
0.0807937782029
0.0601670244294
0.0601670244294
0.105367352737
0.0928494942303
0.0549996548716
0.0949718329165
0.103558154246
0.11171122836
0.062204653714
0.0640271378962
0.105367352737
0.0967525790063
0.101529107758
0.0921307868471
0.106526103881
0.106526103881
1.0
1.0
0.0903607157936
0.114211137737
0.0549996548716
0.0719141446695
0.110694607483
0.0854924337697
1.0
1.0
0.0903607157936
0.0921307868471
0.0549996548716
0.0987880065343
0.101529107758
0.0854924337697
0.0640271378962
1.0
0.0941691694449
0.106968277988
0.125556771831
0.0921307868471
0.0963598101707
0.0987880065343
0.0640271378962
1.0
1.0
0.0941691694449
0.106968277988
0.0938663354651
0.0941691694449
1.0
0.0640271378962
1.0
1.0
1.0
0.0941691694449
0.0941691694449
1.0
0.100026453923
0.100026453923
1.0
1.0
1.0
1.0
1.0
1.0
1.0
0.0614290709857
1.0
1.0
1.0
1.0
1.0
1.0
1.0
1.0
0.130660397016
1.0
1.0
1.0
0.103558154246
0.0765484109995
0.0807937782029
1.0
1.0
1.0
1.0
1.0
1.0
1.0
1.0
1.0
1.0
0.0504431630951
1.0
0.0504431630951
1.0
0.0328797782056
1.0
1.0
1.0
1.0
1.0
1.0
1.0
1.0
1.0
1.0
1.0
1.0
1.0
1.0
0.0765484109995
0.0807937782029
1.0
1.0
1.0
1.0
1.0
1.0
1.0
1.0
1.0
1.0
1.0
1.0
1.0
1.0
1.0
1.0
0.11171122836
1.0
1.0
1.0
1.0
1.0
1.0
1.0
1.0
1.0
1.0
1.0
1.0
1.0
1.0
1.0
1.0
1.0
1.0
1.0
1.0
1.0
1.0
1.0
1.0
1.0
1.0
1.0
1.0
1.0
0.0925421844688
0.0896213522104
1.0
1.0
1.0
1.0
1.0
1.0
1.0
1.0
1.0
1.0
1.0
1.0
1.0
1.0
0.11171122836
0.0991707823156
1.0
1.0
1.0
1.0
1.0
1.0
1.0
1.0
1.0
1.0
1.0
1.0
1.0
1.0
1.0
1.0
1.0
1.0
1.0
1.0
1.0
1.0
1.0
1.0
1.0
1.0
1.0
1.0
1.0
1.0
1.0
1.0
1.0
1.0
1.0
1.0
1.0
1.0
1.0
1.0
1.0
1.0
1.0
1.0
1.0
1.0
1.0
1.0
1.0
1.0
1.0
1.0
1.0
1.0
1.0
1.0
1.0
1.0
1.0
1.0
1.0
1.0
1.0
1.0
1.0
1.0
1.0
1.0
1.0
1.0
1.0
1.0
1.0
1.0
1.0
1.0
1.0
1.0
1.0
1.0
1.0
1.0
1.0
1.0
1.0
1.0
1.0
1.0
1.0
1.0
1.0
1.0
1.0
1.0
1.0
1.0
1.0
1.0
1.0
1.0
1.0
1.0
1.0
1.0
1.0
1.0
1.0
0.0288153368752
1.0
1.0
1.0
1.0
1.0
1.0
1.0
1.0
1.0
1.0
1.0
1.0
1.0
1.0
1.0
1.0
1.0
1.0
1.0
1.0
1.0
1.0
0.0827752958918
0.0603262458207
1.0
1.0
1.0
1.0
1.0
1.0
1.0
1.0
1.0
1.0
1.0
1.0
1.0
1.0
0.0858258516232
0.053763214958
0.044571365136
0.0563791381714
0.0534046258186
1.0
1.0
1.0
0.0902554756638
0.087907248445
0.0883389940369
0.0887685724455
0.0881233941259
0.0754171481103
0.0660888527205
0.0693407157856
0.0608013714589
0.0479008825118
0.0432562054051
0.0124331570427
1.0
1.0
1.0
1.0
1.0
1.0
1.0
1.0
0.136174535294
0.113218154378
0.0935624853801
1.0
1.0
1.0
1.0
1.0
1.0
1.0
1.0
1.0
1.0
1.0
1.0
1.0
1.0
1.0
1.0
1.0
1.0
1.0
1.0
1.0
1.0
1.0
1.0
1.0
1.0
1.0
1.0
1.0
1.0
1.0
1.0
1.0
1.0
1.0
1.0
1.0
1.0
1.0
1.0
1.0
1.0
1.0
1.0
1.0
1.0
1.0
1.0
1.0
1.0
1.0
1.0
0.133273553025
0.139010253267
1.0
0.119360012863
1.0
1.0
1.0
1.0
1.0
1.0
0.0107676379688
0.0523139413527
0.0796045090644
0.122691117806
0.125556771831
0.112968470371
0.119281369574
0.1220786881
0.113715789043
0.0935624853801
0.102271805161
0.100498548998
0.118887325674
0.125034147342
0.121694254686
0.11959561371
0.104737850423
0.118095056373
0.0831199372451
1.0
1.0
1.0
0.0402584310638
1.0
1.0
1.0
1.0
1.0
1.0
1.0
1.0
1.0
1.0
1.0
1.0
1.0
1.0
1.0
0.0825447129538
1.0
1.0
1.0
1.0
1.0
1.0
1.0
1.0
1.0
1.0
1.0
1.0
0.00439608219807
0.00761409056495
1.0
1.0
0.125108950604
1.0
0.0835771858031
0.0835771858031
1.0
1.0
1.0
1.0
1.0
1.0
0.0894089448792
0.0585506505813
0.0447867747182
1.0
1.0
1.0
1.0
1.0
1.0
1.0
0.11128882367
0.0894089448792
1.0
1.0
1.0
1.0
1.0
1.0
0.0402584310638
0.0472946098401
0.0400184673933
0.0701637828259
0.052129916992
1.0
1.0
1.0
1.0
1.0
1.0
1.0
1.0
1.0
1.0
1.0
1.0
1.0
1.0
1.0
1.0
1.0
1.0
1.0
1.0
1.0
1.0
1.0
1.0
1.0
1.0
1.0
1.0
1.0
1.0
1.0
1.0
1.0
1.0
1.0
1.0
1.0
1.0
1.0
1.0
1.0
1.0
1.0
0.0870371265466
1.0
0.0870371265466
1.0
1.0
1.0
1.0
1.0
1.0
1.0
1.0
1.0
1.0
1.0
0.0158484617052
0.129440747158
1.0
0.130803083319
0.15154689667
0.152032143542
0.133203651696
1.0
0.130803083319
0.130803083319
1.0
1.0
1.0
1.0
0.0450011448993
1.0
1.0
1.0
1.0
1.0
1.0
1.0
1.0
1.0
1.0
1.0
1.0
1.0
1.0
1.0
1.0
1.0
1.0
1.0
1.0
1.0
1.0
1.0
1.0
1.0
1.0
1.0
1.0
1.0
1.0
1.0
1.0
1.0
1.0
1.0
1.0
1.0
1.0
1.0
1.0
1.0
1.0
1.0
1.0
1.0
1.0
1.0
1.0
1.0
1.0
1.0
1.0
1.0
1.0
1.0
1.0
1.0
1.0
1.0
1.0
1.0
1.0
1.0
1.0
1.0
1.0
1.0
1.0
1.0
1.0
1.0
1.0
1.0
1.0
1.0
1.0
1.0
1.0
1.0
1.0
1.0
1.0
1.0
1.0
1.0
1.0
1.0
1.0
0.0598472921317
1.0
0.0721795861568
0.10793438041
0.0948718851413
0.10819629325
0.117616980768
0.118491892593
0.106437438101
0.121771244596
0.109409857152
1.0
1.0
1.0
1.0
1.0
1.0
1.0
1.0
1.0
1.0
1.0
1.0
1.0
1.0
1.0
1.0
1.0
1.0
1.0
1.0
1.0
1.0
1.0
1.0
1.0
1.0
1.0
1.0
1.0
1.0
0.0496749180656
0.0284785792092
1.0
1.0
1.0
1.0
1.0
0.0496749180656
0.0107676379688
0.0995520263152
1.0
1.0
1.0
1.0
1.0
1.0
1.0
1.0
1.0
1.0
1.0
1.0
1.0
1.0
1.0
1.0
1.0
1.0
1.0
1.0
1.0
1.0
1.0
1.0
1.0
1.0
1.0
1.0
1.0
1.0
1.0
1.0
1.0
1.0
1.0
1.0
1.0
1.0
1.0
1.0
1.0
1.0
1.0
1.0
1.0
1.0
1.0
1.0
1.0
1.0
1.0
1.0
1.0
1.0
1.0
1.0
1.0
1.0
1.0
1.0
1.0
1.0
1.0
1.0
1.0
1.0
1.0
1.0
1.0
1.0
1.0
1.0
1.0
1.0
1.0
1.0
1.0
1.0
1.0
1.0
1.0
1.0
0.0940683370791
1.0
1.0
0.0940683370791
1.0
0.0940683370791
1.0
1.0
1.0
1.0
1.0
1.0
1.0
1.0
0.10793438041
0.0948718851413
0.10819629325
1.0
1.0
1.0
1.0
1.0
0.117616980768
0.118491892593
0.106437438101
1.0
1.0
1.0
1.0
1.0
1.0
1.0
1.0
1.0
1.0
1.0
1.0
1.0
1.0
1.0
1.0
1.0
0.122691117806
0.125631243103
0.106703203907
0.135214998288
1.0
1.0
1.0
1.0
0.10124913083
0.11841263805
0.129296447679
0.130874363852
1.0
0.0116302658709
0.0762985030463
0.0872554961724
1.0
1.0
1.0
1.0
0.138474960494
0.136379202202
0.114540114868
0.112299786035
1.0
1.0
1.0
1.0
0.122767443015
0.0967525790063
0.120999002176
0.0984036810959
1.0
1.0
1.0
1.0
0.100121058482
0.100121058482
0.109409857152
1.0
0.109409857152
0.109409857152
0.078030650624
0.121771244596
1.0
0.100121058482
1.0
1.0
0.100121058482
0.100121058482
0.078030650624
0.0905708168268
0.11171122836
0.11171122836
0.11171122836
0.11171122836
0.11171122836
0.11171122836
0.11171122836
0.11171122836
0.166576749132
0.167883659645
0.165258201809
0.154671029642
0.131087955802
0.104466848885
0.0827752958918
0.0819653379854
0.078030650624
0.078030650624
0.078030650624
1.0
1.0
1.0
1.0
0.106170975375
0.120143443516
0.120221488704
0.120299480156
0.114293475695
0.115358226634
0.115358226634
0.115358226634
0.12972883005
0.078030650624
0.120143443516
0.120221488704
0.113550166299
0.114293475695
0.114293475695
0.114293475695
0.130803083319
0.078030650624
0.078030650624
0.120143443516
0.112383600793
0.113550166299
0.113550166299
0.113550166299
0.131797244827
1.0
1.0
1.0
1.0
0.112383600793
0.112383600793
0.112383600793
0.113550166299
1.0
1.0
1.0
1.0
1.0
1.0
1.0
0.112383600793
1.0
1.0
1.0
1.0
1.0
1.0
1.0
1.0
1.0
1.0
1.0
1.0
1.0
1.0
1.0
1.0
1.0
0.0807937782029
0.0486973988521
0.0486973988521
0.0832344916059
0.0486973988521
0.0625121507182
0.0625121507182
1.0
0.0807937782029
0.0486973988521
0.0486973988521
0.0832344916059
0.0486973988521
0.0625121507182
0.0625121507182
1.0
0.0807937782029
0.0486973988521
0.0486973988521
0.0832344916059
0.0486973988521
0.0625121507182
0.0625121507182
1.0
0.0807937782029
0.0486973988521
0.0486973988521
0.0832344916059
0.0486973988521
0.0625121507182
0.0625121507182
1.0
0.0807937782029
0.0486973988521
0.0486973988521
0.0832344916059
0.0486973988521
0.0625121507182
0.0625121507182
1.0
0.0807937782029
0.0486973988521
0.0486973988521
0.0832344916059
0.0486973988521
0.0625121507182
0.0625121507182
1.0
0.0601670244294
0.0486973988521
0.0486973988521
0.0832344916059
0.0486973988521
0.0823134659417
0.0625121507182
0.0625121507182
0.109409857152
0.106081998688
0.0640271378962
0.107584122832
0.104376351521
0.119517134823
0.0626653244531
0.0629705363694
0.109409857152
0.104013538786
0.101622254638
0.104013538786
0.114375751113
0.114375751113
1.0
1.0
0.0971436983079
0.130660397016
0.062204653714
0.0807937782029
0.117537101326
0.0935624853801
1.0
1.0
0.0971436983079
0.104013538786
0.062204653714
0.110949681451
0.101622254638
0.0935624853801
0.0629705363694
1.0
0.105725307803
0.114786194809
0.125556771831
0.104013538786
0.102548869857
0.110949681451
0.0629705363694
1.0
1.0
0.105725307803
0.114786194809
0.101062030159
0.105725307803
1.0
0.0629705363694
1.0
1.0
1.0
0.105725307803
0.105725307803
1.0
0.100026453923
0.100026453923
1.0
1.0
1.0
1.0
1.0
1.0
1.0
0.0662336200712
1.0
1.0
1.0
1.0
1.0
1.0
1.0
1.0
0.130731761063
1.0
1.0
1.0
0.104376351521
0.0783967246273
0.0823134659417
1.0
1.0
1.0
1.0
1.0
1.0
1.0
1.0
1.0
1.0
0.0560374910805
1.0
0.0560374910805
1.0
0.0504431630951
1.0
1.0
1.0
1.0
1.0
1.0
1.0
1.0
1.0
1.0
1.0
1.0
1.0
1.0
0.0783967246273
0.0823134659417
1.0
1.0
1.0
1.0
1.0
1.0
1.0
1.0
1.0
1.0
1.0
1.0
1.0
1.0
1.0
1.0
0.106170975375
1.0
1.0
1.0
1.0
1.0
1.0
1.0
1.0
1.0
1.0
1.0
1.0
1.0
1.0
1.0
1.0
1.0
1.0
1.0
1.0
1.0
1.0
1.0
1.0
1.0
1.0
1.0
1.0
1.0
0.100498548998
0.0975331879197
1.0
1.0
1.0
1.0
1.0
1.0
1.0
1.0
1.0
1.0
1.0
1.0
1.0
1.0
0.106170975375
0.11171122836
1.0
1.0
1.0
1.0
1.0
1.0
1.0
1.0
1.0
1.0
1.0
1.0
1.0
1.0
1.0
1.0
1.0
1.0
1.0
1.0
1.0
1.0
1.0
1.0
1.0
1.0
1.0
1.0
1.0
1.0
1.0
1.0
1.0
1.0
1.0
1.0
1.0
1.0
1.0
1.0
1.0
1.0
1.0
1.0
1.0
1.0
1.0
1.0
1.0
1.0
1.0
1.0
1.0
1.0
1.0
1.0
1.0
1.0
1.0
1.0
1.0
1.0
1.0
1.0
1.0
1.0
1.0
1.0
1.0
1.0
1.0
1.0
1.0
1.0
1.0
1.0
1.0
1.0
1.0
1.0
1.0
1.0
1.0
1.0
1.0
1.0
1.0
1.0
1.0
1.0
1.0
1.0
1.0
1.0
1.0
1.0
1.0
1.0
1.0
1.0
1.0
1.0
1.0
1.0
1.0
1.0
1.0
0.0288153368752
1.0
1.0
1.0
1.0
1.0
1.0
1.0
1.0
1.0
1.0
1.0
1.0
1.0
1.0
1.0
1.0
1.0
1.0
1.0
1.0
1.0
1.0
0.0817324060576
0.0625121507182
1.0
1.0
1.0
1.0
1.0
1.0
1.0
1.0
1.0
1.0
1.0
1.0
1.0
1.0
0.0770457369469
0.0421286445785
0.030124621678
0.044571365136
0.0181227086344
0.0534046258186
1.0
1.0
0.0901501085349
0.0876905529583
0.087907248445
0.0883389940369
0.0864887148031
0.0700272901239
0.0567187010374
0.0660888527205
0.0713802376806
0.0354204219755
0.0206152685755
0.0432562054051
0.0124331570427
1.0
1.0
1.0
1.0
1.0
1.0
1.0
0.159976347734
0.101622254638
0.113218154378
1.0
1.0
1.0
1.0
1.0
1.0
1.0
1.0
1.0
1.0
1.0
1.0
1.0
1.0
1.0
1.0
1.0
1.0
1.0
1.0
1.0
1.0
1.0
1.0
1.0
1.0
1.0
1.0
1.0
1.0
1.0
1.0
1.0
1.0
1.0
1.0
1.0
1.0
1.0
1.0
1.0
1.0
1.0
1.0
1.0
1.0
1.0
1.0
1.0
1.0
1.0
1.0
0.133761761335
0.133063730455
1.0
0.120377417975
1.0
1.0
1.0
1.0
1.0
1.0
0.0107676379688
0.0652133799485
0.0805573660542
0.122691117806
0.125556771831
0.12972883005
0.135421231223
0.13793741714
0.129440747158
0.104557264349
0.10078070007
0.100592691002
0.118887325674
0.124809450606
0.130374521554
0.117935925836
0.098692071161
0.122538315621
0.0978242473577
1.0
1.0
1.0
0.0402584310638
1.0
1.0
1.0
1.0
1.0
1.0
1.0
1.0
1.0
1.0
1.0
1.0
1.0
1.0
1.0
0.0800823920743
1.0
1.0
1.0
1.0
1.0
1.0
1.0
1.0
1.0
1.0
1.0
1.0
0.00879190951262
0.0116302658709
0.00761409056495
0.00621693898978
0.121540119339
1.0
0.0844840468368
0.0844840468368
1.0
1.0
1.0
1.0
1.0
1.0
0.0964581581239
0.0593644177379
0.0450011448993
1.0
1.0
1.0
1.0
1.0
1.0
1.0
0.121771244596
0.109409857152
1.0
1.0
1.0
1.0
1.0
1.0
0.0402584310638
0.0476996556651
0.0407340902584
0.0708422226319
0.0539416052231
1.0
1.0
1.0
1.0
1.0
1.0
1.0
1.0
1.0
1.0
1.0
1.0
1.0
1.0
1.0
1.0
1.0
1.0
1.0
1.0
1.0
1.0
1.0
1.0
1.0
1.0
1.0
1.0
1.0
1.0
1.0
1.0
1.0
1.0
1.0
1.0
1.0
1.0
1.0
1.0
1.0
1.0
1.0
0.0876905529583
1.0
0.0876905529583
1.0
1.0
1.0
1.0
1.0
1.0
1.0
1.0
1.0
1.0
1.0
0.0228369734004
0.141391902659
1.0
0.12972883005
0.15154689667
0.152032143542
0.131797244827
1.0
0.12972883005
0.12972883005
1.0
1.0
1.0
1.0
0.0450011448993
1.0
1.0
1.0
1.0
1.0
1.0
1.0
1.0
1.0
1.0
1.0
1.0
1.0
1.0
1.0
1.0
1.0
1.0
1.0
1.0
1.0
1.0
1.0
1.0
1.0
1.0
1.0
1.0
1.0
1.0
1.0
1.0
1.0
1.0
1.0
1.0
1.0
1.0
1.0
1.0
1.0
1.0
1.0
1.0
1.0
1.0
1.0
1.0
1.0
1.0
1.0
1.0
1.0
1.0
1.0
1.0
1.0
1.0
1.0
1.0
1.0
1.0
1.0
1.0
1.0
1.0
1.0
1.0
1.0
1.0
1.0
1.0
1.0
1.0
1.0
1.0
1.0
1.0
1.0
1.0
1.0
1.0
1.0
