0.0
0.0
0.0
0.0
0.0
0.0
0.0
0.0
-0.0568058782235
-0.0828894002515
-0.0687980872596
-0.059420490454
-0.0680487442881
-0.0848779148701
-0.0632658374341
-0.0545239882905
0.0
0.0
0.0
0.0
0.0
0.0
0.0
0.0
0.0
0.0
0.0
0.0
0.0
0.0
0.0
0.0
0.0
0.0
0.0
0.0
0.0
0.0
0.0
0.0
0.0
0.0
0.0
0.0
0.0
0.0
0.00141398612638
0.000791131453811
0.0
0.0
0.0
0.0
0.0
0.00141398612638
0.000299525779904
0.00276713142127
0.0
0.0
0.0
0.0
0.0
0.0
0.0
0.0
0.0
0.0
0.0
0.0
0.0
0.0
0.0
0.0
0.0
0.0
0.0
0.0
0.0
0.0
0.0
0.0
0.0
0.0
0.0
0.0
0.0
0.0
0.0
0.0
0.0
0.0
0.0
0.0
0.0
0.0
0.0
0.0
0.0
0.0
0.0
0.0
0.0
0.0
0.0
0.0
0.0
0.0
0.0
0.0
0.0
0.0
0.0
0.0
0.0
0.0
0.0
0.0
0.0
0.0
0.0
0.0
0.0
0.0
0.0
0.0
0.0
0.0
0.0
0.0
0.0
0.0
0.0
0.0
0.0
0.0
0.0
0.0
0.0
0.0
-0.0703670571405
0.0
0.0
-0.0703670571405
0.0
-0.0703670571405
0.0
0.0
0.0
0.0
0.0
0.0
0.0
0.0
-0.0568058782235
-0.0828894002515
-0.0687980872596
0.0
0.0
0.0
0.0
0.0
-0.059420490454
-0.0680487442881
-0.0848779148701
0.0
0.0
0.0
0.0
0.0
0.0
0.0
0.0
0.0
0.0
0.0
0.0
0.0
0.0
0.0
0.0
0.0
-0.00938325532235
0.00151554781343
-0.0166806392758
0.00321583632468
0.0
0.0
0.0
0.0
-0.00136871862327
0.00148066780129
-0.0100646329442
0.00274395422057
0.0
0.000244883648024
0.00158054493605
-0.0270815439391
0.0
0.0
0.0
0.0
0.0031978188474
0.00300393609983
-0.0230576444773
-0.039304429511
0.0
0.0
0.0
0.0
-0.033227489564
0.00185904035026
-0.0813283220096
-0.0582200904591
0.0
0.0
0.0
0.0
-0.0570196776287
-0.0570196776287
-0.0545239882905
0.0
-0.0545239882905
-0.0545239882905
-0.0460223891753
-0.0632658374341
0.0
-0.0570196776287
0.0
0.0
-0.0570196776287
-0.0570196776287
-0.0460223891753
-0.0447898774101
-0.0742803109662
-0.0742803109662
-0.0742803109662
-0.0742803109662
-0.0742803109662
-0.0742803109662
-0.0742803109662
-0.0742803109662
0.00495717836081
0.0050322472083
0.00496376133437
0.00464178621769
0.00393887761712
0.00314401544368
0.00248835734527
0.00287125455293
-0.0460223891753
-0.0460223891753
-0.0460223891753
0.0
0.0
0.0
0.0
-0.0848691805189
-0.0423989179128
-0.042385631257
-0.0422922998452
-0.0379943564453
-0.0386064947488
-0.0386064947488
-0.0386064947488
-0.0346644740682
-0.0460223891753
-0.0423989179128
-0.042385631257
-0.0364388448194
-0.0379943564453
-0.0379943564453
-0.0379943564453
-0.035838571848
-0.0460223891753
-0.0460223891753
-0.0423989179128
-0.0352004778634
-0.0364388448194
-0.0364388448194
-0.0364388448194
-0.0378236477231
0.0
0.0
0.0
0.0
-0.0352004778634
-0.0352004778634
-0.0352004778634
-0.0364388448194
0.0
0.0
0.0
0.0
0.0
0.0
0.0
-0.0352004778634
0.0
0.0
0.0
0.0
0.0
0.0
0.0
0.0
0.0
0.0
0.0
0.0
0.0
0.0
0.0
0.0
0.0
-0.0527104921795
-0.0507919589109
-0.0507919589109
-0.0630248345335
-0.0507919589109
-0.0566235518375
-0.0566235518375
0.0
-0.0527104921795
-0.0507919589109
-0.0507919589109
-0.0630248345335
-0.0507919589109
-0.0566235518375
-0.0566235518375
0.0
-0.0527104921795
-0.0507919589109
-0.0507919589109
-0.0630248345335
-0.0507919589109
-0.0566235518375
-0.0566235518375
0.0
-0.0527104921795
-0.0507919589109
-0.0507919589109
-0.0630248345335
-0.0507919589109
-0.0566235518375
-0.0566235518375
0.0
-0.0527104921795
-0.0507919589109
-0.0507919589109
-0.0630248345335
-0.0507919589109
-0.0566235518375
-0.0566235518375
0.0
-0.0527104921795
-0.0507919589109
-0.0507919589109
-0.0630248345335
-0.0507919589109
-0.0566235518375
-0.0566235518375
0.0
-0.0390571203362
-0.0507919589109
-0.0507919589109
-0.0630248345335
-0.0507919589109
-0.0662309487266
-0.0566235518375
-0.0566235518375
-0.0343103577702
-0.00538588166426
-0.017595942166
-0.00624149733993
-0.00658577604115
-0.0333639571285
-0.0250525646524
-0.0285239949006
-0.0343103577702
-0.0191497400421
-0.00917784621589
-0.0123456636113
-0.0401959058472
-0.0401959058472
0.0
0.0
-0.0593856976273
0.00086087408789
-0.0176376521988
-0.0527104921795
-0.0322404019263
-0.0711734644374
0.0
0.0
-0.0593856976273
-0.0123456636113
-0.0176376521988
-0.00512668074595
-0.00917784621589
-0.0711734644374
-0.0285239949006
0.0
-0.0126316929275
-0.0437043901401
0.00197803427695
-0.0123456636113
-0.0151468827335
-0.00512668074595
-0.0285239949006
0.0
0.0
-0.0126316929275
-0.0437043901401
-0.0264594597018
-0.0126316929275
0.0
-0.0285239949006
0.0
0.0
0.0
-0.0126316929275
-0.0126316929275
0.0
-0.00323880310073
-0.00101958686213
0.0
0.0
0.0
0.0
0.0
0.0
0.0
0.00181498425967
0.0
0.0
0.0
0.0
0.0
0.0
0.0
0.0
0.00227722499987
0.0
0.0
0.0
-0.00658577604115
-0.075875680886
-0.0662309487266
0.0
0.0
0.0
0.0
0.0
0.0
0.0
0.0
0.0
0.0
0.00152333839006
0.0
0.00152333839006
0.0
0.00098057313023
0.0
0.0
0.0
0.0
0.0
0.0
0.0
0.0
0.0
0.0
0.0
0.0
0.0
0.0
-0.075875680886
-0.0662309487266
0.0
0.0
0.0
0.0
0.0
0.0
0.0
0.0
0.0
0.0
0.0
0.0
0.0
0.0
0.0
0.0
-0.0848691805189
0.0
0.0
0.0
0.0
0.0
0.0
0.0
0.0
0.0
0.0
0.0
0.0
0.0
0.0
0.0
0.0
0.0
0.0
0.0
0.0
0.0
0.0
0.0
0.0
0.0
0.0
0.0
0.0
0.0
-0.0015417682905
0.000269078514867
0.0
0.0
0.0
0.0
0.0
0.0
0.0
0.0
0.0
0.0
0.0
0.0
0.0
0.0
-0.0848691805189
-0.0742803109662
0.0
0.0
0.0
0.0
0.0
0.0
0.0
0.0
0.0
0.0
0.0
0.0
0.0
0.0
0.0
0.0
0.0
0.0
0.0
0.0
0.0
0.0
0.0
0.0
0.0
0.0
0.0
0.0
0.0
0.0
0.0
0.0
0.0
0.0
0.0
0.0
0.0
0.0
0.0
0.0
0.0
0.0
0.0
0.0
0.0
0.0
0.0
0.0
0.0
0.0
0.0
0.0
0.0
0.0
0.0
0.0
0.0
0.0
0.0
0.0
0.0
0.0
0.0
0.0
0.0
0.0
0.0
0.0
0.0
0.0
0.0
0.0
0.0
0.0
0.0
0.0
0.0
0.0
0.0
0.0
0.0
0.0
0.0
0.0
0.0
0.0
0.0
0.0
0.0
0.0
0.0
0.0
0.0
0.0
0.0
0.0
0.0
0.0
0.0
0.0
0.0
0.0
0.0
0.0
0.0
0.0
0.0
0.00072685787652
0.0
0.0
0.0
0.0
0.0
0.0
0.0
0.0
0.0
0.0
0.0
0.0
0.0
0.0
0.0
0.0
0.0
0.0
0.0
0.0
0.0
0.0
-0.063609865962
-0.0566631131286
0.0
0.0
0.0
0.0
0.0
0.0
0.0
0.0
0.0
0.0
0.0
0.0
0.0
0.0
0.00263552142694
0.00162201765465
0.00135268402588
0.00177622192321
0.00169258242555
0.0
0.0
0.0
0.00271252671906
0.00254474506192
0.00255061228711
0.00267144062474
0.00266730471747
0.00219301164493
0.0019243031687
0.00213061542689
0.00142764257941
0.000980120982644
0.000796531691088
0.000367405362469
0.0
0.0
0.0
0.0
0.0
0.0
0.0
0.0
0.00372726165161
0.00316118804776
0.00248335959959
0.0
0.0
0.0
0.0
0.0
0.0
0.0
0.0
0.0
0.0
0.0
0.0
0.0
0.0
0.0
0.0
0.0
0.0
0.0
0.0
0.0
0.0
0.0
0.0
0.0
0.0
0.0
0.0
0.0
0.0
0.0
0.0
0.0
0.0
0.0
0.0
0.0
0.0
0.0
0.0
0.0
0.0
0.0
0.0
0.0
0.0
0.0
0.0
0.0
0.0
0.0
0.0
0.00377465429721
0.00409155780708
0.0
0.0035149702813
0.0
0.0
0.0
0.0
0.0
0.0
0.00030112060387
0.00141116203748
-0.0253818466438
-0.00941694188338
-0.0109830015834
-0.000998322526542
-0.00295044376891
-0.00440985603059
-0.0143287068499
-0.0341461600006
0.00255600274257
-0.00225130843548
0.00144783961613
-0.0312576487776
-0.0300321410952
-0.0125630069227
0.00185415310146
-0.0803541060233
-0.0591510803468
0.0
0.0
0.0
0.0011952217162
0.0
0.0
0.0
0.0
0.0
0.0
0.0
0.0
0.0
0.0
0.0
0.0
0.0
0.0
0.0
-0.00721369295085
0.0
0.0
0.0
0.0
0.0
0.0
0.0
0.0
0.0
0.0
0.0
0.0
5.651136004e-05
0.000211193603215
0.0
0.0
0.00327376452555
0.0
0.002049077629
0.002049077629
0.0
0.0
0.0
0.0
0.0
0.0
0.00258252602241
0.00176487244778
0.00128520346303
0.0
0.0
0.0
0.0
0.0
0.0
0.0
-0.0632658374341
-0.0545239882905
0.0
0.0
0.0
0.0
0.0
0.0
0.0011952217162
0.00133906569434
0.00121812267804
0.00201149152982
0.00153035431011
0.0
0.0
0.0
0.0
0.0
0.0
0.0
0.0
0.0
0.0
0.0
0.0
0.0
0.0
0.0
0.0
0.0
0.0
0.0
0.0
0.0
0.0
0.0
0.0
0.0
0.0
0.0
0.0
0.0
0.0
0.0
0.0
0.0
0.0
0.0
0.0
0.0
0.0
0.0
0.0
0.0
0.0
0.0
0.00260179736544
0.0
0.00260179736544
0.0
0.0
0.0
0.0
0.0
0.0
0.0
0.0
0.0
0.0
0.0
0.000439678472185
0.00363881078839
0.0
-0.0346644740682
-0.00267774137531
-0.00277605140662
-0.0378236477231
0.0
-0.0346644740682
-0.0346644740682
0.0
0.0
0.0
0.0
0.00128588727065
0.0
0.0
0.0
0.0
0.0
0.0
0.0
0.0
0.0
0.0
0.0
0.0
0.0
0.0
0.0
0.0
0.0
0.0
0.0
0.0
0.0
0.0
0.0
0.0
0.0
0.0
0.0
0.0
0.0
0.0
0.0
0.0
0.0
0.0
0.0
0.0
0.0
0.0
0.0
0.0
0.0
0.0
0.0
0.0
0.0
0.0
0.0
0.0
0.0
0.0
0.0
0.0
0.0
0.0
0.0
0.0
0.0
0.0
0.0
0.0
0.0
0.0
0.0
0.0
0.0
0.0
0.0
0.0
0.0
0.0
0.0
0.0
0.0
0.0
0.0
0.0
0.0
0.0
0.0
0.0
0.0
0.0
0.0
0.0
0.0
0.0
0.0
0.0
0.0015570444059
0.0
0.00177092892367
-0.0524832572273
-0.0704831911046
-0.0775729100377
-0.0600829203462
-0.0648111906124
-0.0754767088035
-0.0623294554946
-0.0570196776287
0.0
0.0
0.0
0.0
0.0
0.0
0.0
0.0
0.0
0.0
0.0
0.0
0.0
0.0
0.0
0.0
0.0
0.0
0.0
0.0
0.0
0.0
0.0
0.0
0.0
0.0
0.0
0.0
0.0
0.0
0.00140135562769
0.000791153716733
0.0
0.0
0.0
0.0
0.0
0.00140135562769
0.000294113640297
0.00279559267633
0.0
0.0
0.0
0.0
0.0
0.0
0.0
0.0
0.0
0.0
0.0
0.0
0.0
0.0
0.0
0.0
0.0
0.0
0.0
0.0
0.0
0.0
0.0
0.0
0.0
0.0
0.0
0.0
0.0
0.0
0.0
0.0
0.0
0.0
0.0
0.0
0.0
0.0
0.0
0.0
0.0
0.0
0.0
0.0
0.0
0.0
0.0
0.0
0.0
0.0
0.0
0.0
0.0
0.0
0.0
0.0
0.0
0.0
0.0
0.0
0.0
0.0
0.0
0.0
0.0
0.0
0.0
0.0
0.0
0.0
0.0
0.0
0.0
0.0
0.0
0.0
0.0
0.0
0.0
0.0
0.0
0.0
-0.0596661659628
0.0
0.0
-0.0596661659628
0.0
-0.0596661659628
0.0
0.0
0.0
0.0
0.0
0.0
0.0
0.0
-0.0524832572273
-0.0704831911046
-0.0775729100377
0.0
0.0
0.0
0.0
0.0
-0.0600829203462
-0.0648111906124
-0.0754767088035
0.0
0.0
0.0
0.0
0.0
0.0
0.0
0.0
0.0
0.0
0.0
0.0
0.0
0.0
0.0
0.0
0.0
0.0014254030479
0.00282390447678
-0.0151788140712
-0.0012182646915
0.0
0.0
0.0
0.0
-0.00248824345941
-0.00473426735751
0.00273542062628
-0.022513146288
0.0
0.000324143594729
0.00205945997899
-0.0179944413981
0.0
0.0
0.0
0.0
-0.00552583853611
-0.0110383836058
-0.0340407409875
-0.0223053923463
0.0
0.0
0.0
0.0
0.00275162993149
-0.0240857464229
-0.0553178061525
-0.0719677359199
0.0
0.0
0.0
0.0
-0.0511476943377
-0.0511476943377
-0.0570196776287
0.0
-0.0570196776287
-0.0570196776287
-0.0439616797561
-0.0623294554946
0.0
-0.0511476943377
0.0
0.0
-0.0511476943377
-0.0511476943377
-0.0439616797561
-0.0415952678484
-0.0848691805189
-0.0848691805189
-0.0848691805189
-0.0848691805189
-0.0848691805189
-0.0848691805189
-0.0848691805189
-0.0848691805189
0.00475836660091
0.00485122753833
0.00477126718268
0.00447114914094
0.00378746882848
0.00302169707988
0.00239718232697
0.00248907657089
-0.0439616797561
-0.0439616797561
-0.0439616797561
0.0
0.0
0.0
0.0
-0.0753825812764
-0.0538501254197
-0.0533513903442
-0.0523606621379
-0.0511961420343
-0.0513558257059
-0.0513558257059
-0.0513558257059
-0.0314742364923
-0.0439616797561
-0.0538501254197
-0.0533513903442
-0.050710201395
-0.0511961420343
-0.0511961420343
-0.0511961420343
-0.0333441009954
-0.0439616797561
-0.0439616797561
-0.0538501254197
-0.0500423179361
-0.050710201395
-0.050710201395
-0.050710201395
-0.0358064124767
0.0
0.0
0.0
0.0
-0.0500423179361
-0.0500423179361
-0.0500423179361
-0.050710201395
0.0
0.0
0.0
0.0
0.0
0.0
0.0
-0.0500423179361
0.0
0.0
0.0
0.0
0.0
0.0
0.0
0.0
0.0
0.0
0.0
0.0
0.0
0.0
0.0
0.0
0.0
-0.0662309487266
-0.0494037131997
-0.0494037131997
-0.0635072177149
-0.0494037131997
-0.0398977651251
-0.0398977651251
0.0
-0.0662309487266
-0.0494037131997
-0.0494037131997
-0.0635072177149
-0.0494037131997
-0.0398977651251
-0.0398977651251
0.0
-0.0662309487266
-0.0494037131997
-0.0494037131997
-0.0635072177149
-0.0494037131997
-0.0398977651251
-0.0398977651251
0.0
-0.0662309487266
-0.0494037131997
-0.0494037131997
-0.0635072177149
-0.0494037131997
-0.0398977651251
-0.0398977651251
0.0
-0.0662309487266
-0.0494037131997
-0.0494037131997
-0.0635072177149
-0.0494037131997
-0.0398977651251
-0.0398977651251
0.0
-0.0662309487266
-0.0494037131997
-0.0494037131997
-0.0635072177149
-0.0494037131997
-0.0398977651251
-0.0398977651251
0.0
-0.0566235518375
-0.0494037131997
-0.0494037131997
-0.0635072177149
-0.0494037131997
-0.0527802151281
-0.0398977651251
-0.0398977651251
-0.0358924059835
-0.00944378633746
-0.0285239949006
-0.0100111600329
-0.00570566802678
-0.0421369612502
-0.0180196838919
-0.0177599993114
-0.0358924059835
-0.0279408863822
-0.00610581836617
-0.0172620002426
-0.0537616846785
-0.0537616846785
0.0
0.0
-0.0639533157267
0.00227722499987
-0.0250525646524
-0.0662309487266
-0.0392556363496
-0.0828573624219
0.0
0.0
-0.0639533157267
-0.0172620002426
-0.0250525646524
-0.00732624585467
-0.00610581836617
-0.0828573624219
-0.0177599993114
0.0
-0.0177044741399
-0.0560248338313
0.000674441089551
-0.0172620002426
-0.022959243651
-0.00732624585467
-0.0177599993114
0.0
0.0
-0.0177044741399
-0.0560248338313
-0.0416066756691
-0.0177044741399
0.0
-0.0177599993114
0.0
0.0
0.0
-0.0177044741399
-0.0177044741399
0.0
0.000756547666261
0.00207127725703
0.0
0.0
0.0
0.0
0.0
0.0
0.0
0.00194166987553
0.0
0.0
0.0
0.0
0.0
0.0
0.0
0.0
0.00136417128747
0.0
0.0
0.0
-0.00570566802678
-0.0616919380284
-0.0527802151281
0.0
0.0
0.0
0.0
0.0
0.0
0.0
0.0
0.0
0.0
0.0016523034751
0.0
0.0016523034751
0.0
0.00152333839006
0.0
0.0
0.0
0.0
0.0
0.0
0.0
0.0
0.0
0.0
0.0
0.0
0.0
0.0
-0.0616919380284
-0.0527802151281
0.0
0.0
0.0
0.0
0.0
0.0
0.0
0.0
0.0
0.0
0.0
0.0
0.0
0.0
0.0
0.0
-0.0753825812764
0.0
0.0
0.0
0.0
0.0
0.0
0.0
0.0
0.0
0.0
0.0
0.0
0.0
0.0
0.0
0.0
0.0
0.0
0.0
0.0
0.0
0.0
0.0
0.0
0.0
0.0
0.0
0.0
0.0
-0.00225130843548
-0.00865069014851
0.0
0.0
0.0
0.0
0.0
0.0
0.0
0.0
0.0
0.0
0.0
0.0
0.0
0.0
-0.0753825812764
-0.0848691805189
0.0
0.0
0.0
0.0
0.0
0.0
0.0
0.0
0.0
0.0
0.0
0.0
0.0
0.0
0.0
0.0
0.0
0.0
0.0
0.0
0.0
0.0
0.0
0.0
0.0
0.0
0.0
0.0
0.0
0.0
0.0
0.0
0.0
0.0
0.0
0.0
0.0
0.0
0.0
0.0
0.0
0.0
0.0
0.0
0.0
0.0
0.0
0.0
0.0
0.0
0.0
0.0
0.0
0.0
0.0
0.0
0.0
0.0
0.0
0.0
0.0
0.0
0.0
0.0
0.0
0.0
0.0
0.0
0.0
0.0
0.0
0.0
0.0
0.0
0.0
0.0
0.0
0.0
0.0
0.0
0.0
0.0
0.0
0.0
0.0
0.0
0.0
0.0
0.0
0.0
0.0
0.0
0.0
0.0
0.0
0.0
0.0
0.0
0.0
0.0
0.0
0.0
0.0
0.0
0.0
0.0
0.0
0.000799316390491
0.0
0.0
0.0
0.0
0.0
0.0
0.0
0.0
0.0
0.0
0.0
0.0
0.0
0.0
0.0
0.0
0.0
0.0
0.0
0.0
0.0
0.0
-0.0511278232433
-0.0398977651251
0.0
0.0
0.0
0.0
0.0
0.0
0.0
0.0
0.0
0.0
0.0
0.0
0.0
0.0
0.00222700099912
0.00122569640964
0.00089341902744
0.00135268402588
0.000538006228795
0.00169258242555
0.0
0.0
0.00247729750952
0.00246497364418
0.00248134115078
0.00255061228711
0.0024397249939
0.00196894968234
0.00160753846039
0.0019243031687
0.00203903312987
0.000996203777558
0.000606042145405
0.000796531691088
0.000367405362469
0.0
0.0
0.0
0.0
0.0
0.0
0.0
0.00432469667567
0.00282427090166
0.00316118804776
0.0
0.0
0.0
0.0
0.0
0.0
0.0
0.0
0.0
0.0
0.0
0.0
0.0
0.0
0.0
0.0
0.0
0.0
0.0
0.0
0.0
0.0
0.0
0.0
0.0
0.0
0.0
0.0
0.0
0.0
0.0
0.0
0.0
0.0
0.0
0.0
0.0
0.0
0.0
0.0
0.0
0.0
0.0
0.0
0.0
0.0
0.0
0.0
0.0
0.0
0.0
0.0
0.00388642532247
0.00368235272542
0.0
0.00326107606291
0.0
0.0
0.0
0.0
0.0
0.0
0.000299501323427
0.00173602321857
-0.0159691390536
0.00153615152431
0.00142751204545
-0.0129956462361
0.00351414754402
0.00359199351758
0.00338329723006
-0.028415210627
-0.00356556084526
-0.00147687818113
-0.00454821325615
-0.0123794833031
-0.00276501571534
-0.0413181309293
-0.025478012856
-0.0511799164639
-0.072160103371
0.0
0.0
0.0
0.00116735614307
0.0
0.0
0.0
0.0
0.0
0.0
0.0
0.0
0.0
0.0
0.0
0.0
0.0
0.0
0.0
-0.0144193473267
0.0
0.0
0.0
0.0
0.0
0.0
0.0
0.0
0.0
0.0
0.0
0.0
0.000245984630317
0.000322616450564
0.000211193603215
0.000172437132183
0.00345811189825
0.0
0.00240613560291
0.00240613560291
0.0
0.0
0.0
0.0
0.0
0.0
0.00273667950781
0.00166609468637
0.00128588727065
0.0
0.0
0.0
0.0
0.0
0.0
0.0
-0.0623294554946
-0.0570196776287
0.0
0.0
0.0
0.0
0.0
0.0
0.00116735614307
0.00134705821137
0.001200009733
0.0020198840336
0.00155960843217
0.0
0.0
0.0
0.0
0.0
0.0
0.0
0.0
0.0
0.0
0.0
0.0
0.0
0.0
0.0
0.0
0.0
0.0
0.0
0.0
0.0
0.0
0.0
0.0
0.0
0.0
0.0
0.0
0.0
0.0
0.0
0.0
0.0
0.0
0.0
0.0
0.0
0.0
0.0
0.0
0.0
0.0
0.0
0.00249444888968
0.0
0.00249444888968
0.0
0.0
0.0
0.0
0.0
0.0
0.0
0.0
0.0
0.0
0.0
0.000641614287405
0.00356636414723
0.0
-0.0314742364923
-0.00313307512582
-0.00315298293417
-0.0358064124767
0.0
-0.0314742364923
-0.0314742364923
0.0
0.0
0.0
0.0
0.00122552405167
0.0
0.0
0.0
0.0
0.0
0.0
0.0
0.0
0.0
0.0
0.0
0.0
0.0
0.0
0.0
0.0
0.0
0.0
0.0
0.0
0.0
0.0
0.0
0.0
0.0
0.0
0.0
0.0
0.0
0.0
0.0
0.0
0.0
0.0
0.0
0.0
0.0
0.0
0.0
0.0
0.0
0.0
0.0
0.0
0.0
0.0
0.0
0.0
0.0
0.0
0.0
0.0
0.0
0.0
0.0
0.0
0.0
0.0
0.0
0.0
0.0
0.0
0.0
0.0
0.0
0.0
0.0
0.0
0.0
0.0
0.0
0.0
0.0
0.0
0.0
0.0
0.0
0.0
0.0
0.0
0.0
0.0
0.0
