0.0
0.0
0.0
0.0
0.0
0.0
0.0
0.0
0.0318752593121
-0.0753758311697
0.0328510871528
0.00517178274369
0.0463809422115
-0.0242380322979
0.0240313884217
-0.00894292992479
0.0
6.77626357803e-21
0.0
0.0
0.0
0.0
0.0
0.0
0.0
0.0
0.0
0.0
0.0
0.0
0.0
0.0
0.0
0.0
0.0
0.0
0.0
0.0
0.0
0.0
0.0
0.0
0.0
0.0
0.0
0.0
-0.000120121549974
-6.57812345315e-05
0.0
0.0
0.0
0.0
0.0
-0.000120121549974
-2.49260307381e-05
-0.000264731200571
0.0
0.0
0.0
0.0
0.0
0.0
0.0
0.0
0.0
0.0
0.0
0.0
0.0
0.0
0.0
0.0
0.0
0.0
0.0
0.0
0.0
0.0
0.0
0.0
0.0
0.0
0.0
0.0
0.0
0.0
0.0
0.0
0.0
0.0
0.0
0.0
0.0
0.0
0.0
0.0
0.0
0.0
0.0
0.0
0.0
0.0
0.0
0.0
0.0
0.0
0.0
0.0
0.0
0.0
0.0
0.0
0.0
0.0
0.0
0.0
0.0
0.0
0.0
0.0
0.0
0.0
0.0
0.0
0.0
0.0
0.0
0.0
0.0
0.0
0.0
0.0
0.0
0.0
0.0
0.0
0.0
0.0
-0.0618975544708
0.0
0.0
-0.0618975544708
0.0
-0.0618975544708
0.0
0.0
0.0
0.0
0.0
0.0
0.0
0.0
0.0318752593121
-0.0753758311698
0.0328510871528
0.0
0.0
0.0
0.0
0.0
0.00517178274369
0.0463809422115
-0.0242380322979
0.0
0.0
0.0
0.0
0.0
0.0
0.0
0.0
0.0
0.0
0.0
0.0
0.0
0.0
0.0
0.0
0.0
0.00909482687269
0.000838104086019
-0.0390431312709
-0.000718526913151
0.0
0.0
0.0
0.0
0.00258255874103
0.000437306163521
0.00695690828955
-7.44043109813e-05
0.0
-2.03280019736e-05
-6.72102980813e-05
-0.0258893752211
0.0
0.0
0.0
0.0
-0.00109784149899
-0.00109276212512
-0.0511602458755
0.0459250891071
0.0
0.0
0.0
0.0
0.00638457534552
9.83538323088e-05
-0.0194601873486
0.0334646121354
0.0
0.0
0.0
0.0
0.0401629128844
0.0401629128844
-0.00894292992479
0.0
-0.00894292992479
-0.00894292992479
0.0285962233856
0.0240313884217
0.0
0.0401629128844
0.0
0.0
0.0401629128844
0.0401629128844
0.0285962233856
0.00127443694787
0.030701021352
0.030701021352
0.030701021352
0.030701021352
0.030701021352
0.030701021352
0.030701021352
0.030701021352
-0.000423528324337
-0.000432017985026
-0.000427440353316
-0.000400923604959
-0.000341867043379
-0.00027475720067
-0.000219119414956
-0.000242513149633
0.0285962233856
0.0285962233856
0.0285962233856
0.0
0.0
0.0
0.0
-0.0240068465266
0.0575168007876
0.0570386103984
0.0544668552216
0.0468409048014
0.0444025808059
0.0444025808059
0.0444025808059
0.032204997328
0.0285962233856
0.0575168007876
0.0570386103984
0.0499790993224
0.0468409048014
0.0468409048014
0.0468409048014
0.0336344923939
0.0285962233856
0.0285962233856
0.0575168007876
0.0508266901314
0.0499790993224
0.0499790993224
0.0499790993224
0.0359627354758
0.0
0.0
0.0
0.0
0.0508266901314
0.0508266901314
0.0508266901314
0.0499790993224
0.0
0.0
0.0
0.0
0.0
0.0
0.0
0.0508266901314
0.0
0.0
0.0
0.0
0.0
0.0
0.0
0.0
0.0
0.0
0.0
0.0
0.0
0.0
0.0
0.0
0.0
0.0745909592581
-0.00782578376718
-0.00782578376718
0.0285991781797
-0.00782578376718
-0.114444602812
-0.114444602812
0.0
0.0745909592581
-0.00782578376718
-0.00782578376718
0.0285991781797
-0.00782578376718
-0.114444602812
-0.114444602812
0.0
0.0745909592581
-0.00782578376718
-0.00782578376718
0.0285991781797
-0.00782578376718
-0.114444602812
-0.114444602812
0.0
0.0745909592581
-0.00782578376718
-0.00782578376718
0.0285991781797
-0.00782578376718
-0.114444602812
-0.114444602812
0.0
0.0745909592581
-0.00782578376718
-0.00782578376718
0.0285991781797
-0.00782578376718
-0.114444602812
-0.114444602812
0.0
0.0745909592581
-0.00782578376718
-0.00782578376718
0.0285991781797
-0.00782578376718
-0.114444602812
-0.114444602812
0.0
0.0926153282008
-0.00782578376718
-0.00782578376718
0.0285991781797
-0.00782578376718
-0.0828356930173
-0.114444602812
-0.114444602812
0.00720444527123
0.0173039209138
0.0377585977734
0.020918961518
-0.0219196794239
0.0260976417887
-0.0458527084674
-0.0566697579326
0.00720444527123
0.0243269952885
-0.0280175765053
0.0345722440076
0.0537690453642
0.0537690453642
0.0
0.0
0.0460968766579
0.00602535432265
0.0341046111308
0.0745909592581
0.0250250737422
0.0833418647651
0.0
0.0
0.0460968766579
0.0345722440076
0.0341046111308
0.0180459707876
-0.0280175765053
0.0833418647651
-0.0566697579326
0.0
0.0373823030595
0.0527680306845
-0.00786993413196
0.0345722440076
0.0232405595713
0.0180459707876
-0.0566697579326
0.0
0.0
0.0373823030595
0.0527680306845
0.0542060700943
0.0373823030595
0.0
-0.0566697579326
0.0
0.0
0.0
0.0373823030595
0.0373823030595
0.0
-0.00160013821918
-0.00107534716884
0.0
0.0
0.0
0.0
0.0
0.0
0.0
-0.000157279902137
0.0
0.0
0.0
0.0
0.0
0.0
0.0
0.0
-0.00745080028227
0.0
0.0
0.0
-0.0219196794239
-0.0947039772365
-0.0828356930173
0.0
0.0
0.0
0.0
0.0
0.0
0.0
0.0
0.0
0.0
-0.00013410665433
0.0
-0.00013410665433
0.0
-8.55793514676e-05
0.0
0.0
0.0
0.0
0.0
0.0
0.0
0.0
0.0
0.0
0.0
0.0
0.0
0.0
-0.0947039772365
-0.0828356930173
0.0
0.0
0.0
0.0
0.0
0.0
0.0
0.0
0.0
0.0
0.0
0.0
0.0
0.0
0.0
0.0
-0.0240068465266
0.0
0.0
0.0
0.0
0.0
0.0
0.0
0.0
0.0
0.0
0.0
0.0
0.0
0.0
0.0
0.0
0.0
0.0
0.0
0.0
0.0
0.0
0.0
0.0
0.0
0.0
0.0
0.0
0.0
0.00297699955796
0.00137016067345
0.0
0.0
0.0
0.0
0.0
0.0
0.0
0.0
0.0
0.0
0.0
0.0
0.0
0.0
-0.0240068465266
0.030701021352
0.0
0.0
0.0
0.0
0.0
0.0
0.0
0.0
0.0
0.0
0.0
0.0
0.0
0.0
0.0
0.0
0.0
0.0
0.0
0.0
0.0
0.0
0.0
0.0
0.0
0.0
0.0
0.0
0.0
0.0
0.0
0.0
0.0
0.0
0.0
0.0
0.0
0.0
0.0
0.0
0.0
0.0
0.0
0.0
0.0
0.0
0.0
0.0
0.0
0.0
0.0
0.0
0.0
0.0
0.0
0.0
0.0
0.0
0.0
0.0
0.0
0.0
0.0
0.0
0.0
0.0
0.0
0.0
0.0
0.0
0.0
0.0
0.0
0.0
0.0
0.0
0.0
0.0
0.0
0.0
0.0
0.0
0.0
0.0
0.0
0.0
0.0
0.0
0.0
0.0
0.0
0.0
0.0
0.0
0.0
0.0
0.0
0.0
0.0
0.0
0.0
0.0
0.0
0.0
0.0
0.0
0.0
-9.64609141268e-05
0.0
0.0
0.0
0.0
0.0
0.0
0.0
0.0
0.0
0.0
0.0
0.0
0.0
0.0
0.0
0.0
0.0
0.0
0.0
0.0
0.0
0.0
-0.0469033653128
-0.114204484736
0.0
0.0
0.0
0.0
0.0
0.0
0.0
0.0
0.0
0.0
0.0
0.0
0.0
0.0
-0.000239650983832
-0.000144151915838
-0.000119854153663
-0.000161647395102
-0.000154695025532
0.0
0.0
0.0
-0.000235769478898
-0.00021334403926
-0.000217606451443
-0.000236607734657
-0.000234287867822
-0.000188615598798
-0.000166083004798
-0.000190447155272
-0.000991958302936
-0.00111855267242
-0.00120117163649
-4.02925533427e-05
0.0
0.0
0.0
0.0
0.0
0.0
0.0
0.0
-0.000691239974489
-0.000134333924065
-0.000787738645903
0.0
0.0
0.0
0.0
0.0
0.0
0.0
0.0
0.0
0.0
0.0
0.0
0.0
0.0
0.0
0.0
0.0
0.0
0.0
0.0
0.0
0.0
0.0
0.0
0.0
0.0
0.0
0.0
0.0
0.0
0.0
0.0
0.0
0.0
0.0
0.0
0.0
0.0
0.0
0.0
0.0
0.0
0.0
0.0
0.0
0.0
0.0
0.0
0.0
0.0
0.0
0.0
-0.000313139153511
-0.000352571734782
0.0
-0.000304919600875
0.0
0.0
0.0
0.0
0.0
0.0
-2.53082640953e-05
-5.33072497867e-05
-0.0252025525379
0.0090811876454
0.00909312700868
0.000693009015305
-0.00082187820931
-0.000427401167125
-0.00228104733913
0.0501612363962
0.000220523546748
-0.00457600344809
0.000462047555999
-0.0186854675944
0.0111938319019
-0.00113518315681
0.000272672256423
-0.0188416330302
0.0344338176095
0.0
0.0
0.0
-0.000104037320152
0.0
0.0
0.0
0.0
0.0
0.0
0.0
0.0
0.0
0.0
0.0
0.0
0.0
0.0
0.0
-0.0174564465412
0.0
0.0
0.0
0.0
0.0
0.0
0.0
0.0
0.0
0.0
0.0
0.0
-0.000326587459724
-1.75417638852e-05
0.0
0.0
-0.000228497454186
0.0
-7.78899236012e-05
-7.78899236012e-05
0.0
0.0
0.0
0.0
0.0
0.0
-0.000214016530341
-0.000147972149584
-0.000109230427772
0.0
0.0
0.0
0.0
0.0
0.0
0.0
0.0240313884217
-0.00894292992479
0.0
0.0
0.0
0.0
0.0
0.0
-0.000104037320152
-0.00011271078213
-0.00010778612274
-0.000170344443569
-0.000132106359374
0.0
0.0
0.0
0.0
0.0
0.0
0.0
0.0
0.0
0.0
0.0
0.0
0.0
0.0
0.0
0.0
0.0
0.0
0.0
0.0
0.0
0.0
0.0
0.0
0.0
0.0
0.0
0.0
0.0
0.0
0.0
0.0
0.0
0.0
0.0
0.0
0.0
0.0
0.0
0.0
0.0
0.0
0.0
-0.0002472863381
0.0
-0.0002472863381
0.0
0.0
0.0
0.0
0.0
0.0
0.0
0.0
0.0
0.0
0.0
-3.65198227456e-05
-0.000321231945834
0.0
0.032204997328
0.00187786764939
0.00309242697165
0.0359627354758
0.0
0.032204997328
0.032204997328
0.0
0.0
0.0
0.0
-0.000105785863416
0.0
0.0
0.0
0.0
0.0
0.0
0.0
0.0
0.0
0.0
0.0
0.0
0.0
0.0
0.0
0.0
0.0
0.0
0.0
0.0
0.0
0.0
0.0
0.0
0.0
0.0
0.0
0.0
0.0
0.0
0.0
0.0
0.0
0.0
0.0
0.0
0.0
0.0
0.0
0.0
0.0
0.0
0.0
0.0
0.0
0.0
0.0
0.0
0.0
0.0
0.0
0.0
0.0
0.0
0.0
0.0
0.0
0.0
0.0
0.0
0.0
0.0
0.0
0.0
0.0
0.0
0.0
0.0
0.0
0.0
0.0
0.0
0.0
0.0
0.0
0.0
0.0
0.0
0.0
0.0
0.0
0.0
0.0
0.0
0.0
0.0
0.0
0.0
-1.59970275589e-05
0.0
-0.000133982147141
-0.000642693927473
0.0915909164972
-0.0287104553784
0.0195030703863
-0.0137931551021
0.0341738771631
-0.00153016427553
0.0401629128844
0.0
0.0
0.0
0.0
0.0
0.0
0.0
0.0
0.0
0.0
0.0
0.0
0.0
0.0
0.0
0.0
0.0
0.0
0.0
0.0
0.0
0.0
0.0
0.0
0.0
0.0
0.0
0.0
0.0
0.0
-0.0001061114597
-6.57336762188e-05
0.0
0.0
0.0
0.0
0.0
-0.0001061114597
-1.19611525511e-05
-0.000226609412551
0.0
0.0
0.0
0.0
0.0
0.0
0.0
0.0
0.0
0.0
0.0
0.0
0.0
0.0
0.0
0.0
0.0
0.0
0.0
0.0
0.0
0.0
0.0
0.0
0.0
0.0
0.0
0.0
0.0
0.0
0.0
0.0
0.0
0.0
0.0
0.0
0.0
0.0
0.0
0.0
0.0
0.0
0.0
0.0
0.0
0.0
0.0
0.0
0.0
0.0
0.0
0.0
0.0
0.0
0.0
0.0
0.0
0.0
0.0
0.0
0.0
0.0
0.0
0.0
0.0
0.0
0.0
0.0
0.0
0.0
0.0
0.0
0.0
0.0
0.0
0.0
0.0
0.0
0.0
0.0
0.0
0.0
0.062967159439
0.0
0.0
0.062967159439
0.0
0.062967159439
0.0
0.0
0.0
0.0
0.0
0.0
0.0
0.0
-0.000642693927473
0.0915909164972
-0.0287104553784
0.0
0.0
0.0
0.0
0.0
0.0195030703863
-0.0137931551021
0.0341738771631
0.0
0.0
0.0
0.0
0.0
0.0
0.0
0.0
0.0
0.0
0.0
0.0
0.0
0.0
0.0
0.0
0.0
-2.79756777368e-06
-0.000571859884403
0.0384984433436
-0.000393168050219
0.0
0.0
0.0
0.0
-0.00436708974256
0.00524545856712
-0.000338373058891
0.00793022791513
0.0
-2.70272054287e-05
-0.000285138086232
0.0224426655645
0.0
0.0
0.0
0.0
-0.00224585396829
-0.00248798874227
0.051162104966
-0.0496217979086
0.0
0.0
0.0
0.0
-0.000100762422979
0.0126963924265
0.0292298701783
-0.0295131642909
0.0
0.0
0.0
0.0
-0.00923253302094
-0.00923253302094
0.0401629128844
0.0
0.0401629128844
0.0401629128844
-0.00393778908846
-0.00153016427553
0.0
-0.00923253302094
0.0
0.0
-0.00923253302094
-0.00923253302094
-0.00393778908846
0.00580835241237
-0.0240068465266
-0.0240068465266
-0.0240068465266
-0.0240068465266
-0.0240068465266
-0.0240068465266
-0.0240068465266
-0.0240068465266
-0.000395371644006
-0.000406355156946
-0.000399631291248
-0.000375819700667
-0.000319888010521
-0.000256627118088
-0.000204399697103
-0.000219195373763
-0.00393778908846
-0.00393778908846
-0.00393778908846
0.0
0.0
0.0
0.0
0.0334574862906
-0.059603861548
-0.0590814960534
-0.0568216017116
-0.0544818980383
-0.0508758387829
-0.0508758387829
-0.0508758387829
-0.0109421597711
-0.00393778908846
-0.059603861548
-0.0590814960534
-0.0580075578781
-0.0544818980383
-0.0544818980383
-0.0544818980383
-0.0126630383892
-0.00393778908846
-0.00393778908846
-0.059603861548
-0.059327628873
-0.0580075578781
-0.0580075578781
-0.0580075578781
-0.0144652442705
0.0
0.0
0.0
0.0
-0.059327628873
-0.059327628873
-0.059327628873
-0.0580075578781
0.0
0.0
0.0
0.0
0.0
0.0
0.0
-0.059327628873
0.0
0.0
0.0
0.0
0.0
0.0
0.0
0.0
0.0
0.0
0.0
0.0
0.0
0.0
0.0
0.0
0.0
-0.0828356930173
0.0391674148797
0.0391674148797
-0.00623492113863
0.0391674148797
0.0984305147225
0.0984305147225
0.0
-0.0828356930173
0.0391674148797
0.0391674148797
-0.00623492113863
0.0391674148797
0.0984305147225
0.0984305147225
0.0
-0.0828356930173
0.0391674148797
0.0391674148797
-0.00623492113863
0.0391674148797
0.0984305147225
0.0984305147225
0.0
-0.0828356930173
0.0391674148797
0.0391674148797
-0.00623492113863
0.0391674148797
0.0984305147225
0.0984305147225
0.0
-0.0828356930173
0.0391674148797
0.0391674148797
-0.00623492113863
0.0391674148797
0.0984305147225
0.0984305147225
0.0
-0.0828356930173
0.0391674148797
0.0391674148797
-0.00623492113863
0.0391674148797
0.0984305147225
0.0984305147225
0.0
-0.114444602812
0.0391674148797
0.0391674148797
-0.00623492113863
0.0391674148797
0.0833430093794
0.0984305147225
0.0984305147225
-0.00100728553474
-0.0270843577329
-0.0566697579326
-0.0303821532039
0.0189970995084
-0.0332059285925
0.0365582005253
0.039105126675
-0.00100728553474
-0.0345623812927
0.0202202214937
-0.0432443233761
-0.061616993017
-0.061616993017
0.0
0.0
-0.0325643920808
-0.00745080028227
-0.0458527084674
-0.0828356930173
-0.0268587416826
-0.0754175815217
0.0
0.0
-0.0325643920808
-0.0432443233761
-0.0458527084674
-0.0240131650304
0.0202202214937
-0.0754175815217
0.039105126675
0.0
-0.0464386246255
-0.0580319352308
0.0064314679415
-0.0432443233761
-0.0312699693452
-0.0240131650304
0.039105126675
0.0
0.0
-0.0464386246255
-0.0580319352308
-0.0716458243565
-0.0464386246255
0.0
0.039105126675
0.0
0.0
0.0
-0.0464386246255
-0.0464386246255
0.0
0.000886059284008
6.88111670755e-05
0.0
0.0
0.0
0.0
0.0
0.0
0.0
-0.000167067375646
0.0
0.0
0.0
0.0
0.0
0.0
0.0
0.0
0.00537048726944
0.0
0.0
0.0
0.0189970995084
0.101818719537
0.0833430093794
0.0
0.0
0.0
0.0
0.0
0.0
0.0
0.0
0.0
0.0
-0.000142934758879
0.0
-0.000142934758879
0.0
-0.00013410665433
0.0
0.0
0.0
0.0
0.0
0.0
0.0
0.0
0.0
0.0
0.0
0.0
0.0
0.0
0.101818719537
0.0833430093794
0.0
0.0
0.0
0.0
0.0
0.0
0.0
0.0
0.0
0.0
0.0
0.0
0.0
0.0
0.0
0.0
0.0334574862906
0.0
0.0
0.0
0.0
0.0
0.0
0.0
0.0
0.0
0.0
0.0
0.0
0.0
0.0
0.0
0.0
0.0
0.0
0.0
0.0
0.0
0.0
0.0
0.0
0.0
0.0
0.0
0.0
0.0
-0.00457600344809
-0.00846283088384
0.0
0.0
0.0
0.0
0.0
0.0
0.0
0.0
0.0
0.0
0.0
0.0
0.0
0.0
0.0334574862906
-0.0240068465266
0.0
0.0
0.0
0.0
0.0
0.0
0.0
0.0
0.0
0.0
0.0
0.0
0.0
0.0
0.0
0.0
0.0
0.0
0.0
0.0
0.0
0.0
0.0
0.0
0.0
0.0
0.0
0.0
0.0
0.0
0.0
0.0
0.0
0.0
0.0
0.0
0.0
0.0
0.0
0.0
0.0
0.0
0.0
0.0
0.0
0.0
0.0
0.0
0.0
0.0
0.0
0.0
0.0
0.0
0.0
0.0
0.0
0.0
0.0
0.0
0.0
0.0
0.0
0.0
0.0
0.0
0.0
0.0
0.0
0.0
0.0
0.0
0.0
0.0
0.0
0.0
0.0
0.0
0.0
0.0
0.0
0.0
0.0
0.0
0.0
0.0
0.0
0.0
0.0
0.0
0.0
0.0
0.0
0.0
0.0
0.0
0.0
0.0
0.0
0.0
0.0
0.0
0.0
0.0
0.0
0.0
0.0
-6.59003972765e-05
0.0
0.0
0.0
0.0
0.0
0.0
0.0
0.0
0.0
0.0
0.0
0.0
0.0
0.0
0.0
0.0
0.0
0.0
0.0
0.0
0.0
0.0
0.0452053828646
0.0984305147225
0.0
0.0
0.0
0.0
0.0
0.0
0.0
0.0
0.0
0.0
0.0
0.0
0.0
0.0
-0.00018992225883
-0.000113886801723
-7.99348525457e-05
-0.000119854153663
-4.70189576032e-05
-0.000154695025532
0.0
0.0
-0.000260424096463
-0.000207753435432
-0.00020485930425
-0.000217606451443
-0.000208457247966
-0.000161781066604
-0.000135344862723
-0.000166083004798
-0.000187591982419
-0.000175938092007
-7.86568995717e-05
-0.00120117163649
-4.02925533427e-05
0.0
0.0
0.0
0.0
0.0
0.0
0.0
-0.000360770579459
-0.000309868666371
-0.000134333924065
0.0
0.0
0.0
0.0
0.0
0.0
0.0
0.0
0.0
0.0
0.0
0.0
0.0
0.0
0.0
0.0
0.0
0.0
0.0
0.0
0.0
0.0
0.0
0.0
0.0
0.0
0.0
0.0
0.0
0.0
0.0
0.0
0.0
0.0
0.0
0.0
0.0
0.0
0.0
0.0
0.0
0.0
0.0
0.0
0.0
0.0
0.0
0.0
0.0
0.0
0.0
0.0
-0.000344484010024
-0.000259092942483
0.0
-0.000213278256305
0.0
0.0
0.0
0.0
0.0
0.0
-2.48603822915e-05
-0.000246853903483
0.0196033035894
-0.000525937375425
0.00105164605515
0.00982284166199
-0.000179296667794
-0.000104922702586
-0.000373896103715
-0.061363567256
1.9514276903e-05
0.00278457767146
0.0043620051913
0.00892332392568
0.000173158298435
0.0201623941194
0.00947802925252
0.0307786811696
-0.0305520066356
0.0
0.0
0.0
-9.99200932727e-05
0.0
0.0
0.0
0.0
0.0
0.0
0.0
0.0
0.0
0.0
0.0
0.0
0.0
0.0
0.0
0.0257439641876
0.0
0.0
0.0
0.0
0.0
0.0
0.0
0.0
0.0
0.0
0.0
0.0
-2.05535644912e-05
-2.67965814637e-05
-1.75417638852e-05
-1.43226439854e-05
-0.00029716456006
0.0
-0.000213581423015
-0.000213581423015
0.0
0.0
0.0
0.0
0.0
0.0
-0.000224210007103
-0.000130822784036
-0.000105785863416
0.0
0.0
0.0
0.0
0.0
0.0
0.0
-0.00153016427553
0.0401629128844
0.0
0.0
0.0
0.0
0.0
0.0
-9.99200932727e-05
-0.000113191758453
-0.000103801171627
-0.000170416280977
-0.00013308467008
0.0
0.0
0.0
0.0
0.0
0.0
0.0
0.0
0.0
0.0
0.0
0.0
0.0
0.0
0.0
0.0
0.0
0.0
0.0
0.0
0.0
0.0
0.0
0.0
0.0
0.0
0.0
0.0
0.0
0.0
0.0
0.0
0.0
0.0
0.0
0.0
0.0
0.0
0.0
0.0
0.0
0.0
0.0
-0.000209687847727
0.0
-0.000209687847727
0.0
0.0
0.0
0.0
0.0
0.0
0.0
0.0
0.0
0.0
0.0
-4.88812182893e-05
-0.000553665252523
0.0
-0.0109421597711
-0.00172322112831
-0.00209346722732
-0.0144652442705
0.0
-0.0109421597711
-0.0109421597711
0.0
0.0
0.0
0.0
-0.000102665218124
0.0
0.0
0.0
0.0
0.0
0.0
0.0
0.0
0.0
0.0
0.0
0.0
0.0
0.0
0.0
0.0
0.0
0.0
0.0
0.0
0.0
0.0
0.0
0.0
0.0
0.0
0.0
0.0
0.0
0.0
0.0
0.0
0.0
0.0
0.0
0.0
0.0
0.0
0.0
0.0
0.0
0.0
0.0
0.0
0.0
0.0
0.0
0.0
0.0
0.0
0.0
0.0
0.0
0.0
0.0
0.0
0.0
0.0
0.0
0.0
0.0
0.0
0.0
0.0
0.0
0.0
0.0
0.0
0.0
0.0
0.0
0.0
0.0
0.0
0.0
0.0
0.0
0.0
0.0
0.0
0.0
0.0
0.0
