0.0
0.0
0.0
0.0
0.0
0.0
0.0
0.0
-0.0142298505274
0.0137163471178
0.00541529037987
-0.0446437499448
-0.0260493710195
-0.013767564732
-0.0270241028916
-0.0497477488573
0.0
4.33680868994e-19
2.71050543121e-20
-1.69406589451e-21
1.05879118407e-22
0.0
0.0
0.0
0.0
0.0
0.0
0.0
0.0
0.0
0.0
0.0
0.0
0.0
0.0
0.0
0.0
0.0
0.0
0.0
0.0
0.0
0.0
0.0
0.0
0.0
-0.000429800327036
-0.000231715307078
0.0
0.0
0.0
0.0
0.0
-0.000429800327036
-8.79477005809e-05
-0.000745893735703
0.0
0.0
0.0
0.0
0.0
0.0
0.0
0.0
0.0
0.0
0.0
0.0
0.0
0.0
0.0
0.0
0.0
0.0
0.0
0.0
0.0
0.0
0.0
0.0
0.0
0.0
0.0
0.0
0.0
0.0
0.0
0.0
0.0
0.0
0.0
0.0
0.0
0.0
0.0
0.0
0.0
0.0
0.0
0.0
0.0
0.0
0.0
0.0
0.0
0.0
0.0
0.0
0.0
0.0
0.0
0.0
0.0
0.0
0.0
0.0
0.0
0.0
0.0
0.0
0.0
0.0
0.0
0.0
0.0
0.0
0.0
0.0
0.0
0.0
0.0
0.0
0.0
0.0
0.0
0.0
0.0
0.0
0.0416229891587
0.0
0.0
0.0416229891587
0.0
0.0416229891587
0.0
0.0
0.0
0.0
0.0
0.0
0.0
0.0
-0.0142298505274
0.0137163471178
0.00541529037987
0.0
0.0
0.0
0.0
0.0
-0.0446437499448
-0.0260493710195
-0.013767564732
0.0
0.0
0.0
0.0
0.0
0.0
0.0
0.0
0.0
0.0
0.0
0.0
0.0
0.0
0.0
0.0
0.0
0.000624545610184
-0.00133696747285
0.0240712991871
0.000377616673654
0.0
0.0
0.0
0.0
0.000680350063064
-0.00156225423149
-8.54361109659e-05
0.000116092095309
0.0
-7.19266003003e-05
-0.000398231419726
0.0135446563891
0.0
0.0
0.0
0.0
0.000595488773332
0.00121219494283
0.0311606097068
0.0478360928017
0.0
0.0
0.0
0.0
0.00104933171815
3.16756053674e-05
-0.00904140836592
-0.0217328561147
0.0
0.0
0.0
0.0
-0.037461756803
-0.037461756803
-0.0497477488573
0.0
-0.0497477488573
-0.0497477488573
-0.0631570564469
-0.0270241028916
0.0
-0.037461756803
0.0
0.0
-0.037461756803
-0.037461756803
-0.0631570564469
0.00134512371951
0.00148705154051
0.00148705154051
0.00148705154051
0.00148705154051
0.00148705154051
0.00148705154051
0.00148705154051
0.00148705154051
-0.00152735127709
-0.00156428403525
-0.00155031327765
-0.0014577960474
-0.0012479811404
-0.00100848672914
-0.000809077887383
-0.000867890998487
-0.0631570564469
-0.0631570564469
-0.0631570564469
0.0
0.0
0.0
0.0
-0.0140279189089
0.0238062386959
0.0238852758248
0.0221624552412
0.0381551011982
0.0354917158759
0.0354917158759
0.0354917158759
-0.0164861568583
-0.0631570564469
0.0238062386959
0.0238852758248
0.0432381298903
0.0381551011982
0.0381551011982
0.0381551011982
-0.0131858001823
-0.0631570564469
-0.0631570564469
0.0238062386959
0.0452585023618
0.0432381298903
0.0432381298903
0.0432381298903
-0.0134181084781
0.0
0.0
0.0
0.0
0.0452585023618
0.0452585023618
0.0452585023618
0.0432381298903
0.0
0.0
0.0
0.0
0.0
0.0
0.0
0.0452585023618
0.0
0.0
0.0
0.0
0.0
0.0
0.0
0.0
0.0
0.0
0.0
0.0
0.0
0.0
0.0
0.0
0.0
0.0744137990976
-0.0861988833368
-0.0861988833368
-0.0384593407555
-0.0861988833368
0.0700180936964
0.0700180936964
0.0
0.0744137990976
-0.0861988833368
-0.0861988833368
-0.0384593407555
-0.0861988833368
0.0700180936964
0.0700180936964
0.0
0.0744137990976
-0.0861988833368
-0.0861988833368
-0.0384593407555
-0.0861988833368
0.0700180936964
0.0700180936964
0.0
0.0744137990976
-0.0861988833368
-0.0861988833368
-0.0384593407555
-0.0861988833368
0.0700180936964
0.0700180936964
0.0
0.0744137990976
-0.0861988833368
-0.0861988833368
-0.0384593407555
-0.0861988833368
0.0700180936964
0.0700180936964
0.0
0.0744137990976
-0.0861988833368
-0.0861988833368
-0.0384593407555
-0.0861988833368
0.0700180936964
0.0700180936964
0.0
0.100584899881
-0.0861988833368
-0.0861988833368
-0.0384593407555
-0.0861988833368
0.0653362127014
0.0700180936964
0.0700180936964
0.0043662582489
0.0214592103924
0.0500629159798
0.0264660158868
0.017259339492
0.0340568468298
0.0361096921901
0.0418080930685
0.0043662582489
0.0233861181601
0.0207773475114
0.0374773791002
0.0527353273429
0.0527353273429
0.0
0.0
-0.00852474018379
0.00765324566064
0.046792836066
0.0744137990976
0.0308280614858
0.0166740318852
0.0
0.0
-0.00852474018379
0.0374773791002
0.046792836066
0.0232500017704
0.0207773475114
0.0166740318852
0.0418080930685
0.0
0.0419685077099
0.0454205963745
0.00590142674117
0.0374773791002
0.0294504336029
0.0232500017704
0.0418080930685
0.0
0.0
0.0419685077099
0.0454205963745
0.0574997279264
0.0419685077099
0.0
0.0418080930685
0.0
0.0
0.0
0.0419685077099
0.0419685077099
0.0
0.00267837005658
0.00136190548689
0.0
0.0
0.0
0.0
0.0
0.0
0.0
-0.000574426995921
0.0
0.0
0.0
0.0
0.0
0.0
0.0
0.0
0.00547126291463
0.0
0.0
0.0
0.017259339492
0.00294198263174
0.0653362127014
0.0
0.0
0.0
0.0
0.0
0.0
0.0
0.0
0.0
0.0
-0.000495563921833
0.0
-0.000495563921833
0.0
-0.000313642349301
0.0
0.0
0.0
0.0
0.0
0.0
0.0
0.0
0.0
0.0
0.0
0.0
0.0
0.0
0.00294198263174
0.0653362127014
0.0
0.0
0.0
0.0
0.0
0.0
0.0
0.0
0.0
0.0
0.0
0.0
0.0
0.0
0.0
0.0
-0.0140279189089
0.0
0.0
0.0
0.0
0.0
0.0
0.0
0.0
0.0
0.0
0.0
0.0
0.0
0.0
0.0
0.0
0.0
0.0
0.0
0.0
0.0
0.0
0.0
0.0
0.0
0.0
0.0
0.0
0.0
0.00133703321116
0.00100188348784
0.0
0.0
0.0
0.0
0.0
0.0
0.0
0.0
0.0
0.0
0.0
0.0
0.0
0.0
-0.0140279189089
0.00148705154051
0.0
0.0
0.0
0.0
0.0
0.0
0.0
0.0
0.0
0.0
0.0
0.0
0.0
0.0
0.0
0.0
0.0
0.0
0.0
0.0
0.0
0.0
0.0
0.0
0.0
0.0
0.0
0.0
0.0
0.0
0.0
0.0
0.0
0.0
0.0
0.0
0.0
0.0
0.0
0.0
0.0
0.0
0.0
0.0
0.0
0.0
0.0
0.0
0.0
0.0
0.0
0.0
0.0
0.0
0.0
0.0
0.0
0.0
0.0
0.0
0.0
0.0
0.0
0.0
0.0
0.0
0.0
0.0
0.0
0.0
0.0
0.0
0.0
0.0
0.0
0.0
0.0
0.0
0.0
0.0
0.0
0.0
0.0
0.0
0.0
0.0
0.0
0.0
0.0
0.0
0.0
0.0
0.0
0.0
0.0
0.0
0.0
0.0
0.0
0.0
0.0
0.0
0.0
0.0
0.0
0.0
0.0
-1.34531417132e-05
0.0
0.0
0.0
0.0
0.0
0.0
0.0
0.0
0.0
0.0
0.0
0.0
0.0
0.0
0.0
0.0
0.0
0.0
0.0
0.0
0.0
0.0
-0.0127616818045
0.069726259255
0.0
0.0
0.0
0.0
0.0
0.0
0.0
0.0
0.0
0.0
0.0
0.0
0.0
0.0
-0.000868093536935
-0.000525863869199
-0.000443280322526
-0.000608299328705
-0.000583681359681
0.0
0.0
0.0
-0.000867804412393
-0.000773173910611
-0.000774368279977
-0.000859588033636
-0.000861764415232
-0.000676720995377
-0.000595811542968
-0.000707039903548
-3.96558158331e-05
0.000186579601567
0.000289537551091
-0.000110836099255
0.0
0.0
0.0
0.0
0.0
0.0
0.0
0.0
-0.000900948598051
-0.000929725239601
-0.000487553531208
0.0
0.0
0.0
0.0
0.0
0.0
0.0
0.0
0.0
0.0
0.0
0.0
0.0
0.0
0.0
0.0
0.0
0.0
0.0
0.0
0.0
0.0
0.0
0.0
0.0
0.0
0.0
0.0
0.0
0.0
0.0
0.0
0.0
0.0
0.0
0.0
0.0
0.0
0.0
0.0
0.0
0.0
0.0
0.0
0.0
0.0
0.0
0.0
0.0
0.0
0.0
0.0
-0.00110507925444
-0.0012579432607
0.0
-0.00108947431759
0.0
0.0
0.0
0.0
0.0
0.0
-8.87109910804e-05
-0.000339436843638
0.0131659267758
0.000680666777563
0.00023034689019
-0.000883502111473
0.000725729688899
0.00136347472038
0.00407814309774
0.0573501963573
-0.000152056183774
0.00120390395063
-0.00150515786431
-0.00209888580432
-0.00194030474294
0.0103095680803
3.79653224062e-05
-0.00733287847869
-0.02125519785
0.0
0.0
0.0
-0.000381105751271
0.0
0.0
0.0
0.0
0.0
0.0
0.0
0.0
0.0
0.0
0.0
0.0
0.0
0.0
0.0
0.00818196970136
0.0
0.0
0.0
0.0
0.0
0.0
0.0
0.0
0.0
0.0
0.0
0.0
0.000253963412006
-6.18018776296e-05
0.0
0.0
-0.00100682188379
0.0
-0.000730068207852
-0.000730068207852
0.0
0.0
0.0
0.0
0.0
0.0
-0.000788181326087
-0.00057645075541
-0.00039088868139
0.0
0.0
0.0
0.0
0.0
0.0
0.0
-0.0270241028916
-0.0497477488573
0.0
0.0
0.0
0.0
0.0
0.0
-0.000381105751271
-0.000401515648651
-0.000399883496263
-0.00061038082299
-0.000480768227019
0.0
0.0
0.0
0.0
0.0
0.0
0.0
0.0
0.0
0.0
0.0
0.0
0.0
0.0
0.0
0.0
0.0
0.0
0.0
0.0
0.0
0.0
0.0
0.0
0.0
0.0
0.0
0.0
0.0
0.0
0.0
0.0
0.0
0.0
0.0
0.0
0.0
0.0
0.0
0.0
0.0
0.0
0.0
-0.000817928363429
0.0
-0.000817928363429
0.0
0.0
0.0
0.0
0.0
0.0
0.0
0.0
0.0
0.0
0.0
-0.000128664227797
-0.00102958226252
0.0
-0.0164861568583
0.00320937665141
0.0015469562704
-0.0134181084781
0.0
-0.0164861568583
-0.0164861568583
0.0
0.0
0.0
0.0
-0.000392811756718
0.0
0.0
0.0
0.0
0.0
0.0
0.0
0.0
0.0
0.0
0.0
0.0
0.0
0.0
0.0
0.0
0.0
0.0
0.0
0.0
0.0
0.0
0.0
0.0
0.0
0.0
0.0
0.0
0.0
0.0
0.0
0.0
0.0
0.0
0.0
0.0
0.0
0.0
0.0
0.0
0.0
0.0
0.0
0.0
0.0
0.0
0.0
0.0
0.0
0.0
0.0
0.0
0.0
0.0
0.0
0.0
0.0
0.0
0.0
0.0
0.0
0.0
0.0
0.0
0.0
0.0
0.0
0.0
0.0
0.0
0.0
0.0
0.0
0.0
0.0
0.0
0.0
0.0
0.0
0.0
0.0
0.0
0.0
0.0
0.0
0.0
0.0
0.0
-0.000511106671233
0.0
-0.000624143784508
-0.0331221479842
0.0292061755926
-0.0110227600272
-0.0331767682642
-0.028367831579
0.00808459574846
-0.0403230342157
-0.037461756803
0.0
0.0
0.0
0.0
0.0
0.0
0.0
0.0
0.0
0.0
0.0
0.0
0.0
0.0
0.0
0.0
0.0
0.0
0.0
0.0
0.0
0.0
0.0
0.0
0.0
0.0
0.0
0.0
0.0
0.0
-0.000410883092762
-0.000231697844167
0.0
0.0
0.0
0.0
0.0
-0.000410883092762
-7.42118442896e-05
-0.000818489455638
0.0
0.0
0.0
0.0
0.0
0.0
0.0
0.0
0.0
0.0
0.0
0.0
0.0
0.0
0.0
0.0
0.0
0.0
0.0
0.0
0.0
0.0
0.0
0.0
0.0
0.0
0.0
0.0
0.0
0.0
0.0
0.0
0.0
0.0
0.0
0.0
0.0
0.0
0.0
0.0
0.0
0.0
0.0
0.0
0.0
0.0
0.0
0.0
0.0
0.0
0.0
0.0
0.0
0.0
0.0
0.0
0.0
0.0
0.0
0.0
0.0
0.0
0.0
0.0
0.0
0.0
0.0
0.0
0.0
0.0
0.0
0.0
0.0
0.0
0.0
0.0
0.0
0.0
0.0
0.0
0.0
0.0
0.0808862109348
0.0
0.0
0.0808862109348
0.0
0.0808862109348
0.0
0.0
0.0
0.0
0.0
0.0
0.0
0.0
-0.0331221479842
0.0292061755926
-0.0110227600272
0.0
0.0
0.0
0.0
0.0
-0.0331767682642
-0.028367831579
0.00808459574846
0.0
0.0
0.0
0.0
0.0
0.0
0.0
0.0
0.0
0.0
0.0
0.0
0.0
0.0
0.0
0.0
0.0
-0.000716192087661
0.000534052610942
0.039870478944
-3.17491519518e-05
0.0
0.0
0.0
0.0
0.00091772593339
0.00106886543241
0.000146253764617
-0.00197555782609
0.0
-9.52773735161e-05
-0.00054707221341
0.0186459390957
0.0
0.0
0.0
0.0
0.0015144389165
0.00228577394308
0.0537068908853
0.0302495556274
0.0
0.0
0.0
0.0
-8.94821482075e-05
0.00942152967807
0.0078981312457
-0.0268168074548
0.0
0.0
0.0
0.0
-0.0484111480397
-0.0484111480397
-0.037461756803
0.0
-0.037461756803
-0.037461756803
-0.0651581284085
-0.0403230342157
0.0
-0.0484111480397
0.0
0.0
-0.0484111480397
-0.0484111480397
-0.0651581284085
0.0183706411139
-0.0140279189089
-0.0140279189089
-0.0140279189089
-0.0140279189089
-0.0140279189089
-0.0140279189089
-0.0140279189089
-0.0140279189089
-0.00139329384923
-0.00144074878384
-0.00141766335691
-0.00133717281564
-0.00114270678852
-0.000920965184793
-0.000736057076178
-0.000809562950568
-0.0651581284085
-0.0651581284085
-0.0651581284085
0.0
0.0
0.0
0.0
0.00713015501918
0.004946796423
0.00551092861439
0.00419382966753
0.0165881959291
0.0145449586366
0.0145449586366
0.0145449586366
-0.0212552074481
-0.0651581284085
0.004946796423
0.00551092861439
0.0207290213095
0.0165881959291
0.0165881959291
0.0165881959291
-0.0197458881393
-0.0651581284085
-0.0651581284085
0.004946796423
0.0219128249487
0.0207290213095
0.0207290213095
0.0207290213095
-0.0201202699628
0.0
0.0
0.0
0.0
0.0219128249487
0.0219128249487
0.0219128249487
0.0207290213095
0.0
0.0
0.0
0.0
0.0
0.0
0.0
0.0219128249487
0.0
0.0
0.0
0.0
0.0
0.0
0.0
0.0
0.0
0.0
0.0
0.0
0.0
0.0
0.0
0.0
0.0
0.0653362127014
-0.0875538434324
-0.0875538434324
-0.026992595302
-0.0875538434324
0.106010107114
0.106010107114
0.0
0.0653362127014
-0.0875538434324
-0.0875538434324
-0.026992595302
-0.0875538434324
0.106010107114
0.106010107114
0.0
0.0653362127014
-0.0875538434324
-0.0875538434324
-0.026992595302
-0.0875538434324
0.106010107114
0.106010107114
0.0
0.0653362127014
-0.0875538434324
-0.0875538434324
-0.026992595302
-0.0875538434324
0.106010107114
0.106010107114
0.0
0.0653362127014
-0.0875538434324
-0.0875538434324
-0.026992595302
-0.0875538434324
0.106010107114
0.106010107114
0.0
0.0653362127014
-0.0875538434324
-0.0875538434324
-0.026992595302
-0.0875538434324
0.106010107114
0.106010107114
0.0
0.0700180936964
-0.0875538434324
-0.0875538434324
-0.026992595302
-0.0875538434324
0.0830953338178
0.106010107114
0.106010107114
0.0110193267507
0.0195128530703
0.0418080930685
0.0225689297299
0.0240461043829
0.0334550809308
0.0499909555936
0.0521185801804
0.0110193267507
0.0192232555633
0.0256014157335
0.0275762925306
0.0434487120627
0.0434487120627
0.0
0.0
-0.00313826657751
0.00547126291463
0.0361096921901
0.0653362127014
0.0286162589865
0.0138002236055
0.0
0.0
-0.00313826657751
0.0275762925306
0.0361096921901
0.0188142045404
0.0256014157335
0.0138002236055
0.0521185801804
0.0
0.0306073332968
0.0400666244874
0.00748150459648
0.0275762925306
0.0188706107028
0.0188142045404
0.0521185801804
0.0
0.0
0.0306073332968
0.0400666244874
0.0386247925875
0.0306073332968
0.0
0.0521185801804
0.0
0.0
0.0
0.0306073332968
0.0306073332968
0.0
-4.16145006737e-05
-0.000418648070637
0.0
0.0
0.0
0.0
0.0
0.0
0.0
-0.000606158027353
0.0
0.0
0.0
0.0
0.0
0.0
0.0
0.0
0.0063668795878
0.0
0.0
0.0
0.0240461043829
0.0326276360628
0.0830953338178
0.0
0.0
0.0
0.0
0.0
0.0
0.0
0.0
0.0
0.0
-0.000520315476053
0.0
-0.000520315476053
0.0
-0.000495563921833
0.0
0.0
0.0
0.0
0.0
0.0
0.0
0.0
0.0
0.0
0.0
0.0
0.0
0.0
0.0326276360628
0.0830953338178
0.0
0.0
0.0
0.0
0.0
0.0
0.0
0.0
0.0
0.0
0.0
0.0
0.0
0.0
0.0
0.0
0.00713015501918
0.0
0.0
0.0
0.0
0.0
0.0
0.0
0.0
0.0
0.0
0.0
0.0
0.0
0.0
0.0
0.0
0.0
0.0
0.0
0.0
0.0
0.0
0.0
0.0
0.0
0.0
0.0
0.0
0.0
0.00120390395063
0.00109282732389
0.0
0.0
0.0
0.0
0.0
0.0
0.0
0.0
0.0
0.0
0.0
0.0
0.0
0.0
0.00713015501918
-0.0140279189089
0.0
0.0
0.0
0.0
0.0
0.0
0.0
0.0
0.0
0.0
0.0
0.0
0.0
0.0
0.0
0.0
0.0
0.0
0.0
0.0
0.0
0.0
0.0
0.0
0.0
0.0
0.0
0.0
0.0
0.0
0.0
0.0
0.0
0.0
0.0
0.0
0.0
0.0
0.0
0.0
0.0
0.0
0.0
0.0
0.0
0.0
0.0
0.0
0.0
0.0
0.0
0.0
0.0
0.0
0.0
0.0
0.0
0.0
0.0
0.0
0.0
0.0
0.0
0.0
0.0
0.0
0.0
0.0
0.0
0.0
0.0
0.0
0.0
0.0
0.0
0.0
0.0
0.0
0.0
0.0
0.0
0.0
0.0
0.0
0.0
0.0
0.0
0.0
0.0
0.0
0.0
0.0
0.0
0.0
0.0
0.0
0.0
0.0
0.0
0.0
0.0
0.0
0.0
0.0
0.0
0.0
0.0
-0.000231700516917
0.0
0.0
0.0
0.0
0.0
0.0
0.0
0.0
0.0
0.0
0.0
0.0
0.0
0.0
0.0
0.0
0.0
0.0
0.0
0.0
0.0
0.0
-0.000732255565535
0.106010107114
0.0
0.0
0.0
0.0
0.0
0.0
0.0
0.0
0.0
0.0
0.0
0.0
0.0
0.0
-0.000682619290682
-0.000376809972075
-0.000282643321349
-0.000443280322526
-0.000172386333335
-0.000583681359681
0.0
0.0
-0.000708895265865
-0.000726379647234
-0.000729919945882
-0.000774368279977
-0.000722115296891
-0.000577962520087
-0.000482050539201
-0.000595811542968
-0.000605287871693
-0.000281487694912
-0.000173995705929
0.000289537551091
-0.000110836099255
0.0
0.0
0.0
0.0
0.0
0.0
0.0
-0.00121761296058
-0.000831472214658
-0.000929725239601
0.0
0.0
0.0
0.0
0.0
0.0
0.0
0.0
0.0
0.0
0.0
0.0
0.0
0.0
0.0
0.0
0.0
0.0
0.0
0.0
0.0
0.0
0.0
0.0
0.0
0.0
0.0
0.0
0.0
0.0
0.0
0.0
0.0
0.0
0.0
0.0
0.0
0.0
0.0
0.0
0.0
0.0
0.0
0.0
0.0
0.0
0.0
0.0
0.0
0.0
0.0
0.0
-0.0011817726924
-0.00117597838532
0.0
-0.00106811416394
0.0
0.0
0.0
0.0
0.0
0.0
-8.78375303699e-05
-0.000389428569513
0.0173479068256
-0.00052372484731
-0.00100739572853
6.65974187167e-05
-0.000841120540545
-0.000765234445312
-0.000900927041098
0.0370422207644
0.00178360768189
0.000997383405287
-4.97680150229e-05
0.000241696049984
0.00449284584323
0.0179454181184
0.00231019442355
0.0101695304939
-0.0264243697825
0.0
0.0
0.0
-0.00036066400412
0.0
0.0
0.0
0.0
0.0
0.0
0.0
0.0
0.0
0.0
0.0
0.0
0.0
0.0
0.0
0.0266464251442
0.0
0.0
0.0
0.0
0.0
0.0
0.0
0.0
0.0
0.0
0.0
0.0
-7.27559813046e-05
-9.44078486275e-05
-6.18018776296e-05
-5.04604978298e-05
-0.00102414742486
0.0
-0.00071924125656
-0.00071924125656
0.0
0.0
0.0
0.0
0.0
0.0
-0.000820469004116
-0.000502493638586
-0.000392811756718
0.0
0.0
0.0
0.0
0.0
0.0
0.0
-0.0403230342157
-0.037461756803
0.0
0.0
0.0
0.0
0.0
0.0
-0.00036066400412
-0.000402367555523
-0.000377846846443
-0.000608564735671
-0.000479488198693
0.0
0.0
0.0
0.0
0.0
0.0
0.0
0.0
0.0
0.0
0.0
0.0
0.0
0.0
0.0
0.0
0.0
0.0
0.0
0.0
0.0
0.0
0.0
0.0
0.0
0.0
0.0
0.0
0.0
0.0
0.0
0.0
0.0
0.0
0.0
0.0
0.0
0.0
0.0
0.0
0.0
0.0
0.0
-0.000745768293544
0.0
-0.000745768293544
0.0
0.0
0.0
0.0
0.0
0.0
0.0
0.0
0.0
0.0
0.0
-0.00018519450506
-0.000971670787979
0.0
-0.0212552074481
0.00142293190155
0.000348374238862
-0.0201202699628
0.0
-0.0212552074481
-0.0212552074481
0.0
0.0
0.0
0.0
-0.000263980798694
0.0
0.0
0.0
0.0
0.0
0.0
0.0
0.0
0.0
0.0
0.0
0.0
0.0
0.0
0.0
0.0
0.0
0.0
0.0
0.0
0.0
0.0
0.0
0.0
0.0
0.0
0.0
0.0
0.0
0.0
0.0
0.0
0.0
0.0
0.0
0.0
0.0
0.0
0.0
0.0
0.0
0.0
0.0
0.0
0.0
0.0
0.0
0.0
0.0
0.0
0.0
0.0
0.0
0.0
0.0
0.0
0.0
0.0
0.0
0.0
0.0
0.0
0.0
0.0
0.0
0.0
0.0
0.0
0.0
0.0
0.0
0.0
0.0
0.0
0.0
0.0
0.0
0.0
0.0
0.0
0.0
0.0
0.0
