0.0
0.0
0.0
0.0
0.0
0.0
0.0
0.0
0.0126391465677
0.00885126777984
0.00921846011132
0.0144751082251
0.0155766852195
0.0126391465677
0.0125425170068
0.00805890538033
0.0
0.0
0.0
0.0
0.0
0.0
0.0
0.0
0.0
0.0
0.0
0.0
0.0
0.0
0.0
0.0
0.0
0.0
0.0
0.0
0.0
0.0
0.0
0.0
0.0
0.0
0.0
0.0
0.0
0.0
0.00243506493506
0.000811688311688
0.0
0.0
0.0
0.0
0.0
0.00243506493506
0.000115955473098
0.0101074520717
0.0
0.0
0.0
0.0
0.0
0.0
0.0
0.0
0.0
0.0
0.0
0.0
0.0
0.0
0.0
0.0
0.0
0.0
0.0
0.0
0.0
0.0
0.0
0.0
0.0
0.0
0.0
0.0
0.0
0.0
0.0
0.0
0.0
0.0
0.0
0.0
0.0
0.0
0.0
0.0
0.0
0.0
0.0
0.0
0.0
0.0
0.0
0.0
0.0
0.0
0.0
0.0
0.0
0.0
0.0
0.0
0.0
0.0
0.0
0.0
0.0
0.0
0.0
0.0
0.0
0.0
0.0
0.0
0.0
0.0
0.0
0.0
0.0
0.0
0.0
0.0
0.0
0.0
0.0
0.0
0.0
0.0
0.00888991960421
0.0
0.0
0.00888991960421
0.0
0.00888991960421
0.0
0.0
0.0
0.0
0.0
0.0
0.0
0.0
0.0126391465677
0.00885126777984
0.00921846011132
0.0
0.0
0.0
0.0
0.0
0.0144751082251
0.0155766852195
0.0126391465677
0.0
0.0
0.0
0.0
0.0
0.0
0.0
0.0
0.0
0.0
0.0
0.0
0.0
0.0
0.0
0.0
0.0
0.0152867965368
0.0117888064317
0.0109964440322
0.0185915275201
0.0
0.0
0.0
0.0
0.00875463821892
0.0141658936302
0.0146490414348
0.0176252319109
0.0
7.73036487322e-05
0.00336270871985
0.00740182436611
0.0
0.0
0.0
0.0
0.0195384972171
0.0188620902907
0.0128517316017
0.0101847557205
0.0
0.0
0.0
0.0
0.0129483611626
0.0106485776129
0.013933982684
0.00709260977118
0.0
0.0
0.0
0.0
0.0121173469388
0.0121173469388
0.00805890538033
0.0
0.00805890538033
0.00805890538033
0.005701144094
0.0125425170068
0.0
0.0121173469388
0.0
0.0
0.0121173469388
0.0121173469388
0.005701144094
0.00910250463822
0.00993351886209
0.00993351886209
0.00993351886209
0.00993351886209
0.00993351886209
0.00993351886209
0.00993351886209
0.00993351886209
0.0285636982066
0.0290081941868
0.028080550402
0.0244472789116
0.0174899505257
0.0109964440322
0.00676406926407
0.0100688002474
0.005701144094
0.005701144094
0.005701144094
0.0
0.0
0.0
0.0
0.0126391465677
0.0126777983921
0.0126391465677
0.0126391465677
0.0111510513296
0.0113636363636
0.0113636363636
0.0113636363636
0.0174126468769
0.005701144094
0.0126777983921
0.0126391465677
0.0110157699443
0.0111510513296
0.0111510513296
0.0111510513296
0.0177218614719
0.005701144094
0.005701144094
0.0126777983921
0.0108225108225
0.0110157699443
0.0110157699443
0.0110157699443
0.0180697278912
0.0
0.0
0.0
0.0
0.0108225108225
0.0108225108225
0.0108225108225
0.0110157699443
0.0
0.0
0.0
0.0
0.0
0.0
0.0
0.0108225108225
0.0
0.0
0.0
0.0
0.0
0.0
0.0
0.0
0.0
0.0
0.0
0.0
0.0
0.0
0.0
0.0
0.0
0.00519867037724
0.00237708719852
0.00237708719852
0.00641620284477
0.00237708719852
0.00363327149041
0.00363327149041
0.0
0.00519867037724
0.00237708719852
0.00237708719852
0.00641620284477
0.00237708719852
0.00363327149041
0.00363327149041
0.0
0.00519867037724
0.00237708719852
0.00237708719852
0.00641620284477
0.00237708719852
0.00363327149041
0.00363327149041
0.0
0.00519867037724
0.00237708719852
0.00237708719852
0.00641620284477
0.00237708719852
0.00363327149041
0.00363327149041
0.0
0.00519867037724
0.00237708719852
0.00237708719852
0.00641620284477
0.00237708719852
0.00363327149041
0.00363327149041
0.0
0.00519867037724
0.00237708719852
0.00237708719852
0.00641620284477
0.00237708719852
0.00363327149041
0.00363327149041
0.0
0.00260899814471
0.00237708719852
0.00237708719852
0.00641620284477
0.00237708719852
0.00657081014224
0.00363327149041
0.00363327149041
0.0112283549784
0.00869666048237
0.00303416821274
0.00910250463822
0.0108418367347
0.0126391465677
0.00388450834879
0.00411641929499
0.0112283549784
0.00945037105751
0.0104166666667
0.00856137909709
0.0114795918367
0.0114795918367
0.0
0.0
0.00823283858998
0.0132189239332
0.00303416821274
0.00519867037724
0.0124072356215
0.00736317254174
0.0
0.0
0.00823283858998
0.00856137909709
0.00303416821274
0.00985621521336
0.0104166666667
0.00736317254174
0.00411641929499
0.0
0.00894789734075
0.0115762213976
0.0160211811998
0.00856137909709
0.00937306740878
0.00985621521336
0.00411641929499
0.0
0.0
0.00894789734075
0.0115762213976
0.00888991960421
0.00894789734075
0.0
0.00411641929499
0.0
0.0
0.0
0.00894789734075
0.00894789734075
0.0
0.0101074520717
0.0101074520717
0.0
0.0
0.0
0.0
0.0
0.0
0.0
0.00378787878788
0.0
0.0
0.0
0.0
0.0
0.0
0.0
0.0
0.0173739950526
0.0
0.0
0.0
0.0108418367347
0.00589440321583
0.00657081014224
0.0
0.0
0.0
0.0
0.0
0.0
0.0
0.0
0.0
0.0
0.00255102040816
0.0
0.00255102040816
0.0
0.00108225108225
0.0
0.0
0.0
0.0
0.0
0.0
0.0
0.0
0.0
0.0
0.0
0.0
0.0
0.0
0.00589440321583
0.00657081014224
0.0
0.0
0.0
0.0
0.0
0.0
0.0
0.0
0.0
0.0
0.0
0.0
0.0
0.0
0.0
0.0
0.0126391465677
0.0
0.0
0.0
0.0
0.0
0.0
0.0
0.0
0.0
0.0
0.0
0.0
0.0
0.0
0.0
0.0
0.0
0.0
0.0
0.0
0.0
0.0
0.0
0.0
0.0
0.0
0.0
0.0
0.0
0.00863868274583
0.0080975572047
0.0
0.0
0.0
0.0
0.0
0.0
0.0
0.0
0.0
0.0
0.0
0.0
0.0
0.0
0.0126391465677
0.00993351886209
0.0
0.0
0.0
0.0
0.0
0.0
0.0
0.0
0.0
0.0
0.0
0.0
0.0
0.0
0.0
0.0
0.0
0.0
0.0
0.0
0.0
0.0
0.0
0.0
0.0
0.0
0.0
0.0
0.0
0.0
0.0
0.0
0.0
0.0
0.0
0.0
0.0
0.0
0.0
0.0
0.0
0.0
0.0
0.0
0.0
0.0
0.0
0.0
0.0
0.0
0.0
0.0
0.0
0.0
0.0
0.0
0.0
0.0
0.0
0.0
0.0
0.0
0.0
0.0
0.0
0.0
0.0
0.0
0.0
0.0
0.0
0.0
0.0
0.0
0.0
0.0
0.0
0.0
0.0
0.0
0.0
0.0
0.0
0.0
0.0
0.0
0.0
0.0
0.0
0.0
0.0
0.0
0.0
0.0
0.0
0.0
0.0
0.0
0.0
0.0
0.0
0.0
0.0
0.0
0.0
0.0
0.0
0.000831014223871
0.0
0.0
0.0
0.0
0.0
0.0
0.0
0.0
0.0
0.0
0.0
0.0
0.0
0.0
0.0
0.0
0.0
0.0
0.0
0.0
0.0
0.0
0.00689935064935
0.0036525974026
0.0
0.0
0.0
0.0
0.0
0.0
0.0
0.0
0.0
0.0
0.0
0.0
0.0
0.0
0.00742115027829
0.00289888682746
0.00199056895485
0.0031887755102
0.00286023500309
0.0
0.0
0.0
0.0082135126778
0.00778834260977
0.0078656462585
0.00794294990724
0.00782699443414
0.00572047000618
0.00438698206555
0.00483147804576
0.00371057513915
0.00229978354978
0.00187461348176
0.000154607297464
0.0
0.0
0.0
0.0
0.0
0.0
0.0
0.0
0.018900742115
0.012987012987
0.00883194186766
0.0
0.0
0.0
0.0
0.0
0.0
0.0
0.0
0.0
0.0
0.0
0.0
0.0
0.0
0.0
0.0
0.0
0.0
0.0
0.0
0.0
0.0
0.0
0.0
0.0
0.0
0.0
0.0
0.0
0.0
0.0
0.0
0.0
0.0
0.0
0.0
0.0
0.0
0.0
0.0
0.0
0.0
0.0
0.0
0.0
0.0
0.0
0.0
0.0
0.0
0.0
0.0
0.0180890538033
0.0197124304267
0.0
0.0144557823129
0.0
0.0
0.0
0.0
0.0
0.0
0.000115955473098
0.00274427952999
0.00637755102041
0.0152867965368
0.0160211811998
0.0129290352505
0.0144364564007
0.0151321892393
0.0131029684601
0.00883194186766
0.0105712739641
0.0102040816327
0.0143398268398
0.0158858998145
0.0150355596784
0.0145137600495
0.0110930735931
0.014146567718
0.0069573283859
0.0
0.0
0.0
0.00162337662338
0.0
0.0
0.0
0.0
0.0
0.0
0.0
0.0
0.0
0.0
0.0
0.0
0.0
0.0
0.0
0.00686069882498
0.0
0.0
0.0
0.0
0.0
0.0
0.0
0.0
0.0
0.0
0.0
0.0
1.93259121831e-05
5.79777365492e-05
0.0
0.0
0.0159052257267
0.0
0.00703463203463
0.00703463203463
0.0
0.0
0.0
0.0
0.0
0.0
0.00805890538033
0.00344001236858
0.00200989486704
0.0
0.0
0.0
0.0
0.0
0.0
0.0
0.0125425170068
0.00805890538033
0.0
0.0
0.0
0.0
0.0
0.0
0.00162337662338
0.00224180581323
0.00160405071119
0.00494743351886
0.00272495361781
0.0
0.0
0.0
0.0
0.0
0.0
0.0
0.0
0.0
0.0
0.0
0.0
0.0
0.0
0.0
0.0
0.0
0.0
0.0
0.0
0.0
0.0
0.0
0.0
0.0
0.0
0.0
0.0
0.0
0.0
0.0
0.0
0.0
0.0
0.0
0.0
0.0
0.0
0.0
0.0
0.0
0.0
0.0
0.00763373531231
0.0
0.00763373531231
0.0
0.0
0.0
0.0
0.0
0.0
0.0
0.0
0.0
0.0
0.0
0.00025123685838
0.0170454545455
0.0
0.0174126468769
0.0235196351268
0.0236742424242
0.0180697278912
0.0
0.0174126468769
0.0174126468769
0.0
0.0
0.0
0.0
0.00202922077922
0.0
0.0
0.0
0.0
0.0
0.0
0.0
0.0
0.0
0.0
0.0
0.0
0.0
0.0
0.0
0.0
0.0
0.0
0.0
0.0
0.0
0.0
0.0
0.0
0.0
0.0
0.0
0.0
0.0
0.0
0.0
0.0
0.0
0.0
0.0
0.0
0.0
0.0
0.0
0.0
0.0
0.0
0.0
0.0
0.0
0.0
0.0
0.0
0.0
0.0
0.0
0.0
0.0
0.0
0.0
0.0
0.0
0.0
0.0
0.0
0.0
0.0
0.0
0.0
0.0
0.0
0.0
0.0
0.0
0.0
0.0
0.0
0.0
0.0
0.0
0.0
0.0
0.0
0.0
0.0
0.0
0.0
0.0
0.0
0.0
0.0
0.0
0.0
0.00359461966605
0.0
0.00523732220161
0.0117888064317
0.00908317872604
0.0118467841682
0.0140306122449
0.0142431972789
0.0114602659246
0.0150548855906
0.0121173469388
0.0
0.0
0.0
0.0
0.0
0.0
0.0
0.0
0.0
0.0
0.0
0.0
0.0
0.0
0.0
0.0
0.0
0.0
0.0
0.0
0.0
0.0
0.0
0.0
0.0
0.0
0.0
0.0
0.0
0.0
0.00247371675943
0.000811688311688
0.0
0.0
0.0
0.0
0.0
0.00247371675943
0.000115955473098
0.0100108225108
0.0
0.0
0.0
0.0
0.0
0.0
0.0
0.0
0.0
0.0
0.0
0.0
0.0
0.0
0.0
0.0
0.0
0.0
0.0
0.0
0.0
0.0
0.0
0.0
0.0
0.0
0.0
0.0
0.0
0.0
0.0
0.0
0.0
0.0
0.0
0.0
0.0
0.0
0.0
0.0
0.0
0.0
0.0
0.0
0.0
0.0
0.0
0.0
0.0
0.0
0.0
0.0
0.0
0.0
0.0
0.0
0.0
0.0
0.0
0.0
0.0
0.0
0.0
0.0
0.0
0.0
0.0
0.0
0.0
0.0
0.0
0.0
0.0
0.0
0.0
0.0
0.0
0.0
0.0
0.0
0.0
0.0
0.00892857142857
0.0
0.0
0.00892857142857
0.0
0.00892857142857
0.0
0.0
0.0
0.0
0.0
0.0
0.0
0.0
0.0117888064317
0.00908317872604
0.0118467841682
0.0
0.0
0.0
0.0
0.0
0.0140306122449
0.0142431972789
0.0114602659246
0.0
0.0
0.0
0.0
0.0
0.0
0.0
0.0
0.0
0.0
0.0
0.0
0.0
0.0
0.0
0.0
0.0
0.0152867965368
0.0160405071119
0.0115182436611
0.0186301793445
0.0
0.0
0.0
0.0
0.0103586889301
0.0142238713667
0.0170068027211
0.0174319727891
0.0
0.000135281385281
0.00585575139147
0.00767238713667
0.0
0.0
0.0
0.0
0.0195578231293
0.0189587198516
0.0132962275819
0.012774427953
0.0
0.0
0.0
0.0
0.015306122449
0.00945037105751
0.0148616264688
0.00977891156463
0.0
0.0
0.0
0.0
0.0101267779839
0.0101267779839
0.0121173469388
0.0
0.0121173469388
0.0121173469388
0.00612631416203
0.0150548855906
0.0
0.0101267779839
0.0
0.0
0.0101267779839
0.0101267779839
0.00612631416203
0.00827149041435
0.0126391465677
0.0126391465677
0.0126391465677
0.0126391465677
0.0126391465677
0.0126391465677
0.0126391465677
0.0126391465677
0.0285636982066
0.0290275200989
0.0280998763142
0.0245245825603
0.0174899505257
0.0110350958565
0.00689935064935
0.00676406926407
0.00612631416203
0.00612631416203
0.00612631416203
0.0
0.0
0.0
0.0
0.011402288188
0.0146490414348
0.0146683673469
0.0146876932591
0.0132382498454
0.0134894867038
0.0134894867038
0.0134894867038
0.0171227581942
0.00612631416203
0.0146490414348
0.0146683673469
0.0130643166357
0.0132382498454
0.0132382498454
0.0132382498454
0.0174126468769
0.00612631416203
0.00612631416203
0.0146490414348
0.0127937538652
0.0130643166357
0.0130643166357
0.0130643166357
0.0176832096475
0.0
0.0
0.0
0.0
0.0127937538652
0.0127937538652
0.0127937538652
0.0130643166357
0.0
0.0
0.0
0.0
0.0
0.0
0.0
0.0127937538652
0.0
0.0
0.0
0.0
0.0
0.0
0.0
0.0
0.0
0.0
0.0
0.0
0.0
0.0
0.0
0.0
0.0
0.00657081014224
0.00237708719852
0.00237708719852
0.00697665429808
0.00237708719852
0.00392316017316
0.00392316017316
0.0
0.00657081014224
0.00237708719852
0.00237708719852
0.00697665429808
0.00237708719852
0.00392316017316
0.00392316017316
0.0
0.00657081014224
0.00237708719852
0.00237708719852
0.00697665429808
0.00237708719852
0.00392316017316
0.00392316017316
0.0
0.00657081014224
0.00237708719852
0.00237708719852
0.00697665429808
0.00237708719852
0.00392316017316
0.00392316017316
0.0
0.00657081014224
0.00237708719852
0.00237708719852
0.00697665429808
0.00237708719852
0.00392316017316
0.00392316017316
0.0
0.00657081014224
0.00237708719852
0.00237708719852
0.00697665429808
0.00237708719852
0.00392316017316
0.00392316017316
0.0
0.00363327149041
0.00237708719852
0.00237708719852
0.00697665429808
0.00237708719852
0.00682204700062
0.00392316017316
0.00392316017316
0.0121173469388
0.0113829622758
0.00411641929499
0.0117115027829
0.0110157699443
0.0144944341373
0.00394248608534
0.00398113790971
0.0121173469388
0.0109384662956
0.0104359925788
0.0109384662956
0.0132575757576
0.0132575757576
0.0
0.0
0.00952767470625
0.0173739950526
0.00388450834879
0.00657081014224
0.0140112863327
0.00883194186766
0.0
0.0
0.00952767470625
0.0109384662956
0.00388450834879
0.0124652133581
0.0104359925788
0.00883194186766
0.00398113790971
0.0
0.0113056586271
0.0133542053185
0.0160211811998
0.0109384662956
0.0106292517007
0.0124652133581
0.00398113790971
0.0
0.0
0.0113056586271
0.0133542053185
0.0103200371058
0.0113056586271
0.0
0.00398113790971
0.0
0.0
0.0
0.0113056586271
0.0113056586271
0.0
0.0101074520717
0.0101074520717
0.0
0.0
0.0
0.0
0.0
0.0
0.0
0.00440630797774
0.0
0.0
0.0
0.0
0.0
0.0
0.0
0.0
0.0173933209647
0.0
0.0
0.0
0.0110157699443
0.00618429189858
0.00682204700062
0.0
0.0
0.0
0.0
0.0
0.0
0.0
0.0
0.0
0.0
0.00315012368584
0.0
0.00315012368584
0.0
0.00255102040816
0.0
0.0
0.0
0.0
0.0
0.0
0.0
0.0
0.0
0.0
0.0
0.0
0.0
0.0
0.00618429189858
0.00682204700062
0.0
0.0
0.0
0.0
0.0
0.0
0.0
0.0
0.0
0.0
0.0
0.0
0.0
0.0
0.0
0.0
0.011402288188
0.0
0.0
0.0
0.0
0.0
0.0
0.0
0.0
0.0
0.0
0.0
0.0
0.0
0.0
0.0
0.0
0.0
0.0
0.0
0.0
0.0
0.0
0.0
0.0
0.0
0.0
0.0
0.0
0.0
0.0102040816327
0.00960497835498
0.0
0.0
0.0
0.0
0.0
0.0
0.0
0.0
0.0
0.0
0.0
0.0
0.0
0.0
0.011402288188
0.0126391465677
0.0
0.0
0.0
0.0
0.0
0.0
0.0
0.0
0.0
0.0
0.0
0.0
0.0
0.0
0.0
0.0
0.0
0.0
0.0
0.0
0.0
0.0
0.0
0.0
0.0
0.0
0.0
0.0
0.0
0.0
0.0
0.0
0.0
0.0
0.0
0.0
0.0
0.0
0.0
0.0
0.0
0.0
0.0
0.0
0.0
0.0
0.0
0.0
0.0
0.0
0.0
0.0
0.0
0.0
0.0
0.0
0.0
0.0
0.0
0.0
0.0
0.0
0.0
0.0
0.0
0.0
0.0
0.0
0.0
0.0
0.0
0.0
0.0
0.0
0.0
0.0
0.0
0.0
0.0
0.0
0.0
0.0
0.0
0.0
0.0
0.0
0.0
0.0
0.0
0.0
0.0
0.0
0.0
0.0
0.0
0.0
0.0
0.0
0.0
0.0
0.0
0.0
0.0
0.0
0.0
0.0
0.0
0.000831014223871
0.0
0.0
0.0
0.0
0.0
0.0
0.0
0.0
0.0
0.0
0.0
0.0
0.0
0.0
0.0
0.0
0.0
0.0
0.0
0.0
0.0
0.0
0.0067254174397
0.00392316017316
0.0
0.0
0.0
0.0
0.0
0.0
0.0
0.0
0.0
0.0
0.0
0.0
0.0
0.0
0.00597170686456
0.00177798392084
0.000908317872604
0.00199056895485
0.000328540507112
0.00286023500309
0.0
0.0
0.00819418676562
0.00774969078541
0.00778834260977
0.0078656462585
0.00753710575139
0.00492810760668
0.00322742733457
0.00438698206555
0.00512136672851
0.0012561842919
0.000425170068027
0.00187461348176
0.000154607297464
0.0
0.0
0.0
0.0
0.0
0.0
0.0
0.026283240569
0.0104359925788
0.012987012987
0.0
0.0
0.0
0.0
0.0
0.0
0.0
0.0
0.0
0.0
0.0
0.0
0.0
0.0
0.0
0.0
0.0
0.0
0.0
0.0
0.0
0.0
0.0
0.0
0.0
0.0
0.0
0.0
0.0
0.0
0.0
0.0
0.0
0.0
0.0
0.0
0.0
0.0
0.0
0.0
0.0
0.0
0.0
0.0
0.0
0.0
0.0
0.0
0.0
0.0
0.0
0.0
0.0182243351886
0.0180310760668
0.0
0.0147070191713
0.0
0.0
0.0
0.0
0.0
0.0
0.000115955473098
0.00427102659246
0.00653215831787
0.0152867965368
0.0160211811998
0.0171227581942
0.018688157081
0.0194032158318
0.0170454545455
0.0110544217687
0.0102620593692
0.0102234075448
0.0143398268398
0.0158279220779
0.0172966914038
0.0141079158936
0.00983688930118
0.0152481447124
0.00966295609153
0.0
0.0
0.0
0.00162337662338
0.0
0.0
0.0
0.0
0.0
0.0
0.0
0.0
0.0
0.0
0.0
0.0
0.0
0.0
0.0
0.00645485466914
0.0
0.0
0.0
0.0
0.0
0.0
0.0
0.0
0.0
0.0
0.0
0.0
7.73036487322e-05
0.000135281385281
5.79777365492e-05
3.86518243661e-05
0.0149969078541
0.0
0.0071892393321
0.0071892393321
0.0
0.0
0.0
0.0
0.0
0.0
0.00939239332096
0.0035366419295
0.00202922077922
0.0
0.0
0.0
0.0
0.0
0.0
0.0
0.0150548855906
0.0121173469388
0.0
0.0
0.0
0.0
0.0
0.0
0.00162337662338
0.0022804576376
0.00166202844774
0.00504406307978
0.00291821273964
0.0
0.0
0.0
0.0
0.0
0.0
0.0
0.0
0.0
0.0
0.0
0.0
0.0
0.0
0.0
0.0
0.0
0.0
0.0
0.0
0.0
0.0
0.0
0.0
0.0
0.0
0.0
0.0
0.0
0.0
0.0
0.0
0.0
0.0
0.0
0.0
0.0
0.0
0.0
0.0
0.0
0.0
0.0
0.00774969078541
0.0
0.00774969078541
0.0
0.0
0.0
0.0
0.0
0.0
0.0
0.0
0.0
0.0
0.0
0.000521799628942
0.0204081632653
0.0
0.0171227581942
0.0235196351268
0.0236742424242
0.0176832096475
0.0
0.0171227581942
0.0171227581942
0.0
0.0
0.0
0.0
0.00202922077922
0.0
0.0
0.0
0.0
0.0
0.0
0.0
0.0
0.0
0.0
0.0
0.0
0.0
0.0
0.0
0.0
0.0
0.0
0.0
0.0
0.0
0.0
0.0
0.0
0.0
0.0
0.0
0.0
0.0
0.0
0.0
0.0
0.0
0.0
0.0
0.0
0.0
0.0
0.0
0.0
0.0
0.0
0.0
0.0
0.0
0.0
0.0
0.0
0.0
0.0
0.0
0.0
0.0
0.0
0.0
0.0
0.0
0.0
0.0
0.0
0.0
0.0
0.0
0.0
0.0
0.0
0.0
0.0
0.0
0.0
0.0
0.0
0.0
0.0
0.0
0.0
0.0
0.0
0.0
0.0
0.0
0.0
0.0
