0.0
0.0
0.0
0.0
0.0
0.0
0.0
0.0
0.0
0.0
0.0
0.0
0.0
0.0
0.0
0.0
-0.0355148888006
0.00187655544183
-0.0386915306437
-0.0114905875493
-0.0414903242749
-0.00024589423544
0.141118437387
-0.0199120749389
-0.00207339485202
-0.0248594575625
-0.0432034789182
0.0184088503829
-0.0124864982879
-0.0206503324415
0.124342937025
-0.000840925638338
0.0
0.0
0.0
0.0
0.0
0.0
0.0
0.0
0.0
0.0
0.0
0.0
0.0
0.0
0.0
0.0
0.0
0.0
0.0
0.0
0.0
0.0
0.0
0.0
0.0
0.0
0.0
0.0
0.0
0.0
0.0
0.0
0.0
0.0
0.0
0.0
0.0
0.0
0.0
0.0
0.0
0.0
0.0
0.0
0.0
0.0
0.0
0.0
0.0
0.0
0.0
0.0
0.0
0.0
0.0
0.0
0.0
0.0
0.0
0.0
0.0
0.0
0.0
0.0
0.0
0.0
0.0
0.0
0.0
0.0
0.0
0.0
0.0
0.0
0.0
0.0
0.0
0.0
0.0
0.0
0.0
0.0
0.0
0.0
0.0
0.0
0.0
0.0
0.0
0.0
0.0
0.0
0.0
0.0
0.0
0.0
0.0
0.0
0.0
0.0
0.0
0.0
0.0
0.0
0.0
0.0
0.0
0.0
0.0
0.0
0.0
0.0
0.0
0.0
0.0
0.0
0.0
0.0
0.0
0.0
0.0
0.0
0.0
0.0
0.0
0.0
0.0
0.0
0.0
0.0
0.0
0.0
0.0
0.0
0.0
0.0
0.0
0.0
0.0
0.0
0.0
0.0
0.0
0.0
0.000123973718061
0.0
0.0
0.0
0.0
0.0
0.000206522523804
0.000124177254257
0.0
0.0
0.0
0.0
0.0
0.0
0.0
0.0
0.0
0.0
0.0
0.0
0.0
0.0
0.0
0.000112821061722
0.0
0.0
0.0
0.0
0.0
0.0
0.0
0.0
0.141890636112
-0.0452587777107
-0.0528639631058
0.15145561281
-0.0389247638544
-0.0385064521454
-0.0389990378708
-0.0591721437637
-0.00554700029631
0.125278621582
0.13154418902
-0.051076084963
0.0
0.0
0.0
0.0
0.131872822473
-0.0388581801634
0.15173055943
0.000240394349023
0.124717404849
-0.0123127685522
-0.00506227459329
-0.0611914735504
-0.00554700029631
0.125278621582
0.13154418902
-0.051076084963
0.0
0.0
0.0
0.0
0.0
0.0
0.0
0.0
0.0
0.0
0.0
0.0
-0.0558975505532
-0.0603024710035
0.0357999323301
0.0
0.0
0.0
0.0
0.0
-0.00598736898424
-0.0452084090495
0.0110963559262
0.0110963559262
0.0110963559262
0.0
0.0110963559262
0.0
0.0110963559262
0.0110963559262
-0.0114243004261
0.0
0.0
0.0
0.0
0.0
0.0
0.0
0.0
0.0
0.0
0.0
0.0
0.0
0.0
0.0
0.0
0.0
0.0
0.0
0.0
0.0
4.60911722412e-05
3.67544539244e-05
3.67544539244e-05
3.67544539244e-05
3.67544539244e-05
3.67544539244e-05
3.67544539244e-05
3.67544539244e-05
0.0
4.28087812917e-05
0.00109316923703
-0.000162110164131
-3.35126232661e-05
-1.36305363809e-05
0.000222930755258
-0.000319370935731
-0.0146970835633
0.151690310183
0.125185085872
0.0154274394473
-0.0590726496541
0.000574492788819
0.00013241982102
0.0
-0.0411347356235
-0.0522248034681
-0.0521435429721
-0.0131556897618
0.0392374819321
8.74760587929e-05
-0.0331309378359
0.0
-0.0332126758319
-0.0134046529067
-0.0205835179101
0.0393994795772
-0.045781695278
0.00316355011102
0.00316355011102
-0.00548301884038
0.129643987813
-0.0069675533819
-0.00592399217114
0.133661838621
-0.00471561754098
0.0
0.0
0.0
-0.00613563843175
-0.00626952306048
-0.00624025581143
-0.0520261886153
0.00200559616973
0.0
0.0
0.0
0.0137618030613
0.0186841831911
0.0936161291223
-0.0494190001984
-0.0150517235866
0.0
0.0
0.0
-0.00598089533141
-0.00601122898804
-0.00594394051782
-0.0392744200873
0.0
0.0
0.0
0.0
0.0
0.135853890059
-0.0118291933576
-0.00180376594872
0.0
0.0
0.0
0.0
0.0
-0.0146463869458
-0.0158185908592
0.0
0.0
0.0
0.0
0.0
-0.0601959031014
-0.037924879107
-0.03847207588
-0.0529749906388
0.0350590183936
0.13282068101
-0.0449421834481
-6.03993547172e-05
-0.0320272009667
-0.00530169699937
-0.0411217643788
-0.0118434256466
-0.0294735199468
0.127083113646
-0.00245236363955
0.0
-0.0350824832256
-0.00598736898424
0.00168147887229
-0.0121344051422
0.0336515293566
-0.0239068614363
0.0377720650153
-0.0259727828429
3.11470931587e-05
3.11470931587e-05
0.0
0.0
0.0
0.0
0.0
0.0
0.000202838603728
-6.34206676381e-05
-8.72838823658e-05
-0.000114793831104
0.0
0.0
0.0
0.0
0.014839220903
0.0767944523792
0.082159506429
0.0
0.0
0.0
0.0
0.0
0.0
0.0
0.0
0.0
0.0
0.0
-0.00548351689235
0.0
0.0
0.0
0.0
0.0
0.0
0.0
0.0
0.0
-0.0146970835633
0.151711022066
0.125185085872
0.0154274394473
-0.0590726496541
0.000574492788819
0.00013241982102
0.0
0.000494790029211
-0.04444195173
-0.00629235133211
-2.37093788445e-05
0.130493905333
-0.00598736898424
0.0
0.0
0.0
0.0
0.0
0.0110963559262
-0.00568704823379
0.0
0.0
0.0
0.0
0.0
5.77667387424e-05
0.0
0.000112821061722
0.000112821061722
0.0
0.0
0.0
0.0
0.0
0.0
0.0
0.0
0.0
0.0
0.0
0.0
0.0
0.0
0.0
0.0
0.0
0.0
3.63048952314e-05
0.0
0.0
0.0
0.0
0.0
0.0
0.0
-0.0136379077931
0.133142599147
-0.00642527137077
-0.0159359432655
-0.0072255232031
0.0
0.0
0.0
0.0
0.0
0.0
0.0
0.0
0.0
0.0
-0.00387415058319
0.0
0.0
0.0
0.0
0.0
0.0
0.0
0.0
0.0
0.0
0.0
0.0
0.0
0.0
0.0
0.0
3.63048952314e-05
3.63048952314e-05
3.63048952314e-05
3.63048952314e-05
3.63048952314e-05
3.63048952314e-05
3.63048952314e-05
3.63048952314e-05
2.84432115736e-05
0.0
0.0
0.0
0.0
0.0
0.0
0.0
0.0
0.0
0.0
0.0
0.0
0.0
0.0
0.0
0.0
0.0
0.0
0.0
0.000196708471445
0.000239080734156
4.25951314217e-05
0.0
-3.43803871012e-05
0.0
0.0
0.0
0.0
0.0
0.0
0.0
0.0
0.0
-6.54040655933e-05
0.0
0.0
0.0
0.0
0.0
0.0
0.0
0.0
0.0
0.0
0.0
0.0
0.0
-0.000177613382835
-0.000178094154547
-0.00015045261976
7.04676500417e-06
-0.000241410662071
0.0
0.0
0.0
6.91570386087e-05
6.99523457249e-05
6.84849878415e-05
6.85669739866e-05
6.74048566043e-05
5.3398010515e-05
4.661914882e-05
3.8148396849e-05
0.0
0.0
0.0
0.0
0.0
0.0
0.0
0.0
0.0
0.0
0.0
0.0
0.0
0.0
0.0
0.0
0.0
0.0
0.0
0.0
0.0
0.0
0.0
0.0
0.0
0.0
0.0
0.0
0.0
0.0
0.0
0.0
0.0
0.0
0.0
0.0
0.0
0.0
0.0
0.0
0.0
0.0
0.0
0.0
0.0
0.0
0.0
0.0
0.0
0.0
0.0
0.0
0.0
0.0
0.0
0.0
0.0
0.0
0.0
0.0
0.0
0.0
0.0
0.0
0.0
0.0
0.0
0.0
0.0
0.0
0.0
0.0
0.0
0.0
0.0
0.0
0.0
0.0
0.0
0.0
0.0
0.0
0.0
0.0
0.000124076377622
0.0
2.54008014069e-05
0.0
0.0
0.0
0.0
0.0
0.0
0.0
0.0
0.0
0.0
0.000150110008643
0.000150110008643
0.000150110008643
0.0
0.0
0.0
0.0
0.0
0.000164192480731
0.000168537186262
0.000162518735868
0.000155284377112
0.00014522502713
0.000136764869653
5.72663487852e-05
0.0
0.0
0.0
0.0
0.0
0.0
0.0
0.0
0.0
0.0
0.0
0.0
0.0
0.0
0.0
0.0
0.0
0.0
0.0
0.0
0.0
0.0
0.0
0.0
-0.0118197838462
-0.0386247693847
-0.0380323848489
-0.0404808874219
-0.0407245973995
0.0
0.0
0.0
0.0
0.0
0.0
0.0
0.0
0.0
0.0
0.0
-0.0345608119411
-0.000298171531252
-0.0375852187124
-0.0114470827985
-0.0416324911738
0.000493964272754
0.141057218552
-0.0193885634762
0.000179227233771
-0.000185576421528
-0.000505685781987
-0.000941975713508
-0.00100127736428
-0.000184940801802
0.0
-0.000184416763688
0.0
0.0
0.0
0.0
0.0
0.0
0.0
0.0
0.0
0.0
0.0
0.0
0.0
0.0
0.0
0.0
0.0
0.0
0.0
0.0
0.0
0.0
0.0
0.0
0.0
0.0
0.0
0.0
0.0
0.0
0.0
0.0
0.0
0.0
0.0
0.0
0.0
0.0
0.0
0.0
0.0
-0.000282912814231
0.00136340257716
-0.000105466081111
0.0
0.0
0.0
0.0
0.0
0.0
0.0
0.0
-0.00018560598932
0.0
0.0
-0.000319370935731
0.0
0.0
0.0
0.0
0.0
0.0
0.0
0.0
0.0
0.0
0.0
0.0
0.0
0.0
0.0
0.0
0.0
0.0
0.0
0.0
0.0
0.0
0.0
0.0
0.0
0.0
0.0
0.0
0.0
0.0
0.0
0.0
0.0
0.0
0.0
0.0
0.0
0.0
0.0
0.0
0.0
0.0
0.0
0.0
0.0
0.0
0.0
0.0
0.0
0.0
0.0
0.0
0.0
0.0
0.0
0.0
0.0
0.0
0.0
0.0
0.0
0.0
0.0
0.0
0.0
0.0
0.0
0.0
0.0
0.0
0.0
0.0
0.0
0.0
0.0
0.0
0.0
0.0
0.0
0.0
0.0
0.0
0.0
0.0
0.0
0.0
0.0
0.0
0.0
0.0
0.0
0.0
0.0
0.0
0.0
0.0
0.0
0.0
0.0
0.0
0.0
0.0
0.0
0.0
0.0
0.0
0.0
0.0
0.0
0.0
0.0
0.0
0.0
0.104483137972
0.112816004455
0.11365525438
0.11365525438
0.0
0.0
0.0
0.0
0.00811719279423
-0.00375595483148
-0.00493230111159
-0.00493230111159
0.0
0.0
0.0
0.0
0.0
0.0
0.0
0.0
0.0
0.0
0.00994740991566
0.0
0.0
0.0
0.0
0.0
0.0
0.0
0.0
0.0
0.000187654008302
-0.000185855091368
0.0
0.0
0.0
0.0
0.0
0.0
0.0
0.0
0.0
0.0
0.0
0.0
0.0
0.0
0.0
0.0
0.0
0.0
0.0
0.0
0.0
2.94389124545e-05
1.86602051563e-05
1.86602051563e-05
2.94389124545e-05
0.0
0.0
0.0
0.0
1.86602051563e-05
1.86602051563e-05
2.94389124545e-05
0.0
0.0
0.0
0.0
0.0
0.0
0.0
0.0
0.0
0.0
0.0
0.0
0.0
0.0
0.0
0.0
0.0
0.0
0.0
0.0
0.0
0.0
0.0
0.0
0.0
0.0
0.0
0.0
0.0
0.0
0.0
0.0
0.0
0.0
0.0
0.0
0.0
-0.01366045844
-0.0396960206171
-0.000588370182987
-0.0344051722155
0.055074830416
-0.0362924947101
-0.0728030734132
-0.0387544717236
-0.0174879199149
-0.0385985166127
0.0481773155454
-0.0290000640142
-0.0303409448644
-0.0410957506957
-0.0585127679632
0.000727218441267
0.0
0.0
0.0
0.0
0.0
0.0
0.0
0.0
0.0
0.0
0.0
0.0
0.0
0.0
0.0
0.0
0.0
0.0
0.0
0.0
0.0
0.0
0.0
0.0
0.0
0.0
0.0
0.0
0.0
0.0
0.0
0.0
0.0
0.0
0.0
0.0
0.0
0.0
0.0
0.0
0.0
0.0
0.0
0.0
0.0
0.0
0.0
0.0
0.0
0.0
0.0
0.0
0.0
0.0
0.0
0.0
0.0
0.0
0.0
0.0
0.0
0.0
0.0
0.0
0.0
0.0
0.0
0.0
0.0
0.0
0.0
0.0
0.0
0.0
0.0
0.0
0.0
0.0
0.0
0.0
0.0
0.0
0.0
0.0
0.0
0.0
0.0
0.0
0.0
0.0
0.0
0.0
0.0
0.0
0.0
0.0
0.0
0.0
0.0
0.0
0.0
0.0
0.0
0.0
0.0
0.0
0.0
0.0
0.0
0.0
0.0
0.0
0.0
0.0
0.0
0.0
0.0
0.0
0.0
0.0
0.0
0.0
0.0
0.0
0.0
0.0
0.0
0.0
0.0
0.0
0.0
0.0
0.0
0.0
0.0
0.0
0.0
0.0
0.0
0.0
0.0
0.0
0.0
0.0
0.000131146315209
0.0
0.0
0.0
0.0
0.0
0.000170420229537
0.000141616294932
0.0
0.0
0.0
0.0
0.0
0.0
0.0
0.0
0.0
0.0
0.0
0.0
0.0
0.0
0.0
0.000101235563195
0.0
0.0
0.0
0.0
0.0
0.0
0.0
0.0
-0.0656183781011
-0.00548213796793
0.133324668613
-0.0651983068713
0.0147359208273
0.0130814074814
0.0147117189339
0.152888121913
-0.0521864767523
-0.0555844808197
-0.0584279668273
0.131567878673
0.0
0.0
0.0
0.0
-0.0585780595122
0.0137032517067
-0.0654885944482
0.000309519679912
-0.0552532801269
-0.0312066691173
0.00551490934291
0.134062075107
-0.0521864767523
-0.0555844808197
-0.0584279668273
0.131567878673
0.0
0.0
0.0
0.0
0.0
0.0
0.0
0.0
0.0
0.0
0.0
0.0
0.141471970755
0.133143302296
-0.0461850296646
0.0
0.0
0.0
0.0
0.0
-0.0528645897249
-0.00633936294073
-0.00568704823379
-0.00568704823379
-0.00568704823379
0.0
-0.00568704823379
0.0
-0.00568704823379
-0.00568704823379
-0.0138964476719
0.0
0.0
0.0
0.0
0.0
0.0
0.0
0.0
0.0
0.0
0.0
0.0
0.0
0.0
0.0
0.0
0.0
0.0
0.0
0.0
0.0
2.08707545243e-06
1.11633422256e-05
1.11633422256e-05
1.11633422256e-05
1.11633422256e-05
1.11633422256e-05
1.11633422256e-05
1.11633422256e-05
0.0
2.0449343337e-05
-0.000288473051078
-1.27430820593e-05
4.13371915725e-05
-0.001313080886
0.000221303237862
9.73845932093e-05
0.0284293977952
-0.0646430911865
-0.0552260709579
-0.0395402606067
0.153527815598
0.000176519059806
0.000280825311979
0.0
-0.0242317030967
-0.0178903156403
-0.0178738810611
-0.013248955043
-0.0338002228937
-0.0359032145022
0.041054281159
0.0
-0.0250888012746
-0.0131529548728
-0.0412034117396
-0.0337591769286
-0.00613679955766
-0.00548301884038
-0.00548301884038
0.00309484673923
-0.0575503197233
-0.0515109229191
-0.0527755097828
-0.061532048428
-0.000821472146153
0.0
0.0
0.0
-0.0525768544509
-0.0521218022971
-0.0520423812239
-0.0178776727693
0.0
0.0
0.0
0.0
-0.026208590443
-0.0345216142272
-0.0387598676136
0.0187332517047
0.00120660256783
0.0
0.0
0.0
-0.0528237930191
-0.0527892241588
-0.0527761385335
0.0134341983231
0.0
0.0
0.0
0.0
0.0
-0.0627208055761
0.0259705888338
-0.000275626187064
0.0
0.0
0.0
0.0
0.0
-0.0523389209589
-0.0520052974312
0.0
0.0
0.0
0.0
0.0
0.132737641395
-0.021816720327
0.00584849912815
-0.0180452573121
-0.0449421834481
-0.069859312809
0.0517371502081
0.00013816747906
0.0392745546318
0.00196693414604
-0.0244505165062
-0.0135178090357
0.0384593362383
-0.0588751078972
-7.09236779788e-05
0.0
0.0421571805021
-0.0528645897249
-0.00120664645282
-0.0134046529067
-0.0436126358842
-0.0298204461266
-0.0376264216696
-0.0378350519882
-0.000327921449341
-0.000327921449341
0.0
0.0
0.0
0.0
0.0
0.0
-0.000380649946964
0.000384621025355
0.0015904234508
0.000287746001647
0.0
0.0
0.0
0.0
-0.00233674396058
-0.00276077979389
-0.00928233595658
0.0
0.0
0.0
0.0
0.0
0.0
0.0
0.0
0.0
0.0
0.0
8.80148612339e-06
0.0
0.0
0.0
0.0
0.0
0.0
0.0
0.0
0.0
0.0284293977952
-0.0646430911865
-0.0552260709579
-0.0395402606067
0.153527815598
0.000176519059806
0.000280825311979
0.0
-0.000740517989344
-0.00670240576099
0.00408063604427
0.000111932828472
-0.0575273791016
-0.0528645897249
0.0
0.0
0.0
0.0
0.0
-0.00568704823379
0.0110963559262
0.0
0.0
0.0
0.0
0.0
-0.000179638709458
0.0
0.000101235563195
0.000101235563195
0.0
0.0
0.0
0.0
0.0
0.0
0.0
0.0
0.0
0.0
0.0
0.0
0.0
0.0
0.0
0.0
0.0
0.0
0.0
0.0
0.0
0.0
0.0
0.0
0.0
0.0
0.0272475754192
-0.0703465179691
-0.0517755715141
-0.0509541460254
-0.0149352357651
0.0
0.0
0.0
0.0
0.0
0.0
0.0
0.0
0.0
1.39171075688e-05
0.00223789803444
0.0
0.0
0.0
0.0
0.0
0.0
0.0
0.0
0.0
0.0
0.0
0.0
0.0
0.0
0.0
0.0
0.0
0.0
0.0
0.0
0.0
0.0
0.0
0.0
3.14992990407e-05
2.84432115736e-05
0.0
0.0
0.0
0.0
0.0
0.0
0.0
0.0
0.0
0.0
0.0
0.0
0.0
0.0
0.0
0.0
0.0
0.0
8.73163552214e-05
0.000184069680631
0.000239080734156
0.0
8.76886767071e-05
0.0
0.0
0.0
0.0
0.0
0.0
0.0
0.0
7.0119957841e-05
0.000193815680558
0.0
0.0
0.0
0.0
0.0
0.0
0.0
0.0
0.0
0.0
0.0
0.0
0.0
-0.000158007033641
-6.45157551128e-05
-0.000146782169071
-0.000225683172045
-4.64946185491e-05
0.0
0.0
0.0
6.40569760389e-05
6.22589977185e-05
6.46644915737e-05
6.57033124633e-05
5.96150221503e-05
4.55393474756e-05
3.18944341762e-05
4.661914882e-05
0.0
0.0
0.0
0.0
0.0
0.0
0.0
0.0
0.0
0.0
0.0
0.0
0.0
0.0
0.0
0.0
0.0
0.0
0.0
0.0
0.0
0.0
0.0
0.0
0.0
0.0
0.0
0.0
0.0
0.0
0.0
0.0
0.0
0.0
0.0
0.0
0.0
0.0
0.0
0.0
0.0
0.0
0.0
0.0
0.0
0.0
0.0
0.0
0.0
0.0
0.0
0.0
0.0
0.0
0.0
0.0
0.0
0.0
0.0
0.0
0.0
0.0
0.0
0.0
0.0
0.0
0.0
0.0
0.0
0.0
0.0
0.0
0.0
0.0
0.0
0.0
0.0
0.0
0.0
0.0
0.0
0.0
0.0
0.0
8.38469801538e-05
0.0
8.78482319067e-05
0.0
0.0
0.0
0.0
0.0
0.0
0.0
0.0
0.0
0.0
0.000248636328536
0.000248636328536
0.000248636328536
0.0
0.0
0.0
0.0
0.0
0.000181845263673
0.000181720453819
0.000175582393427
9.69423490426e-05
7.71050076453e-05
0.00015265035719
0.000150522627119
0.0
0.0
0.0
0.0
0.0
0.0
0.0
0.0
0.0
0.0
0.0
0.0
0.0
0.0
0.0
0.0
0.0
0.0
0.0
0.0
0.0
0.0
0.0
0.0
0.0260470175566
-0.0216538065535
0.000339399912051
0.00231085229203
0.00105820016225
0.0
0.0
0.0
0.0
0.0
0.0
0.0
0.0
0.0
0.0
0.0
-0.0139145287288
-0.0378749273233
-0.000555548497479
-0.0342583239713
0.054467968385
-0.0383782833582
-0.0722835333362
-0.0398239136403
0.000221810703406
0.000135900741461
0.000258180841897
0.000222038103561
-3.90735018844e-05
-0.00100127736428
0.0
2.8078180898e-05
0.0
0.0
0.0
0.0
0.0
0.0
0.0
0.0
0.0
0.0
0.0
0.0
0.0
0.0
0.0
0.0
0.0
0.0
0.0
0.0
0.0
0.0
0.0
0.0
0.0
0.0
0.0
0.0
0.0
0.0
0.0
0.0
0.0
0.0
0.0
0.0
0.0
0.0
0.0
0.0
0.0
0.0
0.0
0.0
0.0
0.0
0.0
0.0
0.0
0.0
0.0
0.0
0.0
0.0
0.0
0.0
0.0
0.0
0.0
0.0
0.0
0.0
0.0
0.0
0.0
0.0
0.0
0.0
0.0
0.0
0.0
0.0
0.0
0.0
0.0
0.0
0.0
0.0
0.0
0.0
0.0
0.0
0.0
0.0
0.0
0.0
0.0
0.0
0.0
0.0
0.0
0.0
0.0
0.0
0.0
0.0
0.0
0.0
0.0
0.0
0.0
0.0
0.0
0.0
0.0
0.0
0.0
0.0
0.0
0.0
0.0
0.0
0.0
0.0
0.0
0.0
0.0
0.0
0.0
0.0
0.0
0.0
0.0
0.0
0.0
0.0
0.0
0.0
0.0
0.0
0.0
0.0
0.0
0.0
0.0
0.0
0.0
0.0
0.0
0.0
0.0
0.0
0.0
0.0
0.0
0.0
0.0
0.0
0.0
0.0
0.0
0.0
0.0
0.0
0.0
0.0
0.0
0.0
0.0
0.0
0.0
0.0
0.0
0.0
0.0
0.0
0.0
0.0
0.0
-0.00161909902706
-0.00399982147293
-0.000963097269684
-0.000963097269684
0.0
0.0
0.0
0.0
0.0010314394129
0.00224148487218
0.0
0.0
0.0
0.0
0.0
0.0
0.0
0.0
0.0
0.0
0.0
-0.00194059828745
0.00250162967843
0.0
0.0
0.0
0.0
0.0
0.0
0.0
0.0
0.0
0.000228389681443
-4.55778824387e-05
0.0
0.0
0.0
0.0
0.0
0.0
0.0
0.0
0.0
0.0
0.0
0.0
0.0
0.0
0.0
0.0
0.0
0.0
0.0
0.0
0.0
2.60325890959e-05
2.94389124545e-05
2.94389124545e-05
2.60325890959e-05
0.0
0.0
0.0
0.0
2.94389124545e-05
2.94389124545e-05
2.60325890959e-05
0.0
0.0
0.0
0.0
0.0
0.0
0.0
0.0
0.0
0.0
0.0
0.0
0.0
0.0
0.0
0.0
0.0
0.0
0.0
0.0
0.0
