0.0
0.0
0.0
0.0
0.0
0.0
0.0
0.0
-0.0329848122041
-0.00606656362209
0.000733793803696
0.000163046859057
0.00457500404097
0.00146614601673
0.000561497975276
0.00044802939022
-0.033721290014
-0.00635876057299
-0.00525066472206
-0.0246057965071
-0.0194956363268
-0.00560317946936
-0.0426032342728
-0.0381089905664
-0.0413488950523
-0.0702142523272
-0.0858034491177
-0.0627651187915
-0.0383991379615
-0.0808664446517
-0.0534376096954
-0.00013090716867
0.0
0.0
0.0
0.0
0.0
0.0
0.0
0.0
0.0
0.0
0.0
0.0
0.0
0.0
0.0
0.0
0.0
0.0
0.0
0.0
0.0
0.0
0.0
0.0
0.0
0.0
0.0
0.0
0.0
0.0
0.0
0.0
0.0
0.0
0.0
0.0
0.0
0.0
0.0
0.0
0.0
0.0
0.0
0.0
0.0
0.0
0.0
0.0
0.0
0.0
0.0
0.0
0.0
0.0
0.0
0.0
0.0
0.0
0.0
0.0
0.0
0.0
0.0
0.0
0.0
0.0
0.0
0.0
0.0
0.0
0.0
0.0
0.0
0.0
0.0
0.0
0.0
0.0
0.0
0.0
0.0
0.0
0.0
0.0
0.0
0.0
0.0
0.0
0.0
0.0
0.0
0.0
0.0
0.0
0.0
0.0
0.0
0.0
0.0
0.0
0.0
0.0
0.0
0.0
0.0
0.0
0.0
0.0
0.0
0.0
0.0
0.0
0.0100437545092
0.00321990275465
0.00133117074297
0.00499544563751
0.00552196743974
0.0154157187452
0.0112022989601
0.00981525002798
0.0056810866235
0.00641399793001
0.0
0.0
0.0
0.0
0.0
0.0
-0.000387920709933
-0.00148167914419
0.00509321251991
0.00421654782343
0.000686147505484
0.00953730910994
0.00762995633767
-0.000492722472261
0.0
0.0
0.0
0.0
0.0
0.0
0.0
0.0
0.00221279025796
0.0108046213773
-0.00434834116629
-0.00503862867115
0.00132576569599
-0.00460542275423
0.00880866081402
0.00222605727613
0.0
0.0
0.0
0.0
0.0
0.0
0.0
0.0
0.00362334013336
0.0112049493863
0.0151735015064
0.00121944277253
0.00605546137036
0.00432191752469
0.00152709238343
0.00122033451944
0.0
0.0
0.0
0.0
0.0
0.0
0.0
0.0
-0.0374900940364
-0.0646267816942
-0.0492315169429
-0.0245282097539
-0.0368831804856
-0.0327730660892
-0.0369409827077
-0.018479574163
-0.0768612023623
-0.07413650932
-0.0703873496772
-0.0817926047975
0.0
0.0
0.0
0.0
-0.0702030874081
-0.0333595584291
-0.0205191620031
4.30190225419e-06
-0.0735878219621
-0.0385576829857
-0.00426512245926
-0.0541146976615
-0.0768612023623
-0.07413650932
-0.0703873496772
-0.0817926047975
0.0
0.0
0.0
0.0
0.0
0.0
0.0
0.0
0.0
0.0
0.0
0.0
-0.0448479401284
-0.0545560462785
-0.0593929750573
0.0
0.0
0.0
0.0
0.0
-0.0773746601731
-0.0648767413486
-0.000104182165862
-0.000104182165862
-0.000104182165862
0.0
-0.000104182165862
0.0
-0.000104182165862
-0.000104182165862
-0.00959261783091
0.0
0.0
0.0
0.0
0.0
0.0
0.0
0.0
0.0
0.0
0.0
0.0
0.0
0.0
0.0
0.0
0.0
0.0
0.0
0.0
0.0
0.000785829893625
0.0150978753817
0.0150978753817
0.0150978753817
0.0150978753817
0.0150978753817
0.0150978753817
0.0150978753817
0.0
0.0147165800621
-2.67307760366e-05
1.61801025053e-05
0.000287175964833
7.2636625547e-05
0.0154667124495
0.00118682882902
-0.0951508009553
-0.0233532524029
-0.0736826871322
-0.0405942063522
-0.0191560033576
-0.000642169403905
-0.000747253762489
0.0
-0.0662468619845
-0.0637282176175
-0.0648316681462
-0.00981575648128
-0.00732819121026
-0.00827885319959
-0.00693144865678
0.0
-0.0578500521914
-0.00990245789856
-0.0795201924785
-0.00849621541789
-0.0656600015938
-0.000875872541378
-0.000875872541378
-0.000910980891077
-0.0705998755754
-0.0741207189115
-0.0774753046598
-0.0413858612127
-0.000783593877858
0.0
0.0
0.0
-0.0772440449823
-0.0774375228592
-0.0775642436619
-0.064967385001
-1.61876632414e-05
0.0
0.0
0.0
-0.0577368809149
-0.0441700736929
-0.044245376385
-0.0494332572372
-0.0578333534852
0.0
0.0
0.0
-0.0773897506967
-0.0775837051224
-0.0777077613191
-0.0325909259215
0.0
0.0
0.0
0.0
0.0
-0.0402304742943
-0.0945472790323
-8.92688099019e-06
0.0
0.0
0.0
0.0
0.0
-0.0785281397376
-0.0781878527777
0.0
0.0
0.0
0.0
0.0
-0.0540155064734
-0.0293287565575
-0.0460022481144
-0.0618102801534
-0.0597758049458
-0.0594120909139
-0.0543149892333
7.51645832359e-05
-0.00719556545484
-0.000551075225395
-0.0667019331697
-0.010265387393
-0.0588474787294
-0.0501877093518
-8.82717480227e-05
0.0
-0.00693407686102
-0.0773746601731
-0.00011418005066
-0.010503598722
-0.0767877496425
-0.0349600111115
-0.00766681313971
-0.0678407911758
-7.9719891456e-06
-7.9719891456e-06
0.0
0.0
0.0
0.0
0.0
0.0
0.00140974666573
0.000745455860425
0.000434231824158
0.000162902950715
0.0
0.0
0.0
0.0
0.00586787914036
-0.0401516617694
-0.0453014794232
0.0
0.0
0.0
0.0
0.0
0.0
-0.142847113001
-0.146993315324
0.00398528122684
0.00225520774913
-0.159707358296
-0.15948039404
0.0
0.0
0.0
0.0
0.0
0.0
0.0
0.0
0.0
-0.0951508009553
-0.0233370647396
-0.0736826871322
-0.0405942063522
-0.0191560033576
-0.000642169403905
-0.000747253762489
0.0
0.000136880287021
-0.0617352356609
-0.00495839457285
3.42465292469e-05
-0.0709203170157
-0.0773746601731
0.0
0.0
0.0
0.0
0.0
-0.000104182165862
-0.000149718870998
0.0
0.0
0.0
0.0
0.0
0.000568630680212
0.00243778648897
0.00122033451944
0.00122033451944
0.00243778648897
0.0
0.0
0.0
0.0
0.0
0.0
0.0
0.0
0.0
0.0
0.0
0.0
0.0
0.0
0.0
0.0
0.0
0.00194805142623
0.0
0.0
0.0
0.0
0.0
0.0
0.0
-0.094396739643
-0.0593826676992
-0.0784550682523
-0.0765529860245
-0.00995003293739
0.0
0.0
0.0
-0.0624672876122
-0.0663825604028
0.00618904504133
0.00358875950716
0.00134828624067
0.000664347184966
0.000463665638299
-0.0930898659086
-0.00491616875732
-0.011957663199
-0.00543933531339
0.0326649848075
0.03873306977
0.00430725179354
0.00224278365271
0.0356689066221
-0.0329848122041
-0.00606656362208
0.000733793803696
0.000163046859057
0.00457500404097
0.00146614601673
0.000561497975276
0.00044802939022
0.00194805142623
0.00194805142623
0.00194805142623
0.00194805142623
0.00194805142623
0.00194805142623
0.00194805142623
0.00194805142623
0.00196530631514
0.0
0.0
0.0
0.0
0.0
0.0
0.0
-0.0270518974748
0.0335113807269
-0.0143390694912
0.0245297654189
-0.00679644949987
0.0190497886266
0.0224126184982
-0.00947124674527
0.0341119140147
-7.26700902789e-05
-7.94280729357e-05
0.034490083146
0.0181055779621
0.00658289630444
0.00441919415443
0.0
0.0018843959961
0.0
0.0
0.0
0.0
0.0
0.0
0.0
0.000271974808069
0.000212807484519
0.0136366231129
0.0
0.0
0.0
0.0
0.0
0.0
0.0
0.0
0.0
0.0
0.0
0.0
0.0
0.00140866099104
0.000123486104854
8.63646639005e-05
0.000215751861442
5.07128199964e-05
0.0
0.0
0.0
0.00414282167279
0.00142680602314
0.0007112338755
0.00177345877277
0.00115773518398
0.000511858277635
0.000305485725369
0.00032210498973
0.0
0.0
0.0
0.0
0.0
0.0
0.0
0.0
0.0
0.0
0.0
0.0
0.0
0.0
0.0
0.0
0.0
0.0
0.0
0.0
0.0
0.0
0.0
0.0
0.0
0.0
0.0
0.0
0.0
0.0
0.0
0.0
0.0
0.0
0.0
0.0
0.0
0.0
0.0
0.0
0.0
0.0
0.0
0.0
0.0
0.0
0.0
0.0
0.0
0.0
0.0
0.0
0.0
0.0
0.0
0.0
0.0
0.0
0.0
0.0
0.0
0.0
0.0
0.0
0.0
0.0
0.0
0.0
0.0
0.0
0.0
0.0
-0.00939585941852
-0.0127506457904
-0.00448825166018
-0.00632685415906
-0.0030023681835
-0.00318745889462
-0.000885679497293
-0.00105871613095
0.0091162980863
0.00803694265302
0.00399527449149
0.00600396226351
0.00135171485874
0.000667755243071
0.000173648025052
0.0
0.0101578302778
0.0124756007131
0.00635580076599
-3.54949932232e-06
-0.000346433398041
-0.000302266022119
0.0
0.0
0.0
0.00901809017773
0.00901809017773
0.00901809017773
0.0
0.0
0.0
0.0
0.0
0.00930998251535
0.00539123483326
0.00488855892011
0.00481088757969
0.00363851055464
0.00284614739026
0.00273869768688
0.0
0.0
0.0
0.00208296353008
0.000828388977791
9.02650986126e-06
-0.000104015488909
-6.78770281798e-05
-0.0130747521602
-0.00700055543688
-0.00216399102028
-0.00247073626908
0.0029773316094
0.0029773316094
0.0029773316094
0.0029773316094
0.0376647485181
0.0220132736748
-0.00683395481871
0.00243778648897
0.00243778648897
0.00243778648897
0.00243778648897
0.00243778648897
-0.0955329554884
-0.0304928824348
-0.00440985207865
-0.00427381519036
-0.00405145993058
0.0
0.0
0.0
0.0
0.0
0.0
0.0
0.0
0.0
0.0
0.0
-0.0322024725962
-0.00566419626158
-0.00455978727595
-0.0243390810201
-0.0196455207561
-0.005703550534
-0.0428911950334
-0.0387233169463
0.0125100815349
0.00146313436686
0.000948754758111
0.000542700334588
0.000278766893467
0.000380453581577
0.0
0.000365575614736
0.000861591409067
-0.000402015716108
-0.000223576309968
-0.000139289864893
0.0
0.0
0.0
0.0
-0.00998856214523
-0.00865205950819
-0.00361907071445
-0.00762347896667
-0.00401647226281
-0.00280092953787
-0.000663955857968
0.0
-0.0143843891311
-0.010550666303
-0.00493092906285
-0.00328480069718
-0.00177986034461
0.00190977991928
-0.000766814744531
-0.000766814744531
0.0
0.0
0.0
0.0
0.0
0.0
0.0
0.0
0.0
0.0
0.0
0.0
0.0
0.0
0.0
0.0
0.0
4.85377511189e-05
-2.98070080898e-05
5.99306655626e-06
0.0
0.0
0.0
0.0
0.0
0.0
0.0
0.0
2.56460357016e-05
0.0
0.0
0.00118682882902
0.0
0.0
0.0
0.0
0.0
0.0
0.0
0.0
0.0
0.0
0.0
0.0
0.0
0.0
0.0
0.0
0.0
0.0
0.0
0.0
0.0
0.0
0.0
0.0
0.0
0.0
0.0
0.0
0.0
0.0
0.0
0.0
0.0
0.0
0.0
0.0
0.0
0.0
0.0
0.0
0.0
0.0
0.0
0.0
0.0
0.0
0.0
0.0
0.0
0.0
0.0
0.0
0.0
0.0
0.0
0.0
0.0
0.0
0.0
0.0
0.0
0.0
0.0
0.0
0.0
0.0
0.0
0.0
0.0
0.0
0.0
0.0
0.0
0.0
0.0
0.0
0.0
0.0
0.0
0.0
0.0
0.0
0.0
0.0
0.0
0.0
0.0
0.0
0.0
0.0
0.0
0.0
0.0
0.0
0.0
0.0
0.0
0.0
0.0
0.0
0.0
0.0
0.0
0.0
0.0
0.0
0.0
0.0
0.0
0.0
0.0
0.0
0.0
-0.00504610769405
-0.00454181700517
-0.00445083729021
-0.00445083729021
0.0
0.0
0.0
0.0
-0.000621190045245
-0.000402563365591
-0.000333327241396
-0.000333327241396
0.0
0.0
0.0
-0.0468909587039
-0.0458018683402
0.00137504770449
0.000819190228772
-0.0881740919485
0.000953100004766
0.000373015774095
-0.0899186798075
0.0
0.0
0.0
0.0
0.0
0.0
0.0
0.0
0.00225733010941
0.00865389959825
0.00127825938777
0.0
0.0
0.0
0.0
0.0
-0.00821358306064
-0.000979081914096
0.00433596811816
0.0030252109184
0.00442683616077
-0.00129809704537
0.00224263830016
0.0
0.0
0.0
0.0
0.0
0.0
0.0
0.0
0.0
-0.00194033249155
-0.00121381806842
-0.00121381806842
-0.00194033249155
0.0
0.0
0.0
0.0
-0.00121381806842
-0.00121381806842
-0.00194033249155
0.0
0.0
0.0
0.0
0.0
0.0
0.0
0.0
0.0
0.0
0.0
0.0
0.0
0.0
0.0
0.0
0.0
0.0
0.0
0.0
0.0
0.0
0.0
0.0
0.0
0.0
0.0
0.0
0.0
0.0329848122041
0.0390513758262
0.0383175820225
0.0381545351635
0.0335795311225
0.0321133851058
0.0315518871305
0.0311038577403
-0.0247299758418
-0.00570610407244
-0.00598454111811
-0.0330272663644
-0.0228037586922
-0.00496278391082
-0.0509725270186
-0.0285846790518
-0.0387587384199
-0.0583673890085
-0.0755621915673
-0.0571651776213
-0.029383465324
-0.0682025212106
-0.0497608971877
-0.000451535632684
0.0
0.0
0.0
0.0
0.0
0.0
0.0
0.0
0.0
0.0
0.0
0.0
0.0
0.0
0.0
0.0
0.0
0.0
0.0
0.0
0.0
0.0
0.0
0.0
0.0
0.0
0.0
0.0
0.0
0.0
0.0
0.0
0.0
0.0
0.0
0.0
0.0
0.0
0.0
0.0
0.0
0.0
0.0
0.0
0.0
0.0
0.0
0.0
0.0
0.0
0.0
0.0
0.0
0.0
0.0
0.0
0.0
0.0
0.0
0.0
0.0
0.0
0.0
0.0
0.0
0.0
0.0
0.0
0.0
0.0
0.0
0.0
0.0
0.0
0.0
0.0
0.0
0.0
0.0
0.0
0.0
0.0
0.0
0.0
0.0
0.0
0.0
0.0
0.0
0.0
0.0
0.0
0.0
0.0
0.0
0.0
0.0
0.0
0.0
0.0
0.0
0.0
0.0
0.0
0.0
0.0
0.0
0.0
0.0
0.0
0.0
0.0
-0.00567119447385
0.00387173850563
-0.00159182315888
-0.000513727639535
0.00566988956424
0.0102604243996
0.0166388671833
0.015470083978
0.00641399793001
0.0056810866235
0.0
0.0
0.0
0.0
0.0
0.0
0.00418078413472
-0.00213895558289
-0.000496258076011
0.00624126807162
0.00198452325385
0.00644945683668
0.00955361630331
-0.000541539694268
0.0
0.0
0.0
0.0
0.0
0.0
0.0
0.0
0.00227254114827
0.00726877140369
-0.00248576469538
0.00132576569599
-0.00503862867115
-0.00510070309074
0.0111030268036
0.00228954809397
0.0
0.0
0.0
0.0
0.0
0.0
0.0
0.0
0.0102399838494
0.0125960139803
0.00853438256193
0.00151174135113
0.00534468102562
0.00458601284897
0.00192617189297
0.00126863624607
0.0
0.0
0.0
0.0
0.0
0.0
0.0
0.0
-0.0449778403721
-0.0767573976421
-0.0408549301668
-0.0225152728962
-0.0412171201487
-0.0367470970901
-0.0412500207728
-0.0200876251605
-0.0647452649157
-0.0852543684716
-0.0817880311502
-0.0703702215306
0.0
0.0
0.0
0.0
-0.0810186726733
-0.0366087549901
-0.0197650755172
-1.15969001315e-05
-0.0853000683623
-0.0303117368346
-0.00527219259058
-0.0594001122277
-0.0647452649157
-0.0852543684716
-0.0817880311502
-0.0703702215306
0.0
0.0
0.0
0.0
0.0
0.0
0.0
0.0
0.0
0.0
0.0
0.0
-0.0374459384812
-0.0597445757519
-0.0536839498153
0.0
0.0
0.0
0.0
0.0
-0.0647841290524
-0.0775128091744
-0.000149718870998
-0.000149718870998
-0.000149718870998
0.0
-0.000149718870998
0.0
-0.000149718870998
-0.000149718870998
-0.00902658535718
0.0
0.0
0.0
0.0
0.0
0.0
0.0
0.0
0.0
0.0
0.0
0.0
0.0
0.0
0.0
0.0
0.0
0.0
0.0
0.0
0.0
0.00104347121389
0.0181401612594
0.0181401612594
0.0181401612594
0.0181401612594
0.0181401612594
0.0181401612594
0.0181401612594
0.0
0.01757943477
2.58466314421e-05
2.17327484012e-05
0.000296418945162
5.91387538216e-05
0.0123180738248
0.00156004551917
-0.0843351392569
-0.0204254926591
-0.0856216039284
-0.0372249664539
-0.0192070725013
-0.000246525149243
-0.000188304663062
0.0
-0.0797829842411
-0.0777555492191
-0.0779349665344
-0.0105612038988
-0.00773005943481
-0.00702510405162
-0.00741866622139
0.0
-0.0699275746476
-0.010503598722
-0.0668766375486
-0.00790256169853
-0.0782856410642
-0.000910980891077
-0.000910980891077
-0.000875872541378
-0.0816131009508
-0.0624470209166
-0.0648581682183
-0.0498517844697
-0.000608939689597
0.0
0.0
0.0
-0.0653457907608
-0.0657809522763
-0.0649750562765
-0.0780676144739
0.0
0.0
0.0
0.0
-0.0389085164556
-0.0314669634939
-0.0321538353649
-0.0520414855308
-0.057766311112
0.0
0.0
0.0
-0.0648040612422
-0.0650811426936
-0.0651973146764
-0.036484979342
0.0
0.0
0.0
0.0
0.0
-0.0483185071346
-0.0843158111349
-6.87200623847e-06
0.0
0.0
0.0
0.0
0.0
-0.0653585065035
-0.0649845844037
0.0
0.0
0.0
0.0
0.0
-0.0581247975608
-0.0401361100868
-0.0477187142134
-0.075184278355
-0.0541458250089
-0.0550517191034
-0.060076620362
7.68523679161e-05
-0.00676440476594
-0.00057131836012
-0.0802233544015
-0.0090389799816
-0.0643852051911
-0.0464504500736
1.58744378552e-05
0.0
-0.00744708552556
-0.0647841290524
-0.000144707307797
-0.00990245789856
-0.086934573089
-0.04406334539
-0.00743130116116
-0.0558806960324
-7.03766287189e-06
-7.03766287189e-06
0.0
0.0
0.0
0.0
0.0
0.0
7.90928797374e-05
0.00058545844049
0.000187238632163
0.000216779263361
0.0
0.0
0.0
0.0
-0.0111207559128
-0.0205531631565
-0.0268404349929
0.0
0.0
0.0
0.0
0.0
0.0
0.0111675032459
0.00503623263347
-0.0266358947093
-0.0258664882951
0.00155498040909
0.000700227340042
0.0
0.0
0.0
0.0
0.0
0.0
0.0
0.0
0.0
-0.0843351392569
-0.0204254926591
-0.0856216039284
-0.0372249664539
-0.0192070725013
-0.000246525149243
-0.000188304663062
0.0
0.000106489661701
-0.0735416984381
-0.00582479907006
4.18229374105e-05
-0.0815999634212
-0.0647841290524
0.0
0.0
0.0
0.0
0.0
-0.000149718870998
-0.000104182165862
0.0
0.0
0.0
0.0
0.0
0.00040467453554
0.00256845802121
0.00126863624607
0.00126863624607
0.00256845802121
0.0
0.0
0.0
0.0
0.0
0.0
0.0
0.0
0.0
0.0
0.0
0.0
0.0
0.0
0.0
0.0
0.0
0.0
0.0
0.0
0.0
0.0
0.0
0.0
0.0
-0.0836963561498
-0.0544106035908
-0.0657841159495
-0.0635334279061
-0.00939865948796
0.0
0.0
0.0
-0.0562187052658
-0.0771455466966
0.00701139407921
0.00294783037641
0.0014069402135
0.000692432867494
0.000320402800129
-0.0868868650303
-0.00802520299564
-0.0126821186128
-0.00651832788566
-0.00543933531339
-0.00606808496249
-0.00124308864571
0.00206446814083
0.00224278365271
0.0329848122041
0.0390513758262
0.0383175820225
0.0381545351635
0.0335795311225
0.0321133851058
0.0315518871305
0.0311038577403
0.0
0.0
0.0
0.0
0.0
0.0
0.0
0.0
0.00245388783929
0.00196530631514
0.0
0.0
0.0
0.0
0.0
0.0
0.0270518974748
-0.00645948325215
0.0207985527434
-0.0101906959277
0.0169871454276
-0.0122533391267
-0.0101592793715
-0.012941371753
0.00155699260739
-0.000305499040998
6.75798265676e-06
-7.94280729357e-05
0.0163845051839
0.00710348750327
0.00658289630444
0.0
0.000962549063254
0.0
0.0
0.0
0.0
0.0
0.0
0.0
0.0308318829322
0.0306190754477
0.0169824523347
0.0
0.0
0.0
0.0
0.0
0.0
0.0
0.0
0.0
0.0
0.0
0.0
0.0
0.00025444947756
8.65245015129e-05
6.64352413437e-05
0.000123560459836
0.000224470967339
0.0
0.0
0.0
0.00145617601866
0.000946404966675
0.00071557214764
0.000728562227864
0.000631803883264
0.000337605881703
0.000227548994426
0.000305485725369
0.0
0.0
0.0
0.0
0.0
0.0
0.0
0.0
0.0
0.0
0.0
0.0
0.0
0.0
0.0
0.0
0.0
0.0
0.0
0.0
0.0
0.0
0.0
0.0
0.0
0.0
0.0
0.0
0.0
0.0
0.0
0.0
0.0
0.0
0.0
0.0
0.0
0.0
0.0
0.0
0.0
0.0
0.0
0.0
0.0
0.0
0.0
0.0
0.0
0.0
0.0
0.0
0.0
0.0
0.0
0.0
0.0
0.0
0.0
0.0
0.0
0.0
0.0
0.0
0.0
0.0
0.0
0.0
0.0
0.0
0.0
0.0
0.0013478783568
-0.0138730812096
-0.0107453812566
-0.00441852709752
-0.00247487504496
0.000712583849658
0.000539547216001
0.00159826334695
0.0146748738299
0.00558184649629
0.00542404831674
0.00199207620814
0.00134788061706
-5.85363789633e-05
0.000139434942155
0.0
0.00378709601656
0.0083867364059
0.0126025266985
-0.000493353089521
-0.000302266022119
-0.000346433398041
0.0
0.0
0.0
0.0122901097239
0.0122901097239
0.0122901097239
0.0
0.0
0.0
0.0
0.0
0.0167402433773
0.01027455484
0.00768075940152
0.00511458150207
0.00377084826178
0.00314122489341
0.00290963989236
0.0
0.0
0.0
0.00111420242248
0.00233382255988
0.00153751749582
0.00130061609534
0.00304433549454
-0.0168238772136
-0.0063276555469
-0.00361875372825
-0.00103990257031
0.00354968687385
0.00354968687385
0.00354968687385
0.00354968687385
-0.0119852393134
-0.0166958337291
0.022050962735
0.00256845802121
0.00256845802121
0.00256845802121
0.00256845802121
0.00256845802121
-0.084852252907
-0.0403852237827
-0.00507818331958
-0.00502647654361
-0.00477324360299
0.0
0.0
0.0
0.0
0.0
0.0
0.0
0.0
0.0
0.0
0.0
-0.0234467113024
-0.00509057073031
-0.00505139587697
-0.0324798153067
-0.0218749782314
-0.00408856464927
-0.0503523357585
-0.0281922174885
0.00946742373646
0.000782089377332
0.000529257575592
0.000406054423523
0.000271214075145
0.000278766893467
0.0
0.000267196307815
0.0010462045522
9.03162786893e-05
-0.000124561612929
0.000946851211821
0.0
0.0
0.0
0.0
-0.00801450967505
-0.00581773732108
-0.00821879883294
-0.00282518088842
-0.00518841733504
-0.00215593492053
-0.000680453237695
0.0
-0.0103631203986
-0.00380466275208
-0.0055273028396
0.00115211942725
0.00125744948691
-0.000989020392487
0.0026984462395
0.0026984462395
0.0
0.0
0.0
0.0
0.0
0.0
0.0
0.0
0.0
0.0
0.0
0.0
0.0
0.0
0.0
0.0
0.0
0.0
0.0
0.0
0.0
0.0
0.0
0.0
0.0
0.0
0.0
0.0
0.0
0.0
0.0
0.0
0.0
0.0
0.0
0.0
0.0
0.0
0.0
0.0
0.0
0.0
0.0
0.0
0.0
0.0
0.0
0.0
0.0
0.0
0.0
0.0
0.0
0.0
0.0
0.0
0.0
0.0
0.0
0.0
0.0
0.0
0.0
0.0
0.0
0.0
0.0
0.0
0.0
0.0
0.0
0.0
0.0
0.0
0.0
0.0
0.0
0.0
0.0
0.0
0.0
0.0
0.0
0.0
0.0
0.0
0.0
0.0
0.0
0.0
0.0
0.0
0.0
0.0
0.0
0.0
0.0
0.0
0.0
0.0
0.0
0.0
0.0
0.0
0.0
0.0
0.0
0.0
0.0
0.0
0.0
0.0
0.0
0.0
0.0
0.0
0.0
0.0
0.0
0.0
0.0
0.0
0.0
0.0
0.0
0.0
0.0
0.0
0.0
0.0
0.0
0.0
0.0
0.0
0.0
0.0
0.0
0.0
0.0
0.0
0.0
0.0
0.0
0.0
0.0
-0.000418275818632
-0.000383753129989
-2.67053230273e-05
-2.67053230273e-05
0.0
0.0
0.0
0.0
-6.92361241946e-05
-3.50453723686e-05
0.0
0.0
0.0
0.0
0.0
-0.0441638848384
-0.0511889464384
-0.0785112101199
-0.0709735131861
0.00087096146068
-0.0745671981261
-0.0422886333434
-0.0867986856926
0.0
0.0
0.0
0.0
0.0
0.0
0.0
0.0
0.00503185358488
0.00786107061307
0.00159139106447
0.0
0.0
0.0
0.0
0.0
-0.00843462838005
-0.00670717101589
-0.00494195066405
0.0018749471473
0.000293424404857
0.0010206274564
-0.00056619461882
0.0
0.0
0.0
0.0
0.0
0.0
0.0
0.0
0.0
-0.00121381806842
-0.00194033249155
-0.00194033249155
-0.00121381806842
0.0
0.0
0.0
0.0
-0.00194033249155
-0.00194033249155
-0.00121381806842
0.0
0.0
0.0
0.0
0.0
0.0
0.0
0.0
0.0
0.0
0.0
0.0
0.0
0.0
0.0
0.0
0.0
0.0
0.0
0.0
0.0
