0.0
0.0
0.0
0.0
0.0
0.0
0.0
0.0
0.0
0.0
0.0
0.0
0.0
0.0
0.0
0.0
-0.0992180204573
-0.00261795283792
0.00200346615685
0.0287495651134
0.00147283267831
-0.00339255762374
-0.00673587766818
-0.0450663019161
-0.0542919204995
-0.152020435447
-0.00726049181394
-0.00684573464302
-0.115926046101
-0.045240233597
-0.0369729982355
6.8700940004e-05
0.0
0.0
0.0
0.0
0.0
0.0
0.0
0.0
0.0
0.0
0.0
0.0
0.0
0.0
0.0
0.0
0.0
0.0
0.0
0.0
0.0
0.0
0.0
0.0
0.0
0.0
0.0
0.0
0.0
0.0
0.0
0.0
0.0
0.0
0.0
0.0
0.0
0.0
0.0
0.0
0.0
0.0
0.0
0.0
0.0
0.0
0.0
0.0
0.0
0.0
0.0
0.0
0.0
0.0
0.0
0.0
0.0
0.0
0.0
0.0
0.0
0.0
0.0
0.0
0.0
0.0
0.0
0.0
0.0
0.0
0.0
0.0
0.0
0.0
0.0
0.0
0.0
0.0
0.0
0.0
0.0
0.0
0.0
0.0
0.0
0.0
0.0
0.0
0.0
0.0
0.0
0.0
0.0
0.0
0.0
0.0
0.0
0.0
0.0
0.0
0.0
0.0
0.0
0.0
0.0
0.0
0.0
0.0
0.0
0.0
0.0
0.0
0.0
0.0
0.0
0.0
0.0
0.0
0.0
0.0
0.0
0.0
0.0
0.0
0.0
0.0
0.0
0.0
0.0
0.0
0.0
0.0
0.0
0.0
0.0
0.0
0.0
0.0
0.0
0.0
0.0
0.0
0.0
0.0
0.00145366386217
0.0
0.0
0.0
0.0
0.0
0.0050372185075
0.00146755056225
0.0
0.0
0.0
0.0
0.0
0.0
0.0
0.0
0.0
0.0
0.0
0.0
0.0
0.0
0.0
0.000828913237605
0.0
0.0
0.0
0.0
0.0
0.0
0.0
0.0
0.0123909339606
0.0528176596787
-0.0490189378931
-0.0222697267244
0.0355477695525
0.032693568944
0.035496872909
-0.00306386750486
-0.168177295451
0.0221486618624
0.0195198214156
-0.0565278068176
0.0
0.0
0.0
0.0
0.0194756346186
0.0324553486221
-0.0190721300898
1.28959716034e-05
0.0220716981013
-0.116039486628
0.00291205929648
0.0150633650547
-0.168177295451
0.0221486618624
0.0195198214156
-0.0565278068176
0.0
0.0
0.0
0.0
0.0
0.0
0.0
0.0
0.0
0.0
0.0
0.0
-0.0441526169132
0.0155658094664
-0.0123043882367
0.0
0.0
0.0
0.0
0.0
-0.168716718854
0.0531181677191
6.91085317648e-05
6.91085317648e-05
6.91085317648e-05
0.0
6.91085317648e-05
0.0
6.91085317648e-05
6.91085317648e-05
-0.000735140167157
0.0
0.0
0.0
0.0
0.0
0.0
0.0
0.0
0.0
0.0
0.0
0.0
0.0
0.0
0.0
0.0
0.0
0.0
0.0
0.0
0.0
0.000301975255244
0.00587304325506
0.00587304325506
0.00587304325506
0.00587304325506
0.00587304325506
0.00587304325506
0.00587304325506
0.0
0.00577642348117
1.66848017633e-05
1.72307308686e-05
0.000222729282139
7.08847932352e-05
0.00651281541766
0.00133491679983
-0.00667430922007
-0.0215697675128
0.0219268102127
-0.0656356517932
-0.00310036757082
-3.8412578392e-05
-0.000142083948143
0.0
0.0167472512953
0.0272323192327
0.0272465991807
-0.00322640521514
-0.0194176288049
-0.00515234396749
0.00530338289795
0.0
0.0497952126589
-0.00326102510724
-0.0452544533942
-0.0200126365006
0.0530255507578
8.07140749747e-05
8.07140749747e-05
-0.000347624307245
0.0195466854106
-0.166139483022
-0.16874650124
0.0152090506681
0.000635390940574
0.0
0.0
0.0
-0.168450784937
-0.168660566019
-0.169088637027
0.0272298004407
-4.14773560358e-06
0.0
0.0
0.0
-0.00171652622448
-0.0115427178419
-0.0599967534852
0.0179973981653
0.00550004254531
0.0
0.0
0.0
-0.168742377374
-0.168720371316
-0.168735258664
0.0326844559306
0.0
0.0
0.0
0.0
0.0
0.0143414097151
-0.00638865679229
-0.000128742853059
0.0
0.0
0.0
0.0
0.0
-0.0563987300949
-0.0564866124157
0.0
0.0
0.0
0.0
0.0
0.0153676055109
0.0193348741758
0.0168201660651
0.0260770685523
-0.0125060550211
-0.0579506700615
0.00886302642349
0.000111154369124
0.00529067752886
-0.000404514851474
0.0167414461835
-0.000703526580892
0.00212268627504
-0.0379652872715
-0.000260144548854
0.0
0.0052147507345
-0.168716718854
2.13487167465e-05
-0.000735408262591
-0.000413035537365
0.00902941079399
-0.021182060359
-0.148488972871
-6.07492389628e-06
-6.07492389628e-06
0.0
0.0
0.0
0.0
0.0
0.0
0.000278848302283
0.000270630350377
0.000193181407079
0.000196462523499
0.0
0.0
0.0
0.0
0.00330337713973
0.00356772280526
0.00664588492249
0.0
0.0
0.0
0.0
0.0
0.0
0.0
0.0
0.0
0.0
0.0
2.47858252173e-05
0.0
0.0
0.0
0.0
0.0
0.0
0.0
0.0
0.0
-0.00667430922007
-0.0215656197772
0.0219268102127
-0.0656356517932
-0.00310036757082
-3.8412578392e-05
-0.000142083948143
0.0
2.27223740535e-06
0.0514212240467
0.00357384607847
2.39170059708e-05
0.0192881134242
-0.168716718854
0.0
0.0
0.0
0.0
0.0
6.91085317648e-05
-0.000321581867558
0.0
0.0
0.0
0.0
0.0
0.000390828746477
0.0
0.000828913237605
0.000828913237605
0.0
0.0
0.0
0.0
0.0
0.0
0.0
0.0
0.0
0.0
0.0
0.0
0.0
0.0
0.0
0.0
0.0
0.0
0.00155707737533
0.0
0.0
0.0
0.0
0.0
0.0
0.0
-0.00648052853434
-0.0578284293784
-0.168786806364
-0.0567818102994
-0.000594281989112
0.0
0.0
0.0
0.0
0.0
0.0
0.0
0.0
0.0
0.0
0.000137629901735
0.0
0.0
0.0
0.0
0.0
0.0
0.0
0.0
0.0
0.0
0.0
0.0
0.0
0.0
0.0
0.0
0.00155707737533
0.00155707737533
0.00155707737533
0.00155707737533
0.00155707737533
0.00155707737533
0.00155707737533
0.00155707737533
0.00150133581808
0.0
0.0
0.0
0.0
0.0
0.0
0.0
0.0
0.0
0.0
0.0
0.0
0.0
0.0
0.0
0.0
0.0
0.0
0.0
0.00606396935708
0.00450485312462
0.00303715840879
0.0
0.000892961199398
0.0
0.0
0.0
0.0
0.0
0.0
0.0
0.0
0.0
0.00585689523084
0.0
0.0
0.0
0.0
0.0
0.0
0.0
0.0
0.0
0.0
0.0
0.0
0.0
0.00156825776507
0.000113041391747
8.36434273861e-05
0.000185595217003
4.73541280926e-05
0.0
0.0
0.0
0.00055798861098
0.000503581555271
0.00048579877217
0.00052572252207
0.000511614691901
0.000273433640234
0.000206668489274
0.000257061695434
0.0
0.0
0.0
0.0
0.0
0.0
0.0
0.0
0.0
0.0
0.0
0.0
0.0
0.0
0.0
0.0
0.0
0.0
0.0
0.0
0.0
0.0
0.0
0.0
0.0
0.0
0.0
0.0
0.0
0.0
0.0
0.0
0.0
0.0
0.0
0.0
0.0
0.0
0.0
0.0
0.0
0.0
0.0
0.0
0.0
0.0
0.0
0.0
0.0
0.0
0.0
0.0
0.0
0.0
0.0
0.0
0.0
0.0
0.0
0.0
0.0
0.0
0.0
0.0
0.0
0.0
0.0
0.0
0.0
0.0
0.0
0.0
0.0
0.0
0.0
0.0
0.0
0.0
0.0
0.0
0.0
0.0
0.0
0.0
0.000863346559801
0.0
0.000139726538407
0.0
0.0
0.0
0.0
0.0
0.0
0.0
0.0
0.0
0.0
0.00598101430414
0.00598101430414
0.00598101430414
0.0
0.0
0.0
0.0
0.0
0.00313016673376
0.00300591541689
0.00274458327999
0.00243298241841
0.00213533343473
0.00191741061546
0.00185948974858
0.0
0.0
0.0
0.0
0.0
0.0
0.0
0.0
0.0
0.0
0.0
0.0
0.0
0.0
0.0
0.0
0.0
0.0
0.0
0.0
0.0
0.0
0.0
0.0
-0.00640716886363
0.0198160290667
0.00315189857013
0.00275936463732
0.00306963415689
0.0
0.0
0.0
0.0
0.0
0.0
0.0
0.0
0.0
0.0
0.0
-0.0989727380031
-0.00256646666457
0.00216122695068
0.0288947601508
0.0016290309015
-0.00329278898604
-0.00669885364417
-0.0455225950511
0.00646147309068
0.000393958315656
0.00036087313979
0.000346220550436
0.000283799349443
0.000250062579676
0.0
0.000250058099809
0.0
0.0
0.0
0.0
0.0
0.0
0.0
0.0
0.0
0.0
0.0
0.0
0.0
0.0
0.0
0.0
0.0
0.0
0.0
0.0
0.0
0.0
0.0
0.0
0.0
0.0
0.0
0.0
0.0
0.0
0.0
0.0
0.0
0.0
0.0
0.0
0.0
0.0
0.0
0.0
0.0
5.54978434981e-05
1.03219335179e-05
4.20195609975e-06
0.0
0.0
0.0
0.0
0.0
0.0
0.0
0.0
2.87139901113e-05
0.0
0.0
0.00133491679983
0.0
0.0
0.0
0.0
0.0
0.0
0.0
0.0
0.0
0.0
0.0
0.0
0.0
0.0
0.0
0.0
0.0
0.0
0.0
0.0
0.0
0.0
0.0
0.0
0.0
0.0
0.0
0.0
0.0
0.0
0.0
0.0
0.0
0.0
0.0
0.0
0.0
0.0
0.0
0.0
0.0
0.0
0.0
0.0
0.0
0.0
0.0
0.0
0.0
0.0
0.0
0.0
0.0
0.0
0.0
0.0
0.0
0.0
0.0
0.0
0.0
0.0
0.0
0.0
0.0
0.0
0.0
0.0
0.0
0.0
0.0
0.0
0.0
0.0
0.0
0.0
0.0
0.0
0.0
0.0
0.0
0.0
0.0
0.0
0.0
0.0
0.0
0.0
0.0
0.0
0.0
0.0
0.0
0.0
0.0
0.0
0.0
0.0
0.0
0.0
0.0
0.0
0.0
0.0
0.0
0.0
0.0
0.0
0.0
0.0
0.0
0.0
0.0
0.000711513781203
-0.000124741441047
-0.000145628048578
-0.000145628048578
0.0
0.0
0.0
0.0
0.000488975253178
0.000455140682445
0.000426401754413
0.000426401754413
0.0
0.0
0.0
0.0
0.0
0.0
0.0
0.0
0.0
0.0
6.84005272513e-06
0.0
0.0
0.0
0.0
0.0
0.0
0.0
0.0
0.0
0.00608401302881
0.00147536486652
0.0
0.0
0.0
0.0
0.0
0.0
0.0
0.0
0.0
0.0
0.0
0.0
0.0
0.0
0.0
0.0
0.0
0.0
0.0
0.0
0.0
5.6848102897e-05
2.36700468073e-05
2.36700468073e-05
5.6848102897e-05
0.0
0.0
0.0
0.0
2.36700468073e-05
2.36700468073e-05
5.6848102897e-05
0.0
0.0
0.0
0.0
0.0
0.0
0.0
0.0
0.0
0.0
0.0
0.0
0.0
0.0
0.0
0.0
0.0
0.0
0.0
0.0
0.0
0.0
0.0
0.0
0.0
0.0
0.0
0.0
0.0
0.0
0.0
0.0
0.0
0.0
0.0
0.0
0.0
0.031690353692
0.00206168936342
-0.00362129177583
-0.0989557846692
-0.00569778048036
0.00251499648849
-0.0530550998462
0.018461483691
0.0142857048308
0.0590287715571
0.0014670387607
0.00216831008306
0.0377369791835
0.0165364940402
0.00667675493563
9.68029935075e-05
0.0
0.0
0.0
0.0
0.0
0.0
0.0
0.0
0.0
0.0
0.0
0.0
0.0
0.0
0.0
0.0
0.0
0.0
0.0
0.0
0.0
0.0
0.0
0.0
0.0
0.0
0.0
0.0
0.0
0.0
0.0
0.0
0.0
0.0
0.0
0.0
0.0
0.0
0.0
0.0
0.0
0.0
0.0
0.0
0.0
0.0
0.0
0.0
0.0
0.0
0.0
0.0
0.0
0.0
0.0
0.0
0.0
0.0
0.0
0.0
0.0
0.0
0.0
0.0
0.0
0.0
0.0
0.0
0.0
0.0
0.0
0.0
0.0
0.0
0.0
0.0
0.0
0.0
0.0
0.0
0.0
0.0
0.0
0.0
0.0
0.0
0.0
0.0
0.0
0.0
0.0
0.0
0.0
0.0
0.0
0.0
0.0
0.0
0.0
0.0
0.0
0.0
0.0
0.0
0.0
0.0
0.0
0.0
0.0
0.0
0.0
0.0
0.0
0.0
0.0
0.0
0.0
0.0
0.0
0.0
0.0
0.0
0.0
0.0
0.0
0.0
0.0
0.0
0.0
0.0
0.0
0.0
0.0
0.0
0.0
0.0
0.0
0.0
0.0
0.0
0.0
0.0
0.0
0.0
0.0014635977092
0.0
0.0
0.0
0.0
0.0
0.00645649197632
0.00150331503557
0.0
0.0
0.0
0.0
0.0
0.0
0.0
0.0
0.0
0.0
0.0
0.0
0.0
0.0
0.0
0.000877807396353
0.0
0.0
0.0
0.0
0.0
0.0
0.0
0.0
-0.0643895940832
-0.168180833491
0.0151366113435
-0.00254628965958
-0.065404414316
-0.0598534013947
-0.0654397042975
-0.0184384914202
0.064537408002
-0.0908429829954
-0.0861717004078
0.0195315126218
0.0
0.0
0.0
0.0
-0.0860403840342
-0.0596444699086
-0.00476999821651
-6.13423518473e-06
-0.0907201998001
0.0375162678695
-0.00579151162317
-0.0581763385138
0.064537408002
-0.0908429829954
-0.0861717004078
0.0195315126218
0.0
0.0
0.0
0.0
0.0
0.0
0.0
0.0
0.0
0.0
0.0
0.0
0.0118767241419
-0.0586646567041
0.00884759005111
0.0
0.0
0.0
0.0
0.0
0.0649534900532
-0.169049124107
-0.000321581867558
-0.000321581867558
-0.000321581867558
0.0
-0.000321581867558
0.0
-0.000321581867558
-0.000321581867558
-0.00320190491534
0.0
0.0
0.0
0.0
0.0
0.0
0.0
0.0
0.0
0.0
0.0
0.0
0.0
0.0
0.0
0.0
0.0
0.0
0.0
0.0
0.0
0.000434577630424
0.00774096016664
0.00774096016664
0.00774096016664
0.00774096016664
0.00774096016664
0.00774096016664
0.00774096016664
0.0
0.0075844783439
7.94431607522e-06
1.44099832186e-05
0.000210169430863
0.000132845042811
0.00596665435579
0.00123537399528
0.00248482805279
-0.00308150136373
-0.0904612925158
0.0361643510675
-0.0179311570912
0.000135646402956
0.000100108585266
0.0
-0.073519163068
-0.0872680865915
-0.0872583614355
-0.00124143475836
0.00734203891543
0.00444102649886
-0.0195804892387
0.0
-0.151912627626
-0.00115826698141
0.0167210348949
0.00725607385836
-0.168424594856
-0.000347624307245
-0.000347624307245
0.000113920715601
-0.0857240256031
0.0629713611523
0.0649540510131
-0.0693775944065
-0.000995972406439
0.0
0.0
0.0
0.0648518601109
0.0648309519173
0.0650684278162
-0.0872642609822
0.0
0.0
0.0
0.0
0.00260671691856
0.00501958998311
0.0132350167312
-0.0407943495942
-0.0165852526931
0.0
0.0
0.0
0.0649343490132
0.0649441877498
0.0649267861957
-0.0603009710714
0.0
0.0
0.0
0.0
0.0
-0.0679988447359
0.00212487073441
4.65580619022e-05
0.0
0.0
0.0
0.0
0.0
0.0267685371342
0.0271196072151
0.0
0.0
0.0
0.0
0.0
-0.0575240653213
-0.0654167503702
-0.0385990872119
-0.0844693577267
0.00886302642349
0.0188279266419
-0.0226654914582
0.000104429532869
-0.0194699784534
0.000222228647553
-0.0736214737932
-0.00316309602471
-0.0143905825311
0.00996155972878
5.77632005159e-05
0.0
-0.0196271503387
0.0649534900532
6.70715078899e-06
-0.00326102510724
-0.00720321411241
-0.0536447141984
0.00772758900531
0.0572519527526
1.41002602897e-06
1.41002602897e-06
0.0
0.0
0.0
0.0
0.0
0.0
0.000129442847792
0.000249179201716
0.000188961964379
0.000138561917439
0.0
0.0
0.0
0.0
0.0016121535229
0.00114560794512
-0.00486769663324
0.0
0.0
0.0
0.0
0.0
0.0
0.0
0.0
0.0
0.0
0.0
9.45519837497e-06
0.0
0.0
0.0
0.0
0.0
0.0
0.0
0.0
0.0
0.00248482805279
-0.00308150136373
-0.0904612925158
0.0361643510675
-0.0179311570912
0.000135646402956
0.000100108585266
0.0
-1.36110681403e-05
-0.165385146022
-0.006574159396
4.96507809303e-05
-0.0859266465508
0.0649534900532
0.0
0.0
0.0
0.0
0.0
-0.000321581867558
6.91085317648e-05
0.0
0.0
0.0
0.0
0.0
0.00038597676173
0.0
0.000877807396353
0.000877807396353
0.0
0.0
0.0
0.0
0.0
0.0
0.0
0.0
0.0
0.0
0.0
0.0
0.0
0.0
0.0
0.0
0.0
0.0
0.0
0.0
0.0
0.0
0.0
0.0
0.0
0.0
0.00246525473309
0.0186628235516
0.0648992686774
0.0272077513802
-0.00374165074016
0.0
0.0
0.0
0.0
0.0
0.0
0.0
0.0
0.0
2.3639774611e-05
-0.000441534508359
0.0
0.0
0.0
0.0
0.0
0.0
0.0
0.0
0.0
0.0
0.0
0.0
0.0
0.0
0.0
0.0
0.0
0.0
0.0
0.0
0.0
0.0
0.0
0.0
0.0015358225907
0.00150133581808
0.0
0.0
0.0
0.0
0.0
0.0
0.0
0.0
0.0
0.0
0.0
0.0
0.0
0.0
0.0
0.0
0.0
0.0
0.0104020467759
0.00440328876217
0.00450485312462
0.0
0.000831217911146
0.0
0.0
0.0
0.0
0.0
0.0
0.0
0.0
0.0120727217915
0.00769013232139
0.0
0.0
0.0
0.0
0.0
0.0
0.0
0.0
0.0
0.0
0.0
0.0
0.0
0.000237142524458
8.80566341739e-05
6.55844632549e-05
0.000115648140452
0.000199510838033
0.0
0.0
0.0
0.00051769976115
0.000504309084198
0.000492087352934
0.000496056119738
0.00046840783313
0.000237591100825
0.00016226307521
0.000206668489274
0.0
0.0
0.0
0.0
0.0
0.0
0.0
0.0
0.0
0.0
0.0
0.0
0.0
0.0
0.0
0.0
0.0
0.0
0.0
0.0
0.0
0.0
0.0
0.0
0.0
0.0
0.0
0.0
0.0
0.0
0.0
0.0
0.0
0.0
0.0
0.0
0.0
0.0
0.0
0.0
0.0
0.0
0.0
0.0
0.0
0.0
0.0
0.0
0.0
0.0
0.0
0.0
0.0
0.0
0.0
0.0
0.0
0.0
0.0
0.0
0.0
0.0
0.0
0.0
0.0
0.0
0.0
0.0
0.0
0.0
0.0
0.0
0.0
0.0
0.0
0.0
0.0
0.0
0.0
0.0
0.0
0.0
0.0
0.0
0.00085746478591
0.0
0.000134689219182
0.0
0.0
0.0
0.0
0.0
0.0
0.0
0.0
0.0
0.0
0.00588146096804
0.00588146096804
0.00588146096804
0.0
0.0
0.0
0.0
0.0
0.00322662027887
0.00308197344966
0.00278715681
0.00248051167157
0.00216870581848
0.00194747111697
0.00187605552796
0.0
0.0
0.0
0.0
0.0
0.0
0.0
0.0
0.0
0.0
0.0
0.0
0.0
0.0
0.0
0.0
0.0
0.0
0.0
0.0
0.0
0.0
0.0
0.0
0.00213393252011
-0.0665143738571
-0.00432070304166
-0.00407227165693
-0.00417605445647
0.0
0.0
0.0
0.0
0.0
0.0
0.0
0.0
0.0
0.0
0.0
0.031906977349
0.00182447949487
-0.00350248233624
-0.0987953786254
-0.00536245197574
0.00321994002027
-0.0523592077586
0.0186232707018
0.00593701182731
0.00036068017136
0.000325891453171
0.000302501187478
0.000189676608308
0.000283799349443
0.0
0.000213781008191
0.0
0.0
0.0
0.0
0.0
0.0
0.0
0.0
0.0
0.0
0.0
0.0
0.0
0.0
0.0
0.0
0.0
0.0
0.0
0.0
0.0
0.0
0.0
0.0
0.0
0.0
0.0
0.0
0.0
0.0
0.0
0.0
0.0
0.0
0.0
0.0
0.0
0.0
0.0
0.0
0.0
0.0
0.0
0.0
0.0
0.0
0.0
0.0
0.0
0.0
0.0
0.0
0.0
0.0
0.0
0.0
0.0
0.0
0.0
0.0
0.0
0.0
0.0
0.0
0.0
0.0
0.0
0.0
0.0
0.0
0.0
0.0
0.0
0.0
0.0
0.0
0.0
0.0
0.0
0.0
0.0
0.0
0.0
0.0
0.0
0.0
0.0
0.0
0.0
0.0
0.0
0.0
0.0
0.0
0.0
0.0
0.0
0.0
0.0
0.0
0.0
0.0
0.0
0.0
0.0
0.0
0.0
0.0
0.0
0.0
0.0
0.0
0.0
0.0
0.0
0.0
0.0
0.0
0.0
0.0
0.0
0.0
0.0
0.0
0.0
0.0
0.0
0.0
0.0
0.0
0.0
0.0
0.0
0.0
0.0
0.0
0.0
0.0
0.0
0.0
0.0
0.0
0.0
0.0
0.0
0.0
0.0
0.0
0.0
0.0
0.0
0.0
0.0
0.0
0.0
0.0
0.0
0.0
0.0
0.0
0.0
0.0
0.0
0.0
0.0
0.0
0.0
0.0
0.0
0.000409545849645
0.000451240943975
3.94432071155e-05
3.94432071155e-05
0.0
0.0
0.0
0.0
2.87389280328e-05
7.87906730888e-06
0.0
0.0
0.0
0.0
0.0
0.0
0.0
0.0
0.0
0.0
0.0
2.65787692702e-05
-0.000985195729215
0.0
0.0
0.0
0.0
0.0
0.0
0.0
0.0
0.0
0.00543218911673
0.00115995347929
0.0
0.0
0.0
0.0
0.0
0.0
0.0
0.0
0.0
0.0
0.0
0.0
0.0
0.0
0.0
0.0
0.0
0.0
0.0
0.0
0.0
5.67914909593e-05
5.6848102897e-05
5.6848102897e-05
5.67914909593e-05
0.0
0.0
0.0
0.0
5.6848102897e-05
5.6848102897e-05
5.67914909593e-05
0.0
0.0
0.0
0.0
0.0
0.0
0.0
0.0
0.0
0.0
0.0
0.0
0.0
0.0
0.0
0.0
0.0
0.0
0.0
0.0
0.0
