0.0
0.0
0.0
0.0
0.0
0.0
0.0
0.0
-0.0110224108396
-0.00331144094664
-0.000868038779896
-0.00174615187488
0.00380086126432
0.00126063325187
0.000237516257602
0.000690334207771
-0.0497857876688
-0.0174275034609
-0.0157626963724
-0.0429432421851
-0.0288672128714
-0.0160408834529
-0.0512910190648
-0.0505192460623
-0.0546551230651
-0.0735277409121
-0.0765741452977
-0.063272542172
-0.0520219196404
-0.0774909686994
-0.0586377645018
-0.00182638416427
0.0
0.0
0.0
0.0
0.0
0.0
0.0
0.0
0.0
0.0
0.0
0.0
0.0
0.0
0.0
0.0
0.0
0.0
0.0
0.0
0.0
0.0
0.0
0.0
0.0
0.0
0.0
0.0
0.0
0.0
0.0
0.0
0.0
0.0
0.0
0.0
0.0
0.0
0.0
0.0
0.0
0.0
0.0
0.0
0.0
0.0
0.0
0.0
0.0
0.0
0.0
0.0
0.0
0.0
0.0
0.0
0.0
0.0
0.0
0.0
0.0
0.0
0.0
0.0
0.0
0.0
0.0
0.0
0.0
0.0
0.0
0.0
0.0
0.0
0.0
0.0
0.0
0.0
0.0
0.0
0.0
0.0
0.0
0.0
0.0
0.0
0.0
0.0
0.0
0.0
0.0
0.0
0.0
0.0
0.0
0.0
0.0
0.0
0.0
0.0
0.0
0.0
0.0
0.0
0.0
0.0
0.0
0.0
0.0
0.0
0.0
0.0
0.00470775997753
0.00157498156125
0.00114956418491
0.00373400241836
0.00537931590219
0.00948897366949
0.00949525249104
0.0112703907513
0.00691099059724
0.00626511853692
0.0
0.0
0.0
0.0
0.0
0.0
-0.000261983188504
-0.00107348607058
0.00307174902186
0.00299265922217
0.000768296402931
0.0106008223393
0.0109830817176
-0.00150017631222
0.0
0.0
0.0
0.0
0.0
0.0
0.0
0.0
0.00667981878808
0.00970709309817
-0.00417214957323
-0.00496343266134
0.00119474972665
-0.00448331241785
0.0131116601942
0.00668333070036
0.0
0.0
0.0
0.0
0.0
0.0
0.0
0.0
0.00229576747084
0.00685061824287
0.0123029373607
0.00169493083415
0.00887623226408
0.0079750521552
0.00402371423312
0.00583170197392
0.0
0.0
0.0
0.0
0.0
0.0
0.0
0.0
-0.0476575851721
-0.0709248447021
-0.0539938729606
-0.0349156711798
-0.0534806097992
-0.0507635848538
-0.0537229161007
-0.0292031434245
-0.0768489838674
-0.0738927223274
-0.071219751617
-0.0757310843481
0.0
0.0
0.0
0.0
-0.0708985904036
-0.0500214640895
-0.0314224653547
-1.84900523686e-05
-0.0731317499631
-0.0523191245434
-0.0160723868715
-0.0602084379452
-0.0768489838674
-0.0738927223274
-0.071219751617
-0.0757310843481
0.0
0.0
0.0
0.0
0.0
0.0
0.0
0.0
0.0
0.0
0.0
0.0
-0.0526256959356
-0.0608650880551
-0.061777532127
0.0
0.0
0.0
0.0
0.0
-0.0776279902457
-0.0722562034825
-0.00282693217497
-0.00282693217497
-0.00282693217497
0.0
-0.00282693217497
0.0
-0.00282693217497
-0.00282693217497
-0.0229938716694
0.0
0.0
0.0
0.0
0.0
0.0
0.0
0.0
0.0
0.0
0.0
0.0
0.0
0.0
0.0
0.0
0.0
0.0
0.0
0.0
0.0
0.00388655979918
0.0178867483206
0.0178867483206
0.0178867483206
0.0178867483206
0.0178867483206
0.0178867483206
0.0178867483206
0.0
0.0176436772157
-0.000920578063306
0.000431369707826
0.00253917603389
0.00113342186402
0.0181640677871
0.00442360520055
-0.0809947229029
-0.0299025363312
-0.0711356550598
-0.0527755298352
-0.0287136573305
-0.00461839383713
-0.00557282221432
0.0
-0.067943520312
-0.0680851343906
-0.0703076023104
-0.022332211358
-0.0195589118735
-0.0205363812698
-0.0210969104727
0.0
-0.0685821141754
-0.0234294276234
-0.0774122727507
-0.0233203339413
-0.0727290397921
-0.00825674845211
-0.00825674845211
-0.00761064811667
-0.0706017760752
-0.0751947763596
-0.0771571972694
-0.0511225829402
-0.00706878233215
0.0
0.0
0.0
-0.0756610530873
-0.0763878932312
-0.0775437516747
-0.0712194346559
-0.000851139135329
0.0
0.0
0.0
-0.0588670821171
-0.0527978527524
-0.0539846447489
-0.0588047961797
-0.0636124452152
0.0
0.0
0.0
-0.077628674677
-0.0775294378497
-0.0773992575474
-0.0507672534981
0.0
0.0
0.0
0.0
0.0
-0.0501254386956
-0.0808067007228
-0.000485409853858
0.0
0.0
0.0
0.0
0.0
-0.0768891989852
-0.0768139981268
0.0
0.0
0.0
0.0
0.0
-0.0573090358453
-0.0424393991128
-0.0563016547787
-0.0677827539022
-0.0612237874767
-0.061755991116
-0.0591383784748
0.000762089108942
-0.0170947830281
-0.00287842637341
-0.0703576614483
-0.0228299064975
-0.0611932396241
-0.0557935734247
-0.0010905164463
0.0
-0.0215022830845
-0.0776279902457
-0.00294986381838
-0.0242525282991
-0.073665444142
-0.0486703187642
-0.0212389288147
-0.0728727212005
-0.000609504969527
-0.000609504969527
0.0
0.0
0.0
0.0
0.0
0.0
0.00318628181814
0.00172103694892
0.00131296304635
0.000264183921656
0.0
0.0
0.0
0.0
0.00696950388356
-0.0365628589636
-0.0493360153758
0.0
0.0
0.0
0.0
0.0
0.0
-0.0877106836442
-0.094382085442
0.00865047504366
0.0066512591045
-0.108834751692
-0.110775180367
0.0
0.0
0.0
0.0
0.0
0.0
0.0
0.0
0.0
-0.0809947229029
-0.0298894797669
-0.0711356550598
-0.0527755298352
-0.0287136573305
-0.00461839383713
-0.00557282221432
0.0
0.000892046504812
-0.0695043900734
-0.0168745706705
0.000448462502573
-0.0713110922907
-0.0776279902457
0.0
0.0
0.0
0.0
0.0
-0.00282693217497
-0.00315971882891
0.0
0.0
0.0
0.0
0.0
0.00340175305606
0.00750235739364
0.00583170197392
0.00583170197392
0.00750235739364
0.0
0.0
0.0
0.0
0.0
0.0
0.0
0.0
0.0
0.0
0.0
0.0
0.0
0.0
0.0
0.0
0.0
0.00651072883998
0.0
0.0
0.0
0.0
0.0
0.0
0.0
-0.0813113300056
-0.06265116426
-0.0780850560965
-0.076035076384
-0.0233639979661
0.0
0.0
0.0
-0.0384830346248
-0.0438298796908
0.0102307267593
0.00801363963851
0.00479130258381
0.00333008639374
0.00287209322726
-0.081615717412
-0.00247800500793
-0.00702824642645
-0.0040177810809
0.0181792080202
0.0233803230931
0.00389221393298
0.00292676484264
0.0253960554959
-0.0110224108396
-0.00331144094664
-0.000868038779896
-0.00174615187488
0.00380086126432
0.00126063325187
0.000237516257602
0.000690334207771
0.00651072883998
0.00651072883998
0.00651072883998
0.00651072883998
0.00651072883998
0.00651072883998
0.00651072883998
0.00651072883998
0.00613886539672
0.0
0.0
0.0
0.0
0.0
0.0
0.0
-0.00866494297122
0.0123652777164
-0.0056972621016
0.00966864615138
-0.00293357230841
0.00803528149231
0.00944533963352
-0.00396800539893
0.0249977752007
-0.000427377341316
-0.00066595386717
0.0256920017395
0.018175231791
0.0108460126627
0.00878871241543
0.0
0.00548350962481
0.0
0.0
0.0
0.0
0.0
0.0
0.0
0.000612221041566
0.00116850009683
0.0150081902116
0.0
0.0
0.0
0.0
0.0
0.0
0.0
0.0
0.0
0.0
0.0
0.0
0.0
0.00483824976525
0.00145838338398
0.00123452510177
0.00219767340527
0.000934242922843
0.0
0.0
0.0
0.00881334848246
0.00510657484557
0.00360222528275
0.00580634171297
0.00478183971389
0.00312718023322
0.00242318844666
0.00269900496455
0.0
0.0
0.0
0.0
0.0
0.0
0.0
0.0
0.0
0.0
0.0
0.0
0.0
0.0
0.0
0.0
0.0
0.0
0.0
0.0
0.0
0.0
0.0
0.0
0.0
0.0
0.0
0.0
0.0
0.0
0.0
0.0
0.0
0.0
0.0
0.0
0.0
0.0
0.0
0.0
0.0
0.0
0.0
0.0
0.0
0.0
0.0
0.0
0.0
0.0
0.0
0.0
0.0
0.0
0.0
0.0
0.0
0.0
0.0
0.0
0.0
0.0
0.0
0.0
0.0
0.0
0.0
0.0
0.0
0.0
0.0
0.0
-0.00857227033394
-0.0104754796198
-0.00372982098143
-0.00596411767912
-0.003531744775
-0.00577862099496
-0.00145199847794
-0.00339741273811
0.00963177021989
0.0113371358669
0.00514748974069
0.00833265609941
0.00469847367318
0.00181911101597
0.00153113910478
0.0
0.00436911009452
0.00674552209213
0.00588849513147
-0.000522158499012
-0.00160407199883
-0.000894972297043
0.0
0.0
0.0
0.0127440013649
0.0127440013649
0.0127440013649
0.0
0.0
0.0
0.0
0.0
0.0130542118033
0.0100405464073
0.00960441503573
0.00979245052277
0.00855024314454
0.00759520769985
0.00727906530099
0.0
0.0
0.0
0.00295532806751
0.00135887583619
0.000531311021182
5.15101503695e-05
0.000130985964625
-0.00827819621434
-0.00584672653006
-0.00239294637741
-0.00445101318337
0.00755591657771
0.00755591657771
0.00755591657771
0.00755591657771
0.0224889392333
0.014513098603
-0.00427102823611
0.00750235739364
0.00750235739364
0.00750235739364
0.00750235739364
0.00750235739364
-0.0817954364218
-0.0460868403216
-0.0137196224615
-0.0137751372065
-0.0134701226074
0.0
0.0
0.0
0.0
0.0
0.0
0.0
0.0
0.0
0.0
0.0
-0.0413514701083
-0.0127219448934
-0.0115359792722
-0.040942647926
-0.0293275108793
-0.0164975740653
-0.0519516198393
-0.0516016622455
0.015548556096
0.00419395406099
0.00353249223125
0.00270052415447
0.00198062881026
0.00241938798347
0.0
0.00237187020178
0.000403622343042
-0.000370759202177
-0.000244759436099
-0.000186982293054
0.0
0.0
0.0
0.0
-0.00737045633752
-0.00671151492349
-0.00213965392009
-0.00656438781787
-0.0050737042299
-0.00519026322642
-0.00203236585967
0.0
-0.00865769450688
-0.00830515242512
-0.0055554827397
-0.00488832383818
-0.00343066971521
0.00375999112926
-0.00275580444964
-0.00275580444964
0.0
0.0
0.0
0.0
0.0
0.0
0.0
0.0
0.0
0.0
0.0
0.0
0.0
0.0
0.0
0.0
0.0
0.000906181561857
-0.00115802076744
0.000318401580609
0.0
0.0
0.0
0.0
0.0
0.0
0.0
0.0
0.000681420990173
0.0
0.0
0.00442360520055
0.0
0.0
0.0
0.0
0.0
0.0
0.0
0.0
0.0
0.0
0.0
0.0
0.0
0.0
0.0
0.0
0.0
0.0
0.0
0.0
0.0
0.0
0.0
0.0
0.0
0.0
0.0
0.0
0.0
0.0
0.0
0.0
0.0
0.0
0.0
0.0
0.0
0.0
0.0
0.0
0.0
0.0
0.0
0.0
0.0
0.0
0.0
0.0
0.0
0.0
0.0
0.0
0.0
0.0
0.0
0.0
0.0
0.0
0.0
0.0
0.0
0.0
0.0
0.0
0.0
0.0
0.0
0.0
0.0
0.0
0.0
0.0
0.0
0.0
0.0
0.0
0.0
0.0
0.0
0.0
0.0
0.0
0.0
0.0
0.0
0.0
0.0
0.0
0.0
0.0
0.0
0.0
0.0
0.0
0.0
0.0
0.0
0.0
0.0
0.0
0.0
0.0
0.0
0.0
0.0
0.0
0.0
0.0
0.0
0.0
0.0
0.0
0.0
-0.0161052974809
-0.0148613837374
-0.0146165598436
-0.0146165598436
0.0
0.0
0.0
0.0
-0.00656705642051
-0.00564343139168
-0.00516223574643
-0.00516223574643
0.0
0.0
0.0
-0.0430949545259
-0.0457659245836
0.00466028689035
0.00366279230335
-0.0800141511553
0.00418142733145
0.00238425881922
-0.080228254914
0.0
0.0
0.0
0.0
0.0
0.0
0.0
0.0
0.00514956190621
0.0134682861884
0.00438992397208
0.0
0.0
0.0
0.0
0.0
-0.00499813780732
-0.000488858388757
0.00398924675261
0.00382619284453
0.00648312233182
-0.00454276213873
0.00519291828104
0.0
0.0
0.0
0.0
0.0
0.0
0.0
0.0
0.0
-0.0087933930175
-0.00610214317304
-0.00610214317304
-0.0087933930175
0.0
0.0
0.0
0.0
-0.00610214317304
-0.00610214317304
-0.0087933930175
0.0
0.0
0.0
0.0
0.0
0.0
0.0
0.0
0.0
0.0
0.0
0.0
0.0
0.0
0.0
0.0
0.0
0.0
0.0
0.0
0.0
0.0
0.0
0.0
0.0
0.0
0.0
0.0
0.0
0.0110224108396
0.0145448371171
0.0175195548932
0.0206133560112
0.0208938482848
0.0218407785864
0.0225933405709
0.0228992806124
-0.0430313906965
-0.0160334950705
-0.0173078756204
-0.0490336529068
-0.0329960780576
-0.0149028824869
-0.0564010636205
-0.0439252059599
-0.054105994792
-0.0682435246286
-0.0728397379356
-0.0607066747375
-0.0458238220821
-0.0720638304778
-0.0572103320658
-0.00421684718742
0.0
0.0
0.0
0.0
0.0
0.0
0.0
0.0
0.0
0.0
0.0
0.0
0.0
0.0
0.0
0.0
0.0
0.0
0.0
0.0
0.0
0.0
0.0
0.0
0.0
0.0
0.0
0.0
0.0
0.0
0.0
0.0
0.0
0.0
0.0
0.0
0.0
0.0
0.0
0.0
0.0
0.0
0.0
0.0
0.0
0.0
0.0
0.0
0.0
0.0
0.0
0.0
0.0
0.0
0.0
0.0
0.0
0.0
0.0
0.0
0.0
0.0
0.0
0.0
0.0
0.0
0.0
0.0
0.0
0.0
0.0
0.0
0.0
0.0
0.0
0.0
0.0
0.0
0.0
0.0
0.0
0.0
0.0
0.0
0.0
0.0
0.0
0.0
0.0
0.0
0.0
0.0
0.0
0.0
0.0
0.0
0.0
0.0
0.0
0.0
0.0
0.0
0.0
0.0
0.0
0.0
0.0
0.0
0.0
0.0
0.0
0.0
-0.00287489133689
0.0016466536202
-0.00080855467474
-0.000673957875801
0.00597600673449
0.00594465817044
0.0128811732638
0.0144505435084
0.00626511853692
0.00691099059724
0.0
0.0
0.0
0.0
0.0
0.0
0.00213638017607
-0.00174064254261
-0.000567042442173
0.00507494416473
0.0020995318529
0.00802261569933
0.0121627025285
-0.00170051199458
0.0
0.0
0.0
0.0
0.0
0.0
0.0
0.0
0.00695686799827
0.00919868483326
-0.0037514330466
0.00119474972665
-0.00496343266134
-0.00740479354079
0.0150256886903
0.00739474261328
0.0
0.0
0.0
0.0
0.0
0.0
0.0
0.0
0.00445128043098
0.00822662687266
0.00760640835319
0.00233857759581
0.00814219234748
0.00804028382501
0.00499496763317
0.00533299022689
0.0
0.0
0.0
0.0
0.0
0.0
0.0
0.0
-0.0519720626227
-0.0762995205111
-0.0494928019672
-0.0331860186184
-0.0550793572206
-0.0526761088782
-0.0553215575562
-0.0316264128105
-0.0714649621471
-0.0779098729805
-0.075715560454
-0.0712145758931
0.0
0.0
0.0
0.0
-0.0751355163926
-0.05168695851
-0.0303885564156
-0.000246049659124
-0.0776538260471
-0.0467689517702
-0.0173483688827
-0.0625999304627
-0.0714649621471
-0.0779098729805
-0.075715560454
-0.0712145758931
0.0
0.0
0.0
0.0
0.0
0.0
0.0
0.0
0.0
0.0
0.0
0.0
-0.0483846344581
-0.0629802913178
-0.0592330050416
0.0
0.0
0.0
0.0
0.0
-0.0721959693588
-0.0776967111269
-0.00315971882891
-0.00315971882891
-0.00315971882891
0.0
-0.00315971882891
0.0
-0.00315971882891
-0.00315971882891
-0.0219237281492
0.0
0.0
0.0
0.0
0.0
0.0
0.0
0.0
0.0
0.0
0.0
0.0
0.0
0.0
0.0
0.0
0.0
0.0
0.0
0.0
0.0
0.00441981514176
0.0196406379551
0.0196406379551
0.0196406379551
0.0196406379551
0.0196406379551
0.0196406379551
0.0196406379551
0.0
0.0192847249515
0.000637140310773
0.000694944804585
0.00250111997865
0.000895027560233
0.0160893301966
0.00557099425926
-0.0778072088177
-0.0279298578319
-0.0754372305132
-0.0528037766667
-0.0296874212542
-0.00273797772462
-0.00229019920785
0.0
-0.0748127847219
-0.0750237635381
-0.0756107633659
-0.0234413929213
-0.0219153176517
-0.0191004519623
-0.0212686408445
0.0
-0.07420224129
-0.0242525282991
-0.0718839378395
-0.0232267938753
-0.0780125876491
-0.00761064811667
-0.00761064811667
-0.00825674845211
-0.0749002264147
-0.0700545302856
-0.0718690296666
-0.0555739091667
-0.00485161542302
0.0
0.0
0.0
-0.0702413209974
-0.0719883993334
-0.0721499283169
-0.0767544590547
0.0
0.0
0.0
0.0
-0.0407786537567
-0.0398657430873
-0.041451406268
-0.0551192205464
-0.0581784148585
0.0
0.0
0.0
-0.0721998286168
-0.0721081442801
-0.0720443510283
-0.0531251980917
0.0
0.0
0.0
0.0
0.0
-0.0545136647154
-0.0778413354841
-0.000295320675658
0.0
0.0
0.0
0.0
0.0
-0.0712942895832
-0.0711852172568
0.0
0.0
0.0
0.0
0.0
-0.0584702268912
-0.049478190422
-0.0560610540873
-0.0739660314407
-0.0587833849076
-0.0605017148882
-0.0616853369892
0.00076814209618
-0.0163534991213
-0.00363980145877
-0.0767305506763
-0.0204110960559
-0.0641806351673
-0.0546991637028
0.00013939305412
0.0
-0.0218157762652
-0.0721959693588
-0.00286177097781
-0.0234294276234
-0.0774709025313
-0.0549148734208
-0.021683795744
-0.0668811256566
-0.00054446850112
-0.00054446850112
0.0
0.0
0.0
0.0
0.0
0.0
-0.000668301487698
0.00241427449554
0.000203053616279
0.00115978619937
0.0
0.0
0.0
0.0
-0.00805341504823
-0.0179137502475
-0.0252288826449
0.0
0.0
0.0
0.0
0.0
0.0
0.0131477055161
0.009207178067
-0.0345105170492
-0.0344477992176
0.0054153724078
0.00382422572276
0.0
0.0
0.0
0.0
0.0
0.0
0.0
0.0
0.0
-0.0778072088177
-0.0279298578319
-0.0754372305132
-0.0528037766667
-0.0296874212542
-0.00273797772462
-0.00229019920785
0.0
0.000749260104226
-0.0748464873347
-0.0175133915219
0.000625435899964
-0.0755145242143
-0.0721959693588
0.0
0.0
0.0
0.0
0.0
-0.00315971882891
-0.00282693217497
0.0
0.0
0.0
0.0
0.0
0.00247796584459
0.00753748523466
0.00533299022689
0.00533299022689
0.00753748523466
0.0
0.0
0.0
0.0
0.0
0.0
0.0
0.0
0.0
0.0
0.0
0.0
0.0
0.0
0.0
0.0
0.0
0.0
0.0
0.0
0.0
0.0
0.0
0.0
0.0
-0.0778267483822
-0.0607263299078
-0.0727965364102
-0.0702823120445
-0.0223228029503
0.0
0.0
0.0
-0.034571851505
-0.0533263838304
0.0113667618452
0.00709700178224
0.00491945118827
0.00349639940883
0.00229892834524
-0.0774014141133
-0.0054887583993
-0.00714626097445
-0.00504620640576
-0.0040177810809
-0.00663203094613
-0.00233960842384
0.0025193706955
0.00292676484264
0.0110224108396
0.0145448371171
0.0175195548932
0.0206133560112
0.0208938482848
0.0218407785864
0.0225933405709
0.0228992806124
0.0
0.0
0.0
0.0
0.0
0.0
0.0
0.0
0.00622915577528
0.00613886539672
0.0
0.0
0.0
0.0
0.0
0.0
0.00866494297122
-0.00343103659825
0.00841284341168
-0.0043630029684
0.00688665043284
-0.0055560212209
-0.00452764708154
-0.00613190444205
0.00415232382287
-0.00167482537158
6.30258188826e-06
-0.00066595386717
0.0166782246275
0.0108705181238
0.0108460126627
0.0
0.00401813356193
0.0
0.0
0.0
0.0
0.0
0.0
0.0
0.0230593326009
0.0230510849834
0.0167962859016
0.0
0.0
0.0
0.0
0.0
0.0
0.0
0.0
0.0
0.0
0.0
0.0
0.0
0.00218176535164
0.0011393673144
0.00101202606883
0.0014928031881
0.00220546222965
0.0
0.0
0.0
0.00516799847456
0.00412076816184
0.00360718585861
0.00364066579731
0.00331864912536
0.00246657458158
0.00206198352167
0.00242318844666
0.0
0.0
0.0
0.0
0.0
0.0
0.0
0.0
0.0
0.0
0.0
0.0
0.0
0.0
0.0
0.0
0.0
0.0
0.0
0.0
0.0
0.0
0.0
0.0
0.0
0.0
0.0
0.0
0.0
0.0
0.0
0.0
0.0
0.0
0.0
0.0
0.0
0.0
0.0
0.0
0.0
0.0
0.0
0.0
0.0
0.0
0.0
0.0
0.0
0.0
0.0
0.0
0.0
0.0
0.0
0.0
0.0
0.0
0.0
0.0
0.0
0.0
0.0
0.0
0.0
0.0
0.0
0.0
0.0
0.0
0.0
0.0
0.000586782072679
-0.0108624386581
-0.00725709094354
-0.00374735498282
-0.00272841189694
0.00111379079088
0.000803197760169
0.00316549989605
0.0132600490892
0.00863414129281
0.00726398485628
0.00325603474905
0.00479071088384
-0.000316165438934
0.00117539180384
0.0
0.0023609671909
0.00618532558192
0.00883508831197
-0.00117870808567
-0.000894972297043
-0.00160407199883
0.0
0.0
0.0
0.0143224353825
0.0143224353825
0.0143224353825
0.0
0.0
0.0
0.0
0.0
0.0185454562286
0.014504350149
0.0127574613783
0.0105174746848
0.0091616805776
0.00855914423675
0.00828490420345
0.0
0.0
0.0
0.00177434671467
0.00306972643596
0.00223538513273
0.00210201011927
0.0041008416354
-0.0108425567585
-0.00528508096914
-0.00444485800998
-0.00203722487527
0.00821554412918
0.00821554412918
0.00821554412918
0.00821554412918
-0.00669527335373
-0.0102351467621
0.0203055425722
0.00753748523466
0.00753748523466
0.00753748523466
0.00753748523466
0.00753748523466
-0.078436979235
-0.0527440663281
-0.0145823684244
-0.0152581148399
-0.0149303676353
0.0
0.0
0.0
0.0
0.0
0.0
0.0
0.0
0.0
0.0
0.0
-0.0337027251081
-0.0119156621624
-0.0123451520249
-0.0463294731377
-0.0315212838511
-0.0123368667378
-0.0560258835189
-0.0433427686031
0.0130675353753
0.00282785478348
0.00231085925262
0.00227003525925
0.00186072617802
0.00198062881026
0.0
0.00185106131889
0.000497451217124
0.000196791481575
2.14507346035e-05
0.00117092285081
0.0
0.0
0.0
0.0
-0.0062985138188
-0.00480070158255
-0.00544068932755
-0.00229817380441
-0.0066449018064
-0.00349025182343
-0.00197769878083
0.0
-0.00632672892178
-0.00268279856679
-0.00555303597805
0.00160547424292
0.00225286521122
-0.002259323881
0.00591347499846
0.00591347499846
0.0
0.0
0.0
0.0
0.0
0.0
0.0
0.0
0.0
0.0
0.0
0.0
0.0
0.0
0.0
0.0
0.0
0.0
0.0
0.0
0.0
0.0
0.0
0.0
0.0
0.0
0.0
0.0
0.0
0.0
0.0
0.0
0.0
0.0
0.0
0.0
0.0
0.0
0.0
0.0
0.0
0.0
0.0
0.0
0.0
0.0
0.0
0.0
0.0
0.0
0.0
0.0
0.0
0.0
0.0
0.0
0.0
0.0
0.0
0.0
0.0
0.0
0.0
0.0
0.0
0.0
0.0
0.0
0.0
0.0
0.0
0.0
0.0
0.0
0.0
0.0
0.0
0.0
0.0
0.0
0.0
0.0
0.0
0.0
0.0
0.0
0.0
0.0
0.0
0.0
0.0
0.0
0.0
0.0
0.0
0.0
0.0
0.0
0.0
0.0
0.0
0.0
0.0
0.0
0.0
0.0
0.0
0.0
0.0
0.0
0.0
0.0
0.0
0.0
0.0
0.0
0.0
0.0
0.0
0.0
0.0
0.0
0.0
0.0
0.0
0.0
0.0
0.0
0.0
0.0
0.0
0.0
0.0
0.0
0.0
0.0
0.0
0.0
0.0
0.0
0.0
0.0
0.0
0.0
0.0
-0.00575238325648
-0.00553084111985
-0.00152416199268
-0.00152416199268
0.0
0.0
0.0
0.0
-0.00234457343673
-0.00167248495339
0.0
0.0
0.0
0.0
0.0
-0.0407605402108
-0.0495666228609
-0.0722595598001
-0.068001085599
0.00377473909733
-0.0687895897987
-0.0523340871499
-0.0763684089927
0.0
0.0
0.0
0.0
0.0
0.0
0.0
0.0
0.00818797240591
0.0122368850856
0.00513725723787
0.0
0.0
0.0
0.0
0.0
-0.00513850519834
-0.00558555053528
-0.00488629138064
0.00229092918768
0.000481940450775
0.0026091158695
-0.00173563021487
0.0
0.0
0.0
0.0
0.0
0.0
0.0
0.0
0.0
-0.00610214317304
-0.0087933930175
-0.0087933930175
-0.00610214317304
0.0
0.0
0.0
0.0
-0.0087933930175
-0.0087933930175
-0.00610214317304
0.0
0.0
0.0
0.0
0.0
0.0
0.0
0.0
0.0
0.0
0.0
0.0
0.0
0.0
0.0
0.0
0.0
0.0
0.0
0.0
0.0
