0.0
0.0
0.0
0.0
0.0
0.0
0.0
0.0
0.0
0.0
0.0
0.0
0.0
0.0
0.0
0.0
-0.0132371055071
-0.137652181711
0.00369900980418
-0.0385591869015
0.0421638663037
-0.136219333191
0.0292148646753
-0.118274637536
-0.00334699182999
-0.0141602859604
0.0284862695726
-0.0307471538684
-0.00400229356855
-0.092446894184
0.0327949585134
5.96766842417e-05
2.64697796017e-23
6.61744490042e-24
4.13590306277e-25
0.0
0.0
0.0
0.0
1.57772181044e-30
0.0
0.0
0.0
0.0
0.0
0.0
0.0
0.0
0.0
0.0
0.0
0.0
0.0
0.0
0.0
0.0
0.0
0.0
0.0
0.0
0.0
0.0
0.0
0.0
0.0
0.0
0.0
0.0
0.0
0.0
0.0
0.0
0.0
0.0
0.0
0.0
0.0
0.0
0.0
0.0
0.0
0.0
0.0
0.0
0.0
0.0
0.0
0.0
0.0
0.0
0.0
0.0
0.0
0.0
0.0
0.0
0.0
0.0
0.0
0.0
0.0
0.0
0.0
0.0
0.0
0.0
0.0
0.0
0.0
0.0
0.0
0.0
0.0
0.0
0.0
0.0
0.0
0.0
0.0
0.0
0.0
0.0
0.0
0.0
0.0
0.0
0.0
0.0
0.0
0.0
0.0
0.0
0.0
0.0
0.0
0.0
0.0
0.0
0.0
0.0
0.0
0.0
0.0
0.0
0.0
0.0
0.0
0.0
0.0
0.0
0.0
0.0
0.0
0.0
0.0
0.0
0.0
0.0
0.0
0.0
0.0
0.0
0.0
0.0
0.0
0.0
0.0
0.0
0.0
0.0
0.0
0.0
0.0
0.0
0.0
0.0
-0.000143674730986
0.0
0.0
0.0
0.0
0.0
-0.000245379587577
-0.000143699649721
0.0
0.0
0.0
0.0
0.0
0.0
0.0
0.0
0.0
0.0
0.0
0.0
0.0
0.0
0.0
-0.0001432641803
0.0
0.0
0.0
0.0
0.0
0.0
0.0
0.0
0.0200333833664
-0.0302346892435
0.0971071448236
0.0414181303797
0.00340777438688
-0.00028990008677
0.00333479596021
0.0914971655623
-0.00640090711093
0.0244822343437
0.0224019620385
0.104375337421
0.0
0.0
0.0
0.0
0.0224453034461
-0.000261518927532
0.0410184582306
0.00104437883747
0.0246711930698
-0.00435122225801
0.0108808476126
0.0768733283335
-0.00640090711093
0.0244822343437
0.0224019620385
0.104375337421
0.0
0.0
0.0
0.0
0.0
0.0
0.0
0.0
0.0
0.0
0.0
0.0
0.103804030368
0.0758765694985
-0.0682756788742
0.0
0.0
0.0
0.0
0.0
-0.00680035395927
-0.0314316610848
0.00163832589483
0.00163832589483
0.00163832589483
0.0
0.00163832589483
0.0
0.00163832589483
0.00163832589483
-0.0985677398008
0.0
0.0
0.0
0.0
0.0
0.0
0.0
0.0
0.0
0.0
0.0
0.0
0.0
0.0
0.0
0.0
0.0
0.0
0.0
0.0
0.0
-8.34251210222e-05
-0.000338373992099
-0.000338373992099
-0.000338373992099
-0.000338373992099
-0.000338373992099
-0.000338373992099
-0.000338373992099
0.0
-0.000298502579985
-0.000335132334666
-0.000428911767786
-9.89631471903e-05
-0.000147899650629
-0.000643744129604
-0.000803954190092
0.030207383817
0.0419011565894
0.0244082366262
-0.00702413984771
0.0923338267035
-0.000265935959064
0.000527908507637
0.0
-0.0248604381868
-0.023727918478
-0.0238371006504
0.00890354933083
0.0187581218243
-0.13240669559
0.00683007371537
0.0
-0.0360780903945
0.00928945159047
-0.0939553505968
0.0229881366492
-0.0313878816397
-0.00550355816235
-0.00550355816235
0.00263523450863
0.0220317463253
-0.0066755957146
-0.00676220887731
0.0226332369225
-0.00888627372096
0.0
0.0
0.0
-0.00663067732797
-0.00616450575168
-0.00583921820762
-0.0237652059479
0.000985979189723
0.0
0.0
0.0
-0.0674862887348
-0.0870144778513
0.0362379704106
0.0192925409542
-0.0215009508748
0.0
0.0
0.0
-0.00677767799001
-0.00676619705834
-0.00673417975887
-0.000725969999629
0.0
0.0
0.0
0.0
0.0
0.0214237626008
0.0276053478564
0.00427925072132
0.0
0.0
0.0
0.0
0.0
-0.117880939683
-0.1183829152
0.0
0.0
0.0
0.0
0.0
0.0756041213898
-0.0203671753302
-0.0363545011576
-0.0249666372435
-0.0656809872966
0.0397058472623
0.0375288857894
0.000126018214528
0.00596342485198
0.00302926812019
-0.0248206050163
-0.0946819140119
0.0352800497783
0.0318903844464
0.00696846031774
0.0
0.00702728336526
-0.00680035395927
-0.00120173840889
-0.0973683732838
-0.0847943160764
-0.0214147687669
0.0152024874031
-0.0145425931594
0.00049878364726
0.00049878364726
0.0
0.0
0.0
0.0
0.0
0.0
-0.000245583317787
-0.000225807112419
0.000298942690949
0.000183070948009
0.0
0.0
0.0
0.0
0.00393609372954
0.0199227829355
0.0215311646688
0.0
0.0
0.0
0.0
0.0
0.0
0.0
0.0
0.0
0.0
0.0
0.00217957980669
0.0
0.0
0.0
0.0
0.0
0.0
0.0
0.0
0.0
0.030207383817
0.0418913658747
0.0244082366262
-0.00702413984771
0.0923338267035
-0.000265935959064
0.000527908507637
0.0
0.00178956342316
-0.0327155185947
0.00598493444821
0.000277288131711
0.0221914870011
-0.00680035395927
0.0
0.0
0.0
0.0
0.0
0.00163832589483
0.0134944592183
0.0
0.0
0.0
0.0
0.0
-6.18893841891e-05
0.0
-0.0001432641803
-0.0001432641803
0.0
0.0
0.0
0.0
0.0
0.0
0.0
0.0
0.0
0.0
0.0
0.0
0.0
0.0
0.0
0.0
0.0
0.0
-0.000409262623336
0.0
0.0
0.0
0.0
0.0
0.0
0.0
0.0282108943309
0.0390213936493
-0.00566760723664
-0.11763842884
-0.0934056779532
0.0
0.0
0.0
0.0
0.0
0.0
0.0
0.0
0.0
0.0
0.00167956756165
0.0
0.0
0.0
0.0
0.0
0.0
0.0
0.0
0.0
0.0
0.0
0.0
0.0
0.0
0.0
0.0
-0.000409262623336
-0.000409262623336
-0.000409262623336
-0.000409262623336
-0.000409262623336
-0.000409262623336
-0.000409262623336
-0.000409262623336
-0.000244280037866
0.0
0.0
0.0
0.0
0.0
0.0
0.0
0.0
0.0
0.0
0.0
0.0
0.0
0.0
0.0
0.0
0.0
0.0
0.0
-0.000338952475557
-0.000249287810155
-0.000343588871501
0.0
-0.000225327023141
0.0
0.0
0.0
0.0
0.0
0.0
0.0
0.0
0.0
-0.000106577814452
0.0
0.0
0.0
0.0
0.0
0.0
0.0
0.0
0.0
0.0
0.0
0.0
0.0
-0.000846320494529
1.00390431316e-05
-2.47148828745e-06
-0.000156165916106
0.000170080035214
0.0
0.0
0.0
-0.000130324283023
-8.65737666821e-05
-8.24492681827e-05
-0.000135341589722
-0.000138658132147
-6.76773547391e-05
-5.791102556e-05
-0.00013366071955
0.0
0.0
0.0
0.0
0.0
0.0
0.0
0.0
0.0
0.0
0.0
0.0
0.0
0.0
0.0
0.0
0.0
0.0
0.0
0.0
0.0
0.0
0.0
0.0
0.0
0.0
0.0
0.0
0.0
0.0
0.0
0.0
0.0
0.0
0.0
0.0
0.0
0.0
0.0
0.0
0.0
0.0
0.0
0.0
0.0
0.0
0.0
0.0
0.0
0.0
0.0
0.0
0.0
0.0
0.0
0.0
0.0
0.0
0.0
0.0
0.0
0.0
0.0
0.0
0.0
0.0
0.0
0.0
0.0
0.0
0.0
0.0
0.0
0.0
0.0
0.0
0.0
0.0
0.0
0.0
0.0
0.0
0.0
0.0
-0.000150371319379
0.0
-4.03738263049e-05
0.0
0.0
0.0
0.0
0.0
0.0
0.0
0.0
0.0
0.0
-0.000273442259672
-0.000273442259672
-0.000273442259672
0.0
0.0
0.0
0.0
0.0
-0.000177044386716
-0.000186068924224
-0.000181863765911
-0.00017653412752
-0.000166404109483
-0.000160005572249
-0.000192955008912
0.0
0.0
0.0
0.0
0.0
0.0
0.0
0.0
0.0
0.0
0.0
0.0
0.0
0.0
0.0
0.0
0.0
0.0
0.0
0.0
0.0
0.0
0.0
0.0
0.0277261092405
-0.0221691396555
0.00355000693318
0.00600910999015
0.00502018393869
0.0
0.0
0.0
0.0
0.0
0.0
0.0
0.0
0.0
0.0
0.0
-0.0138119836123
-0.135835299507
0.00311239755917
-0.0383249161438
0.0418571321883
-0.141104012779
0.0289672872578
-0.119073844486
-0.000478217376517
0.00037885762605
0.000510011057509
0.000636861848131
0.000628108787317
-9.42235541166e-05
0.0
-9.42565712625e-05
0.0
0.0
0.0
0.0
0.0
0.0
0.0
0.0
0.0
0.0
0.0
0.0
0.0
0.0
0.0
0.0
0.0
0.0
0.0
0.0
0.0
0.0
0.0
0.0
0.0
0.0
0.0
0.0
0.0
0.0
0.0
0.0
0.0
0.0
0.0
0.0
0.0
0.0
0.0
0.0
0.0
0.000189463602289
-0.000433010516854
-6.87911046548e-05
0.0
0.0
0.0
0.0
0.0
0.0
0.0
0.0
-2.3146032528e-05
0.0
0.0
-0.000803954190092
0.0
0.0
0.0
0.0
0.0
0.0
0.0
0.0
0.0
0.0
0.0
0.0
0.0
0.0
0.0
0.0
0.0
0.0
0.0
0.0
0.0
0.0
0.0
0.0
0.0
0.0
0.0
0.0
0.0
0.0
0.0
0.0
0.0
0.0
0.0
0.0
0.0
0.0
0.0
0.0
0.0
0.0
0.0
0.0
0.0
0.0
0.0
0.0
0.0
0.0
0.0
0.0
0.0
0.0
0.0
0.0
0.0
0.0
0.0
0.0
0.0
0.0
0.0
0.0
0.0
0.0
0.0
0.0
0.0
0.0
0.0
0.0
0.0
0.0
0.0
0.0
0.0
0.0
0.0
0.0
0.0
0.0
0.0
0.0
0.0
0.0
0.0
0.0
0.0
0.0
0.0
0.0
0.0
0.0
0.0
0.0
0.0
0.0
0.0
0.0
0.0
0.0
0.0
0.0
0.0
0.0
0.0
0.0
0.0
0.0
0.0
0.0
0.0
0.0262129850141
0.0260586316474
0.0263669820145
0.0263669820145
0.0
0.0
0.0
0.0
0.00354968199319
0.00282268758722
0.00369699066071
0.00369699066071
0.0
0.0
0.0
0.0
0.0
0.0
0.0
0.0
0.0
0.0
-0.00100301558605
0.0
0.0
0.0
0.0
0.0
0.0
0.0
0.0
0.0
-0.000458621900066
-0.000724988092502
0.0
0.0
0.0
0.0
0.0
0.0
0.0
0.0
0.0
0.0
0.0
0.0
0.0
0.0
0.0
0.0
0.0
0.0
0.0
0.0
0.0
-3.67664200871e-05
-2.27609250766e-05
-2.27609250766e-05
-3.67664200871e-05
0.0
0.0
0.0
0.0
-2.27609250766e-05
-2.27609250766e-05
-3.67664200871e-05
0.0
0.0
0.0
0.0
0.0
0.0
0.0
0.0
0.0
0.0
0.0
0.0
0.0
0.0
0.0
0.0
0.0
0.0
0.0
0.0
0.0
0.0
0.0
0.0
0.0
0.0
0.0
0.0
0.0
0.0
0.0
0.0
0.0
0.0
0.0
0.0
0.0
-0.03956663243
0.00544562379956
-0.148250010812
-0.0140513032011
-0.0818042855919
0.00390521037609
0.101025806055
-0.0239198359434
0.00738083733162
-0.0363619480333
-0.0843702845185
0.0341390901367
-0.0348442326075
-0.024799762847
0.0876426956582
-0.000649660700441
0.0
0.0
0.0
0.0
0.0
0.0
0.0
0.0
0.0
0.0
0.0
0.0
0.0
0.0
0.0
0.0
0.0
0.0
0.0
0.0
0.0
0.0
0.0
0.0
0.0
0.0
0.0
0.0
0.0
0.0
0.0
0.0
0.0
0.0
0.0
0.0
0.0
0.0
0.0
0.0
0.0
0.0
0.0
0.0
0.0
0.0
0.0
0.0
0.0
0.0
0.0
0.0
0.0
0.0
0.0
0.0
0.0
0.0
0.0
0.0
0.0
0.0
0.0
0.0
0.0
0.0
0.0
0.0
0.0
0.0
0.0
0.0
0.0
0.0
0.0
0.0
0.0
0.0
0.0
0.0
0.0
0.0
0.0
0.0
0.0
0.0
0.0
0.0
0.0
0.0
0.0
0.0
0.0
0.0
0.0
0.0
0.0
0.0
0.0
0.0
0.0
0.0
0.0
0.0
0.0
0.0
0.0
0.0
0.0
0.0
0.0
0.0
0.0
0.0
0.0
0.0
0.0
0.0
0.0
0.0
0.0
0.0
0.0
0.0
0.0
0.0
0.0
0.0
0.0
0.0
0.0
0.0
0.0
0.0
0.0
0.0
0.0
0.0
0.0
0.0
0.0
0.0
0.0
0.0
-0.000155299094498
0.0
0.0
0.0
0.0
0.0
-0.000298704280914
-0.000173329354695
0.0
0.0
0.0
0.0
0.0
0.0
0.0
0.0
0.0
0.0
0.0
0.0
0.0
0.0
0.0
-0.000118694621815
0.0
0.0
0.0
0.0
0.0
0.0
0.0
0.0
0.116611475138
-0.00628271359544
0.0225028126318
0.105187649416
-0.00624182687394
-0.00455389674495
-0.00627344280942
0.0415828532562
-0.0311388041142
0.11148695712
0.116718759551
0.0224222565447
0.0
0.0
0.0
0.0
0.117184247619
-0.00517601452964
0.101657480517
0.00224898443771
0.11101584386
-0.0344764446695
-0.00374138733482
0.0381324354658
-0.0311388041142
0.11148695712
0.116718759551
0.0224222565447
0.0
0.0
0.0
0.0
0.0
0.0
0.0
0.0
0.0
0.0
0.0
0.0
0.0219414326499
0.0393889815644
0.0377172756857
0.0
0.0
0.0
0.0
0.0
-0.0323805652153
-0.00590360663921
0.0134944592183
0.0134944592183
0.0134944592183
0.0
0.0134944592183
0.0
0.0134944592183
0.0134944592183
0.0104663245238
0.0
0.0
0.0
0.0
0.0
0.0
0.0
0.0
0.0
0.0
0.0
0.0
0.0
0.0
0.0
0.0
0.0
0.0
0.0
0.0
0.0
-0.000133271733145
-0.000989216413303
-0.000989216413303
-0.000989216413303
-0.000989216413303
-0.000989216413303
-0.000989216413303
-0.000989216413303
0.0
-0.000948842896102
0.000548375082043
1.15033838166e-05
-6.00475186302e-05
0.000290685311391
-0.00035597175657
-0.000160047426267
-0.0461754839002
0.107010810423
0.111189782414
0.00186296306258
0.0428335302182
-0.00141820678028
-0.00201795658469
0.0
-0.103585945994
-0.122058049252
-0.122089017561
-0.108598260517
0.00656722712346
0.00670044483767
0.0196180447517
0.0
-0.014655250196
-0.111096934868
-0.0245098538703
0.00688704419664
-0.00661345655443
0.00263523450863
0.00263523450863
-0.00543536632972
0.114985832095
-0.0349520678129
-0.0323874099047
0.11026247167
-0.00193378310017
0.0
0.0
0.0
-0.0324058185159
-0.0321861934867
-0.0321340554215
-0.122183497693
0.0
0.0
0.0
0.0
0.00962917839076
0.0124822329296
0.0433718474654
-0.0833434124864
0.00460171560477
0.0
0.0
0.0
-0.0324189191321
-0.0323715067845
-0.0323682074021
-0.00510638781741
0.0
0.0
0.0
0.0
0.0
0.110502656433
-0.044360692397
0.00089166676352
0.0
0.0
0.0
0.0
0.0
-0.0223721498796
-0.0235595521295
0.0
0.0
0.0
0.0
0.0
0.0394325245042
-0.120051045573
-0.0101066580449
-0.123405368362
0.0375288857894
0.0859585529985
-0.0674315075016
1.43651465642e-05
0.0189319424901
-0.00499354271195
-0.103383168991
0.0100724988765
-0.0346589082039
0.0912209704589
2.95985879114e-05
0.0
0.0202826337283
-0.0323805652153
0.00189813709769
0.00928945159047
0.0284572995847
-0.100103384694
0.00103176312439
-0.0370021185174
-8.0824335395e-05
-8.0824335395e-05
0.0
0.0
0.0
0.0
0.0
0.0
-0.000844427704593
-0.000549915493688
-0.000487234216958
0.000433692907782
0.0
0.0
0.0
0.0
0.00765978834241
0.00938670105907
0.0240330912603
0.0
0.0
0.0
0.0
0.0
0.0
0.0
0.0
0.0
0.0
0.0
-9.30959026211e-06
0.0
0.0
0.0
0.0
0.0
0.0
0.0
0.0
0.0
-0.0461754839002
0.107010810423
0.111189782414
0.00186296306258
0.0428335302182
-0.00141820678028
-0.00201795658469
0.0
0.00148135724987
-0.00631237150238
-0.00423924379407
2.57072025663e-05
0.115654392406
-0.0323805652153
0.0
0.0
0.0
0.0
0.0
0.0134944592183
0.00163832589483
0.0
0.0
0.0
0.0
0.0
-0.000701531706125
0.0
-0.000118694621815
-0.000118694621815
0.0
0.0
0.0
0.0
0.0
0.0
0.0
0.0
0.0
0.0
0.0
0.0
0.0
0.0
0.0
0.0
0.0
0.0
0.0
0.0
0.0
0.0
0.0
0.0
0.0
0.0
-0.046248267035
0.0865081194565
-0.0321399800652
-0.0226813313961
0.0127255602727
0.0
0.0
0.0
0.0
0.0
0.0
0.0
0.0
0.0
-1.47205599555e-05
-0.00584299451071
0.0
0.0
0.0
0.0
0.0
0.0
0.0
0.0
0.0
0.0
0.0
0.0
0.0
0.0
0.0
0.0
0.0
0.0
0.0
0.0
0.0
0.0
0.0
0.0
-0.000239239530909
-0.000244280037866
0.0
0.0
0.0
0.0
0.0
0.0
0.0
0.0
0.0
0.0
0.0
0.0
0.0
0.0
0.0
0.0
0.0
0.0
-0.000226538095158
-0.000407555225873
-0.000249287810155
0.0
-4.24205820539e-05
0.0
0.0
0.0
0.0
0.0
0.0
0.0
0.0
-0.00040017660207
-0.000459080814576
0.0
0.0
0.0
0.0
0.0
0.0
0.0
0.0
0.0
0.0
0.0
0.0
0.0
-3.9428554274e-05
-8.10272647925e-05
5.22119999818e-06
0.000215431558714
-0.00023546499944
0.0
0.0
0.0
-6.65245311207e-05
-6.86548325167e-05
-8.56073283126e-05
-0.00011128646253
-0.000102657406184
-5.2909675247e-05
-9.66764380185e-05
-5.791102556e-05
0.0
0.0
0.0
0.0
0.0
0.0
0.0
0.0
0.0
0.0
0.0
0.0
0.0
0.0
0.0
0.0
0.0
0.0
0.0
0.0
0.0
0.0
0.0
0.0
0.0
0.0
0.0
0.0
0.0
0.0
0.0
0.0
0.0
0.0
0.0
0.0
0.0
0.0
0.0
0.0
0.0
0.0
0.0
0.0
0.0
0.0
0.0
0.0
0.0
0.0
0.0
0.0
0.0
0.0
0.0
0.0
0.0
0.0
0.0
0.0
0.0
0.0
0.0
0.0
0.0
0.0
0.0
0.0
0.0
0.0
0.0
0.0
0.0
0.0
0.0
0.0
0.0
0.0
0.0
0.0
0.0
0.0
0.0
0.0
-9.077495804e-05
0.0
-0.000228308085113
0.0
0.0
0.0
0.0
0.0
0.0
0.0
0.0
0.0
0.0
-0.000282118991597
-0.000282118991597
-0.000282118991597
0.0
0.0
0.0
0.0
0.0
-0.000205766607265
-0.000207857082906
-0.000204171888924
-8.31177217383e-05
-0.000170476471918
-0.000185539483154
-0.0001808425117
0.0
0.0
0.0
0.0
0.0
0.0
0.0
0.0
0.0
0.0
0.0
0.0
0.0
0.0
0.0
0.0
0.0
0.0
0.0
0.0
0.0
0.0
0.0
0.0
-0.0445054196954
-0.120807784618
-0.146596918166
-0.150628787981
-0.153770988434
0.0
0.0
0.0
0.0
0.0
0.0
0.0
0.0
0.0
0.0
0.0
-0.0381027968312
0.00321257002275
-0.144418464435
-0.0140939798163
-0.0824178145281
0.00450800493525
0.10112796325
-0.023720424641
-0.000296021673309
-0.000106325587083
0.000119461484211
-1.59016963372e-06
0.000243813511425
0.000628108787317
0.0
-4.18692659638e-05
0.0
0.0
0.0
0.0
0.0
0.0
0.0
0.0
0.0
0.0
0.0
0.0
0.0
0.0
0.0
0.0
0.0
0.0
0.0
0.0
0.0
0.0
0.0
0.0
0.0
0.0
0.0
0.0
0.0
0.0
0.0
0.0
0.0
0.0
0.0
0.0
0.0
0.0
0.0
0.0
0.0
0.0
0.0
0.0
0.0
0.0
0.0
0.0
0.0
0.0
0.0
0.0
0.0
0.0
0.0
0.0
0.0
0.0
0.0
0.0
0.0
0.0
0.0
0.0
0.0
0.0
0.0
0.0
0.0
0.0
0.0
0.0
0.0
0.0
0.0
0.0
0.0
0.0
0.0
0.0
0.0
0.0
0.0
0.0
0.0
0.0
0.0
0.0
0.0
0.0
0.0
0.0
0.0
0.0
0.0
0.0
0.0
0.0
0.0
0.0
0.0
0.0
0.0
0.0
0.0
0.0
0.0
0.0
0.0
0.0
0.0
0.0
0.0
0.0
0.0
0.0
0.0
0.0
0.0
0.0
0.0
0.0
0.0
0.0
0.0
0.0
0.0
0.0
0.0
0.0
0.0
0.0
0.0
0.0
0.0
0.0
0.0
0.0
0.0
0.0
0.0
0.0
0.0
0.0
0.0
0.0
0.0
0.0
0.0
0.0
0.0
0.0
0.0
0.0
0.0
0.0
0.0
0.0
0.0
0.0
0.0
0.0
0.0
0.0
0.0
0.0
0.0
0.0
0.0
0.00273957172812
0.00317937965696
0.00175817370662
0.00175817370662
0.0
0.0
0.0
0.0
-0.000758267923744
0.000327490490328
0.0
0.0
0.0
0.0
0.0
0.0
0.0
0.0
0.0
0.0
0.0
0.000767610665078
-0.00621541287074
0.0
0.0
0.0
0.0
0.0
0.0
0.0
0.0
0.0
-0.000234116126979
-0.000134057853909
0.0
0.0
0.0
0.0
0.0
0.0
0.0
0.0
0.0
0.0
0.0
0.0
0.0
0.0
0.0
0.0
0.0
0.0
0.0
0.0
0.0
-3.03693806941e-05
-3.67664200871e-05
-3.67664200871e-05
-3.03693806941e-05
0.0
0.0
0.0
0.0
-3.67664200871e-05
-3.67664200871e-05
-3.03693806941e-05
0.0
0.0
0.0
0.0
0.0
0.0
0.0
0.0
0.0
0.0
0.0
0.0
0.0
0.0
0.0
0.0
0.0
0.0
0.0
0.0
0.0
