0.0
0.0
0.0
0.0
0.0
0.0
0.0
0.0
0.0
0.0
0.0
0.0
0.0
0.0
0.0
0.0
-0.00930256637895
-0.018325162305
0.169758111605
-0.00959032109282
0.109724297961
-0.0191960146742
0.0128414205417
-0.017665149341
-0.0154914884046
-0.00294238898627
0.11346293907
-0.0100266074752
0.0145464699716
-0.0159897176166
0.00454298049395
-0.000207873483988
-4.13590306277e-25
-5.16987882846e-26
-3.23117426779e-27
0.0
0.0
3.94430452611e-31
0.0
-3.08148791102e-33
0.0
0.0
0.0
0.0
0.0
0.0
0.0
0.0
0.0
0.0
0.0
0.0
0.0
0.0
0.0
0.0
0.0
0.0
0.0
0.0
0.0
0.0
0.0
0.0
0.0
0.0
0.0
0.0
0.0
0.0
0.0
0.0
0.0
0.0
0.0
0.0
0.0
0.0
0.0
0.0
0.0
0.0
0.0
0.0
0.0
0.0
0.0
0.0
0.0
0.0
0.0
0.0
0.0
0.0
0.0
0.0
0.0
0.0
0.0
0.0
0.0
0.0
0.0
0.0
0.0
0.0
0.0
0.0
0.0
0.0
0.0
0.0
0.0
0.0
0.0
0.0
0.0
0.0
0.0
0.0
0.0
0.0
0.0
0.0
0.0
0.0
0.0
0.0
0.0
0.0
0.0
0.0
0.0
0.0
0.0
0.0
0.0
0.0
0.0
0.0
0.0
0.0
0.0
0.0
0.0
0.0
0.0
0.0
0.0
0.0
0.0
0.0
0.0
0.0
0.0
0.0
0.0
0.0
0.0
0.0
0.0
0.0
0.0
0.0
0.0
0.0
0.0
0.0
0.0
0.0
0.0
0.0
0.0
0.0
0.0
0.0
0.000269202767492
0.0
0.0
0.0
0.0
0.0
0.000471364516143
0.000269360983413
0.0
0.0
0.0
0.0
0.0
0.0
0.0
0.0
0.0
0.0
0.0
0.0
0.0
0.0
0.0
0.000259607246939
0.0
0.0
0.0
0.0
0.0
0.0
0.0
0.0
-0.0107644253798
-0.0531049286448
-0.0332161079458
0.0220535117018
-0.0359217343994
-0.0394386710128
-0.0359802725018
-0.0597580187745
0.0155040455754
-0.0215879545309
-0.0241028147167
-0.0300584416488
0.0
0.0
0.0
0.0
-0.0241381238291
-0.0389227237595
0.0244758823193
-0.00110941423885
-0.0215848308914
0.0144811869158
0.00334146694546
-0.0673191959184
0.0155040455754
-0.0215879545309
-0.0241028147167
-0.0300584416488
0.0
0.0
0.0
0.0
0.0
0.0
0.0
0.0
0.0
0.0
0.0
0.0
-0.0342003740049
-0.067509511748
-0.00839690673621
0.0
0.0
0.0
0.0
0.0
0.0158561177883
-0.0531897528831
0.00349832320143
0.00349832320143
0.00349832320143
0.0
0.00349832320143
0.0
0.00349832320143
0.00349832320143
-0.0312405482316
0.0
0.0
0.0
0.0
0.0
0.0
0.0
0.0
0.0
0.0
0.0
0.0
0.0
0.0
0.0
0.0
0.0
0.0
0.0
0.0
0.0
0.000120482003842
0.000305187907006
0.000305187907006
0.000305187907006
0.000305187907006
0.000305187907006
0.000305187907006
0.000305187907006
0.0
0.000315147600614
0.000154236991372
7.89632811228e-06
0.000243426159339
0.000214780835386
0.000690835861724
-1.55632084951e-06
0.0873353605142
0.0214002939575
-0.0219878187618
0.00803851743709
-0.0597477124252
0.00128803676974
0.000764034015242
0.0
0.0860208263716
0.110792843559
0.110732843358
0.140335540712
0.0427622618303
-0.0205051190518
-0.0532846080921
0.0
-0.0344839386799
0.143119148303
-0.0166251305428
0.043280235152
-0.0534754871118
0.00142135118723
0.00142135118723
0.00019034768916
-0.0238650773164
0.0172825489001
0.0158196340586
-0.00902998102109
-0.00451529218586
0.0
0.0
0.0
0.0158757919998
0.0157387531484
0.0156445275832
0.110913463236
-0.000356570809349
0.0
0.0
0.0
-0.0107068270027
-0.0146504266296
0.0139836506822
0.0814336270651
-0.016384818354
0.0
0.0
0.0
0.0158382140944
0.0157950338318
0.0157872618218
-0.0392919755677
0.0
0.0
0.0
0.0
0.0
-0.00729957460661
0.0875498830681
-0.000316567131379
0.0
0.0
0.0
0.0
0.0
-0.0135735328486
-0.0141545613771
0.0
0.0
0.0
0.0
0.0
-0.0671619347728
0.123184726457
-0.0273939837009
0.113294252012
-0.00800495148885
0.0205658498292
0.0833921262887
-5.76930015166e-05
-0.0514036158456
0.000326125563759
0.0860480406058
-0.0300458734676
0.0457384469785
0.00199230659271
-0.000479028098074
0.0
-0.0557565059115
0.0158561177883
0.0002352990833
-0.0310847151227
-0.0114495651328
0.0983902383645
0.0445065405979
-0.00381836781619
0.000658472077493
0.000658472077493
0.0
0.0
0.0
0.0
0.0
0.0
0.00297879169582
0.00346056594507
0.00386368291323
0.00432684524897
0.0
0.0
0.0
0.0
-0.000405925206147
-0.00118321292572
-0.00408552447192
0.0
0.0
0.0
0.0
0.0
0.0
0.0
0.0
0.0
0.0
0.0
0.0262059551683
0.0
0.0
0.0
0.0
0.0
0.0
0.0
0.0
0.0
0.0873353605142
0.0214261805204
-0.0219878187618
0.00803851743709
-0.0597477124252
0.00128803676974
0.000764034015242
0.0
-0.00103818662821
-0.0524388073285
0.00129203179381
0.00022101835239
-0.0236802249045
0.0158561177883
0.0
0.0
0.0
0.0
0.0
0.00349832320143
-0.00208172398217
0.0
0.0
0.0
0.0
0.0
0.000120836290037
0.0
0.000259607246939
0.000259607246939
0.0
0.0
0.0
0.0
0.0
0.0
0.0
0.0
0.0
0.0
0.0
0.0
0.0
0.0
0.0
0.0
0.0
0.0
0.000389430554489
0.0
0.0
0.0
0.0
0.0
0.0
0.0
0.0859207188137
0.0205475429188
0.0155233731946
-0.014512119968
-0.0279081523857
0.0
0.0
0.0
0.0
0.0
0.0
0.0
0.0
0.0
0.0
0.035886326873
0.0
0.0
0.0
0.0
0.0
0.0
0.0
0.0
0.0
0.0
0.0
0.0
0.0
0.0
0.0
0.0
0.000389430554489
0.000389430554489
0.000389430554489
0.000389430554489
0.000389430554489
0.000389430554489
0.000389430554489
0.000389430554489
0.000119898657432
0.0
0.0
0.0
0.0
0.0
0.0
0.0
0.0
0.0
0.0
0.0
0.0
0.0
0.0
0.0
0.0
0.0
0.0
0.0
0.000428962340871
0.000434005045801
0.000173820930737
0.0
5.43395826701e-05
0.0
0.0
0.0
0.0
0.0
0.0
0.0
0.0
0.0
0.000799013444399
0.0
0.0
0.0
0.0
0.0
0.0
0.0
0.0
0.0
0.0
0.0
0.0
0.0
0.000166189257211
-3.24179381257e-05
-7.19977546037e-05
0.00013437966278
0.00031103663225
0.0
0.0
0.0
0.000185121937121
0.000153775976686
0.000148718906196
0.000183317353394
0.000185669694934
0.000117788535276
0.000102949202776
0.000151568778615
0.0
0.0
0.0
0.0
0.0
0.0
0.0
0.0
0.0
0.0
0.0
0.0
0.0
0.0
0.0
0.0
0.0
0.0
0.0
0.0
0.0
0.0
0.0
0.0
0.0
0.0
0.0
0.0
0.0
0.0
0.0
0.0
0.0
0.0
0.0
0.0
0.0
0.0
0.0
0.0
0.0
0.0
0.0
0.0
0.0
0.0
0.0
0.0
0.0
0.0
0.0
0.0
0.0
0.0
0.0
0.0
0.0
0.0
0.0
0.0
0.0
0.0
0.0
0.0
0.0
0.0
0.0
0.0
0.0
0.0
0.0
0.0
0.0
0.0
0.0
0.0
0.0
0.0
0.0
0.0
0.0
0.0
0.0
0.0
0.000109811776283
0.0
7.38866997768e-05
0.0
0.0
0.0
0.0
0.0
0.0
0.0
0.0
0.0
0.0
0.00039444501845
0.00039444501845
0.00039444501845
0.0
0.0
0.0
0.0
0.0
0.000344375479617
0.000357546121901
0.000347590267783
0.000333771089875
0.000314932124385
0.000299220911829
0.000230065018154
0.0
0.0
0.0
0.0
0.0
0.0
0.0
0.0
0.0
0.0
0.0
0.0
0.0
0.0
0.0
0.0
0.0
0.0
0.0
0.0
0.0
0.0
0.0
0.0
0.0875649641636
0.123399478348
0.171252898145
0.173499447399
0.177622618435
0.0
0.0
0.0
0.0
0.0
0.0
0.0
0.0
0.0
0.0
0.0
-0.00886824622408
-0.0187358097631
0.165897473726
-0.00940113228497
0.110638177159
-0.0196791540777
0.012899709827
-0.0170159062677
0.000507951107341
-0.000514468045753
-0.000840311774215
-0.00115904029584
-0.00134449807021
-5.06469343028e-05
0.0
-5.03313330941e-05
0.0
0.0
0.0
0.0
0.0
0.0
0.0
0.0
0.0
0.0
0.0
0.0
0.0
0.0
0.0
0.0
0.0
0.0
0.0
0.0
0.0
0.0
0.0
0.0
0.0
0.0
0.0
0.0
0.0
0.0
0.0
0.0
0.0
0.0
0.0
0.0
0.0
0.0
0.0
0.0
0.0
0.000575056348142
0.000308337915892
0.000228257333295
0.0
0.0
0.0
0.0
0.0
0.0
0.0
0.0
0.000361619094699
0.0
0.0
-1.55632084951e-06
0.0
0.0
0.0
0.0
0.0
0.0
0.0
0.0
0.0
0.0
0.0
0.0
0.0
0.0
0.0
0.0
0.0
0.0
0.0
0.0
0.0
0.0
0.0
0.0
0.0
0.0
0.0
0.0
0.0
0.0
0.0
0.0
0.0
0.0
0.0
0.0
0.0
0.0
0.0
0.0
0.0
0.0
0.0
0.0
0.0
0.0
0.0
0.0
0.0
0.0
0.0
0.0
0.0
0.0
0.0
0.0
0.0
0.0
0.0
0.0
0.0
0.0
0.0
0.0
0.0
0.0
0.0
0.0
0.0
0.0
0.0
0.0
0.0
0.0
0.0
0.0
0.0
0.0
0.0
0.0
0.0
0.0
0.0
0.0
0.0
0.0
0.0
0.0
0.0
0.0
0.0
0.0
0.0
0.0
0.0
0.0
0.0
0.0
0.0
0.0
0.0
0.0
0.0
0.0
0.0
0.0
0.0
0.0
0.0
0.0
0.0
0.0
0.0
-0.0017829146868
-0.00331127177035
-0.00329237884155
-0.00329237884155
0.0
0.0
0.0
0.0
-0.00564816302645
-0.00596950334452
-0.00685493178066
-0.00685493178066
0.0
0.0
0.0
0.0
0.0
0.0
0.0
0.0
0.0
0.0
0.00692040412577
0.0
0.0
0.0
0.0
0.0
0.0
0.0
0.0
0.0
0.000545675040686
0.00014377088819
0.0
0.0
0.0
0.0
0.0
0.0
0.0
0.0
0.0
0.0
0.0
0.0
0.0
0.0
0.0
0.0
0.0
0.0
0.0
0.0
0.0
6.64941827849e-05
4.17013347378e-05
4.17013347378e-05
6.64941827849e-05
0.0
0.0
0.0
0.0
4.17013347378e-05
4.17013347378e-05
6.64941827849e-05
0.0
0.0
0.0
0.0
0.0
0.0
0.0
0.0
0.0
0.0
0.0
0.0
0.0
0.0
0.0
0.0
0.0
0.0
0.0
0.0
0.0
0.0
0.0
0.0
0.0
0.0
0.0
0.0
0.0
0.0
0.0
0.0
0.0
0.0
0.0
0.0
0.0
-0.0136220108002
0.163485975763
-0.0224209889045
-0.0089701176475
-0.0145732260515
0.167016402679
-0.0636769235297
0.126188487486
-0.0145176955302
-0.042193479908
-0.0141614634453
0.0555689372352
-0.0407548300422
0.0857196486156
-0.0547863140599
0.00113040925641
0.0
0.0
0.0
0.0
0.0
0.0
0.0
0.0
0.0
0.0
0.0
0.0
0.0
0.0
0.0
0.0
0.0
0.0
0.0
0.0
0.0
0.0
0.0
0.0
0.0
0.0
0.0
0.0
0.0
0.0
0.0
0.0
0.0
0.0
0.0
0.0
0.0
0.0
0.0
0.0
0.0
0.0
0.0
0.0
0.0
0.0
0.0
0.0
0.0
0.0
0.0
0.0
0.0
0.0
0.0
0.0
0.0
0.0
0.0
0.0
0.0
0.0
0.0
0.0
0.0
0.0
0.0
0.0
0.0
0.0
0.0
0.0
0.0
0.0
0.0
0.0
0.0
0.0
0.0
0.0
0.0
0.0
0.0
0.0
0.0
0.0
0.0
0.0
0.0
0.0
0.0
0.0
0.0
0.0
0.0
0.0
0.0
0.0
0.0
0.0
0.0
0.0
0.0
0.0
0.0
0.0
0.0
0.0
0.0
0.0
0.0
0.0
0.0
0.0
0.0
0.0
0.0
0.0
0.0
0.0
0.0
0.0
0.0
0.0
0.0
0.0
0.0
0.0
0.0
0.0
0.0
0.0
0.0
0.0
0.0
0.0
0.0
0.0
0.0
0.0
0.0
0.0
0.0
0.0
0.000289748838178
0.0
0.0
0.0
0.0
0.0
0.000444359597308
0.000318959636894
0.0
0.0
0.0
0.0
0.0
0.0
0.0
0.0
0.0
0.0
0.0
0.0
0.0
0.0
0.0
0.00022150255743
0.0
0.0
0.0
0.0
0.0
0.0
0.0
0.0
-0.0419201851906
0.0154295200184
-0.00894611908505
-0.0670182623388
0.00671562642607
0.00769357004433
0.00671764623806
0.0237890885676
-0.0634206517758
-0.0379002247665
-0.0379811215307
-0.0241488628717
0.0
0.0
0.0
0.0
-0.0382331842789
0.00754473337231
-0.0668667652646
-0.00141020684805
-0.0378007182541
-0.0408323825163
-0.00171938301339
0.021064076716
-0.0634206517758
-0.0379002247665
-0.0379811215307
-0.0241488628717
0.0
0.0
0.0
0.0
0.0
0.0
0.0
0.0
0.0
0.0
0.0
0.0
-0.0114620893523
0.020888337857
0.08399238101
0.0
0.0
0.0
0.0
0.0
-0.0638783097077
0.0157490070357
-0.00208172398217
-0.00208172398217
-0.00208172398217
0.0
-0.00208172398217
0.0
-0.00208172398217
-0.00208172398217
0.143952075037
0.0
0.0
0.0
0.0
0.0
0.0
0.0
0.0
0.0
0.0
0.0
0.0
0.0
0.0
0.0
0.0
0.0
0.0
0.0
0.0
0.0
0.000244433531047
0.000673096974787
0.000673096974787
0.000673096974787
0.000673096974787
0.000673096974787
0.000673096974787
0.000673096974787
0.0
0.00065114721662
-0.000329141411609
-1.6548878217e-05
9.71846099074e-05
-0.00186091211035
0.000547295563682
0.000241410919972
-0.0242182280962
-0.0665564609145
-0.0377085078189
-0.0365732662675
0.0229844203879
0.000362934148901
0.00145737603915
0.0
-0.0221174319314
-0.0158688003759
-0.0159477460688
-0.0367228501257
-0.0547517907706
0.162594165682
0.0440859609488
0.0
-0.00282431095933
-0.0375098505575
0.087148815914
-0.0565476884633
0.0156623543801
0.00019034768916
0.00019034768916
0.00131516680367
-0.0377512279085
-0.0627172871256
-0.0638027178966
-0.0414292562481
0.00515175404214
0.0
0.0
0.0
-0.0633256244012
-0.0634068802439
-0.06342282656
-0.0160343341712
0.0
0.0
0.0
0.0
0.105887466436
0.114834023175
-0.0529363756389
-0.00757160035414
0.0659406343461
0.0
0.0
0.0
-0.0638533452875
-0.063808548013
-0.0638685305637
0.00817935842889
0.0
0.0
0.0
0.0
0.0
-0.0414217268623
-0.0240771574409
-0.000438135072765
0.0
0.0
0.0
0.0
0.0
0.110487670851
0.111015545463
0.0
0.0
0.0
0.0
0.0
0.0205321849219
-0.0210582298437
0.0694964069597
-0.0153676187195
0.0833921262887
-0.0760594951211
-0.009487402406
8.24935575195e-05
0.0424495064889
0.00167314060089
-0.0220292414851
0.140884251244
-0.0124491108844
-0.0541536420014
-0.000163729076363
0.0
0.0453494245977
-0.0638783097077
0.00143423238965
0.143119148303
0.112565213865
-0.0285913789047
-0.0549415521202
-0.0411349672647
0.000111873148226
0.000111873148226
0.0
0.0
0.0
0.0
0.0
0.0
0.000385601385121
0.000542206430483
-0.000114450300042
0.00029526106301
0.0
0.0
0.0
0.0
-0.0023580754671
-0.00317206152256
-0.00767512289368
0.0
0.0
0.0
0.0
0.0
0.0
0.0
0.0
0.0
0.0
0.0
1.82927085084e-05
0.0
0.0
0.0
0.0
0.0
0.0
0.0
0.0
0.0
-0.0242182280962
-0.0665564609145
-0.0377085078189
-0.0365732662675
0.0229844203879
0.000362934148901
0.00145737603915
0.0
-0.00121521239055
0.0168885198976
-3.52743086107e-05
1.4214103383e-07
-0.0378162769662
-0.0638783097077
0.0
0.0
0.0
0.0
0.0
-0.00208172398217
0.00349832320143
0.0
0.0
0.0
0.0
0.0
0.000227427503719
0.0
0.00022150255743
0.00022150255743
0.0
0.0
0.0
0.0
0.0
0.0
0.0
0.0
0.0
0.0
0.0
0.0
0.0
0.0
0.0
0.0
0.0
0.0
0.0
0.0
0.0
0.0
0.0
0.0
0.0
0.0
-0.0242260578109
-0.0763192447337
-0.0633988701408
0.11161243091
0.137837064304
0.0
0.0
0.0
0.0
0.0
0.0
0.0
0.0
0.0
2.89248689834e-05
0.00827126399717
0.0
0.0
0.0
0.0
0.0
0.0
0.0
0.0
0.0
0.0
0.0
0.0
0.0
0.0
0.0
0.0
0.0
0.0
0.0
0.0
0.0
0.0
0.0
0.0
0.00012471293638
0.000119898657432
0.0
0.0
0.0
0.0
0.0
0.0
0.0
0.0
0.0
0.0
0.0
0.0
0.0
0.0
0.0
0.0
0.0
0.0
0.000334076869489
0.000363232064602
0.000434005045801
0.0
-0.00010961549983
0.0
0.0
0.0
0.0
0.0
0.0
0.0
0.0
0.000876668544885
0.000475864323584
0.0
0.0
0.0
0.0
0.0
0.0
0.0
0.0
0.0
0.0
0.0
0.0
0.0
0.000297151931386
-1.35246163e-05
-0.000113093998098
0.000271181709107
6.25691875507e-05
0.0
0.0
0.0
0.000136287572739
0.000139593274256
0.000145945594442
0.000145394674101
0.000130146254097
9.84598994265e-05
7.53558446293e-05
0.000102949202776
0.0
0.0
0.0
0.0
0.0
0.0
0.0
0.0
0.0
0.0
0.0
0.0
0.0
0.0
0.0
0.0
0.0
0.0
0.0
0.0
0.0
0.0
0.0
0.0
0.0
0.0
0.0
0.0
0.0
0.0
0.0
0.0
0.0
0.0
0.0
0.0
0.0
0.0
0.0
0.0
0.0
0.0
0.0
0.0
0.0
0.0
0.0
0.0
0.0
0.0
0.0
0.0
0.0
0.0
0.0
0.0
0.0
0.0
0.0
0.0
0.0
0.0
0.0
0.0
0.0
0.0
0.0
0.0
0.0
0.0
0.0
0.0
0.0
0.0
0.0
0.0
0.0
0.0
0.0
0.0
0.0
0.0
0.0
0.0
0.000174689958255
0.0
8.14250601429e-06
0.0
0.0
0.0
0.0
0.0
0.0
0.0
0.0
0.0
0.0
0.00051821935111
0.00051821935111
0.00051821935111
0.0
0.0
0.0
0.0
0.0
0.000391588336957
0.000393906951512
0.000384492471731
0.00024528071635
0.000271157522557
0.000341743260912
0.000335762701926
0.0
0.0
0.0
0.0
0.0
0.0
0.0
0.0
0.0
0.0
0.0
0.0
0.0
0.0
0.0
0.0
0.0
0.0
0.0
0.0
0.0
0.0
0.0
0.0
-0.0240492773948
-0.0198000798004
-0.0213101417971
-0.0222333064753
-0.0231228704632
0.0
0.0
0.0
0.0
0.0
0.0
0.0
0.0
0.0
0.0
0.0
-0.0125523837356
0.161446248235
-0.0219057635621
-0.00892895074053
-0.0158450396732
0.169805959388
-0.0642347534371
0.126695232071
0.000527682791243
0.000144955049271
-2.81235469534e-06
1.40085189262e-05
-9.28807822711e-05
-0.00134449807021
0.0
6.02941542576e-05
0.0
0.0
0.0
0.0
0.0
0.0
0.0
0.0
0.0
0.0
0.0
0.0
0.0
0.0
0.0
0.0
0.0
0.0
0.0
0.0
0.0
0.0
0.0
0.0
0.0
0.0
0.0
0.0
0.0
0.0
0.0
0.0
0.0
0.0
0.0
0.0
0.0
0.0
0.0
0.0
0.0
0.0
0.0
0.0
0.0
0.0
0.0
0.0
0.0
0.0
0.0
0.0
0.0
0.0
0.0
0.0
0.0
0.0
0.0
0.0
0.0
0.0
0.0
0.0
0.0
0.0
0.0
0.0
0.0
0.0
0.0
0.0
0.0
0.0
0.0
0.0
0.0
0.0
0.0
0.0
0.0
0.0
0.0
0.0
0.0
0.0
0.0
0.0
0.0
0.0
0.0
0.0
0.0
0.0
0.0
0.0
0.0
0.0
0.0
0.0
0.0
0.0
0.0
0.0
0.0
0.0
0.0
0.0
0.0
0.0
0.0
0.0
0.0
0.0
0.0
0.0
0.0
0.0
0.0
0.0
0.0
0.0
0.0
0.0
0.0
0.0
0.0
0.0
0.0
0.0
0.0
0.0
0.0
0.0
0.0
0.0
0.0
0.0
0.0
0.0
0.0
0.0
0.0
0.0
0.0
0.0
0.0
0.0
0.0
0.0
0.0
0.0
0.0
0.0
0.0
0.0
0.0
0.0
0.0
0.0
0.0
0.0
0.0
0.0
0.0
0.0
0.0
0.0
0.0
-0.00488916709541
-0.00620874446778
-0.00463300636399
-0.00463300636399
0.0
0.0
0.0
0.0
-6.51348238246e-05
-0.000360734613079
0.0
0.0
0.0
0.0
0.0
0.0
0.0
0.0
0.0
0.0
0.0
0.0094107956918
0.0132657262244
0.0
0.0
0.0
0.0
0.0
0.0
0.0
0.0
0.0
0.000444173932877
0.000158597969606
0.0
0.0
0.0
0.0
0.0
0.0
0.0
0.0
0.0
0.0
0.0
0.0
0.0
0.0
0.0
0.0
0.0
0.0
0.0
0.0
0.0
5.68430062537e-05
6.64941827849e-05
6.64941827849e-05
5.68430062537e-05
0.0
0.0
0.0
0.0
6.64941827849e-05
6.64941827849e-05
5.68430062537e-05
0.0
0.0
0.0
0.0
0.0
0.0
0.0
0.0
0.0
0.0
0.0
0.0
0.0
0.0
0.0
0.0
0.0
0.0
0.0
0.0
0.0
