0.0
0.0
0.0
0.0
0.0
0.0
0.0
0.0
0.0
0.0
0.0
0.0
0.0
0.0
0.0
0.0
0.0309475251691
0.00763976562753
0.00945259136965
0.0235991065359
0.0112654171118
0.00721893108025
0.0316597067107
0.0185814638568
0.0336991356706
0.043119355152
0.010520863682
0.00647437765045
0.0371305558253
0.014243630831
0.0395908193325
0.00158622252436
0.0
0.0
0.0
0.0
0.0
0.0
0.0
0.0
0.0
0.0
0.0
0.0
0.0
0.0
0.0
0.0
0.0
0.0
0.0
0.0
0.0
0.0
0.0
0.0
0.0
0.0
0.0
0.0
0.0
0.0
0.0
0.0
0.0
0.0
0.0
0.0
0.0
0.0
0.0
0.0
0.0
0.0
0.0
0.0
0.0
0.0
0.0
0.0
0.0
0.0
0.0
0.0
0.0
0.0
0.0
0.0
0.0
0.0
0.0
0.0
0.0
0.0
0.0
0.0
0.0
0.0
0.0
0.0
0.0
0.0
0.0
0.0
0.0
0.0
0.0
0.0
0.0
0.0
0.0
0.0
0.0
0.0
0.0
0.0
0.0
0.0
0.0
0.0
0.0
0.0
0.0
0.0
0.0
0.0
0.0
0.0
0.0
0.0
0.0
0.0
0.0
0.0
0.0
0.0
0.0
0.0
0.0
0.0
0.0
0.0
0.0
0.0
0.0
0.0
0.0
0.0
0.0
0.0
0.0
0.0
0.0
0.0
0.0
0.0
0.0
0.0
0.0
0.0
0.0
0.0
0.0
0.0
0.0
0.0
0.0
0.0
0.0
0.0
0.0
0.0
0.0
0.0
0.0
0.0
0.00945259136965
0.0
0.0
0.0
0.0
0.0
0.0321452850345
0.00954970703441
0.0
0.0
0.0
0.0
0.0
0.0
0.0
0.0
0.0
0.0
0.0
0.0
0.0
0.0
0.0
0.00521187400861
0.0
0.0
0.0
0.0
0.0
0.0
0.0
0.0
0.0291670713153
0.0372276714901
0.0237285940889
0.0258975106018
0.0366773493898
0.0328250946878
0.0364183742838
0.0162830597909
0.0466155190832
0.0335372762293
0.0314007316047
0.0226603217766
0.0
0.0
0.0
0.0
0.0311417564987
0.0333106730116
0.0255737917193
0.000258975106018
0.0336991356706
0.0366449775015
0.00492052701434
0.0301058560746
0.0466155190832
0.0335372762293
0.0314007316047
0.0226603217766
0.0
0.0
0.0
0.0
0.0
0.0
0.0
0.0
0.0
0.0
0.0
0.0
0.0209446116992
0.0295879058625
0.011168301447
0.0
0.0
0.0
0.0
0.0
0.0463889158655
0.0368715807193
0.000161859441261
0.000161859441261
0.000161859441261
0.0
0.000161859441261
0.0
0.000161859441261
0.000161859441261
0.00394937036677
0.0
0.0
0.0
0.0
0.0
0.0
0.0
0.0
0.0
0.0
0.0
0.0
0.0
0.0
0.0
0.0
0.0
0.0
0.0
0.0
0.0
0.00165096630086
0.0304295749571
0.0304295749571
0.0304295749571
0.0304295749571
0.0304295749571
0.0304295749571
0.0304295749571
0.0
0.0302677155158
0.000129487553009
9.71156647567e-05
0.00126250364184
0.000356090770775
0.0329222103525
0.00708944352724
0.00356090770775
0.025800394937
0.033116441682
0.0316273348224
0.0159593409084
0.00126250364184
0.00113301608883
0.0
0.017448447768
0.0234048752064
0.0234372470946
0.0057621961089
0.00802822828656
0.00683046842122
0.00560033666764
0.0
0.0336991356706
0.00550322100288
0.014373118384
0.00731604674501
0.0368715807193
0.000971156647567
0.000971156647567
0.00123013175359
0.0318539380402
0.0470687255188
0.0464860315302
0.0318539380402
0.00119775986533
0.0
0.0
0.0
0.0469068660775
0.0466478909715
0.0470039817423
0.0233725033181
3.23718882522e-05
0.0
0.0
0.0
0.00534136156162
0.00951733514616
0.0318539380402
0.0262859732608
0.0064420057622
0.0
0.0
0.0
0.0464212877537
0.0464860315302
0.046453659642
0.0325013758053
0.0
0.0
0.0
0.0
0.0
0.0314978472694
0.00362565148425
0.000841669094558
0.0
0.0
0.0
0.0
0.0
0.0191317859571
0.0188728108511
0.0
0.0
0.0
0.0
0.0
0.02926418698
0.0210740992522
0.0190670421806
0.0233077595416
0.0110064420058
0.0394289598912
0.0168333818912
0.000744553429802
0.00602117121492
0.00220128840115
0.017448447768
0.00398174225503
0.00997054158169
0.0380369686964
0.000841669094558
0.0
0.00514713023211
0.0463889158655
0.000194231329513
0.00372276714901
0.00738079052151
0.0160888284614
0.0100352853582
0.0405943478683
3.23718882522e-05
3.23718882522e-05
0.0
0.0
0.0
0.0
0.0
0.0
0.00194231329513
0.00190994140688
0.00174808196562
0.0014891068596
0.0
0.0
0.0
0.0
0.0227574374413
0.0235019908711
0.0276455925674
0.0
0.0
0.0
0.0
0.0
0.0
0.0
0.0
0.0
0.0
0.0
6.47437765045e-05
0.0
0.0
0.0
0.0
0.0
0.0
0.0
0.0
0.0
0.00356090770775
0.0257680230488
0.033116441682
0.0316273348224
0.0159593409084
0.00126250364184
0.00113301608883
0.0
0.000323718882522
0.0376161341491
0.00569745233239
0.000323718882522
0.0315949629342
0.0463889158655
0.0
0.0
0.0
0.0
0.0
0.000161859441261
0.000226603217766
0.0
0.0
0.0
0.0
0.0
0.00265449483668
0.0
0.00521187400861
0.00521187400861
0.0
0.0
0.0
0.0
0.0
0.0
0.0
0.0
0.0
0.0
0.0
0.0
0.0
0.0
0.0
0.0
0.0
0.0
0.00971156647567
0.0
0.0
0.0
0.0
0.0
0.0
0.0
0.00372276714901
0.0394289598912
0.0467773785245
0.0192289016218
0.00453206435531
0.0
0.0
0.0
0.0
0.0
0.0
0.0
0.0
0.0
0.0
0.000485578323784
0.0
0.0
0.0
0.0
0.0
0.0
0.0
0.0
0.0
0.0
0.0
0.0
0.0
0.0
0.0
0.0
0.00971156647567
0.00971156647567
0.00971156647567
0.00971156647567
0.00971156647567
0.00971156647567
0.00971156647567
0.00971156647567
0.00971156647567
0.0
0.0
0.0
0.0
0.0
0.0
0.0
0.0
0.0
0.0
0.0
0.0
0.0
0.0
0.0
0.0
0.0
0.0
0.0
0.0388462659027
0.029134699427
0.0194231329513
0.0
0.00534136156162
0.0
0.0
0.0
0.0
0.0
0.0
0.0
0.0
0.0
0.0388462659027
0.0
0.0
0.0
0.0
0.0
0.0
0.0
0.0
0.0
0.0
0.0
0.0
0.0
0.00841669094558
0.000712181541549
0.000517950212036
0.000971156647567
0.000258975106018
0.0
0.0
0.0
0.00349616393124
0.00336667637823
0.00326956071348
0.00330193260173
0.00320481693697
0.00184519763038
0.00139199119485
0.0014891068596
0.0
0.0
0.0
0.0
0.0
0.0
0.0
0.0
0.0
0.0
0.0
0.0
0.0
0.0
0.0
0.0
0.0
0.0
0.0
0.0
0.0
0.0
0.0
0.0
0.0
0.0
0.0
0.0
0.0
0.0
0.0
0.0
0.0
0.0
0.0
0.0
0.0
0.0
0.0
0.0
0.0
0.0
0.0
0.0
0.0
0.0
0.0
0.0
0.0
0.0
0.0
0.0
0.0
0.0
0.0
0.0
0.0
0.0
0.0
0.0
0.0
0.0
0.0
0.0
0.0
0.0
0.0
0.0
0.0
0.0
0.0
0.0
0.0
0.0
0.0
0.0
0.0
0.0
0.0
0.0
0.0
0.0
0.0
0.0
0.00585931177366
0.0
0.000971156647567
0.0
0.0
0.0
0.0
0.0
0.0
0.0
0.0
0.0
0.0
0.0358680521835
0.0358680521835
0.0358680521835
0.0
0.0
0.0
0.0
0.0
0.0209446116992
0.0199410831634
0.0180311417565
0.0159593409084
0.013984655725
0.0125602926419
0.0121394580946
0.0
0.0
0.0
0.0
0.0
0.0
0.0
0.0
0.0
0.0
0.0
0.0
0.0
0.0
0.0
0.0
0.0
0.0
0.0
0.0
0.0
0.0
0.0
0.0
0.00362565148425
0.021689165129
0.00906412871063
0.00883752549286
0.00835194716908
0.0
0.0
0.0
0.0
0.0
0.0
0.0
0.0
0.0
0.0
0.0
0.0321129131462
0.00760739373928
0.0100676572464
0.0242789161892
0.011038813894
0.00689521219773
0.0318863099285
0.0186462076333
0.0357385646305
0.00249263539542
0.00220128840115
0.00200705707164
0.00145673497135
0.00145673497135
0.0
0.00145673497135
0.0
0.0
0.0
0.0
0.0
0.0
0.0
0.0
0.0
0.0
0.0
0.0
0.0
0.0
0.0
0.0
0.0
0.0
0.0
0.0
0.0
0.0
0.0
0.0
0.0
0.0
0.0
0.0
0.0
0.0
0.0
0.0
0.0
0.0
0.0
0.0
0.0
0.0
0.0
0.0
0.0
0.000323718882522
9.71156647567e-05
3.23718882522e-05
0.0
0.0
0.0
0.0
0.0
0.0
0.0
0.0
0.000161859441261
0.0
0.0
0.00708944352724
0.0
0.0
0.0
0.0
0.0
0.0
0.0
0.0
0.0
0.0
0.0
0.0
0.0
0.0
0.0
0.0
0.0
0.0
0.0
0.0
0.0
0.0
0.0
0.0
0.0
0.0
0.0
0.0
0.0
0.0
0.0
0.0
0.0
0.0
0.0
0.0
0.0
0.0
0.0
0.0
0.0
0.0
0.0
0.0
0.0
0.0
0.0
0.0
0.0
0.0
0.0
0.0
0.0
0.0
0.0
0.0
0.0
0.0
0.0
0.0
0.0
0.0
0.0
0.0
0.0
0.0
0.0
0.0
0.0
0.0
0.0
0.0
0.0
0.0
0.0
0.0
0.0
0.0
0.0
0.0
0.0
0.0
0.0
0.0
0.0
0.0
0.0
0.0
0.0
0.0
0.0
0.0
0.0
0.0
0.0
0.0
0.0
0.0
0.0
0.0
0.0
0.0
0.0
0.0
0.0
0.0
0.0
0.0
0.0
0.0
0.0
0.0
0.0
0.00741316240976
0.00683046842122
0.00666860897996
0.00666860897996
0.0
0.0
0.0
0.0
0.000841669094558
0.000517950212036
0.000388462659027
0.000388462659027
0.0
0.0
0.0
0.0
0.0
0.0
0.0
0.0
0.0
0.0
0.000161859441261
0.0
0.0
0.0
0.0
0.0
0.0
0.0
0.0
0.0
0.0354795895245
0.00802822828656
0.0
0.0
0.0
0.0
0.0
0.0
0.0
0.0
0.0
0.0
0.0
0.0
0.0
0.0
0.0
0.0
0.0
0.0
0.0
0.0
0.0
0.000388462659027
0.000161859441261
0.000161859441261
0.000388462659027
0.0
0.0
0.0
0.0
0.000161859441261
0.000161859441261
0.000388462659027
0.0
0.0
0.0
0.0
0.0
0.0
0.0
0.0
0.0
0.0
0.0
0.0
0.0
0.0
0.0
0.0
0.0
0.0
0.0
0.0
0.0
0.0
0.0
0.0
0.0
0.0
0.0
0.0
0.0
0.0
0.0
0.0
0.0
0.0
0.0
0.0
0.0
0.0274837331262
0.0101971447995
0.0102295166877
0.0307209219514
0.0132077304069
0.00977631025218
0.0347674079829
0.0212035868052
0.0398497944385
0.043637305364
0.0126897801949
0.0110711857823
0.0346055485416
0.0174808196562
0.0433135864815
0.00155385063611
0.0
0.0
0.0
0.0
0.0
0.0
0.0
0.0
0.0
0.0
0.0
0.0
0.0
0.0
0.0
0.0
0.0
0.0
0.0
0.0
0.0
0.0
0.0
0.0
0.0
0.0
0.0
0.0
0.0
0.0
0.0
0.0
0.0
0.0
0.0
0.0
0.0
0.0
0.0
0.0
0.0
0.0
0.0
0.0
0.0
0.0
0.0
0.0
0.0
0.0
0.0
0.0
0.0
0.0
0.0
0.0
0.0
0.0
0.0
0.0
0.0
0.0
0.0
0.0
0.0
0.0
0.0
0.0
0.0
0.0
0.0
0.0
0.0
0.0
0.0
0.0
0.0
0.0
0.0
0.0
0.0
0.0
0.0
0.0
0.0
0.0
0.0
0.0
0.0
0.0
0.0
0.0
0.0
0.0
0.0
0.0
0.0
0.0
0.0
0.0
0.0
0.0
0.0
0.0
0.0
0.0
0.0
0.0
0.0
0.0
0.0
0.0
0.0
0.0
0.0
0.0
0.0
0.0
0.0
0.0
0.0
0.0
0.0
0.0
0.0
0.0
0.0
0.0
0.0
0.0
0.0
0.0
0.0
0.0
0.0
0.0
0.0
0.0
0.0
0.0
0.0
0.0
0.0
0.0
0.00945259136965
0.0
0.0
0.0
0.0
0.0
0.0388786377909
0.00954970703441
0.0
0.0
0.0
0.0
0.0
0.0
0.0
0.0
0.0
0.0
0.0
0.0
0.0
0.0
0.0
0.00572982422065
0.0
0.0
0.0
0.0
0.0
0.0
0.0
0.0
0.0316920785989
0.0469392379658
0.0320481693697
0.025670907384
0.0357061927422
0.0317891942637
0.035414845748
0.025411932278
0.0478132789486
0.0369363244958
0.0347350360947
0.0313683597164
0.0
0.0
0.0
0.0
0.0344760609886
0.0323071444757
0.0252177009485
0.00029134699427
0.0371629277136
0.0341199702179
0.00488815512609
0.0402706289858
0.0478132789486
0.0369363244958
0.0347350360947
0.0313683597164
0.0
0.0
0.0
0.0
0.0
0.0
0.0
0.0
0.0
0.0
0.0
0.0
0.0283901459972
0.0396231912207
0.0169628694442
0.0
0.0
0.0
0.0
0.0
0.047619047619
0.046583147195
0.000226603217766
0.000226603217766
0.000226603217766
0.0
0.000226603217766
0.0
0.000226603217766
0.000226603217766
0.00560033666764
0.0
0.0
0.0
0.0
0.0
0.0
0.0
0.0
0.0
0.0
0.0
0.0
0.0
0.0
0.0
0.0
0.0
0.0
0.0
0.0
0.0
0.00220128840115
0.0383606875789
0.0383606875789
0.0383606875789
0.0383606875789
0.0383606875789
0.0383606875789
0.0383606875789
0.0
0.0379398530316
0.000129487553009
9.71156647567e-05
0.00126250364184
0.000356090770775
0.0329545822408
0.00708944352724
0.00592405555016
0.0254766760545
0.0366449775015
0.0370981839371
0.024893982066
0.00126250364184
0.00113301608883
0.0
0.0253795603898
0.0306238062866
0.0306238062866
0.00796348451005
0.00848143472209
0.00974393836392
0.00738079052151
0.0
0.0414683888511
0.00763976562753
0.0174808196562
0.00773688129229
0.0465184034185
0.00123013175359
0.00123013175359
0.00129487553009
0.0351882425302
0.0482664853841
0.0477485351721
0.0343465734356
0.00123013175359
0.0
0.0
0.0
0.0481369978311
0.0478456508368
0.0481693697193
0.0304943187336
0.0
0.0
0.0
0.0
0.00806060017481
0.0124631769771
0.0326956071348
0.0315949629342
0.00864329416335
0.0
0.0
0.0
0.0476514195073
0.0477485351721
0.0476837913956
0.0314654753812
0.0
0.0
0.0
0.0
0.0
0.0341847139944
0.00602117121492
0.000809297206306
0.0
0.0
0.0
0.0
0.0
0.0235667346476
0.0233077595416
0.0
0.0
0.0
0.0
0.0
0.0391699847852
0.0275808487909
0.0211388430287
0.0301058560746
0.0168333818912
0.0438315366935
0.0197144799456
0.000744553429802
0.00796348451005
0.00226603217766
0.0253795603898
0.00569745233239
0.0129811271891
0.0414683888511
0.000776925318054
0.0
0.00689521219773
0.047619047619
0.000258975106018
0.00550322100288
0.010650351235
0.0233725033181
0.0105856074585
0.0411446699686
3.23718882522e-05
3.23718882522e-05
0.0
0.0
0.0
0.0
0.0
0.0
0.00194231329513
0.00190994140688
0.00174808196562
0.0014891068596
0.0
0.0
0.0
0.0
0.0228221812178
0.0236638503124
0.0279693114499
0.0
0.0
0.0
0.0
0.0
0.0
0.0
0.0
0.0
0.0
0.0
6.47437765045e-05
0.0
0.0
0.0
0.0
0.0
0.0
0.0
0.0
0.0
0.00592405555016
0.0254766760545
0.0366449775015
0.0370981839371
0.024893982066
0.00126250364184
0.00113301608883
0.0
0.000323718882522
0.047101097407
0.00569745233239
0.000323718882522
0.0349292674242
0.047619047619
0.0
0.0
0.0
0.0
0.0
0.000226603217766
0.000161859441261
0.0
0.0
0.0
0.0
0.0
0.00265449483668
0.0
0.00572982422065
0.00572982422065
0.0
0.0
0.0
0.0
0.0
0.0
0.0
0.0
0.0
0.0
0.0
0.0
0.0
0.0
0.0
0.0
0.0
0.0
0.0
0.0
0.0
0.0
0.0
0.0
0.0
0.0
0.00602117121492
0.043766792917
0.0479427665016
0.0235667346476
0.00618303065618
0.0
0.0
0.0
0.0
0.0
0.0
0.0
0.0
0.0
0.000161859441261
0.000485578323784
0.0
0.0
0.0
0.0
0.0
0.0
0.0
0.0
0.0
0.0
0.0
0.0
0.0
0.0
0.0
0.0
0.0
0.0
0.0
0.0
0.0
0.0
0.0
0.0
0.00971156647567
0.00971156647567
0.0
0.0
0.0
0.0
0.0
0.0
0.0
0.0
0.0
0.0
0.0
0.0
0.0
0.0
0.0
0.0
0.0
0.0
0.0679809653297
0.029134699427
0.029134699427
0.0
0.00534136156162
0.0
0.0
0.0
0.0
0.0
0.0
0.0
0.0
0.0776925318054
0.0485578323784
0.0
0.0
0.0
0.0
0.0
0.0
0.0
0.0
0.0
0.0
0.0
0.0
0.0
0.00139199119485
0.000517950212036
0.000356090770775
0.000712181541549
0.00103590042407
0.0
0.0
0.0
0.00349616393124
0.00336667637823
0.00323718882522
0.00333430448998
0.00317244504872
0.00161859441261
0.00110064420058
0.00139199119485
0.0
0.0
0.0
0.0
0.0
0.0
0.0
0.0
0.0
0.0
0.0
0.0
0.0
0.0
0.0
0.0
0.0
0.0
0.0
0.0
0.0
0.0
0.0
0.0
0.0
0.0
0.0
0.0
0.0
0.0
0.0
0.0
0.0
0.0
0.0
0.0
0.0
0.0
0.0
0.0
0.0
0.0
0.0
0.0
0.0
0.0
0.0
0.0
0.0
0.0
0.0
0.0
0.0
0.0
0.0
0.0
0.0
0.0
0.0
0.0
0.0
0.0
0.0
0.0
0.0
0.0
0.0
0.0
0.0
0.0
0.0
0.0
0.0
0.0
0.0
0.0
0.0
0.0
0.0
0.0
0.0
0.0
0.0
0.0
0.0058269398854
0.0
0.000971156647567
0.0
0.0
0.0
0.0
0.0
0.0
0.0
0.0
0.0
0.0
0.0359004240717
0.0359004240717
0.0359004240717
0.0
0.0
0.0
0.0
0.0
0.0209769835875
0.0199410831634
0.0179987698682
0.0159593409084
0.0139522838367
0.0125602926419
0.0121070862063
0.0
0.0
0.0
0.0
0.0
0.0
0.0
0.0
0.0
0.0
0.0
0.0
0.0
0.0
0.0
0.0
0.0
0.0
0.0
0.0
0.0
0.0
0.0
0.0
0.00602117121492
0.0281959146677
0.00993816969344
0.00958207892266
0.00903175682238
0.0
0.0
0.0
0.0
0.0
0.0
0.0
0.0
0.0
0.0
0.0
0.0287138648797
0.0102295166877
0.0109416982293
0.0314331034929
0.0129811271891
0.0094202194814
0.0350263830889
0.021171214917
0.035803308407
0.00249263539542
0.00220128840115
0.00200705707164
0.00145673497135
0.00145673497135
0.0
0.00145673497135
0.0
0.0
0.0
0.0
0.0
0.0
0.0
0.0
0.0
0.0
0.0
0.0
0.0
0.0
0.0
0.0
0.0
0.0
0.0
0.0
0.0
0.0
0.0
0.0
0.0
0.0
0.0
0.0
0.0
0.0
0.0
0.0
0.0
0.0
0.0
0.0
0.0
0.0
0.0
0.0
0.0
0.0
0.0
0.0
0.0
0.0
0.0
0.0
0.0
0.0
0.0
0.0
0.0
0.0
0.0
0.0
0.0
0.0
0.0
0.0
0.0
0.0
0.0
0.0
0.0
0.0
0.0
0.0
0.0
0.0
0.0
0.0
0.0
0.0
0.0
0.0
0.0
0.0
0.0
0.0
0.0
0.0
0.0
0.0
0.0
0.0
0.0
0.0
0.0
0.0
0.0
0.0
0.0
0.0
0.0
0.0
0.0
0.0
0.0
0.0
0.0
0.0
0.0
0.0
0.0
0.0
0.0
0.0
0.0
0.0
0.0
0.0
0.0
0.0
0.0
0.0
0.0
0.0
0.0
0.0
0.0
0.0
0.0
0.0
0.0
0.0
0.0
0.0
0.0
0.0
0.0
0.0
0.0
0.0
0.0
0.0
0.0
0.0
0.0
0.0
0.0
0.0
0.0
0.0
0.0
0.0
0.0
0.0
0.0
0.0
0.0
0.0
0.0
0.0
0.0
0.0
0.0
0.0
0.0
0.0
0.0
0.0
0.0
0.0
0.0
0.0
0.0
0.0
0.0
0.000550322100288
0.000485578323784
3.23718882522e-05
3.23718882522e-05
0.0
0.0
0.0
0.0
0.000129487553009
6.47437765045e-05
0.0
0.0
0.0
0.0
0.0
0.0
0.0
0.0
0.0
0.0
0.0
0.000129487553009
0.00103590042407
0.0
0.0
0.0
0.0
0.0
0.0
0.0
0.0
0.0
0.035544333301
0.00806060017481
0.0
0.0
0.0
0.0
0.0
0.0
0.0
0.0
0.0
0.0
0.0
0.0
0.0
0.0
0.0
0.0
0.0
0.0
0.0
0.0
0.0
0.000388462659027
0.000388462659027
0.000388462659027
0.000388462659027
0.0
0.0
0.0
0.0
0.000388462659027
0.000388462659027
0.000388462659027
0.0
0.0
0.0
0.0
0.0
0.0
0.0
0.0
0.0
0.0
0.0
0.0
0.0
0.0
0.0
0.0
0.0
0.0
0.0
0.0
0.0
