1.0
1.0
1.0
1.0
1.0
1.0
1.0
1.0
1.0
1.0
1.0
1.0
1.0
1.0
1.0
1.0
0.173175563678
0.0870712329572
0.0967638356312
0.151796537202
0.105539127763
0.08465706181
0.175092460379
0.135041449406
0.18045360602
0.203125764893
0.102030265654
0.0802026189379
0.189081669258
0.118493669923
0.19499586241
0.0397958091068
1.0
1.0
1.0
1.0
1.0
1.0
1.0
1.0
1.0
1.0
1.0
1.0
1.0
1.0
1.0
1.0
1.0
1.0
1.0
1.0
1.0
1.0
1.0
1.0
1.0
1.0
1.0
1.0
1.0
1.0
1.0
1.0
1.0
1.0
1.0
1.0
1.0
1.0
1.0
1.0
1.0
1.0
1.0
1.0
1.0
1.0
1.0
1.0
1.0
1.0
1.0
1.0
1.0
1.0
1.0
1.0
1.0
1.0
1.0
1.0
1.0
1.0
1.0
1.0
1.0
1.0
1.0
1.0
1.0
1.0
1.0
1.0
1.0
1.0
1.0
1.0
1.0
1.0
1.0
1.0
1.0
1.0
1.0
1.0
1.0
1.0
1.0
1.0
1.0
1.0
1.0
1.0
1.0
1.0
1.0
1.0
1.0
1.0
1.0
1.0
1.0
1.0
1.0
1.0
1.0
1.0
1.0
1.0
1.0
1.0
1.0
1.0
1.0
1.0
1.0
1.0
1.0
1.0
1.0
1.0
1.0
1.0
1.0
1.0
1.0
1.0
1.0
1.0
1.0
1.0
1.0
1.0
1.0
1.0
1.0
1.0
1.0
1.0
1.0
1.0
1.0
1.0
1.0
1.0
0.0967638356312
1.0
1.0
1.0
1.0
1.0
0.176385843209
0.0972548720115
1.0
1.0
1.0
1.0
1.0
1.0
1.0
1.0
1.0
1.0
1.0
1.0
1.0
1.0
1.0
0.0720049330111
1.0
1.0
1.0
1.0
1.0
1.0
1.0
1.0
0.168274636432
0.189319232952
0.152202325578
0.158829561312
0.187968405408
0.178178584141
0.187328791963
0.126561928536
0.210813928534
0.180034794783
0.174398181353
0.148818115811
1.0
1.0
1.0
1.0
0.173700741221
0.179446571645
0.157859978767
0.0160906195627
0.18045360602
0.187888592324
0.0699736766809
0.17087859288
0.210813928534
0.180034794783
0.174398181353
0.148818115811
1.0
1.0
1.0
1.0
1.0
1.0
1.0
1.0
1.0
1.0
1.0
1.0
0.143198934842
0.169447518982
0.105088393697
1.0
1.0
1.0
1.0
1.0
0.210325900332
0.188446457262
0.0127213695325
0.0127213695325
0.0127213695325
1.0
0.0127213695325
1.0
0.0127213695325
0.0127213695325
0.0627197962408
1.0
1.0
1.0
1.0
1.0
1.0
1.0
1.0
1.0
1.0
1.0
1.0
1.0
1.0
1.0
1.0
1.0
1.0
1.0
1.0
1.0
0.0405985296672
0.171766166415
0.171766166415
0.171766166415
0.171766166415
0.171766166415
0.171766166415
0.171766166415
1.0
0.17132303089
0.0113785230141
0.00985424950488
0.0355092907053
0.0188670074505
0.178433008208
0.0838998409874
0.0595670013014
0.158539378572
0.178940612976
0.175005847087
0.12531815649
0.0355092907053
0.0336412301108
1.0
0.130935096282
0.151185604549
0.1512876153
0.0756901129931
0.0892399901229
0.0823639066726
0.0746255512331
1.0
0.18045360602
0.0739792914367
0.119023240806
0.0852204330253
0.188446457262
0.0311482503896
0.0311482503896
0.03505165516
0.175611117733
0.211785883847
0.210535223663
0.175611117733
0.0345879348421
1.0
1.0
1.0
0.211439381366
0.210883534775
0.211647365782
0.151083517985
0.00568953779433
1.0
1.0
1.0
0.0728891721608
0.0970914799448
0.175611117733
0.159984439464
0.0800031644622
1.0
1.0
1.0
0.210395702896
0.210535223663
0.21046547733
0.17732748342
1.0
1.0
1.0
1.0
1.0
0.174658904402
0.060104127442
0.0289993221937
1.0
1.0
1.0
1.0
1.0
0.136988177312
0.136075816594
1.0
1.0
1.0
1.0
1.0
0.168546119328
0.143631408797
0.136760703724
0.150879116801
0.104332642256
0.19461324984
0.128646877713
0.0272763463461
0.0773622434532
0.046866221637
0.130935096282
0.0629752966141
0.0993535599878
0.191285539727
0.0289993221937
1.0
0.0715586282881
0.210325900332
0.013935336512
0.0609008058548
0.0855938926139
0.125817240711
0.0996723552745
0.197348541392
0.00568953779433
0.00568953779433
1.0
1.0
1.0
1.0
1.0
1.0
0.044028862286
0.0436611215008
0.041773510447
0.038560205139
1.0
1.0
1.0
1.0
0.149129260987
0.151491409975
0.163955218822
1.0
1.0
1.0
1.0
1.0
1.0
1.0
1.0
1.0
1.0
1.0
0.00804609127141
1.0
1.0
1.0
1.0
1.0
1.0
1.0
1.0
1.0
0.0595670013014
0.158442519662
0.178940612976
0.175005847087
0.12531815649
0.0355092907053
0.0336412301108
1.0
0.0179892770452
0.190266025871
0.0752661369363
0.0179892770452
0.174919184915
0.210325900332
1.0
1.0
1.0
1.0
1.0
0.0127213695325
0.0150516400684
1.0
1.0
1.0
1.0
1.0
0.0514533623182
1.0
0.0720049330111
0.0720049330111
1.0
1.0
1.0
1.0
1.0
1.0
1.0
1.0
1.0
1.0
1.0
1.0
1.0
1.0
1.0
1.0
1.0
1.0
0.098067588694
1.0
1.0
1.0
1.0
1.0
1.0
1.0
0.0609008058548
0.19461324984
0.211161680669
0.13732862398
0.0671678847962
1.0
1.0
1.0
1.0
1.0
1.0
1.0
1.0
1.0
1.0
0.0220304910857
1.0
1.0
1.0
1.0
1.0
1.0
1.0
1.0
1.0
1.0
1.0
1.0
1.0
1.0
1.0
1.0
0.098067588694
0.098067588694
0.098067588694
0.098067588694
0.098067588694
0.098067588694
0.098067588694
0.098067588694
0.098067588694
1.0
1.0
1.0
1.0
1.0
1.0
1.0
1.0
1.0
1.0
1.0
1.0
1.0
1.0
1.0
1.0
1.0
1.0
1.0
0.193228449065
0.168184032287
0.138006792795
1.0
0.0728891721608
1.0
1.0
1.0
1.0
1.0
1.0
1.0
1.0
1.0
0.193228449065
1.0
1.0
1.0
1.0
1.0
1.0
1.0
1.0
1.0
1.0
1.0
1.0
1.0
0.0913556252188
0.0266772250993
0.022752624895
0.0311482503896
0.0160906195627
1.0
1.0
1.0
0.05902491651
0.0579253128468
0.0570865193037
0.0573674981398
0.0565203156871
0.0429161144104
0.037283421991
0.038560205139
1.0
1.0
1.0
1.0
1.0
1.0
1.0
1.0
1.0
1.0
1.0
1.0
1.0
1.0
1.0
1.0
1.0
1.0
1.0
1.0
1.0
1.0
1.0
1.0
1.0
1.0
1.0
1.0
1.0
1.0
1.0
1.0
1.0
1.0
1.0
1.0
1.0
1.0
1.0
1.0
1.0
1.0
1.0
1.0
1.0
1.0
1.0
1.0
1.0
1.0
1.0
1.0
1.0
1.0
1.0
1.0
1.0
1.0
1.0
1.0
1.0
1.0
1.0
1.0
1.0
1.0
1.0
1.0
1.0
1.0
1.0
1.0
1.0
1.0
1.0
1.0
1.0
1.0
1.0
1.0
1.0
1.0
1.0
1.0
0.0763215581549
1.0
0.0311482503896
1.0
1.0
1.0
1.0
1.0
1.0
1.0
1.0
1.0
1.0
0.185961111569
0.185961111569
0.185961111569
1.0
1.0
1.0
1.0
1.0
0.143198934842
0.139797841062
0.133063968389
0.12531815649
0.11742693528
0.111366654303
0.109508409046
1.0
1.0
1.0
1.0
1.0
1.0
1.0
1.0
1.0
1.0
1.0
1.0
1.0
1.0
1.0
1.0
1.0
1.0
1.0
1.0
1.0
1.0
1.0
1.0
0.060104127442
0.145666554998
0.0947732572055
0.0935917925677
0.0910065500256
1.0
1.0
1.0
1.0
1.0
1.0
1.0
1.0
1.0
1.0
1.0
0.176299954497
0.086887981331
0.0998313554151
0.15391377592
0.104484249922
0.082750638949
0.175697390896
0.135272046537
0.185637602949
0.0498640367821
0.046866221637
0.0447552096806
0.0381393877058
0.0381393877058
1.0
0.0381393877058
1.0
1.0
1.0
1.0
1.0
1.0
1.0
1.0
1.0
1.0
1.0
1.0
1.0
1.0
1.0
1.0
1.0
1.0
1.0
1.0
1.0
1.0
1.0
1.0
1.0
1.0
1.0
1.0
1.0
1.0
1.0
1.0
1.0
1.0
1.0
1.0
1.0
1.0
1.0
1.0
1.0
0.0179892770452
0.00985424950488
0.00568953779433
1.0
1.0
1.0
1.0
1.0
1.0
1.0
1.0
0.0127213695325
1.0
1.0
0.0838998409874
1.0
1.0
1.0
1.0
1.0
1.0
1.0
1.0
1.0
1.0
1.0
1.0
1.0
1.0
1.0
1.0
1.0
1.0
1.0
1.0
1.0
1.0
1.0
1.0
1.0
1.0
1.0
1.0
1.0
1.0
1.0
1.0
1.0
1.0
1.0
1.0
1.0
1.0
1.0
1.0
1.0
1.0
1.0
1.0
1.0
1.0
1.0
1.0
1.0
1.0
1.0
1.0
1.0
1.0
1.0
1.0
1.0
1.0
1.0
1.0
1.0
1.0
1.0
1.0
1.0
1.0
1.0
1.0
1.0
1.0
1.0
1.0
1.0
1.0
1.0
1.0
1.0
1.0
1.0
1.0
1.0
1.0
1.0
1.0
1.0
1.0
1.0
1.0
1.0
1.0
1.0
1.0
1.0
1.0
1.0
1.0
1.0
1.0
1.0
1.0
1.0
1.0
1.0
1.0
1.0
1.0
1.0
1.0
1.0
1.0
1.0
1.0
1.0
0.0857799943626
0.0823639066726
0.0813888114807
0.0813888114807
1.0
1.0
1.0
1.0
0.0289993221937
0.022752624895
0.0197056275157
0.0197056275157
1.0
1.0
1.0
1.0
1.0
1.0
1.0
1.0
1.0
1.0
0.0127213695325
1.0
1.0
1.0
1.0
1.0
1.0
1.0
1.0
1.0
0.184988616546
0.0892399901229
1.0
1.0
1.0
1.0
1.0
1.0
1.0
1.0
1.0
1.0
1.0
1.0
1.0
1.0
1.0
1.0
1.0
1.0
1.0
1.0
1.0
0.0197056275157
0.0127213695325
0.0127213695325
0.0197056275157
1.0
1.0
1.0
1.0
0.0127213695325
0.0127213695325
0.0197056275157
1.0
1.0
1.0
1.0
1.0
1.0
1.0
1.0
1.0
1.0
1.0
1.0
1.0
1.0
1.0
1.0
1.0
1.0
1.0
1.0
1.0
1.0
1.0
1.0
1.0
1.0
1.0
1.0
1.0
1.0
1.0
1.0
1.0
1.0
1.0
1.0
1.0
0.163488157185
0.100464735293
0.100622431277
0.172560560111
0.114163419117
0.0983907211582
0.183190161649
0.144062468089
0.195606207268
0.204286786025
0.11193189748
0.104635627908
0.182778566992
0.131054342165
0.203562078265
0.0393882747059
1.0
1.0
1.0
1.0
1.0
1.0
1.0
1.0
1.0
1.0
1.0
1.0
1.0
1.0
1.0
1.0
1.0
1.0
1.0
1.0
1.0
1.0
1.0
1.0
1.0
1.0
1.0
1.0
1.0
1.0
1.0
1.0
1.0
1.0
1.0
1.0
1.0
1.0
1.0
1.0
1.0
1.0
1.0
1.0
1.0
1.0
1.0
1.0
1.0
1.0
1.0
1.0
1.0
1.0
1.0
1.0
1.0
1.0
1.0
1.0
1.0
1.0
1.0
1.0
1.0
1.0
1.0
1.0
1.0
1.0
1.0
1.0
1.0
1.0
1.0
1.0
1.0
1.0
1.0
1.0
1.0
1.0
1.0
1.0
1.0
1.0
1.0
1.0
1.0
1.0
1.0
1.0
1.0
1.0
1.0
1.0
1.0
1.0
1.0
1.0
1.0
1.0
1.0
1.0
1.0
1.0
1.0
1.0
1.0
1.0
1.0
1.0
1.0
1.0
1.0
1.0
1.0
1.0
1.0
1.0
1.0
1.0
1.0
1.0
1.0
1.0
1.0
1.0
1.0
1.0
1.0
1.0
1.0
1.0
1.0
1.0
1.0
1.0
1.0
1.0
1.0
1.0
1.0
1.0
0.0967638356312
1.0
1.0
1.0
1.0
1.0
0.193305688779
0.0972548720115
1.0
1.0
1.0
1.0
1.0
1.0
1.0
1.0
1.0
1.0
1.0
1.0
1.0
1.0
1.0
0.0754784296011
1.0
1.0
1.0
1.0
1.0
1.0
1.0
1.0
0.175179024866
0.211508737183
0.176128033572
0.158151547252
0.185556623547
0.175438426212
0.184825957183
0.157372697683
0.213370966405
0.188605494163
0.183107928179
0.174311174986
1.0
1.0
1.0
1.0
0.182448519334
0.176814572057
0.156785740765
0.0170664029953
0.189160895846
0.181537318065
0.0697442547136
0.196593248681
0.213370966405
0.188605494163
0.183107928179
0.174311174986
1.0
1.0
1.0
1.0
1.0
1.0
1.0
1.0
1.0
1.0
1.0
1.0
0.16608475429
0.195072278754
0.129132221016
1.0
1.0
1.0
1.0
1.0
0.212958855
0.210744294329
0.0150516400684
0.0150516400684
0.0150516400684
1.0
0.0150516400684
1.0
0.0150516400684
0.0150516400684
0.0746255512331
1.0
1.0
1.0
1.0
1.0
1.0
1.0
1.0
1.0
1.0
1.0
1.0
1.0
1.0
1.0
1.0
1.0
1.0
1.0
1.0
1.0
0.046866221637
0.1920654712
0.1920654712
0.1920654712
0.1920654712
0.1920654712
0.1920654712
0.1920654712
1.0
0.19105083246
0.0113785230141
0.00985424950488
0.0355092907053
0.0188670074505
0.17851772391
0.0838998409874
0.0767395668218
0.1575678109
0.187888592324
0.189002403915
0.155802027339
0.0355092907053
0.0336412301108
1.0
0.157275040309
0.172296223914
0.172296223914
0.0888823234648
0.0917033259328
0.0982292931313
0.0855938926138
1.0
0.199370914572
0.0870712329572
0.131054342165
0.0876186165159
0.210604941922
0.03505165516
0.03505165516
0.0359610737806
0.184255339455
0.214328793616
0.213233704092
0.182117781474
0.03505165516
1.0
1.0
1.0
0.214055663954
0.213439557095
0.214123986373
0.171943058187
1.0
1.0
1.0
1.0
0.089418269384
0.110940732812
0.177838703349
0.174919184915
0.092566665865
1.0
1.0
1.0
0.213027607897
0.213233704092
0.213096333694
0.174572045987
1.0
1.0
1.0
1.0
1.0
0.181703382807
0.0773622434532
0.0284366356016
1.0
1.0
1.0
1.0
1.0
0.151694903229
0.150879116801
1.0
1.0
1.0
1.0
1.0
0.193999219269
0.163768573209
0.14384711448
0.17087859288
0.128646877713
0.204720133559
0.139017334265
0.0272763463461
0.0888823234648
0.047548893529
0.157275040309
0.0752661369363
0.113192833369
0.199370914572
0.0278625502261
1.0
0.082750638949
0.212958855
0.0160906195627
0.0739792914367
0.102649506835
0.151083517985
0.102340375088
0.198624736883
0.00568953779433
0.00568953779433
1.0
1.0
1.0
1.0
1.0
1.0
0.044028862286
0.0436611215008
0.041773510447
0.038560205139
1.0
1.0
1.0
1.0
0.149336295864
0.151999580594
0.164884896418
1.0
1.0
1.0
1.0
1.0
1.0
1.0
1.0
1.0
1.0
1.0
0.00804609127141
1.0
1.0
1.0
1.0
1.0
1.0
1.0
1.0
1.0
0.0767395668218
0.1575678109
0.187888592324
0.189002403915
0.155802027339
0.0355092907053
0.0336412301108
1.0
0.0179892770452
0.211855101496
0.0752661369363
0.0179892770452
0.183600690907
0.212958855
1.0
1.0
1.0
1.0
1.0
0.0150516400684
0.0127213695325
1.0
1.0
1.0
1.0
1.0
0.0514533623182
1.0
0.0754784296011
0.0754784296011
1.0
1.0
1.0
1.0
1.0
1.0
1.0
1.0
1.0
1.0
1.0
1.0
1.0
1.0
1.0
1.0
1.0
1.0
1.0
1.0
1.0
1.0
1.0
1.0
1.0
1.0
0.0773622434532
0.204575806866
0.213645167607
0.151694903229
0.0783887797334
1.0
1.0
1.0
1.0
1.0
1.0
1.0
1.0
1.0
0.0127213695325
0.0220304910857
1.0
1.0
1.0
1.0
1.0
1.0
1.0
1.0
1.0
1.0
1.0
1.0
1.0
1.0
1.0
1.0
1.0
1.0
1.0
1.0
1.0
1.0
1.0
1.0
0.098067588694
0.098067588694
1.0
1.0
1.0
1.0
1.0
1.0
1.0
1.0
1.0
1.0
1.0
1.0
1.0
1.0
1.0
1.0
1.0
1.0
0.251713237003
0.168184032287
0.168184032287
1.0
0.0728891721608
1.0
1.0
1.0
1.0
1.0
1.0
1.0
1.0
0.267687135117
0.214941781171
1.0
1.0
1.0
1.0
1.0
1.0
1.0
1.0
1.0
1.0
1.0
1.0
1.0
0.037283421991
0.022752624895
0.0188670074505
0.0266772250993
0.0321687322471
1.0
1.0
1.0
0.05902491651
0.0579253128468
0.0568041321889
0.0576470892895
0.0562350481562
0.0401991861203
0.0331576956817
0.037283421991
1.0
1.0
1.0
1.0
1.0
1.0
1.0
1.0
1.0
1.0
1.0
1.0
1.0
1.0
1.0
1.0
1.0
1.0
1.0
1.0
1.0
1.0
1.0
1.0
1.0
1.0
1.0
1.0
1.0
1.0
1.0
1.0
1.0
1.0
1.0
1.0
1.0
1.0
1.0
1.0
1.0
1.0
1.0
1.0
1.0
1.0
1.0
1.0
1.0
1.0
1.0
1.0
1.0
1.0
1.0
1.0
1.0
1.0
1.0
1.0
1.0
1.0
1.0
1.0
1.0
1.0
1.0
1.0
1.0
1.0
1.0
1.0
1.0
1.0
1.0
1.0
1.0
1.0
1.0
1.0
1.0
1.0
1.0
1.0
0.0761116722782
1.0
0.0311482503896
1.0
1.0
1.0
1.0
1.0
1.0
1.0
1.0
1.0
1.0
0.186041886744
0.186041886744
0.186041886744
1.0
1.0
1.0
1.0
1.0
0.143307186655
0.139797841062
0.132946659046
0.12531815649
0.117292871107
0.111366654303
0.109364092233
1.0
1.0
1.0
1.0
1.0
1.0
1.0
1.0
1.0
1.0
1.0
1.0
1.0
1.0
1.0
1.0
1.0
1.0
1.0
1.0
1.0
1.0
1.0
1.0
0.0773622434532
0.165532187395
0.0991937622867
0.0974179792758
0.0946054131172
1.0
1.0
1.0
1.0
1.0
1.0
1.0
1.0
1.0
1.0
1.0
0.167001134258
0.100622431277
0.104028733863
0.174485138329
0.113192833369
0.0965995804666
0.183846500039
0.143954835195
0.18579943895
0.0498640367821
0.046866221637
0.0447552096806
0.0381393877058
0.0381393877058
1.0
0.0381393877058
1.0
1.0
1.0
1.0
1.0
1.0
1.0
1.0
1.0
1.0
1.0
1.0
1.0
1.0
1.0
1.0
1.0
1.0
1.0
1.0
1.0
1.0
1.0
1.0
1.0
1.0
1.0
1.0
1.0
1.0
1.0
1.0
1.0
1.0
1.0
1.0
1.0
1.0
1.0
1.0
1.0
1.0
1.0
1.0
1.0
1.0
1.0
1.0
1.0
1.0
1.0
1.0
1.0
1.0
1.0
1.0
1.0
1.0
1.0
1.0
1.0
1.0
1.0
1.0
1.0
1.0
1.0
1.0
1.0
1.0
1.0
1.0
1.0
1.0
1.0
1.0
1.0
1.0
1.0
1.0
1.0
1.0
1.0
1.0
1.0
1.0
1.0
1.0
1.0
1.0
1.0
1.0
1.0
1.0
1.0
1.0
1.0
1.0
1.0
1.0
1.0
1.0
1.0
1.0
1.0
1.0
1.0
1.0
1.0
1.0
1.0
1.0
1.0
1.0
1.0
1.0
1.0
1.0
1.0
1.0
1.0
1.0
1.0
1.0
1.0
1.0
1.0
1.0
1.0
1.0
1.0
1.0
1.0
1.0
1.0
1.0
1.0
1.0
1.0
1.0
1.0
1.0
1.0
1.0
1.0
1.0
1.0
1.0
1.0
1.0
1.0
1.0
1.0
1.0
1.0
1.0
1.0
1.0
1.0
1.0
1.0
1.0
1.0
1.0
1.0
1.0
1.0
1.0
1.0
0.0234524891189
0.0220304910856
0.00568953779433
0.00568953779433
1.0
1.0
1.0
1.0
0.0113785230141
0.00804609127141
1.0
1.0
1.0
1.0
1.0
1.0
1.0
1.0
1.0
1.0
1.0
0.0113785230141
0.0321687322471
1.0
1.0
1.0
1.0
1.0
1.0
1.0
1.0
1.0
0.18515111037
0.089418269384
1.0
1.0
1.0
1.0
1.0
1.0
1.0
1.0
1.0
1.0
1.0
1.0
1.0
1.0
1.0
1.0
1.0
1.0
1.0
1.0
1.0
0.0197056275157
0.0197056275157
0.0197056275157
0.0197056275157
1.0
1.0
1.0
1.0
0.0197056275157
0.0197056275157
0.0197056275157
1.0
1.0
1.0
1.0
1.0
1.0
1.0
1.0
1.0
1.0
1.0
1.0
1.0
1.0
1.0
1.0
1.0
1.0
1.0
1.0
1.0
