0 0 18.425
1 0 4.825
2 0 1.425
3 0 2.875
4 0 7.125
5 0 2
6 0 1.375
7 0 2.3
8 0 12.5
9 0 3.15
10 0 0.025
11 0 0.5
12 0 3.7
13 0 0.55
14 0 0.1
15 0 0.675
0 1 12.75
1 1 5.025
2 1 1.375
3 1 7.45
4 1 12.75
5 1 2.05
6 1 1.55
7 1 0.925
8 1 7.75
9 1 2.725
10 1 0
11 1 0.65
12 1 8.275
13 1 1.05
14 1 0.8
15 1 0.55
0 2 19.225
1 2 4.3
2 2 2
3 2 0.225
4 2 9.675
5 2 1.275
6 2 1.45
7 2 0.625
8 2 15.675
9 2 2.95
10 2 0
11 2 1.15
12 2 7.2
13 2 0.525
14 2 0.875
15 2 0.175
0 3 18.175
1 3 1
2 3 0
3 3 19.175
4 3 16.7
5 3 1.35
6 3 1.775
7 3 0.9
8 3 16.3
9 3 0.55
10 3 0
11 3 1.575
12 3 10.125
13 3 0.6
14 3 0.9
15 3 0.15
0 4 18.05
1 4 1.025
2 4 0.05
3 4 20.075
4 4 17.525
5 4 1.15
6 4 1.25
7 4 1.075
8 4 16.15
9 4 1
10 4 0
11 4 1.05
12 4 9.775
13 4 0.75
14 4 0.875
15 4 0.225
0 5 21.55
1 5 2.25
2 5 0.05
3 5 19.85
4 5 17.45
5 5 0.85
6 5 1.475
7 5 9.825
8 5 11.325
9 5 2.075
10 5 0
11 5 0.975
12 5 6.8
13 5 0.125
14 5 0.875
15 5 0.125
0 6 20.625
1 6 2.725
2 6 0.025
3 6 20.3
4 6 15.225
5 6 0.8
6 6 1.4
7 6 12.225
8 6 15.3
9 6 2.425
10 6 0
11 6 1.15
12 6 7.4
13 6 0.125
14 6 0.9
15 6 0.125
0 7 20.575
1 7 2.85
2 7 0.025
3 7 18.85
4 7 16.2
5 7 2.525
6 7 1.5
7 7 11.325
8 7 15.7
9 7 2.25
10 7 0
11 7 1
12 7 7.375
13 7 0.6
14 7 0.675
15 7 0.25
0 8 20.95
1 8 0.025
2 8 0.15
3 8 18.775
4 8 16.025
5 8 3.5
6 8 1.475
7 8 11.05
8 8 15.625
9 8 0.025
10 8 0
11 8 0
12 8 7.25
13 8 0.825
14 8 0.8
15 8 0.05
0 9 20.725
1 9 0
2 9 0
3 9 18.275
4 9 16.675
5 9 1.6
6 9 1.275
7 9 13.175
8 9 15.95
9 9 0
10 9 0
11 9 0
12 9 7.375
13 9 0.925
14 9 0.925
15 9 0.325
0 10 21.4
1 10 0.025
2 10 0.05
3 10 19.2
4 10 18.825
5 10 1.95
6 10 1.4
7 10 11.925
8 10 15.3
9 10 0
10 10 0.025
11 10 0
12 10 8.425
13 10 1.075
14 10 1.275
15 10 0.3
0 11 21.425
1 11 0.05
2 11 0.025
3 11 19.625
4 11 18.625
5 11 1.425
6 11 1.4
7 11 13.9
8 11 15.4
9 11 0.025
10 11 0
11 11 0
12 11 8.4
13 11 0.875
14 11 0.7
15 11 0.25
0 12 21.475
1 12 0
2 12 0
3 12 19.325
4 12 19.075
5 12 2.675
6 12 1.025
7 12 13.65
8 12 15.625
9 12 0
10 12 0
11 12 0
12 12 8.9
13 12 0.425
14 12 1.25
15 12 0.025
0 13 20.875
1 13 0.475
2 13 0
3 13 20
4 13 19.675
5 13 3.15
6 13 1.375
7 13 14.275
8 13 15.125
9 13 0
10 13 0
11 13 0
12 13 8.375
13 13 0.425
14 13 1.3
15 13 0
0 14 21.6
1 14 0.025
2 14 0.025
3 14 19.4
4 14 19.45
5 14 2.95
6 14 1.275
7 14 14.1
8 14 15.775
9 14 0
10 14 0
11 14 0
12 14 8.95
13 14 0.425
14 14 1.15
15 14 0
0 15 21.275
1 15 0.05
2 15 0.15
3 15 19.4
4 15 19.775
5 15 2.9
6 15 1.275
7 15 13.8
8 15 15.4
9 15 0
10 15 0
11 15 0
12 15 8.3
13 15 0.35
14 15 1.05
15 15 0
