0.0
0.0
0.0
0.0
0.0
0.0
0.0
0.0
0.0
0.0
0.0
0.0
0.0
0.0
0.0
0.0
0.0
0.0
0.0
0.0
0.0
0.0
0.0
0.0
0.0
0.0
0.0
0.0
0.0
0.0
0.0
0.0
0.0
0.0
0.0
0.0
0.0
0.0
0.0
0.020264805786
0.0
0.0
0.0
0.0
0.0
0.0
0.0
4.29129296657e-05
0.0
0.0
0.0
0.0
0.0
0.0
0.0
0.0
0.00216545245082
0.026322130858
0.0213970469302
0.017561291217
0.0238595888941
0.0
0.0
0.0
0.000752626766445
0.000488547199271
0.000280584540122
0.000247574594225
0.000264079567174
0.000439032280426
0.000439032280426
0.000439032280426
0.000125437794407
8.91268539211e-05
5.61169080244e-05
4.62139242554e-05
5.94179026141e-05
0.000340002442736
0.00030039050766
0.000340002442736
0.0
0.0
0.0
0.0
0.0
5.28159134347e-05
5.28159134347e-05
5.28159134347e-05
0.0
0.0
0.0
0.0
0.0
0.0
0.0
0.0
0.0
0.0
0.0
0.0
0.0
0.0
0.0
0.0
0.0
0.0
0.0
0.0
0.0
0.0
4.29129296657e-05
0.0223840443126
0.0
0.0
0.0
0.0
0.0
0.0
0.0
5.61169080244e-05
0.0
0.0
0.0
4.62139242554e-05
8.58258593314e-05
0.0
0.0
0.0
0.000429129296657
0.0241137654775
0.0186275124695
0.0154453536851
0.020763255969
0.0
0.0
0.0
0.000178253707842
0.000115534810638
6.93208863831e-05
6.27188972037e-05
7.26218809727e-05
0.000191457686201
0.000191457686201
0.000191457686201
0.0
0.0
0.0
0.0
0.0
8.91268539211e-05
8.91268539211e-05
8.91268539211e-05
0.0
0.0
0.0
0.0
0.0
0.0
0.0
0.0
0.0
0.0
0.0
0.0
0.0
0.0
0.0
0.0
0.0
0.0
0.0
0.0
0.0
0.0
0.0
0.0
0.0
0.0
0.0
0.0
0.0
0.0
0.0
0.0
0.0
0.0
0.0
0.0
0.0
0.0
0.0
0.0
0.000349905426505
0.000108932821459
0.000835151631186
0.000891268539211
6.27188972037e-05
9.57288431004e-05
0.000138641772766
8.91268539211e-05
0.0120519312469
0.0130356276346
0.01126299354
0.0116393069232
0.0144121423785
0.0141051498817
0.012774849062
0.0133525231152
0.000108932821459
0.000158447740304
0.000161748734894
6.60198917934e-05
0.000188156691611
0.000191457686201
0.000128738788997
0.000171651718663
1.32039783587e-05
3.30099458967e-05
2.64079567174e-05
1.65049729483e-05
4.62139242554e-05
1.9805967538e-05
2.31069621277e-05
3.9611935076e-05
0.0
0.0
0.0
0.0
0.0
0.0
0.0
0.0
0.0
0.0
0.0
0.0
0.0
0.0
0.0
0.0
0.0
0.0
0.0
0.0
0.0
0.0
0.0
0.0
0.0
0.0
0.0
0.0
0.0
0.0
0.0
0.0
0.0
0.0
0.0
0.0
0.0
0.0
0.0
0.0
0.0
0.0
0.0
9.90298376901e-06
0.0
0.0
0.0
0.0
0.0
0.0
0.0
0.000373012388633
2.64079567174e-05
5.28159134347e-05
0.0
5.61169080244e-05
0.00119826103605
0.00030039050766
0.000422527307478
0.000547965101885
0.000458838247964
0.00252856185569
0.00090447251757
0.000722917815138
6.27188972037e-05
5.28159134347e-05
5.61169080244e-05
4.9514918845e-05
4.62139242554e-05
2.9708951307e-05
2.9708951307e-05
3.9611935076e-05
0.0
0.0
0.0
0.0
0.0
0.0
0.0
0.0
0.0
0.0
0.0
0.0
0.0
0.0
0.0
0.0
0.0
4.29129296657e-05
0.0
0.0
0.0
0.0
0.00270021357435
0.0
0.0
0.0
0.0
0.0
0.0
0.0
0.00252856185569
0.0
0.0
5.28159134347e-05
0.0
1.65049729483e-05
0.0
0.0
0.00154156447338
0.0
0.000950686441825
0.00628839469332
0.00124117396572
0.00114544512262
0.0274873819482
6.60198917934e-05
0.000531460128937
0.000755927761034
0.0110649338646
0.0115138691288
0.0116756178637
0.0126362072893
0.00779364822621
0.023635121262
7.92238701521e-05
0.0115996949881
0.000115534810638
0.000171651718663
0.000115534810638
0.000145243761945
5.28159134347e-05
0.000217865642918
3.30099458967e-06
0.000118835805228
3.9611935076e-05
4.62139242554e-05
3.63109404864e-05
2.9708951307e-05
9.90298376901e-06
5.94179026141e-05
0.0
3.30099458967e-05
0.0
0.0
0.0
0.0
0.0
0.0
0.0
0.0
0.0
0.0
0.0
0.0
0.0
0.0
0.0
0.0
0.0
0.000148544756535
0.0
0.0
0.0
0.0
0.00282895236335
0.0
6.93208863831e-05
0.000125437794407
0.0
0.0
6.60198917934e-05
0.0
0.00244603699095
0.0
0.0
0.000211263653739
0.0
1.9805967538e-05
5.28159134347e-05
0.0
0.00173962414876
1.9805967538e-05
1.32039783587e-05
0.000161748734894
0.0
6.93208863831e-05
0.0
0.0
0.000739422788086
5.94179026141e-05
1.9805967538e-05
0.000250875588815
9.90298376901e-05
0.0
0.000587577036961
0.0
0.000155146745714
0.0
0.00437381783131
0.00132699982505
0.00130719385751
0.000333400453557
0.0037697358214
0.000191457686201
2.9708951307e-05
0.0016306913273
3.63109404864e-05
3.30099458967e-05
6.27188972037e-05
2.9708951307e-05
2.9708951307e-05
8.58258593314e-05
0.0
4.29129296657e-05
0.0
0.0
0.0
0.0
0.0
0.0
0.0
0.0
0.0
0.0
0.0
0.0
0.0
0.0
0.0
0.0
0.0
0.0
0.0
0.0
0.0
0.0
0.0
0.0
0.0
2.64079567174e-05
3.30099458967e-05
0.000128738788997
0.0145144732108
0.000435731285836
0.0
0.0
0.0
0.0
0.0
0.0
0.0
0.0
0.0
0.0
0.0
0.0
0.0
1.65049729483e-05
0.0
0.000125437794407
0.0153100129069
0.0
0.0145408811675
0.0
0.0
0.0
0.0
0.0
0.0
0.0
2.31069621277e-05
0.0
0.0100185185796
0.000115534810638
2.31069621277e-05
2.9708951307e-05
9.90298376901e-05
0.0151218562153
0.0
0.0
0.0
0.0
0.0
0.0
0.0131082495156
0.0
0.0
0.0
0.0
0.0
0.0
0.0
0.0
0.0
0.0
0.0
0.0
0.0
0.0
0.0
0.0
0.0
0.00684956377356
0.00678684487636
0.0140424309845
0.00704102145977
0.00579654649946
0.00997230465539
0.0140424309845
0.00493498691156
0.0
0.0
0.0116128989665
0.0220374398806
0.0
0.0
0.0
0.0
0.0
0.0
0.0
0.0
0.0
0.0
0.0
0.0
0.0292072001294
9.90298376901e-06
0.0
0.0
0.0
0.0
0.0
0.0
0.0
0.000986997382311
0.000990298376901
0.000990298376901
0.0
0.0
0.0
0.0
0.0
0.0
0.0
0.000993599371491
0.0
0.0
0.0
0.0
0.0
0.0
0.00131709684128
0.0
0.0
0.0
0.0
0.0
0.0
7.59228755624e-05
0.0
0.0
0.0
0.0
6.60198917934e-05
3.30099458967e-05
1.32039783587e-05
3.30099458967e-05
3.63109404864e-05
0.0
0.000122136799818
0.0
0.0
0.0
0.0
0.0
0.0
0.0
0.0
0.0
0.0
0.0
0.0
0.0
0.0
0.0
0.0
0.0
0.0
0.0
0.0
0.0
2.64079567174e-05
2.64079567174e-05
2.64079567174e-05
2.64079567174e-05
2.64079567174e-05
2.64079567174e-05
0.0
0.0
0.0
0.0
0.0
0.0
0.0
0.0
0.0
0.0
0.0
0.0
0.0
1.9805967538e-05
1.32039783587e-05
0.0
0.0
0.0
0.0
0.0
0.0
1.9805967538e-05
0.0
0.0
0.0
0.0
0.0
0.0
0.0
0.0
0.0
0.0
0.0
0.0
0.0
0.0
0.0
0.0
0.0
0.0
0.0
2.9708951307e-05
0.0
0.0
0.0
0.0
0.0
0.0
0.0
0.0
0.0
0.0
0.0
0.0
0.0
0.0
0.0
0.0
0.0
0.0
0.0
0.0
0.0
0.0
6.60198917934e-06
2.64079567174e-05
3.63109404864e-05
3.9611935076e-05
0.000112233816049
0.0
0.0
0.0
0.0
0.0
0.0
0.0
0.0
0.0
0.0
0.0
0.0
0.0
0.0
0.0
0.0
0.0
0.0
0.0
0.0249819270546
0.0233479347327
0.0231300690898
0.0236978401592
3.30099458967e-05
2.9708951307e-05
0.00280914639581
0.0102099762658
0.0
5.61169080244e-05
1.65049729483e-05
3.9611935076e-05
0.0
0.0
0.0
0.0185713955615
0.0
0.0
0.0
0.0
0.0
0.0
0.0
0.0
0.0
0.0
0.0241170664721
0.000158447740304
0.000158447740304
0.000158447740304
0.000158447740304
0.000158447740304
0.0
0.0
0.0
0.0
0.0
0.0
0.0
0.0
0.0
0.0
0.0
0.0
0.0
0.0128144609971
0.0
0.00571402163472
0.0
5.61169080244e-05
0.000108932821459
0.0
9.24278485108e-05
0.0
0.0138905852333
0.0
0.0
0.0
0.0
0.0
0.0
0.0
0.0
0.0
0.0
0.0
0.0
0.0
0.0
0.0
0.0
0.0
0.0
0.0
0.0
0.0
0.0
0.0
0.0
1.32039783587e-05
0.0
0.0
0.0
0.0210603454821
0.0
0.0
0.0
0.0
0.0
0.0
0.0
0.0
0.0
0.0
0.0
0.0
0.0
0.0
0.0
0.0
0.0
0.0
0.0
0.0
0.0
0.0
0.0
0.0
0.0
0.0
0.0
0.0
0.0
0.0
0.0
0.0
0.0
0.0
0.0
0.0
0.0
0.0
0.0
0.0
0.0
0.0
0.0
0.0
0.0
0.0
0.0
0.0
0.0
0.0
0.0
0.0
0.0
0.0
0.0
0.0
0.0
0.0
0.0
0.0
0.0
0.0
0.0
0.0
0.0
0.0
0.000254176583405
0.0
0.0
0.0
0.0
0.0
0.0
0.0
0.0
0.0
0.0
0.0
0.0
0.0
0.0
0.0
0.0
0.0
0.0
0.0
0.0
0.0
0.0
0.0
0.0
0.0
0.0
0.0
0.0
0.0
0.0
0.0
0.0
0.0
0.0
0.0
0.0
0.0
0.0
0.0
0.0
0.0
0.0
0.0
0.0
0.0
0.0
0.0
0.0
0.0
4.62139242554e-05
0.0
0.0
0.0
0.0
0.00197399476462
0.0
0.0
0.0
0.0
0.0
0.0
0.0266126183819
0.0119694063821
0.0119694063821
0.0119694063821
0.0
0.0
0.00324817867624
0.000260778572584
0.0
6.60198917934e-06
0.0
0.0
0.0
0.0
0.0
0.0
0.0
0.0
0.0
0.0
0.0
0.0
0.0
0.0
0.0
0.0
0.0
0.0
0.0
0.0
0.0
0.0
0.0
0.0
0.0
1.9805967538e-05
0.0
0.0
0.0
0.0
0.0
0.0
0.0
0.0
0.0
0.0
0.0
0.0
0.0
0.0
0.0
0.0
0.0
0.0
0.0
0.0
0.000637091955806
0.000729519804317
0.0
0.0
0.0
0.0
0.0
0.0
0.0
0.0
0.0
0.0
0.0
0.0
0.0
0.0
0.0
0.0
0.0
0.0
0.0
0.0
6.60198917934e-06
0.0
0.0
0.0
0.0
0.0
0.0
0.0
3.30099458967e-06
0.0
0.00763520048591
0.0
0.0
0.0
0.0
0.0
0.0
0.0
0.0
0.0
0.0
0.0
0.0
0.0
0.0
0.0
0.0
0.0
0.0
0.0
0.0
0.0
0.0
0.0
0.0
0.0
0.0
0.0
0.0
0.0
0.0
0.0
0.0
0.0
0.0
0.0
0.0
0.0
0.0
0.0
0.0
0.0
0.0
0.0
0.0
0.0
0.0
0.0
0.0
0.0233710416949
0.0149237965399
0.00152505950043
0.0
0.0
0.0
0.0
0.0
0.00102991031198
0.0232191959437
0.00948045646153
0.0
0.0
2.31069621277e-05
8.58258593314e-05
0.000254176583405
0.0233182257814
0.00426158401526
0.0195781989113
0.00286856429842
0.0259128075289
0.0158348710466
0.0156698213172
0.0156236073929
0.0156137044091
8.91268539211e-05
0.0155278785498
0.000680004885472
0.000406022334529
0.000211263653739
0.000191457686201
0.000161748734894
0.000141942767356
9.90298376901e-06
0.000135340778176
0.000118835805228
8.58258593314e-05
4.62139242554e-05
4.62139242554e-05
4.9514918845e-05
4.9514918845e-05
0.0
4.9514918845e-05
0.0
0.0
0.0
0.0
0.0
0.0
0.0
0.0
0.0
0.0
0.0
0.0
0.0
0.0
0.0
0.0
0.0
0.0
0.0
0.0
0.0
0.0
4.9514918845e-05
4.9514918845e-05
0.0
0.0
0.0
0.0
0.0
0.0237539570673
0.0158579780088
0.00184855697022
0.0
0.0
0.0
0.0
5.61169080244e-05
0.000412624323709
0.0214399598599
0.01017696632
0.0
0.0
0.000224467632098
0.000373012388633
0.000508353166809
0.0220143329185
0.00390507659958
0.0187001343505
0.000590878031551
0.0223906463017
0.0139467021414
0.0139268961738
0.01391699319
0.0138872842387
1.32039783587e-05
0.013877381255
0.000155146745714
0.00010233083228
5.28159134347e-05
5.28159134347e-05
4.62139242554e-05
4.62139242554e-05
0.0
4.62139242554e-05
0.0
0.0
0.0
0.0
0.0
0.0
0.0
0.0
0.0
0.0
0.0
0.0
0.0
0.0
0.0
0.0
0.0
0.0
0.0
0.0
0.0
0.0
0.0
0.0
0.00940453358597
0.0162904083
0.0127385381215
0.0120387272685
0.0
0.0
9.90298376901e-06
0.0227075417823
0.0105664836815
0.0174391544172
0.0144913662487
0.0137453414714
0.0
0.0
0.000254176583405
0.0228692905172
0.0133195131693
0.0179805175299
0.0151218562153
0.0138839832442
0.0
1.9805967538e-05
0.0296891453395
0.0224269572422
0.0149105925615
0.0166832266562
0.014006120044
0.013161065429
0.00020136066997
0.0294481727344
0.0213013180871
0.0190434377878
0.00780355120998
0.00867171278706
0.00732490699448
0.00746024777265
0.0109394960702
0.0101175484173
0.0087542376518
0.00872782969509
5.94179026141e-05
8.58258593314e-05
8.58258593314e-05
3.30099458967e-05
0.000128738788997
0.000138641772766
8.25248647417e-05
8.58258593314e-05
9.90298376901e-06
2.64079567174e-05
2.31069621277e-05
1.65049729483e-05
3.63109404864e-05
1.9805967538e-05
2.31069621277e-05
3.30099458967e-05
0.0
0.0
0.0
0.0
0.0
0.0
0.0
0.0
0.0
0.0
0.0
0.0
0.0
0.0
0.0
0.0
0.00871792671132
0.0158183660737
0.0132105803479
0.0129332968023
0.0
0.0
3.9611935076e-05
0.0250413449572
0.00914375501339
0.0161550675218
0.0146828239349
0.0129332968023
0.0
0.0
0.000221166637508
0.0246287206335
0.00923288186731
0.0151251572099
0.0125866923704
0.0115699860368
2.31069621277e-05
0.000326798464377
0.0279594241745
0.0201789799267
0.00819306857156
0.011817560631
0.0102991031198
0.00999871261211
0.000435731285836
0.0258434866425
0.0183403259402
0.0145309781837
0.00637752154724
0.00816005862566
0.00745364578347
0.00745034478888
0.0128045580133
0.0106721155084
0.00925598882943
0.00851656604135
0.00275963147696
0.00337031547605
0.00312274088183
0.00321846972493
0.00337691746523
0.00328118862213
0.00315905182231
0.00321516873034
0.0
1.32039783587e-05
9.90298376901e-06
6.60198917934e-06
9.90298376901e-06
1.32039783587e-05
6.60198917934e-06
9.90298376901e-06
0.0
0.0
0.0
0.0
0.0
0.0
0.0
0.0
0.0
0.0
0.0
0.0
0.0
0.0
0.0
0.0
0.0116062969773
0.0118307646094
0.0122169809764
0.0136265056662
0.0108305632487
0.00406022334529
0.00256817379076
0.0101340533903
0.0127649460783
0.012774849062
0.0134614559367
0.0147092318916
0.0120552322415
0.00570081765636
0.00236681312079
0.0111540607185
0.0128903838727
0.0135802917419
0.0134053390286
0.015646714355
0.012461254576
0.00858588692773
0.0014689425924
0.0113290134317
0.0124744585544
0.0134614559367
0.0133360181423
0.0155443835228
0.0111375557455
0.0160824456409
0.000514955155988
0.0117878516797
0.00709713836779
0.00751306368609
0.0077012203777
0.00816666061484
0.00575363356979
0.0153661298149
7.92238701521e-05
0.00770452137229
6.27188972037e-05
7.92238701521e-05
5.61169080244e-05
7.26218809727e-05
2.9708951307e-05
0.00010233083228
3.30099458967e-06
4.9514918845e-05
3.30099458967e-05
3.63109404864e-05
2.64079567174e-05
2.31069621277e-05
9.90298376901e-06
4.9514918845e-05
0.0
2.9708951307e-05
0.0
0.0
0.0
0.0
0.0
0.0
0.0
0.0
0.0
0.0
0.0
0.0
0.0
0.0
0.0
0.0
0.0118010556581
0.0118142596364
0.0123985356788
0.0135175728447
0.0104212399196
0.00349575327046
0.00267380561763
0.00958938928299
0.0124975655165
0.0115963939935
0.0134317469854
0.0133921350503
0.0109692050215
0.003644298027
0.00226448228851
0.0101274514011
0.0121773690413
0.0112827995075
0.0127715480674
0.0131478614507
0.0106820184922
0.00357497714061
0.00148874855994
0.00997560564998
0.0114346452586
0.0106457075517
0.0116855208474
0.0122995058411
0.00993599371491
0.00314584784396
0.000617285988268
0.009331911705
0.00825908846335
0.00767481242098
0.00809403873387
0.00922297888354
0.00702781748141
0.00243283301259
0.000108932821459
0.00726218809727
0.00328779061131
0.0033241015518
0.00333730553016
0.00403381538858
0.00288837026596
8.91268539211e-05
1.32039783587e-05
0.00290487523891
9.90298376901e-06
1.32039783587e-05
9.90298376901e-06
6.60198917934e-06
3.30099458967e-06
3.30099458967e-06
0.0
3.30099458967e-06
0.0
0.0
0.0
0.0
0.0
0.0
0.0
0.0
0.0
0.0
0.0
0.0
0.0
0.0
0.0
0.0
0.0
0.0
0.0
0.0
0.0
0.0
0.0222883154695
0.0109196901026
0.00522217344086
0.00242293002882
0.00100680334985
0.000217865642918
9.90298376901e-06
0.0
0.0
0.0
0.0
0.0
0.0
0.0
0.0
0.0
0.0
0.0
0.0
3.30099458967e-06
3.30099458967e-06
0.0225788029933
0.00190137288365
0.000960589425594
0.000950686441825
0.0
0.0
0.0
0.0
0.0
0.0
0.0
0.0
0.0
0.00270021357435
0.00379944477271
0.00208292758608
0.00233050218031
0.00316895480608
0.00127088291702
0.000409323329119
0.000237671610456
0.0
0.0
0.0
0.0
0.0
0.0
0.000934181468877
0.0
0.0
0.0
0.0
0.0
0.0
0.0
0.0
0.0
0.0
0.0
0.0
0.0
0.0
0.0
0.0
0.0
0.00652276530919
0.00643033746068
0.0132931052126
0.00669111603326
0.00552256394852
0.00939132960761
0.0132931052126
0.00464119839308
0.0
0.0
0.0230310392521
0.0109295930864
0.0
0.0
0.0
0.0
0.0
0.0
0.0
0.0
0.0
0.0
0.0
0.0
0.0100647325039
3.9611935076e-05
0.0
0.0
0.000145243761945
0.0
0.0
0.0
0.0
0.000986997382311
0.000171651718663
0.000171651718663
0.0
0.0
0.0
0.0
0.0
0.0
0.0
0.000171651718663
3.63109404864e-05
0.0
0.0
0.0
0.0
0.00233050218031
0.0228494845497
0.0
0.0
0.0
0.0
0.0
0.00419556412347
0.00823598150123
0.00482275309551
0.00567110870505
8.25248647417e-05
0.000254176583405
0.0216149125732
0.0138344683253
2.9708951307e-05
0.000161748734894
0.0266060163927
0.0210141315578
0.0105697846761
0.0108701751838
0.014649813989
0.0161154555868
1.32039783587e-05
9.90298376901e-06
1.32039783587e-05
0.0
0.0
1.9805967538e-05
9.90298376901e-06
3.9611935076e-05
0.0
6.60198917934e-06
0.0
0.0
3.30099458967e-06
1.9805967538e-05
2.64079567174e-05
3.63109404864e-05
9.57288431004e-05
0.0263551408039
0.0161385625489
0.0115369760909
0.0102033742767
0.00991948874196
0.00982706089345
0.00982706089345
6.93208863831e-05
0.0272067974081
0.0174787663523
0.0127385381215
0.011246488567
0.0108305632487
0.0106952224705
0.0106952224705
0.0
0.0
0.0
1.65049729483e-05
2.31069621277e-05
4.29129296657e-05
4.29129296657e-05
4.29129296657e-05
1.9805967538e-05
0.0
0.0
1.65049729483e-05
2.9708951307e-05
3.9611935076e-05
6.60198917934e-05
3.63109404864e-05
0.0
0.0
0.0
0.0
0.0
0.0
0.0
0.0
0.0
0.0
0.0
0.0
0.0
0.0
0.0
0.0
0.0113983343181
9.90298376901e-05
0.0208853927688
0.0168383734019
2.9708951307e-05
1.9805967538e-05
1.9805967538e-05
2.31069621277e-05
0.0168152664398
7.92238701521e-05
7.26218809727e-05
0.0252295016488
0.0
0.0
0.0
0.0
0.0
0.0
0.0
0.0
0.0
0.0
0.0
0.0
2.64079567174e-05
3.9611935076e-05
4.29129296657e-05
6.93208863831e-05
0.0218327782161
0.0146927269186
0.0166997316291
0.0159272988952
0.0
0.0
0.0
0.0
4.62139242554e-05
0.0270912625974
0.000435731285836
0.0283588445199
0.0
0.0
0.0
0.0
0.0
0.0
0.0
0.0
0.0086585088087
0.00866841179247
0.00854957598724
0.00884006351114
4.29129296657e-05
7.26218809727e-05
0.016934102245
0.00627519071496
0.0161253585705
0.0158678809925
0.015534480539
0.0159867167978
0.0
0.0
0.00115864910097
0.0110484288916
0.0
0.0
0.0
0.0
0.0
0.0
0.0
0.0
0.0
0.0243547380826
0.0156302093821
0.000148544756535
0.000148544756535
0.000148544756535
0.000148544756535
0.000148544756535
6.60198917934e-06
0.0208061688987
0.0184558607508
0.0
0.0
0.0
0.0
0.0
0.0
0.0
0.0
7.26218809727e-05
0.016934102245
0.00282895236335
0.0
0.00381264875107
0.00352216122718
0.00403381538858
0.00375983283763
0.0034825492921
0.00325147967082
0.00365420101076
0.00133360181423
0.0
0.0
0.0
0.0
0.0
0.0
0.0
0.0
0.0
0.0
0.0
0.0
0.0
0.0
0.0
0.0
0.0
0.0
0.0
0.0
0.0
0.0
0.0
0.0
5.28159134347e-05
6.60198917934e-06
6.60198917934e-06
0.0
0.0191259626525
0.0
0.0
0.0
0.0
0.0
0.0
0.0
0.0
0.0
0.0
0.0
0.0
3.9611935076e-05
0.000221166637508
0.000115534810638
0.0242425042665
0.0
0.0
0.000115534810638
4.29129296657e-05
0.0
0.0
0.0
0.0
0.0
0.0
0.0
0.0
0.0
0.0
0.0
0.0
0.0
0.0
0.0
0.0
0.0
0.0
0.0
0.0
0.0
0.0
0.0
0.0
0.0
0.0
0.0
0.0
0.0
0.0
0.0
0.0
0.0
0.0
0.0
0.0
0.0
0.0
0.0
0.0
0.0
0.0
0.0
0.0
0.0
6.60198917934e-06
0.000240972605046
0.0
0.0
0.0
0.0
0.0
0.0
0.0
0.0
0.0
0.0
0.0
0.0
0.0
0.0
0.0
0.0
0.0
0.0
0.0
0.0
0.0
0.0
0.0
0.0
0.0
0.0
0.0
0.0
0.0
0.0
0.0
0.0
0.0
0.0
0.0
0.0
0.0
0.0
0.0
0.0
0.0
0.0
0.0
0.0
0.0
0.0
0.0
0.0
0.0
4.62139242554e-05
9.90298376901e-06
0.0
0.0
0.0
0.00197069377003
0.0
0.0
0.0
0.0
0.0
0.0
0.0253846483946
0.0114544512262
0.0114544512262
0.0114544512262
0.0
0.0
0.00310953690347
0.000270681556353
0.0
3.63109404864e-05
0.0
0.0
0.0
0.0
0.0
0.0
0.0
0.0
0.0
0.0
6.60198917934e-06
0.0
0.0
0.0
0.0
0.0
0.0
0.0
0.0
0.0
0.0
0.0
0.0
0.0
0.0
1.9805967538e-05
0.0
0.0
0.0
3.30099458967e-06
0.0
0.0
0.0
0.0
0.0
0.0
0.0
0.0
0.0
0.0
0.0
0.0
0.0
0.0
0.0
0.0
0.00060408200991
0.00069650985842
0.0
0.0
3.9611935076e-05
0.000105631826869
0.0
0.0
0.0
0.0
2.64079567174e-05
0.0
0.0211329673631
0.0234964794893
0.0
0.0
6.60198917934e-06
0.0211923852657
6.60198917934e-06
0.0
0.0
0.018792562199
0.0217007384325
0.0182511990863
0.0164653610133
0.0164653610133
0.0164653610133
0.0182511990863
0.0
0.0
0.0145243761945
0.0016934102245
0.0029081762335
0.0
0.0
0.0
0.0241071634884
2.31069621277e-05
0.00341322840572
1.65049729483e-05
9.90298376901e-06
9.90298376901e-06
0.0182511990863
0.0209415096769
