1.0
1.0
1.0
1.0
1.0
1.0
1.0
1.0
1.0
1.0
1.0
1.0
1.0
1.0
1.0
1.0
1.0
1.0
1.0
1.0
1.0
1.0
1.0
1.0
1.0
1.0
1.0
1.0
1.0
1.0
1.0
1.0
1.0
1.0
1.0
1.0
1.0
1.0
1.0
0.140904731761
1.0
1.0
1.0
1.0
1.0
1.0
1.0
0.00655065555083
1.0
1.0
1.0
1.0
1.0
1.0
1.0
1.0
0.0464840108689
0.160091462249
0.144703881472
0.13135026558
0.152611627709
1.0
1.0
1.0
0.0274237181906
0.0220977039736
0.0167483077485
0.0157325554518
0.0162483792778
0.0209484971082
0.0209484971082
0.0209484971082
0.0111991990681
0.00944028126306
0.00749091175473
0.00679792531061
0.0077080718813
0.0184360202071
0.0173291740484
0.0184360202071
1.0
1.0
1.0
1.0
1.0
0.00726726385336
0.00726726385336
0.00726726385336
1.0
1.0
1.0
1.0
1.0
1.0
1.0
1.0
1.0
1.0
1.0
1.0
1.0
1.0
1.0
1.0
1.0
1.0
1.0
1.0
1.0
1.0
0.00655065555083
0.147929033231
1.0
1.0
1.0
1.0
1.0
1.0
1.0
0.00749091175474
1.0
1.0
1.0
0.00679792531057
0.00926382713863
1.0
1.0
1.0
0.0207109909157
0.153402385222
0.135205503766
0.123315833268
0.142590824287
1.0
1.0
1.0
0.0133499787812
0.0107480911024
0.00832562796416
0.0079192779686
0.00852153783274
0.0138354989125
0.0138354989125
0.0138354989125
1.0
1.0
1.0
1.0
1.0
0.00944028126304
0.00944028126304
0.00944028126304
1.0
1.0
1.0
1.0
1.0
1.0
1.0
1.0
1.0
1.0
1.0
1.0
1.0
1.0
1.0
1.0
1.0
1.0
1.0
1.0
1.0
1.0
1.0
1.0
1.0
1.0
1.0
1.0
1.0
1.0
1.0
1.0
1.0
1.0
1.0
1.0
1.0
1.0
1.0
1.0
0.0187024862704
0.0104365202583
0.0288869201012
0.0298408139902
0.00791927796861
0.00978364344656
0.0117738078472
0.00944028126311
0.109117744662
0.113427069286
0.105527903971
0.107255925046
0.119182349912
0.117924529376
0.112301613049
0.114779062732
0.0104365202582
0.0125866053651
0.0127170189997
0.00812499434873
0.0137157314304
0.0138354989124
0.0113455813126
0.0131004677149
0.00363370389735
0.00574533343158
0.00513879940619
0.00406259775688
0.00679792531059
0.00445034552161
0.00480691462333
0.00629367666557
1.0
1.0
1.0
1.0
1.0
1.0
1.0
1.0
1.0
1.0
1.0
1.0
1.0
1.0
1.0
1.0
1.0
1.0
1.0
1.0
1.0
1.0
1.0
1.0
1.0
1.0
1.0
1.0
1.0
1.0
1.0
1.0
1.0
1.0
1.0
1.0
1.0
1.0
1.0
1.0
1.0
1.0
1.0
0.00314688507892
1.0
1.0
1.0
1.0
1.0
1.0
1.0
0.0193099262139
0.00513879940618
0.00726726385339
1.0
0.00749091175474
0.034595161606
0.0173291740483
0.0205511259581
0.0234022399811
0.0214155951452
0.0502211930429
0.0300608457471
0.0268774106822
0.0079192779686
0.00726726385334
0.00749091175473
0.00703650958344
0.00679792531061
0.00545051086462
0.00545051086462
0.00629367666558
1.0
1.0
1.0
1.0
1.0
1.0
1.0
1.0
1.0
1.0
1.0
1.0
1.0
1.0
1.0
1.0
1.0
0.00655065555083
1.0
1.0
1.0
1.0
0.051893375502
1.0
1.0
1.0
1.0
1.0
1.0
1.0
0.0502211930428
1.0
1.0
0.00726726385339
1.0
0.00406259775688
1.0
1.0
0.0392324872059
1.0
0.0308185437218
0.0790496728996
0.0352084287196
0.0338250362611
0.163498702691
0.00812499434871
0.0230472922286
0.0274837467286
0.104606410431
0.106683175555
0.107421123673
0.111698404441
0.0879369505584
0.151909520127
0.00890042660386
0.107075403638
0.0107480911024
0.0131004677149
0.0107480911024
0.0120508367425
0.00726726385336
0.0147586644884
0.00181686094491
0.0109005359171
0.00629367666557
0.00679792531059
0.0060257465929
0.00545051086462
0.00314688507892
0.0077080718813
1.0
0.00574533343158
1.0
1.0
1.0
1.0
1.0
1.0
1.0
1.0
1.0
1.0
1.0
1.0
1.0
1.0
1.0
1.0
1.0
0.0121869885939
1.0
1.0
1.0
1.0
0.053112610479
1.0
0.00832562796423
0.0111991990682
1.0
1.0
0.00812499434871
1.0
0.0493969016637
1.0
1.0
0.0145333761186
1.0
0.00445034552161
0.00726726385339
1.0
0.0416725072029
0.00445034552161
0.00363370389734
0.0127170189997
1.0
0.00832562796423
1.0
1.0
0.0271822744087
0.00770807188132
0.00445034552161
0.0158370657087
0.00995088090472
1.0
0.0242328659095
1.0
0.0124548253783
1.0
0.0659900564397
0.0364038307942
0.0361314973638
0.0182562125779
0.0612823376939
0.0138354989125
0.00545051086463
0.0403488806916
0.00602574659292
0.00574533343158
0.0079192779686
0.00545051086462
0.00545051086461
0.00926382713857
1.0
0.00655065555087
1.0
1.0
1.0
1.0
1.0
1.0
1.0
1.0
1.0
1.0
1.0
1.0
1.0
1.0
1.0
1.0
1.0
1.0
1.0
1.0
1.0
1.0
1.0
1.0
1.0
0.00513879940618
0.00574533343158
0.0113455813128
0.119598508679
0.0208696292272
1.0
1.0
1.0
1.0
1.0
1.0
1.0
1.0
1.0
1.0
1.0
1.0
1.0
0.00406259775688
1.0
0.0111991990682
0.122782801775
1.0
0.119705655432
1.0
1.0
1.0
1.0
1.0
1.0
1.0
0.00480691462336
1.0
0.0995898984086
0.0107480911024
0.00480691462336
0.00545051086463
0.00995088090472
0.122037640422
1.0
1.0
1.0
1.0
1.0
1.0
0.113738398575
1.0
1.0
1.0
1.0
1.0
1.0
1.0
1.0
1.0
1.0
1.0
1.0
1.0
1.0
1.0
1.0
1.0
0.0824781622592
0.0821022753218
0.117665802663
0.0836148639692
0.0759140734526
0.0993622553851
0.117665802663
0.0700759075269
1.0
1.0
0.107135612865
0.146805283026
1.0
1.0
1.0
1.0
1.0
1.0
1.0
1.0
1.0
1.0
1.0
1.0
0.168386874755
0.00314688507892
1.0
1.0
1.0
1.0
1.0
1.0
1.0
0.0314010066475
0.0314534208954
0.0314534208954
1.0
1.0
1.0
1.0
1.0
1.0
1.0
0.0315057475991
1.0
1.0
1.0
1.0
1.0
1.0
0.0362679210488
1.0
1.0
1.0
1.0
1.0
1.0
0.00871304259589
1.0
1.0
1.0
1.0
0.00812499434871
0.00574533343158
0.00363370389734
0.00574533343158
0.00602574659295
1.0
0.0110508769977
1.0
1.0
1.0
1.0
1.0
1.0
1.0
1.0
1.0
1.0
1.0
1.0
1.0
1.0
1.0
1.0
1.0
1.0
1.0
1.0
1.0
0.00513879940618
0.00513879940618
0.00513879940618
0.00513879940618
0.00513879940618
0.00513879940618
1.0
1.0
1.0
1.0
1.0
1.0
1.0
1.0
1.0
1.0
1.0
1.0
1.0
0.00445034552161
0.00363370389734
1.0
1.0
1.0
1.0
1.0
1.0
0.00445034552161
1.0
1.0
1.0
1.0
1.0
1.0
1.0
1.0
1.0
1.0
1.0
1.0
1.0
1.0
1.0
1.0
1.0
1.0
1.0
0.00545051086463
1.0
1.0
1.0
1.0
1.0
1.0
1.0
1.0
1.0
1.0
1.0
1.0
1.0
1.0
1.0
1.0
1.0
1.0
1.0
1.0
1.0
1.0
0.00256942514837
0.00513879940618
0.00602574659295
0.00629367666559
0.010593451733
1.0
1.0
1.0
1.0
1.0
1.0
1.0
1.0
1.0
1.0
1.0
1.0
1.0
1.0
1.0
1.0
1.0
1.0
1.0
0.156069953468
0.151005988876
0.150316562607
0.152106056851
0.00574533343158
0.00545051086463
0.0529268844
0.100527273167
1.0
0.00749091175474
0.00406259775688
0.00629367666559
1.0
1.0
1.0
0.135005551102
1.0
1.0
1.0
1.0
1.0
1.0
1.0
1.0
1.0
1.0
0.15341262522
0.0125866053651
0.0125866053651
0.0125866053651
0.0125866053651
0.0125866053651
1.0
1.0
1.0
1.0
1.0
1.0
1.0
1.0
1.0
1.0
1.0
1.0
1.0
0.112473332779
1.0
0.0753748737413
1.0
0.00749091175474
0.0104365202583
1.0
0.00961349601368
1.0
0.117036903903
1.0
1.0
1.0
1.0
1.0
1.0
1.0
1.0
1.0
1.0
1.0
1.0
1.0
1.0
1.0
1.0
1.0
1.0
1.0
1.0
1.0
1.0
1.0
1.0
0.00363370389734
1.0
1.0
1.0
0.143585540115
1.0
1.0
1.0
1.0
1.0
1.0
1.0
1.0
1.0
1.0
1.0
1.0
1.0
1.0
1.0
1.0
1.0
1.0
1.0
1.0
1.0
1.0
1.0
1.0
1.0
1.0
1.0
1.0
1.0
1.0
1.0
1.0
1.0
1.0
1.0
1.0
1.0
1.0
1.0
1.0
1.0
1.0
1.0
1.0
1.0
1.0
1.0
1.0
1.0
1.0
1.0
1.0
1.0
1.0
1.0
1.0
1.0
1.0
1.0
1.0
1.0
1.0
1.0
1.0
1.0
1.0
0.0159408901153
1.0
1.0
1.0
1.0
1.0
1.0
1.0
1.0
1.0
1.0
1.0
1.0
1.0
1.0
1.0
1.0
1.0
1.0
1.0
1.0
1.0
1.0
1.0
1.0
1.0
1.0
1.0
1.0
1.0
1.0
1.0
1.0
1.0
1.0
1.0
1.0
1.0
1.0
1.0
1.0
1.0
1.0
1.0
1.0
1.0
1.0
1.0
1.0
1.0
0.00679792531057
1.0
1.0
1.0
1.0
0.0443857872444
1.0
1.0
1.0
1.0
1.0
1.0
0.160948398329
0.108748056042
0.108748056042
0.108748056042
1.0
1.0
0.0569001582732
0.0161465342138
1.0
0.00256942514837
1.0
1.0
1.0
1.0
1.0
1.0
1.0
1.0
1.0
1.0
1.0
1.0
1.0
1.0
1.0
1.0
1.0
1.0
1.0
1.0
1.0
1.0
1.0
1.0
1.0
0.00445034552161
1.0
1.0
1.0
1.0
1.0
1.0
1.0
1.0
1.0
1.0
1.0
1.0
1.0
1.0
1.0
1.0
1.0
1.0
1.0
1.0
0.0252326389751
0.0269997704652
1.0
1.0
1.0
1.0
1.0
1.0
1.0
1.0
1.0
1.0
1.0
1.0
1.0
1.0
1.0
1.0
1.0
1.0
1.0
1.0
0.00256942514837
1.0
1.0
1.0
1.0
1.0
1.0
1.0
0.00181686094491
1.0
0.0870454145802
1.0
1.0
1.0
1.0
1.0
1.0
1.0
1.0
1.0
1.0
1.0
1.0
1.0
1.0
1.0
1.0
1.0
1.0
1.0
1.0
1.0
1.0
1.0
1.0
1.0
1.0
1.0
1.0
1.0
1.0
1.0
1.0
1.0
1.0
1.0
1.0
1.0
1.0
1.0
1.0
1.0
1.0
1.0
1.0
1.0
1.0
1.0
1.0
0.151078906883
0.121247997248
0.0390222205153
1.0
1.0
1.0
1.0
1.0
0.0320756854443
0.150599020194
0.096904991651
1.0
1.0
0.00480691462336
0.00926382713863
0.0159408901151
0.150912180184
0.0651415605963
0.138545635221
0.0534821057674
0.158875214979
0.124836404568
0.124194516856
0.124014153567
0.123975467911
0.00944028126306
0.123639651963
0.0260680355766
0.0201459048046
0.0145333761187
0.0138354989124
0.0127170189997
0.0119131280362
0.00314688507892
0.0116328182763
0.0109005359171
0.00926382713856
0.00679792531061
0.00679792531061
0.00703650958346
0.00703650958346
1.0
0.00703650958346
1.0
1.0
1.0
1.0
1.0
1.0
1.0
1.0
1.0
1.0
1.0
1.0
1.0
1.0
1.0
1.0
1.0
1.0
1.0
1.0
1.0
1.0
0.00703650958348
0.00703650958348
1.0
1.0
1.0
1.0
1.0
0.152281668598
0.124925988258
0.042955090587
1.0
1.0
1.0
1.0
0.00749091175474
0.0203089651355
0.144845738567
0.100366307477
1.0
1.0
0.0149805622853
0.0193099262139
0.0225409570309
0.14673003123
0.0623684774252
0.135463793413
0.0243008002895
0.147950347279
0.11726973881
0.117187617677
0.117146534266
0.117023192467
0.00363370389735
0.116982047958
0.0124548253783
0.0101153527215
0.00726726385337
0.00726726385337
0.00679792531061
0.00679792531061
1.0
0.00679792531061
1.0
1.0
1.0
1.0
1.0
1.0
1.0
1.0
1.0
1.0
1.0
1.0
1.0
1.0
1.0
1.0
1.0
1.0
1.0
1.0
1.0
1.0
1.0
1.0
0.0965198856922
0.12659001105
0.112143960016
0.109058682893
1.0
1.0
0.00314688507892
0.148969491268
0.102248878253
0.130900841519
0.119504671678
0.116431984691
1.0
1.0
0.0159408901151
0.149486742116
0.114639014905
0.132880467034
0.122037640422
0.117009479331
1.0
0.00445034552161
0.169728312278
0.148067514435
0.121195159932
0.12808160135
0.117515737862
0.113964256615
0.0141887322848
0.169059095753
0.144386882835
0.136677669226
0.0879923621599
0.0927173887919
0.0852716408428
0.0860499417537
0.104018380568
0.100075889361
0.0931536417697
0.0930142713989
0.00770807188131
0.00926382713859
0.0092638271386
0.00574533343158
0.0113455813126
0.0117738078473
0.00908394486929
0.00926382713859
0.00314688507892
0.00513879940619
0.00480691462333
0.00406259775688
0.0060257465929
0.00445034552161
0.00480691462333
0.00574533343158
1.0
1.0
1.0
1.0
1.0
1.0
1.0
1.0
1.0
1.0
1.0
1.0
1.0
1.0
1.0
1.0
0.0929619517069
0.12477237422
0.114175570569
0.112986842757
1.0
1.0
0.00629367666559
0.156250683199
0.0951848031864
0.126071730833
0.12027983462
0.112986842757
1.0
1.0
0.0148700276674
0.154990795705
0.0956432734683
0.122050755136
0.11148214003
0.106939802973
0.00480691462336
0.0180746138862
0.164856588507
0.140612192557
0.0901440081144
0.108064359951
0.100960544742
0.0994924035201
0.0208696292275
0.158668209924
0.134178829868
0.119665487325
0.0796043263031
0.0899637264064
0.0860121441889
0.0859932389865
0.112430428743
0.102753206563
0.0957617642915
0.0918914258472
0.0524596598452
0.0579565048088
0.0557941696881
0.0566401904794
0.0580130493394
0.0571876072534
0.0561165948174
0.0566112305145
1.0
0.00363370389735
0.00314688507892
0.00256942514837
0.00314688507892
0.00363370389735
0.00256942514837
0.00314688507892
1.0
1.0
1.0
1.0
1.0
1.0
1.0
1.0
1.0
1.0
1.0
1.0
1.0
1.0
1.0
1.0
0.107105512686
0.108123991871
0.10985320365
0.115934567793
0.10350488949
0.0635903918191
0.0506120368504
0.100156649066
0.11225863989
0.112301613049
0.115239945942
0.120386338048
0.10913250486
0.0752882350334
0.0485922968837
0.105022129325
0.112801692701
0.115740517617
0.115002764811
0.124104370128
0.110932284347
0.0922614192031
0.038298626608
0.105833203138
0.110990298847
0.115239945942
0.114709061378
0.123704307377
0.104945274298
0.12579268891
0.0226867797886
0.107930061765
0.0839450355575
0.0863517084958
0.0874180277882
0.0899998126068
0.0756341805704
0.123004113222
0.00890042660386
0.0874366154579
0.00791927796861
0.00890042660387
0.00749091175473
0.00852153783272
0.00545051086463
0.0101153527215
0.00181686094491
0.00703650958345
0.00574533343159
0.0060257465929
0.00513879940621
0.00480691462333
0.00314688507892
0.00703650958346
1.0
0.00545051086462
1.0
1.0
1.0
1.0
1.0
1.0
1.0
1.0
1.0
1.0
1.0
1.0
1.0
1.0
1.0
1.0
0.107989771476
0.108049446578
0.110656278592
0.11547661265
0.101551157936
0.0590214620249
0.0516396783602
0.0974547735933
0.111091747546
0.107060345786
0.115114443743
0.114946882381
0.10415796447
0.0602579216277
0.0475326667513
0.100124353327
0.109677165921
0.105619590715
0.112287290587
0.113907836385
0.102800354927
0.0596841409343
0.0385555727186
0.099378533607
0.106319773073
0.102627367025
0.107466131642
0.110219000164
0.0991830113668
0.0559995668312
0.0248375712636
0.0961500240714
0.0905034580615
0.0872691794122
0.0896020383184
0.0955924450155
0.0835369814084
0.049263722313
0.0104365202582
0.0849084726118
0.0572449215584
0.0575591165729
0.0576729392521
0.0633840967592
0.0536658884505
0.00944028126306
0.00363370389735
0.0538185557103
0.00314688507892
0.00363370389735
0.00314688507892
0.00256942514837
0.0018168609449
0.00181686094491
1.0
0.00181686094491
1.0
1.0
1.0
1.0
1.0
1.0
1.0
1.0
1.0
1.0
1.0
1.0
1.0
1.0
1.0
1.0
1.0
1.0
1.0
1.0
1.0
1.0
0.147619600538
0.10392521576
0.0720756709673
0.0491635987178
0.0317141876274
0.0147586644884
0.00314688507892
1.0
1.0
1.0
1.0
1.0
1.0
1.0
1.0
1.0
1.0
1.0
1.0
0.00181686094491
0.00181686094491
0.148556388785
0.0435632604931
0.0309784875931
0.0308185437215
1.0
1.0
1.0
1.0
1.0
1.0
1.0
1.0
1.0
0.051893375502
0.0615224267412
0.0455915452551
0.0482189894119
0.0562042038597
0.0356267844976
0.0202275995495
0.0154147696272
1.0
1.0
1.0
1.0
1.0
1.0
0.0305501026816
1.0
1.0
1.0
1.0
1.0
1.0
1.0
1.0
1.0
1.0
1.0
1.0
1.0
1.0
1.0
1.0
1.0
0.0804998064713
0.0799311467502
0.114526846487
0.0815251188255
0.074108469394
0.0964527476842
0.114526846487
0.0679680636077
1.0
1.0
0.15000203493
0.10397180907
1.0
1.0
1.0
1.0
1.0
1.0
1.0
1.0
1.0
1.0
1.0
1.0
0.0998170008742
0.00629367666559
1.0
1.0
0.0120508367426
1.0
1.0
1.0
1.0
0.0314010066475
0.0131004677149
0.0131004677149
1.0
1.0
1.0
1.0
1.0
1.0
1.0
0.0131004677149
0.00602574659295
1.0
1.0
1.0
1.0
0.0482189894119
0.149423510886
1.0
1.0
1.0
1.0
1.0
0.0646371515862
0.0903778186834
0.069278381535
0.0750929239749
0.00908394486929
0.0159408901151
0.145422515889
0.116803577905
0.00545051086463
0.0127170189997
0.160928979007
0.143431300046
0.102264677812
0.103691920974
0.120146564408
0.125919607997
0.00363370389734
0.00314688507892
0.00363370389734
1.0
1.0
0.00445034552161
0.00314688507892
0.00629367666559
1.0
0.00256942514837
1.0
1.0
0.00181686094491
0.00445034552161
0.00513879940618
0.00602574659295
0.00978364344656
0.160189098746
0.126008370149
0.106788923928
0.100495101523
0.099101425242
0.0986432449162
0.0986432449162
0.00832562796423
0.162685548169
0.131046782025
0.112143960016
0.105451434613
0.10350488949
0.102863184312
0.102863184312
1.0
1.0
1.0
0.00406259775688
0.00480691462336
0.00655065555083
0.00655065555083
0.00655065555083
0.00445034552161
1.0
1.0
0.00406259775688
0.00545051086463
0.00629367666559
0.00812499434871
0.00602574659295
1.0
1.0
1.0
1.0
1.0
1.0
1.0
1.0
1.0
1.0
1.0
1.0
1.0
1.0
1.0
1.0
0.106152778075
0.00995088090472
0.143000675305
0.12866562316
0.00545051086463
0.00445034552161
0.00445034552161
0.00480691462336
0.128578821173
0.00890042660392
0.00852153783266
0.15682147141
1.0
1.0
1.0
1.0
1.0
1.0
1.0
1.0
1.0
1.0
1.0
1.0
0.00513879940618
0.00629367666559
0.00655065555083
0.00832562796423
0.146137291652
0.120319785133
0.128143866777
0.125194329125
1.0
1.0
1.0
1.0
0.00679792531057
0.162349395097
0.0208696292274
0.165995844699
1.0
1.0
1.0
1.0
1.0
1.0
1.0
1.0
0.0926473908637
0.0926998944415
0.0920678051096
0.0936051109089
0.00655065555083
0.00852153783266
0.129024565204
0.0789671621402
0.125957657098
0.124964360301
0.123665518449
0.125423848146
1.0
1.0
0.0340192097678
0.104529235674
1.0
1.0
1.0
1.0
1.0
1.0
1.0
1.0
1.0
0.154147931596
0.124039936862
0.012186988594
0.012186988594
0.012186988594
0.012186988594
0.012186988594
0.00256942514837
0.142734972009
0.134592874829
1.0
1.0
1.0
1.0
1.0
1.0
1.0
1.0
0.00852153783266
0.129024565204
0.053112610479
1.0
0.0616288281615
0.059243190389
0.0633840967592
0.0612020955089
0.0589102804487
0.0569289693456
0.0603394383944
0.0364941546064
1.0
1.0
1.0
1.0
1.0
1.0
1.0
1.0
1.0
1.0
1.0
1.0
1.0
1.0
1.0
1.0
1.0
1.0
1.0
1.0
1.0
1.0
1.0
1.0
0.00726726385339
0.00256942514837
0.00256942514837
1.0
0.136967734175
1.0
1.0
1.0
1.0
1.0
1.0
1.0
1.0
1.0
1.0
1.0
1.0
0.00629367666559
0.0148700276674
0.0107480911024
0.153801187426
1.0
1.0
0.0107480911024
0.00655065555083
1.0
1.0
1.0
1.0
1.0
1.0
1.0
1.0
1.0
1.0
1.0
1.0
1.0
1.0
1.0
1.0
1.0
1.0
1.0
1.0
1.0
1.0
1.0
1.0
1.0
1.0
1.0
1.0
1.0
1.0
1.0
1.0
1.0
1.0
1.0
1.0
1.0
1.0
1.0
1.0
1.0
1.0
1.0
1.0
1.0
0.00256942514837
0.0155214218824
1.0
1.0
1.0
1.0
1.0
1.0
1.0
1.0
1.0
1.0
1.0
1.0
1.0
1.0
1.0
1.0
1.0
1.0
1.0
1.0
1.0
1.0
1.0
1.0
1.0
1.0
1.0
1.0
1.0
1.0
1.0
1.0
1.0
1.0
1.0
1.0
1.0
1.0
1.0
1.0
1.0
1.0
1.0
1.0
1.0
1.0
1.0
1.0
1.0
0.00679792531057
0.00314688507892
1.0
1.0
1.0
0.0443487331961
1.0
1.0
1.0
1.0
1.0
1.0
0.157290393923
0.106410745572
0.106410745572
0.106410745572
1.0
1.0
0.0556764553802
0.0164501759216
1.0
0.00602574659295
1.0
1.0
1.0
1.0
1.0
1.0
1.0
1.0
1.0
1.0
0.00256942514837
1.0
1.0
1.0
1.0
1.0
1.0
1.0
1.0
1.0
1.0
1.0
1.0
1.0
1.0
0.00445034552161
1.0
1.0
1.0
0.00181686094491
1.0
1.0
1.0
1.0
1.0
1.0
1.0
1.0
1.0
1.0
1.0
1.0
1.0
1.0
1.0
1.0
0.0245706551569
0.0263822806527
1.0
1.0
0.00629367666559
0.010277191678
1.0
1.0
1.0
1.0
0.00513879940618
1.0
0.143827553179
0.151474073494
1.0
1.0
0.00256942514837
0.144025234151
0.00256942514837
1.0
1.0
0.135791758973
0.145704551692
0.133858480561
0.12725664187
0.12725664187
0.12725664187
0.133858480561
1.0
1.0
0.11963870064
0.0411162083165
0.0538490366162
1.0
1.0
1.0
0.153381902964
0.00480691462336
0.058323050996
0.00406259775688
0.00314688507892
0.00314688507892
0.133858480561
0.143188556977
