0.0
0.0
0.0
0.0
0.0
0.0
0.0
0.0
0.0
0.0
0.0
0.0
0.0
0.0
0.0
0.0
0.0
0.0
0.0
0.0
0.0
0.0
0.0
0.0
0.0
0.0
0.0
0.0
0.0
0.0
0.0
0.0
0.0
0.0
0.0
0.0
0.0
0.0
0.0
-0.000330423512369
3.46944695195e-17
-4.33680868994e-18
1.31838984174e-16
-5.20417042793e-18
1.17961196366e-16
-1.94289029309e-16
-5.55111512313e-16
0.000180083768462
-5.55111512313e-17
-2.77555756156e-17
6.93889390391e-18
0.0
-5.20417042793e-18
-8.67361737988e-18
0.0
0.0
-0.00308632722323
-0.0236958951462
-0.0302090863221
-0.0973967789135
-0.103899817596
-4.13590306277e-25
1.03397576569e-25
0.0
-0.0644558075846
-0.0893556435518
-0.067169021184
-0.110336602403
-0.166407761944
-0.0197046640898
-0.0197046640898
-0.0197046640898
-0.0232704247864
-0.0217261596988
-0.0301878138918
-0.0719953742479
-0.0933217715853
-0.149565861709
-0.109798310443
-0.149565861709
0.0
-1.77572541399e-41
0.0
-2.86985925494e-42
0.0
-0.083959213034
-0.083959213034
-0.083959213034
0.0
0.0
0.0
0.0
0.0
0.0
0.0
0.0
0.0
0.0
0.0
0.0
0.0
0.0
0.0
0.0
0.0
0.0
0.0
0.0
0.0
0.0
5.41617182844e-05
-0.00248945818363
0.0
0.0
0.0
0.0
0.0
0.0
0.0
5.11153627309e-05
0.0
0.0
0.0
-0.00196252524427
-0.00501361347467
0.0
0.0
0.0
-0.000637743523962
0.00735432271058
-0.000279108694554
-0.00623302504872
0.0129170052886
0.0
0.0
0.0
-0.0480706269355
-0.0529517222294
-0.0255183002572
-0.0290603114836
-0.0734665959843
-0.0240179785526
-0.0240179785526
-0.0240179785526
0.0
0.0
0.0
0.0
0.0
-0.0786209422983
-0.0786209422983
-0.0786209422983
0.0
0.0
0.0
0.0
0.0
0.0
0.0
0.0
0.0
0.0
0.0
0.0
0.0
0.0
0.0
0.0
0.0
0.0
0.0
0.0
0.0
0.0
0.0
0.0
0.0
0.0
0.0
0.0
0.0
0.0
0.0
0.0
0.0
0.0
0.0
0.0
0.0
0.0
0.0
0.0
-0.0128733373708
-0.013500743013
-0.00673622641872
-0.0102820058663
-0.00109842292325
-0.00868462204634
-0.0127674050678
-0.0145854131806
-0.077811286751
-0.0821632132247
-0.078804617258
-0.0744831088374
-0.0677252936042
-0.0780512473309
-0.0766348791277
-0.0825283103552
-0.0922507860471
-0.126126838254
-0.13026191405
-0.0831570265066
-0.0859031564318
-0.112245949073
-0.114829143281
-0.144005787335
-0.0526036293006
-0.0727563629764
-0.0636902910086
-0.0458755633433
-0.0671207921886
-0.0381965218108
-0.0512621138115
-0.0797597378974
0.0
0.0
0.0
0.0
0.0
0.0
0.0
0.0
0.0
0.0
0.0
0.0
0.0
0.0
0.0
0.0
0.0
0.0
0.0
0.0
0.0
0.0
0.0
0.0
0.0
0.0
0.0
0.0
0.0
0.0
0.0
0.0
0.0
0.0
0.0
0.0
0.0
0.0
0.0
0.0
0.0
0.0
0.0
-6.91125571043e-05
0.0
0.0
0.0
0.0
0.0
0.0
0.0
-0.00828893775153
-0.000602332102699
-0.00514452921341
0.0
-0.0147065347206
-0.00319221139112
-0.019967967974
-0.00271796000677
-0.0141936485725
-0.0172204680044
-0.00379056328343
-0.00284467535014
-0.00395749748994
-0.0606245180795
-0.0630018219818
-0.0612598537216
-0.0551203522071
-0.0537018573855
-0.0494871856569
-0.0500201165374
-0.0569293617764
0.0
0.0
0.0
0.0
0.0
0.0
0.0
0.0
0.0
0.0
0.0
0.0
0.0
0.0
0.0
0.0
0.0
0.000159320482103
0.0
0.0
0.0
0.0
-0.00169297628368
0.0
0.0
0.0
0.0
0.0
0.0
0.0
-0.000996909642943
0.0
0.0
0.00016946384522
0.0
-0.000856809907754
0.0
0.0
-0.000776615762134
0.0
-0.00389343127354
-0.00645619058652
-0.00407839837886
-0.00362911410824
-0.00974117895411
-0.0175327027245
-0.000694821195166
-0.00905245615733
-0.0809933045931
-0.0819645014709
-0.0819587178176
-0.0869091756993
-0.0672093036078
-0.104858372312
-0.00216314364795
-0.0776610484204
-0.116808754206
-0.132701103466
-0.120065290454
-0.124850573484
-0.0709517503084
-0.134623234207
-0.0160168850248
-0.118215017757
-0.0745263719869
-0.0839356618813
-0.0769207690222
-0.0650677432586
-0.0329079952086
-0.0933217715853
0.0
-0.0693914566212
0.0
0.0
0.0
0.0
0.0
0.0
0.0
0.0
0.0
0.0
0.0
0.0
0.0
0.0
0.0
0.0
0.0
-0.0163101812005
0.0
0.0
0.0
0.0
-0.000487833914843
0.0
-0.0100333330043
-0.0161421692234
0.0
0.0
0.000104962164112
0.0
-0.00081997858425
0.0
0.0
-0.0182873857796
0.0
-0.00187505319078
0.000376043785961
0.0
-0.000521161840092
-0.00187505319078
-0.00173342263694
-0.0165946172139
0.0
-0.0128964759909
0.0
0.0
-0.000286641643743
-0.00731772721796
-0.00187505319078
-0.0211178246511
-0.0111314814345
0.0
-0.00742216609819
0.0
-0.000708631599338
0.0
-0.00528008633123
-0.00965185029071
-0.0103680546566
-0.0195644754942
-0.00702971750627
-0.0239699851585
-0.00036690077284
-0.0175542490875
-0.0398589913348
-0.0540826325631
-0.0605142238878
-0.0535986716965
-0.0380054063542
-0.0744605967588
0.0
-0.0407568115329
0.0
0.0
0.0
0.0
0.0
0.0
0.0
0.0
0.0
0.0
0.0
0.0
0.0
0.0
0.0
0.0
0.0
0.0
0.0
0.0
0.0
0.0
0.0
0.0
0.0
-0.00412718226901
-0.000318864812872
4.44427436374e-05
-0.0156704374579
-0.00727099528912
0.0
0.0
0.0
0.0
0.0
0.0
0.0
0.0
0.0
0.0
0.0
0.0
0.0
2.34024497418e-05
0.0
-0.0207302007734
-0.00310832129731
0.0
-0.0184144742139
0.0
0.0
0.0
0.0
0.0
0.0
0.0
-0.00127038912513
0.0
-0.00721369871416
-0.000319585838432
-0.00127038912513
-0.000735147884082
4.484227386e-05
-0.000534930215299
0.0
0.0
0.0
0.0
0.0
0.0
-0.00221133465292
0.0
0.0
0.0
0.0
0.0
0.0
0.0
0.0
0.0
0.0
0.0
0.0
0.0
0.0
0.0
0.0
0.0
-0.00214625603591
-0.00213983011738
-0.00232645905019
-0.00190511280792
-0.000997547510848
-0.0023634828832
-0.00232645905019
-0.00098413114894
0.0
0.0
-0.00261177970076
-0.00711864049555
0.0
0.0
0.0
0.0
0.0
0.0
0.0
0.0
0.0
0.0
0.0
0.0
-0.00958518618022
-0.00112471106393
0.0
0.0
0.0
0.0
0.0
0.0
0.0
0.000196693627872
0.000196713206397
0.000350008891846
0.0
0.0
0.0
0.0
0.0
0.0
0.0
7.55016384186e-05
0.0
0.0
0.0
0.0
0.0
0.0
-0.000313252425868
0.0
0.0
0.0
0.0
0.0
0.0
2.87242731737e-05
0.0
0.0
0.0
0.0
-0.000204105653582
-0.000421347465923
-0.00123665213527
-0.0031279991744
-0.000699847216932
0.0
-0.00018549922753
0.0
0.0
0.0
0.0
0.0
0.0
0.0
0.0
0.0
0.0
0.0
0.0
0.0
0.0
0.0
0.0
0.0
0.0
0.0
0.0
0.0
-0.00130140243745
-0.00130140243745
-0.00130140243745
-0.00130140243745
-0.00130140243745
-0.00130140243745
0.0
0.0
0.0
0.0
0.0
0.0
0.0
0.0
0.0
0.0
0.0
0.0
0.0
-0.00103486944082
-0.00229368730658
0.0
0.0
0.0
0.0
0.0
0.0
-0.00130740460609
0.0
0.0
0.0
0.0
0.0
0.0
0.0
0.0
0.0
0.0
0.0
0.0
0.0
0.0
0.0
0.0
0.0
0.0
0.0
-7.11986363361e-05
0.0
0.0
0.0
0.0
0.0
0.0
0.0
0.0
0.0
0.0
0.0
0.0
0.0
0.0
0.0
0.0
0.0
0.0
0.0
0.0
0.0
0.0
-0.0014163720826
6.35454158232e-06
-0.000339106582066
-0.000254207332581
-0.000174011409403
0.0
0.0
0.0
0.0
0.0
0.0
0.0
0.0
0.0
0.0
0.0
0.0
0.0
0.0
0.0
0.0
0.0
0.0
0.0
-0.00450558419631
-0.00423631587276
-0.00451062643657
-0.00416796369571
-0.000868804347739
-0.000269020668751
-0.00092423695745
-0.00181772746329
0.0
-0.00183114258417
-1.717667231e-05
-0.00216105901438
0.0
0.0
0.0
-0.00306951005233
0.0
0.0
0.0
0.0
0.0
0.0
0.0
0.0
0.0
0.0
-0.106952962353
0.0013159567792
0.0013159567792
0.0013159567792
0.0013159567792
0.0013159567792
0.0
0.0
0.0
0.0
0.0
0.0
0.0
0.0
0.0
0.0
0.0
0.0
0.0
-0.00262018180534
0.0
-0.00284095068616
0.0
-0.00380976441269
-1.81661840312e-05
0.0
9.37740796656e-05
0.0
-0.00300118241239
0.0
0.0
0.0
0.0
0.0
0.0
0.0
0.0
0.0
0.0
0.0
0.0
0.0
0.0
0.0
0.0
0.0
0.0
0.0
0.0
0.0
0.0
0.0
0.0
1.45617827362e-05
0.0
0.0
0.0
-0.0457881030395
0.0
0.0
0.0
0.0
0.0
0.0
0.0
0.0
0.0
0.0
0.0
0.0
0.0
0.0
0.0
0.0
0.0
0.0
0.0
0.0
0.0
0.0
0.0
0.0
0.0
0.0
0.0
0.0
0.0
0.0
0.0
0.0
0.0
0.0
0.0
0.0
0.0
0.0
0.0
0.0
0.0
0.0
0.0
0.0
0.0
0.0
0.0
0.0
0.0
0.0
0.0
0.0
0.0
0.0
0.0
0.0
0.0
0.0
0.0
0.0
0.0
0.0
0.0
0.0
0.0
0.0
0.000299850237285
0.0
0.0
0.0
0.0
0.0
0.0
0.0
0.0
0.0
0.0
0.0
0.0
0.0
0.0
0.0
0.0
0.0
0.0
0.0
0.0
0.0
0.0
0.0
0.0
0.0
0.0
0.0
0.0
0.0
0.0
0.0
0.0
0.0
0.0
0.0
0.0
0.0
0.0
0.0
0.0
0.0
0.0
0.0
0.0
0.0
0.0
0.0
0.0
0.0
-0.000159126780025
0.0
0.0
0.0
0.0
0.000386935337071
0.0
0.0
0.0
0.0
0.0
0.0
-0.000629320059032
-2.59976418052e-05
-2.59976418052e-05
-2.59976418052e-05
0.0
0.0
0.00049469539763
9.80583344935e-05
0.0
-2.01005296871e-05
0.0
0.0
0.0
0.0
0.0
0.0
0.0
0.0
0.0
0.0
0.0
0.0
0.0
0.0
0.0
0.0
0.0
0.0
0.0
0.0
0.0
0.0
0.0
0.0
0.0
-3.38642353493e-05
0.0
0.0
0.0
0.0
0.0
0.0
0.0
0.0
0.0
0.0
0.0
0.0
0.0
0.0
0.0
0.0
0.0
0.0
0.0
0.0
0.000740577470517
0.00113406592023
0.0
0.0
0.0
0.0
0.0
0.0
0.0
0.0
0.0
0.0
0.0
0.0
0.0
0.0
0.0
0.0
0.0
0.0
0.0
0.0
0.000218432147873
0.0
0.0
0.0
0.0
0.0
0.0
0.0
9.63598538432e-05
0.0
-0.00197150034079
0.0
0.0
0.0
0.0
0.0
0.0
0.0
0.0
0.0
0.0
0.0
0.0
0.0
0.0
0.0
0.0
0.0
0.0
0.0
0.0
0.0
0.0
0.0
0.0
0.0
0.0
0.0
0.0
0.0
0.0
0.0
0.0
0.0
0.0
0.0
0.0
0.0
0.0
0.0
0.0
0.0
0.0
0.0
0.0
0.0
0.0
0.0
0.0
0.00623781873911
0.00237622868646
0.000339239504998
0.0
0.0
0.0
0.0
0.0
0.00343259649587
0.00431796110839
0.000794241388679
0.0
0.0
6.8898397561e-06
-1.73203501932e-05
0.000983575745367
0.00163598406871
-0.000736868147045
0.0011694833167
0.00393866760651
0.0168957545322
0.00702184138181
-0.00763769529612
0.0251194727413
-0.0928820207571
-0.0197699837514
-0.0845792061142
-0.0553907604638
-0.0407636832028
-0.0321146636829
-0.0806347611809
-0.0454745793004
-0.0989934039764
-0.00668280005287
-0.0895263126637
-0.086725354129
-0.116156964434
-0.0374609282795
-0.00733107381759
-0.145036252149
-0.0786564923388
0.0
-0.0786564923388
0.0
0.0
0.0
0.0
0.0
0.0
0.0
0.0
0.0
0.0
0.0
0.0
0.0
0.0
0.0
0.0
0.0
0.0
0.0
0.0
0.0
0.0
0.000104112550297
0.000104112550297
0.0
0.0
0.0
0.0
0.0
0.00825893577023
0.0116372129164
0.00114066031171
0.0
0.0
0.0
0.0
5.75851994868e-05
0.000875873159326
0.0211410154211
0.00504378229037
0.0
0.0
0.000530774976589
0.000155461778062
0.00160616208014
0.0120838858905
0.00490710992795
0.0153294320874
0.000367754233308
-0.00071538853143
0.00176706272175
8.69283207787e-05
0.000101286761822
0.0221368749679
-0.0180685577561
0.0225624628428
-0.0264309355698
-0.0211935065151
-0.0232598670143
-0.0185243880661
-0.00523044089709
-0.0463865409238
0.0
-0.0463865409238
0.0
0.0
0.0
0.0
0.0
0.0
0.0
0.0
0.0
0.0
0.0
0.0
0.0
0.0
0.0
0.0
0.0
0.0
0.0
0.0
0.0
0.0
0.0
0.0
0.0146999814463
0.0141739569075
0.0135978340232
0.0138157933529
0.0
0.0
0.000281202513103
0.0103332870126
0.014053160162
0.0134549170079
0.0135270123949
0.0144901304493
0.0
0.0
0.000468896930488
0.0108376279311
0.0146794369766
0.0137794025906
0.0129702028122
0.0150924788721
0.0
0.000118988695424
0.0106762793251
0.0111049643241
0.0189276088771
0.0175323046048
0.0164958203897
0.017874949726
0.000465995802444
0.0108951031274
0.0156768777027
0.0156225472426
0.0194694564208
0.0182105387084
0.0164643100533
0.0197627819869
0.0111461395984
0.0152048985195
0.013372569753
0.0198551793918
-0.0470789331173
-0.0605488470043
-0.0668645834508
-0.0520652200157
-0.0552896782181
-0.0703698804181
-0.0541392180572
-0.0615851449955
-0.0657559771544
-0.1058253891
-0.0983044047774
-0.0894972128272
-0.0902371178128
-0.0680476249694
-0.0895001670311
-0.123786368846
0.0
0.0
0.0
0.0
0.0
0.0
0.0
0.0
0.0
0.0
0.0
0.0
0.0
0.0
0.0
0.0
0.0113647900298
0.0100669002429
0.0118830246466
0.0125754522722
0.0
0.0
-4.78431363526e-05
0.00866255801668
0.0122305696985
0.00992133773604
0.011535518476
0.0115932437114
0.0
0.0
7.8006505735e-05
0.00951603324303
0.0120745799722
0.0101067314544
0.011384193061
0.0120765263185
-0.000166962507636
9.88100739009e-05
0.00747569199757
0.0105896889824
0.0112025878108
0.0107218034192
0.0118665951237
0.0129122655965
0.000553552913635
0.00743554525589
0.00892482963351
0.00942051089813
0.0125010183028
0.0131747906447
0.0122461280941
0.0125171715882
0.00928200187138
0.00955043819943
0.0105925820297
0.0109987195456
0.0099580495022
0.00846923659048
0.00812764452611
0.010234770387
0.00899843046286
0.00935335554737
0.00960482046957
0.0105071228063
0.0
-0.0243199218789
-0.0207863054857
-0.0169909867973
-0.0178015930865
-0.0216421204795
-0.0195448432779
-0.0183554532218
0.0
0.0
0.0
0.0
0.0
0.0
0.0
0.0
0.0
0.0
0.0
0.0
0.0
0.0
0.0
0.0
0.0162187929195
0.0149128231108
0.0142519591856
0.0168073705579
0.015829586711
0.00857685136898
0.00381777083493
0.0148014343826
0.0151313917427
0.0145476415687
0.0143628579087
0.0154288709343
0.0152720812383
0.00868461956981
0.00127601091563
0.0144996761961
0.014661193101
0.0144995182855
0.0134598517612
0.015988854839
0.0155316485457
0.00886612324017
0.000270143946283
0.013448920705
0.0166182120389
0.0171972730633
0.0158009984881
0.0183106618992
0.0162362724799
0.0193581187308
-0.00166880072596
0.0160011569816
0.0170834139936
0.0174504140818
0.0165740644667
0.0188277461715
0.0177140369394
0.0320206179174
0.00208377389986
0.0179905762168
-0.0614794452012
-0.0621597809523
-0.0669163052913
-0.0679398141916
-0.034621733608
-0.0415201070053
-0.00231192404894
-0.059812362201
-0.116101812158
-0.122359966173
-0.1084718947
-0.099525359442
-0.0667160741781
-0.145036252149
0.0
-0.115458039949
0.0
0.0
0.0
0.0
0.0
0.0
0.0
0.0
0.0
0.0
0.0
0.0
0.0
0.0
0.0
0.0
0.012671184549
0.0125245556989
0.0120638782094
0.0144441492467
0.0127355681621
-0.0103288933375
0.00560174825365
0.00901896033647
0.0131634550292
0.0124147336211
0.0133306993276
0.0123076991608
0.0124754968447
0.00584960513246
0.00303946370682
0.0129618260444
0.0104950444135
0.00964652039474
0.0115227588747
0.0125484318126
0.00864192780071
0.00521887773856
0.00298897427408
0.0140758840478
0.0115124769726
0.0127049941854
0.0108840848589
0.0140115543781
0.0113588838905
-0.0034418252973
0.00221524938484
0.0126618379845
0.0150568911352
0.0128274402967
0.0142825837864
0.0134139964728
0.0134490267933
0.00276090267977
0.00169031272893
0.0105678467282
0.0119063505608
0.0106380577214
0.0089922880588
0.0119863699083
0.00945193366024
-0.0113947533162
0.000772852996662
0.0108725489753
-0.0211390107864
-0.0214296285973
-0.0196076523954
-0.0176326177532
-0.0124077838167
-0.0125803712182
0.0
-0.0125803712182
0.0
0.0
0.0
0.0
0.0
0.0
0.0
0.0
0.0
0.0
0.0
0.0
0.0
0.0
0.0
0.0
0.0
0.0
0.0
0.0
0.0
0.0
0.00127794705903
0.000933489128248
0.000668145998616
0.000441754542489
0.000259207132152
2.99967042172e-05
-5.47291562703e-05
0.0
0.0
0.0
0.0
0.0
0.0
0.0
0.0
0.0
0.0
0.0
0.0
9.98497308845e-06
9.98497308845e-06
0.00110727212306
0.000712560676978
0.000508671082085
0.000476930746185
0.0
0.0
0.0
0.0
0.0
0.0
0.0
0.0
0.0
-0.0010851166259
-0.000588594509086
-0.000406150560007
-0.00214639467462
-0.00196676448064
-0.00214106663266
-0.000582940184325
-0.000410911384003
0.0
0.0
0.0
0.0
0.0
0.0
0.000336637557352
0.0
0.0
0.0
0.0
0.0
0.0
0.0
0.0
0.0
0.0
0.0
0.0
0.0
0.0
0.0
0.0
0.0
0.00581951325509
0.00413592978331
0.00688451642913
0.00391738129807
0.00727794301657
0.00718697391075
0.00688451642913
0.00512868276243
0.0
0.0
0.0012287209584
0.000639044650409
0.0
0.0
0.0
0.0
0.0
0.0
0.0
0.0
0.0
0.0
0.0
0.0
0.000693041638988
5.89749549271e-06
0.0
0.0
0.000138750036353
0.0
0.0
0.0
0.0
0.000350245192954
8.48142054484e-05
8.48142054484e-05
0.0
0.0
0.0
0.0
0.0
0.0
0.0
8.48142054484e-05
4.01287807162e-05
0.0
0.0
0.0
0.0
0.00395584029628
0.00539281614656
0.0
0.0
0.0
0.0
0.0
0.00366245692711
0.0026546951126
0.00126691521713
0.00430793665839
6.17554560871e-05
0.000286798454421
0.00252824400615
0.00231223023773
-4.62336544389e-05
0.000226469075371
0.00360530483978
0.0042099639682
0.00369185239709
0.000903414328262
0.00184931468197
0.00186670329873
-4.18502166246e-05
-4.90418798333e-05
4.19748331922e-05
0.0
0.0
6.90993576411e-05
7.63492664792e-05
9.97948336234e-05
0.0
5.12532298775e-05
0.0
0.0
7.57978886358e-06
-3.23813700712e-05
7.85301594394e-05
9.27325000868e-05
0.000244421622632
0.00466278783422
0.00542121480842
0.0061246835073
0.00641385291813
0.00648608615507
0.00650172866889
0.00650172866889
0.000159359529432
0.00458780250888
0.00537468571823
0.00620955801959
0.00656977633837
0.00667795545758
0.00671756716081
0.00671756716081
0.0
0.0
0.0
1.30237435498e-05
1.65244630106e-05
4.85585800297e-05
5.58014697961e-05
0.000101618143143
-7.56678856168e-05
0.0
0.0
4.868700015e-05
2.97120616969e-05
0.000126851788158
0.000133369328828
-4.2829008923e-05
0.0
0.0
0.0
0.0
0.0
0.0
0.0
0.0
0.0
0.0
0.0
0.0
0.0
0.0
0.0
0.0
0.00324791007449
0.000117531427378
0.0021420851175
0.0034013254636
-1.92236318376e-05
0.00011297697122
3.62253190643e-05
4.76414709714e-05
0.00271091180793
0.00010990707476
0.000129428111306
0.00344475869441
0.0
0.0
0.0
0.0
0.0
0.0
0.0
0.0
0.0
0.0
0.0
0.0
6.56226635469e-05
5.78544261505e-05
0.000102802448544
0.000153317602527
0.00181495043076
0.000625372631632
0.000392110995536
0.000246786746976
0.0
0.0
0.0
0.0
3.66065727749e-05
0.00116216054588
0.000118595558208
0.00104365000357
0.0
0.0
0.0
0.0
0.0
0.0
0.0
0.0
0.00152774452889
0.0013473996899
0.00130932958849
0.00134893536485
6.40075402381e-05
1.47248936396e-05
0.000822008042037
0.000588271298424
0.00174038982978
0.00166292477163
0.00171437255063
0.00148040292628
0.0
0.0
0.00019014471879
0.000646053930833
0.0
0.0
0.0
0.0
0.0
0.0
0.0
0.0
0.0
-0.0696812568088
0.0326309980677
0.000892592341398
0.000892592341398
0.000892592341398
0.000892592341398
0.000892592341398
-0.000428443431189
0.0146805620126
0.00294074726824
0.0
0.0
0.0
0.0
0.0
0.0
0.0
0.0
6.56642934977e-05
0.000844301048401
0.000301519176575
0.0
0.000997871289811
0.00443043943586
0.00302838435084
0.00309671295094
0.00437243421013
0.00301525108804
0.00453625468888
0.00184618691414
0.0
0.0
0.0
0.0
0.0
0.0
0.0
0.0
0.0
0.0
0.0
0.0
0.0
0.0
0.0
0.0
0.0
0.0
0.0
0.0
0.0
0.0
0.0
0.0
3.90328800707e-05
1.53034631754e-05
1.53034631754e-05
0.0
0.00109796518813
0.0
0.0
0.0
0.0
0.0
0.0
0.0
0.0
0.0
0.0
0.0
0.0
0.000194252029228
0.000345968916079
0.0001331865867
0.000753964801066
0.0
0.0
0.0001331865867
9.2077330409e-05
0.0
0.0
0.0
0.0
0.0
0.0
0.0
0.0
0.0
0.0
0.0
0.0
0.0
0.0
0.0
0.0
0.0
0.0
0.0
0.0
0.0
0.0
0.0
0.0
0.0
0.0
0.0
0.0
0.0
0.0
0.0
0.0
0.0
0.0
0.0
0.0
0.0
0.0
0.0
0.0
0.0
0.0
0.0
0.0
0.0
1.41209112703e-05
0.00034589731609
0.0
0.0
0.0
0.0
0.0
0.0
0.0
0.0
0.0
0.0
0.0
0.0
0.0
0.0
0.0
0.0
0.0
0.0
0.0
0.0
0.0
0.0
0.0
0.0
0.0
0.0
0.0
0.0
0.0
0.0
0.0
0.0
0.0
0.0
0.0
0.0
0.0
0.0
0.0
0.0
0.0
0.0
0.0
0.0
0.0
0.0
0.0
0.0
0.0
-0.000242071281234
3.11213794601e-05
0.0
0.0
0.0
0.000264651707671
0.0
0.0
0.0
0.0
0.0
0.0
0.00126384785362
0.000947570761557
0.000947570761557
0.000947570761557
0.0
0.0
0.00055601993279
0.000108434007929
0.0
5.45781484723e-06
0.0
0.0
0.0
0.0
0.0
0.0
0.0
0.0
0.0
0.0
8.42930095436e-05
0.0
0.0
0.0
0.0
0.0
0.0
0.0
0.0
0.0
0.0
0.0
0.0
0.0
0.0
0.000230478502772
0.0
0.0
0.0
9.98497308845e-06
0.0
0.0
0.0
0.0
0.0
0.0
0.0
0.0
0.0
0.0
0.0
0.0
0.0
0.0
0.0
0.0
0.0004633025491
0.000474024198521
0.0
0.0
-9.21740565436e-05
-0.000172414350169
0.0
0.0
0.0
0.0
0.000197034371717
0.0
0.00943809909592
0.0114751963314
0.0
0.0
-0.000159697342823
0.00950437022819
-0.000159697342823
0.0
0.0
0.0090691853098
0.000969907850498
0.00967851810022
0.0097376560216
0.0097376560216
0.0097376560216
0.00967851810022
0.0
0.0
0.000761190056146
0.00205110587783
0.000426611219283
0.0
0.0
0.0
0.00884448765865
0.000138347245542
0.000409262288027
0.000149097298488
7.33516704764e-05
7.33516704764e-05
0.00967851810022
0.00923214997093
