0.0
0.0
0.0
0.0
0.0
0.0
0.0
0.0
0.0
0.0
0.0
0.0
0.0
0.0
0.0
0.0
0.0
0.0
0.0
0.0
0.0
0.0
0.0
0.0
0.0
0.0
0.0
0.0
0.0
0.0
0.0
0.0
0.0
0.0
0.0
0.0
0.0
0.0
0.0
-0.00684931988895
-1.66533453694e-16
1.11022302463e-16
0.0
1.11022302463e-16
-1.38777878078e-17
0.0
-8.67361737988e-19
-0.000569842148668
-1.35525271561e-20
-3.38813178902e-21
4.23516473627e-22
5.29395592034e-23
-6.61744490042e-24
-3.30872245021e-24
-4.13590306277e-25
1.29246970711e-26
0.00223289427112
0.0105679169856
0.0162093115918
0.021616107143
0.0203640060918
0.0
0.0
0.0
0.00179371362547
0.000882083907637
0.00287871320366
0.00535249159341
0.00463087373566
0.00350335670424
0.00350335670424
0.00350335670424
0.000851099009373
0.000755702064709
0.00120261953986
0.00393439114354
0.00431096235672
0.00318582543158
0.00507092765359
0.00318582543158
0.0
0.0
0.0
0.0
0.0
0.0025464742514
0.0025464742514
0.0025464742514
0.0
0.0
0.0
0.0
0.0
0.0
0.0
0.0
0.0
0.0
0.0
0.0
0.0
0.0
0.0
0.0
0.0
0.0
0.0
0.0
0.0
0.0
0.000102566381677
-0.004430262155
0.0
0.0
0.0
0.0
0.0
0.0
0.0
-1.13655709901e-05
0.0
0.0
0.0
0.00330013678066
0.00179963720658
0.0
0.0
0.0
0.00821448257526
0.10727307731
0.0503223290561
-0.00659818698837
0.127016891985
0.0
0.0
0.0
0.00820613171632
0.0109466016095
0.00388053026174
0.00348670669004
0.0126411987665
0.00553191346901
0.00553191346901
0.00553191346901
0.0
0.0
0.0
0.0
0.0
0.00947888221522
0.00947888221522
0.00947888221522
0.0
0.0
0.0
0.0
0.0
0.0
0.0
0.0
0.0
0.0
0.0
0.0
0.0
0.0
0.0
0.0
0.0
0.0
0.0
0.0
0.0
0.0
0.0
0.0
0.0
0.0
0.0
0.0
0.0
0.0
0.0
0.0
0.0
0.0
0.0
0.0
0.0
0.0
0.0
0.0
0.00161560412943
0.00171213861185
-0.0001990245221
0.000914903495881
-4.95145198821e-05
0.00194054887932
0.0017557945277
0.00318031691982
0.0157532841694
0.0149225772153
0.0137230797985
0.0141819308073
0.0139657805388
0.0136585483184
0.0137141769998
0.0153936193897
0.00471791296409
0.00568316464198
0.00340213531683
0.0028447561012
0.0035671999267
0.00366503698291
0.00391940197186
0.00366638834962
0.00263885348587
0.00285222325647
0.00267516461041
0.00219007646724
0.00261719463867
0.00106524716474
0.00196942465303
0.00281130946912
0.0
0.0
0.0
0.0
0.0
0.0
0.0
0.0
0.0
0.0
0.0
0.0
0.0
0.0
0.0
0.0
0.0
0.0
0.0
0.0
0.0
0.0
0.0
0.0
0.0
0.0
0.0
0.0
0.0
0.0
0.0
0.0
0.0
0.0
0.0
0.0
0.0
0.0
0.0
0.0
0.0
0.0
0.0
0.0021816825107
0.0
0.0
0.0
0.0
0.0
0.0
0.0
0.00759565448669
0.00344902583805
0.00233463952958
0.0
0.00528902594936
0.00574610466347
0.00492905662804
0.00285348937587
0.00687561840145
0.00624895299204
0.00816351595396
0.00673499110502
0.0077760902977
0.00659116691156
0.0106874991571
0.00952666957261
0.00827451726635
0.00818688432401
0.00966751977213
0.00711607031708
0.00926309310034
0.0
0.0
0.0
0.0
0.0
0.0
0.0
0.0
0.0
0.0
0.0
0.0
0.0
0.0
0.0
0.0
0.0
-0.000618698379882
0.0
0.0
0.0
0.0
-0.00201465929208
0.0
0.0
0.0
0.0
0.0
0.0
0.0
-0.00258549589207
0.0
0.0
-0.000606341494665
0.0
0.000632137799415
0.0
0.0
-0.00162799577199
0.0
0.000205083937039
-0.00539538775176
-0.00149345123289
-0.00109733341004
-0.0109313917399
0.00396117976982
-0.00121103481047
0.00151315096085
0.0152281353874
0.0142782857213
0.0155067145017
0.0147103359122
0.0108572811119
0.0206812334118
-0.0002574010673
0.0149667874639
0.00245840148695
0.00457859304629
0.00408493667717
0.00397422793392
0.00113961649067
0.00686896477617
0.000316493934166
0.00492516130049
0.00343644171792
0.00376453024382
0.00422931072413
0.00255851775092
0.00336493087442
0.00431096235672
0.0
0.00358089099067
0.0
0.0
0.0
0.0
0.0
0.0
0.0
0.0
0.0
0.0
0.0
0.0
0.0
0.0
0.0
0.0
0.0
0.00435617180271
0.0
0.0
0.0
0.0
-0.00172722291921
0.0
0.00297753276347
0.00426879137166
0.0
0.0
0.000526281699285
0.0
-0.00258729696252
0.0
0.0
0.00508571916139
0.0
0.00435422948002
0.00188753480034
0.0
-0.00190576975639
0.00435422948002
0.00156864065989
0.00433257410679
0.0
0.00594727038026
0.0
0.0
0.000571275420121
0.00223008735855
0.00435422948002
0.00495926663949
0.00554391277641
0.0
0.00881235950258
0.0
0.00348470519385
0.0
0.0154402907704
0.0111122691552
0.010338956168
0.00511319037443
0.00946120933653
0.00557741214456
0.00236663457099
0.010278422976
0.00634634068624
0.0101603398069
0.00909536899194
0.00855996779146
0.00663596959764
0.00967016315304
0.0
0.00600793678434
0.0
0.0
0.0
0.0
0.0
0.0
0.0
0.0
0.0
0.0
0.0
0.0
0.0
0.0
0.0
0.0
0.0
0.0
0.0
0.0
0.0
0.0
0.0
0.0
0.0
0.00081676436064
-0.000137676192101
-0.000446678880306
-0.00395350232647
-0.000572882079889
0.0
0.0
0.0
0.0
0.0
0.0
0.0
0.0
0.0
0.0
0.0
0.0
0.0
-0.000149933758299
0.0
0.00396153588421
-0.00370301089106
0.0
-0.00390129038068
0.0
0.0
0.0
0.0
0.0
0.0
0.0
5.35391498629e-05
0.0
-0.00275996855904
-0.000229114072608
5.35391498629e-05
0.000289535536356
-0.000369944962204
-0.00472758753075
0.0
0.0
0.0
0.0
0.0
0.0
-0.00370106242194
0.0
0.0
0.0
0.0
0.0
0.0
0.0
0.0
0.0
0.0
0.0
0.0
0.0
0.0
0.0
0.0
0.0
-0.00362618718561
-0.00376932528938
-0.0052472870115
-0.00353962145065
-0.0032826056779
-0.00423457714775
-0.0052472870115
-0.00313143259238
0.0
0.0
-0.00409955394239
-0.00556954966224
0.0
0.0
0.0
0.0
0.0
0.0
0.0
0.0
0.0
0.0
0.0
0.0
-0.00575087389704
9.98141433224e-05
0.0
0.0
0.0
0.0
0.0
0.0
0.0
-0.00124255917316
-0.00124499487429
-0.00135244987178
0.0
0.0
0.0
0.0
0.0
0.0
0.0
-0.00118160929004
0.0
0.0
0.0
0.0
0.0
0.0
-0.001173647034
0.0
0.0
0.0
0.0
0.0
0.0
-0.000394123075735
0.0
0.0
0.0
0.0
-0.000323239508505
-0.00014802435135
4.42259397687e-06
0.000506881781871
5.03710165248e-05
0.0
-0.000387348180668
0.0
0.0
0.0
0.0
0.0
0.0
0.0
0.0
0.0
0.0
0.0
0.0
0.0
0.0
0.0
0.0
0.0
0.0
0.0
0.0
0.0
7.41457951882e-06
7.41457951882e-06
7.41457951882e-06
7.41457951882e-06
7.41457951882e-06
7.41457951882e-06
0.0
0.0
0.0
0.0
0.0
0.0
0.0
0.0
0.0
0.0
0.0
0.0
0.0
1.26268474623e-05
0.000308032693551
0.0
0.0
0.0
0.0
0.0
0.0
0.000290049563802
0.0
0.0
0.0
0.0
0.0
0.0
0.0
0.0
0.0
0.0
0.0
0.0
0.0
0.0
0.0
0.0
0.0
0.0
0.0
-0.000219799292015
0.0
0.0
0.0
0.0
0.0
0.0
0.0
0.0
0.0
0.0
0.0
0.0
0.0
0.0
0.0
0.0
0.0
0.0
0.0
0.0
0.0
0.0
0.000176696888127
-0.000258021692092
-4.65046054177e-05
-0.000198749625457
-0.000376672340634
0.0
0.0
0.0
0.0
0.0
0.0
0.0
0.0
0.0
0.0
0.0
0.0
0.0
0.0
0.0
0.0
0.0
0.0
0.0
-0.00588871980059
-0.00564629218021
-0.00577241237287
-0.0057904694057
-2.3686641312e-05
-0.000129825592214
-0.00205167711426
-0.00414629959567
0.0
0.000142240216383
-0.00017999698344
0.000279474729466
0.0
0.0
0.0
-0.00462256064218
0.0
0.0
0.0
0.0
0.0
0.0
0.0
0.0
0.0
0.0
0.0206278750416
-0.00205951076293
-0.00205951076293
-0.00205951076293
-0.00205951076293
-0.00205951076293
0.0
0.0
0.0
0.0
0.0
0.0
0.0
0.0
0.0
0.0
0.0
0.0
0.0
-0.00399670643456
0.0
-0.0016469544883
0.0
0.000533448551216
-0.00041927045835
0.0
-0.00045175303746
0.0
-0.00420519768597
0.0
0.0
0.0
0.0
0.0
0.0
0.0
0.0
0.0
0.0
0.0
0.0
0.0
0.0
0.0
0.0
0.0
0.0
0.0
0.0
0.0
0.0
0.0
0.0
-0.00013447965406
0.0
0.0
0.0
0.0102897869734
0.0
0.0
0.0
0.0
0.0
0.0
0.0
0.0
0.0
0.0
0.0
0.0
0.0
0.0
0.0
0.0
0.0
0.0
0.0
0.0
0.0
0.0
0.0
0.0
0.0
0.0
0.0
0.0
0.0
0.0
0.0
0.0
0.0
0.0
0.0
0.0
0.0
0.0
0.0
0.0
0.0
0.0
0.0
0.0
0.0
0.0
0.0
0.0
0.0
0.0
0.0
0.0
0.0
0.0
0.0
0.0
0.0
0.0
0.0
0.0
0.0
0.0
0.0
0.0
0.0
0.0
-0.00072542451719
0.0
0.0
0.0
0.0
0.0
0.0
0.0
0.0
0.0
0.0
0.0
0.0
0.0
0.0
0.0
0.0
0.0
0.0
0.0
0.0
0.0
0.0
0.0
0.0
0.0
0.0
0.0
0.0
0.0
0.0
0.0
0.0
0.0
0.0
0.0
0.0
0.0
0.0
0.0
0.0
0.0
0.0
0.0
0.0
0.0
0.0
0.0
0.0
0.0
-0.000287817906375
0.0
0.0
0.0
0.0
-0.00183425934359
0.0
0.0
0.0
0.0
0.0
0.0
0.00344273493437
0.0101368651327
0.0101368651327
0.0101368651327
0.0
0.0
-3.83371698742e-05
-0.000635243383626
0.0
-9.57613649764e-05
0.0
0.0
0.0
0.0
0.0
0.0
0.0
0.0
0.0
0.0
0.0
0.0
0.0
0.0
0.0
0.0
0.0
0.0
0.0
0.0
0.0
0.0
0.0
0.0
0.0
-0.000165832114849
0.0
0.0
0.0
0.0
0.0
0.0
0.0
0.0
0.0
0.0
0.0
0.0
0.0
0.0
0.0
0.0
0.0
0.0
0.0
0.0
0.00923384358196
0.011272830259
0.0
0.0
0.0
0.0
0.0
0.0
0.0
0.0
0.0
0.0
0.0
0.0
0.0
0.0
0.0
0.0
0.0
0.0
0.0
0.0
-0.000265070924759
0.0
0.0
0.0
0.0
0.0
0.0
0.0
-0.000134374234696
0.0
-0.00190293794929
0.0
0.0
0.0
0.0
0.0
0.0
0.0
0.0
0.0
0.0
0.0
0.0
0.0
0.0
0.0
0.0
0.0
0.0
0.0
0.0
0.0
0.0
0.0
0.0
0.0
0.0
0.0
0.0
0.0
0.0
0.0
0.0
0.0
0.0
0.0
0.0
0.0
0.0
0.0
0.0
0.0
0.0
0.0
0.0
0.0
0.0
0.0
0.0
-0.0170230813456
0.00430283797734
0.000514941656651
0.0
0.0
0.0
0.0
0.0
-0.00732851059822
0.014695391382
-0.00199303584878
0.0
0.0
-0.000116510185418
-0.00208229776762
-0.001939321667
0.000688837008789
-0.0020572710987
0.00752823763158
-0.00892612254276
-0.0524875067833
-0.0282745503028
0.0151335110157
-0.0637902819185
0.0212336270324
0.000225546647434
0.0216312381342
0.000341153941041
-0.00216882115635
-0.00121706022824
0.000163115127995
-0.00365037930814
0.00498525926601
-4.72929456565e-06
0.00539415028858
-0.00190236884166
-0.00230650416971
-0.000877505982004
0.000656257295609
-0.00337733400792
0.00395832687257
0.0
0.00395832687257
0.0
0.0
0.0
0.0
0.0
0.0
0.0
0.0
0.0
0.0
0.0
0.0
0.0
0.0
0.0
0.0
0.0
0.0
0.0
0.0
0.0
0.0
0.000205784737173
0.000205784737173
0.0
0.0
0.0
0.0
0.0
0.0521363038572
0.0997697957531
0.00555913279459
0.0
0.0
0.0
0.0
0.000722414930539
0.0056788932799
0.165994699951
0.0630441453156
0.0
0.0
-0.00130424941235
-8.9750901553e-05
0.0133240505631
0.122489614351
0.0807567668353
0.133655733571
-0.000395241659618
-0.00708566861646
-0.00939453993697
-0.00557287598352
-0.00430065801279
0.153007144144
0.00698734113498
0.153076373286
3.07870701832e-05
-0.00021018456969
-0.00057359935009
-0.000584300628472
-0.000221289704784
0.0155243243253
0.0
0.0155243243253
0.0
0.0
0.0
0.0
0.0
0.0
0.0
0.0
0.0
0.0
0.0
0.0
0.0
0.0
0.0
0.0
0.0
0.0
0.0
0.0
0.0
0.0
0.0
0.0
-0.0344296249701
-0.0327989882091
-0.0350064634631
-0.0342782477523
0.0
0.0
-0.000546312337791
-0.0234262462754
-0.0312961992939
-0.0329984671861
-0.0308342229377
-0.034275568977
0.0
0.0
-0.00166362501338
-0.0256963079203
-0.0358367872416
-0.0360864225883
-0.0340604081206
-0.0369081485646
0.0
-0.000674561215719
-0.0250504774963
-0.0296147892601
-0.0425635859549
-0.0418435977822
-0.0399620476051
-0.0404582044692
-0.00154840415406
-0.029853404219
-0.0350117486527
-0.0397680757445
-0.0470546042488
-0.0464716796628
-0.0437080043212
-0.0451371425473
-0.033116926476
-0.0398354616086
-0.0422971039759
-0.047103039345
-0.00359615105478
-0.00365425332327
-0.00363042548292
-0.00277153396869
-0.00233054091477
-0.00412888846704
-0.00323030629693
-0.00296055088889
-0.0011686263313
-0.00250345145637
-0.00211388536065
-0.00218231471211
-0.00190769688055
-0.00173992276878
-0.0021919240896
-0.00293032010241
0.0
0.0
0.0
0.0
0.0
0.0
0.0
0.0
0.0
0.0
0.0
0.0
0.0
0.0
0.0
0.0
0.0936614079081
0.0844263457928
0.0951627288891
0.0950343894173
0.0
0.0
0.00414368385364
0.0756922171148
0.0897420650324
0.080066592045
0.095197960966
0.0947230109913
0.0
0.0
0.00454601676448
0.078235540009
0.0853784348704
0.0931074210712
0.0922450592025
0.0945095494567
0.000960506573975
0.00271736322627
0.0703220230347
0.0802381681526
0.0941400921773
0.102453650637
0.0987438414663
0.0980137417871
0.00621521938675
0.0691811641073
0.0831388108145
0.0930228830643
0.0946325452647
0.10197298734
0.0984835677737
0.100667643139
0.0877691551869
0.0891028439472
0.0979926773485
0.0999737976904
0.0724292381204
0.0775476590775
0.0751546393124
0.0766725799679
0.0778695409029
0.0777381776441
0.0764723974909
0.0772413664901
0.0
0.00876896601396
0.00750641065818
0.00622405859944
0.00726635811853
0.00864545685362
0.0065126457706
0.00746915325809
0.0
0.0
0.0
0.0
0.0
0.0
0.0
0.0
0.0
0.0
0.0
0.0
0.0
0.0
0.0
0.0
-0.0379102087466
-0.0391132341161
-0.038546759027
-0.0425936606026
-0.0368037139442
-0.0191654311827
-0.00514954728398
-0.0388650379755
-0.0372324980619
-0.0369061365605
-0.0376344512214
-0.0402429475542
-0.0353092012464
-0.0188554914167
-0.00290023526757
-0.0369338863483
-0.0375579954915
-0.0380766095561
-0.0379094170494
-0.0417733966296
-0.0360961447661
-0.0234837644199
-0.00190369014534
-0.0374438625347
-0.0410220392801
-0.0418256857775
-0.0419686938978
-0.0448188250313
-0.039041191203
-0.0388219950656
-0.00138113201415
-0.040593172685
-0.0447100714859
-0.0462861387254
-0.0467074154294
-0.04795662693
-0.0415916568717
-0.0643303295113
-0.00357328014334
-0.0466027330269
-0.00339834149257
-0.00429862563808
-0.00329440823657
-0.00385119939466
-0.00272485419304
-0.00475227222545
1.46038389119e-05
-0.00299270729486
-0.00294774859875
-0.00280033133912
-0.00224716541553
-0.00256599261368
-0.00156968780192
-0.00337733400792
0.0
-0.00242963347929
0.0
0.0
0.0
0.0
0.0
0.0
0.0
0.0
0.0
0.0
0.0
0.0
0.0
0.0
0.0
0.0
0.109524767292
0.106428696544
0.10780143917
0.115740502868
0.102519211171
0.0601112119643
0.0247942703635
0.101963690412
0.107710832806
0.106904908404
0.107826701492
0.114987024167
0.103136480237
0.0567560811616
0.0154253383401
0.103175686014
0.104146116234
0.103627097704
0.103438011056
0.113096166053
0.0987385492777
0.0556618442096
0.0109852604674
0.0983688999027
0.10872807828
0.105936005385
0.108229785093
0.114987164061
0.101401748145
0.0580887513808
0.00956966440826
0.100446852437
0.10519804699
0.102297019792
0.104319982734
0.1120348695
0.0979197070844
0.0518953044326
0.00828522839978
0.0991745449526
0.0778891165291
0.0786550055101
0.0788219095497
0.0848895691337
0.0743229384299
0.0132852240521
0.00459715854764
0.0741533530179
0.0074531653632
0.00860718592744
0.00742032967529
0.00616885593918
0.00429679329733
0.00485659058474
0.0
0.00485659058474
0.0
0.0
0.0
0.0
0.0
0.0
0.0
0.0
0.0
0.0
0.0
0.0
0.0
0.0
0.0
0.0
0.0
0.0
0.0
0.0
0.0
0.0
-0.00597270257068
-0.00444864579972
-0.00321340415579
-0.00225743884064
-0.00155793249302
-0.000790462293536
-0.000170560832811
0.0
0.0
0.0
0.0
0.0
0.0
0.0
0.0
0.0
0.0
0.0
0.0
-6.32246353421e-05
-6.32246353421e-05
-0.00572124447167
-0.0025174199158
-0.00177261893057
-0.00168825644003
0.0
0.0
0.0
0.0
0.0
0.0
0.0
0.0
0.0
-0.00217134667222
-0.00314532119595
-0.00242383001134
-0.00184751364863
-0.00223000578962
-0.00122970130775
-0.0014186131882
-0.000955535867236
0.0
0.0
0.0
0.0
0.0
0.0
-0.00113417549902
0.0
0.0
0.0
0.0
0.0
0.0
0.0
0.0
0.0
0.0
0.0
0.0
0.0
0.0
0.0
0.0
0.0
0.0130582256204
0.0114636004885
0.0166506242074
0.0115116681197
0.0137347997977
0.00689895818751
0.0166506242074
0.00550542984632
0.0
0.0
-0.00579346743715
-0.00394963745123
0.0
0.0
0.0
0.0
0.0
0.0
0.0
0.0
0.0
0.0
0.0
0.0
-0.00371828657467
-0.000316061886732
0.0
0.0
-0.000404344486932
0.0
0.0
0.0
0.0
-0.00135019353346
-0.000523117064911
-0.000523117064911
0.0
0.0
0.0
0.0
0.0
0.0
0.0
-0.000523117064911
-0.000239343790896
0.0
0.0
0.0
0.0
-0.00523245410572
-0.00973425004196
0.0
0.0
0.0
0.0
0.0
-0.00589530809278
-0.00566474997441
-0.00388766871021
-0.00686211680484
-0.000447272154554
-0.000617521809079
-0.0071792833596
-0.00640811487732
-0.000326901168691
-0.000698941529667
-0.00866689479679
-0.00875141431541
-0.00693606692942
-0.00419093914888
-0.0038019896018
-0.00410689543704
-0.000172466388671
-0.000153793653204
-0.000304161742896
0.0
0.0
-0.00031059056727
-0.000287659571377
-0.00042316358394
0.0
-0.000268093036159
0.0
0.0
-8.62383415814e-05
-0.000297800912719
-0.000393686480302
-0.000404305267438
-0.000410788648641
-0.00911709400609
-0.00862012730236
-0.008605877164
-0.0086540129732
-0.00869345979268
-0.00869171376903
-0.00869171376903
-0.000507906125372
-0.00925107079399
-0.0089730598242
-0.00906700142362
-0.00915408938891
-0.00919400215904
-0.00921321299255
-0.00921321299255
0.0
0.0
0.0
-0.000191995816427
-0.000307645052113
-0.000367073923647
-0.00035587449175
-0.000439948937636
-0.00029621120894
0.0
0.0
-0.000295642727744
-0.000392197402678
-0.000417028160094
-0.000479250732042
-0.000347042165322
0.0
0.0
0.0
0.0
0.0
0.0
0.0
0.0
0.0
0.0
0.0
0.0
0.0
0.0
0.0
0.0
-0.00595395238989
-0.000486880105888
-0.00635545176551
-0.00687148661785
-0.000261352702325
-0.000313672342222
-0.000314077342772
-0.000323834348603
-0.00572885549177
4.42479976485e-05
-0.000143852115985
-0.00686359945215
0.0
0.0
0.0
0.0
0.0
0.0
0.0
0.0
0.0
0.0
0.0
0.0
-0.000221601611431
-0.000276665728378
-0.000369924149053
-0.000465331367239
-0.00565471738349
-0.00521446445729
-0.00581491026138
-0.00586386366092
0.0
0.0
0.0
0.0
-0.000309688515939
-0.00638730455454
-0.000866648376473
-0.00653132484668
0.0
0.0
0.0
0.0
0.0
0.0
0.0
0.0
-0.0047238077471
-0.00459737962067
-0.00452904186902
-0.00466124112519
-0.00028106115674
-0.000369685671485
-0.00523022813377
-0.00317731145822
-0.00638079659553
-0.00642528434465
-0.00633198810494
-0.00653550158832
0.0
0.0
-0.00130119724364
-0.00420316276372
0.0
0.0
0.0
0.0
0.0
0.0
0.0
0.0
0.0
0.00427332924618
-0.063947014923
0.00263196974213
0.00263196974213
0.00263196974213
0.00263196974213
0.00263196974213
0.00164399401629
0.127644363072
-0.00436782680092
0.0
0.0
0.0
0.0
0.0
0.0
0.0
0.0
-0.00031416786963
-0.00466564205334
-0.00187677083393
0.0
-0.00351474601226
-0.00597698886647
-0.00512120397701
-0.00512377388386
-0.00602975220126
-0.0048715820914
-0.00617193279328
-0.00291918521475
0.0
0.0
0.0
0.0
0.0
0.0
0.0
0.0
0.0
0.0
0.0
0.0
0.0
0.0
0.0
0.0
0.0
0.0
0.0
0.0
0.0
0.0
0.0
0.0
-0.000272057395954
-9.49391354516e-05
-9.49391354516e-05
0.0
0.014539203229
0.0
0.0
0.0
0.0
0.0
0.0
0.0
0.0
0.0
0.0
0.0
0.0
-0.000441535212896
-0.0010534794809
-0.000618931457854
-0.00428715023074
0.0
0.0
-0.000618931457854
-7.64216364189e-05
0.0
0.0
0.0
0.0
0.0
0.0
0.0
0.0
0.0
0.0
0.0
0.0
0.0
0.0
0.0
0.0
0.0
0.0
0.0
0.0
0.0
0.0
0.0
0.0
0.0
0.0
0.0
0.0
0.0
0.0
0.0
0.0
0.0
0.0
0.0
0.0
0.0
0.0
0.0
0.0
0.0
0.0
0.0
0.0
0.0
-8.94133015339e-05
-0.000962046174677
0.0
0.0
0.0
0.0
0.0
0.0
0.0
0.0
0.0
0.0
0.0
0.0
0.0
0.0
0.0
0.0
0.0
0.0
0.0
0.0
0.0
0.0
0.0
0.0
0.0
0.0
0.0
0.0
0.0
0.0
0.0
0.0
0.0
0.0
0.0
0.0
0.0
0.0
0.0
0.0
0.0
0.0
0.0
0.0
0.0
0.0
0.0
0.0
0.0
0.000499648405323
-0.000142868945626
0.0
0.0
0.0
-0.00158471438517
0.0
0.0
0.0
0.0
0.0
0.0
-0.00654704184618
-0.00480896787167
-0.00480896787167
-0.00480896787167
0.0
0.0
-0.00184373313153
2.81191592833e-05
0.0
-0.000326190309185
0.0
0.0
0.0
0.0
0.0
0.0
0.0
0.0
0.0
0.0
-9.65515771941e-05
0.0
0.0
0.0
0.0
0.0
0.0
0.0
0.0
0.0
0.0
0.0
0.0
0.0
0.0
-0.00056886278109
0.0
0.0
0.0
-6.32246353421e-05
0.0
0.0
0.0
0.0
0.0
0.0
0.0
0.0
0.0
0.0
0.0
0.0
0.0
0.0
0.0
0.0
-0.00136944454864
-0.00142902849984
0.0
0.0
0.000474361106166
-9.33233714654e-05
0.0
0.0
0.0
0.0
-0.000494833804919
0.0
-0.000455008377444
0.00197440842291
0.0
0.0
-0.000149995069913
5.12247224519e-05
-0.000149995069913
0.0
0.0
0.0109150492471
-0.0041291157787
-0.00978980107828
-0.00943600602156
-0.00943600602156
-0.00943600602156
-0.00978980107828
0.0
0.0
-0.0032321961275
-0.000596270840476
-0.00161588370322
0.0
0.0
0.0
-0.00943598867225
-0.000378808076744
-0.00213401447884
-0.00038048791677
-0.000158171342243
-0.000158171342243
-0.00978980107828
-0.00986876278656
