0.0
0.0
0.0
0.0
0.0
0.0
0.0
0.0
0.0
0.0
0.0
0.0
0.0
0.0
0.0
0.0
0.0
0.0
0.0
0.0
0.0
0.0
0.0
0.0
0.0
0.0
0.0
0.0
0.0
0.0
0.0
0.0
0.0
0.0
0.0
0.0
0.0
0.0
0.0
-0.000439222874567
-6.93889390391e-17
-1.00613961607e-16
-7.97972798949e-17
-7.8062556419e-17
4.16333634234e-17
-1.94289029309e-16
-2.77555756156e-17
3.99496096021e-05
3.33066907388e-16
2.22044604925e-16
-1.66533453694e-16
2.22044604925e-16
-1.00613961607e-16
-1.94289029309e-16
-2.77555756156e-17
1.73472347598e-17
0.0041187623616
0.028236966151
0.0428667568773
0.199648724225
0.219242317536
-2.11758236814e-22
-2.64697796017e-23
0.0
-0.026931563319
-0.0354828069242
-0.0244424297043
-0.0431645592441
-0.0599946223198
-0.029657359653
-0.029657359653
-0.029657359653
-0.0112286924152
-0.0103672501269
-0.0152240395891
-0.0487161594067
-0.0573003851906
-0.0421759358794
-0.0259086806942
-0.0421759358794
0.0
-2.4979254955e-38
1.46936793853e-38
-4.40810381558e-39
0.0
-0.0331389688506
-0.0331389688506
-0.0331389688506
0.0
0.0
0.0
0.0
0.0
0.0
0.0
0.0
0.0
0.0
0.0
0.0
0.0
0.0
0.0
0.0
0.0
0.0
0.0
0.0
0.0
0.0
-0.000285775595189
0.00287097417929
0.0
0.0
0.0
0.0
0.0
0.0
0.0
-0.00024719843003
0.0
0.0
0.0
-0.00608053690251
-0.0112461771297
0.0
0.0
0.0
-0.00321704973728
-0.0158872597373
-0.00478714249911
-0.00212140483158
-0.0143337772932
0.0
0.0
0.0
-0.0207980729462
-0.0223202603636
-0.00907162305777
-0.0117321508374
-0.0272197407407
-0.0440179625484
-0.0440179625484
-0.0440179625484
0.0
0.0
0.0
0.0
0.0
-0.023537257195
-0.023537257195
-0.023537257195
0.0
0.0
0.0
0.0
0.0
0.0
0.0
0.0
0.0
0.0
0.0
0.0
0.0
0.0
0.0
0.0
0.0
0.0
0.0
0.0
0.0
0.0
0.0
0.0
0.0
0.0
0.0
0.0
0.0
0.0
0.0
0.0
0.0
0.0
0.0
0.0
0.0
0.0
0.0
0.0
-0.0248087450895
-0.0274807849168
-0.00984127839884
-0.0137671767013
-0.00342592271955
-0.0159545846066
-0.0243998018315
-0.0262246811436
0.159151237615
0.161036027531
0.146149547516
0.151030820752
0.126999510079
0.143010178808
0.151387592013
0.161762135489
-0.0334170094609
-0.0448647870344
-0.0458486207043
-0.0314559478644
-0.0311497177079
-0.0408611135621
-0.0435757653341
-0.0506515195044
-0.0295357850302
-0.0437002485824
-0.0390543614371
-0.0305576350027
-0.0380123927424
-0.0240006306061
-0.0335099201248
-0.0486922562897
0.0
0.0
0.0
0.0
0.0
0.0
0.0
0.0
0.0
0.0
0.0
0.0
0.0
0.0
0.0
0.0
0.0
0.0
0.0
0.0
0.0
0.0
0.0
0.0
0.0
0.0
0.0
0.0
0.0
0.0
0.0
0.0
0.0
0.0
0.0
0.0
0.0
0.0
0.0
0.0
0.0
0.0
0.0
-0.00116175571385
0.0
0.0
0.0
0.0
0.0
0.0
0.0
-0.0172802056074
-0.00122901583931
-0.0124040078992
0.0
-0.0253351634574
-0.00669334532007
-0.0356291333743
-0.00671402996958
-0.0263883663048
-0.0317573277168
-0.00162607474269
-0.00708901890075
-0.00889817062109
-0.0171497038728
-0.0218116140263
-0.0198177802058
-0.0181364161817
-0.0181060444833
-0.0185481990193
-0.0154874201945
-0.020027561981
0.0
0.0
0.0
0.0
0.0
0.0
0.0
0.0
0.0
0.0
0.0
0.0
0.0
0.0
0.0
0.0
0.0
-3.62402515623e-05
0.0
0.0
0.0
0.0
-0.00181983431512
0.0
0.0
0.0
0.0
0.0
0.0
0.0
-0.00198083763573
0.0
0.0
-0.000253274739156
0.0
-0.00306170870215
0.0
0.0
-0.00105208123179
0.0
-0.00461549332315
0.00633219500076
-0.00306785507445
-0.00263704300741
0.0182694104514
-0.0293763484398
-0.000204987007838
-0.0165146462529
0.150501756453
0.156431019375
0.156106588355
0.161672568399
0.135603326334
0.218542258571
0.00433392079277
0.1582405125
-0.0443860002767
-0.0465443046466
-0.0433257915463
-0.0441082536123
-0.0246202544808
-0.0471577267978
-0.00670047090525
-0.0434088175251
-0.0461508349864
-0.0505361668914
-0.045507614065
-0.0399155312289
-0.0233883270787
-0.0573003851906
0.0
-0.0431951255509
0.0
0.0
0.0
0.0
0.0
0.0
0.0
0.0
0.0
0.0
0.0
0.0
0.0
0.0
0.0
0.0
0.0
-0.0311987262434
0.0
0.0
0.0
0.0
-0.00189810293315
0.0
-0.0211138289738
-0.0311639383479
0.0
0.0
-0.000429614935109
0.0
-0.00208146606483
0.0
0.0
-0.035555255314
0.0
-0.00606158011237
-0.00021711551866
0.0
-0.0011394346499
-0.00606158011237
-0.00487172080419
-0.0316194630736
0.0
-0.0255970475767
0.0
0.0
-0.00049250999095
-0.0154307679034
-0.00606158011237
-0.039555947792
-0.0228828778103
0.0
-0.0165189718562
0.0
0.00171049633704
0.0
-0.00867846409293
-0.0188644540112
-0.0189714368681
-0.035278656443
-0.0012046882133
-0.0438625811828
0.00127982979048
-0.0170477741414
-0.0129335881196
-0.0202890891393
-0.0192664465831
-0.0182534541037
-0.0127354678146
-0.0224832931247
0.0
-0.0129027864651
0.0
0.0
0.0
0.0
0.0
0.0
0.0
0.0
0.0
0.0
0.0
0.0
0.0
0.0
0.0
0.0
0.0
0.0
0.0
0.0
0.0
0.0
0.0
0.0
0.0
-0.0088278765359
-0.000769980816548
-4.73502594618e-05
-0.00133942894447
-0.00125237469564
0.0
0.0
0.0
0.0
0.0
0.0
0.0
0.0
0.0
0.0
0.0
0.0
0.0
-3.7148816966e-05
0.0
-0.0366007678766
0.00274340126606
0.0
-0.00177523654672
0.0
0.0
0.0
0.0
0.0
0.0
0.0
-0.00327906975231
0.0
0.00719184709939
-0.000735518710382
-0.00327906975231
-0.00137117134011
-0.000138433710395
7.27385699165e-05
0.0
0.0
0.0
0.0
0.0
0.0
0.000714188536376
0.0
0.0
0.0
0.0
0.0
0.0
0.0
0.0
0.0
0.0
0.0
0.0
0.0
0.0
0.0
0.0
0.0
-0.0027935931259
-0.00314076526319
-0.00416376629288
-0.00299624947297
-0.00269093687582
-0.00343183640176
-0.00416376629288
-0.00258649662488
0.0
0.0
-0.000450408514081
0.000757638123254
0.0
0.0
0.0
0.0
0.0
0.0
0.0
0.0
0.0
0.0
0.0
0.0
0.00401768877687
-0.00249033033788
0.0
0.0
0.0
0.0
0.0
0.0
0.0
-0.000147466406475
-0.000147528992945
-0.0017583172501
0.0
0.0
0.0
0.0
0.0
0.0
0.0
-1.18709912539e-05
0.0
0.0
0.0
0.0
0.0
0.0
-0.000579760809203
0.0
0.0
0.0
0.0
0.0
0.0
-0.00114984238239
0.0
0.0
0.0
0.0
-0.00119997346711
-0.0010485774172
-0.00383982278367
-0.0057499995573
-0.0014344326066
0.0
-0.000739453747294
0.0
0.0
0.0
0.0
0.0
0.0
0.0
0.0
0.0
0.0
0.0
0.0
0.0
0.0
0.0
0.0
0.0
0.0
0.0
0.0
0.0
-0.00352052086344
-0.00352052086344
-0.00352052086344
-0.00352052086344
-0.00352052086344
-0.00352052086344
0.0
0.0
0.0
0.0
0.0
0.0
0.0
0.0
0.0
0.0
0.0
0.0
0.0
-0.0024447128934
-0.00342142255211
0.0
0.0
0.0
0.0
0.0
0.0
-0.00252029089563
0.0
0.0
0.0
0.0
0.0
0.0
0.0
0.0
0.0
0.0
0.0
0.0
0.0
0.0
0.0
0.0
0.0
0.0
0.0
-0.000405047629254
0.0
0.0
0.0
0.0
0.0
0.0
0.0
0.0
0.0
0.0
0.0
0.0
0.0
0.0
0.0
0.0
0.0
0.0
0.0
0.0
0.0
0.0
-0.00297493383977
-0.000253268455637
-0.000766566016922
-0.000481067569125
-0.000834395316895
0.0
0.0
0.0
0.0
0.0
0.0
0.0
0.0
0.0
0.0
0.0
0.0
0.0
0.0
0.0
0.0
0.0
0.0
0.0
0.00579900212175
0.00499909268181
0.00562775065212
0.00615057575598
-0.0018326545436
-0.000895283064229
0.000537130797222
0.002055615504
0.0
-0.00327224674336
-0.000207607234246
-0.00382317559475
0.0
0.0
0.0
0.00185371663039
0.0
0.0
0.0
0.0
0.0
0.0
0.0
0.0
0.0
0.0
0.21792918306
-0.00126606529449
-0.00126606529449
-0.00126606529449
-0.00126606529449
-0.00126606529449
0.0
0.0
0.0
0.0
0.0
0.0
0.0
0.0
0.0
0.0
0.0
0.0
0.0
0.001440616318
0.0
0.000332051588742
0.0
-0.00816013917702
-0.0012333567483
0.0
-0.00186539725297
0.0
-0.00284678957837
0.0
0.0
0.0
0.0
0.0
0.0
0.0
0.0
0.0
0.0
0.0
0.0
0.0
0.0
0.0
0.0
0.0
0.0
0.0
0.0
0.0
0.0
0.0
0.0
-1.10523728661e-05
0.0
0.0
0.0
0.0906113005338
0.0
0.0
0.0
0.0
0.0
0.0
0.0
0.0
0.0
0.0
0.0
0.0
0.0
0.0
0.0
0.0
0.0
0.0
0.0
0.0
0.0
0.0
0.0
0.0
0.0
0.0
0.0
0.0
0.0
0.0
0.0
0.0
0.0
0.0
0.0
0.0
0.0
0.0
0.0
0.0
0.0
0.0
0.0
0.0
0.0
0.0
0.0
0.0
0.0
0.0
0.0
0.0
0.0
0.0
0.0
0.0
0.0
0.0
0.0
0.0
0.0
0.0
0.0
0.0
0.0
0.0
0.00141167324043
0.0
0.0
0.0
0.0
0.0
0.0
0.0
0.0
0.0
0.0
0.0
0.0
0.0
0.0
0.0
0.0
0.0
0.0
0.0
0.0
0.0
0.0
0.0
0.0
0.0
0.0
0.0
0.0
0.0
0.0
0.0
0.0
0.0
0.0
0.0
0.0
0.0
0.0
0.0
0.0
0.0
0.0
0.0
0.0
0.0
0.0
0.0
0.0
0.0
-0.000308323049133
0.0
0.0
0.0
0.0
-0.00135011660187
0.0
0.0
0.0
0.0
0.0
0.0
0.00629314194508
0.00867690013236
0.00867690013236
0.00867690013236
0.0
0.0
-0.000415884876864
-0.000449704745118
0.0
-0.000120181515318
0.0
0.0
0.0
0.0
0.0
0.0
0.0
0.0
0.0
0.0
0.0
0.0
0.0
0.0
0.0
0.0
0.0
0.0
0.0
0.0
0.0
0.0
0.0
0.0
0.0
-0.000218808389976
0.0
0.0
0.0
0.0
0.0
0.0
0.0
0.0
0.0
0.0
0.0
0.0
0.0
0.0
0.0
0.0
0.0
0.0
0.0
0.0
-0.00296049469708
-0.00361936178625
0.0
0.0
0.0
0.0
0.0
0.0
0.0
0.0
0.0
0.0
0.0
0.0
0.0
0.0
0.0
0.0
0.0
0.0
0.0
0.0
-0.000252363348381
0.0
0.0
0.0
0.0
0.0
0.0
0.0
-0.0010603036044
0.0
0.0007886680703
0.0
0.0
0.0
0.0
0.0
0.0
0.0
0.0
0.0
0.0
0.0
0.0
0.0
0.0
0.0
0.0
0.0
0.0
0.0
0.0
0.0
0.0
0.0
0.0
0.0
0.0
0.0
0.0
0.0
0.0
0.0
0.0
0.0
0.0
0.0
0.0
0.0
0.0
0.0
0.0
0.0
0.0
0.0
0.0
0.0
0.0
0.0
0.0
0.00281693511768
-0.00209096174498
-3.52808038961e-05
0.0
0.0
0.0
0.0
0.0
-0.000113357639298
-0.00366325874624
-0.00131143776044
0.0
0.0
-0.000117811850433
-0.000183139487721
5.94019558959e-05
0.00214673989947
-0.000366977656598
0.00122242959167
0.000168416834419
-0.00147442256598
0.00122119869313
0.00170006906964
-0.000504658297574
0.195876201746
-0.00598568151717
0.199547865127
-0.0232351770128
-0.0144975337108
-0.013035342584
-0.0343336450217
-0.012855999826
-0.0404013279198
-0.00290859929531
-0.0366725816012
-0.0344060099153
-0.0466096156539
-0.0154884725684
-0.00392877020169
-0.0574007344284
-0.0520648816913
0.0
-0.0520648816913
0.0
0.0
0.0
0.0
0.0
0.0
0.0
0.0
0.0
0.0
0.0
0.0
0.0
0.0
0.0
0.0
0.0
0.0
0.0
0.0
0.0
0.0
-0.000595948132594
-0.000595948132594
0.0
0.0
0.0
0.0
0.0
-0.00877065880443
0.00346140448863
-0.000629980001295
0.0
0.0
0.0
0.0
-0.00114017734162
-0.00154222089599
-0.0103142800908
0.00740242864249
0.0
0.0
-0.000889629610836
-0.000894174388953
-0.00396850172599
-0.000639720081458
-0.0176731648272
-0.000397044173004
-0.000456615835919
-0.00250426781992
-0.00107770583182
-0.000411360967709
-0.000854982645064
-0.0244032704484
-0.00898187779193
-0.0242551655527
-0.0116680703962
-0.00834354971348
-0.00921807550041
-0.00739123163423
-0.00246370313913
-0.0223985356941
0.0
-0.0223985356941
0.0
0.0
0.0
0.0
0.0
0.0
0.0
0.0
0.0
0.0
0.0
0.0
0.0
0.0
0.0
0.0
0.0
0.0
0.0
0.0
0.0
0.0
0.0
0.0
0.00238912649238
0.00318830960982
0.00252789615024
0.00290919024687
0.0
0.0
3.64718519955e-05
0.00390721188325
0.00199738052769
0.00156879789054
0.00377069800587
0.00204999137429
0.0
0.0
0.000857698589544
0.00360797031015
0.00647169784234
0.00466485349391
0.0056576502287
0.00431843807838
0.0
-0.000519982858544
0.00626642603658
0.00406905350289
0.00224692026478
0.00180409151177
0.00157059024942
0.00205410771393
0.000522413940983
0.00537812770611
0.00385498857929
0.00220505938265
0.000267733159314
0.000706199413818
0.000304242276808
0.00112372210196
0.00118756671326
0.00259208264463
0.000930794291772
0.00116485953838
-0.0134827792296
-0.0197289692284
-0.0237663085756
-0.0170921130698
-0.0194558980422
-0.0223450179529
-0.0168994669634
-0.0224026553631
-0.025737877727
-0.0419969115557
-0.0385275364646
-0.0360704698976
-0.0364768361889
-0.0277062517709
-0.0355667626367
-0.0491458244906
0.0
0.0
0.0
0.0
0.0
0.0
0.0
0.0
0.0
0.0
0.0
0.0
0.0
0.0
0.0
0.0
-0.00333636833115
-0.00233997508287
-0.00454593260206
-0.00514829156432
0.0
0.0
-0.0024104931179
-0.000566231940271
-0.00634470476767
-0.00183723096172
-0.00544136325862
-0.00490102711472
0.0
0.0
-0.00110380395747
-0.00191147681886
-0.00694003499848
-0.0024108978592
-0.00713739996281
-0.00485249105377
-0.00140124621412
-0.00131398790077
0.000204734555017
-0.00330824284837
-0.00415258143924
-0.00396657353115
-0.0059163552788
-0.00805673929441
-0.00152332912389
-0.00246902807907
-0.00125514363887
-0.00397106890614
-0.00830313358881
-0.00840922304651
-0.00884726586944
-0.00770321209366
-0.00712142641227
-0.00635791000714
-0.00686640051783
-0.00765242815483
-0.0118871408969
-0.013386144897
-0.0132437684687
-0.0123853539784
-0.0136604914654
-0.01338640181
-0.0130356496966
-0.0130022741024
0.0
-0.0124534452373
-0.0104800557287
-0.00845601956911
-0.00901469444335
-0.0110720631112
-0.0100196264983
-0.00960882332006
0.0
0.0
0.0
0.0
0.0
0.0
0.0
0.0
0.0
0.0
0.0
0.0
0.0
0.0
0.0
0.0
0.00192877570227
0.003505792995
0.000874077197904
0.00367418593842
0.00158076208055
0.00149497186371
-0.00695352953012
0.00151951317144
0.00275547786219
0.00118760539397
0.00140460305091
0.00136022721114
0.00313990467889
0.000871932581495
-0.00561924872606
0.00114623436886
0.00444011007077
0.00399454675038
0.0029607097652
0.00404283275645
0.00522787430193
0.00626195443367
-0.0038606090345
0.00225732240826
0.000861957279261
0.00103169878263
0.000635075814279
0.00126455722991
0.000797235113079
0.00193456577866
-0.000124670089502
0.000631841115504
-0.000398975225822
-0.000395567832366
-0.000845611802517
-0.000101716741685
0.000856260427013
0.00218752185742
-0.000609939928634
-0.000200214427363
-0.0203770503436
-0.0191934549607
-0.0234348160544
-0.0222750831712
-0.00983551615493
-0.00882935037931
-0.00165738806089
-0.0204683811586
-0.0457736490903
-0.0482342917153
-0.0430229777634
-0.0396101339626
-0.0266060630117
-0.0574007344284
0.0
-0.04604341162
0.0
0.0
0.0
0.0
0.0
0.0
0.0
0.0
0.0
0.0
0.0
0.0
0.0
0.0
0.0
0.0
-0.00278621058798
-0.00278263706975
-0.00349585764281
-0.00507262325383
-0.00535820612007
0.0261275141819
-0.0121253626575
-0.0015148147892
-0.00551169990919
-0.00527722508236
-0.00704534753818
-0.00416701416227
-0.00473973068741
-0.00605844250944
-0.010312881756
-0.00826190301281
-0.0042219425271
-0.00470323762297
-0.00509959591484
-0.00693569586595
-0.00378923212017
0.00122680990447
-0.00688883662421
-0.00911465900017
-0.00260503998371
-0.00520098487015
-0.00256051663738
-0.00674740170511
-0.00383889330239
0.020780523276
-0.00523360996518
-0.00371775758331
-0.00946684336747
-0.00834896475146
-0.0100265918674
-0.00808905953917
-0.00851618315425
-0.00805875828121
-0.00229855651469
-0.00814715613075
-0.0121088613767
-0.0130123311506
-0.0135148999941
-0.0135096033227
-0.0126216644664
-0.00792678582779
-0.000687832658741
-0.011950601713
-0.0106441498623
-0.011042293121
-0.00996159692022
-0.00898760183619
-0.00642819764719
-0.0065594581771
0.0
-0.0065594581771
0.0
0.0
0.0
0.0
0.0
0.0
0.0
0.0
0.0
0.0
0.0
0.0
0.0
0.0
0.0
0.0
0.0
0.0
0.0
0.0
0.0
0.0
-0.00437789776753
-0.00337990576782
-0.00264463052811
-0.00203410488429
-0.0013081351203
-0.000943132479384
-0.000100861886747
0.0
0.0
0.0
0.0
0.0
0.0
0.0
0.0
0.0
0.0
0.0
0.0
-6.32733276266e-07
-6.32733276266e-07
-0.00331080306139
-0.00593217017739
-0.0042884028007
-0.00396457743141
0.0
0.0
0.0
0.0
0.0
0.0
0.0
0.0
0.0
-0.00243477106815
-0.00253427640111
-0.00187955664
-0.00181577985778
-0.00261846925208
-0.00188302615362
-0.00122342676844
-0.000797737809928
0.0
0.0
0.0
0.0
0.0
0.0
-0.000689218181038
0.0
0.0
0.0
0.0
0.0
0.0
0.0
0.0
0.0
0.0
0.0
0.0
0.0
0.0
0.0
0.0
0.0
-0.0146133181565
-0.0136419927611
-0.019160151429
-0.014243020517
-0.0146324330245
-0.0129151301812
-0.019160151429
-0.00960855941207
0.0
0.0
-0.00450269207115
-0.00155908239393
0.0
0.0
0.0
0.0
0.0
0.0
0.0
0.0
0.0
0.0
0.0
0.0
-0.00159229384843
-0.000336678779494
0.0
0.0
-0.000491812874011
0.0
0.0
0.0
0.0
-0.00176094337536
-1.47584001609e-05
-1.47584001609e-05
0.0
0.0
0.0
0.0
0.0
0.0
0.0
-1.47584001609e-05
-0.00015763095162
0.0
0.0
0.0
0.0
-0.0433632900773
-0.0533069041119
0.0
0.0
0.0
0.0
0.0
-0.0441984394885
-0.0253410626317
-0.0155824318924
-0.050114936576
-0.00131533051038
-0.00203234252171
-0.0200998165533
-0.0227808235991
-0.00132202414917
-0.00243899070461
-0.0312168373088
-0.0398132966648
-0.0363902404541
-0.00242824479536
-0.00654770457623
-0.0065537690987
-0.000436147360492
-0.000379609148965
-0.0013432121259
0.0
0.0
-0.00123824607511
-0.0014682810121
-0.00164730893199
0.0
-0.00171068700178
0.0
0.0
-0.000103690759353
-0.00132249603725
-0.00190088009597
-0.00164940293824
-0.00236305442438
-0.0416635529972
-0.0519406146762
-0.0611411644586
-0.0647120121353
-0.0655452443928
-0.0657378825359
-0.0657378825359
-0.00190389333349
-0.0413520477293
-0.0524957303565
-0.0627571612121
-0.0666532478265
-0.0679852071935
-0.0684672086855
-0.0684672086855
0.0
0.0
0.0
-0.000302999726383
-0.00122030515241
-0.00110321666122
-0.00134663212224
-0.00198415029635
-0.00145895571534
0.0
0.0
-0.00122502196831
-0.00194034611118
-0.0018947694981
-0.00176779688312
-0.00128018796438
0.0
0.0
0.0
0.0
0.0
0.0
0.0
0.0
0.0
0.0
0.0
0.0
0.0
0.0
0.0
0.0
-0.0294524002117
-0.000952096314866
-0.0147058518366
-0.032371706493
-0.00049217840084
-0.00138781840486
-0.00132131352336
-0.00125777208101
-0.0242314079789
-0.000477109375215
-0.000947982323621
-0.0273169832722
0.0
0.0
0.0
0.0
0.0
0.0
0.0
0.0
0.0
0.0
0.0
0.0
-0.000260198406862
-0.000325983178539
-0.000403062053245
-0.00089314741679
-0.0115032404305
-0.0024108117552
-0.00138309104443
-0.000968725337307
0.0
0.0
0.0
0.0
-0.000381153038112
-0.00296771725717
-0.000590042692524
-0.00185366165375
0.0
0.0
0.0
0.0
0.0
0.0
0.0
0.0
-0.0155545072259
-0.0140845576163
-0.0137849966727
-0.0140119374836
-0.000312412449621
-0.000355459880363
-0.00360811536109
-0.0025001777251
-0.0204401837995
-0.0189906174941
-0.0187504114185
-0.0191902508231
0.0
0.0
-0.000858144967667
-0.00232211725288
0.0
0.0
0.0
0.0
0.0
0.0
0.0
0.0
0.0
0.162933238904
0.00193581848672
-0.00449996853171
-0.00449996853171
-0.00449996853171
-0.00449996853171
-0.00449996853171
-0.0022102782357
-0.000956673275105
-0.000434321023306
0.0
0.0
0.0
0.0
0.0
0.0
0.0
0.0
-0.000231454409032
-0.00140223035199
-7.70488396192e-05
0.0
-0.00833141609061
-0.0480257587149
-0.0315509089295
-0.0321155745141
-0.0474873443186
-0.0318403785798
-0.0495329437618
-0.0191347686875
0.0
0.0
0.0
0.0
0.0
0.0
0.0
0.0
0.0
0.0
0.0
0.0
0.0
0.0
0.0
0.0
0.0
0.0
0.0
0.0
0.0
0.0
0.0
0.0
-5.39050601651e-05
-9.81224874261e-07
-9.81224874261e-07
0.0
0.000209615190955
0.0
0.0
0.0
0.0
0.0
0.0
0.0
0.0
0.0
0.0
0.0
0.0
1.75887894591e-05
0.000104272769024
8.878485889e-05
-0.000592582343228
0.0
0.0
8.878485889e-05
-8.80819660558e-05
0.0
0.0
0.0
0.0
0.0
0.0
0.0
0.0
0.0
0.0
0.0
0.0
0.0
0.0
0.0
0.0
0.0
0.0
0.0
0.0
0.0
0.0
0.0
0.0
0.0
0.0
0.0
0.0
0.0
0.0
0.0
0.0
0.0
0.0
0.0
0.0
0.0
0.0
0.0
0.0
0.0
0.0
0.0
0.0
0.0
-8.9482171768e-07
-0.00140815830672
0.0
0.0
0.0
0.0
0.0
0.0
0.0
0.0
0.0
0.0
0.0
0.0
0.0
0.0
0.0
0.0
0.0
0.0
0.0
0.0
0.0
0.0
0.0
0.0
0.0
0.0
0.0
0.0
0.0
0.0
0.0
0.0
0.0
0.0
0.0
0.0
0.0
0.0
0.0
0.0
0.0
0.0
0.0
0.0
0.0
0.0
0.0
0.0
0.0
-0.00163758652161
-0.000132155681409
0.0
0.0
0.0
-4.74505493571e-05
0.0
0.0
0.0
0.0
0.0
0.0
-0.00316920009379
-0.00232179952101
-0.00232179952101
-0.00232179952101
0.0
0.0
-0.0015510335955
0.000150082517669
0.0
-0.000458173441488
0.0
0.0
0.0
0.0
0.0
0.0
0.0
0.0
0.0
0.0
-0.000777541927276
0.0
0.0
0.0
0.0
0.0
0.0
0.0
0.0
0.0
0.0
0.0
0.0
0.0
0.0
-0.00105082156461
0.0
0.0
0.0
-6.32733276266e-07
0.0
0.0
0.0
0.0
0.0
0.0
0.0
0.0
0.0
0.0
0.0
0.0
0.0
0.0
0.0
0.0
-0.00542639946813
-0.00539849515952
0.0
0.0
-0.00155184723428
-3.23872054401e-05
0.0
0.0
0.0
0.0
-0.000670574987809
0.0
-0.10305517206
-0.0974718380986
0.0
0.0
-0.000688092281822
-0.103020906077
-0.000688092281822
0.0
0.0
-0.0519201552542
-0.00615060757339
-0.107015829042
-0.104430655696
-0.104430655696
-0.104430655696
-0.107015829042
0.0
0.0
-0.00192463464182
-0.0169111748158
0.000676129224643
0.0
0.0
0.0
-0.0952317152132
-1.46919716247e-05
-0.000565550993425
-2.7743683542e-05
-0.000686968865455
-0.000686968865455
-0.107015829042
-0.101055571196
