0.0
0.0
0.0
0.0
0.0
0.0
0.0
0.0
0.0
0.0
0.0
0.0
0.0
0.0
0.0
0.0
0.0
0.0
0.0
0.0
0.0
0.0
0.0
0.0
0.0
0.0
0.0
0.0
0.0
0.0
0.0
0.0
0.0
0.0
0.0
0.0
0.0
0.0
0.0
0.00664139203973
1.11022302463e-16
-5.55111512313e-17
-5.55111512313e-17
4.4408920985e-16
-5.55111512313e-17
6.93889390391e-18
-5.20417042793e-18
-0.000543410369535
-1.08420217249e-19
0.0
6.77626357803e-21
0.0
-2.11758236814e-22
-1.05879118407e-22
-2.64697796017e-23
0.0
-0.000147989618624
-0.0019145211323
-0.00107527513812
-0.000500447686922
0.00100713740373
7.88860905221e-31
9.86076131526e-32
0.0
-0.00932951328466
-0.0161719913184
-0.00887577391133
-0.0153784045965
-0.0277740010139
-0.000185236204981
-0.000185236204981
-0.000185236204981
-0.00324270804726
-0.002656728896
-0.00399982096763
-0.00881452543048
-0.0115800972371
-0.0236400587015
-0.0119356771739
-0.0236400587015
0.0
-7.23570862316e-47
4.37905770102e-47
-1.36845553157e-47
0.0
-0.00962271799595
-0.00962271799595
-0.00962271799595
0.0
0.0
0.0
0.0
0.0
0.0
0.0
0.0
0.0
0.0
0.0
0.0
0.0
0.0
0.0
0.0
0.0
0.0
0.0
0.0
0.0
0.0
0.000306346173541
0.0107577185508
0.0
0.0
0.0
0.0
0.0
0.0
0.0
0.000395545562587
0.0
0.0
0.0
-0.00104487205283
-0.000348277672521
0.0
0.0
0.0
-0.00219043298617
-0.0335191603893
-0.0124583459892
-0.0150171616995
-0.039938514425
0.0
0.0
0.0
-0.00720735193371
-0.00879135656182
-0.00387114260251
-0.00587276329305
-0.0125115111752
-0.00116810543656
-0.00116810543656
-0.00116810543656
0.0
0.0
0.0
0.0
0.0
-0.00889085415961
-0.00889085415961
-0.00889085415961
0.0
0.0
0.0
0.0
0.0
0.0
0.0
0.0
0.0
0.0
0.0
0.0
0.0
0.0
0.0
0.0
0.0
0.0
0.0
0.0
0.0
0.0
0.0
0.0
0.0
0.0
0.0
0.0
0.0
0.0
0.0
0.0
0.0
0.0
0.0
0.0
0.0
0.0
0.0
0.0
-0.00310964986072
-0.00464275159777
-0.00406198450278
-0.00361073836414
-0.00270657129502
-0.00368060763239
-0.00476706706776
-0.00329225387028
-0.000168629996341
-0.000292845635419
-0.000671882748693
-0.00015605282208
-0.00328301897736
-0.00305288187242
-0.00148610273404
-0.000942837789049
-0.0134652718374
-0.019149390226
-0.0197049541872
-0.0135798472965
-0.0139319031364
-0.0173628453695
-0.018318318549
-0.0224929112729
-0.00760789355654
-0.00932765760527
-0.00841103239543
-0.00558111017707
-0.00845501973302
-0.0050500381227
-0.0064204534436
-0.00988478079996
0.0
0.0
0.0
0.0
0.0
0.0
0.0
0.0
0.0
0.0
0.0
0.0
0.0
0.0
0.0
0.0
0.0
0.0
0.0
0.0
0.0
0.0
0.0
0.0
0.0
0.0
0.0
0.0
0.0
0.0
0.0
0.0
0.0
0.0
0.0
0.0
0.0
0.0
0.0
0.0
0.0
0.0
0.0
-0.000541218697156
0.0
0.0
0.0
0.0
0.0
0.0
0.0
-0.00156553186936
-0.000822463083955
-0.000237758426624
0.0
-0.00163292850397
4.4033598181e-05
-0.000705276449152
0.000280878569689
-0.00101524371321
-0.000911480585098
-0.000103605694693
-0.000672578296855
-0.00117652785544
-0.0063738292064
-0.00848821809217
-0.00795392898977
-0.00685280150035
-0.00676382033235
-0.00745644987762
-0.00647476762563
-0.0076230962481
0.0
0.0
0.0
0.0
0.0
0.0
0.0
0.0
0.0
0.0
0.0
0.0
0.0
0.0
0.0
0.0
0.0
-0.00069440766655
0.0
0.0
0.0
0.0
0.00621415952187
0.0
0.0
0.0
0.0
0.0
0.0
0.0
0.00596310445154
0.0
0.0
-0.00041481367827
0.0
-0.000615579672394
0.0
0.0
0.00464840712224
0.0
-0.00558944575224
-0.0158226201147
-0.00678827745945
-0.00604309759242
-0.0235853070634
-0.00113255582396
0.00327427960755
-0.00364871701177
-0.00115228262456
-0.000368446299689
-0.000874818597702
-0.000334447448244
0.000636988268734
0.00151846036385
0.00119153019472
-0.000140697973533
-0.017735185616
-0.0192871417683
-0.0196200398905
-0.0189013431749
-0.0113677508765
-0.0175150796773
-0.00170948198703
-0.0187783003589
-0.00869933412908
-0.0104071136459
-0.00995872864888
-0.00711918269531
-0.00448633641933
-0.0115800972371
0.0
-0.0094047125978
0.0
0.0
0.0
0.0
0.0
0.0
0.0
0.0
0.0
0.0
0.0
0.0
0.0
0.0
0.0
0.0
0.0
-0.000753994785151
0.0
0.0
0.0
0.0
0.00634160353897
0.0
-0.000405412163375
-0.000705386594299
0.0
0.0
0.000236491692318
0.0
0.00600467696706
0.0
0.0
-0.00089656404031
0.0
-0.00126929109024
-0.000306401972554
0.0
0.00480547593586
-0.00126929109024
-0.000366234913398
-0.000693938974071
0.0
-0.00177242832346
0.0
0.0
0.00286309342076
-0.000125862191075
-0.00126929109024
-0.000819273588568
-0.00127950774816
0.0
-0.00178878495458
0.0
5.89191466311e-05
0.0
-0.00182188427307
-0.00186365689877
-0.00159017116305
-0.000730858598346
-0.000390496697911
-0.00117853983674
-0.000583574169889
-0.00196894347245
-0.00475636508782
-0.00797382418223
-0.00747041487873
-0.00722487589454
-0.00483081586297
-0.00862871912321
0.0
-0.00449615553575
0.0
0.0
0.0
0.0
0.0
0.0
0.0
0.0
0.0
0.0
0.0
0.0
0.0
0.0
0.0
0.0
0.0
0.0
0.0
0.0
0.0
0.0
0.0
0.0
0.0
0.000344923698909
0.000401070234098
0.000839804304271
0.008290489176
0.000929265588958
0.0
0.0
0.0
0.0
0.0
0.0
0.0
0.0
0.0
0.0
0.0
0.0
0.0
0.000293105702657
0.0
-0.000851164116596
0.00892030130708
0.0
0.00804479456294
0.0
0.0
0.0
0.0
0.0
0.0
0.0
0.000648151179376
0.0
0.00701586006608
0.00084025054626
0.000648151179376
0.000340521822663
0.000780496310237
0.00969157404546
0.0
0.0
0.0
0.0
0.0
0.0
0.00827764557917
0.0
0.0
0.0
0.0
0.0
0.0
0.0
0.0
0.0
0.0
0.0
0.0
0.0
0.0
0.0
0.0
0.0
0.0102888228577
0.0102407739279
0.0144197153559
0.0104924497331
0.00939130455881
0.0123497146675
0.0144197153559
0.00903746494987
0.0
0.0
0.010700916346
0.015186520175
0.0
0.0
0.0
0.0
0.0
0.0
0.0
0.0
0.0
0.0
0.0
0.0
0.0159806749524
0.000302509635564
0.0
0.0
0.0
0.0
0.0
0.0
0.0
0.00243839214968
0.0024433889419
0.00278117731815
0.0
0.0
0.0
0.0
0.0
0.0
0.0
0.00233411229044
0.0
0.0
0.0
0.0
0.0
0.0
0.00256161375741
0.0
0.0
0.0
0.0
0.0
0.0
0.000927244739005
0.0
0.0
0.0
0.0
0.000884321845979
0.000496069553442
0.00061426603506
0.000447078720251
0.000512143975911
0.0
0.000955112027298
0.0
0.0
0.0
0.0
0.0
0.0
0.0
0.0
0.0
0.0
0.0
0.0
0.0
0.0
0.0
0.0
0.0
0.0
0.0
0.0
0.0
0.000754482829786
0.000754482829786
0.000754482829786
0.000754482829786
0.000754482829786
0.000754482829786
0.0
0.0
0.0
0.0
0.0
0.0
0.0
0.0
0.0
0.0
0.0
0.0
0.0
0.000423896576536
0.000330095290341
0.0
0.0
0.0
0.0
0.0
0.0
0.000435541109931
0.0
0.0
0.0
0.0
0.0
0.0
0.0
0.0
0.0
0.0
0.0
0.0
0.0
0.0
0.0
0.0
0.0
0.0
0.0
0.000517051805468
0.0
0.0
0.0
0.0
0.0
0.0
0.0
0.0
0.0
0.0
0.0
0.0
0.0
0.0
0.0
0.0
0.0
0.0
0.0
0.0
0.0
0.0
0.000260265388476
0.000536808577905
0.000598270546045
0.000670704520126
0.0010527540711
0.0
0.0
0.0
0.0
0.0
0.0
0.0
0.0
0.0
0.0
0.0
0.0
0.0
0.0
0.0
0.0
0.0
0.0
0.0
0.0135895527098
0.0131220961439
0.0130998355505
0.0132960796284
0.00065654858137
0.000602918355691
0.00467116535345
0.0092874431258
0.0
0.000626331426756
0.000395046963365
0.000544324732018
0.0
0.0
0.0
0.00998911848849
0.0
0.0
0.0
0.0
0.0
0.0
0.0
0.0
0.0
0.0
0.000874126379806
-0.00811218288072
-0.00811218288072
-0.00811218288072
-0.00811218288072
-0.00811218288072
0.0
0.0
0.0
0.0
0.0
0.0
0.0
0.0
0.0
0.0
0.0
0.0
0.0
0.0096223866934
0.0
0.00716111269601
0.0
0.00067100834433
0.000962809376749
0.0
0.00106658444005
0.0
0.0107542655499
0.0
0.0
0.0
0.0
0.0
0.0
0.0
0.0
0.0
0.0
0.0
0.0
0.0
0.0
0.0
0.0
0.0
0.0
0.0
0.0
0.0
0.0
0.0
0.0
0.000264591715315
0.0
0.0
0.0
0.00323270078261
0.0
0.0
0.0
0.0
0.0
0.0
0.0
0.0
0.0
0.0
0.0
0.0
0.0
0.0
0.0
0.0
0.0
0.0
0.0
0.0
0.0
0.0
0.0
0.0
0.0
0.0
0.0
0.0
0.0
0.0
0.0
0.0
0.0
0.0
0.0
0.0
0.0
0.0
0.0
0.0
0.0
0.0
0.0
0.0
0.0
0.0
0.0
0.0
0.0
0.0
0.0
0.0
0.0
0.0
0.0
0.0
0.0
0.0
0.0
0.0
0.0
0.0
0.0
0.0
0.0
0.0
-0.010165974012
0.0
0.0
0.0
0.0
0.0
0.0
0.0
0.0
0.0
0.0
0.0
0.0
0.0
0.0
0.0
0.0
0.0
0.0
0.0
0.0
0.0
0.0
0.0
0.0
0.0
0.0
0.0
0.0
0.0
0.0
0.0
0.0
0.0
0.0
0.0
0.0
0.0
0.0
0.0
0.0
0.0
0.0
0.0
0.0
0.0
0.0
0.0
0.0
0.0
0.000290486838987
0.0
0.0
0.0
0.0
0.00368948139351
0.0
0.0
0.0
0.0
0.0
0.0
-0.0087339680407
-0.015753104213
-0.015753104213
-0.015753104213
0.0
0.0
0.00135298173354
0.00127225286744
0.0
0.000200842036345
0.0
0.0
0.0
0.0
0.0
0.0
0.0
0.0
0.0
0.0
0.0
0.0
0.0
0.0
0.0
0.0
0.0
0.0
0.0
0.0
0.0
0.0
0.0
0.0
0.0
0.000349853833366
0.0
0.0
0.0
0.0
0.0
0.0
0.0
0.0
0.0
0.0
0.0
0.0
0.0
0.0
0.0
0.0
0.0
0.0
0.0
0.0
-0.00825359304131
-0.00855315508621
0.0
0.0
0.0
0.0
0.0
0.0
0.0
0.0
0.0
0.0
0.0
0.0
0.0
0.0
0.0
0.0
0.0
0.0
0.0
0.0
-0.000849174919849
0.0
0.0
0.0
0.0
0.0
0.0
0.0
0.000339041966123
0.0
0.00659989982788
0.0
0.0
0.0
0.0
0.0
0.0
0.0
0.0
0.0
0.0
0.0
0.0
0.0
0.0
0.0
0.0
0.0
0.0
0.0
0.0
0.0
0.0
0.0
0.0
0.0
0.0
0.0
0.0
0.0
0.0
0.0
0.0
0.0
0.0
0.0
0.0
0.0
0.0
0.0
0.0
0.0
0.0
0.0
0.0
0.0
0.0
0.0
0.0
-0.0273735318717
0.00374774559179
0.00127167387506
0.0
0.0
0.0
0.0
0.0
-0.0177324503519
2.50894344149e-06
0.00354964158523
0.0
0.0
0.000183862247816
-0.0057739135811
-0.00391073796501
-0.0161105868503
0.00160424945538
0.000222543651939
-0.020156402125
-0.143302087051
-0.0719941219737
-0.00572938966065
-0.181195492276
-0.0030485741635
-0.0035842067058
-0.000546607363704
-0.0158171843049
-0.014644248687
-0.00850248260846
-0.0183169855512
-0.0197642543572
-0.0158237688537
-0.000851795505525
-0.0133862415341
-0.0204601108585
-0.0277909265308
-0.00838623916435
-0.00092561430863
-0.0349910522481
-0.0102378202358
0.0
-0.0102378202358
0.0
0.0
0.0
0.0
0.0
0.0
0.0
0.0
0.0
0.0
0.0
0.0
0.0
0.0
0.0
0.0
0.0
0.0
0.0
0.0
0.0
0.0
-0.00023421716518
-0.00023421716518
0.0
0.0
0.0
0.0
0.0
-0.0178362569494
-0.0308414740191
-1.30416142523e-05
0.0
0.0
0.0
0.0
-0.00111765592999
-0.00305268734433
-0.0545195566545
-0.0188853024427
0.0
0.0
-0.00405848700275
-0.00024414974817
-0.00462765559965
-0.0387510597418
-0.0277435039155
-0.043118728736
-2.6123926919e-05
-0.00934410684669
-0.0152387646201
-0.00287979154306
-0.00312474025076
-0.050985448021
-0.00390567392212
-0.0509572196722
-0.00632099444004
-0.00588184597274
-0.00690875343064
-0.00592057348209
-0.00229009149529
-0.00934574506526
0.0
-0.00934574506526
0.0
0.0
0.0
0.0
0.0
0.0
0.0
0.0
0.0
0.0
0.0
0.0
0.0
0.0
0.0
0.0
0.0
0.0
0.0
0.0
0.0
0.0
0.0
0.0
-0.0938058789688
-0.0880543711084
-0.0952368148483
-0.0920643694132
0.0
0.0
-0.00127121763719
-0.0696476489517
-0.0837180483139
-0.0870889496348
-0.0881212509214
-0.0911793605424
0.0
0.0
-0.00501522833767
-0.0734682834719
-0.0958808654108
-0.0960114670532
-0.0935229926422
-0.099790996022
0.0
-0.00196439861736
-0.0703837141323
-0.0805451148611
-0.112553719725
-0.110872460681
-0.106938522665
-0.108316651462
-0.00571025740056
-0.0836585853287
-0.0941879228326
-0.107385539705
-0.133443509674
-0.132679994593
-0.123858324395
-0.12745281456
-0.0995000487942
-0.115589327874
-0.122871728396
-0.135420281579
-0.0196060111009
-0.022766419923
-0.0236360452936
-0.0170493896822
-0.018147722286
-0.0254152104003
-0.0194492357403
-0.0203177401124
-0.0162870096006
-0.0254539333528
-0.0237073678893
-0.0214597908557
-0.0217229307922
-0.0165673327605
-0.0214546096506
-0.029418404313
0.0
0.0
0.0
0.0
0.0
0.0
0.0
0.0
0.0
0.0
0.0
0.0
0.0
0.0
0.0
0.0
-0.0309059898969
-0.027554851377
-0.0307650327639
-0.0336632395393
0.0
0.0
-0.00141556148393
-0.0238939730778
-0.0289482353244
-0.0293898832229
-0.0304574647367
-0.0303073884219
0.0
0.0
-0.00165998072544
-0.0287428147473
-0.0277130273732
-0.0318042681869
-0.0298523522877
-0.0321018564407
-0.000378305992213
-0.00230486828799
-0.0256435630631
-0.0280075753056
-0.0309964134536
-0.0333796593362
-0.0325923205648
-0.0341284745925
-0.00316702098099
-0.026400856229
-0.0289568505754
-0.0311323290715
-0.0312301209283
-0.0337095833678
-0.0325077710834
-0.0332963462752
-0.0315642607132
-0.0311739324077
-0.0328375578914
-0.0332445864944
-0.0243295834889
-0.0262656237707
-0.0253743213993
-0.0255508373259
-0.0262673741787
-0.026171757746
-0.0256271465455
-0.0259092356832
0.0
-0.00532317272099
-0.00452143560421
-0.00379810812134
-0.0039789121836
-0.00490771451351
-0.00402698971321
-0.00398771333931
0.0
0.0
0.0
0.0
0.0
0.0
0.0
0.0
0.0
0.0
0.0
0.0
0.0
0.0
0.0
0.0
-0.10391894715
-0.104933892618
-0.107044406823
-0.114402042706
-0.101183106236
-0.0491933334634
-0.0217359127529
-0.105765720235
-0.0991761101034
-0.100062185948
-0.101842772647
-0.109033489277
-0.0940090003664
-0.0464892842925
-0.0149036852678
-0.0995414856244
-0.101528668095
-0.102483305491
-0.103785234663
-0.112242205452
-0.0971123795499
-0.0598746996255
-0.011952830517
-0.101736368389
-0.110453551954
-0.111062041942
-0.113493490663
-0.11944916018
-0.104711774029
-0.0985515068663
-0.00947885458036
-0.108890790326
-0.127522376173
-0.132315396534
-0.133556284432
-0.136818875016
-0.118042066003
-0.181277308752
-0.0122969587914
-0.132873786895
-0.0219240013151
-0.0239036978727
-0.0222086426231
-0.024149963091
-0.0143920480205
-0.0221187695258
-0.000752567098369
-0.0201411364163
-0.0280653294482
-0.0297319004535
-0.0258367238772
-0.0240006371134
-0.0158057685274
-0.0349910522481
0.0
-0.027681988873
0.0
0.0
0.0
0.0
0.0
0.0
0.0
0.0
0.0
0.0
0.0
0.0
0.0
0.0
0.0
0.0
-0.0359606273707
-0.0340491223463
-0.0355738268019
-0.0371825558177
-0.0338561544432
-0.0200906093525
-0.0109931651936
-0.0333815230588
-0.034836003518
-0.0351761948114
-0.0351456306346
-0.0379092450676
-0.0335153954145
-0.0183805149268
-0.00752063482963
-0.0338417159611
-0.0343101509766
-0.033796789954
-0.0341824037353
-0.0368646640372
-0.032899092303
-0.0177677045511
-0.00568684950486
-0.0320145279869
-0.0355475832239
-0.0349944533929
-0.0353532906847
-0.0379055633565
-0.0331671076382
-0.0191319477774
-0.00472390102236
-0.0327148793082
-0.0345184787289
-0.0336679122519
-0.0343974800663
-0.0369543312994
-0.0321036132309
-0.0175129350402
-0.00344267803306
-0.0327986520557
-0.0260550818953
-0.0263498354053
-0.0265858205678
-0.0283977367443
-0.0249552732614
-0.00616966324669
-0.00150744309627
-0.0248717955008
-0.00467002605368
-0.00472464956472
-0.00449194586375
-0.00373987789209
-0.00247949145414
-0.00290707969553
0.0
-0.00290707969553
0.0
0.0
0.0
0.0
0.0
0.0
0.0
0.0
0.0
0.0
0.0
0.0
0.0
0.0
0.0
0.0
0.0
0.0
0.0
0.0
0.0
0.0
0.0119166607766
0.00891032099485
0.00660950513717
0.00470584067033
0.00320777989049
0.00166108900426
0.000348308500095
0.0
0.0
0.0
0.0
0.0
0.0
0.0
0.0
0.0
0.0
0.0
0.0
0.000121489092249
0.000121489092249
0.0115527313207
0.0055066710256
0.00388636946728
0.00376618537393
0.0
0.0
0.0
0.0
0.0
0.0
0.0
0.0
0.0
0.00635000145877
0.00762997233474
0.00574120634047
0.00554506386727
0.00698788584964
0.00460556666054
0.00330261992461
0.00249930498372
0.0
0.0
0.0
0.0
0.0
0.0
0.00227169258198
0.0
0.0
0.0
0.0
0.0
0.0
0.0
0.0
0.0
0.0
0.0
0.0
0.0
0.0
0.0
0.0
0.0
-0.023965860829
-0.0215650014029
-0.0306879317324
-0.0218288036833
-0.030551562445
-0.0251026665655
-0.0306879317324
-0.0192931787324
0.0
0.0
0.0115488889568
0.00782858708638
0.0
0.0
0.0
0.0
0.0
0.0
0.0
0.0
0.0
0.0
0.0
0.0
0.00730372134968
0.000674259640895
0.0
0.0
0.000874070206311
0.0
0.0
0.0
0.0
0.00277674435893
0.00102442213845
0.00102442213845
0.0
0.0
0.0
0.0
0.0
0.0
0.0
0.00102442213845
0.000482382415115
0.0
0.0
0.0
0.0
0.013718962739
0.0230589894366
0.0
0.0
0.0
0.0
0.0
0.0149989557857
0.0130569631188
0.00869257156226
0.0171023149488
0.0010045550269
0.00154459010379
0.0156022796332
0.0143439556253
0.000769438127829
0.00156432586889
0.0192498075508
0.0202282248735
0.0163616648898
0.00841747756511
0.00864874435097
0.00921504386018
0.000370726987871
0.000350224126078
0.00073319988985
0.0
0.0
0.000707091456742
0.000695461282006
0.000964883098242
0.0
0.000691723647899
0.0
0.0
0.000180522571721
0.000737467192523
0.000932334482769
0.000925146613289
0.00125388222013
0.0208604284894
0.0206641093684
0.0215327627599
0.0219415360113
0.0220206077719
0.0220327079415
0.0220327079415
0.00115162868322
0.0211563396962
0.0214379192462
0.0224269995085
0.0228394527651
0.0230130243447
0.0230881254876
0.0230881254876
0.0
0.0
0.0
0.000408395860082
0.000725246594892
0.000807295865131
0.000828086460848
0.00103709166949
0.000754763649612
0.0
0.0
0.000696042408937
0.000944833200065
0.000962115335428
0.00109545949454
0.000807154870019
0.0
0.0
0.0
0.0
0.0
0.0
0.0
0.0
0.0
0.0
0.0
0.0
0.0
0.0
0.0
0.0
0.0138303207235
0.00103156312936
0.0135052465032
0.0158414880122
0.000574011456575
0.000534593291784
0.000731024167945
0.000733192338762
0.0138223723878
0.000600361867987
0.000729669438918
0.0159121615684
0.0
0.0
0.0
0.0
0.0
0.0
0.0
0.0
0.0
0.0
0.0
0.0
0.000288885259146
0.000562102387218
0.000260786504512
0.0005959862331
0.0118535985113
0.0106626586469
0.0119601439461
0.012066768134
0.0
0.0
0.0
0.0
0.000645201209208
0.0128251321388
0.00175539916085
0.0128588356351
0.0
0.0
0.0
0.0
0.0
0.0
0.0
0.0
0.010951820244
0.0108659891549
0.0108221848992
0.0109861465711
0.00045335815314
0.000775305685044
0.0105708385873
0.00643762886192
0.0149633044239
0.0144815616865
0.0145708511665
0.0143607534255
0.0
0.0
0.0028788927378
0.00836988065258
0.0
0.0
0.0
0.0
0.0
0.0
0.0
0.0
0.0
-0.0349257225931
-0.180953523646
-0.00120171984919
-0.00120171984919
-0.00120171984919
-0.00120171984919
-0.00120171984919
-0.000567103798728
-0.0410055837627
-0.00249836995109
0.0
0.0
0.0
0.0
0.0
0.0
0.0
0.0
0.000619095304899
0.009104713144
0.00361628454717
0.0
0.00772934932373
0.0155430064149
0.0125798912783
0.012421918766
0.0154339754372
0.0121084081596
0.0159096717296
0.00731228856218
0.0
0.0
0.0
0.0
0.0
0.0
0.0
0.0
0.0
0.0
0.0
0.0
0.0
0.0
0.0
0.0
0.0
0.0
0.0
0.0
0.0
0.0
0.0
0.0
0.000544742096218
0.000183761431925
0.000183761431925
0.0
-0.000140294921916
0.0
0.0
0.0
0.0
0.0
0.0
0.0
0.0
0.0
0.0
0.0
0.0
-0.000450618085413
-0.000825088418758
-0.000113115196077
0.00900785158231
0.0
0.0
-0.000113115196077
0.000110884685419
0.0
0.0
0.0
0.0
0.0
0.0
0.0
0.0
0.0
0.0
0.0
0.0
0.0
0.0
0.0
0.0
0.0
0.0
0.0
0.0
0.0
0.0
0.0
0.0
0.0
0.0
0.0
0.0
0.0
0.0
0.0
0.0
0.0
0.0
0.0
0.0
0.0
0.0
0.0
0.0
0.0
0.0
0.0
0.0
0.0
0.000171811842398
0.000560235165271
0.0
0.0
0.0
0.0
0.0
0.0
0.0
0.0
0.0
0.0
0.0
0.0
0.0
0.0
0.0
0.0
0.0
0.0
0.0
0.0
0.0
0.0
0.0
0.0
0.0
0.0
0.0
0.0
0.0
0.0
0.0
0.0
0.0
0.0
0.0
0.0
0.0
0.0
0.0
0.0
0.0
0.0
0.0
0.0
0.0
0.0
0.0
0.0
0.0
-0.000458140366268
0.000283805391869
0.0
0.0
0.0
0.00299161388989
0.0
0.0
0.0
0.0
0.0
0.0
0.0130535561233
0.0096844578227
0.0096844578227
0.0096844578227
0.0
0.0
0.00363068383937
0.000689420122831
0.0
0.000706964315741
0.0
0.0
0.0
0.0
0.0
0.0
0.0
0.0
0.0
0.0
0.000296261112547
0.0
0.0
0.0
0.0
0.0
0.0
0.0
0.0
0.0
0.0
0.0
0.0
0.0
0.0
-0.000351623965554
0.0
0.0
0.0
0.000121489092249
0.0
0.0
0.0
0.0
0.0
0.0
0.0
0.0
0.0
0.0
0.0
0.0
0.0
0.0
0.0
0.0
0.00182605513117
0.00201737355554
0.0
0.0
0.000206270038181
0.000422582538848
0.0
0.0
0.0
0.0
-0.000289673164394
0.0
0.0173841211811
0.00505984418411
0.0
0.0
0.000412273582425
0.0171774693873
0.000412273582425
0.0
0.0
-0.0168596491474
0.00738912714228
0.027614963004
0.0267518874585
0.0267518874585
0.0267518874585
0.027614963004
0.0
0.0
0.00603515926512
0.0042745391418
0.000946225132182
0.0
0.0
0.0
0.0268090954445
-0.000253617974462
0.00355755770856
-0.000436526319915
0.000356486868715
0.000356486868715
0.027614963004
0.0272746498926
