0.0
0.0
0.0
0.0
0.0
0.0
0.0
0.0
0.0
0.0
0.0
0.0
0.0
0.0
0.0
0.0
0.0
0.0
0.0
0.0
0.0
0.0
0.0
0.0
0.0
0.0
0.0
0.0
0.0
0.0
0.0
0.0
0.0
0.0
0.0
0.0
0.0
0.0
0.0
2.12180601088e-05
1.4343994742e-16
2.56955914879e-17
-6.02816407902e-17
4.21754645097e-17
-3.46944695195e-18
8.67361737988e-17
6.24500451352e-17
8.04428091697e-06
-2.77555756156e-17
-6.93889390391e-17
2.77555756156e-17
-1.94289029309e-16
-4.99600361081e-16
-5.55111512313e-16
-1.11022302463e-16
1.38777878078e-17
-0.00969596827048
-0.00472681721829
-0.006703404267
-0.0241885202204
-0.0310859363396
2.11758236814e-22
1.32348898008e-23
0.0
0.0117010427325
0.0157610842942
0.0113599061898
0.0192448713655
0.0281353954368
-0.181916766555
-0.181916766555
-0.181916766555
0.00448130167079
0.00412114676655
0.0057625038491
0.0152886272048
0.0189246023108
0.0224528769743
0.015201655332
0.0224528769743
0.0
-4.5917748079e-40
-2.93873587706e-39
0.0
0.0
0.014222316873
0.014222316873
0.014222316873
0.0
0.0
0.0
0.0
0.0
0.0
0.0
0.0
0.0
0.0
0.0
0.0
0.0
0.0
0.0
0.0
0.0
0.0
0.0
0.0
0.0
0.0
-0.000674206331475
-9.57857787367e-05
0.0
0.0
0.0
0.0
0.0
0.0
0.0
-0.000606448702129
0.0
0.0
0.0
-0.0267527148461
-0.0557104651016
0.0
0.0
0.0
-0.0164414423519
0.00368963027767
-0.00100366969314
0.00086964537717
-0.000637515757484
0.0
0.0
0.0
0.00963106870786
0.0107365392694
0.00482833790038
0.00567047768275
0.0140721862227
-0.239892109983
-0.239892109983
-0.239892109983
0.0
0.0
0.0
0.0
0.0
0.0137896865042
0.0137896865042
0.0137896865042
0.0
0.0
0.0
0.0
0.0
0.0
0.0
0.0
0.0
0.0
0.0
0.0
0.0
0.0
0.0
0.0
0.0
0.0
0.0
0.0
0.0
0.0
0.0
0.0
0.0
0.0
0.0
0.0
0.0
0.0
0.0
0.0
0.0
0.0
0.0
0.0
0.0
0.0
0.0
0.0
-0.135374683143
-0.146026959396
-0.0675323191769
-0.0965543086339
-0.0180334390714
-0.0910226240655
-0.134819187454
-0.147576705429
-0.0213231773118
-0.0216818791858
-0.0174229918439
-0.024021555141
-0.0160385554051
-0.0178479881376
-0.0213461698454
-0.0231113065415
0.0156218658963
0.021408432936
0.0216528144947
0.013918890549
0.0145225912731
0.0189946089131
0.0198360490031
0.0240946554846
0.0102987383906
0.0146017360164
0.0129066986511
0.00967432623364
0.013150496171
0.00785523328342
0.0107281647856
0.0161120844182
0.0
0.0
0.0
0.0
0.0
0.0
0.0
0.0
0.0
0.0
0.0
0.0
0.0
0.0
0.0
0.0
0.0
0.0
0.0
0.0
0.0
0.0
0.0
0.0
0.0
0.0
0.0
0.0
0.0
0.0
0.0
0.0
0.0
0.0
0.0
0.0
0.0
0.0
0.0
0.0
0.0
0.0
0.0
-0.00445686555988
0.0
0.0
0.0
0.0
0.0
0.0
0.0
-0.091182518227
-0.00806655626906
-0.0585605417044
0.0
-0.144361847071
-0.0369316152429
-0.197556690533
-0.0329277380978
-0.144753228597
-0.173968743144
-0.0256679266892
-0.0365917571729
-0.0474100211123
0.0104359699537
0.0118334057057
0.0111499229452
0.0101235991895
0.00993980096939
0.00956612896143
0.00882300639723
0.0107184018928
0.0
0.0
0.0
0.0
0.0
0.0
0.0
0.0
0.0
0.0
0.0
0.0
0.0
0.0
0.0
0.0
0.0
-0.000736604685827
0.0
0.0
0.0
0.0
0.00100189588211
0.0
0.0
0.0
0.0
0.0
0.0
0.0
0.00111435741111
0.0
0.0
-0.000651128140517
0.0
-0.0123388455469
0.0
0.0
0.000785317265298
0.0
-0.0414048853369
-0.0214409077894
-0.0404101765991
-0.0360117054002
-0.0188095959179
-0.169097361347
1.15563366377e-05
-0.0958465542351
-0.0210044248893
-0.0189825071002
-0.0223811493296
-0.0229583505926
-0.0187982319575
-0.0309574484314
-0.000374286266863
-0.0211022917265
0.0199087004126
0.0219470180434
0.0205113222405
0.0206773534501
0.0116093748011
0.0223866967755
0.00289060472381
0.0202617839297
0.01516495481
0.0168563521408
0.0153664999645
0.0131527740079
0.00722877749889
0.0189246023108
0.0
0.014183950229
0.0
0.0
0.0
0.0
0.0
0.0
0.0
0.0
0.0
0.0
0.0
0.0
0.0
0.0
0.0
0.0
0.0
-0.166255096428
0.0
0.0
0.0
0.0
0.00105075005824
0.0
-0.106624659239
-0.16507066244
0.0
0.0
-0.000977072197835
0.0
0.000986324016999
0.0
0.0
-0.188093996396
0.0
-0.0268952748348
0.000125483245658
0.0
0.00052267718194
-0.0268952748348
-0.0216989825463
-0.169024470178
0.0
-0.135132008613
0.0
0.0
0.000499975663185
-0.0782107592167
-0.0268952748348
-0.213465621004
-0.118450482966
0.0
-0.0854347946334
0.0
4.20894897747e-05
0.0
-0.058304122951
-0.104072869109
-0.108160515189
-0.194588281657
-0.0103958401561
-0.239396625774
-0.000102295047078
-0.100725889493
0.00738690020319
0.0104349006465
0.0109409417203
0.00991954755447
0.00712949345497
0.0131516801219
0.0
0.00750022521436
0.0
0.0
0.0
0.0
0.0
0.0
0.0
0.0
0.0
0.0
0.0
0.0
0.0
0.0
0.0
0.0
0.0
0.0
0.0
0.0
0.0
0.0
0.0
0.0
0.0
-0.0437826422612
-0.00368698515318
1.12984199577e-05
0.00195072776939
0.000871922357466
0.0
0.0
0.0
0.0
0.0
0.0
0.0
0.0
0.0
0.0
0.0
0.0
0.0
7.35689729505e-06
0.0
-0.203704749527
-0.0128695877111
0.0
0.00253067214543
0.0
0.0
0.0
0.0
0.0
0.0
0.0
-0.014535657816
0.0
-0.000157696006361
-0.00330377548422
-0.014535657816
-0.00743084668953
-5.36851270145e-05
-0.000974280408126
0.0
0.0
0.0
0.0
0.0
0.0
-0.0129699552403
0.0
0.0
0.0
0.0
0.0
0.0
0.0
0.0
0.0
0.0
0.0
0.0
0.0
0.0
0.0
0.0
0.0
0.00172209889302
0.00168680703609
0.00223904621478
0.00159114604247
0.0012216126138
0.0019348892331
0.00223904621478
0.00137352307133
0.0
0.0
-0.000716833045581
1.34978129899e-05
0.0
0.0
0.0
0.0
0.0
0.0
0.0
0.0
0.0
0.0
0.0
0.0
-0.00188423728306
-0.0119454569748
0.0
0.0
0.0
0.0
0.0
0.0
0.0
0.000108938832729
0.00010778119188
0.000499500081889
0.0
0.0
0.0
0.0
0.0
0.0
0.0
-0.000424869867178
0.0
0.0
0.0
0.0
0.0
0.0
-0.00356975056514
0.0
0.0
0.0
0.0
0.0
0.0
-0.000718417253792
0.0
0.0
0.0
0.0
-0.0031552766662
-0.00475079439819
-0.0139095156633
-0.0307116983072
-0.00709438078564
0.0
-0.00272147650671
0.0
0.0
0.0
0.0
0.0
0.0
0.0
0.0
0.0
0.0
0.0
0.0
0.0
0.0
0.0
0.0
0.0
0.0
0.0
0.0
0.0
-0.0151436748883
-0.0151436748883
-0.0151436748883
-0.0151436748883
-0.0151436748883
-0.0151436748883
0.0
0.0
0.0
0.0
0.0
0.0
0.0
0.0
0.0
0.0
0.0
0.0
0.0
-0.0112755992265
-0.0205235292475
0.0
0.0
0.0
0.0
0.0
0.0
-0.0128959044788
0.0
0.0
0.0
0.0
0.0
0.0
0.0
0.0
0.0
0.0
0.0
0.0
0.0
0.0
0.0
0.0
0.0
0.0
0.0
-0.00109795138234
0.0
0.0
0.0
0.0
0.0
0.0
0.0
0.0
0.0
0.0
0.0
0.0
0.0
0.0
0.0
0.0
0.0
0.0
0.0
0.0
0.0
0.0
-0.0147084891279
-0.000371650227181
-0.00343449318649
-0.00231689852255
-0.00226571520342
0.0
0.0
0.0
0.0
0.0
0.0
0.0
0.0
0.0
0.0
0.0
0.0
0.0
0.0
0.0
0.0
0.0
0.0
0.0
-0.00214487106528
-0.00801943334329
-0.00236949381697
-0.00295804351113
-0.00868693176458
-0.00336885966265
-0.00187624952102
-0.00337969652015
0.0
-0.0179581883956
-0.000471503864936
-0.0209770252062
0.0
0.0
0.0
-0.00284507345672
0.0
0.0
0.0
0.0
0.0
0.0
0.0
0.0
0.0
0.0
-0.0305498668215
0.000166098466236
0.000166098466236
0.000166098466236
0.000166098466236
0.000166098466236
0.0
0.0
0.0
0.0
0.0
0.0
0.0
0.0
0.0
0.0
0.0
0.0
0.0
-0.00154471557632
0.0
0.000243671632511
0.0
-0.0389040718135
-0.00142736167173
0.0
-0.00082705753307
0.0
-0.0044080219847
0.0
0.0
0.0
0.0
0.0
0.0
0.0
0.0
0.0
0.0
0.0
0.0
0.0
0.0
0.0
0.0
0.0
0.0
0.0
0.0
0.0
0.0
0.0
0.0
-1.68881982746e-06
0.0
0.0
0.0
-0.0110886823996
0.0
0.0
0.0
0.0
0.0
0.0
0.0
0.0
0.0
0.0
0.0
0.0
0.0
0.0
0.0
0.0
0.0
0.0
0.0
0.0
0.0
0.0
0.0
0.0
0.0
0.0
0.0
0.0
0.0
0.0
0.0
0.0
0.0
0.0
0.0
0.0
0.0
0.0
0.0
0.0
0.0
0.0
0.0
0.0
0.0
0.0
0.0
0.0
0.0
0.0
0.0
0.0
0.0
0.0
0.0
0.0
0.0
0.0
0.0
0.0
0.0
0.0
0.0
0.0
0.0
0.0
-0.00124880621341
0.0
0.0
0.0
0.0
0.0
0.0
0.0
0.0
0.0
0.0
0.0
0.0
0.0
0.0
0.0
0.0
0.0
0.0
0.0
0.0
0.0
0.0
0.0
0.0
0.0
0.0
0.0
0.0
0.0
0.0
0.0
0.0
0.0
0.0
0.0
0.0
0.0
0.0
0.0
0.0
0.0
0.0
0.0
0.0
0.0
0.0
0.0
0.0
0.0
-0.00183728708586
0.0
0.0
0.0
0.0
0.000431725521416
0.0
0.0
0.0
0.0
0.0
0.0
0.000367931386305
-0.00031036830799
-0.00031036830799
-0.00031036830799
0.0
0.0
0.000351630752692
-4.97384313639e-05
0.0
-0.000407112837853
0.0
0.0
0.0
0.0
0.0
0.0
0.0
0.0
0.0
0.0
0.0
0.0
0.0
0.0
0.0
0.0
0.0
0.0
0.0
0.0
0.0
0.0
0.0
0.0
0.0
-0.000661820802894
0.0
0.0
0.0
0.0
0.0
0.0
0.0
0.0
0.0
0.0
0.0
0.0
0.0
0.0
0.0
0.0
0.0
0.0
0.0
0.0
-0.00188242794558
-0.00189545011084
0.0
0.0
0.0
0.0
0.0
0.0
0.0
0.0
0.0
0.0
0.0
0.0
0.0
0.0
0.0
0.0
0.0
0.0
0.0
0.0
-5.47927209613e-05
0.0
0.0
0.0
0.0
0.0
0.0
0.0
0.000157350670356
0.0
-0.0032859834207
0.0
0.0
0.0
0.0
0.0
0.0
0.0
0.0
0.0
0.0
0.0
0.0
0.0
0.0
0.0
0.0
0.0
0.0
0.0
0.0
0.0
0.0
0.0
0.0
0.0
0.0
0.0
0.0
0.0
0.0
0.0
0.0
0.0
0.0
0.0
0.0
0.0
0.0
0.0
0.0
0.0
0.0
0.0
0.0
0.0
0.0
0.0
0.0
0.000362682278472
0.00115675972408
0.00011955880979
0.0
0.0
0.0
0.0
0.0
-0.00266008645842
0.00172599115752
0.000760080868616
0.0
0.0
-0.000485927760063
-0.00713977732983
-0.000402451429191
-0.00281559507997
0.000347044868003
-0.0028546935674
-0.00298631530809
-0.00258575770054
-0.0014312342077
0.00177687315696
-0.00448988062309
-0.0216628562696
0.00316661134308
-0.0231920395398
0.0102313343082
0.00698735817371
0.00579568537929
0.014793821529
0.00722898134712
0.0176181012845
0.00123978914695
0.0159588468027
0.0153634006608
0.0206460062152
0.00675467544063
0.00155190741304
0.0255778558462
0.0165427088963
0.0
0.0165427088963
0.0
0.0
0.0
0.0
0.0
0.0
0.0
0.0
0.0
0.0
0.0
0.0
0.0
0.0
0.0
0.0
0.0
0.0
0.0
0.0
0.0
0.0
-0.00165969249643
-0.00165969249643
0.0
0.0
0.0
0.0
0.0
0.00356693055095
0.00391456811972
0.000446316204376
0.0
0.0
0.0
0.0
-0.00433761265359
-0.00498205323761
0.00511440695756
0.00209692896526
0.0
0.0
-0.00480483703745
-0.0033598754778
-0.00894279100307
0.00577039882478
0.00252487777781
0.0056579399989
-0.000189004819251
0.00167707561324
0.000922023714645
0.00124742074596
0.00139824046274
0.00355441386046
0.0041543830566
0.0034840449983
0.0050255528483
0.00389970323901
0.00423210192673
0.00337048889779
0.00106284101115
0.0104132031399
0.0
0.0104132031399
0.0
0.0
0.0
0.0
0.0
0.0
0.0
0.0
0.0
0.0
0.0
0.0
0.0
0.0
0.0
0.0
0.0
0.0
0.0
0.0
0.0
0.0
0.0
0.0
-0.00199497160672
-0.00147256919384
-0.00125330564983
-0.00150770761343
0.0
0.0
-3.29293625524e-05
-0.000713474707826
-0.00142798051209
-0.00121317898954
-0.00145742271956
-0.00140462614864
0.0
0.0
-0.00269845574672
-0.00109106148583
-0.00192194548827
-0.00157622361194
-0.00150746555581
-0.00170797785232
0.0
-0.00285020573539
-0.000854608924625
-0.000800411812823
-0.00141811567011
-0.00150988328906
-0.00133583290643
-0.00156724461896
-0.00360217666349
-0.000716179862176
-0.00143601093498
-0.00116394229711
-0.00376724049117
-0.00346458292164
-0.00297444714214
-0.00392503014195
-0.00200106527409
-0.00300008992725
-0.00289347824772
-0.00387705703193
0.00750014679595
0.00999195464548
0.0113039352135
0.00860826470851
0.00940196683887
0.0115514058651
0.0088807867047
0.0104770812187
0.0115971925391
0.0186991292898
0.0172943827368
0.0158657832168
0.0160450446352
0.0121215383829
0.0157675793208
0.0218353654866
0.0
0.0
0.0
0.0
0.0
0.0
0.0
0.0
0.0
0.0
0.0
0.0
0.0
0.0
0.0
0.0
0.00337466627776
0.00323985995379
0.00374774284798
0.00307387921834
0.0
0.0
-0.00855859679943
0.00332404510239
0.00394740645654
0.00287955489307
0.0034169161294
0.00391841457932
0.0
0.0
-0.00624276049658
0.00314439979028
0.00321420914983
0.00329121566519
0.00398857806717
0.00317254147916
-0.00480865696651
-0.00703681543454
0.00291317412993
0.00314792350302
0.00283347391108
0.00336962224671
0.00261538663067
0.0032297515719
-0.00734009636158
0.00302878786055
0.00281498991248
0.00376552842885
0.00384058383257
0.00290369338895
0.00395258204405
0.00373079631294
0.00308135518391
0.00323819527212
0.0028029991903
0.00354579592518
0.00285107848152
0.00309415962432
0.00221253337299
0.00282754751292
0.00272800924226
0.0026694880612
0.00236014958217
0.00249016919547
0.0
0.00563795161627
0.00479020926509
0.00391195432561
0.00416365183491
0.00507885084039
0.00449247362937
0.00434845188795
0.0
0.0
0.0
0.0
0.0
0.0
0.0
0.0
0.0
0.0
0.0
0.0
0.0
0.0
0.0
0.0
-0.00184884975343
-0.00179380076086
-0.00162501560292
-0.00235036965165
-0.00166093941249
-0.000288754315485
0.000545311468157
-0.00157520928965
-0.00189083029818
-0.00137178996705
-0.00163073068886
-0.00165148391952
-0.00178007876495
-0.000162127792465
0.000803362268615
-0.00134728537867
-0.00191225944874
-0.00174883272753
-0.00167214190542
-0.00202699863776
-0.00199331466179
-0.00070977106439
0.000703741640093
-0.00154142158807
-0.00161259200376
-0.00137353463163
-0.00143473504117
-0.00171109202942
-0.00131612508232
-0.000703959772504
-0.000561090390982
-0.00142471093021
-0.00314014828031
-0.00303976212818
-0.00316171957852
-0.00343694411246
-0.00327130166387
-0.00572488754461
-0.000223052244279
-0.00302130876585
0.0102252037083
0.010126637838
0.0112701141608
0.011287585195
0.00547352676413
0.00613043440264
0.000504090200096
0.00995707410518
0.0204176072235
0.0215649712738
0.0191691192757
0.0175530101296
0.0117914566502
0.0255778558462
0.0
0.0204393052528
0.0
0.0
0.0
0.0
0.0
0.0
0.0
0.0
0.0
0.0
0.0
0.0
0.0
0.0
0.0
0.0
0.00286182029454
0.0039786306709
0.00253165415772
0.00372415648481
0.00296439743951
-0.00150783488423
0.000976538146129
0.00338137091841
0.00488817169966
0.0044495500406
0.00374940974672
0.00304555605
0.00389811449387
0.00323831145213
0.00168947756132
0.0038787820558
0.00420874768841
0.00454068288941
0.00346768942031
0.00403693279043
0.00354380542327
0.00252376898065
0.00142024926784
0.00439573080429
0.003202204305
0.00415316203792
0.00292639213984
0.00428594097102
0.00262800090762
-0.000816961998915
-0.000748230648394
0.00317197108543
0.00379517270328
0.00427500367986
0.00276938706869
0.00288364086744
0.00381507364667
0.00305919500977
0.000627818645404
0.00332121600625
0.00326367343093
0.00327084146475
0.00336518444548
0.00298215156248
0.00262115010243
0.0032303586026
0.000244565520526
0.00238429757036
0.00485087853406
0.00504279485432
0.0045616857781
0.0040609445715
0.00289076387083
0.00296164788518
0.0
0.00296164788518
0.0
0.0
0.0
0.0
0.0
0.0
0.0
0.0
0.0
0.0
0.0
0.0
0.0
0.0
0.0
0.0
0.0
0.0
0.0
0.0
0.0
0.0
0.00173048774595
0.00136447855369
0.00102280443609
0.000772696152355
0.000522594129947
0.000312950013779
6.06196967324e-05
0.0
0.0
0.0
0.0
0.0
0.0
0.0
0.0
0.0
0.0
0.0
0.0
1.31931712006e-05
1.31931712006e-05
0.00147836953397
0.00118899364183
0.000854132093515
0.000647023679635
0.0
0.0
0.0
0.0
0.0
0.0
0.0
0.0
0.0
0.00124789401536
0.00129920405715
0.000955527230775
0.00125017724114
0.00152253127667
0.0011397144247
0.000574927240284
0.000405798346939
0.0
0.0
0.0
0.0
0.0
0.0
0.000359504466492
0.0
0.0
0.0
0.0
0.0
0.0
0.0
0.0
0.0
0.0
0.0
0.0
0.0
0.0
0.0
0.0
0.0
0.00170477021358
0.00189735269994
0.00251432400099
0.00181336739209
0.00145974120105
0.00243435203486
0.00251432400099
0.00182597360396
0.0
0.0
0.00174698985697
0.000962969628586
0.0
0.0
0.0
0.0
0.0
0.0
0.0
0.0
0.0
0.0
0.0
0.0
0.000964902398314
-0.000457347467955
0.0
0.0
0.000121326868139
0.0
0.0
0.0
0.0
0.000501311576012
0.000114029479623
0.000114029479623
0.0
0.0
0.0
0.0
0.0
0.0
0.0
0.000114029479623
-4.75670156446e-05
0.0
0.0
0.0
0.0
0.00633261137443
0.00847943299552
0.0
0.0
0.0
0.0
0.0
0.00669519752191
0.00416535311652
0.00268157386597
0.00754110451956
-0.000769690702251
0.000335434650391
0.00393560955839
0.00404494342915
-0.0016327292559
-8.79163348429e-05
0.00557855416383
0.0066320128144
0.00585172207434
0.00118441231318
0.00184219172525
0.00188106714816
-0.000905444713248
-0.000853574824547
-0.000782223549707
0.0
0.0
-0.000439270163944
-0.000536335102279
-0.000566462172291
0.0
-0.000882711853213
0.0
0.0
-0.000105295086229
-0.00147189364916
-0.000881024348223
-0.000615903975807
-0.000167489003084
0.00697653025789
0.00815290746819
0.00928031891321
0.00973087736305
0.00983583796246
0.00985932308094
0.00985932308094
-0.000279362435654
0.00699839396665
0.00828575070794
0.00957101096419
0.0100560884289
0.0102279325527
0.0102908065033
0.0102908065033
0.0
0.0
0.0
-0.00031499456331
-0.00097350448542
-0.000680252386677
-0.000734139545431
-0.000802912290665
-0.00195682613038
0.0
0.0
-0.000668107476917
-0.00135368334056
-0.000444219550016
-0.000376147117058
-0.00161666860484
0.0
0.0
0.0
0.0
0.0
0.0
0.0
0.0
0.0
0.0
0.0
0.0
0.0
0.0
0.0
0.0
0.00495291381132
-3.26733794932e-05
0.00315953088567
0.00535832742381
-0.000795723726599
-0.000419228353121
-0.000806669753467
-0.000668535241964
0.00438640970371
-0.000334385853463
-0.000300922962919
0.00466797360141
0.0
0.0
0.0
0.0
0.0
0.0
0.0
0.0
0.0
0.0
0.0
0.0
-8.1180399028e-05
-4.07882544985e-05
-0.000294851204793
-8.24810067873e-05
0.00281363498392
0.00100227744302
0.000690622065176
0.000528127660572
0.0
0.0
0.0
0.0
-0.000237789907279
0.00162706385521
-0.00020294728728
0.00143677790605
0.0
0.0
0.0
0.0
0.0
0.0
0.0
0.0
0.00309360205453
0.00291509770078
0.00287261007407
0.00290457737953
-0.000154593104405
-0.00051790964788
0.00161062370464
0.000963083029324
0.0040839598148
0.00387778660682
0.00384733402736
0.00392563818034
0.0
0.0
0.000367438770814
0.00113541724514
0.0
0.0
0.0
0.0
0.0
0.0
0.0
0.0
0.0
-0.0180988072781
-0.00582652095927
-0.000286500375092
-0.000286500375092
-0.000286500375092
-0.000286500375092
-0.000286500375092
-0.00798134682824
0.0056386529139
0.000937417157201
0.0
0.0
0.0
0.0
0.0
0.0
0.0
0.0
9.37426449077e-05
0.00115104502332
0.000400499613177
0.0
0.00159335315459
0.00710636489678
0.00488900403299
0.00495509076887
0.00704082122541
0.00486813870763
0.00726416010158
0.00295394073417
0.0
0.0
0.0
0.0
0.0
0.0
0.0
0.0
0.0
0.0
0.0
0.0
0.0
0.0
0.0
0.0
0.0
0.0
0.0
0.0
0.0
0.0
0.0
0.0
6.545812107e-05
2.03090675971e-05
2.03090675971e-05
0.0
0.00160093838018
0.0
0.0
0.0
0.0
0.0
0.0
0.0
0.0
0.0
0.0
0.0
0.0
-0.000233370636394
-0.000415037812418
-0.00054206174758
0.00128837574699
0.0
0.0
-0.00054206174758
-0.000338963511922
0.0
0.0
0.0
0.0
0.0
0.0
0.0
0.0
0.0
0.0
0.0
0.0
0.0
0.0
0.0
0.0
0.0
0.0
0.0
0.0
0.0
0.0
0.0
0.0
0.0
0.0
0.0
0.0
0.0
0.0
0.0
0.0
0.0
0.0
0.0
0.0
0.0
0.0
0.0
0.0
0.0
0.0
0.0
0.0
0.0
1.86579974449e-05
0.000306999697243
0.0
0.0
0.0
0.0
0.0
0.0
0.0
0.0
0.0
0.0
0.0
0.0
0.0
0.0
0.0
0.0
0.0
0.0
0.0
0.0
0.0
0.0
0.0
0.0
0.0
0.0
0.0
0.0
0.0
0.0
0.0
0.0
0.0
0.0
0.0
0.0
0.0
0.0
0.0
0.0
0.0
0.0
0.0
0.0
0.0
0.0
0.0
0.0
0.0
-0.00585153716498
1.88438281689e-05
0.0
0.0
0.0
0.000311972797251
0.0
0.0
0.0
0.0
0.0
0.0
0.00178903626403
0.00132268683874
0.00132268683874
0.00132268683874
0.0
0.0
0.000590657948439
3.07188479843e-05
0.0
-0.000549056443882
0.0
0.0
0.0
0.0
0.0
0.0
0.0
0.0
0.0
0.0
0.00011695388516
0.0
0.0
0.0
0.0
0.0
0.0
0.0
0.0
0.0
0.0
0.0
0.0
0.0
0.0
-0.000375939106432
0.0
0.0
0.0
1.31931712006e-05
0.0
0.0
0.0
0.0
0.0
0.0
0.0
0.0
0.0
0.0
0.0
0.0
0.0
0.0
0.0
0.0
0.000961258578364
0.000964787176018
0.0
0.0
-0.00340714317968
-0.00113650350235
0.0
0.0
0.0
0.0
-0.000270743077313
0.0
0.0147408005664
0.0140797631512
0.0
0.0
-0.00209673997824
0.0146869908371
-0.00209673997824
0.0
0.0
0.00729983176623
0.00201274447969
0.0155841019862
0.0151537621975
0.0151537621975
0.0151537621975
0.0155841019862
0.0
0.0
0.00122483133977
0.00236118493407
0.000176143126122
0.0
0.0
0.0
0.0140659229384
2.77349627971e-05
0.000486734928354
-2.91412610068e-05
0.000116627080203
0.000116627080203
0.0155841019862
0.0148409680508
