0.0
0.0
0.0
0.0
0.0
0.0
0.0
0.0
0.0
0.0
0.0
0.0
0.0
0.0
0.0
0.0
0.0
0.0
0.0
0.0
0.0
0.0
0.0
0.0
0.0
0.0
0.0
0.0
0.0
0.0
0.0
0.0
0.0
0.0
0.0
0.0
0.0
0.0
0.0
0.0
0.0
0.0
0.0
0.0
0.0
0.0
0.0
0.0
0.0
0.0
0.0
0.00825032421843
2.75930575867e-05
0.0
0.0
0.0
0.0
0.0
0.0
0.0
0.0
0.0
0.0
0.0
0.0
0.0
0.0
0.0
0.0
0.0
0.0
0.0
0.0
0.0
0.0
0.0
0.0
0.0
0.0
0.0
0.0
0.0
0.0
0.0
0.0
0.0
0.0
0.0
0.0
0.0
0.0
0.0
0.0
0.0
0.0
0.0
0.0
0.0
0.0
0.0
0.0
0.0
0.0
0.0
0.0
0.0
0.0
0.0
0.0
0.0
0.0
0.0
0.0
0.0
0.0
0.0
0.0
0.0
0.0
0.0
0.0
0.0
0.0
0.0
0.0
0.0
0.0
0.0
0.0
0.0
0.0
0.0
0.0
0.0
0.0
0.0
0.0
0.0
0.0
0.0
0.0
0.0
0.0
0.0
0.0
0.0
0.0
0.0
0.0
0.0
0.0
0.0
0.0
0.0
2.75930575867e-05
0.0131067023537
5.51861151734e-05
0.0
0.0
0.0
0.0
0.0
0.0
0.0
0.0
0.0
0.0
0.0
8.27791727601e-05
0.0
0.000110372230347
0.0120581661654
0.000137965287934
0.0198670014624
0.0
0.0
0.0
0.0
0.0
0.0
0.0
0.0
0.0
0.0
0.00016555834552
0.00383543500455
0.000193151403107
0.00626362407218
0.000220744460694
0.0
0.0
0.0
0.0
0.0
0.0
0.0
0.0
0.0
0.0
0.0
0.00825032421843
5.51861151734e-05
0.0
0.0
0.0
0.0
0.0
0.0
0.0
0.0
0.0
0.0
0.0
0.0
0.0
0.0
0.0
0.0
0.0
0.0
0.0
0.00507712259595
0.00488397119285
0.0109820369195
0.0
0.0
0.0
0.0
0.0
0.0
0.0
0.0
0.0
0.0
0.0
0.0
0.0
0.0
0.0
0.0
0.0
0.0
0.0
0.0
0.0
0.0
0.0
0.0
0.0
0.0
0.0
0.0
0.0
0.0
0.0
0.0
0.0
0.0
0.0
0.0
0.0
0.0
0.0
0.0
0.0
0.00016555834552
2.75930575867e-05
0.000303523633454
8.27791727601e-05
0.000441488921387
0.00841588256395
0.0
0.0
0.0
0.0
0.0
0.0
0.0
0.0
0.0
0.0
2.75930575867e-05
8.27791727601e-05
0.0114787119561
0.0027041196435
0.0
0.0
0.0
0.0
0.0
5.51861151734e-05
0.00016555834552
0.000220744460694
0.0
0.0
0.0
0.0
0.0
0.0
0.0
0.0
0.0
0.0
0.0
0.0
0.0
0.0
0.0
0.0
0.0
0.0
0.0
0.0
0.0
0.0
0.0
0.0
0.0
0.0
0.0
0.0
0.0
2.75930575867e-05
0.000110372230347
0.00024833751828
0.0
0.0
0.0
0.0
0.0
0.0
0.0
0.0
0.00262134047074
0.0
0.0
0.0
0.0
0.0
0.0
0.0
0.0
0.0
0.0
0.0
0.0
0.0
0.0
0.0
0.0
0.0
0.0
0.00822273116084
0.0
0.0
0.0
0.0
0.0
2.75930575867e-05
2.75930575867e-05
0.0
0.0
0.0
0.0
0.0
0.0
0.0
0.0
0.0
0.0
0.0
0.0
0.0
0.0
0.0
0.0
0.000275930575867
0.000275930575867
0.00612565878425
0.00397340029249
0.0
0.0102094313071
0.0312353411882
0.0312353411882
0.0
0.0
0.000882977842775
0.000993350073122
0.0
2.75930575867e-05
2.75930575867e-05
2.75930575867e-05
0.0
0.0247785657129
0.0
0.0
0.00772605612428
0.000717419497254
0.000717419497254
0.000717419497254
0.0307386661516
0.0
0.0
0.052675146933
0.0
0.0
0.0
0.0
0.0203084903838
0.00711900885737
0.000275930575867
8.27791727601e-05
0.0
0.00132446676416
0.00132446676416
0.00132446676416
0.015286553903
0.0
0.0372782207996
0.0
0.0144311691178
0.0102922104798
0.0102922104798
0.0102922104798
0.0
2.75930575867e-05
2.75930575867e-05
0.0
0.0
0.0
0.0
0.0
0.0
0.0
0.0302143980574
0.0
0.0
0.0
0.0
0.0
0.0
0.000910570900361
0.0
0.0
0.0149002510968
0.00137965287934
0.00137965287934
0.00137965287934
0.0
0.0
0.0
0.017825115201
0.00226263072211
0.00226263072211
0.00226263072211
0.00226263072211
0.0
0.0
0.0
0.000275930575867
0.000275930575867
0.000275930575867
0.000275930575867
0.000275930575867
0.0
0.000275930575867
0.0
0.000275930575867
0.000275930575867
0.000275930575867
0.000275930575867
0.000275930575867
0.0
0.0423553433956
0.0
0.0403686432494
0.0403686432494
0.0403686432494
0.0403686432494
0.0403686432494
0.0
0.0
2.75930575867e-05
2.75930575867e-05
2.75930575867e-05
2.75930575867e-05
2.75930575867e-05
2.75930575867e-05
0.0
0.0
8.27791727601e-05
8.27791727601e-05
8.27791727601e-05
8.27791727601e-05
8.27791727601e-05
8.27791727601e-05
0.0
0.0
0.0476256173947
0.0476256173947
0.0476256173947
0.0476256173947
0.0476256173947
0.0476256173947
0.0
0.0
0.0
0.0
0.0
0.0
0.0
0.0
0.0
2.75930575867e-05
2.75930575867e-05
2.75930575867e-05
2.75930575867e-05
2.75930575867e-05
2.75930575867e-05
2.75930575867e-05
0.0
8.27791727601e-05
8.27791727601e-05
8.27791727601e-05
8.27791727601e-05
8.27791727601e-05
8.27791727601e-05
8.27791727601e-05
0.0
0.0403410501918
0.0403410501918
0.0403410501918
0.0403410501918
0.0403410501918
0.0403410501918
0.0403410501918
0.0259374741315
0.0273171270108
0.0273447200684
0.0273447200684
0.0213570265721
0.0210259098811
0.0204740487293
0.0204740487293
0.0575039320107
0.0576418972986
0.0573935597804
0.0573935597804
0.0574487458955
0.0566761402831
0.0536409039486
0.0536409039486
0.0111751883226
0.0111751883226
0.0109544438619
0.0109544438619
0.0114511188985
0.011285560553
0.0104577688254
0.0104577688254
2.75930575867e-05
0.00016555834552
2.75930575867e-05
2.75930575867e-05
5.51861151734e-05
5.51861151734e-05
8.27791727601e-05
8.27791727601e-05
0.0588283987749
0.0580557931624
0.0588008057173
0.0588008057173
0.0591319224083
0.0563174305345
0.0561242791314
0.0561242791314
0.014155238542
0.0112579674954
0.014017273254
0.014017273254
0.0135481912751
0.0132446676416
0.0129963301233
0.0129963301233
0.0
0.0
0.0
0.0
0.0
0.0
0.0
0.0
2.75930575867e-05
2.75930575867e-05
2.75930575867e-05
2.75930575867e-05
2.75930575867e-05
5.51861151734e-05
5.51861151734e-05
5.51861151734e-05
0.0572280014348
0.0588008057173
0.0586628404293
0.0586628404293
0.05888358489
0.0574487458955
0.0573383736652
0.0573383736652
0.0117546425319
0.015286553903
0.015286553903
0.015286553903
0.0152313677879
0.0152313677879
0.0149830302696
0.0149830302696
0.000413895863801
0.0
0.0
0.0
0.0
0.0
0.0
0.0
0.000413895863801
0.0
0.0
0.0
0.0
0.0
0.0
0.0
0.000413895863801
0.0
0.0
0.0
0.0
0.0
0.0
0.0
0.000413895863801
0.0
0.0
0.0
0.0
0.0
0.0
0.0
0.000413895863801
0.0
0.0
0.0
0.0
0.0
0.0
0.0
0.000413895863801
0.0
0.0
0.0
0.0
0.0
0.0
0.0
0.0
0.0
0.0
0.0
0.0
0.0
0.0
0.0
0.0
0.0
0.0
0.0
0.0
0.0
0.0
0.0
0.0
0.0
0.0
0.0
0.0
0.0
0.0
0.0
0.0
0.0
0.0
0.0
0.0
0.0
0.0
0.0
0.0
0.0
0.0
0.0
0.0
0.0
0.0
0.0
2.75930575867e-05
0.067299467454
0.0375265583179
0.0140448663116
0.00772605612428
0.00168317651279
0.000745012554841
0.0
0.0
0.0
0.0
0.0
0.0
0.0
0.0
0.0
0.0
0.000275930575867
0.0
0.000469081978974
0.0
0.000110372230347
0.0
0.00364228360145
0.0
0.00024833751828
0.0
0.000524268094148
0.0
8.27791727601e-05
0.0
0.00408377252283
0.0
0.000303523633454
0.0
0.000524268094148
0.0
8.27791727601e-05
0.0
0.00408377252283
0.0
0.00024833751828
0.0
0.000496675036561
0.0
8.27791727601e-05
0.0
0.00411136558042
0.0
0.000303523633454
0.0
0.000551861151734
0.0
8.27791727601e-05
0.0
0.00413895863801
0.0
0.00024833751828
0.0
0.000551861151734
0.0
8.27791727601e-05
0.0
0.00413895863801
0.00151761816727
0.000303523633454
0.0
0.000551861151734
0.0
8.27791727601e-05
0.0
0.00402858640766
0.00179354874314
0.0
0.0
0.000551861151734
0.0
8.27791727601e-05
0.0
0.00397340029249
0.00132446676416
0.0
0.0
0.000524268094148
0.0
8.27791727601e-05
0.0
0.00419414475318
0.000634640324494
0.00132446676416
0.0010485361883
0.000579454209321
0.0
8.27791727601e-05
0.0
0.00413895863801
0.000689826439668
0.00137965287934
0.00149002510968
0.0
0.0
8.27791727601e-05
0.0
0.00422173781077
0.00115890841864
0.000938163957948
0.00102094313071
0.0
0.0
8.27791727601e-05
0.0
0.00413895863801
0.00855384785188
0.000303523633454
0.000496675036561
0.000855384785188
0.000634640324494
0.000110372230347
0.0
0.00405617946525
0.00847106867912
0.0
0.000827791727601
0.0010485361883
0.00113131536106
0.0
0.0
0.00402858640766
0.00844347562153
0.0
0.00115890841864
0.000717419497254
0.000717419497254
0.0
0.0
0.00405617946525
0.00844347562153
0.0106233271709
0.00844347562153
0.00016555834552
0.000413895863801
0.000413895863801
0.000220744460694
0.00400099335007
0.000938163957948
0.0105129549405
0.00791920752739
0.0
0.000413895863801
0.000193151403107
0.000331116691041
0.0
0.000745012554841
0.00264893352832
0.00767087000911
0.0
0.000413895863801
5.51861151734e-05
0.000110372230347
0.0
0.0310697828426
0.00298005021936
0.00118650147623
0.0107336994012
0.00802957975773
5.51861151734e-05
0.000441488921387
0.0
0.0310697828426
0.0
0.00126928064899
0.00281449187384
0.00767087000911
0.0
0.000441488921387
0.0
0.0312077481306
0.0
0.000717419497254
8.27791727601e-05
5.51861151734e-05
0.0
0.0
0.0
0.000965757015535
0.0390441764852
0.0312629342457
0.0
0.000662233382081
0.000469081978974
0.0
0.0
0.00118650147623
0.00687067133909
0.0310145967275
0.0
0.000689826439668
0.0
0.0
0.0
0.00389062111973
0.0
0.0
0.0
0.000441488921387
0.0
0.0
0.0
0.0369746971662
0.0
0.000800198670015
0.000689826439668
0.0
0.0
0.0
0.0
0.0339118677741
0.0
0.000827791727601
0.000441488921387
0.0
0.0
0.0
0.0
2.75930575867e-05
0.0
0.000662233382081
0.0
0.0
0.0
0.0
0.0
0.000689826439668
0.000800198670015
0.000413895863801
0.0
0.0
0.0
0.0
0.0
0.000800198670015
0.000689826439668
0.0
0.0
0.0
0.0
0.0
0.0
0.000827791727601
0.000441488921387
0.0
0.0
0.0
0.0
0.0
0.0
0.000662233382081
0.0
0.0
0.0
0.0
0.0
0.0
0.0
0.000413895863801
0.0
0.0
0.0
0.0
0.0
0.0
0.0
0.0
0.0
0.0
0.0
0.0
0.0
0.0
0.0
0.0
0.0
0.0
0.0
0.0
0.0
0.0
0.0
0.0
0.0
0.00485637813526
0.0
0.0
0.0
0.00485637813526
0.0
0.0
0.0
0.0
0.0
0.0
0.0
0.0
0.0
0.0
0.0
0.0
0.0
0.0
0.0
0.0
0.0
0.0
0.0
0.0
0.0
0.0
0.0
0.0
0.0
0.0
0.0
0.0
0.0
0.0
0.0
0.0
0.0
0.00783642835463
0.00783642835463
0.00783642835463
0.00783642835463
0.00783642835463
0.00783642835463
0.00783642835463
0.00783642835463
0.0
0.0
0.0
0.0
0.0
0.0
0.0
0.0
0.0
0.0
0.0
0.0
0.0
0.0
0.0
0.0
0.0
0.0
0.0
0.0
0.0
0.0
0.0
0.0
0.0
0.0
0.0
0.0
0.0
0.0
0.0
0.0
0.0
0.0
0.00786402141221
0.0
0.0
0.0
0.0
0.0
0.0
0.0
0.0
0.0
0.0
0.0
0.0
0.0
0.0
0.0
0.0
0.0
0.0
0.0
0.0
0.0
0.0
0.0
0.0
0.0
0.0
0.0
0.0
0.0
0.0
0.0
0.0
0.0
0.0
0.0
0.0
0.0
0.0
0.0
0.0
0.0
0.0
0.0
0.0
0.0
0.0
0.0
0.0
0.0
0.0
0.0
0.0
0.0
0.0
0.0
0.0
0.0
0.0
0.0
0.0
0.0
0.0
0.0
0.0
0.0
0.0
0.0
0.0
0.0
0.0
0.0
0.0
0.0
0.0
0.0
0.0
0.0
0.000137965287934
0.0473220937612
0.0
0.0
0.0
0.0
0.0
0.0
0.0
0.0
0.0
0.0
0.0
0.0
0.0
0.0
0.0
0.0
0.0
0.0
0.0
0.0
0.0
0.0
0.0
0.0
0.0
0.0
0.0
0.0
0.0
0.0
0.0
0.0
0.0
0.0
0.0
0.0
0.0
0.0
0.0
0.0
0.0
0.0
0.0
0.0
0.0
0.0
0.0
0.0
0.0
0.0
0.0
0.0
0.0
0.0
0.0
0.0
0.0
0.0
0.0
0.0
0.0
0.0
0.0
0.0
0.0
0.0
0.0
0.0
0.0
0.0
0.0
0.0
0.0
0.0
0.0
0.0
0.0
0.0
0.0
0.0
0.0
0.0
0.0
0.0
0.0
0.0
0.0
0.0
0.0
0.0
0.0
0.00016555834552
0.00016555834552
0.000193151403107
0.0
0.0
0.0
0.0
0.0
0.0
0.0
0.0
0.0
0.0
0.0
0.0
0.0
0.0
0.0
0.0
0.0
0.0
0.0
0.0
0.0
0.0
0.0
0.0
0.0
0.0
0.0
0.0
0.0
0.0
0.0
0.0
0.0
0.0
0.0
0.0
0.0
0.0
0.0
0.0
0.0213294335145
0.013355039872
0.0118650147623
0.00667751993598
0.00424933086835
0.00016555834552
0.0
0.0
0.0
0.0
0.0
0.0
0.0
0.0
0.0
0.0
0.0482602577192
0.0355398581717
0.0103749896526
0.000827791727601
0.000469081978974
0.0
0.0
0.0
0.0391545487155
0.0158108219972
0.00794680058497
0.00780883529704
0.0
0.0
0.0
0.0
0.0
0.0
0.0
0.0
0.0
0.0
0.0
0.0
0.0
0.0
0.0
0.0
0.0
0.0
0.0
0.0
0.0
0.0
0.0
0.0
0.0
0.0
0.0
0.0
0.0
0.0
2.75930575867e-05
0.0234816920063
0.00411136558042
0.0
0.0
0.0
0.0
0.0
0.0
0.0
0.0
0.00162799039762
0.0
0.0
0.0
0.0
0.0
0.0
0.0
0.0
0.0
0.0
0.0
0.0
0.0
0.0
0.0
0.0
0.0
0.0
0.0
0.0
0.0
0.0
0.0
0.0
0.0
0.0
0.0
0.0
0.0
0.0
0.0
0.0
0.0
0.0
0.0
0.0
0.0
0.0
0.0
0.0
0.0
0.0
0.0311249689578
0.0187080930438
0.0107888855164
0.0070638227422
0.0039458072349
0.0035319113711
0.0031180155073
0.0031180155073
0.0254683921525
0.0179630804889
0.00825032421843
0.00736734637565
0.0068430782815
2.75930575867e-05
2.75930575867e-05
2.75930575867e-05
0.0028972710466
0.00328357385282
0.0016555834552
0.00102094313071
0.000441488921387
8.27791727601e-05
8.27791727601e-05
8.27791727601e-05
0.0636019977374
0.0371954416269
0.0304903286333
0.00284208493143
0.0
0.0
0.0
0.0
0.0166662067824
0.0115614911288
0.0101542451919
0.0101818382495
0.0093540465219
2.75930575867e-05
2.75930575867e-05
2.75930575867e-05
0.00496675036561
0.00347672525593
0.00264893352832
0.00160039734003
0.000634640324494
0.000413895863801
0.000413895863801
0.000413895863801
0.0510471565354
0.0366159874176
0.0310421897851
0.0305455147485
0.0
0.0
0.0
0.0
0.0357054165172
0.0284208493143
0.0014624320521
0.0
0.0
0.0
0.0
0.0
0.0105957341133
0.00844347562153
0.00780883529704
0.000855384785188
0.000855384785188
0.000110372230347
0.000110372230347
0.000110372230347
0.00342153914075
0.00259374741315
0.00107612924588
0.00110372230347
0.00016555834552
0.00016555834552
0.00016555834552
0.00016555834552
0.00322838773765
0.00193151403107
0.00113131536106
0.00433211004111
0.00433211004111
0.00433211004111
0.00433211004111
0.00433211004111
0.0224607488756
0.0195082917138
0.0100438729616
0.0097679423857
0.0097679423857
0.0097679423857
0.0097679423857
0.0097679423857
0.00452526144422
0.00386302806214
0.00204188626142
0.00223503766452
0.00223503766452
0.00223503766452
0.00223503766452
0.00223503766452
0.0589387710052
0.0366435804752
0.0360365332082
0.0360365332082
0.0360365332082
0.0360365332082
0.0360365332082
0.0360365332082
0.0163350900913
0.0107061063436
0.0105957341133
0.0105957341133
0.0105957341133
0.0105957341133
0.0105957341133
0.0105957341133
0.00389062111973
0.00251096824039
0.00292486410419
0.00292486410419
0.00292486410419
0.00292486410419
0.00292486410419
0.00292486410419
0.0370298832814
0.0512679009961
0.0512679009961
0.0512679009961
0.0512679009961
0.0512679009961
0.0512679009961
0.0512679009961
0.0285312215447
0.0365332082448
0.0365332082448
0.0365332082448
0.0365332082448
0.0365332082448
0.0365332082448
0.0365332082448
0.00849866173671
0.0110096299771
0.0110096299771
0.0110096299771
0.0110096299771
0.0110096299771
0.0110096299771
0.0110096299771
0.00262134047074
0.00325598079523
0.00325598079523
0.00325598079523
0.00325598079523
0.00325598079523
0.00325598079523
0.00325598079523
0.00460804061698
0.00427692392594
0.00438729615629
0.00438729615629
0.00466322673215
0.00469081978974
0.00438729615629
0.00438729615629
0.00960238404018
0.00960238404018
0.00960238404018
0.00960238404018
0.00960238404018
0.0132998537568
0.00960238404018
0.00960238404018
0.00217985154935
0.00204188626142
0.00204188626142
0.00204188626142
0.00209707237659
0.00259374741315
0.00204188626142
0.00204188626142
0.0358433818051
0.0336359371982
0.0358433818051
0.0358433818051
0.0358433818051
0.0407825391132
0.0358433818051
0.0358433818051
0.0102646174223
0.00993350073122
0.0102646174223
0.0102646174223
0.0102646174223
0.0102922104798
0.0102646174223
0.0102646174223
0.00284208493143
0.00209707237659
0.00278689881626
0.00278689881626
0.00278689881626
0.00292486410419
0.00278689881626
0.00278689881626
0.0477911757402
0.0512127148809
0.0512127148809
0.0512127148809
0.0512127148809
0.000772605612428
0.0512127148809
0.0512127148809
0.0359813470931
0.0362296846114
0.0362296846114
0.0362296846114
0.0362296846114
0.0362848707265
0.0362296846114
0.0362296846114
0.0105129549405
0.0107612924588
0.0107612924588
0.0107612924588
0.0107888855164
0.0107888855164
0.0107612924588
0.0107612924588
0.00273171270108
0.00325598079523
0.00325598079523
0.00325598079523
0.00325598079523
0.00347672525593
0.00325598079523
0.00325598079523
0.0
0.0
0.0
0.00783642835463
0.0
0.0
0.0
0.0
0.0
0.0
0.0
0.00783642835463
0.0
0.0
0.0
0.0
0.0
0.0
0.0
0.0
0.0
0.0
0.0
0.0
0.0
0.0
0.0
0.0
0.0
0.0
0.0
0.0
0.0
0.0
0.0
0.00783642835463
0.0
0.0
0.0
0.0
0.0
0.0
0.0
0.0
0.0
0.0
0.0
0.0
0.0
0.0
0.0
0.0
0.0
0.0
0.0
0.0
0.0
0.0
0.0
0.0
0.0
0.0
0.0
0.0
0.0
0.0
0.0
0.0
0.0
0.0
0.0
0.0
0.0
0.0
0.0
0.0
0.0
0.0
0.0
0.0
0.0
0.0
0.0
0.00783642835463
0.0
0.0
0.0
0.0
2.75930575867e-05
0.0652023950774
0.0353467067686
0.0134102259871
0.00722938108772
0.00157280428244
0.000745012554841
0.0
0.0
0.0
0.0
0.0
0.0
0.0
0.0
0.0
0.0
0.00024833751828
0.0
0.000386302806214
0.0
0.000110372230347
0.0
0.00333875996799
0.0
0.000220744460694
0.0
0.000386302806214
0.0
8.27791727601e-05
0.0
0.00333875996799
0.0
0.000275930575867
0.0
0.000413895863801
0.0
8.27791727601e-05
0.0
0.00325598079523
0.0
0.000220744460694
0.0
0.000386302806214
0.0
8.27791727601e-05
0.0
0.00325598079523
0.0
0.000275930575867
0.0
0.000413895863801
0.0
8.27791727601e-05
0.0
0.00325598079523
0.0
0.000220744460694
0.0
0.000386302806214
0.0
8.27791727601e-05
0.0
0.00325598079523
0.00137965287934
0.000275930575867
0.0
0.000386302806214
0.0
8.27791727601e-05
0.0
0.00322838773765
0.0016555834552
0.00328357385282
0.0
0.000386302806214
0.0
8.27791727601e-05
0.0
0.00320079468006
0.00121409453382
0.00333875996799
0.0
0.000386302806214
0.0
8.27791727601e-05
0.0
0.00328357385282
0.000634640324494
0.00129687370658
0.000938163957948
0.000441488921387
0.0
8.27791727601e-05
0.0
0.00322838773765
0.000662233382081
0.00129687370658
0.00135205982175
0.0028972710466
0.0
8.27791727601e-05
0.0
0.00331116691041
0.00110372230347
0.000827791727601
0.000993350073122
0.00295245716178
0.0
8.27791727601e-05
0.0
0.00322838773765
0.00753290472117
0.000220744460694
0.000469081978974
0.000745012554841
0.000579454209321
8.27791727601e-05
0.0
0.00325598079523
0.00739493943324
0.0112303744378
0.000772605612428
0.000882977842775
0.0010485361883
0.00204188626142
0.0
0.00328357385282
0.00733975331807
0.0112303744378
0.0010485361883
0.000607047266908
0.000662233382081
0.00204188626142
0.0
0.00328357385282
0.00750531166359
0.00949201180983
0.00739493943324
0.000137965287934
0.000358709748627
0.00024833751828
0.000193151403107
0.00328357385282
0.000827791727601
0.00929886040672
0.00692585745426
0.0108440716316
0.000358709748627
8.27791727601e-05
0.000303523633454
0.00447007532905
0.000689826439668
0.00242818906763
0.00689826439668
0.0108992577468
0.000358709748627
2.75930575867e-05
0.000110372230347
0.00444248227146
0.0274274992412
0.00273171270108
0.000993350073122
0.00943682569466
0.00722938108772
2.75930575867e-05
0.000413895863801
0.0
0.0273999061836
0.0366711735327
0.00107612924588
0.0022902237797
0.00692585745426
0.00998868684639
0.000413895863801
0.0
0.0279241742778
0.0370298832814
0.000634640324494
5.51861151734e-05
5.51861151734e-05
0.010016279904
0.0
0.0
0.000855384785188
0.0343257636379
0.0280345465081
0.0
0.000607047266908
0.000386302806214
0.0
0.0
0.00102094313071
0.00609806572666
0.0278138020474
0.0365056151872
0.000634640324494
0.0
0.0
0.0
0.00325598079523
0.0
0.0
0.0365332082448
0.000413895863801
0.0
0.0
0.0
0.0331392621616
0.0
0.000745012554841
0.000607047266908
0.0
0.0
0.0
0.0
0.0305731078061
0.0517093899175
0.000772605612428
0.000358709748627
0.0
0.0
0.0
0.0
2.75930575867e-05
0.0518197621478
0.000662233382081
0.0
0.0
0.0
0.0
0.0
0.000634640324494
0.000772605612428
0.000413895863801
0.0
0.0
0.0
0.0
0.0
0.000745012554841
0.000607047266908
0.0
0.0
0.0
0.0
0.0
0.0
0.000772605612428
0.000358709748627
0.0
0.0
0.0
0.0
0.0
0.0
0.000662233382081
0.0
0.0
0.0
0.0
0.0
0.0
0.0
0.000413895863801
0.0
0.0
0.0
0.0
0.0
0.0
0.0
0.0
0.0
0.0
0.0
0.0
0.0
0.0
0.0
0.0
0.0
0.0
0.0
0.0
0.0
0.0
0.0
0.0
0.00016555834552
0.00016555834552
0.0543583234458
0.0543307303882
0.0483706299495
0.00016555834552
0.0483706299495
0.0
0.0
0.0
0.0
0.0
0.0
0.0
0.0
0.0
0.069838028752
0.0
0.0
0.0
0.0
0.0
0.0
0.0
0.0
0.0
0.0
0.0
0.0
0.0
0.0
