0.0
0.0
0.0
0.0
0.0
0.0
0.0
0.0
0.0
0.0
0.0
0.0
0.0
0.0
0.0
0.0
0.0
0.0
0.0
0.0
0.0
0.0
0.0
0.0
0.0
0.0
0.0
0.0
0.0
0.0
0.0
0.0
0.0
0.0
0.0
0.0
0.0
0.0
0.0
0.0
0.0
0.0
0.0
0.0
0.0
0.0
0.0
0.0
0.0
0.0
0.0
0.00661515769185
0.0026105418374
0.0
3.33066907388e-16
2.22044604925e-16
5.55111512313e-17
-1.38777878078e-17
8.67361737988e-19
5.42101086243e-20
-1.69406589451e-21
5.29395592034e-23
3.30872245021e-24
2.06795153138e-25
0.0
-1.00974195868e-28
0.0
2.46519032882e-32
0.0
0.0
0.0
0.0
0.0
0.0
0.0
0.0
0.0
0.0
0.0
0.0
0.0
0.0
0.0
0.0
0.0
0.0
0.0
0.0
0.0
0.0
0.0
0.0
0.0
0.0
0.0
0.0
0.0
0.0
0.0
0.0
0.0
0.0
0.0
0.0
0.0
0.0
0.0
0.0
0.0
0.0
0.0
0.0
0.0
0.0
0.0
0.0
0.0
0.0
0.0
0.0
0.0
0.0
0.0
0.0
0.0
0.0
0.0
0.0
0.0
0.0
0.0
0.0
0.0
0.0
0.0
0.0
0.0
0.0
0.0
0.0
0.0
0.0
0.0
0.0
0.0
0.0
0.0
0.0
0.0
0.0
0.0
0.0
0.0
0.0
0.000165888726791
-0.00236896302764
-0.000149245179645
0.0
0.0
0.0
0.0
0.0
0.0
0.0
0.0
0.0
0.0
0.0
0.000769514638587
0.0
-0.000160580498902
-0.00213682038595
-0.000248147186453
-0.00277923720709
0.0
0.0
0.0
0.0
0.0
0.0
0.0
0.0
0.0
0.0
-0.000212155307208
-0.00146171057218
-0.000147075009469
-0.00139714590137
-0.000318925738841
0.0
0.0
0.0
0.0
0.0
0.0
0.0
0.0
0.0
0.0
0.0
0.00663521674262
0.00344765931161
0.0
0.0
0.0
0.0
0.0
0.0
0.0
0.0
0.0
0.0
0.0
0.0
0.0
0.0
0.0
0.0
0.0
0.0
0.0
-0.00165907586054
-0.000435375187162
-0.00172761920247
0.0
0.0
0.0
0.0
0.0
0.0
0.0
0.0
0.0
0.0
0.0
0.0
0.0
0.0
0.0
0.0
0.0
0.0
0.0
0.0
0.0
0.0
0.0
0.0
0.0
0.0
0.0
0.0
0.0
0.0
0.0
0.0
0.0
0.0
0.0
0.0
0.0
0.0
0.0
0.0
0.0
-0.000212155307208
0.000165888726791
0.000128885565122
0.000769514638587
-0.000295764380993
-0.00162444223177
0.0
0.0
0.0
0.0
0.0
0.0
0.0
0.0
0.0
0.0
0.00140319626722
0.00360407633971
0.00281713337085
0.0155443698478
0.0
0.0
0.0
0.0
0.0
-0.000149245179645
-0.000212155307208
-0.000318925738841
0.0
0.0
0.0
0.0
0.0
0.0
0.0
0.0
0.0
0.0
0.0
0.0
0.0
0.0
0.0
0.0
0.0
0.0
0.0
0.0
0.0
0.0
0.0
0.0
0.0
0.0
0.0
0.0
0.0
-0.000110968334212
-0.000225720669431
-0.000331454900585
0.0
0.0
0.0
0.0
0.0
0.0
0.0
0.0
-0.00108306839271
0.0
0.0
0.0
0.0
0.0
0.0
0.0
0.0
0.0
0.0
0.0
0.0
0.0
0.0
0.0
0.0
0.0
0.0
0.00649439974147
0.0
0.0
0.0
0.0
0.0
0.0026105418374
0.0022651174491
0.0
0.0
0.0
0.0
0.0
0.0
0.0
0.0
0.0
0.0
0.0
0.0
0.0
0.0
0.0
0.0
-0.00127716600045
-0.0014178842469
-0.00358982987734
-0.00466637351508
0.0
-0.00390718540078
-0.00673983144849
-0.00673983144849
0.0
0.0
-0.000855132664589
-0.000861470431951
0.0
-0.000213871633634
-0.000213871633634
-0.000213871633634
0.0
-0.0194325903809
0.0
0.0
-0.00884453308488
-0.00155457494199
-0.00155457494199
-0.00155457494199
-0.00517674692773
0.0
0.0
-0.0137247152207
0.0
0.0
0.0
0.0
-0.00625824818477
-0.00607941162372
-0.00210464165301
-0.000731434984748
0.0
-0.00502380365862
-0.00502380365862
-0.00502380365862
-0.0100606257591
0.0
-0.0206306444182
0.0
-0.0106327227444
-0.00960663501992
-0.00960663501992
-0.00960663501992
0.0
-0.00011410421142
-0.00011410421142
0.0
0.0
0.0
0.0
0.0
0.0
0.0
-0.0195450331954
0.0
0.0
0.0
0.0
0.0
0.0
-0.000804763508773
0.0
0.0
-0.0114827530459
-0.00482165759215
-0.00482165759215
-0.00482165759215
0.0
0.0
0.0
-0.00797086583917
-0.00573990174265
-0.00573990174265
-0.00573990174265
-0.00573990174265
0.0
0.0
0.0
-0.00126405637039
-0.00126405637039
-0.00126405637039
-0.00126405637039
-0.00126405637039
0.0
-0.00208136751128
0.0
-0.00220346421322
-0.00220346421322
-0.00220346421322
-0.00220346421322
-0.00220346421322
0.0
-0.0244185743636
0.0
-0.0244838429013
-0.0244838429013
-0.0244838429013
-0.0244838429013
-0.0244838429013
0.0
0.0
-0.000154161823425
-0.000154161823425
-0.000154161823425
-0.000154161823425
-0.000154161823425
-0.000154161823425
0.0
0.0
-0.000731434984748
-0.000731434984748
-0.000731434984748
-0.000731434984748
-0.000731434984748
-0.000731434984748
0.0
0.0
-0.0248350597027
-0.0248350597027
-0.0248350597027
-0.0248350597027
-0.0248350597027
-0.0248350597027
0.0
0.0
0.0
0.0
0.0
0.0
0.0
0.0
0.0
-0.000159911399332
-0.000159911399332
-0.000159911399332
-0.000159911399332
-0.000159911399332
-0.000159911399332
-0.000159911399332
0.0
-0.000854925772789
-0.000854925772789
-0.000854925772789
-0.000854925772789
-0.000854925772789
-0.000854925772789
-0.000854925772789
0.0
-0.0215649070942
-0.0215649070942
-0.0215649070942
-0.0215649070942
-0.0215649070942
-0.0215649070942
-0.0215649070942
-0.0213711021619
-0.0228968017868
-0.0234716896832
-0.0234716896832
-0.0219605532608
-0.022252321804
-0.0222695219106
-0.0222695219106
-0.0267780532378
-0.0265372767552
-0.0266564781208
-0.0266564781208
-0.0259183277462
-0.0262431342577
-0.0263701539746
-0.0263701539746
-0.0233586772607
-0.0232259248753
-0.0236514035593
-0.0236514035593
-0.0223587556463
-0.0232557599687
-0.0238067888927
-0.0238067888927
-0.000124925838127
-0.000292765161634
-0.000124925838127
-0.000124925838127
-0.000170103836907
-0.000195847005263
-0.000230145500451
-0.000230145500451
-0.028699314277
-0.0279154099058
-0.0286791218752
-0.0286791218752
-0.0285707138323
-0.0284304820299
-0.0281688551945
-0.0281688551945
-0.0241866145955
-0.0233770062057
-0.0244332819269
-0.0244332819269
-0.0231698008195
-0.0234880234798
-0.0237225332222
-0.0237225332222
0.0
0.0
0.0
0.0
0.0
0.0
0.0
0.0
-0.000147477497784
-0.000147477497784
-0.000147477497784
-0.000147477497784
-0.000147477497784
-0.000220585874157
-0.000203205828102
-0.000203205828102
-0.0276488828105
-0.0286200483867
-0.028699381885
-0.028699381885
-0.0284404633833
-0.0282459403472
-0.0281204872633
-0.0281204872633
-0.0216324391756
-0.0214886381432
-0.0215181313013
-0.0215181313013
-0.0210850307809
-0.0214213766206
-0.0214781550957
-0.0214781550957
0.00160793996446
0.0
0.0
0.0
0.0
0.0
0.0
0.0
0.00160793996446
0.0
0.0
0.0
0.0
0.0
0.0
0.0
0.00160793996446
0.0
0.0
0.0
0.0
0.0
0.0
0.0
0.00160793996446
0.0
0.0
0.0
0.0
0.0
0.0
0.0
0.00160793996446
0.0
0.0
0.0
0.0
0.0
0.0
0.0
0.00160793996446
0.0
0.0
0.0
0.0
0.0
0.0
0.0
0.0
0.0
0.0
0.0
0.0
0.0
0.0
0.0
0.0
0.0
0.0
0.0
0.0
0.0
0.0
0.0
0.0
0.0
0.0
0.0
0.0
0.0
0.0
0.0
0.0
0.0
0.0
0.0
0.0
0.0
0.0
0.0
0.0
0.0
0.0
0.0
0.0
0.0
0.0
0.0
-0.000118895234807
-0.00860572710521
-0.00549524758625
-0.0059272270539
-0.00207581486479
-0.00144057384165
-0.000400491024287
0.0
0.0
0.0
0.0
0.0
0.0
0.0
0.0
0.0
0.0
-0.000395533125788
0.0
-0.000969016523751
0.0
-0.000259126624996
0.0
-0.00190145346439
0.0
-0.000717864721248
0.0
-0.00170328423367
0.0
-0.00016136603443
0.0
-0.00258392965894
0.0
-0.000751083593668
0.0
-0.00148374258273
0.0
-0.000230328360096
0.0
-0.00261925545037
0.0
-0.000743198957096
0.0
-0.0014156111036
0.0
-0.000259836631175
0.0
-0.00258512601386
0.0
-0.000754907711457
0.0
-0.0019006913279
0.0
-0.000218275247917
0.0
-0.00274404411159
0.0
-0.000800538943733
0.0
-0.00195629276992
0.0
-0.000157354253156
0.0
-0.00275899276009
-0.00132943261008
-0.000927482733797
0.0
-0.00206852821898
0.0
-0.00023941878933
0.0
-0.00249305728814
-0.00142771666235
0.0
0.0
-0.00164291731868
0.0
-0.000308429555514
0.0
-0.00246575069869
-0.0017352827855
0.0
0.0
-0.00154447729785
0.0
-0.000202783729188
0.0
-0.00288736713215
-0.00144116780681
-0.0020954762583
-0.00141995464194
-0.00209761091439
0.0
-0.000282229241506
0.0
-0.00275793707581
-0.00108502507638
-0.00132599489181
-0.00158556440243
0.0
0.0
-0.000247948154677
0.0
-0.0026864822715
-0.00112377740613
-0.00106071556491
-0.00118838575645
0.0
0.0
-0.000302791834489
0.0
-0.00269399510174
-0.00312033439572
-0.000698193028123
-0.000730728116317
-0.00228130045494
-0.000696738041009
-0.000118103238283
0.0
-0.00211666954758
-0.00312190151016
0.0
-0.000824650732275
-0.00174497347708
-0.00103015858219
0.0
0.0
-0.00239082466785
-0.00315093242077
0.0
-0.00126600106772
-0.0011238307461
-0.000961567808682
0.0
0.0
-0.0017720103314
-0.00298119598997
-0.00501072791262
-0.00317122834301
-0.00158239881124
-0.000138802297623
-0.00133759984241
-0.000344803222106
-0.00190720739303
-0.0011298357546
-0.0045228221242
-0.00302047851895
0.0
-0.000138802297623
-0.000951749414131
-0.000455009604886
0.0
-0.00124279528709
-0.00217410196084
-0.00270677009071
0.0
-0.000711446975413
-0.000221801444123
-0.000300414275676
0.0
-0.0047778652211
-0.00221402664519
-0.00203158587822
-0.00501861301673
-0.00196468630261
-0.000260222197482
-0.000163927961313
0.0
-0.00474938286921
0.0
-0.0020363145323
-0.00325042914625
-0.00186563145884
0.0
-0.000163927961313
0.0
-0.00459495891204
0.0
-0.00209718961217
-0.000794903075096
-0.000255554187149
0.0
0.0
0.0
-0.00170976815101
-0.00598520108138
-0.00487690026789
0.0
-0.00113457087863
-0.000666939051379
0.0
0.0
-0.00183404311965
-0.00349701430222
-0.00467302763923
0.0
-0.00113778827349
0.0
0.0
0.0
-0.00244726881646
0.0
0.0
0.0
-0.00062166471861
0.0
0.0
0.0
-0.00505726502224
0.0
-0.00168792702532
-0.000990974302101
0.0
0.0
0.0
0.0
-0.00462311478261
0.0
-0.00172782327874
-0.000621915883904
0.0
0.0
0.0
0.0
-0.000125816241621
0.0
-0.00106110272114
0.0
0.0
0.0
0.0
0.0
-0.00138733015198
-0.000817287442488
-0.000666178853006
0.0
0.0
0.0
0.0
0.0
-0.00150816327872
-0.000767286472352
0.0
0.0
0.0
0.0
0.0
0.0
-0.00164875967296
-0.000548015991249
0.0
0.0
0.0
0.0
0.0
0.0
-0.00132106323222
0.0
0.0
0.0
0.0
0.0
0.0
0.0
-0.000884966889969
0.0
0.0
0.0
0.0
0.0
0.0
0.0
0.0
0.0
0.0
0.0
0.0
0.0
0.0
0.0
0.0
0.0
0.0
0.0
0.0
0.0
0.0
0.0
0.0
0.0
-0.0016274039942
0.0
0.0
0.0
-0.0016274039942
0.0
0.0
0.0
0.0
0.0
0.0
0.0
0.0
0.0
0.0
0.0
0.0
0.0
0.0
0.0
0.0
0.0
0.0
0.0
0.0
0.0
0.0
0.0
0.0
0.0
0.0
0.0
0.0
0.0
0.0
0.0
0.0
0.0
0.00671588184904
0.00671588184904
0.00671588184904
0.00671588184904
0.00671588184904
0.00671588184904
0.00671588184904
0.00671588184904
0.0
0.0
0.0
0.0
0.0
0.0
0.0
0.0
0.0
0.0
0.0
0.0
0.0
0.0
0.0
0.0
0.0
0.0
0.0
0.0
0.0
0.0
0.0
0.0
0.0
0.0
0.0
0.0
0.0
0.0
0.0
0.0
0.0
0.0
0.00685942712013
0.0
0.0
0.0
0.0
0.0
0.0
0.0
0.0
0.0
0.0
0.0
0.0
0.0
0.0
0.0
0.0
0.0
0.0
0.0
0.0
0.0
0.0
0.0
0.0
0.0
0.0
0.0
0.0
0.0
0.0
0.0
0.0
0.0
0.0
0.0
0.0
0.0
0.0
0.0
0.0
0.0
0.0
0.0
0.0
0.0
0.0
0.0
0.0
0.0
0.0
0.0
0.0
0.0
0.0
0.0
0.0
0.0
0.0
0.0
0.0
0.0
0.0
0.0
0.0
0.0
0.0
0.0
0.0
0.0
0.0
0.0
0.0
0.0
0.0
0.0
0.0
0.0
-0.000248147186453
-0.00472514024522
0.0
0.0
0.0
0.0
0.0
0.0
0.0
0.0
0.0
0.0
0.0
0.0
0.0
0.0
0.0
0.0
0.0
0.0
0.0
0.0
0.0
0.0
0.0
0.0
0.0
0.0
0.0
0.0
0.0
0.0
0.0
0.0
0.0
0.0
0.0
0.0
0.0
0.0
0.0
0.0
0.0
0.0
0.0
0.0
0.0
0.0
0.0
0.0
0.0
0.0
0.0
0.0
0.0
0.0
0.0
0.0
0.0
0.0
0.0
0.0
0.0
0.0
0.0
0.0
0.0
0.0
0.0
0.0
0.0
0.0
0.0
0.0
0.0
0.0
0.0
0.0
0.0
0.0
0.0
0.0
0.0
0.0
0.0
0.0
0.0
0.0
0.0
0.0
0.0
0.0
0.0
0.000344484913923
-0.000126876482574
0.00149126634692
0.0
0.0
0.0
0.0
0.0
0.0
0.0
0.0
0.0
0.0
0.0
0.0
0.0
0.0
0.0
0.0
0.0
0.0
0.0
0.0
0.0
0.0
0.0
0.0
0.0
0.0
0.0
0.0
0.0
0.0
0.0
0.0
0.0
0.0
0.0
0.0
0.0
0.0
0.0
0.0
0.00897597901388
0.00925097221574
0.0111365530947
0.00769072918349
0.00927024873192
0.00206771521989
0.0
0.0
0.0
0.0
0.0
0.0
0.0
0.0
0.0
0.0
0.0181026625998
0.0228624308385
0.0252794989145
0.0105315820766
0.00911551380161
0.0
0.0
0.0
0.0101092310985
0.00790810339118
0.00514953087318
0.00185944236834
0.0
0.0
0.0
0.0
0.0
0.0
0.0
0.0
0.0
0.0
0.0
0.0
0.0
0.0
0.0
0.0
0.0
0.0
0.0
0.0
0.0
0.0
0.0
0.0
0.0
0.0
0.0
0.0
0.0
0.0
-0.000114070154879
0.00234235069912
0.00133955452069
0.0
0.0
0.0
0.0
0.0
0.0
0.0
0.0
-0.000855177443004
0.0
0.0
0.0
0.0
0.0
0.0
0.0
0.0
0.0
0.0
0.0
0.0
0.0
0.0
0.0
0.0
0.0
0.0
0.0
0.0
0.0
0.0
0.0
0.0
0.0
0.0
0.0
0.0
0.0
0.0
0.0
0.0
0.0
0.0
0.0
0.0
0.0
0.0
0.0
0.0
0.0
0.0
0.00262128023526
0.00508480952083
0.00717453368453
0.0110240808507
-0.00213777102903
0.0178990605321
0.0161755288833
0.0161755288833
-0.00465009689325
-0.00568022649677
0.0218451846672
0.0222355547424
-0.0030324446719
0.0011263252604
0.0011263252604
0.0011263252604
-0.00185431922253
0.0069089697064
-0.00263152782518
-0.00189452717082
0.00652357820153
0.00321443264553
0.00321443264553
0.00321443264553
-0.00645242252032
-0.00574863572533
-0.0045829461635
0.0150891886834
0.0
0.0
0.0
0.0
-0.00544072516354
0.00427877176963
0.0221956409457
0.0259838747445
-0.00331331683322
0.00206947431638
0.00206947431638
0.00206947431638
-0.00136191069045
-0.00262133343265
0.0111573050877
-0.00139344488265
0.00709121917866
0.0068735460389
0.0068735460389
0.0068735460389
-0.00563888449344
0.0138394226732
0.010429236498
-0.00398526803936
0.0
0.0
0.0
0.0
-0.0051136663819
-0.00404298172229
0.0133997994781
0.0
0.0
0.0
0.0
0.0
-0.00311288206802
0.0202012038864
-0.0032128234551
-0.00163506272628
0.00712964552428
0.00480965662202
0.00480965662202
0.00480965662202
-0.00265735103762
-0.00284013282528
-0.00177158654028
0.00425344764446
0.00427710008022
0.00427710008022
0.00427710008022
0.00427710008022
-0.00168865680616
-0.00161055717706
-0.00115186508143
0.0209452225418
0.0209452225418
0.0209452225418
0.0209452225418
0.0209452225418
-0.00393793074569
0.0157872386337
-0.00476512176267
0.0257518288728
0.0257518288728
0.0257518288728
0.0257518288728
0.0257518288728
-0.00205264553493
0.0113109867926
-0.00224679763833
0.0157148957553
0.0157148957553
0.0157148957553
0.0157148957553
0.0157148957553
-0.00653960667518
-0.00555041837447
0.0222223472686
0.0222223472686
0.0222223472686
0.0222223472686
0.0222223472686
0.0222223472686
-0.00383216758164
-0.0045060299917
0.0271453204105
0.0271453204105
0.0271453204105
0.0271453204105
0.0271453204105
0.0271453204105
-0.00202376724407
-0.00218198646837
0.0152167489939
0.0152167489939
0.0152167489939
0.0152167489939
0.0152167489939
0.0152167489939
-0.00482318199117
0.018179221814
0.018179221814
0.018179221814
0.018179221814
0.018179221814
0.018179221814
0.018179221814
-0.00453410549815
0.0228192211054
0.0228192211054
0.0228192211054
0.0228192211054
0.0228192211054
0.0228192211054
0.0228192211054
-0.00261447627419
0.0270945427293
0.0270945427293
0.0270945427293
0.0270945427293
0.0270945427293
0.0270945427293
0.0270945427293
-0.00204627390831
0.012896831517
0.012896831517
0.012896831517
0.012896831517
0.012896831517
0.012896831517
0.012896831517
0.0941216658694
0.10499583979
0.106895721767
0.106895721767
0.103773733034
0.103561386661
0.106895721767
0.106895721767
0.13304048094
0.13304048094
0.13304048094
0.13304048094
0.13304048094
0.11323392313
0.13304048094
0.13304048094
0.0741455170117
0.0764688838525
0.0764688838525
0.0764688838525
0.0754830582569
0.0680097639515
0.0764688838525
0.0764688838525
0.111700999598
0.0994120243162
0.111700999598
0.111700999598
0.111700999598
0.104519948588
0.111700999598
0.111700999598
0.138436146777
0.134010569955
0.138436146777
0.138436146777
0.138436146777
0.138252850897
0.138436146777
0.138436146777
0.0733806034537
0.073554452143
0.0740580795151
0.0740580795151
0.0740580795151
0.0723395251114
0.0740580795151
0.0740580795151
0.0609918680855
0.0834921100685
0.0834921100685
0.0834921100685
0.0834921100685
0.00964095471065
0.0834921100685
0.0834921100685
0.110770658597
0.116060103533
0.116060103533
0.116060103533
0.116060103533
0.115977350839
0.116060103533
0.116060103533
0.134753056538
0.137990924152
0.137990924152
0.137990924152
0.13781934435
0.13781333891
0.137990924152
0.137990924152
0.0619858229809
0.0630004302713
0.0630004302713
0.0630004302713
0.0630004302713
0.0609721656703
0.0630004302713
0.0630004302713
0.0
0.0
0.0
0.00671588184904
0.0
0.0
0.0
0.0
0.0
0.0
0.0
0.00671588184904
0.0
0.0
0.0
0.0
0.0
0.0
0.0
0.0
0.0
0.0
0.0
0.0
0.0
0.0
0.0
0.0
0.0
0.0
0.0
0.0
0.0
0.0
0.0
0.00671588184904
0.0
0.0
0.0
0.0
0.0
0.0
0.0
0.0
0.0
0.0
0.0
0.0
0.0
0.0
0.0
0.0
0.0
0.0
0.0
0.0
0.0
0.0
0.0
0.0
0.0
0.0
0.0
0.0
0.0
0.0
0.0
0.0
0.0
0.0
0.0
0.0
0.0
0.0
0.0
0.0
0.0
0.0
0.0
0.0
0.0
0.0
0.0
0.00671588184904
0.0
0.0
0.0
0.0
-0.000110968334212
-0.0061305769342
-0.00424799450561
-0.00276613821682
-0.0018676977643
-0.000878948170684
-0.000576826712278
0.0
0.0
0.0
0.0
0.0
0.0
0.0
0.0
0.0
0.0
-0.00103395430825
0.0
-0.00156552236559
0.0
-0.000738477337028
0.0
-0.00234774072327
0.0
-0.000963158713524
0.0
-0.00156552236559
0.0
-0.000609441694386
0.0
-0.00234774072327
0.0
-0.000395533125788
0.0
-0.00049215573602
0.0
-0.000224754927367
0.0
-0.001233353281
0.0
-0.000416543794036
0.0
-0.000539514458032
0.0
-0.000365495829123
0.0
-0.00121217740721
0.0
-0.000402778213156
0.0
-0.000503377339808
0.0
-0.000230384328719
0.0
-0.00124828745584
0.0
-0.000368438685676
0.0
-0.000397122457665
0.0
-0.000210738745192
0.0
-0.00116298926557
-0.00219566203649
-0.000406707726362
0.0
-0.000494886968425
0.0
-0.000218192205756
0.0
-0.00124558099785
-0.00252109736464
-0.00262876507702
0.0
-0.000546035871111
0.0
-0.000207576257032
0.0
-0.00121265344688
-0.002392546956
-0.00267196500554
0.0
-0.000682761717368
0.0
-0.000239558820112
0.0
-0.00125088154784
-0.00189732574942
-0.00145324650681
-0.00166315370191
-0.000803711083107
0.0
-0.000257112745994
0.0
-0.00120888223448
-0.0020428702886
-0.00154115995228
-0.00169513861691
-0.00190111489064
0.0
-0.000202710280459
0.0
-0.00150157956853
-0.00257171466325
-0.00113935475024
-0.000754427121054
-0.00216391601981
0.0
-0.000330945955321
0.0
-0.00138933663256
-0.00324500512691
-0.00068365399377
-0.000634017085452
-0.000949450181266
-0.00170333892782
-0.000247582901877
0.0
-0.00135176753462
-0.00315500024534
-0.00324842413356
-0.000756506961983
-0.000934458906488
-0.00174566622331
-0.00126727541748
0.0
-0.0015568964847
-0.00376747163644
-0.00324617042935
-0.00159661114402
-0.000856271662141
-0.0010218080617
-0.00120759027995
0.0
-0.00116916138165
-0.00373627874566
-0.00291028562528
-0.00403303776116
-0.000718572624862
-0.000739562020295
-0.000499722154306
-0.000782184780834
-0.00174539857462
-0.00174366308984
-0.00292376756888
-0.00372751919232
-0.00374571556944
-0.000739562020295
-0.000340895574056
-0.000850027885794
-0.00151807222394
-0.00148574510229
-0.00196151872045
-0.00304205428203
-0.00377105208319
-0.000520003842454
-0.000209114379318
-0.00037478525151
-0.0018388746496
-0.00389787103916
-0.00198872375005
-0.000890270104366
-0.0028280741053
-0.00361817543807
-0.000130189686367
-0.000600339425366
0.0
-0.00388107280904
-0.00528843710572
-0.000890778356819
-0.00174010849077
-0.00362604899611
-0.00307737163631
-0.000600339425366
0.0
-0.00395169286974
-0.00530738924065
-0.000610568191517
-0.00023046740922
-0.000544130735449
-0.00308339643083
0.0
0.0
-0.00103698709577
-0.00475378101686
-0.00444294055264
0.0
-0.000910965274408
-0.000531804373057
0.0
0.0
-0.00123114080045
-0.0020131935046
-0.00440730298708
-0.00561353956832
-0.000927277053129
0.0
0.0
0.0
-0.00188976645888
0.0
0.0
-0.00562196081968
-0.000577683975562
0.0
0.0
0.0
-0.00436990011726
0.0
-0.000774372063365
-0.00100435688322
0.0
0.0
0.0
0.0
-0.00398701376108
-0.00572357591961
-0.000783096502484
-0.00058042811692
0.0
0.0
0.0
0.0
-0.000114311606172
-0.00574587288448
-0.000730557050783
0.0
0.0
0.0
0.0
0.0
-0.00096718853707
-0.00131991754839
-0.000499529721687
0.0
0.0
0.0
0.0
0.0
-0.00104218594706
-0.00127132427061
0.0
0.0
0.0
0.0
0.0
0.0
-0.00137936458686
-0.000809525864141
0.0
0.0
0.0
0.0
0.0
0.0
-0.00196641304266
0.0
0.0
0.0
0.0
0.0
0.0
0.0
-0.0015274686856
0.0
0.0
0.0
0.0
0.0
0.0
0.0
0.0
0.0
0.0
0.0
0.0
0.0
0.0
0.0
0.0
0.0
0.0
0.0
0.0
0.0
0.0
0.0
0.0
-0.000126876482574
0.000744723609027
0.0203558201258
0.0203394862147
0.0924766283017
0.000744723609027
0.0924766283017
0.0
0.0
0.0
0.0
0.0
0.0
0.0
0.0
0.0
-0.0058087414292
0.0
0.0
0.0
0.0
0.0
0.0
0.0
0.0
0.0
0.0
0.0
0.0
0.0
0.0
