0.0
0.0
0.0
0.0
0.0
0.0
0.0
0.0
0.0
0.0
0.0
0.0
0.0
0.0
0.0
0.0
0.0
0.0
0.0
0.0
0.0
0.0
0.0
0.0
0.0
0.0
0.0
0.0
0.0
0.0
0.0
0.0
0.0
0.0
0.0
0.0
0.0
0.0
0.0
0.0
0.0
0.0
0.0
0.0
0.0
0.0
0.0
0.0
0.0
0.0
0.0
0.00122952311282
-0.00339884798109
1.30104260698e-17
-1.80411241502e-16
-2.25514051877e-16
-1.22124532709e-15
6.66133814775e-16
-1.11022302463e-16
0.0
-2.16840434497e-19
-1.08420217249e-19
6.77626357803e-21
-1.27054942088e-21
0.0
8.27180612553e-25
0.0
-8.07793566946e-28
0.0
0.0
0.0
0.0
0.0
1.88079096132e-37
0.0
0.0
0.0
0.0
0.0
1.57646077237e-45
1.40129846432e-45
-3.50324616081e-45
0.0
-8.75811540203e-47
5.25486924122e-46
-7.00649232162e-46
0.0
0.0
0.0
0.0
0.0
0.0
0.0
0.0
0.0
0.0
0.0
0.0
0.0
0.0
0.0
0.0
0.0
0.0
0.0
0.0
0.0
0.0
0.0
0.0
0.0
0.0
0.0
0.0
0.0
0.0
0.0
0.0
0.0
0.0
0.0
0.0
0.0
0.0
0.0
0.0
0.0
0.0
0.0
0.0
0.0
0.0
0.0
0.0
0.0
0.0
0.0
0.0
0.0
0.0
0.0
0.0
0.0
0.0
0.0
0.0
0.0
0.0
0.0
0.0
0.0
0.0
0.0
0.0
0.000182782239035
0.00601900089265
0.000494268429113
0.0
0.0
0.0
0.0
0.0
0.0
0.0
0.0
0.0
0.0
0.0
-0.000680485876503
0.0
0.000671075309357
0.00690428370826
0.000754570049433
0.00842325443783
0.0
0.0
0.0
0.0
0.0
0.0
0.0
0.0
0.0
0.0
0.000876419221989
0.00199598067527
0.000816554503838
0.00481405537033
0.000993686575924
0.0
0.0
0.0
0.0
0.0
0.0
0.0
0.0
0.0
0.0
0.0
0.00119711296522
-0.00441211094435
0.0
0.0
0.0
0.0
0.0
0.0
0.0
0.0
0.0
0.0
0.0
0.0
0.0
0.0
0.0
0.0
0.0
0.0
0.0
0.00496947555937
0.00117136324733
0.00256834304109
0.0
0.0
0.0
0.0
0.0
0.0
0.0
0.0
0.0
0.0
0.0
0.0
0.0
0.0
0.0
0.0
0.0
0.0
0.0
0.0
0.0
0.0
0.0
0.0
0.0
0.0
0.0
0.0
0.0
0.0
0.0
0.0
0.0
0.0
0.0
0.0
0.0
0.0
0.0
0.0
0.0
0.000876419221989
0.000182782239035
0.000545128500079
-0.000680485876503
0.0011456094534
0.00563898108987
0.0
0.0
0.0
0.0
0.0
0.0
0.0
0.0
0.0
0.0
0.000159633570397
-0.00374103536175
-0.0308640696815
-0.0169659575604
0.0
0.0
0.0
0.0
0.0
0.000494268429113
0.000876419221989
0.000993686575924
0.0
0.0
0.0
0.0
0.0
0.0
0.0
0.0
0.0
0.0
0.0
0.0
0.0
0.0
0.0
0.0
0.0
0.0
0.0
0.0
0.0
0.0
0.0
0.0
0.0
0.0
0.0
0.0
0.0
0.000337433995968
0.000693612207352
0.00101627461437
0.0
0.0
0.0
0.0
0.0
0.0
0.0
0.0
0.0032934873732
0.0
0.0
0.0
0.0
0.0
0.0
0.0
0.0
0.0
0.0
0.0
0.0
0.0
0.0
0.0
0.0
0.0
0.0
0.00139680494354
0.0
0.0
0.0
0.0
0.0
-0.00339884798109
-0.00284073306639
0.0
0.0
0.0
0.0
0.0
0.0
0.0
0.0
0.0
0.0
0.0
0.0
0.0
0.0
0.0
0.0
-0.00332135503563
-0.00407061585649
-0.00388616456668
-0.0140103216751
0.0
-0.00122810658545
-0.00223534306688
-0.00223534306688
0.0
0.0
0.000870661942149
0.00141734082932
0.0
-7.93905455107e-05
-7.93905455107e-05
-7.93905455107e-05
0.0
-0.0876259572466
0.0
0.0
-0.0355846112702
-0.00412813178298
-0.00412813178298
-0.00412813178298
0.0102934664463
0.0
0.0
-0.0333835227357
0.0
0.0
0.0
0.0
-0.00259728945294
-0.0172152449899
-0.00737577218688
-0.00295928452445
0.0
-0.0230784004801
-0.0230784004801
-0.0230784004801
-0.0342286856511
0.0
-0.0858036031135
0.0
-0.039173000161
-0.0366338051751
-0.0366338051751
-0.0366338051751
0.0
0.00035027076274
0.00035027076274
0.0
0.0
0.0
0.0
0.0
0.0
0.0
-0.0825868759832
0.0
0.0
0.0
0.0
0.0
0.0
0.00118947267897
0.0
0.0
-0.044543599826
-0.0215399259444
-0.0215399259444
-0.0215399259444
0.0
0.0
0.0
-0.0224230423085
-0.024528406015
-0.024528406015
-0.024528406015
-0.024528406015
0.0
0.0
0.0
-0.00323567176988
-0.00323567176988
-0.00323567176988
-0.00323567176988
-0.00323567176988
0.0
-0.0072850898336
0.0
-0.00789371795675
-0.00789371795675
-0.00789371795675
-0.00789371795675
-0.00789371795675
0.0
-0.106431546707
0.0
-0.107998052267
-0.107998052267
-0.107998052267
-0.107998052267
-0.107998052267
0.0
0.0
0.000525086212494
0.000525086212494
0.000525086212494
0.000525086212494
0.000525086212494
0.000525086212494
0.0
0.0
-0.00295928452445
-0.00295928452445
-0.00295928452445
-0.00295928452445
-0.00295928452445
-0.00295928452445
0.0
0.0
-0.105752428874
-0.105752428874
-0.105752428874
-0.105752428874
-0.105752428874
-0.105752428874
0.0
0.0
0.0
0.0
0.0
0.0
0.0
0.0
0.0
0.000553070244495
0.000553070244495
0.000553070244495
0.000553070244495
0.000553070244495
0.000553070244495
0.000553070244495
0.0
-0.00352270723759
-0.00352270723759
-0.00352270723759
-0.00352270723759
-0.00352270723759
-0.00352270723759
-0.00352270723759
0.0
-0.0902925020479
-0.0902925020479
-0.0902925020479
-0.0902925020479
-0.0902925020479
-0.0902925020479
-0.0902925020479
-0.0890287991387
-0.099150377578
-0.102226796511
-0.102226796511
-0.0988194702733
-0.100726422577
-0.10190484789
-0.10190484789
-0.0983897855078
-0.0967966542193
-0.097691722152
-0.097691722152
-0.0960858830914
-0.0956866374528
-0.0981752033012
-0.0981752033012
-0.123678115815
-0.123427755646
-0.125793071519
-0.125793071519
-0.117077199975
-0.122799694951
-0.126396142382
-0.126396142382
0.000394811765967
0.000883572307538
0.000394811765967
0.000394811765967
0.000529525847296
0.000587278977254
0.000745456432621
0.000745456432621
-0.109452000528
-0.104603724831
-0.109356294136
-0.109356294136
-0.108813689762
-0.109552746806
-0.108528844345
-0.108528844345
-0.125626590612
-0.122935806714
-0.127187714199
-0.127187714199
-0.119768705503
-0.122280990111
-0.123608601293
-0.123608601293
0.0
0.0
0.0
0.0
0.0
0.0
0.0
0.0
0.000474400999942
0.000474400999942
0.000474400999942
0.000474400999942
0.000474400999942
0.000699186164585
0.000673770123734
0.000673770123734
-0.103199734651
-0.108568363894
-0.109272196127
-0.109272196127
-0.107897414217
-0.108218530212
-0.107788933222
-0.107788933222
-0.11260921254
-0.109539619192
-0.109644120695
-0.109644120695
-0.106612010755
-0.108398917499
-0.109466312341
-0.109466312341
0.000640195156277
0.0
0.0
0.0
0.0
0.0
0.0
0.0
0.000640195156277
0.0
0.0
0.0
0.0
0.0
0.0
0.0
0.000640195156277
0.0
0.0
0.0
0.0
0.0
0.0
0.0
0.000640195156277
0.0
0.0
0.0
0.0
0.0
0.0
0.0
0.000640195156277
0.0
0.0
0.0
0.0
0.0
0.0
0.0
0.000640195156277
0.0
0.0
0.0
0.0
0.0
0.0
0.0
0.0
0.0
0.0
0.0
0.0
0.0
0.0
0.0
0.0
0.0
0.0
0.0
0.0
0.0
0.0
0.0
0.0
0.0
0.0
0.0
0.0
0.0
0.0
0.0
0.0
0.0
0.0
0.0
0.0
0.0
0.0
0.0
0.0
0.0
0.0
0.0
0.0
0.0
0.0
0.0
0.000364941415521
0.00859232023825
0.0131530812011
-0.00852999889777
0.00278035829678
-0.000939189113827
0.000584809238035
0.0
0.0
0.0
0.0
0.0
0.0
0.0
0.0
0.0
0.0
0.00110355422504
0.0
-0.00146738385175
0.0
0.000689601138143
0.0
0.000919615827995
0.0
-0.00139604436138
0.0
-0.00547929334455
0.0
0.000475442081275
0.0
-0.00219625053485
0.0
-0.000964308610317
0.0
-0.00426817177952
0.0
0.000564361132085
0.0
-0.00212268752723
0.0
-0.00136510930053
0.0
-0.00472215157246
0.0
0.000343678710074
0.0
-0.0024725638319
0.0
-0.00095753577671
0.0
-0.00667699812351
0.0
0.000587852168621
0.0
-0.00268701341245
0.0
-0.00195800347899
0.0
-0.00686999276133
0.0
0.000498590196655
0.0
-0.00295569960377
-0.000878514880226
-0.00215824475315
0.0
-0.00804664926566
0.0
-0.000128577173229
0.0
-0.00155008713603
-0.000677402611471
0.0
0.0
-0.00484982566206
0.0
0.000330464073532
0.0
-0.00234692857729
-0.00231722518224
0.0
0.0
-0.00436355194577
0.0
0.000581956036892
0.0
-0.00234019587789
-0.00357681582536
-0.00525592445851
-0.00133955445275
-0.00743664224334
0.0
0.000237542612803
0.0
-0.00157652082795
-0.00126377285791
-0.000752001253031
-0.000924756730017
0.0
0.0
0.000557375641515
0.0
-0.00124009083867
0.000747491609497
0.000146143174074
-2.12920258077e-05
0.0
0.0
0.000360342054872
0.0
-0.00218697557428
0.00348725421574
-0.00081649077203
-0.000106546495526
-0.00850096015601
-0.000958377779899
-4.86902511924e-05
0.0
-0.000284285109491
0.00337561799157
0.0
0.00103323363937
-0.00429538877306
-0.000504670523124
0.0
0.0
-0.000811517106915
0.00312761750784
0.0
-4.8058190139e-05
-0.000937678058778
6.8411754733e-05
0.0
0.0
0.00215289508183
0.00379482600433
-0.00350872130084
0.00378231716056
-0.00688030347704
-0.000211694490398
-0.00444685445357
-0.000318289610814
0.000746019312308
0.000138501188187
-0.00223967877269
0.0041546846908
0.0
-0.000211694490398
-0.00306749489774
-8.40237406804e-06
0.0
-0.00152416246234
-0.000511940058118
0.00437473985908
0.0
0.000231162863571
0.000214022578084
0.00043555290781
0.0
0.0123099972006
-0.000160157960177
-0.00448669339017
-0.00514576879763
0.00362092834482
2.42594282472e-05
0.000791760149303
0.0
0.0124824573665
0.0
-0.00423177136172
-0.0059883194478
0.00368160762005
0.0
0.000791760149303
0.0
0.0112867181265
0.0
-0.00666160348423
-0.00300745398866
0.000370503929243
0.0
0.0
0.0
-0.00306197584548
0.0110193708621
0.0117107907484
0.0
-0.000825466095734
0.000598453770885
0.0
0.0
-0.00304635901287
0.000661331857066
0.0127680336157
0.0
-0.000741771746688
0.0
0.0
0.0
-0.000218089695595
0.0
0.0
0.0
0.000809814603013
0.0
0.0
0.0
0.0141735338022
0.0
-0.00321905886487
-0.000392115698064
0.0
0.0
0.0
0.0
0.0146869100927
0.0
-0.00341994043026
0.000111801250647
0.0
0.0
0.0
0.0
0.000399877115027
0.0
-0.00122906874285
0.0
0.0
0.0
0.0
0.0
-0.00198116546259
0.00149287792036
1.79975603682e-05
0.0
0.0
0.0
0.0
0.0
-0.00219147303178
0.00049090087194
0.0
0.0
0.0
0.0
0.0
0.0
-0.00269816268307
0.000718446062332
0.0
0.0
0.0
0.0
0.0
0.0
-0.0018692126954
0.0
0.0
0.0
0.0
0.0
0.0
0.0
-0.000828617179376
0.0
0.0
0.0
0.0
0.0
0.0
0.0
0.0
0.0
0.0
0.0
0.0
0.0
0.0
0.0
0.0
0.0
0.0
0.0
0.0
0.0
0.0
0.0
0.0
0.0
0.00486913866646
0.0
0.0
0.0
0.00486913866646
0.0
0.0
0.0
0.0
0.0
0.0
0.0
0.0
0.0
0.0
0.0
0.0
0.0
0.0
0.0
0.0
0.0
0.0
0.0
0.0
0.0
0.0
0.0
0.0
0.0
0.0
0.0
0.0
0.0
0.0
0.0
0.0
0.0
0.00115184081081
0.00115184081081
0.00115184081081
0.00115184081081
0.00115184081081
0.00115184081081
0.00115184081081
0.00115184081081
0.0
0.0
0.0
0.0
0.0
0.0
0.0
0.0
0.0
0.0
0.0
0.0
0.0
0.0
0.0
0.0
0.0
0.0
0.0
0.0
0.0
0.0
0.0
0.0
0.0
0.0
0.0
0.0
0.0
0.0
0.0
0.0
0.0
0.0
0.000947710327719
0.0
0.0
0.0
0.0
0.0
0.0
0.0
0.0
0.0
0.0
0.0
0.0
0.0
0.0
0.0
0.0
0.0
0.0
0.0
0.0
0.0
0.0
0.0
0.0
0.0
0.0
0.0
0.0
0.0
0.0
0.0
0.0
0.0
0.0
0.0
0.0
0.0
0.0
0.0
0.0
0.0
0.0
0.0
0.0
0.0
0.0
0.0
0.0
0.0
0.0
0.0
0.0
0.0
0.0
0.0
0.0
0.0
0.0
0.0
0.0
0.0
0.0
0.0
0.0
0.0
0.0
0.0
0.0
0.0
0.0
0.0
0.0
0.0
0.0
0.0
0.0
0.0
0.000754570049433
0.0143862969056
0.0
0.0
0.0
0.0
0.0
0.0
0.0
0.0
0.0
0.0
0.0
0.0
0.0
0.0
0.0
0.0
0.0
0.0
0.0
0.0
0.0
0.0
0.0
0.0
0.0
0.0
0.0
0.0
0.0
0.0
0.0
0.0
0.0
0.0
0.0
0.0
0.0
0.0
0.0
0.0
0.0
0.0
0.0
0.0
0.0
0.0
0.0
0.0
0.0
0.0
0.0
0.0
0.0
0.0
0.0
0.0
0.0
0.0
0.0
0.0
0.0
0.0
0.0
0.0
0.0
0.0
0.0
0.0
0.0
0.0
0.0
0.0
0.0
0.0
0.0
0.0
0.0
0.0
0.0
0.0
0.0
0.0
0.0
0.0
0.0
0.0
0.0
0.0
0.0
0.0
0.0
0.000605133552025
0.000912929266861
-0.000958386772698
0.0
0.0
0.0
0.0
0.0
0.0
0.0
0.0
0.0
0.0
0.0
0.0
0.0
0.0
0.0
0.0
0.0
0.0
0.0
0.0
0.0
0.0
0.0
0.0
0.0
0.0
0.0
0.0
0.0
0.0
0.0
0.0
0.0
0.0
0.0
0.0
0.0
0.0
0.0
0.0
0.00119660777974
-0.00207442216793
-0.00465872664052
-0.00244337832677
-0.00613154158629
-0.0015730301273
0.0
0.0
0.0
0.0
0.0
0.0
0.0
0.0
0.0
0.0
0.000379186585568
-0.00925972099283
-0.0236326318931
-0.0123825217666
-0.0113327833797
0.0
0.0
0.0
0.00061057392894
-0.00136120924821
-0.000778273235525
0.00328696007426
0.0
0.0
0.0
0.0
0.0
0.0
0.0
0.0
0.0
0.0
0.0
0.0
0.0
0.0
0.0
0.0
0.0
0.0
0.0
0.0
0.0
0.0
0.0
0.0
0.0
0.0
0.0
0.0
0.0
0.0
0.000350144315581
0.00454529655446
0.00200069367009
0.0
0.0
0.0
0.0
0.0
0.0
0.0
0.0
0.00260260647852
0.0
0.0
0.0
0.0
0.0
0.0
0.0
0.0
0.0
0.0
0.0
0.0
0.0
0.0
0.0
0.0
0.0
0.0
0.0
0.0
0.0
0.0
0.0
0.0
0.0
0.0
0.0
0.0
0.0
0.0
0.0
0.0
0.0
0.0
0.0
0.0
0.0
0.0
0.0
0.0
0.0
0.0
0.00262657460739
-0.00433110707649
-0.00732461140676
-0.0123028745861
-0.00136582176692
-0.0187307674672
-0.016459741045
-0.016459741045
0.00688433817343
-0.00259052176086
-0.0224043343543
-0.0219291961056
0.000686552126559
-0.00112640185618
-0.00112640185618
-0.00112640185618
-0.00110121237129
-0.0125532750922
-0.00799543375248
-0.00483969009562
-0.00782504436278
-0.00382110443548
-0.00382110443548
-0.00382110443548
0.018950108406
0.0120112597585
0.0113555663627
-0.0162696247137
0.0
0.0
0.0
0.0
-0.00199399668059
-0.0027351841071
-0.0232962146617
-0.0261188631978
0.00459242369423
-0.00251318149652
-0.00251318149652
-0.00251318149652
-0.00841190802174
-0.00323346185603
-0.0132261079505
0.000660993300668
-0.00823218990363
-0.00825383084347
-0.00825383084347
-0.00825383084347
0.0181274822606
-0.00177569929727
0.00156265365344
0.0123064277505
0.0
0.0
0.0
0.0
0.0139127975987
0.0115443886
-0.0164597241081
0.0
0.0
0.0
0.0
0.0
0.00549284990888
-0.022183930251
-9.54431033751e-05
-0.00495183928824
-0.00826681773298
-0.00617607762223
-0.00617607762223
-0.00617607762223
-0.00608178530821
-0.0086182651943
-0.00688268042469
-0.00384429830475
-0.00537412626329
-0.00537412626329
-0.00537412626329
-0.00537412626329
-0.00113819215032
-0.00073781183108
0.000170637153668
-0.0227889218095
-0.0227889218095
-0.0227889218095
-0.0227889218095
-0.0227889218095
0.00826250911162
-0.0174460546595
-0.0044566597443
-0.0257211007198
-0.0257211007198
-0.0257211007198
-0.0257211007198
-0.0257211007198
0.000757201153649
-0.0140931085511
-0.004170737178
-0.0190599511395
-0.0190599511395
-0.0190599511395
-0.0190599511395
-0.0190599511395
0.017026244859
0.0125472450761
-0.0109874012096
-0.0109874012096
-0.0109874012096
-0.0109874012096
-0.0109874012096
-0.0109874012096
0.00793536212996
-0.000982279632847
-0.0276458522155
-0.0276458522155
-0.0276458522155
-0.0276458522155
-0.0276458522155
-0.0276458522155
0.00173433352103
-0.00221947081996
-0.0180463243311
-0.0180463243311
-0.0180463243311
-0.0180463243311
-0.0180463243311
-0.0180463243311
0.0152505550556
-0.00376687781428
-0.00376687781428
-0.00376687781428
-0.00376687781428
-0.00376687781428
-0.00376687781428
-0.00376687781428
0.0122647308184
-0.0118536540611
-0.0118536540611
-0.0118536540611
-0.0118536540611
-0.0118536540611
-0.0118536540611
-0.0118536540611
0.00594072719304
-0.027548650177
-0.027548650177
-0.027548650177
-0.027548650177
-0.027548650177
-0.027548650177
-0.027548650177
-0.00423417135601
-0.0145957823898
-0.0145957823898
-0.0145957823898
-0.0145957823898
-0.0145957823898
-0.0145957823898
-0.0145957823898
-0.0244652899467
-0.026073351001
-0.0267124427426
-0.0267124427426
-0.025720292744
-0.0257488718236
-0.0267124427426
-0.0267124427426
-0.0293150844292
-0.0293150844292
-0.0293150844292
-0.0293150844292
-0.0293150844292
-0.0234473073482
-0.0293150844292
-0.0293150844292
-0.0222616747309
-0.0228981836786
-0.0228981836786
-0.0228981836786
-0.0225447799172
-0.0204719060716
-0.0228981836786
-0.0228981836786
-0.00998096582457
-0.00680266282934
-0.00998096582457
-0.00998096582457
-0.00998096582457
-0.00824286803407
-0.00998096582457
-0.00998096582457
-0.0313152246309
-0.0298611524067
-0.0313152246309
-0.0313152246309
-0.0313152246309
-0.0312636184075
-0.0313152246309
-0.0313152246309
-0.0218730965095
-0.0220293243421
-0.0220725968047
-0.0220725968047
-0.0220725968047
-0.0215439745185
-0.0220725968047
-0.0220725968047
0.00527009384826
0.000190669524686
0.000190669524686
0.000190669524686
0.000190669524686
-0.000186274023105
0.000190669524686
0.000190669524686
-0.00981796828121
-0.0115126952873
-0.0115126952873
-0.0115126952873
-0.0115126952873
-0.01148916741
-0.0115126952873
-0.0115126952873
-0.0302724660315
-0.0313866908037
-0.0313866908037
-0.0313866908037
-0.0313324002875
-0.0313647325463
-0.0313866908037
-0.0313866908037
-0.0204625429812
-0.0183126032084
-0.0183126032084
-0.0183126032084
-0.0183126032084
-0.0177232620575
-0.0183126032084
-0.0183126032084
0.0
0.0
0.0
0.00115184081081
0.0
0.0
0.0
0.0
0.0
0.0
0.0
0.00115184081081
0.0
0.0
0.0
0.0
0.0
0.0
0.0
0.0
0.0
0.0
0.0
0.0
0.0
0.0
0.0
0.0
0.0
0.0
0.0
0.0
0.0
0.0
0.0
0.00115184081081
0.0
0.0
0.0
0.0
0.0
0.0
0.0
0.0
0.0
0.0
0.0
0.0
0.0
0.0
0.0
0.0
0.0
0.0
0.0
0.0
0.0
0.0
0.0
0.0
0.0
0.0
0.0
0.0
0.0
0.0
0.0
0.0
0.0
0.0
0.0
0.0
0.0
0.0
0.0
0.0
0.0
0.0
0.0
0.0
0.0
0.0
0.0
0.00115184081081
0.0
0.0
0.0
0.0
0.000337433995968
0.0169611899475
0.0116454763936
0.00600947085303
0.00521022669856
0.0023476537814
0.00175403393001
0.0
0.0
0.0
0.0
0.0
0.0
0.0
0.0
0.0
0.0
-0.00298015196392
0.0
-0.00546714247457
0.0
-0.00228886817546
0.0
-0.00244858840507
0.0
-0.00265949726218
0.0
-0.00546714247457
0.0
-0.00178322524593
0.0
-0.00244858840507
0.0
0.00110355422504
0.0
0.00112805008753
0.0
0.000594615142115
0.0
0.00373550079934
0.0
0.000193023855549
0.0
0.000833403355419
0.0
-0.000529704250013
0.0
0.00353273637756
0.0
0.0010273079773
0.0
0.00103953967719
0.0
0.000564374329324
0.0
0.00363379839647
0.0
0.000856885286921
0.0
0.000704303736204
0.0
0.000377730646326
0.0
0.00343802029736
-0.0057203877659
0.00103427314568
0.0
0.000934798523882
0.0
0.000596113691358
0.0
0.0036004423296
-0.00712578717057
-0.00646752181241
0.0
0.000792279574701
0.0
0.000465389753831
0.0
0.00350430547112
-0.00717376092602
-0.00652799450508
0.0
-0.000621700601726
0.0
-0.000128407973395
0.0
0.00366775811116
-0.00639668298352
-0.000567641987695
-0.00373708792316
-0.000258929287991
0.0
0.000361934131882
0.0
0.00283818809293
-0.00794707920516
-0.00145453768913
-0.00242978044748
0.000519839512806
0.0
0.000573663934647
0.0
0.00348798690632
-0.00935770247678
-0.00087199016686
0.00138716019129
-0.00094938783806
0.0
0.000214931019513
0.0
0.0039234007612
-0.000278880355076
-0.000992989141151
0.000791148027073
0.000281763767198
-0.00506651299476
0.000566756173639
0.0
0.00393750181299
0.000223121540096
0.00550427067007
0.000597114226453
0.000809764626307
-0.00339801457642
-0.0010335559932
0.0
0.00219283593307
-0.00249206647257
0.00547694353711
-0.0040782466765
0.000338379088898
-0.000317290764684
-0.00101539674917
0.0
0.00320510669947
-0.00295143934666
0.00527918387766
-0.0028567578647
-0.00179461462272
-0.000590673062276
0.000520266388188
-0.00227195536292
0.00129312508166
-0.00563268410806
0.00484776988929
-0.00121635971153
0.003582898268
-0.000590673062276
-3.8345919112e-05
-0.00177374910583
0.00311922398006
-0.00375787649582
-0.000518154120209
0.000772844072724
0.00349251823268
0.00120528718499
-0.000554772523409
6.4244014384e-05
0.000947097619625
0.0116776509231
-0.00212521282457
0.00146835597512
0.00567806055672
-0.00161959787146
0.000298942062634
0.000724393427994
0.0
0.0117400857812
0.0134214880148
0.00153318271403
0.000927754629085
-0.00208204792774
0.000765114728951
0.000724393427994
0.0
0.0122054785958
0.0136219573847
0.000811730451584
0.000379060756471
-0.00170129093345
0.00076567534715
0.0
0.0
-9.59105268816e-05
0.0128174398225
0.0122428276319
0.0
-0.000270745903515
0.0010485145772
0.0
0.0
-0.00101066313229
0.00563581384763
0.0122920355187
0.0123291667525
-0.000238911351335
0.0
0.0
0.0
0.000363630259407
0.0
0.0
0.0122856056139
0.000219696465587
0.0
0.0
0.0
0.0116869353125
0.0
0.00154930028992
-0.00115366971076
0.0
0.0
0.0
0.0
0.0123117638585
0.0180287095204
0.00158593884076
0.000188446160092
0.0
0.0
0.0
0.0
0.00035120097453
0.0179656566791
0.000573010746773
0.0
0.0
0.0
0.0
0.0
-0.000624206836492
-0.000905496164744
0.000833052430436
0.0
0.0
0.0
0.0
0.0
-0.000511199846766
-0.00180156679794
0.0
0.0
0.0
0.0
0.0
0.0
-0.00230047307758
-0.000694022926096
0.0
0.0
0.0
0.0
0.0
0.0
-0.00709545552161
0.0
0.0
0.0
0.0
0.0
0.0
0.0
-0.0060514037449
0.0
0.0
0.0
0.0
0.0
0.0
0.0
0.0
0.0
0.0
0.0
0.0
0.0
0.0
0.0
0.0
0.0
0.0
0.0
0.0
0.0
0.0
0.0
0.0
0.000912929266861
0.000616068111113
-0.00647579721718
-0.00647332669874
-0.00410186089362
0.000616068111113
-0.00410186089362
0.0
0.0
0.0
0.0
0.0
0.0
0.0
0.0
0.0
0.0176840089482
0.0
0.0
0.0
0.0
0.0
0.0
0.0
0.0
0.0
0.0
0.0
0.0
0.0
0.0
