1.0
1.0
1.0
1.0
1.0
1.0
1.0
1.0
1.0
1.0
1.0
1.0
1.0
1.0
1.0
1.0
1.0
1.0
1.0
1.0
1.0
1.0
1.0
1.0
1.0
1.0
1.0
1.0
1.0
1.0
1.0
1.0
1.0
1.0
1.0
1.0
1.0
1.0
1.0
1.0
1.0
1.0
1.0
1.0
1.0
1.0
1.0
1.0
1.0
1.0
1.0
0.0904558255101
0.00525283696776
1.0
1.0
1.0
1.0
1.0
1.0
1.0
1.0
1.0
1.0
1.0
1.0
1.0
1.0
1.0
1.0
1.0
1.0
1.0
1.0
1.0
1.0
1.0
1.0
1.0
1.0
1.0
1.0
1.0
1.0
1.0
1.0
1.0
1.0
1.0
1.0
1.0
1.0
1.0
1.0
1.0
1.0
1.0
1.0
1.0
1.0
1.0
1.0
1.0
1.0
1.0
1.0
1.0
1.0
1.0
1.0
1.0
1.0
1.0
1.0
1.0
1.0
1.0
1.0
1.0
1.0
1.0
1.0
1.0
1.0
1.0
1.0
1.0
1.0
1.0
1.0
1.0
1.0
1.0
1.0
1.0
1.0
1.0
1.0
1.0
1.0
1.0
1.0
1.0
1.0
1.0
1.0
1.0
1.0
1.0
1.0
1.0
1.0
1.0
1.0
1.0
0.00525283696776
0.113731775275
0.00742853078786
1.0
1.0
1.0
1.0
1.0
1.0
1.0
1.0
1.0
1.0
1.0
0.00909792945503
1.0
0.010505239089
0.109145621965
0.0117450522993
0.139543196593
1.0
1.0
1.0
1.0
1.0
1.0
1.0
1.0
1.0
1.0
0.0128658826341
0.0618120088889
0.0138965497748
0.0788948102582
0.0148558316016
1.0
1.0
1.0
1.0
1.0
1.0
1.0
1.0
1.0
1.0
1.0
0.0904558255101
0.00742853078786
1.0
1.0
1.0
1.0
1.0
1.0
1.0
1.0
1.0
1.0
1.0
1.0
1.0
1.0
1.0
1.0
1.0
1.0
1.0
0.0710728177442
0.069714546676
0.104218193156
1.0
1.0
1.0
1.0
1.0
1.0
1.0
1.0
1.0
1.0
1.0
1.0
1.0
1.0
1.0
1.0
1.0
1.0
1.0
1.0
1.0
1.0
1.0
1.0
1.0
1.0
1.0
1.0
1.0
1.0
1.0
1.0
1.0
1.0
1.0
1.0
1.0
1.0
1.0
1.0
1.0
0.0128658826341
0.00525283696776
0.0174192854864
0.00909792945503
0.021006999046
0.0913512752217
1.0
1.0
1.0
1.0
1.0
1.0
1.0
1.0
1.0
1.0
0.00525283696776
0.00909792945503
0.106522068737
0.0519307941443
1.0
1.0
1.0
1.0
1.0
0.00742853078786
0.0128658826341
0.0148558316016
1.0
1.0
1.0
1.0
1.0
1.0
1.0
1.0
1.0
1.0
1.0
1.0
1.0
1.0
1.0
1.0
1.0
1.0
1.0
1.0
1.0
1.0
1.0
1.0
1.0
1.0
1.0
1.0
1.0
0.00525283696776
0.010505239089
0.0157567714573
1.0
1.0
1.0
1.0
1.0
1.0
1.0
1.0
0.0511318789492
1.0
1.0
1.0
1.0
1.0
1.0
1.0
1.0
1.0
1.0
1.0
1.0
1.0
1.0
1.0
1.0
1.0
1.0
0.0903056911446
1.0
1.0
1.0
1.0
1.0
0.00525283696776
0.00525283696776
1.0
1.0
1.0
1.0
1.0
1.0
1.0
1.0
1.0
1.0
1.0
1.0
1.0
1.0
1.0
1.0
0.0166088662522
0.0166088662522
0.0780265024764
0.0629095571643
1.0
0.100524617977
0.173953139233
0.173953139233
1.0
1.0
0.0297018213735
0.0315017988178
1.0
0.00525283696776
0.00525283696776
0.00525283696776
1.0
0.155449632982
1.0
1.0
0.0875577762455
0.0267750780862
0.0267750780862
0.0267750780862
0.172608807872
1.0
1.0
0.223384144085
1.0
1.0
1.0
1.0
0.141053378556
0.0840733523196
0.0166088662522
0.00909792945503
1.0
0.0363691153584
0.0363691153584
0.0363691153584
0.122690159234
1.0
0.189442748749
1.0
0.119259844356
0.100927106781
0.100927106781
0.100927106781
1.0
0.00525283696776
0.00525283696776
1.0
1.0
1.0
1.0
1.0
1.0
1.0
0.171176774731
1.0
1.0
1.0
1.0
1.0
1.0
0.0301619256845
1.0
1.0
0.121153760214
0.0371180473256
0.0371180473256
0.0371180473256
1.0
1.0
1.0
0.132315458164
0.0475132741908
0.0475132741908
0.0475132741908
0.0475132741908
1.0
1.0
1.0
0.0166088662522
0.0166088662522
0.0166088662522
0.0166088662522
0.0166088662522
1.0
0.0166088662522
1.0
0.0166088662522
0.0166088662522
0.0166088662522
0.0166088662522
0.0166088662522
1.0
0.201398530981
1.0
0.19682229521
0.19682229521
0.19682229521
0.19682229521
0.19682229521
1.0
1.0
0.00525283696776
0.00525283696776
0.00525283696776
0.00525283696776
0.00525283696776
0.00525283696776
1.0
1.0
0.00909792945503
0.00909792945503
0.00909792945503
0.00909792945503
0.00909792945503
0.00909792945503
1.0
1.0
0.212972810383
0.212972810383
0.212972810383
0.212972810383
0.212972810383
0.212972810383
1.0
1.0
1.0
1.0
1.0
1.0
1.0
1.0
1.0
0.00525283696776
0.00525283696776
0.00525283696776
0.00525283696776
0.00525283696776
0.00525283696776
0.00525283696776
1.0
0.00909792945503
0.00909792945503
0.00909792945503
0.00909792945503
0.00909792945503
0.00909792945503
0.00909792945503
1.0
0.196757845742
0.196757845742
0.196757845742
0.196757845742
0.196757845742
0.196757845742
0.196757845742
0.158948801717
0.163005832971
0.163085825113
0.163085825113
0.144571449422
0.143470627638
0.141615190068
0.141615190068
0.232802984977
0.233065031642
0.232593076157
0.232593076157
0.232698060779
0.231222739811
0.22530769488
0.22530769488
0.105120423746
0.105120423746
0.10408863541
0.10408863541
0.106395445271
0.105632365665
0.101727105024
0.101727105024
0.00525283696776
0.0128658826341
0.00525283696776
0.00525283696776
0.00742853078786
0.00742853078786
0.00909792945503
0.00909792945503
0.235303247475
0.233848921406
0.235251505764
0.235251505764
0.23587144414
0.230533679866
0.230161561568
0.230161561568
0.1181307232
0.105504623895
0.117561853101
0.117561853101
0.115605526634
0.114320804846
0.113258224985
0.113258224985
1.0
1.0
1.0
1.0
1.0
1.0
1.0
1.0
0.00525283696776
0.00525283696776
0.00525283696776
0.00525283696776
0.00525283696776
0.00742853078786
0.00742853078786
0.00742853078786
0.232277758915
0.235251505764
0.234992577717
0.234992577717
0.235406687077
0.232698060779
0.232488031027
0.232488031027
0.107779733303
0.122690159234
0.122690159234
0.122690159234
0.122471928307
0.122471928307
0.121484727738
0.121484727738
0.0203402201073
1.0
1.0
1.0
1.0
1.0
1.0
1.0
0.0203402201073
1.0
1.0
1.0
1.0
1.0
1.0
1.0
0.0203402201073
1.0
1.0
1.0
1.0
1.0
1.0
1.0
0.0203402201073
1.0
1.0
1.0
1.0
1.0
1.0
1.0
0.0203402201073
1.0
1.0
1.0
1.0
1.0
1.0
1.0
0.0203402201073
1.0
1.0
1.0
1.0
1.0
1.0
1.0
1.0
1.0
1.0
1.0
1.0
1.0
1.0
1.0
1.0
1.0
1.0
1.0
1.0
1.0
1.0
1.0
1.0
1.0
1.0
1.0
1.0
1.0
1.0
1.0
1.0
1.0
1.0
1.0
1.0
1.0
1.0
1.0
1.0
1.0
1.0
1.0
1.0
1.0
1.0
1.0
0.00525283696776
0.250539915252
0.1900481932
0.117675860065
0.0875577762455
0.0409919922621
0.0272847486911
1.0
1.0
1.0
1.0
1.0
1.0
1.0
1.0
1.0
1.0
0.0166088662522
1.0
0.0216532201086
1.0
0.010505239089
1.0
0.060241326111
1.0
0.0157567714573
1.0
0.022890898565
1.0
0.00909792945503
1.0
0.0637737824252
1.0
0.0174192854864
1.0
0.022890898565
1.0
0.00909792945503
1.0
0.0637737824252
1.0
0.0157567714573
1.0
0.0222806721279
1.0
0.00909792945503
1.0
0.0639879852276
1.0
0.0174192854864
1.0
0.023485242196
1.0
0.00909792945503
1.0
0.0642014615052
1.0
0.0157567714573
1.0
0.023485242196
1.0
0.00909792945503
1.0
0.0642014615052
0.0389270471828
0.0174192854864
1.0
0.023485242196
1.0
0.00909792945503
1.0
0.0633431677391
0.0423123141182
1.0
1.0
0.023485242196
1.0
0.00909792945503
1.0
0.0629095571643
0.0363691153584
1.0
1.0
0.022890898565
1.0
0.00909792945503
1.0
0.0646262632601
0.0251840734623
0.0363691153584
0.0323641276749
0.0240648798489
1.0
0.00909792945503
1.0
0.0642014615052
0.0262554866485
0.0371180473256
0.0385720745469
1.0
1.0
0.00909792945503
1.0
0.0648376028291
0.0340230120642
0.0306150911535
0.0319358858626
1.0
1.0
0.00909792945503
1.0
0.0642014615052
0.0920906050518
0.0174192854864
0.0222806721279
0.029234450603
0.0251840734623
0.010505239089
1.0
0.0635588457525
0.0916477477877
1.0
0.0287594591127
0.0323641276749
0.0336160004553
1.0
1.0
0.0633431677391
0.0914996357422
1.0
0.0340230120642
0.0267750780862
0.0267750780862
1.0
1.0
0.0635588457525
0.0914996357422
0.102520593496
0.0914996357422
0.0128658826341
0.0203402201073
0.0203402201073
0.0148558316017
0.0631267407862
0.0306150911535
0.10199231696
0.0886368641115
1.0
0.0203402201073
0.0138965497748
0.0181935992255
1.0
0.0272847486911
0.0513995785925
0.0872469355474
1.0
0.0203402201073
0.00742853078786
0.010505239089
1.0
0.173506344082
0.054508435311
0.0344251897667
0.103046043584
0.0892474403367
0.00742853078786
0.021006999046
1.0
0.173506344082
1.0
0.0356043477067
0.0529770753188
0.0872469355474
1.0
0.021006999046
1.0
0.173878764049
1.0
0.0267750780862
0.00909792945503
0.00742853078786
1.0
1.0
1.0
0.0310616214793
0.193700100072
0.174027478256
1.0
0.0257253732534
0.0216532201086
1.0
1.0
0.0344251897667
0.0826042687423
0.173357121334
1.0
0.0262554866485
1.0
1.0
1.0
0.0622533869523
1.0
1.0
1.0
0.021006999046
1.0
1.0
1.0
0.188699679215
1.0
0.0282764628641
0.0262554866485
1.0
1.0
1.0
1.0
0.181002356333
1.0
0.0287594591127
0.021006999046
1.0
1.0
1.0
1.0
0.00525283696776
1.0
0.0257253732534
1.0
1.0
1.0
1.0
1.0
0.0262554866485
0.0282764628641
0.0203402201073
1.0
1.0
1.0
1.0
1.0
0.0282764628641
0.0262554866485
1.0
1.0
1.0
1.0
1.0
1.0
0.0287594591127
0.021006999046
1.0
1.0
1.0
1.0
1.0
1.0
0.0257253732534
1.0
1.0
1.0
1.0
1.0
1.0
1.0
0.0203402201073
1.0
1.0
1.0
1.0
1.0
1.0
1.0
1.0
1.0
1.0
1.0
1.0
1.0
1.0
1.0
1.0
1.0
1.0
1.0
1.0
1.0
1.0
1.0
1.0
1.0
0.0695182977832
1.0
1.0
1.0
0.0695182977832
1.0
1.0
1.0
1.0
1.0
1.0
1.0
1.0
1.0
1.0
1.0
1.0
1.0
1.0
1.0
1.0
1.0
1.0
1.0
1.0
1.0
1.0
1.0
1.0
1.0
1.0
1.0
1.0
1.0
1.0
1.0
1.0
1.0
0.0881760667373
0.0881760667373
0.0881760667373
0.0881760667373
0.0881760667373
0.0881760667373
0.0881760667373
0.0881760667373
1.0
1.0
1.0
1.0
1.0
1.0
1.0
1.0
1.0
1.0
1.0
1.0
1.0
1.0
1.0
1.0
1.0
1.0
1.0
1.0
1.0
1.0
1.0
1.0
1.0
1.0
1.0
1.0
1.0
1.0
1.0
1.0
1.0
1.0
0.0883299415795
1.0
1.0
1.0
1.0
1.0
1.0
1.0
1.0
1.0
1.0
1.0
1.0
1.0
1.0
1.0
1.0
1.0
1.0
1.0
1.0
1.0
1.0
1.0
1.0
1.0
1.0
1.0
1.0
1.0
1.0
1.0
1.0
1.0
1.0
1.0
1.0
1.0
1.0
1.0
1.0
1.0
1.0
1.0
1.0
1.0
1.0
1.0
1.0
1.0
1.0
1.0
1.0
1.0
1.0
1.0
1.0
1.0
1.0
1.0
1.0
1.0
1.0
1.0
1.0
1.0
1.0
1.0
1.0
1.0
1.0
1.0
1.0
1.0
1.0
1.0
1.0
1.0
0.0117450522993
0.212326901742
1.0
1.0
1.0
1.0
1.0
1.0
1.0
1.0
1.0
1.0
1.0
1.0
1.0
1.0
1.0
1.0
1.0
1.0
1.0
1.0
1.0
1.0
1.0
1.0
1.0
1.0
1.0
1.0
1.0
1.0
1.0
1.0
1.0
1.0
1.0
1.0
1.0
1.0
1.0
1.0
1.0
1.0
1.0
1.0
1.0
1.0
1.0
1.0
1.0
1.0
1.0
1.0
1.0
1.0
1.0
1.0
1.0
1.0
1.0
1.0
1.0
1.0
1.0
1.0
1.0
1.0
1.0
1.0
1.0
1.0
1.0
1.0
1.0
1.0
1.0
1.0
1.0
1.0
1.0
1.0
1.0
1.0
1.0
1.0
1.0
1.0
1.0
1.0
1.0
1.0
1.0
0.0128658826341
0.0128658826341
0.0138965497748
1.0
1.0
1.0
1.0
1.0
1.0
1.0
1.0
1.0
1.0
1.0
1.0
1.0
1.0
1.0
1.0
1.0
1.0
1.0
1.0
1.0
1.0
1.0
1.0
1.0
1.0
1.0
1.0
1.0
1.0
1.0
1.0
1.0
1.0
1.0
1.0
1.0
1.0
1.0
1.0
0.144480063609
0.114789732912
0.10827851212
0.081442806088
0.0650482440618
0.0128658826341
1.0
1.0
1.0
1.0
1.0
1.0
1.0
1.0
1.0
1.0
0.214315667285
0.185139884014
0.101327929231
0.0287594591127
0.0216532201086
1.0
1.0
1.0
0.19396254801
0.12474309562
0.0887899146606
0.0880219142506
1.0
1.0
1.0
1.0
1.0
1.0
1.0
1.0
1.0
1.0
1.0
1.0
1.0
1.0
1.0
1.0
1.0
1.0
1.0
1.0
1.0
1.0
1.0
1.0
1.0
1.0
1.0
1.0
1.0
1.0
0.00525283696776
0.151427547516
0.0639879852276
1.0
1.0
1.0
1.0
1.0
1.0
1.0
1.0
0.0403155062585
1.0
1.0
1.0
1.0
1.0
1.0
1.0
1.0
1.0
1.0
1.0
1.0
1.0
1.0
1.0
1.0
1.0
1.0
1.0
1.0
1.0
1.0
1.0
1.0
1.0
1.0
1.0
1.0
1.0
1.0
1.0
1.0
1.0
1.0
1.0
1.0
1.0
1.0
1.0
1.0
1.0
1.0
0.173655421065
0.13549206729
0.103307722198
0.0837491799988
0.0626916090092
0.0593248427993
0.0557520715902
0.0557520715902
0.157542861323
0.132817198541
0.0904558255101
0.0855164813532
0.0824393750651
0.00525283696776
0.00525283696776
0.00525283696776
0.0537482731545
0.0572083210344
0.0406551657065
0.0319358858626
0.021006999046
0.00909792945503
0.00909792945503
0.00909792945503
0.244042585671
0.189240431063
0.171932162474
0.0532353969148
1.0
1.0
1.0
1.0
0.128017359502
0.106900996495
0.100255356448
0.10039008128
0.0962629125654
0.00525283696776
0.00525283696776
0.00525283696776
0.0702999413685
0.0588611725794
0.0513995785925
0.0399729417029
0.0251840734623
0.0203402201073
0.0203402201073
0.0203402201073
0.220093944362
0.187817083576
0.173431750952
0.172082789021
1.0
1.0
1.0
1.0
0.18555468129
0.166171912905
0.0382137847457
1.0
1.0
1.0
1.0
1.0
0.102388791046
0.0914996357422
0.0880219142506
0.029234450603
0.029234450603
0.010505239089
0.010505239089
0.010505239089
0.0583937685944
0.0508627554062
0.0327867532965
0.0332039771796
0.0128658826341
0.0128658826341
0.0128658826341
0.0128658826341
0.0567271121269
0.043906528952
0.0336160004553
0.0656760448239
0.0656760448239
0.0656760448239
0.0656760448239
0.0656760448239
0.148176461139
0.13830299443
0.099714560509
0.0983490197574
0.0983490197574
0.0983490197574
0.0983490197574
0.0983490197574
0.0671176836093
0.0620330966205
0.045141078431
0.0472233233812
0.0472233233812
0.0472233233812
0.0472233233812
0.0472233233812
0.235510068315
0.187885147058
0.186381065247
0.186381065247
0.186381065247
0.186381065247
0.186381065247
0.186381065247
0.126760620553
0.10291494367
0.102388791046
0.102388791046
0.102388791046
0.102388791046
0.102388791046
0.102388791046
0.0622533869523
0.0500466110629
0.0540028635737
0.0540028635737
0.0540028635737
0.0540028635737
0.0540028635737
0.0540028635737
0.188835036541
0.220543654009
0.220543654009
0.220543654009
0.220543654009
0.220543654009
0.220543654009
0.220543654009
0.16648480694
0.187612720625
0.187612720625
0.187612720625
0.187612720625
0.187612720625
0.187612720625
0.187612720625
0.0917956125607
0.104347582746
0.104347582746
0.104347582746
0.104347582746
0.104347582746
0.104347582746
0.104347582746
0.0511318789492
0.05696823136
0.05696823136
0.05696823136
0.05696823136
0.05696823136
0.05696823136
0.05696823136
0.0677259667975
0.0652581937206
0.0660912081046
0.0660912081046
0.0681284158674
0.0683287348005
0.0660912081046
0.0660912081046
0.0975201428471
0.0975201428471
0.0975201428471
0.0975201428471
0.0975201428471
0.114555522114
0.0975201428471
0.0975201428471
0.0466379651847
0.045141078431
0.045141078431
0.045141078431
0.0457457611592
0.0508627554062
0.045141078431
0.045141078431
0.185899526051
0.180290213065
0.185899526051
0.185899526051
0.185899526051
0.197786055162
0.185899526051
0.185899526051
0.100793129981
0.0991706927194
0.100793129981
0.100793129981
0.100793129981
0.100927106781
0.100793129981
0.100793129981
0.0532353969148
0.0457457611592
0.0527174734907
0.0527174734907
0.0527174734907
0.0540028635737
0.0527174734907
0.0527174734907
0.213324117862
0.220431333334
0.220431333334
0.220431333334
0.220431333334
0.0277850444123
0.220431333334
0.220431333334
0.186243630104
0.186861163874
0.186861163874
0.186861163874
0.186861163874
0.186998071869
0.186861163874
0.186861163874
0.10199231696
0.10317696954
0.10317696954
0.10317696954
0.103307722198
0.103307722198
0.10317696954
0.10317696954
0.0521943526333
0.05696823136
0.05696823136
0.05696823136
0.05696823136
0.0588611725794
0.05696823136
0.05696823136
1.0
1.0
1.0
0.0881760667373
1.0
1.0
1.0
1.0
1.0
1.0
1.0
0.0881760667373
1.0
1.0
1.0
1.0
1.0
1.0
1.0
1.0
1.0
1.0
1.0
1.0
1.0
1.0
1.0
1.0
1.0
1.0
1.0
1.0
1.0
1.0
1.0
0.0881760667373
1.0
1.0
1.0
1.0
1.0
1.0
1.0
1.0
1.0
1.0
1.0
1.0
1.0
1.0
1.0
1.0
1.0
1.0
1.0
1.0
1.0
1.0
1.0
1.0
1.0
1.0
1.0
1.0
1.0
1.0
1.0
1.0
1.0
1.0
1.0
1.0
1.0
1.0
1.0
1.0
1.0
1.0
1.0
1.0
1.0
1.0
1.0
0.0881760667373
1.0
1.0
1.0
1.0
0.00525283696776
0.246882649762
0.184654588595
0.115023440333
0.0847178678722
0.0396273966989
0.0272847486911
1.0
1.0
1.0
1.0
1.0
1.0
1.0
1.0
1.0
1.0
0.0157567714573
1.0
0.0196507907311
1.0
0.010505239089
1.0
0.0576854630723
1.0
0.0148558316017
1.0
0.0196507907311
1.0
0.00909792945503
1.0
0.0576854630723
1.0
0.0166088662522
1.0
0.0203402201073
1.0
0.00909792945503
1.0
0.05696823136
1.0
0.0148558316017
1.0
0.0196507907311
1.0
0.00909792945503
1.0
0.05696823136
1.0
0.0166088662522
1.0
0.0203402201073
1.0
0.00909792945503
1.0
0.05696823136
1.0
0.0148558316017
1.0
0.0196507907311
1.0
0.00909792945503
1.0
0.05696823136
0.0371180473256
0.0166088662522
1.0
0.0196507907311
1.0
0.00909792945503
1.0
0.0567271121269
0.0406551657065
0.0572083210344
1.0
0.0196507907311
1.0
0.00909792945503
1.0
0.0564849501502
0.034822701048
0.0576854630723
1.0
0.0196507907311
1.0
0.00909792945503
1.0
0.0572083210344
0.0251840734623
0.0359887735991
0.0306150911535
0.021006999046
1.0
0.00909792945503
1.0
0.0567271121269
0.0257253732534
0.035988773599
0.0367454998059
0.0537482731545
1.0
0.00909792945503
1.0
0.0574473940584
0.0332039771796
0.0287594591127
0.0315017988178
0.0542562453409
1.0
0.00909792945503
1.0
0.0567271121269
0.086464790913
0.0148558316017
0.0216532201086
0.027284748691
0.0240648798489
0.00909792945503
1.0
0.05696823136
0.0856752840906
0.105376720047
0.0277850444123
0.0297018213735
0.0323641276749
0.045141078431
1.0
0.0572083210344
0.0853573742526
0.105376720047
0.0323641276749
0.0246308497727
0.0257253732534
0.045141078431
1.0
0.0572083210344
0.0863074849617
0.0969634648805
0.0856752840906
0.0117450522993
0.0189362371115
0.0157567714573
0.0138965497748
0.0572083210344
0.0287594591127
0.0959812044197
0.0829330449989
0.103568710246
0.0189362371115
0.00909792945503
0.0174192854864
0.0667090230448
0.0262554866485
0.0492167955629
0.0827688247168
0.103829012936
0.0189362371115
0.00525283696776
0.010505239089
0.0665037339006
0.163325538501
0.0521943526333
0.0315017988178
0.0966838767089
0.0847178678722
0.00525283696776
0.0203402201073
1.0
0.163245677813
0.187953181842
0.0327867532965
0.0478014503413
0.0829330449989
0.0994430137389
0.0203402201073
1.0
0.164755621357
0.188835036541
0.0251840734623
0.00742853078786
0.00742853078786
0.0995788835088
1.0
1.0
0.029234450603
0.182064564341
0.165071532101
1.0
0.0246308497727
0.0196507907311
1.0
1.0
0.0319358858626
0.0778516494434
0.164439029622
0.187544542035
0.0251840734623
1.0
1.0
1.0
0.05696823136
1.0
1.0
0.187612720625
0.0203402201073
1.0
1.0
1.0
0.179000143757
1.0
0.0272847486911
0.0246308497727
1.0
1.0
1.0
1.0
0.17215804624
0.221439673301
0.0277850444123
0.0189362371115
1.0
1.0
1.0
1.0
0.00525283696776
0.221662974804
0.0257253732534
1.0
1.0
1.0
1.0
1.0
0.0251840734623
0.0277850444123
0.0203402201073
1.0
1.0
1.0
1.0
1.0
0.0272847486911
0.0246308497727
1.0
1.0
1.0
1.0
1.0
1.0
0.0277850444123
0.0189362371115
1.0
1.0
1.0
1.0
1.0
1.0
0.0257253732534
1.0
1.0
1.0
1.0
1.0
1.0
1.0
0.0203402201073
1.0
1.0
1.0
1.0
1.0
1.0
1.0
1.0
1.0
1.0
1.0
1.0
1.0
1.0
1.0
1.0
1.0
1.0
1.0
1.0
1.0
1.0
1.0
1.0
0.0128658826341
0.0128658826341
0.226723391202
0.226669146828
0.214548158015
0.0128658826341
0.214548158015
1.0
1.0
1.0
1.0
1.0
1.0
1.0
1.0
1.0
0.254873848192
1.0
1.0
1.0
1.0
1.0
1.0
1.0
1.0
1.0
1.0
1.0
1.0
1.0
1.0
