0.0
0.0
0.0
0.0
0.0
0.0
0.0
0.0
0.0
0.0
0.0
0.0
0.0
0.0
0.0
0.0
0.0
0.0
0.0
0.0
0.0
0.0
0.0
0.0
0.0
0.0
0.0
0.0
0.0
0.0
0.0
0.0
0.0
0.0
0.0
0.0
0.0
0.0
0.0
0.0
0.0
0.0
0.0
0.0
0.0
0.0
0.0
0.0
0.0
0.0
0.0
-0.0150233730972
0.00294028862045
6.93889390391e-18
2.77555756156e-17
1.94289029309e-16
-1.2490009027e-16
-2.94902990916e-16
-3.60822483003e-16
-6.66133814775e-16
2.77555756156e-17
-1.66533453694e-15
1.11022302463e-16
1.38777878078e-17
1.73472347598e-18
8.67361737988e-19
-2.71050543121e-20
-3.38813178902e-21
0.0
1.32348898008e-23
0.0
0.0
1.61558713389e-27
2.01948391737e-28
0.0
0.0
0.0
0.0
0.0
-7.52316384526e-37
2.35098870164e-38
-7.19990289879e-38
-2.93873587706e-39
7.34683969264e-39
8.44886564654e-39
-1.05610820582e-38
0.0
0.0
0.0
0.0
0.0
0.0
0.0
0.0
0.0
0.0
0.0
0.0
0.0
0.0
0.0
0.0
0.0
0.0
0.0
0.0
0.0
0.0
0.0
0.0
0.0
0.0
0.0
0.0
0.0
0.0
0.0
0.0
0.0
0.0
0.0
0.0
0.0
0.0
0.0
0.0
0.0
0.0
0.0
0.0
0.0
0.0
0.0
0.0
0.0
0.0
0.0
0.0
0.0
0.0
0.0
0.0
0.0
0.0
0.0
0.0
0.0
0.0
0.0
0.0
0.0
0.0
0.0
0.0
-0.000334467526354
0.00111117148337
-8.81340257936e-05
0.0
0.0
0.0
0.0
0.0
0.0
0.0
0.0
0.0
0.0
0.0
0.000879342765767
0.0
-0.000190691909125
-0.00080785898494
-0.000113031169519
-0.000127323363896
0.0
0.0
0.0
0.0
0.0
0.0
0.0
0.0
0.0
0.0
-0.000251409400446
0.0032046278321
-0.000287202421255
-0.000434081700183
-0.000158552220456
0.0
0.0
0.0
0.0
0.0
0.0
0.0
0.0
0.0
0.0
0.0
-0.0149792795678
0.00362133478178
0.0
0.0
0.0
0.0
0.0
0.0
0.0
0.0
0.0
0.0
0.0
0.0
0.0
0.0
0.0
0.0
0.0
0.0
0.0
-0.000575560567934
0.00350848340085
0.00596004968395
0.0
0.0
0.0
0.0
0.0
0.0
0.0
0.0
0.0
0.0
0.0
0.0
0.0
0.0
0.0
0.0
0.0
0.0
0.0
0.0
0.0
0.0
0.0
0.0
0.0
0.0
0.0
0.0
0.0
0.0
0.0
0.0
0.0
0.0
0.0
0.0
0.0
0.0
0.0
0.0
0.0
-0.000251409400446
-0.000334467526354
-4.98494395069e-05
0.000879342765767
4.05700267344e-05
-0.000814531122622
0.0
0.0
0.0
0.0
0.0
0.0
0.0
0.0
0.0
0.0
-0.000305866165982
-0.0073330972912
-0.064250176118
-0.0233630910424
0.0
0.0
0.0
0.0
0.0
-8.81340257936e-05
-0.000251409400446
-0.000158552220456
0.0
0.0
0.0
0.0
0.0
0.0
0.0
0.0
0.0
0.0
0.0
0.0
0.0
0.0
0.0
0.0
0.0
0.0
0.0
0.0
0.0
0.0
0.0
0.0
0.0
0.0
0.0
0.0
0.0
-5.05459726482e-05
-0.000107955338284
-0.000154053257034
0.0
0.0
0.0
0.0
0.0
0.0
0.0
0.0
-0.000493373429891
0.0
0.0
0.0
0.0
0.0
0.0
0.0
0.0
0.0
0.0
0.0
0.0
0.0
0.0
0.0
0.0
0.0
0.0
-0.0151752114207
0.0
0.0
0.0
0.0
0.0
0.00294028862045
0.00218098148268
0.0
0.0
0.0
0.0
0.0
0.0
0.0
0.0
0.0
0.0
0.0
0.0
0.0
0.0
0.0
0.0
0.0107492428474
0.0121864319954
0.0160537304253
0.0142823475107
0.0
0.0138910405638
0.0232180294802
0.0232180294802
0.0
0.0
0.00125697061031
0.00162593212147
0.0
0.000602193926826
0.000602193926826
0.000602193926826
0.0
-0.0845463056437
0.0
0.0
-0.0598964198076
-0.0108473411863
-0.0108473411863
-0.0108473411863
0.00725225157612
0.0
0.0
0.00295424487461
0.0
0.0
0.0
0.0
0.0042348883965
0.00818503718563
0.0196227161987
-0.00833700726637
0.0
-0.0288047929917
-0.0288047929917
-0.0288047929917
-0.0505041003244
0.0
-0.109057627489
0.0
-0.0648039373235
-0.0602002850447
-0.0602002850447
-0.0602002850447
0.0
-5.35531340207e-05
-5.35531340207e-05
0.0
0.0
0.0
0.0
0.0
0.0
0.0
-0.104738124471
0.0
0.0
0.0
0.0
0.0
0.0
0.00108791242043
0.0
0.0
-0.071163757603
-0.0285605701006
-0.0285605701006
-0.0285605701006
0.0
0.0
0.0
-0.0461523860516
-0.043439162393
-0.043439162393
-0.043439162393
-0.043439162393
0.0
0.0
0.0
0.00903063044519
0.00903063044519
0.00903063044519
0.00903063044519
0.00903063044519
0.0
0.0197263592952
0.0
0.0211989131146
0.0211989131146
0.0211989131146
0.0211989131146
0.0211989131146
0.0
-0.119806995673
0.0
-0.122258209838
-0.122258209838
-0.122258209838
-0.122258209838
-0.122258209838
0.0
0.0
-9.8168027017e-05
-9.8168027017e-05
-9.8168027017e-05
-9.8168027017e-05
-9.8168027017e-05
-9.8168027017e-05
0.0
0.0
-0.00833700726637
-0.00833700726637
-0.00833700726637
-0.00833700726637
-0.00833700726637
-0.00833700726637
0.0
0.0
-0.136662198941
-0.136662198941
-0.136662198941
-0.136662198941
-0.136662198941
-0.136662198941
0.0
0.0
0.0
0.0
0.0
0.0
0.0
0.0
0.0
-0.000108150927783
-0.000108150927783
-0.000108150927783
-0.000108150927783
-0.000108150927783
-0.000108150927783
-0.000108150927783
0.0
-0.00863381028168
-0.00863381028168
-0.00863381028168
-0.00863381028168
-0.00863381028168
-0.00863381028168
-0.00863381028168
0.0
-0.116564194018
-0.116564194018
-0.116564194018
-0.116564194018
-0.116564194018
-0.116564194018
-0.116564194018
0.0872715967806
0.0801366757375
0.0796149702415
0.0796149702415
0.0565208594846
0.0568022774263
0.0573683310947
0.0573683310947
0.151730543092
0.151796085437
0.152244280354
0.152244280354
0.146085512379
0.148345370067
0.146632391062
0.146632391062
-0.0386949986052
-0.0386451140898
-0.0397830586889
-0.0397830586889
-0.0363228945933
-0.0398886423734
-0.0420751489075
-0.0420751489075
-5.84164963392e-05
-7.52397113525e-05
-5.84164963392e-05
-5.84164963392e-05
-7.71117886334e-05
1.04496363022e-05
-0.00012230271058
-0.00012230271058
0.144046075212
0.145995918091
0.144180842592
0.144180842592
0.139333179765
0.140903309934
0.137748575308
0.137748575308
-0.0486920914069
-0.0397627550354
-0.050436927542
-0.050436927542
-0.0512792496979
-0.0535912899432
-0.0556804477037
-0.0556804477037
0.0
0.0
0.0
0.0
0.0
0.0
0.0
0.0
-3.55888240234e-05
-3.55888240234e-05
-3.55888240234e-05
-3.55888240234e-05
-3.55888240234e-05
-2.47184026439e-05
-0.000117178889249
-0.000117178889249
0.143005179918
0.138392769657
0.138455189291
0.138455189291
0.135535919241
0.132748291364
0.1308767028
0.1308767028
-0.0507504927049
-0.0565542159636
-0.0566826351694
-0.0566826351694
-0.0546442075012
-0.0574627906122
-0.0585237954706
-0.0585237954706
-0.00536975331091
0.0
0.0
0.0
0.0
0.0
0.0
0.0
-0.00536975331091
0.0
0.0
0.0
0.0
0.0
0.0
0.0
-0.00536975331091
0.0
0.0
0.0
0.0
0.0
0.0
0.0
-0.00536975331091
0.0
0.0
0.0
0.0
0.0
0.0
0.0
-0.00536975331091
0.0
0.0
0.0
0.0
0.0
0.0
0.0
-0.00536975331091
0.0
0.0
0.0
0.0
0.0
0.0
0.0
0.0
0.0
0.0
0.0
0.0
0.0
0.0
0.0
0.0
0.0
0.0
0.0
0.0
0.0
0.0
0.0
0.0
0.0
0.0
0.0
0.0
0.0
0.0
0.0
0.0
0.0
0.0
0.0
0.0
0.0
0.0
0.0
0.0
0.0
0.0
0.0
0.0
0.0
0.0
0.0
-4.9166332375e-05
0.00810773037609
4.44010279047e-05
0.0161351289705
0.00416023065445
-0.000865654675512
0.00124702448994
0.0
0.0
0.0
0.0
0.0
0.0
0.0
0.0
0.0
0.0
-0.000234137993151
0.0
0.000562359845161
0.0
-0.000154290979557
0.0
0.00555007996853
0.0
-0.00107223645378
0.0
0.00142892588591
0.0
-9.47408096889e-05
0.0
0.012017517177
0.0
-0.000936172625958
0.0
0.00175931021302
0.0
-0.000180417931999
0.0
0.0119892122863
0.0
-0.0010432671128
0.0
0.00175759244652
0.0
-0.0004449614296
0.0
0.0124789876603
0.0
-0.000943979698097
0.0
0.0022993613624
0.0
-9.12045417658e-05
0.0
0.0131526469006
0.0
-0.000538652597714
0.0
0.00184488225315
0.0
-4.96131780099e-05
0.0
0.0135979626696
-0.00316501854395
-0.000587101074845
0.0
0.00399049169513
0.0
0.00143032522407
0.0
0.0108508366374
-0.00334666330517
0.0
0.0
0.000562839305801
0.0
-0.000484341497986
0.0
0.0124126619876
-0.00321229303213
0.0
0.0
-0.000122610543048
0.0
-8.08974193223e-05
0.0
0.0134133997778
-0.00379012298122
-0.00523110749102
-0.0024308788545
0.000907302472985
0.0
0.000509273409851
0.0
0.012363393594
-0.00321847494602
-0.00151288837366
-0.00260530483198
0.0
0.0
-5.66235057763e-05
0.0
0.0113653755748
-0.0019840878559
-0.000867544470616
-0.000414272531722
0.0
0.0
-0.000275868424212
0.0
0.013287787167
0.00487717730059
-0.000112038304971
-0.000874187820336
-0.00470134900003
0.000571273704262
0.000122952295954
0.0
0.0102250332604
0.00513498378504
0.0
-0.00108343248164
-0.00221597023998
0.000246219469942
0.0
0.0
0.0106018934934
0.00581709303087
0.0
-0.00234831186297
-0.000578991107306
-5.68550954294e-05
0.0
0.0
0.00325626655707
0.00538906439452
0.0265565271314
0.00376024254169
-0.00075454634494
-0.00117889150254
-0.00121416842978
0.00147841138165
0.00414461779965
-0.00124829270184
0.0241467737056
0.00459297722486
0.0
-0.00117889150254
0.000165116373409
0.00134011964854
0.0
-0.00115877439589
0.0103006328441
0.00430581247878
0.0
0.0012467021593
0.000532598919838
0.000230225057745
0.0
0.000509803094649
0.00973448193362
-0.00345454076049
0.0268310474102
0.00684840747564
0.00105645148665
0.000512116278054
0.0
0.000301747233968
0.0
-0.00340627772774
0.0204648344958
0.00674226826406
0.0
0.000512116278054
0.0
0.00183420147694
0.0
-0.00329213543595
-0.0014714112448
0.000322756072649
0.0
0.0
0.0
-0.00524754220602
0.00779568805867
0.00262951677646
0.0
-0.000617317082436
0.00150943600982
0.0
0.0
-0.00504488174554
0.0149106680928
0.00297402508
0.0
-0.000609215513512
0.0
0.0
0.0
0.00368183637845
0.0
0.0
0.0
2.36715500846e-05
0.0
0.0
0.0
-0.000561558901221
0.0
-0.00223757629903
-0.00151279906726
0.0
0.0
0.0
0.0
-0.00225370283545
0.0
-0.00246221123045
-0.00099514729434
0.0
0.0
0.0
0.0
-6.64024567669e-05
0.0
-0.00180061343844
0.0
0.0
0.0
0.0
0.0
-0.00153326992543
0.000677002037143
-0.000982783322899
0.0
0.0
0.0
0.0
0.0
-0.00183757115328
-0.000301515781403
0.0
0.0
0.0
0.0
0.0
0.0
-0.00193289441091
0.000110864512839
0.0
0.0
0.0
0.0
0.0
0.0
-0.00305467185196
0.0
0.0
0.0
0.0
0.0
0.0
0.0
0.000691719282834
0.0
0.0
0.0
0.0
0.0
0.0
0.0
0.0
0.0
0.0
0.0
0.0
0.0
0.0
0.0
0.0
0.0
0.0
0.0
0.0
0.0
0.0
0.0
0.0
0.0
-0.000557205125034
0.0
0.0
0.0
-0.000557205125034
0.0
0.0
0.0
0.0
0.0
0.0
0.0
0.0
0.0
0.0
0.0
0.0
0.0
0.0
0.0
0.0
0.0
0.0
0.0
0.0
0.0
0.0
0.0
0.0
0.0
0.0
0.0
0.0
0.0
0.0
0.0
0.0
0.0
-0.0153853193651
-0.0153853193651
-0.0153853193651
-0.0153853193651
-0.0153853193651
-0.0153853193651
-0.0153853193651
-0.0153853193651
0.0
0.0
0.0
0.0
0.0
0.0
0.0
0.0
0.0
0.0
0.0
0.0
0.0
0.0
0.0
0.0
0.0
0.0
0.0
0.0
0.0
0.0
0.0
0.0
0.0
0.0
0.0
0.0
0.0
0.0
0.0
0.0
0.0
0.0
-0.0151836632784
0.0
0.0
0.0
0.0
0.0
0.0
0.0
0.0
0.0
0.0
0.0
0.0
0.0
0.0
0.0
0.0
0.0
0.0
0.0
0.0
0.0
0.0
0.0
0.0
0.0
0.0
0.0
0.0
0.0
0.0
0.0
0.0
0.0
0.0
0.0
0.0
0.0
0.0
0.0
0.0
0.0
0.0
0.0
0.0
0.0
0.0
0.0
0.0
0.0
0.0
0.0
0.0
0.0
0.0
0.0
0.0
0.0
0.0
0.0
0.0
0.0
0.0
0.0
0.0
0.0
0.0
0.0
0.0
0.0
0.0
0.0
0.0
0.0
0.0
0.0
0.0
0.0
-0.000113031169519
-0.00216070133518
0.0
0.0
0.0
0.0
0.0
0.0
0.0
0.0
0.0
0.0
0.0
0.0
0.0
0.0
0.0
0.0
0.0
0.0
0.0
0.0
0.0
0.0
0.0
0.0
0.0
0.0
0.0
0.0
0.0
0.0
0.0
0.0
0.0
0.0
0.0
0.0
0.0
0.0
0.0
0.0
0.0
0.0
0.0
0.0
0.0
0.0
0.0
0.0
0.0
0.0
0.0
0.0
0.0
0.0
0.0
0.0
0.0
0.0
0.0
0.0
0.0
0.0
0.0
0.0
0.0
0.0
0.0
0.0
0.0
0.0
0.0
0.0
0.0
0.0
0.0
0.0
0.0
0.0
0.0
0.0
0.0
0.0
0.0
0.0
0.0
0.0
0.0
0.0
0.0
0.0
0.0
-0.000832991712053
-0.000237673866931
-0.000131433463381
0.0
0.0
0.0
0.0
0.0
0.0
0.0
0.0
0.0
0.0
0.0
0.0
0.0
0.0
0.0
0.0
0.0
0.0
0.0
0.0
0.0
0.0
0.0
0.0
0.0
0.0
0.0
0.0
0.0
0.0
0.0
0.0
0.0
0.0
0.0
0.0
0.0
0.0
0.0
0.0
-0.0101587563556
-0.00590690055307
-0.00546082918195
-0.00542358428718
-0.00177442961946
0.000435472594996
0.0
0.0
0.0
0.0
0.0
0.0
0.0
0.0
0.0
0.0
-0.0130768402091
-0.0105237489663
0.00481235991651
0.00909503718189
0.00882068135206
0.0
0.0
0.0
-0.00574183253739
-0.00330539169083
-0.00175517763274
-0.00302040192921
0.0
0.0
0.0
0.0
0.0
0.0
0.0
0.0
0.0
0.0
0.0
0.0
0.0
0.0
0.0
0.0
0.0
0.0
0.0
0.0
0.0
0.0
0.0
0.0
0.0
0.0
0.0
0.0
0.0
0.0
-5.3577098343e-05
-0.00184541549688
-0.00188799585942
0.0
0.0
0.0
0.0
0.0
0.0
0.0
0.0
-0.000390552650365
0.0
0.0
0.0
0.0
0.0
0.0
0.0
0.0
0.0
0.0
0.0
0.0
0.0
0.0
0.0
0.0
0.0
0.0
0.0
0.0
0.0
0.0
0.0
0.0
0.0
0.0
0.0
0.0
0.0
0.0
0.0
0.0
0.0
0.0
0.0
0.0
0.0
0.0
0.0
0.0
0.0
0.0
0.00302273101248
0.00531502873875
0.00462414314612
0.00515138017656
0.00408464909335
0.00483187239475
0.00269067598848
0.00269067598848
0.0115403540214
0.0215084563623
0.0043003628186
0.00396203733763
0.0155131257226
0.000729781139238
0.000729781139238
0.000729781139238
-0.00290345352477
0.00619259686742
-0.00634173233692
-0.0048319805719
0.00699826406602
0.00283056695905
0.00283056695905
0.00283056695905
-0.000834116835344
0.00661136192549
0.000726651648646
0.00688444804543
0.0
0.0
0.0
0.0
0.0256051086497
0.00389407258257
0.0041183874729
0.00649832490136
0.00604128808017
0.00211704177002
0.00211704177002
0.00211704177002
-0.00734986275801
-0.00619228725442
0.0114641113084
-0.00147962144603
0.00626665766664
0.0059868415382
0.0059868415382
0.0059868415382
-0.00284439518739
-0.0113577696717
-0.0105795533032
-0.00197719623603
0.0
0.0
0.0
0.0
0.000361210630916
-0.00272937358829
0.0135151139828
0.0
0.0
0.0
0.0
0.0
0.00187859176413
0.00349996463138
0.00661844840859
-0.000940019279391
0.00782652708611
0.00535863591437
0.00535863591437
0.00535863591437
-0.0102405637351
-0.0140665245299
-0.00972625944082
0.0041440682259
0.0054369037063
0.0054369037063
0.0054369037063
0.0054369037063
-0.00040168422096
-0.000369662209642
-0.000555126030331
0.00897451703555
0.00897451703555
0.00897451703555
0.00897451703555
0.00897451703555
0.00214286356545
0.0154800789717
0.0229034910115
0.00548197294411
0.00548197294411
0.00548197294411
0.00548197294411
0.00548197294411
-0.00248617715339
0.0122545855584
-0.00472593320444
0.0157132881337
0.0157132881337
0.0157132881337
0.0157132881337
0.0157132881337
0.00208542926051
0.00580773455274
-0.00988910793192
-0.00988910793192
-0.00988910793192
-0.00988910793192
-0.00988910793192
-0.00988910793192
-4.69414834907e-05
0.0206681837968
0.00796657064511
0.00796657064511
0.00796657064511
0.00796657064511
0.00796657064511
0.00796657064511
-0.00316987439849
-0.00416073791762
0.0156542166235
0.0156542166235
0.0156542166235
0.0156542166235
0.0156542166235
0.0156542166235
-0.0026472399035
-0.0126843581084
-0.0126843581084
-0.0126843581084
-0.0126843581084
-0.0126843581084
-0.0126843581084
-0.0126843581084
-0.0016143319396
-0.00889598520559
-0.00889598520559
-0.00889598520559
-0.00889598520559
-0.00889598520559
-0.00889598520559
-0.00889598520559
0.000188181114909
0.00829415295007
0.00829415295007
0.00829415295007
0.00829415295007
0.00829415295007
0.00829415295007
0.00829415295007
-0.00825062122752
0.0133298473567
0.0133298473567
0.0133298473567
0.0133298473567
0.0133298473567
0.0133298473567
0.0133298473567
0.00421497344113
0.00521332811751
0.00568022602149
0.00568022602149
0.00552366210757
0.00562411519381
0.00568022602149
0.00568022602149
0.00136866007425
0.00136866007425
0.00136866007425
0.00136866007425
0.00136866007425
0.00271636785145
0.00136866007425
0.00136866007425
0.0127021440217
0.0132472230463
0.0132472230463
0.0132472230463
0.0130723549992
0.0116951197463
0.0132472230463
0.0132472230463
-0.00987320021864
-0.0102328058665
-0.00987320021864
-0.00987320021864
-0.00987320021864
-0.00733391424351
-0.00987320021864
-0.00987320021864
0.00334521396116
0.00240065161401
0.00334521396116
0.00334521396116
0.00334521396116
0.00334621848714
0.00334521396116
0.00334521396116
0.0141229583429
0.0131515707703
0.0142887377193
0.0142887377193
0.0142887377193
0.0138591882805
0.0142887377193
0.0142887377193
-0.0103667350824
-0.0108272447965
-0.0108272447965
-0.0108272447965
-0.0108272447965
-0.000750105187012
-0.0108272447965
-0.0108272447965
-0.00964072070165
-0.00875636848195
-0.00875636848195
-0.00875636848195
-0.00875636848195
-0.00876171414839
-0.00875636848195
-0.00875636848195
0.00338424285256
0.00418946336155
0.00418946336155
0.00418946336155
0.00418316388521
0.0042516789462
0.00418946336155
0.00418946336155
0.00979992798393
0.0129875213605
0.0129875213605
0.0129875213605
0.0129875213605
0.0122980116093
0.0129875213605
0.0129875213605
0.0
0.0
0.0
-0.0153853193651
0.0
0.0
0.0
0.0
0.0
0.0
0.0
-0.0153853193651
0.0
0.0
0.0
0.0
0.0
0.0
0.0
0.0
0.0
0.0
0.0
0.0
0.0
0.0
0.0
0.0
0.0
0.0
0.0
0.0
0.0
0.0
0.0
-0.0153853193651
0.0
0.0
0.0
0.0
0.0
0.0
0.0
0.0
0.0
0.0
0.0
0.0
0.0
0.0
0.0
0.0
0.0
0.0
0.0
0.0
0.0
0.0
0.0
0.0
0.0
0.0
0.0
0.0
0.0
0.0
0.0
0.0
0.0
0.0
0.0
0.0
0.0
0.0
0.0
0.0
0.0
0.0
0.0
0.0
0.0
0.0
0.0
-0.0153853193651
0.0
0.0
0.0
0.0
-5.05459726482e-05
-0.00174903762342
-0.00191540600137
-0.00173102162144
-0.000591001625134
-0.000324241699937
-0.000262749437524
0.0
0.0
0.0
0.0
0.0
0.0
0.0
0.0
0.0
0.0
-0.00556278881305
0.0
-0.00985844424726
0.0
-0.00320181328288
0.0
0.00550737216361
0.0
-0.00485575229061
0.0
-0.00985844424726
0.0
-0.00237817172309
0.0
0.00550737216361
0.0
-0.000234137993151
0.0
-0.000108201262768
0.0
-0.000144651413914
0.0
-0.000198457548371
0.0
-0.00134815842414
0.0
-0.000463491489171
0.0
-0.0014002119408
0.0
0.000180725203559
0.0
-0.000274142116279
0.0
-5.00585053018e-05
0.0
-0.000180659102578
0.0
0.000109257539247
0.0
-0.00029264973243
0.0
-0.000116796287212
0.0
-0.000329825322381
0.0
0.000239569699992
-0.0108088735069
-0.00028245293466
0.0
-2.36938622667e-05
0.0
-0.000120255478433
0.0
0.000162709434346
-0.0126757278848
-0.0107108594494
0.0
-0.000453979206363
0.0
-0.000164474263136
0.0
0.000249447483616
-0.00960506460638
-0.0106500038962
0.0
0.00211663721349
0.0
0.00142965721273
0.0
5.59096442421e-05
-0.00665105196107
-0.0026617302136
-0.00450856235563
-0.000381518483099
0.0
-0.000379458799546
0.0
0.00165930156933
-0.00888613852635
-0.00418497795348
-0.00400991649045
-0.00320897675561
0.0
-5.41816923035e-05
0.0
0.00141443873356
-0.0130685923825
-0.00391661063189
-0.000227500034092
-0.00273792184951
0.0
0.000395279975917
0.0
0.000860944751827
0.0041683796673
-0.00196910955818
0.00033863370223
0.00033053233416
-0.00449791960932
-5.03267955082e-05
0.0
0.000295823632142
0.00778124635207
0.00172137055307
0.000898531192511
-0.000484795551596
-0.00412881700429
-0.00215985521318
0.0
0.00397319671955
0.0155038851314
0.00172647081032
-0.00426278838396
-0.00184052158883
-0.00160795237961
-0.00213291393294
0.0
0.00280881940001
0.0145345147445
0.00395193537911
0.0170396959771
-0.00304982379487
-0.000272544395468
0.000651603132584
-0.00165816359115
0.00591810606621
0.000153965859091
0.00396630742534
0.0193891057862
0.00493075879636
-0.000272544395468
0.000946790878666
-0.000694305334557
0.000532130619723
-0.00034188435222
0.00778455607984
0.0155003249273
0.00488198848468
-9.05501283177e-06
-0.0004279211051
0.00104218951601
0.00335150029978
-0.00155900291042
0.00791826933871
-0.00039181876243
0.00369552203569
0.0169531178417
-3.16636022359e-05
0.00133394702938
0.0
-0.0017819606615
-0.000476939613377
-0.000333816619088
0.00690750469952
0.0171953110063
0.0130670817006
0.00133394702938
0.0
-0.00192384042665
-0.000492479643622
0.00176062715152
-0.000142171959395
-0.00139246427697
0.0130863174538
0.0
0.0
-0.000605633122913
0.000844574416806
0.000931521161111
0.0
-0.00165614446144
-0.000176268658242
0.0
0.0
-0.000121792964602
-0.000102608728199
0.000727960256829
0.00699840789626
-0.00168804064019
0.0
0.0
0.0
0.00154666336662
0.0
0.0
0.00695566952736
-0.00108971983854
0.0
0.0
0.0
-0.0027149569424
0.0
0.00057273259364
-0.0018934139013
0.0
0.0
0.0
0.0
-0.00197797756951
-0.00299793885182
0.000563567437921
-0.00107228112731
0.0
0.0
0.0
0.0
-5.39348808227e-05
-0.00304771631322
-0.000443178030142
0.0
0.0
0.0
0.0
0.0
-0.000293990628311
-0.00190073089201
-5.68108874254e-05
0.0
0.0
0.0
0.0
0.0
-9.3973788045e-05
-0.00341010825204
0.0
0.0
0.0
0.0
0.0
0.0
0.00143968047278
0.000457241420679
0.0
0.0
0.0
0.0
0.0
0.0
0.00372337097159
0.0
0.0
0.0
0.0
0.0
0.0
0.0
0.00337729612109
0.0
0.0
0.0
0.0
0.0
0.0
0.0
0.0
0.0
0.0
0.0
0.0
0.0
0.0
0.0
0.0
0.0
0.0
0.0
0.0
0.0
0.0
0.0
0.0
-0.000237673866931
-0.000764179279579
-0.0106337272492
-0.0106090818802
-0.00786576802294
-0.000764179279579
-0.00786576802294
0.0
0.0
0.0
0.0
0.0
0.0
0.0
0.0
0.0
-0.00265560516913
0.0
0.0
0.0
0.0
0.0
0.0
0.0
0.0
0.0
0.0
0.0
0.0
0.0
0.0
