0.0
0.0
0.0
0.0
0.0
0.0
0.0
0.0
0.0
0.0
0.0
0.0
0.0
0.0
0.0
0.0
0.0
0.0
0.0
0.0
0.0
0.0
0.0
0.0
0.0
0.0
0.0
0.0
0.0
0.0
0.0
0.0
0.0
0.0
0.0
0.0
0.0
0.0
0.0
0.0
0.0
0.0
0.0
0.0
0.0
0.0
0.0
0.0
0.0
0.0
0.0
-0.0404351509947
-0.0117771241005
1.11022302463e-16
1.38777878078e-17
0.0
3.46944695195e-18
-4.33680868994e-19
0.0
-1.69406589451e-21
5.29395592034e-23
2.48154183766e-24
0.0
1.61558713389e-27
-2.52435489671e-29
-3.94430452611e-31
0.0
0.0
0.0
0.0
0.0
0.0
0.0
0.0
0.0
0.0
0.0
0.0
0.0
0.0
0.0
0.0
0.0
0.0
0.0
0.0
0.0
0.0
0.0
0.0
0.0
0.0
0.0
0.0
0.0
0.0
0.0
0.0
0.0
0.0
0.0
0.0
0.0
0.0
0.0
0.0
0.0
0.0
0.0
0.0
0.0
0.0
0.0
0.0
0.0
0.0
0.0
0.0
0.0
0.0
0.0
0.0
0.0
0.0
0.0
0.0
0.0
0.0
0.0
0.0
0.0
0.0
0.0
0.0
0.0
0.0
0.0
0.0
0.0
0.0
0.0
0.0
0.0
0.0
0.0
0.0
0.0
0.0
0.0
0.0
0.0
0.0
0.0
0.0
-0.00126691557723
0.000641469369887
6.27536923139e-05
0.0
0.0
0.0
0.0
0.0
0.0
0.0
0.0
0.0
0.0
0.0
-0.00404704254935
0.0
-0.000147642143763
0.000880143622375
0.000199827846402
0.000928079215338
0.0
0.0
0.0
0.0
0.0
0.0
0.0
0.0
0.0
0.0
-0.000159759072148
0.000316363548853
-0.000481927788008
-4.51866141667e-05
0.000234752941896
0.0
0.0
0.0
0.0
0.0
0.0
0.0
0.0
0.0
0.0
0.0
-0.0405202335223
-0.015619564452
0.0
0.0
0.0
0.0
0.0
0.0
0.0
0.0
0.0
0.0
0.0
0.0
0.0
0.0
0.0
0.0
0.0
0.0
0.0
0.00125321587675
-0.00478595572142
-0.0027606119815
0.0
0.0
0.0
0.0
0.0
0.0
0.0
0.0
0.0
0.0
0.0
0.0
0.0
0.0
0.0
0.0
0.0
0.0
0.0
0.0
0.0
0.0
0.0
0.0
0.0
0.0
0.0
0.0
0.0
0.0
0.0
0.0
0.0
0.0
0.0
0.0
0.0
0.0
0.0
0.0
0.0
-0.000159759072148
-0.00126691557723
-0.00193111641464
-0.00404704254935
-0.000286978062391
2.25382750484e-05
0.0
0.0
0.0
0.0
0.0
0.0
0.0
0.0
0.0
0.0
0.000442974569266
0.00128092024602
0.00697430591287
0.00583439479193
0.0
0.0
0.0
0.0
0.0
6.27536923139e-05
-0.000159759072148
0.000234752941896
0.0
0.0
0.0
0.0
0.0
0.0
0.0
0.0
0.0
0.0
0.0
0.0
0.0
0.0
0.0
0.0
0.0
0.0
0.0
0.0
0.0
0.0
0.0
0.0
0.0
0.0
0.0
0.0
0.0
8.93605531814e-05
0.000178033901583
0.000254742016887
0.0
0.0
0.0
0.0
0.0
0.0
0.0
0.0
0.000872166928863
0.0
0.0
0.0
0.0
0.0
0.0
0.0
0.0
0.0
0.0
0.0
0.0
0.0
0.0
0.0
0.0
0.0
0.0
-0.0399025555821
0.0
0.0
0.0
0.0
0.0
-0.0117771241005
-0.0103119710183
0.0
0.0
0.0
0.0
0.0
0.0
0.0
0.0
0.0
0.0
0.0
0.0
0.0
0.0
0.0
0.0
0.000672126080583
0.000745189530065
0.00224545308905
0.00273039212509
0.0
0.00261494851698
0.00451414390917
0.00451414390917
0.0
0.0
0.000635300203987
0.000597838638041
0.0
0.000141914544606
0.000141914544606
0.000141914544606
0.0
0.0105840301324
0.0
0.0
0.00485409527683
0.000994747162807
0.000994747162807
0.000994747162807
0.00376776205574
0.0
0.0
0.00826810053914
0.0
0.0
0.0
0.0
0.00363242317079
0.00348293045448
0.00109250695616
0.000376273770425
0.0
0.00273699488017
0.00273699488017
0.00273699488017
0.00568762073016
0.0
0.011430408559
0.0
0.00602487242763
0.00546375579789
0.00546375579789
0.00546375579789
0.0
9.16314736862e-05
9.16314736862e-05
0.0
0.0
0.0
0.0
0.0
0.0
0.0
0.010814588219
0.0
0.0
0.0
0.0
0.0
0.0
0.000633887082144
0.0
0.0
0.00629159519255
0.00263086846231
0.00263086846231
0.00263086846231
0.0
0.0
0.0
0.00480898958537
0.00310886947884
0.00310886947884
0.00310886947884
0.00310886947884
0.0
0.0
0.0
0.000734070559215
0.000734070559215
0.000734070559215
0.000734070559215
0.000734070559215
0.0
0.00109704473839
0.0
0.00116681082837
0.00116681082837
0.00116681082837
0.00116681082837
0.00116681082837
0.0
0.0132637679659
0.0
0.013278219325
0.013278219325
0.013278219325
0.013278219325
0.013278219325
0.0
0.0
0.000119944671907
0.000119944671907
0.000119944671907
0.000119944671907
0.000119944671907
0.000119944671907
0.0
0.0
0.000376273770425
0.000376273770425
0.000376273770425
0.000376273770425
0.000376273770425
0.000376273770425
0.0
0.0
0.0136301451561
0.0136301451561
0.0136301451561
0.0136301451561
0.0136301451561
0.0136301451561
0.0
0.0
0.0
0.0
0.0
0.0
0.0
0.0
0.0
0.000123539264297
0.000123539264297
0.000123539264297
0.000123539264297
0.000123539264297
0.000123539264297
0.000123539264297
0.0
0.000542363589656
0.000542363589656
0.000542363589656
0.000542363589656
0.000542363589656
0.000542363589656
0.000542363589656
0.0
0.011862254915
0.011862254915
0.011862254915
0.011862254915
0.011862254915
0.011862254915
0.011862254915
0.0112702971526
0.012217701106
0.0123509657884
0.0123509657884
0.0115125404038
0.0115249054182
0.0115892017149
0.0115892017149
0.014518572516
0.0144291566166
0.0144608238296
0.0144608238296
0.0144122195079
0.0142081453062
0.0142135973498
0.0142135973498
0.0116738595022
0.011743659551
0.0117674662949
0.0117674662949
0.0114092944423
0.0116313768919
0.0117640921096
0.0117640921096
9.92758941938e-05
0.000232051971171
9.92758941938e-05
9.92758941938e-05
0.000135114910718
0.000151021964399
0.000181161282972
0.000181161282972
0.0152969730217
0.0150588874767
0.0153239873634
0.0153239873634
0.015378146987
0.0151393215964
0.0150543193279
0.0150543193279
0.0122385791454
0.0118059514091
0.0123398499235
0.0123398499235
0.0117717804305
0.0118660032731
0.0119450462193
0.0119450462193
0.0
0.0
0.0
0.0
0.0
0.0
0.0
0.0
0.000113918840399
0.000113918840399
0.000113918840399
0.000113918840399
0.000113918840399
0.000168178994649
0.00015857635548
0.00015857635548
0.0145949049925
0.0151443812579
0.0151170563045
0.0151170563045
0.0150893862744
0.0150856861322
0.015110979286
0.015110979286
0.0109123919363
0.0110044664632
0.0110092688529
0.0110092688529
0.0107727479464
0.010902869132
0.0109639833367
0.0109639833367
-0.00995998510392
0.0
0.0
0.0
0.0
0.0
0.0
0.0
-0.00995998510392
0.0
0.0
0.0
0.0
0.0
0.0
0.0
-0.00995998510392
0.0
0.0
0.0
0.0
0.0
0.0
0.0
-0.00995998510392
0.0
0.0
0.0
0.0
0.0
0.0
0.0
-0.00995998510392
0.0
0.0
0.0
0.0
0.0
0.0
0.0
-0.00995998510392
0.0
0.0
0.0
0.0
0.0
0.0
0.0
0.0
0.0
0.0
0.0
0.0
0.0
0.0
0.0
0.0
0.0
0.0
0.0
0.0
0.0
0.0
0.0
0.0
0.0
0.0
0.0
0.0
0.0
0.0
0.0
0.0
0.0
0.0
0.0
0.0
0.0
0.0
0.0
0.0
0.0
0.0
0.0
0.0
0.0
0.0
0.0
9.48162717393e-05
0.00576384066535
0.00418970411634
0.00351294099237
0.00224270575375
0.000815739894242
0.000724056320409
0.0
0.0
0.0
0.0
0.0
0.0
0.0
0.0
0.0
0.0
0.000309628550917
0.0
0.00056794910682
0.0
0.000201745788593
0.0
0.00113175652242
0.0
0.000323762123983
0.0
0.000963213653373
0.0
-7.49692656852e-05
0.0
0.00136418744456
0.0
0.000481664527983
0.0
0.000822126095145
0.0
0.000177060661377
0.0
0.00151240012712
0.0
0.000425040826365
0.0
0.000423610748563
0.0
0.000184644840503
0.0
0.00120693756406
0.0
0.000484487586608
0.0
0.00102583392957
0.0
0.000171663540048
0.0
0.00157831662355
0.0
0.000277868009961
0.0
0.00108610174852
0.0
-8.17414231578e-05
0.0
0.00146135472613
0.000654555293059
0.000446029619668
0.0
0.000770021346381
0.0
0.000256696191287
0.0
0.0014462061126
0.000745709177084
0.0
0.0
0.000737396300665
0.0
0.000212093150762
0.0
0.000828539963097
0.00106493259847
0.0
0.0
0.000778179456276
0.0
7.02859626717e-05
0.0
0.00166691859116
0.000847296530052
0.00109066812109
0.000960398684053
0.00106109602033
0.0
-0.000180930069363
0.0
0.00134518843539
0.000709396606174
0.000165414584245
0.00108046362643
0.0
0.0
0.000187352837742
0.0
0.00157472167959
0.000759170756752
0.000399969412321
0.000732909073254
0.0
0.0
0.000218215125008
0.0
0.00127536080693
0.0021645883573
0.000251540798133
0.000494483392053
0.00133861295221
0.000768740287555
0.000292247492705
0.0
0.0014279006883
0.00217239747182
0.0
0.000490371442789
0.00103155714383
0.000944789518026
0.0
0.0
0.00127768913406
0.00179940377743
0.0
0.000675519914783
0.000637363568823
0.000647874831579
0.0
0.0
0.00110635566295
0.0018806496587
0.00243906115368
0.00222034922141
0.000821280620768
0.000581600251713
0.000746997367294
0.000443793540455
0.00144146904152
0.000617457223199
0.00187450113352
0.00212305758611
0.0
0.000581600251713
0.000546006183467
0.000495595609842
0.0
0.000316145994242
0.000711783539897
0.0018787049852
0.0
0.000500924322722
0.000159412790567
0.000230717814218
0.0
0.00362256428149
0.000784937390796
0.00121127693162
0.00303260382961
0.00218928549738
0.000178583756087
0.000539558366518
0.0
0.00364880389505
0.0
0.00120839126849
0.00191126002372
0.00213574813543
0.0
0.000539558366518
0.0
0.0035257618588
0.0
0.00113893167814
0.000439512589533
0.000153228696682
0.0
0.0
0.0
0.00104561798771
0.00405755937787
0.00376790984443
0.0
0.000759741616969
0.000350033945224
0.0
0.0
0.00112826345451
0.00168791119816
0.00366818611778
0.0
0.000765012512538
0.0
0.0
0.0
0.00163402905609
0.0
0.0
0.0
0.000461886687175
0.0
0.0
0.0
0.00393811847715
0.0
0.000561109124593
0.00056368707457
0.0
0.0
0.0
0.0
0.00367078705759
0.0
0.000564373386514
0.000216363878172
0.0
0.0
0.0
0.0
0.000100120374717
0.0
-0.000182329137784
0.0
0.0
0.0
0.0
0.0
0.000884081067077
0.000262263666213
0.000309005288224
0.0
0.0
0.0
0.0
0.0
0.000955837947408
-0.000128962444957
0.0
0.0
0.0
0.0
0.0
0.0
0.000957673145936
-3.92194108567e-05
0.0
0.0
0.0
0.0
0.0
0.0
0.000781336910031
0.0
0.0
0.0
0.0
0.0
0.0
0.0
0.000574690505622
0.0
0.0
0.0
0.0
0.0
0.0
0.0
0.0
0.0
0.0
0.0
0.0
0.0
0.0
0.0
0.0
0.0
0.0
0.0
0.0
0.0
0.0
0.0
0.0
0.0
0.00122721869637
0.0
0.0
0.0
0.00122721869637
0.0
0.0
0.0
0.0
0.0
0.0
0.0
0.0
0.0
0.0
0.0
0.0
0.0
0.0
0.0
0.0
0.0
0.0
0.0
0.0
0.0
0.0
0.0
0.0
0.0
0.0
0.0
0.0
0.0
0.0
0.0
0.0
0.0
-0.0407973672509
-0.0407973672509
-0.0407973672509
-0.0407973672509
-0.0407973672509
-0.0407973672509
-0.0407973672509
-0.0407973672509
0.0
0.0
0.0
0.0
0.0
0.0
0.0
0.0
0.0
0.0
0.0
0.0
0.0
0.0
0.0
0.0
0.0
0.0
0.0
0.0
0.0
0.0
0.0
0.0
0.0
0.0
0.0
0.0
0.0
0.0
0.0
0.0
0.0
0.0
-0.0414266626337
0.0
0.0
0.0
0.0
0.0
0.0
0.0
0.0
0.0
0.0
0.0
0.0
0.0
0.0
0.0
0.0
0.0
0.0
0.0
0.0
0.0
0.0
0.0
0.0
0.0
0.0
0.0
0.0
0.0
0.0
0.0
0.0
0.0
0.0
0.0
0.0
0.0
0.0
0.0
0.0
0.0
0.0
0.0
0.0
0.0
0.0
0.0
0.0
0.0
0.0
0.0
0.0
0.0
0.0
0.0
0.0
0.0
0.0
0.0
0.0
0.0
0.0
0.0
0.0
0.0
0.0
0.0
0.0
0.0
0.0
0.0
0.0
0.0
0.0
0.0
0.0
0.0
0.000199827846402
0.00380280005688
0.0
0.0
0.0
0.0
0.0
0.0
0.0
0.0
0.0
0.0
0.0
0.0
0.0
0.0
0.0
0.0
0.0
0.0
0.0
0.0
0.0
0.0
0.0
0.0
0.0
0.0
0.0
0.0
0.0
0.0
0.0
0.0
0.0
0.0
0.0
0.0
0.0
0.0
0.0
0.0
0.0
0.0
0.0
0.0
0.0
0.0
0.0
0.0
0.0
0.0
0.0
0.0
0.0
0.0
0.0
0.0
0.0
0.0
0.0
0.0
0.0
0.0
0.0
0.0
0.0
0.0
0.0
0.0
0.0
0.0
0.0
0.0
0.0
0.0
0.0
0.0
0.0
0.0
0.0
0.0
0.0
0.0
0.0
0.0
0.0
0.0
0.0
0.0
0.0
0.0
0.0
-0.002761227482
-9.63108946375e-05
-0.00790697571754
0.0
0.0
0.0
0.0
0.0
0.0
0.0
0.0
0.0
0.0
0.0
0.0
0.0
0.0
0.0
0.0
0.0
0.0
0.0
0.0
0.0
0.0
0.0
0.0
0.0
0.0
0.0
0.0
0.0
0.0
0.0
0.0
0.0
0.0
0.0
0.0
0.0
0.0
0.0
0.0
-0.0555940622568
-0.053245367158
-0.0610339548843
-0.0429992339236
-0.0479009189821
-0.0105292949549
0.0
0.0
0.0
0.0
0.0
0.0
0.0
0.0
0.0
0.0
-0.0796913779964
-0.10854054358
-0.114859806786
-0.0476411215362
-0.0416896908717
0.0
0.0
0.0
-0.0639294194309
-0.047208781769
-0.0311982714763
-0.0165788876985
0.0
0.0
0.0
0.0
0.0
0.0
0.0
0.0
0.0
0.0
0.0
0.0
0.0
0.0
0.0
0.0
0.0
0.0
0.0
0.0
0.0
0.0
0.0
0.0
0.0
0.0
0.0
0.0
0.0
0.0
9.15667687792e-05
-0.0233264651802
-0.0117173763287
0.0
0.0
0.0
0.0
0.0
0.0
0.0
0.0
0.00068848765287
0.0
0.0
0.0
0.0
0.0
0.0
0.0
0.0
0.0
0.0
0.0
0.0
0.0
0.0
0.0
0.0
0.0
0.0
0.0
0.0
0.0
0.0
0.0
0.0
0.0
0.0
0.0
0.0
0.0
0.0
0.0
0.0
0.0
0.0
0.0
0.0
0.0
0.0
0.0
0.0
0.0
0.0
-0.0274447502996
-0.036843051796
-0.042676199876
-0.057655322761
0.00138151850248
-0.0846013444056
-0.0768457278074
-0.0768457278074
0.00357165881357
0.00315284913618
-0.105855200664
-0.106555078603
0.0010193343512
-0.00546803026698
-0.00546803026698
-0.00546803026698
0.00136766609282
-0.0381565873722
0.00101602993614
0.000915952766393
-0.0301391350267
-0.0148645511998
-0.0148645511998
-0.0148645511998
0.00489118329815
0.00404361209731
0.00343567118498
-0.0712140652012
0.0
0.0
0.0
0.0
0.00278848386372
-0.0306575581839
-0.108980362718
-0.124225172286
0.00213296952759
-0.00954554646748
-0.00954554646748
-0.00954554646748
-0.00697676803668
0.00156221089333
-0.0531703779249
0.000692628042238
-0.0330704202969
-0.0316857916652
-0.0316857916652
-0.0316857916652
0.00455446777895
-0.0821230997312
-0.0651657883926
0.00318631252523
0.0
0.0
0.0
0.0
0.00390579261209
0.00313569139991
-0.0615421968959
0.0
0.0
0.0
0.0
0.0
0.00224083689074
-0.0994475272367
0.00197928921109
0.000431651776162
-0.0334265713042
-0.0217748328102
-0.0217748328102
-0.0217748328102
0.00147900275956
0.00169905402815
0.00121010677109
-0.0215020094516
-0.0195298274847
-0.0195298274847
-0.0195298274847
-0.0195298274847
0.00143317714746
0.000636075061154
0.000582566563638
-0.0983410275761
-0.0983410275761
-0.0983410275761
-0.0983410275761
-0.0983410275761
0.00305073526604
-0.0868932270547
0.0029201251455
-0.12318269561
-0.12318269561
-0.12318269561
-0.12318269561
-0.12318269561
0.00152110341391
-0.0556221201824
0.00121908188494
-0.072497095397
-0.072497095397
-0.072497095397
-0.072497095397
-0.072497095397
0.00500939629732
0.0038336926825
-0.119348531683
-0.119348531683
-0.119348531683
-0.119348531683
-0.119348531683
-0.119348531683
0.00245029356094
0.00199239634477
-0.12944223475
-0.12944223475
-0.12944223475
-0.12944223475
-0.12944223475
-0.12944223475
0.00135599974838
0.0012938656271
-0.070851073143
-0.070851073143
-0.070851073143
-0.070851073143
-0.070851073143
-0.070851073143
0.00391027780747
-0.104990070943
-0.104990070943
-0.104990070943
-0.104990070943
-0.104990070943
-0.104990070943
-0.104990070943
0.0035013423043
-0.121974821736
-0.121974821736
-0.121974821736
-0.121974821736
-0.121974821736
-0.121974821736
-0.121974821736
0.00188800383905
-0.129330157168
-0.129330157168
-0.129330157168
-0.129330157168
-0.129330157168
-0.129330157168
-0.129330157168
0.00124376514566
-0.0611169432955
-0.0611169432955
-0.0611169432955
-0.0611169432955
-0.0611169432955
-0.0611169432955
-0.0611169432955
0.0209388553234
0.022875315834
0.023249767668
0.023249767668
0.0226590840429
0.022637787535
0.023249767668
0.023249767668
0.0297879694345
0.0297879694345
0.0297879694345
0.0297879694345
0.0297879694345
0.026189829261
0.0297879694345
0.0297879694345
0.0155642929091
0.0159668381769
0.0159668381769
0.0159668381769
0.0157888387332
0.0145203727323
0.0159668381769
0.0159668381769
0.0287962787426
0.0261607519899
0.0287962787426
0.0287962787426
0.0287962787426
0.0275968853399
0.0287962787426
0.0287962787426
0.0308555792089
0.0299500833368
0.0308555792089
0.0308555792089
0.0308555792089
0.0308233797273
0.0308555792089
0.0308555792089
0.0154754732488
0.0153731487594
0.0155899819907
0.0155899819907
0.0155899819907
0.0153034044181
0.0155899819907
0.0155899819907
0.0189352689229
0.0238440063718
0.0238440063718
0.0238440063718
0.0238440063718
0.0027451354348
0.0238440063718
0.0238440063718
0.0286220895026
0.0296896564325
0.0296896564325
0.0296896564325
0.0296896564325
0.0296758050716
0.0296896564325
0.0296896564325
0.030114249403
0.0307467615219
0.0307467615219
0.0307467615219
0.0307147242594
0.0307177641333
0.0307467615219
0.0307467615219
0.0134308832611
0.0134002821495
0.0134002821495
0.0134002821495
0.0134002821495
0.0130761288959
0.0134002821495
0.0134002821495
0.0
0.0
0.0
-0.0407973672509
0.0
0.0
0.0
0.0
0.0
0.0
0.0
-0.0407973672509
0.0
0.0
0.0
0.0
0.0
0.0
0.0
0.0
0.0
0.0
0.0
0.0
0.0
0.0
0.0
0.0
0.0
0.0
0.0
0.0
0.0
0.0
0.0
-0.0407973672509
0.0
0.0
0.0
0.0
0.0
0.0
0.0
0.0
0.0
0.0
0.0
0.0
0.0
0.0
0.0
0.0
0.0
0.0
0.0
0.0
0.0
0.0
0.0
0.0
0.0
0.0
0.0
0.0
0.0
0.0
0.0
0.0
0.0
0.0
0.0
0.0
0.0
0.0
0.0
0.0
0.0
0.0
0.0
0.0
0.0
0.0
0.0
-0.0407973672509
0.0
0.0
0.0
0.0
8.93605531814e-05
0.00455499061933
0.00324233784169
0.00197254225997
0.00146125988168
0.000661858549737
0.000464505974308
0.0
0.0
0.0
0.0
0.0
0.0
0.0
0.0
0.0
0.0
0.00056830527974
0.0
0.000893066628657
0.0
0.000429135151889
0.0
0.00152874248651
0.0
0.000569323100602
0.0
0.000893066628657
0.0
0.000358087915404
0.0
0.00152874248651
0.0
0.000309628550917
0.0
0.000330797995185
0.0
0.00017478184053
0.0
0.000775093298607
0.0
0.000125163263305
0.0
0.000389782557439
0.0
0.0001456938205
0.0
0.000617467749334
0.0
0.00031239052464
0.0
0.000335682429047
0.0
0.000177090811214
0.0
0.000782074058236
0.0
0.000283358527855
0.0
-0.000128360626918
0.0
3.89885023272e-05
0.0
0.000414440017304
0.00119159770993
0.00031508658112
0.0
0.000328520090472
0.0
0.000171009664457
0.0
0.000779967174927
0.00137955428042
0.00143673802984
0.0
0.000392736595156
0.0
6.93469062932e-05
0.0
0.000618811253342
0.001277026045
0.00149623965477
0.0
1.86154751712e-05
0.0
0.000257515430789
0.0
0.000784135117301
0.00105940998239
0.000912477439027
0.000904393444166
0.000302198017657
0.0
6.13661715595e-05
0.0
9.47139593716e-05
0.00111342142581
0.000932821179429
0.000955447633733
0.00129075327723
0.0
7.08619104554e-05
0.0
0.000927979155408
0.00139974051714
0.000624328056436
-0.00026990031472
0.00142187161234
0.0
-3.64918655521e-05
0.0
0.000573899676905
0.00214728792699
0.000431395770261
0.000235633852303
0.000411844283573
0.000967516123416
0.000185829887792
0.0
0.000849409327948
0.00209920829081
0.00228334101888
5.11947409492e-05
0.000281862330966
0.000986417692669
0.0012465113276
0.0
0.000618572150209
0.0024081860152
0.002289028594
0.000405589969767
0.000316692900061
0.000564361106909
0.00127849867517
0.0
0.000919876441047
0.00211866157471
0.00168338903348
0.00187534175422
0.000256899308259
0.000156812336889
0.000289306985536
0.000407516309154
0.000887652814918
0.000461781081273
0.00193584456515
0.00173800194909
0.00231614261622
0.000156812336889
0.000207062425599
0.000478238443799
0.00115777331206
0.000886612352516
0.0011982506196
0.00101632621024
0.00233001456807
0.000315650689621
0.000191580186739
0.000253921047044
0.00157213669192
0.0030463606462
0.00142465089015
0.000210898836294
0.00165589071399
0.00227566290644
0.000100017489898
0.000300262906528
0.0
0.00303282063045
0.00401544664728
0.000124802081676
0.000437468891326
0.00228038734419
0.00271767872962
0.000300262906528
0.0
0.00314351916549
0.00402469993577
-0.000177720785101
9.62233756685e-05
0.000310612309487
0.00272108102751
0.0
0.0
0.000691466635796
0.00353704005196
0.0033473644094
0.0
0.000524919725787
0.000408952118506
0.0
0.0
0.000618117303337
0.00121682320281
0.00332570964226
0.0039730611324
0.000521630204374
0.0
0.0
0.0
0.00072498087061
0.0
0.0
0.00397356224076
0.000183255781425
0.0
0.0
0.0
0.00336798188385
0.0
0.000246274996338
-0.000253436345
0.0
0.0
0.0
0.0
0.00318771975118
0.00460911766337
0.000237624888094
0.000249963502926
0.0
0.0
0.0
0.0
9.17710357222e-05
0.00462168861562
-0.000163241266101
0.0
0.0
0.0
0.0
0.0
0.000376743583441
0.000793052490493
-8.04982869854e-05
0.0
0.0
0.0
0.0
0.0
0.000439881405721
0.000747819132878
0.0
0.0
0.0
0.0
0.0
0.0
0.000694352554924
0.00052854051155
0.0
0.0
0.0
0.0
0.0
0.0
0.000804127209644
0.0
0.0
0.0
0.0
0.0
0.0
0.0
0.000234188205893
0.0
0.0
0.0
0.0
0.0
0.0
0.0
0.0
0.0
0.0
0.0
0.0
0.0
0.0
0.0
0.0
0.0
0.0
0.0
0.0
0.0
0.0
0.0
0.0
-9.63108946375e-05
-0.00185700921216
-0.114969162036
-0.114889588245
0.0253770673568
-0.00185700921216
0.0253770673568
0.0
0.0
0.0
0.0
0.0
0.0
0.0
0.0
0.0
0.00467604775837
0.0
0.0
0.0
0.0
0.0
0.0
0.0
0.0
0.0
0.0
0.0
0.0
0.0
0.0
