0.0
0.0
0.0
0.0
0.0
0.0
0.0
0.0
0.0
0.0
0.0
0.0
0.0
0.0
0.0
0.0
0.0
0.0
0.0
0.0
0.0
0.0
0.0
0.0
0.0
0.0
0.0
0.0
0.0
0.0
0.0
0.0
0.0
0.0
0.0
0.0
0.0
0.0
0.0
0.0
0.0
0.0
0.0
0.0
0.0
0.0
0.0
0.0
0.0
0.0
0.0
0.0359999294403
-0.0078770305126
-1.38777878078e-16
2.77555756156e-17
0.0
-1.11022302463e-16
-4.64038529824e-16
6.66133814775e-16
3.33066907388e-16
7.5491811424e-20
-1.05471187339e-15
5.55111512313e-17
1.38777878078e-17
0.0
4.33680868994e-19
0.0
-2.54109884176e-21
0.0
0.0
0.0
0.0
1.61558713389e-27
2.01948391737e-28
6.31088724177e-30
0.0
0.0
0.0
0.0
-7.52316384526e-37
2.35098870164e-38
-4.26116702173e-38
2.93873587706e-39
-2.20405190779e-39
5.14278778485e-39
-8.99987862348e-39
0.0
0.0
0.0
0.0
0.0
0.0
0.0
0.0
0.0
0.0
0.0
0.0
0.0
0.0
0.0
0.0
0.0
0.0
0.0
0.0
0.0
0.0
0.0
0.0
0.0
0.0
0.0
0.0
0.0
0.0
0.0
0.0
0.0
0.0
0.0
0.0
0.0
0.0
0.0
0.0
0.0
0.0
0.0
0.0
0.0
0.0
0.0
0.0
0.0
0.0
0.0
0.0
0.0
0.0
0.0
0.0
0.0
0.0
0.0
0.0
0.0
0.0
0.0
0.0
0.0
0.0
0.0
0.0
0.000788676978693
0.000797262695763
0.000145270874122
0.0
0.0
0.0
0.0
0.0
0.0
0.0
0.0
0.0
0.0
0.0
-0.00251545461944
0.0
0.000374051708354
0.00109107024954
0.00017420764168
0.00119248794137
0.0
0.0
0.0
0.0
0.0
0.0
0.0
0.0
0.0
0.0
0.000487954529806
0.000178874230198
0.000590919581412
0.000428484355809
0.000249107873795
0.0
0.0
0.0
0.0
0.0
0.0
0.0
0.0
0.0
0.0
0.0
0.0358811800473
-0.00969396800318
0.0
0.0
0.0
0.0
0.0
0.0
0.0
0.0
0.0
0.0
0.0
0.0
0.0
0.0
0.0
0.0
0.0
0.0
0.0
0.00123338779221
-0.00259032163606
-0.00168107299165
0.0
0.0
0.0
0.0
0.0
0.0
0.0
0.0
0.0
0.0
0.0
0.0
0.0
0.0
0.0
0.0
0.0
0.0
0.0
0.0
0.0
0.0
0.0
0.0
0.0
0.0
0.0
0.0
0.0
0.0
0.0
0.0
0.0
0.0
0.0
0.0
0.0
0.0
0.0
0.0
0.0
0.000487954529806
0.000788676978693
8.10077365298e-05
-0.00251545461944
-0.000376569040832
0.00113705787246
0.0
0.0
0.0
0.0
0.0
0.0
0.0
0.0
0.0
0.0
-0.00296831233355
0.00897015841859
0.0219037298554
0.033552336255
0.0
0.0
0.0
0.0
0.0
0.000145270874122
0.000487954529806
0.000249107873795
0.0
0.0
0.0
0.0
0.0
0.0
0.0
0.0
0.0
0.0
0.0
0.0
0.0
0.0
0.0
0.0
0.0
0.0
0.0
0.0
0.0
0.0
0.0
0.0
0.0
0.0
0.0
0.0
0.0
7.79032394152e-05
0.000168739308573
0.000237722079009
0.0
0.0
0.0
0.0
0.0
0.0
0.0
0.0
0.000760405443715
0.0
0.0
0.0
0.0
0.0
0.0
0.0
0.0
0.0
0.0
0.0
0.0
0.0
0.0
0.0
0.0
0.0
0.0
0.0363990184546
0.0
0.0
0.0
0.0
0.0
-0.0078770305126
-0.00583212136286
0.0
0.0
0.0
0.0
0.0
0.0
0.0
0.0
0.0
0.0
0.0
0.0
0.0
0.0
0.0
0.0
-0.00037354795207
-0.00047363565698
0.000156125520067
-0.000547548812267
0.0
0.000655080309124
0.00106666917667
0.00106666917667
0.0
0.0
0.000534643987728
0.0004042378254
0.0
4.81920638474e-05
4.81920638474e-05
4.81920638474e-05
0.0
0.00128179946487
0.0
0.0
0.00184951864374
0.000922950776539
0.000922950776539
0.000922950776539
0.00287847251503
0.0
0.0
0.00115461060594
0.0
0.0
0.0
0.0
0.00202757487252
-0.000261351895103
-0.000934179024494
0.00126157173139
0.0
0.000722561810996
0.000722561810996
0.000722561810996
0.00241145241105
0.0
0.00297079309526
0.0
0.00270239316294
0.00263287898761
0.00263287898761
0.00263287898761
0.0
8.25767789071e-05
8.25767789071e-05
0.0
0.0
0.0
0.0
0.0
0.0
0.0
0.00283361282555
0.0
0.0
0.0
0.0
0.0
0.0
0.00057890840541
0.0
0.0
0.00236580747665
0.000750236096508
0.000750236096508
0.000750236096508
0.0
0.0
0.0
0.00287124416532
0.00125159501102
0.00125159501102
0.00125159501102
0.00125159501102
0.0
0.0
0.0
-0.000301910352754
-0.000301910352754
-0.000301910352754
-0.000301910352754
-0.000301910352754
0.0
-0.000927604809433
0.0
-0.00101487132595
-0.00101487132595
-0.00101487132595
-0.00101487132595
-0.00101487132595
0.0
0.0022841484735
0.0
0.00225249190301
0.00225249190301
0.00225249190301
0.00225249190301
0.00225249190301
0.0
0.0
0.000160623071158
0.000160623071158
0.000160623071158
0.000160623071158
0.000160623071158
0.000160623071158
0.0
0.0
0.00126157173139
0.00126157173139
0.00126157173139
0.00126157173139
0.00126157173139
0.00126157173139
0.0
0.0
0.00321228070508
0.00321228070508
0.00321228070508
0.00321228070508
0.00321228070508
0.00321228070508
0.0
0.0
0.0
0.0
0.0
0.0
0.0
0.0
0.0
0.00018016465597
0.00018016465597
0.00018016465597
0.00018016465597
0.00018016465597
0.00018016465597
0.00018016465597
0.0
0.00126119624021
0.00126119624021
0.00126119624021
0.00126119624021
0.00126119624021
0.00126119624021
0.00126119624021
0.0
0.00280877165331
0.00280877165331
0.00280877165331
0.00280877165331
0.00280877165331
0.00280877165331
0.00280877165331
-0.00750231068361
-0.0078419646684
-0.00808603195109
-0.00808603195109
-0.00735086230631
-0.0075618586405
-0.00761304352532
-0.00761304352532
-0.00924776607251
-0.00912604515786
-0.0092217112993
-0.0092217112993
-0.00901019133952
-0.00894749661625
-0.00916983413857
-0.00916983413857
-0.00622823352201
-0.0057056056958
-0.00640496224447
-0.00640496224447
-0.00507158907902
-0.00607462563502
-0.00635145940709
-0.00635145940709
0.000100627214526
0.000215833072965
0.000100627214526
0.000100627214526
0.000131737165265
0.000158582024175
0.000204733242745
0.000204733242745
-0.00968267630462
-0.00938416454401
-0.00960933169959
-0.00960933169959
-0.00946875598565
-0.0096989281868
-0.00947968896193
-0.00947968896193
-0.00578675211141
-0.00587444472723
-0.00582763843099
-0.00582763843099
-0.0051230386009
-0.00538080446527
-0.00539165213118
-0.00539165213118
0.0
0.0
0.0
0.0
0.0
0.0
0.0
0.0
0.000138248726431
0.000138248726431
0.000138248726431
0.000138248726431
0.000138248726431
0.000214824264353
0.000203001778712
0.000203001778712
-0.00922284574628
-0.00946842714153
-0.00945776787441
-0.00945776787441
-0.00938844663504
-0.00913184848753
-0.0090365896095
-0.0090365896095
-0.00502499834561
-0.00371460229369
-0.00378934620942
-0.00378934620942
-0.00398145310012
-0.00409924229986
-0.00357461705901
-0.00357461705901
0.0129826130305
0.0
0.0
0.0
0.0
0.0
0.0
0.0
0.0129826130305
0.0
0.0
0.0
0.0
0.0
0.0
0.0
0.0129826130305
0.0
0.0
0.0
0.0
0.0
0.0
0.0
0.0129826130305
0.0
0.0
0.0
0.0
0.0
0.0
0.0
0.0129826130305
0.0
0.0
0.0
0.0
0.0
0.0
0.0
0.0129826130305
0.0
0.0
0.0
0.0
0.0
0.0
0.0
0.0
0.0
0.0
0.0
0.0
0.0
0.0
0.0
0.0
0.0
0.0
0.0
0.0
0.0
0.0
0.0
0.0
0.0
0.0
0.0
0.0
0.0
0.0
0.0
0.0
0.0
0.0
0.0
0.0
0.0
0.0
0.0
0.0
0.0
0.0
0.0
0.0
0.0
0.0
0.0
8.99995913948e-05
0.00399630769946
0.00383914625508
0.000452766624584
0.00222104255788
0.000570402606453
0.000699341933267
0.0
0.0
0.0
0.0
0.0
0.0
0.0
0.0
0.0
0.0
0.000309115962817
0.0
5.62584830194e-05
0.0
0.000209458428958
0.0
0.000494402528144
0.0
0.00011791174306
0.0
-0.000175688454654
0.0
-8.59109338162e-05
0.0
5.49203105363e-05
0.0
0.000189249337171
0.0
-0.000176743245177
0.0
0.000192487072155
0.0
0.000105260208525
0.0
0.000163635761037
0.0
-0.000743620504944
0.0
0.000149228163552
0.0
5.27981961427e-05
0.0
0.000197129812049
0.0
-0.000367233490579
0.0
0.000173713161175
0.0
3.16170477126e-05
0.0
8.97317540884e-05
0.0
-0.000283333800731
0.0
-8.11368446127e-05
0.0
-3.58717369916e-05
0.00125849593833
0.000127158840163
0.0
-0.000502866972982
0.0
8.80656883392e-05
0.0
0.00017942934276
0.00130588209975
0.0
0.0
-3.85283945835e-05
0.0
0.00018881361594
0.0
-3.96292942495e-05
0.000551720826854
0.0
0.0
-8.10209100434e-05
0.0
0.000151351050226
0.0
0.00020392742475
0.000760761464797
0.000140715432392
0.000889053397919
-0.00016444207025
0.0
-6.9451028846e-05
0.0
0.000302658622188
0.000801655604612
-0.000268308108146
0.000967001512036
0.0
0.0
0.000228810163396
0.0
0.000353687965365
0.000632137157354
0.000151240345339
0.00055686908268
0.0
0.0
0.000216729626283
0.0
0.000168982811771
0.00142743216433
-7.88217606249e-05
0.000826891207525
-3.23046440489e-06
0.00210980302234
0.00115107077973
0.0
0.000364517559884
0.0014556501244
0.0
0.000922882164151
0.000312011027756
0.00198224482585
0.0
0.0
0.000262887921946
0.0012520457392
0.0
0.000815400856991
0.000393018846262
0.000664144697538
0.0
0.0
0.000704539744124
0.0013894086047
6.10560293066e-05
0.00183227061186
-0.00030777228783
0.00294053042331
-0.000165355407315
0.000316262168887
0.000686466925101
0.000383936979875
7.85318011582e-05
0.0017033757099
0.0
0.00294053042331
-0.000112940776365
0.000363124685079
0.0
-0.000194252543486
0.00039812491478
0.00149239194405
0.0
0.000262939021262
8.16073202036e-05
0.000181643411451
0.0
0.00349906769799
0.000481494596614
0.000370975260357
0.000105816670407
0.00105844090167
5.16808493967e-05
0.000609397630705
0.0
0.00356065876137
0.0
0.000415723555928
-0.000346750809953
0.00104671380486
0.0
0.000609397630705
0.0
0.00306496174368
0.0
9.34243977915e-05
-6.65044533808e-05
0.000297187731629
0.0
0.0
0.0
0.000485968895676
0.00343328564521
0.00283086525857
0.0
0.000520479678802
0.000242064076571
0.0
0.0
0.000523279295723
0.000681140203781
0.00287651368273
0.0
0.000529613826118
0.0
0.0
0.0
0.000766651189058
0.0
0.0
0.0
0.000396484063534
0.0
0.0
0.0
0.00386150233763
0.0
0.000161643777067
0.00106236890212
0.0
0.0
0.0
0.0
0.00382664685657
0.0
0.000157096781686
0.00100712599691
0.0
0.0
0.0
0.0
0.000102330528601
0.0
7.09824823365e-06
0.0
0.0
0.0
0.0
0.0
0.000579884492618
0.000286031803057
0.000274698922732
0.0
0.0
0.0
0.0
0.0
0.000598086712754
-1.48708018051e-05
0.0
0.0
0.0
0.0
0.0
0.0
0.000360889313499
3.11224561767e-05
0.0
0.0
0.0
0.0
0.0
0.0
0.000398808806015
0.0
0.0
0.0
0.0
0.0
0.0
0.0
0.00021123126289
0.0
0.0
0.0
0.0
0.0
0.0
0.0
0.0
0.0
0.0
0.0
0.0
0.0
0.0
0.0
0.0
0.0
0.0
0.0
0.0
0.0
0.0
0.0
0.0
0.0
0.0012125238243
0.0
0.0
0.0
0.0012125238243
0.0
0.0
0.0
0.0
0.0
0.0
0.0
0.0
0.0
0.0
0.0
0.0
0.0
0.0
0.0
0.0
0.0
0.0
0.0
0.0
0.0
0.0
0.0
0.0
0.0
0.0
0.0
0.0
0.0
0.0
0.0
0.0
0.0
0.0369354830972
0.0369354830972
0.0369354830972
0.0369354830972
0.0369354830972
0.0369354830972
0.0369354830972
0.0369354830972
0.0
0.0
0.0
0.0
0.0
0.0
0.0
0.0
0.0
0.0
0.0
0.0
0.0
0.0
0.0
0.0
0.0
0.0
0.0
0.0
0.0
0.0
0.0
0.0
0.0
0.0
0.0
0.0
0.0
0.0
0.0
0.0
0.0
0.0
0.0364027056735
0.0
0.0
0.0
0.0
0.0
0.0
0.0
0.0
0.0
0.0
0.0
0.0
0.0
0.0
0.0
0.0
0.0
0.0
0.0
0.0
0.0
0.0
0.0
0.0
0.0
0.0
0.0
0.0
0.0
0.0
0.0
0.0
0.0
0.0
0.0
0.0
0.0
0.0
0.0
0.0
0.0
0.0
0.0
0.0
0.0
0.0
0.0
0.0
0.0
0.0
0.0
0.0
0.0
0.0
0.0
0.0
0.0
0.0
0.0
0.0
0.0
0.0
0.0
0.0
0.0
0.0
0.0
0.0
0.0
0.0
0.0
0.0
0.0
0.0
0.0
0.0
0.0
0.00017420764168
0.0033303664498
0.0
0.0
0.0
0.0
0.0
0.0
0.0
0.0
0.0
0.0
0.0
0.0
0.0
0.0
0.0
0.0
0.0
0.0
0.0
0.0
0.0
0.0
0.0
0.0
0.0
0.0
0.0
0.0
0.0
0.0
0.0
0.0
0.0
0.0
0.0
0.0
0.0
0.0
0.0
0.0
0.0
0.0
0.0
0.0
0.0
0.0
0.0
0.0
0.0
0.0
0.0
0.0
0.0
0.0
0.0
0.0
0.0
0.0
0.0
0.0
0.0
0.0
0.0
0.0
0.0
0.0
0.0
0.0
0.0
0.0
0.0
0.0
0.0
0.0
0.0
0.0
0.0
0.0
0.0
0.0
0.0
0.0
0.0
0.0
0.0
0.0
0.0
0.0
0.0
0.0
0.0
0.00179750970575
0.000215755917095
0.000500078464744
0.0
0.0
0.0
0.0
0.0
0.0
0.0
0.0
0.0
0.0
0.0
0.0
0.0
0.0
0.0
0.0
0.0
0.0
0.0
0.0
0.0
0.0
0.0
0.0
0.0
0.0
0.0
0.0
0.0
0.0
0.0
0.0
0.0
0.0
0.0
0.0
0.0
0.0
0.0
0.0
0.0240803844768
0.0137815247472
0.0130271768941
0.0132356372956
0.00409978740403
-0.00146688727474
0.0
0.0
0.0
0.0
0.0
0.0
0.0
0.0
0.0
0.0
0.0408961211528
0.0347980480546
-0.00579695725386
-0.0254518851169
-0.0234170326668
0.0
0.0
0.0
0.0129208135941
0.00763789269878
0.00396899733905
0.00639446415168
0.0
0.0
0.0
0.0
0.0
0.0
0.0
0.0
0.0
0.0
0.0
0.0
0.0
0.0
0.0
0.0
0.0
0.0
0.0
0.0
0.0
0.0
0.0
0.0
0.0
0.0
0.0
0.0
0.0
0.0
8.2678446659e-05
0.00304327322188
0.00396800223571
0.0
0.0
0.0
0.0
0.0
0.0
0.0
0.0
0.000601957975617
0.0
0.0
0.0
0.0
0.0
0.0
0.0
0.0
0.0
0.0
0.0
0.0
0.0
0.0
0.0
0.0
0.0
0.0
0.0
0.0
0.0
0.0
0.0
0.0
0.0
0.0
0.0
0.0
0.0
0.0
0.0
0.0
0.0
0.0
0.0
0.0
0.0
0.0
0.0
0.0
0.0
0.0
-0.00164567184047
-0.00363520717759
-0.00195855612781
-0.00571591896695
0.000551211153864
-0.00940552741518
-0.00339999011655
-0.00339999011655
0.00233925397631
0.000951253762985
-0.0100326855906
-0.0076079122671
0.000102620035321
-0.00205667934095
-0.00205667934095
-0.00205667934095
0.00216757226847
-0.0236756828146
-0.000295374924873
3.13906125757e-05
-0.0193709822773
-0.00759769372789
-0.00759769372789
-0.00759769372789
0.00493970898778
0.00311324252971
0.00311320447301
-0.0164118177958
0.0
0.0
0.0
0.0
0.000398065542621
-0.00497016558131
-0.00446023729604
-0.0139289558829
0.0018377742226
-0.00556679867631
-0.00556679867631
-0.00556679867631
-0.00394270904995
0.00112948184503
-0.0325704554658
0.00054616609771
-0.0176326212717
-0.0166287575461
-0.0166287575461
-0.0166287575461
0.00447567204358
0.0272018691595
0.024164917868
0.00298281540902
0.0
0.0
0.0
0.0
0.00391352840782
0.00300405279343
-0.0368805767805
0.0
0.0
0.0
0.0
0.0
0.00183583765409
-0.00778884355822
0.00113951931242
0.000657601911585
-0.0219460521256
-0.0144284909544
-0.0144284909544
-0.0144284909544
0.00243136538121
0.00233824675238
0.00281081528586
-0.0123313796032
-0.0150403978699
-0.0150403978699
-0.0150403978699
-0.0150403978699
0.00103572127264
0.000260214096107
0.000947272023472
-0.0208660270983
-0.0208660270983
-0.0208660270983
-0.0208660270983
-0.0208660270983
0.00261285949939
-0.00749892402072
0.000522209856875
-0.0108735102301
-0.0108735102301
-0.0108735102301
-0.0108735102301
-0.0108735102301
0.00291939510165
-0.0334813421189
0.000587418114322
-0.0430306272252
-0.0430306272252
-0.0430306272252
-0.0430306272252
-0.0430306272252
0.00425387088251
0.00360480290189
0.0245110226855
0.0245110226855
0.0245110226855
0.0245110226855
0.0245110226855
0.0245110226855
0.00247123849116
0.000283454204086
-0.0179943569499
-0.0179943569499
-0.0179943569499
-0.0179943569499
-0.0179943569499
-0.0179943569499
0.00146922100992
0.00057937742078
-0.0433467679617
-0.0433467679617
-0.0433467679617
-0.0433467679617
-0.0433467679617
-0.0433467679617
0.00379545720596
0.0301991227087
0.0301991227087
0.0301991227087
0.0301991227087
0.0301991227087
0.0301991227087
0.0301991227087
0.00353059398159
0.0217855723641
0.0217855723641
0.0217855723641
0.0217855723641
0.0217855723641
0.0217855723641
0.0217855723641
0.00176263215684
-0.0191036384397
-0.0191036384397
-0.0191036384397
-0.0191036384397
-0.0191036384397
-0.0191036384397
-0.0191036384397
0.00284530157322
-0.0372838493437
-0.0372838493437
-0.0372838493437
-0.0372838493437
-0.0372838493437
-0.0372838493437
-0.0372838493437
0.0185225026592
0.0313462769806
0.0371574563766
0.0371574563766
0.0362228238284
0.0361782560731
0.0371574563766
0.0371574563766
-0.0260160873366
-0.0260160873366
-0.0260160873366
-0.0260160873366
-0.0260160873366
-0.0219716111522
-0.0260160873366
-0.0260160873366
0.15072740709
0.154623143775
0.154623143775
0.154623143775
0.152827540172
0.139590861055
0.154623143775
0.154623143775
-0.116962337256
-0.114853279207
-0.116962337256
-0.116962337256
-0.116962337256
-0.110292570208
-0.116962337256
-0.116962337256
-0.00200063089747
-0.0132773315562
-0.00200063089747
-0.00200063089747
-0.00200063089747
-0.00199119908441
-0.00200063089747
-0.00200063089747
0.16720923713
0.153506929357
0.168487296693
0.168487296693
0.168487296693
0.165117138895
0.168487296693
0.168487296693
-0.0948913892149
-0.109096403416
-0.109096403416
-0.109096403416
-0.109096403416
-0.00660882061193
-0.109096403416
-0.109096403416
-0.114107644032
-0.10470894186
-0.10470894186
-0.10470894186
-0.10470894186
-0.104645650509
-0.10470894186
-0.10470894186
-0.00117601045738
0.00909812331697
0.00909812331697
0.00909812331697
0.00909229613007
0.00908827492109
0.00909812331697
0.00909812331697
0.146203556221
0.156512680353
0.156512680353
0.156512680353
0.156512680353
0.152168325348
0.156512680353
0.156512680353
0.0
0.0
0.0
0.0369354830972
0.0
0.0
0.0
0.0
0.0
0.0
0.0
0.0369354830972
0.0
0.0
0.0
0.0
0.0
0.0
0.0
0.0
0.0
0.0
0.0
0.0
0.0
0.0
0.0
0.0
0.0
0.0
0.0
0.0
0.0
0.0
0.0
0.0369354830972
0.0
0.0
0.0
0.0
0.0
0.0
0.0
0.0
0.0
0.0
0.0
0.0
0.0
0.0
0.0
0.0
0.0
0.0
0.0
0.0
0.0
0.0
0.0
0.0
0.0
0.0
0.0
0.0
0.0
0.0
0.0
0.0
0.0
0.0
0.0
0.0
0.0
0.0
0.0
0.0
0.0
0.0
0.0
0.0
0.0
0.0
0.0
0.0369354830972
0.0
0.0
0.0
0.0
7.79032394152e-05
0.00441407860764
0.00281540939427
0.00171138477733
0.00125266660272
0.000584908188079
0.000404958847998
0.0
0.0
0.0
0.0
0.0
0.0
0.0
0.0
0.0
0.0
0.000275154099952
0.0
0.000347950658351
0.0
0.000141335550817
0.0
0.000190021286385
0.0
0.000259174704702
0.0
0.000347950658351
0.0
0.000119709218727
0.0
0.000190021286385
0.0
0.000309115962817
0.0
0.000253172001403
0.0
0.000181387009611
0.0
0.000843663050962
0.0
0.000235400181273
0.0
0.000321471883987
0.0
-1.53090371686e-06
0.0
0.000763756590158
0.0
0.000300331964943
0.0
0.000241287800125
0.0
0.000192592435665
0.0
0.000822451262091
0.0
0.000288533297794
0.0
-0.000379916331995
0.0
5.94436998607e-05
0.0
0.000788323229539
0.000673346211108
0.000308298476635
0.0
0.000224886101839
0.0
0.000175603417828
0.0
0.000815215645876
0.000667893991874
0.00260815189454
0.0
0.000318113370288
0.0
4.25048486935e-06
0.0
0.000763060793129
0.000304097642727
0.0026013515501
0.0
5.49832801467e-05
0.0
8.85155553718e-05
0.0
0.000829782293349
0.000144467240998
0.000610285818589
0.000149817668591
0.000312855019073
0.0
0.000101242606588
0.0
0.000593593101118
-4.35739493096e-06
0.000675530653377
0.000322577999102
0.0013864801668
0.0
0.000148968713021
0.0
0.000933609764305
0.000169967564892
0.000541894444494
-0.000355977427832
0.00133535560373
0.0
1.19172166099e-05
0.0
0.000962308898008
0.000994191598492
0.000217730541826
0.000139494245495
0.000291207875578
0.00015181087851
0.000219103562147
0.0
0.000962044872203
0.000911435140347
0.0019127573256
-0.000236767083376
0.000383760902431
0.000441558550121
0.00315870715449
0.0
0.000686462633106
0.000491203844923
0.00191438603087
-0.000287468091248
0.000476325209987
0.000501761431494
0.00340000656019
0.0
0.000769448017769
0.000645601701464
0.00138066368632
4.44858581206e-05
0.000100102684239
-0.000203867131727
0.000342811006662
-1.32695085135e-05
0.000481676171528
0.00058659317688
0.0015880554941
6.29312819212e-05
0.00184236308409
-0.000203867131727
0.000108998067143
5.42159552847e-05
0.00107634860381
0.000490771334596
0.000363739042732
0.000132877759848
0.00184328352351
0.00038180915561
-0.000126320552036
0.000107451489586
0.000951178304819
0.00299549165289
0.000365361828129
0.0002286558666
0.00176816821945
0.000508904843796
8.40381648587e-05
0.000236279203308
0.0
0.00297010836172
0.00396325495796
0.000119766838776
0.000563563301832
0.000434921461655
0.000928590120683
0.000236279203308
0.0
0.00307144896269
0.00398893871958
-0.000543652696192
0.000196723455471
2.50462092029e-05
0.00093020893752
0.0
0.0
0.000370113851799
0.00337024079683
0.00334012374903
0.0
0.00108381691802
0.000398098759961
0.0
0.0
0.000255365887717
0.00146499264395
0.00334181259279
0.00308411926907
0.00109007688027
0.0
0.0
0.0
0.000604903146119
0.0
0.0
0.00308271762268
0.00102839785736
0.0
0.0
0.0
0.00304565459033
0.0
0.000281885993228
-1.46024137059e-05
0.0
0.0
0.0
0.0
0.00298404568835
0.00453202558297
0.000288780559461
0.000266428941417
0.0
0.0
0.0
0.0
8.30562382396e-05
0.00453506902786
-1.76723237718e-05
0.0
0.0
0.0
0.0
0.0
0.000484346379072
0.000472133744511
2.89870226117e-05
0.0
0.0
0.0
0.0
0.0
0.000508419649688
0.000404559330658
0.0
0.0
0.0
0.0
0.0
0.0
0.000241105420415
0.000211321027681
0.0
0.0
0.0
0.0
0.0
0.0
-0.000366731921834
0.0
0.0
0.0
0.0
0.0
0.0
0.0
-0.000450852831963
0.0
0.0
0.0
0.0
0.0
0.0
0.0
0.0
0.0
0.0
0.0
0.0
0.0
0.0
0.0
0.0
0.0
0.0
0.0
0.0
0.0
0.0
0.0
0.0
0.000215755917095
0.000283167140087
0.0249673835898
0.0249138814756
-0.0796452139697
0.000283167140087
-0.0796452139697
0.0
0.0
0.0
0.0
0.0
0.0
0.0
0.0
0.0
0.00409314540273
0.0
0.0
0.0
0.0
0.0
0.0
0.0
0.0
0.0
0.0
0.0
0.0
0.0
0.0
