0.0
0.0
0.0
0.0
0.0
0.0
0.0
0.0
0.0
0.0
0.0
0.0
0.0
0.0
0.0
0.0
0.0
0.0
0.0
0.0
0.0
0.0
0.0
0.0
0.0
0.0
0.0
0.0
0.0
0.0
0.0
0.0
0.0
0.0
0.0
0.0
0.0
0.0
0.0
0.0
0.0
0.0
0.0
0.0
0.0
0.0
0.0
0.0
0.0
0.0
0.0
0.0
0.0
0.0
0.0
0.0
0.0
0.0
0.0
0.0
0.0
0.0
0.0
0.0
0.0
0.0
0.0
0.0
0.0
0.0
0.0
0.0
0.0
0.0
0.0
0.0
0.0
0.0
0.0
0.0
0.0
0.0
0.0
0.0
0.0
0.0
0.0
0.0
0.0
0.0
0.0
0.0
0.0
0.0
0.0
0.0
0.0
0.0
0.0
0.0
0.0
0.0
0.0
0.0
0.0
0.0
0.0
0.0
0.0
0.0
0.0
0.0
0.0
0.0
0.0
0.0
0.0
0.0
0.0
0.0
0.0
0.0
0.0
0.0
0.0
0.0
0.0
0.0
0.0
0.0
0.0
0.0
0.0
0.0
0.0
0.0
0.0
0.0
0.0
0.0
0.0
0.0
0.00245261484151
5.55111512313e-17
1.11022302463e-16
5.55111512313e-17
2.77555756156e-16
-3.33066907388e-16
-1.11022302463e-16
-3.46944695195e-18
0.0
-0.00233709599239
0.0
0.0
0.0
0.0
0.0
0.0
0.00174547419172
0.0
0.0
0.0
0.0
0.0
0.0
0.0
0.0
0.0
0.0
0.0
0.0
0.0
0.0
0.0
0.0
0.0
0.0
0.0
0.0
0.0
0.0
0.0
0.0
0.0
0.0
0.0
0.0
0.0
0.0
0.0
0.0
0.0
0.0
0.0
0.0
0.0
0.0
0.0
0.0
0.0
0.0
0.0
0.0
0.0
0.0
0.0
0.0
0.0
0.0
0.0
0.0
0.0
0.0
0.0
0.0
0.0
0.0
0.0
0.0
0.0
0.0
0.0
0.0
0.0
0.0
0.0
0.0
0.0
0.0
0.0
0.0
0.0
0.0
0.0
0.0
0.0
0.0
0.0
0.0
0.0
0.0
0.0
0.0
0.0
0.0
0.0
0.0
0.0
0.0
0.0
0.0
0.0
0.0
0.0
-0.00851410608918
-0.000345541405405
0.0
0.0
0.0
0.0
0.0
0.0
0.0
-0.00376397204017
0.0
0.0
0.0
0.0
0.0
0.0
-0.00832604078952
-0.000431062446725
0.0
0.0
0.0
0.0
0.0
0.0
0.0
-0.0023253674103
0.0
0.0
0.0
0.0
0.0
0.0
0.0
0.0
0.0
0.0
0.0
0.0
0.0
0.0
0.0
0.0
0.0
0.0
0.0
0.0
0.0
0.0
0.0
0.0
0.0
0.0
0.0
0.0
0.0
0.0
0.0
0.0
0.0
0.0
0.0
0.0
0.0
0.0
0.0
0.0
0.0
0.0
0.0
0.0
0.0
0.0
0.0
0.0
0.0
0.0
0.0
0.0
0.0
0.0
0.0
0.0
0.0
0.0
0.0
0.0
0.0
0.0
0.0
0.0
0.0
0.0
0.0
0.0
0.0232438973045
0.0
0.0
0.0232438973045
0.0
0.0
0.0
0.0
0.0186341826079
0.0
0.0
0.0186341826079
0.0
0.0
0.0
0.0
0.0181529128335
0.0
0.0
0.0181529128335
0.0
0.0
0.0
0.0
0.0
0.0
0.0
0.0
0.0
0.0
0.0
0.0
0.0
0.0
0.0
0.0
0.0
0.0
0.0
0.0
0.0
0.0
0.0
0.00125143779743
0.0
0.0
0.0
0.0
0.0
0.0
0.0
0.000333696926285
0.0
0.0
0.0
0.0
0.0
0.0
0.0
-0.000688487671806
0.0
0.0
0.0
0.0
0.0
0.0
0.0
-0.000664579910124
0.0
0.0
0.0
0.0
0.0
0.0
0.0
-0.00245777682427
0.0
0.0
0.0
0.0
0.0
0.0
0.0
-0.000889541189329
0.0
0.0
0.0
0.0
0.0
0.0
0.0
-0.0105172496496
0.0
0.0
0.0
0.0
0.0
0.0
0.0
-0.00198385796491
0.0
0.0
0.0
0.0
0.0
0.0
0.0
0.0
0.0
0.0
0.0
0.0
0.0
0.0
0.0
0.0
0.0
0.0
0.0
0.0
0.0
0.0
0.0
0.0
0.0
0.0
0.0
0.0
0.0
0.0
0.0
0.0
0.0
0.0
0.0
0.0
0.0
0.0
0.0
0.0
0.0
0.0
0.0
0.0
0.0
0.0
0.0
0.0
0.0
0.0
0.0
0.0
0.0
0.0
0.0
0.0
-0.000306943190538
0.0
0.0
0.0
0.0
0.0
0.0
0.0
0.0
0.0
0.0021269292787
0.0021269292787
0.00304120353679
0.00304120353679
0.0162214382273
0.0162214382273
0.0142724962272
0.0142724962272
0.014578931501
0.014578931501
0.0160906552428
0.0160906552428
0.0161462330143
0.0161462330143
0.0118403471572
0.0118403471572
0.0109886359338
0.0109886359338
0.00934220172541
0.00934220172541
0.00898236097065
0.00898236097065
0.0
0.0
0.0
0.0
0.006137461337
0.006137461337
0.006137461337
0.0
0.0
0.0
0.0
0.0
0.0
0.0
0.0
0.0
0.0
-0.000391067479317
-0.00044778704035
0.0
0.0
0.0
0.0
0.0
0.0
0.0
0.0
0.0
0.0
0.0
0.0
0.0
0.0
0.0
0.0
0.0
0.0
0.0
0.0
0.0
0.0
0.0
0.0
0.0
0.0
0.0
0.0
0.0
0.0106577647968
0.0
0.0
0.0
0.0
0.0
0.0
0.0
0.0
0.0
0.0
0.0
0.0
0.0021269292787
0.0118194129894
0.0108287586657
0.0
0.0
0.0
0.0
0.0
0.0
0.0
0.0
0.0
0.0
0.0
0.0
0.0
0.0
0.0
0.0
0.0
0.00498044613009
-0.000924174394646
-0.000924174394646
-0.000924174394646
-0.000924174394646
-0.000924174394646
-0.000924174394646
0.0
0.0
0.0
0.0
0.0
0.0
0.0
0.0
0.0
0.0
0.0
0.0
0.0
0.0
0.0
0.0
0.0
0.0
0.0
0.0
0.0
0.0
0.0
0.0
0.0
0.0
0.0
0.0
0.0
0.0
0.0
0.0
0.0
0.0
0.0
0.0
0.0
0.0
0.0
0.0
0.0
0.0
0.0
0.0
0.0
0.0
0.0
0.0
-0.00158223700834
-0.00711186948862
-0.00662618424187
-0.00618500045494
-0.00597679042483
-0.0035708174066
-0.00372414457888
-0.00577506609414
0.0
0.0
0.0
0.0
0.0
-0.00414950064326
-0.00670796118298
-0.00372859625273
-0.000520538821338
-0.000691658812716
-0.00541822847819
-0.00701354853105
-0.00527034797218
-0.00528152749849
-0.00599714890159
-0.0058984265612
0.0
0.0
0.0
0.0
0.0
-0.00312621801739
-0.00639625405639
-0.0001462063561
0.0
0.0
0.0
0.0
0.0
0.0
0.0
0.0
0.0
0.0
0.0
0.0
0.0
0.0
0.0
0.0
0.0
0.0
0.0
0.0
0.0
0.0
0.0
0.0
0.0
0.0
0.0
0.0
0.0
0.0
0.0
0.0
0.0
0.0
0.0
0.0
0.0
0.0
0.0
0.0
0.0
0.0
0.0
0.0
0.0
0.0
0.0
0.0
0.0
0.0
0.0
0.0
0.0
0.0
0.0
0.0
0.0
0.0
0.0
0.0
0.0
0.0
0.0
0.0
0.0
0.0
0.0
0.0
0.0
0.0
-0.00114948811903
0.0
0.0
0.0
0.0
0.0
0.0
0.0
0.0
0.0
0.0
0.0
0.0
0.0
0.0
0.0
-0.000137513747846
0.0
0.0
0.0
0.0
0.0
0.0
0.0
0.0
0.0
0.0
0.0
0.0
0.0
0.0
0.0
-0.000546967980852
0.00169790305365
0.0
0.0
0.0
-0.00638904462612
-0.00966867470221
-0.00965173830454
0.0
0.0
0.0
0.0
0.0
0.0
0.0
0.0
0.0
-0.00490203490683
0.0
0.0
0.0
0.0
0.0
0.0
0.0179121742043
0.0
0.0
0.0
0.0
0.0
0.0
0.0
0.0
0.0
0.0
0.0
0.0
0.0
0.0
0.0
0.0
0.0
0.0
0.0
0.0
0.0
0.066018084256
0.0
0.0
0.0
-0.000233081049357
-0.000278348168182
-0.00772971460675
-0.00705826921288
-0.00048273347986
0.0
0.0
0.0
0.0
0.0
0.0
0.0
0.0
0.0
0.0
0.0
-0.0025410666223
-0.0025410666223
-0.0025410666223
0.0
0.0
0.0
0.0
-0.0025410666223
0.0
0.0
-0.000511066258542
0.0
0.0
0.0
0.0
0.0
0.0
0.0
0.0
0.0
0.0
0.0
0.0
0.0
0.0
0.0
0.0
0.0
0.0
0.0
0.0
0.0
0.0
0.0
0.0
0.0
0.0
-0.00134489862134
0.0
-0.00585931256351
0.0
0.0
0.0
0.0
0.0
0.0
0.0
0.0
0.0
0.0
0.0
0.0
0.0
0.0
0.0
0.0
0.0
0.0394487104385
0.151985056518
0.193943093061
0.0
0.0
0.0
0.176491375737
0.0
-0.00407080196828
-0.000143724484201
0.00432241343114
0.227152471649
0.0
0.0
0.0
0.0
0.0
0.0
0.0
0.0
0.0
0.0
0.0
0.0
0.0
0.0
0.0
0.0
0.0
0.0
0.0
0.0
0.0
0.0
0.0
0.0
0.0
0.0
0.0
0.0
0.0
0.0
0.0
0.0
0.0
0.0
0.0
0.0
0.0
0.0
0.0
0.0
0.0
0.0
0.0
0.0
0.0
0.0
0.0
0.0
0.0
0.0
0.0
0.0
0.0
0.0
0.0
0.0
0.0
0.0
0.0
0.0
0.0
0.0
0.0
0.0
0.0
0.0
0.0
0.0
0.0
0.0
0.0
0.0
0.0
0.0
0.0
0.0
0.0
0.0
0.0
0.0
0.0
0.0
0.0
0.0
0.0
0.0
0.0
0.0
0.0
0.0
0.0
0.0
0.0
0.0
0.0
0.0
0.0
-0.00772651681009
-0.0054805611405
0.0
0.0
0.0
0.0
0.0
0.0
0.0
0.0
0.0
0.0
0.0
0.0
0.0
0.0
0.0
0.0
0.0
-0.000370519481284
0.0
0.0
0.0
0.0
0.0
0.0
0.0
0.0
0.0
0.0
0.0
0.0
0.0
0.0
0.0
0.0
0.0
0.0
0.0
0.0
0.0
0.0
0.0
0.0
0.0
0.0
0.0
0.0
0.0
0.0
0.0
0.0
0.0
0.0
0.0
0.0
0.0
0.0
0.0
0.0
0.0
0.0
0.0
0.0
0.0
0.0
0.0
0.0
0.0
0.0
0.0
0.0
0.0
0.0
0.0
0.0
0.0
0.0
0.0
0.0
0.0
0.0
0.0
0.0
0.0
0.0
0.0
0.0
0.0
0.0
0.0
0.0
0.0
0.0
0.0
0.0
0.0
0.0
0.0
0.0
0.0
0.0
0.0
0.0
0.0
0.0
0.0
0.0
0.0
0.0
0.0
0.0
0.0
0.0
0.0
0.0
0.0
0.0
0.0
0.0
0.0
0.0
0.0
0.0
0.0
0.0
-0.000773931792087
0.0
0.00532781764567
0.0434738779807
0.0
0.0
0.0
0.0
-0.00302882325691
0.0
0.00263850799735
0.0291367475479
0.0
0.0
0.0
0.0
0.000723102238919
0.0
0.011446791227
0.0444209103857
0.0
0.0
0.0
0.0
0.00549542863433
0.0
0.0117358535948
0.0
0.0
0.0
0.0
0.0
0.0
0.0
0.0
0.0
0.0
0.0
0.0
0.0
0.0
0.0
0.0
0.0
0.0
0.0
0.0
0.0
0.0
0.0
0.0
0.0
0.0
0.0
0.0
0.0
0.0
0.0
0.0
0.0
0.0
0.0
0.0
0.0
0.0
0.0
0.0
0.0
0.0
0.0
0.0
0.0
0.0
0.0
0.0
0.0
0.0
0.0
0.0
0.0
0.0
0.0
0.0
0.0
0.0
0.0
0.0
0.0
0.0
0.0
0.0
0.0
0.0
0.0
0.0
0.0
0.0
0.0
0.0
0.0
0.0
0.0
0.0
0.0
0.0
0.0
0.0
0.0
0.0
0.0
0.00947776259684
0.0177935520231
0.000159881546841
0.0301916562909
0.0435614528477
0.00530904325661
0.0
0.0
0.00451821455694
0.0124927062246
-0.00558419637419
0.027315080406
-0.00360134655219
0.0167904124698
0.0
0.0
0.00955229761309
0.0178621106821
0.000163554899017
0.0306388782244
0.043797859219
0.00366802407
0.0
0.0
0.00481483247952
0.01239087976
-0.00549227003103
0.0301154152931
-0.00351729607173
0.0114005336472
0.0
0.0
0.0
0.0
0.0
0.0
0.0
0.0
0.0
0.0
0.0
0.0
0.0
0.0
0.0
0.0
0.0
0.0
0.0
0.0
0.0
0.0
0.0
0.0
0.0
0.0
0.0
0.0
0.0
0.0
0.0
0.0
0.0
0.0
0.0
0.0
0.0
0.0
0.0
0.0
0.0
0.0
0.0
0.0
0.0
0.0
0.0
0.0
0.0
0.0
0.0
0.0
0.0
0.0
0.0
0.0
0.0
0.0
0.0
0.0
0.0
0.0
0.0
0.0
0.0
0.0
0.036996934218
0.0
0.0068270356766
0.0
0.0
0.0068270356766
0.0
0.0
0.0550314959306
0.0
0.0196477496642
0.0
0.0
0.0196477496642
0.0
0.0
0.0947321188629
0.0
0.0383705570306
0.0
0.0
0.0383705570306
0.0
0.0
0.204702785683
0.0
0.0524989918047
0.0
0.0
0.0524989918047
0.0
0.0
0.0
0.0
0.0
0.0
0.0
0.0
0.0
0.0
0.0
0.0
0.0
0.0
0.0
0.000603155941609
0.0
0.0
0.0
0.0
0.0
0.0
0.0
0.0
0.0
0.0
0.0
0.0
0.0
0.0
0.0
0.00334341118938
0.0
0.0
0.0
0.0
0.0
0.0
0.0
-0.000448666371844
0.0
0.0
0.0
0.0
0.0
0.0
0.0
0.00524584161008
0.0
0.0
0.0
0.0
0.0
0.0
0.0
-0.000371292095087
0.0
0.0
0.0
0.0
0.0
0.0
0.0
0.0194131737492
0.0
0.0
0.0
0.0
0.0
0.0
0.0
-0.00114176839433
-0.000650498499754
-0.000328485099519
-0.00125718884019
-0.00125718884019
-0.00125718884019
-0.00125718884019
-0.00125718884019
-0.00125718884019
-0.00445384253336
-0.00273638294362
-0.0128602682635
-0.0128602682635
-0.0128602682635
-0.0128602682635
-0.0128602682635
-0.0128602682635
0.0
0.0
0.0
0.0
0.0
0.0
0.0
0.0
0.0
0.0
0.0
0.0
0.0
0.0
0.0
0.0
0.0
0.0
0.0
0.0
0.0
0.0
0.0
0.0
0.0
0.0
0.0
0.0
0.0
0.0
0.0
0.0
0.0
0.0
0.0
0.0
0.0
0.0
0.0
0.0
-0.000289429746995
0.0
0.0
0.0
0.0
0.0
0.0
0.0
0.00385050987994
0.00385050987994
0.00810339150716
0.00810339150716
0.00730737112343
0.00730737112343
0.00647551743392
0.00647551743392
0.0
0.0
0.002456757447
0.002456757447
0.0037237923631
0.0037237923631
0.00402049116939
0.00402049116939
0.0
0.0
0.0
0.0
0.0
0.0
0.0
0.0
0.0
0.0
0.0
0.0
0.0
0.0
0.0
0.0
0.0
0.0
0.0
0.0
0.0
0.0
0.0
0.0
-0.00358272844307
-0.00254312033541
-0.00129659502986
0.0
0.0
0.0
0.0
0.0
0.0
0.0
0.0
0.0
0.0
0.0
0.0
0.0
0.0
0.0
0.0
0.0
0.0
0.0
0.0
0.0
0.0
0.0
0.0
0.0
0.0
0.0
0.0
0.0
0.0
0.0
0.0
0.0
0.0
0.0
0.0
0.0
0.0
0.0
0.0
0.0
0.133683247559
0.0794841255955
0.0300584396019
0.0160245270448
0.0
0.0
0.0
0.0
0.0
0.0
0.0
0.0
0.0411847022518
0.0262851040118
0.0
0.0
0.0
0.0
0.0
0.0
0.192034589583
0.179864913358
0.178076020658
0.179092387265
0.179092387265
0.179092387265
0.179092387265
0.179092387265
0.0
0.0
0.0
0.0
0.0
0.0
0.0
0.0
0.0
0.0
0.0
0.0
0.0
0.0
0.0
0.0
0.0
0.0
0.0
0.0
0.0
0.0
0.0
0.0
0.0
0.0
0.0
0.0
0.0
0.0
0.0
0.0
0.0
0.0
0.0
0.0
0.0
0.0
0.0
0.0
0.0
0.0
0.0
0.0
0.0
0.0
0.0
0.0
-3.9152597756e-05
0.00470080124513
0.0112309829935
0.0159612804434
0.0232576199906
0.0223327335188
0.0214101861256
0.0261771852406
0.0
0.0
0.0147407791032
0.0222286837087
0.0284180858021
0.0293577838857
0.0401258936522
0.0117950158597
-0.000497737769563
0.00504585247469
0.0120485436156
0.0206915698164
0.0220566213441
0.0255809557372
0.0294768829035
0.0220604814943
0.0
0.0
0.0162085757351
0.0224530252363
0.0293536630286
0.0283515045256
0.0399287925285
0.00896443960625
0.0
0.0
0.0
0.0
0.0
0.0
0.0
0.0
0.0
0.0
0.0
0.0
0.0
0.0
0.0
0.0
0.0
0.0
0.0
0.0
0.0
0.0
0.0
0.0
0.0
0.0
0.0
0.0
0.0
0.0
0.0
0.0
0.0
0.0
0.0
0.0
0.0
0.0
0.0
0.0
0.0
0.0
0.0
0.0
0.0
0.0
0.0
0.0
0.0
0.0
0.0
0.0
0.0
0.0
0.0
0.0
0.0
0.0
0.0
0.0
0.0
0.0
0.0
0.0
0.0
0.0
0.000557261187583
0.0144673428507
0.0218701784629
0.00159928143877
0.0257446674195
0.00205829181353
0.0
0.0
0.000383285744104
0.0178074543975
0.0226080510412
0.0274777325149
0.00422626934682
0.00573738174537
0.0
0.0
-0.000160507915173
0.0144542965319
0.000492295350272
-0.000181239968035
0.0255682622912
0.000538851766317
0.0
0.0
0.000340489505122
0.0201776652871
0.00743347431943
0.0337227627568
0.00844891015165
0.00834722795367
0.0
0.0
0.0
0.0
-0.00762771806091
0.01990834792
0.0123765968211
0.00190963416269
-0.00617142233912
0.0168967486161
-0.00284900132633
0.0212327913246
0.0474618769651
0.0475040163339
-0.00179348469614
0.0
0.0
0.0
0.0
0.00491629485775
0.0109367423554
0.0162033863277
-0.0034267048987
0.0168885789179
0.0
0.0
0.0
-0.000129922990003
-0.000581099545846
-0.00708368320794
-0.0054566353089
0.0
0.0
0.0
0.0
0.0
0.0
0.0
0.0
0.0
0.0
0.0
0.0
0.0
0.0
0.0
0.0
0.0
0.0
0.0
0.0
-0.00886455926657
-0.0053413965633
0.0
0.0
0.0
-0.000241689614298
0.0160171364784
-0.00510972982843
-0.00358028758741
0.0489120456867
0.0
0.0
0.0
0.0
0.0
0.0
0.000992020107322
0.0
0.0
0.0
0.0
-0.0014531162376
-0.0014531162376
-0.0014531162376
0.0
0.0
0.0
0.0
-0.0014531162376
0.0
-0.00989994622487
0.0489120456867
0.0
0.0
0.0
0.0
0.0
0.0
0.0
0.0
0.0
0.0
0.0
0.0
0.0
0.0
0.0
0.0
0.0
0.0
0.0
0.0
0.0
0.0
0.0
0.0
0.0
0.0
0.0489120456867
0.0
-0.00324506102508
0.00719966070658
0.00729218113947
0.00902327351666
0.00902327351666
0.00902327351666
0.00902327351666
0.00902327351666
0.00902327351666
0.0
0.0
0.0
-0.00673314591937
0.0
0.0
0.0
-0.00943058175679
-0.000129922990003
-0.00905397840702
-0.00595735362506
0.00262718832077
0.0
0.0
0.0
-0.00457318892933
0.0
-0.00487514893683
-0.00634869172451
-0.00410438889796
-0.00350692030458
0.0
0.0
0.0
0.234030113191
0.234030113191
0.234030113191
0.234030113191
0.234030113191
0.234030113191
0.234030113191
0.234030113191
0.0
0.0
0.0
0.0
0.0
0.0
0.0
0.0
0.0
0.0
0.0
0.0
0.0
0.0
0.0
0.0
0.0
0.0
0.0
0.0
0.0
0.0
0.0
0.0
0.0
0.0
0.0
0.0
0.0
0.0
0.0
0.0
0.0
0.0
0.0
0.0
0.0
0.0
0.0
0.0
0.0
0.0
0.0
0.0
0.0
0.0
0.0
0.0
0.0
0.0
0.0
0.0
0.0
0.0
0.0
0.0
0.0
0.0
0.0
0.0
0.0
0.0
0.0
0.0
0.0
0.0
0.0
0.0
0.0
0.0
0.0
0.0
