0.0
0.0
0.0
0.0
0.0
0.0
0.0
0.0
0.0
0.0
0.0
0.0
0.0
0.0
0.0
0.0
0.0
0.0
0.0
0.0
0.0
0.0
0.0
0.0
0.0
0.0
0.0
0.0
0.0
0.0
0.0
0.0
0.0
0.0
0.0
0.0
0.0
0.0
0.0
0.0
0.0
0.0
0.0
0.0
0.0
0.0
0.0
0.0
0.0
0.0
0.0
0.0
0.0
0.0
0.0
0.0
0.0
0.0
0.0
0.0
0.0
0.0
0.0
0.0
0.0
0.0
0.0
0.0
0.0
0.0
0.0
0.0
0.0
0.0
0.0
0.0
0.0
0.0
0.0
0.0
0.0
0.0
0.0
0.0
0.0
0.0
0.0
0.0
0.0
0.0
0.0
0.0
0.0
0.0
0.0
0.0
0.0
0.0
0.0
0.0
0.0
0.0
0.0
0.0
0.0
0.0
0.0
0.0
0.0
0.0
0.0
0.0
0.0
0.0
0.0
0.0
0.0
0.0
0.0
0.0
0.0
0.0
0.0
0.0
0.0
0.0
0.0
0.0
0.0
0.0
0.0
0.0
0.0
0.0
0.0
0.0
0.0
0.0
0.0
0.0
0.0
0.0
0.00507267739083
5.55111512313e-17
1.11022302463e-16
-1.94289029309e-16
1.94289029309e-16
-1.11022302463e-16
2.18575157973e-16
-4.4408920985e-16
0.0
0.00303405610297
0.0
-2.77555756156e-17
-1.73472347598e-18
-3.46944695195e-18
-8.67361737988e-19
0.0
0.00621938511331
-1.08420217249e-19
2.71050543121e-20
-3.38813178902e-21
-8.47032947254e-22
0.0
0.0
0.0
0.0
-6.46234853557e-27
0.0
0.0
0.0
-7.88860905221e-31
0.0
0.0
0.0
-2.40741243048e-35
0.0
0.0
0.0
0.0
0.0
0.0
0.0
0.0
0.0
0.0
0.0
0.0
0.0
0.0
0.0
0.0
0.0
0.0
0.0
0.0
0.0
0.0
0.0
0.0
0.0
0.0
0.0
0.0
0.0
0.0
0.0
0.0
0.0
0.0
0.0
0.0
0.0
0.0
0.0
0.0
0.0
0.0
0.0
0.0
0.0
0.0
0.0
0.0
0.0
0.0
0.0
0.0
0.0
0.0
0.0
0.0
0.0
0.0
0.0
0.0
0.0
0.0
0.0
0.0
0.0
0.0
0.0
0.0
0.0
0.0
0.0
0.0
0.0
0.0
0.0
0.0
0.0
0.0
0.0193687315509
0.00691979130647
0.0
0.0
0.0
0.0
0.0
0.0
0.0
0.00606346642477
0.0
0.0
0.0
0.0
0.0
0.0
0.0199110912232
0.00581788013438
0.0
0.0
0.0
0.0
0.0
0.0
0.0
0.00520713168212
0.0
0.0
0.0
0.0
0.0
0.0
0.0
0.0
0.0
0.0
0.0
0.0
0.0
0.0
0.0
0.0
0.0
0.0
0.0
0.0
0.0
0.0
0.0
0.0
0.0
0.0
0.0
0.0
0.0
0.0
0.0
0.0
0.0
0.0
0.0
0.0
0.0
0.0
0.0
0.0
0.0
0.0
0.0
0.0
0.0
0.0
0.0
0.0
0.0
0.0
0.0
0.0
0.0
0.0
0.0
0.0
0.0
0.0
0.0
0.0
0.0
0.0
0.0
0.0
0.0
0.0
0.0
0.0
0.00544692474474
0.0
0.0
0.00544692474474
0.0
0.0
0.0
0.0
0.0128404169185
0.0
0.0
0.0128404169185
0.0
0.0
0.0
0.0
0.019009221405
0.0
0.0
0.019009221405
0.0
0.0
0.0
0.0
0.0
0.0
0.0
0.0
0.0
0.0
0.0
0.0
0.0
0.0
0.0
0.0
0.0
0.0
0.0
0.0
0.0
0.0
0.0
0.00641129049765
0.0
0.0
0.0
0.0
0.0
0.0
0.0
0.00159298363434
0.0
0.0
0.0
0.0
0.0
0.0
0.0
0.0126918610398
0.0
0.0
0.0
0.0
0.0
0.0
0.0
0.00241319335153
0.0
0.0
0.0
0.0
0.0
0.0
0.0
0.0214014905112
0.0
0.0
0.0
0.0
0.0
0.0
0.0
0.00247877939133
0.0
0.0
0.0
0.0
0.0
0.0
0.0
0.0556693592466
0.0
0.0
0.0
0.0
0.0
0.0
0.0
0.00545885764003
0.0
0.0
0.0
0.0
0.0
0.0
0.0
0.0
0.0
0.0
0.0
0.0
0.0
0.0
0.0
0.0
0.0
0.0
0.0
0.0
0.0
0.0
0.0
0.0
0.0
0.0
0.0
0.0
0.0
0.0
0.0
0.0
0.0
0.0
0.0
0.0
0.0
0.0
0.0
0.0
0.0
0.0
0.0
0.0
0.0
0.0
0.0
0.0
0.0
0.0
0.0
0.0
0.0
0.0
0.0
0.0
-0.00114197479377
0.0
0.0
0.0
0.0
0.0
0.0
0.0
0.0
0.0
-3.06556196818e-05
-3.06556196818e-05
0.00444024737864
0.00444024737864
0.01670494296
0.01670494296
-0.0109086659939
-0.0109086659939
-0.00531825237176
-0.00531825237176
0.00357698114369
0.00357698114369
0.0101951531998
0.0101951531998
-0.0121417832119
-0.0121417832119
-0.0153532444874
-0.0153532444874
-0.0157824508608
-0.0157824508608
-0.0157081491325
-0.0157081491325
0.0
0.0
0.0
0.0
-0.012241000721
-0.012241000721
-0.012241000721
0.0
0.0
0.0
0.0
0.0
0.0
0.0
0.0
0.0
0.0
0.000326770218038
0.000733972981334
0.0
0.0
0.0
0.0
0.0
0.0
0.0
0.0
0.0
0.0
0.0
0.0
0.0
0.0
0.0
0.0
0.0
0.0
0.0
0.0
0.0
0.0
0.0
0.0
0.0
0.0
0.0
0.0
0.0
-0.0119036338093
0.0
0.0
0.0
0.0
0.0
0.0
0.0
0.0
0.0
0.0
0.0
0.0
-3.06556196818e-05
0.0190630239456
0.00291456150119
0.0
0.0
0.0
0.0
0.0
0.0
0.0
0.0
0.0
0.0
0.0
0.0
0.0
0.0
0.0
0.0
0.0
0.000307958624763
0.00373356622746
0.00373356622746
0.00373356622746
0.00373356622746
0.00373356622746
0.00373356622746
0.0
0.0
0.0
0.0
0.0
0.0
0.0
0.0
0.0
0.0
0.0
0.0
0.0
0.0
0.0
0.0
0.0
0.0
0.0
0.0
0.0
0.0
0.0
0.0
0.0
0.0
0.0
0.0
0.0
0.0
0.0
0.0
0.0
0.0
0.0
0.0
0.0
0.0
0.0
0.0
0.0
0.0
0.0
0.0
0.0
0.0
0.0
0.0
6.60508785298e-05
0.00352172757606
0.00385274368024
0.00569865800932
-0.000472060000094
-0.0055150877878
0.00404736548483
0.01291496626
0.0
0.0
0.0
0.0
0.0
-0.055463606874
-0.000929961288336
-0.00115325178831
-4.52377449142e-05
-0.00182800494877
6.77346727219e-05
0.000146166703389
-0.0370420630783
-0.00250445434239
0.00626670794134
0.00914547213124
0.0
0.0
0.0
0.0
0.0
-0.0556523496727
-0.00598891668523
-0.000237455567231
0.0
0.0
0.0
0.0
0.0
0.0
0.0
0.0
0.0
0.0
0.0
0.0
0.0
0.0
0.0
0.0
0.0
0.0
0.0
0.0
0.0
0.0
0.0
0.0
0.0
0.0
0.0
0.0
0.0
0.0
0.0
0.0
0.0
0.0
0.0
0.0
0.0
0.0
0.0
0.0
0.0
0.0
0.0
0.0
0.0
0.0
0.0
0.0
0.0
0.0
0.0
0.0
0.0
0.0
0.0
0.0
0.0
0.0
0.0
0.0
0.0
0.0
0.0
0.0
0.0
0.0
0.0
0.0
0.0
0.0
-0.00197310783186
0.0
0.0
0.0
0.0
0.0
0.0
0.0
0.0
0.0
0.0
0.0
0.0
0.0
0.0
0.0
-0.00387964623019
0.0
0.0
0.0
0.0
0.0
0.0
0.0
0.0
0.0
0.0
0.0
0.0
0.0
0.0
0.0
0.0137635779065
0.00668602075494
0.0
0.0
0.0
0.0122791686937
0.0195421459729
0.0197316922593
0.0
0.0
0.0
0.0
0.0
0.0
0.0
0.0
0.0
0.00705897836578
0.0
0.0
0.0
0.0
0.0
0.0
0.0485487060502
0.0
0.0
0.0
0.0
0.0
0.0
0.0
0.0
0.0
0.0
0.0
0.0
0.0
0.0
0.0
0.0
0.0
0.0
0.0
0.0
0.0
0.00702507073983
0.0
0.0
0.0
0.000386994715174
0.000412543833171
0.0134853087902
0.0119564492504
0.000912356014259
0.0
0.0
0.0
0.0
0.0
0.0
0.0
0.0
0.0
0.0
0.0
0.00266095407248
0.00266095407248
0.00266095407248
0.0
0.0
0.0
0.0
0.00266095407248
0.0
0.0
0.000806082904812
0.0
0.0
0.0
0.0
0.0
0.0
0.0
0.0
0.0
0.0
0.0
0.0
0.0
0.0
0.0
0.0
0.0
0.0
0.0
0.0
0.0
0.0
0.0
0.0
0.0
0.0
0.00196148368481
0.0
0.00718709536144
0.0
0.0
0.0
0.0
0.0
0.0
0.0
0.0
0.0
0.0
0.0
0.0
0.0
0.0
0.0
0.0
0.0
0.00101745426552
0.00205125702735
0.00184249568562
0.0
0.0
0.0
0.00401041886923
0.0
0.0109995954084
0.0101447878166
0.00806248176393
-0.00239232097179
0.0
0.0
0.0
0.0
0.0
0.0
0.0
0.0
0.0
0.0
0.0
0.0
0.0
0.0
0.0
0.0
0.0
0.0
0.0
0.0
0.0
0.0
0.0
0.0
0.0
0.0
0.0
0.0
0.0
0.0
0.0
0.0
0.0
0.0
0.0
0.0
0.0
0.0
0.0
0.0
0.0
0.0
0.0
0.0
0.0
0.0
0.0
0.0
0.0
0.0
0.0
0.0
0.0
0.0
0.0
0.0
0.0
0.0
0.0
0.0
0.0
0.0
0.0
0.0
0.0
0.0
0.0
0.0
0.0
0.0
0.0
0.0
0.0
0.0
0.0
0.0
0.0
0.0
0.0
0.0
0.0
0.0
0.0
0.0
0.0
0.0
0.0
0.0
0.0
0.0
0.0
0.0
0.0
0.0
0.0
0.0
0.0
-0.0114233626109
-0.00901343637322
0.0
0.0
0.0
0.0
0.0
0.0
0.0
0.0
0.0
0.0
0.0
0.0
0.0
0.0
0.0
0.0
0.0
0.000341277424156
0.0
0.0
0.0
0.0
0.0
0.0
0.0
0.0
0.0
0.0
0.0
0.0
0.0
0.0
0.0
0.0
0.0
0.0
0.0
0.0
0.0
0.0
0.0
0.0
0.0
0.0
0.0
0.0
0.0
0.0
0.0
0.0
0.0
0.0
0.0
0.0
0.0
0.0
0.0
0.0
0.0
0.0
0.0
0.0
0.0
0.0
0.0
0.0
0.0
0.0
0.0
0.0
0.0
0.0
0.0
0.0
0.0
0.0
0.0
0.0
0.0
0.0
0.0
0.0
0.0
0.0
0.0
0.0
0.0
0.0
0.0
0.0
0.0
0.0
0.0
0.0
0.0
0.0
0.0
0.0
0.0
0.0
0.0
0.0
0.0
0.0
0.0
0.0
0.0
0.0
0.0
0.0
0.0
0.0
0.0
0.0
0.0
0.0
0.0
0.0
0.0
0.0
0.0
0.0
0.0
0.0
-0.0156797806693
0.0
-0.00152813147752
0.0793401165011
0.0
0.0
0.0
0.0
-0.0060088049001
0.0
0.000398432192601
0.042042978935
0.0
0.0
0.0
0.0
-0.0172435009213
0.0
0.0286535636074
0.0702991066428
0.0
0.0
0.0
0.0
0.0118734179778
0.0
0.0014821211206
0.0
0.0
0.0
0.0
0.0
0.0
0.0
0.0
0.0
0.0
0.0
0.0
0.0
0.0
0.0
0.0
0.0
0.0
0.0
0.0
0.0
0.0
0.0
0.0
0.0
0.0
0.0
0.0
0.0
0.0
0.0
0.0
0.0
0.0
0.0
0.0
0.0
0.0
0.0
0.0
0.0
0.0
0.0
0.0
0.0
0.0
0.0
0.0
0.0
0.0
0.0
0.0
0.0
0.0
0.0
0.0
0.0
0.0
0.0
0.0
0.0
0.0
0.0
0.0
0.0
0.0
0.0
0.0
0.0
0.0
0.0
0.0
0.0
0.0
0.0
0.0
0.0
0.0
0.0
0.0
0.0
0.0
0.0
-0.00866799861789
-0.0268624139075
-0.00708524307125
0.0257179731696
0.10648798259
0.0190105498305
0.0
0.0
0.0218326797934
0.0445205879215
-0.00119023462626
0.0147300361024
-0.00208845839344
0.0469876877922
0.0
0.0
-0.00816734951964
-0.0268376826114
-0.00700078452844
0.0263528415205
0.107143783012
0.0147734028808
0.0
0.0
0.0230409946654
0.0432989945183
-0.00115694565789
0.0228482339975
-0.00202450948598
0.0341139407256
0.0
0.0
0.0
0.0
0.0
0.0
0.0
0.0
0.0
0.0
0.0
0.0
0.0
0.0
0.0
0.0
0.0
0.0
0.0
0.0
0.0
0.0
0.0
0.0
0.0
0.0
0.0
0.0
0.0
0.0
0.0
0.0
0.0
0.0
0.0
0.0
0.0
0.0
0.0
0.0
0.0
0.0
0.0
0.0
0.0
0.0
0.0
0.0
0.0
0.0
0.0
0.0
0.0
0.0
0.0
0.0
0.0
0.0
0.0
0.0
0.0
0.0
0.0
0.0
0.0
0.0
0.0011105323282
0.0
0.0419193870267
0.0
0.0
0.0419193870267
0.0
0.0
0.00161490486352
0.0
0.0656428374387
0.0
0.0
0.0656428374387
0.0
0.0
0.000487868080438
0.0
0.0913832046148
0.0
0.0
0.0913832046148
0.0
0.0
-0.00530079282822
0.0
0.085769984732
0.0
0.0
0.085769984732
0.0
0.0
0.0
0.0
0.0
0.0
0.0
0.0
0.0
0.0
0.0
0.0
0.0
0.0
0.0
0.00148524856046
0.0
0.0
0.0
0.0
0.0
0.0
0.0
0.0
0.0
0.0
0.0
0.0
0.0
0.0
0.0
0.000350016141328
0.0
0.0
0.0
0.0
0.0
0.0
0.0
0.00164289082698
0.0
0.0
0.0
0.0
0.0
0.0
0.0
0.00208389858892
0.0
0.0
0.0
0.0
0.0
0.0
0.0
0.000391377123674
0.0
0.0
0.0
0.0
0.0
0.0
0.0
0.00229146995152
0.0
0.0
0.0
0.0
0.0
0.0
0.0
-0.000611714409719
0.00216306319955
-0.000620602731334
0.0039747143215
0.0039747143215
0.0039747143215
0.0039747143215
0.0039747143215
0.0039747143215
0.0226146485483
0.013942422839
0.0662784592092
0.0662784592092
0.0662784592092
0.0662784592092
0.0662784592092
0.0662784592092
0.0
0.0
0.0
0.0
0.0
0.0
0.0
0.0
0.0
0.0
0.0
0.0
0.0
0.0
0.0
0.0
0.0
0.0
0.0
0.0
0.0
0.0
0.0
0.0
0.0
0.0
0.0
0.0
0.0
0.0
0.0
0.0
0.0
0.0
0.0
0.0
0.0
0.0
0.0
0.0
0.000302629915096
0.0
0.0
0.0
0.0
0.0
0.0
0.0
0.00115690795058
0.00115690795058
0.00154815648484
0.00154815648484
0.00106732423605
0.00106732423605
0.00118661698148
0.00118661698148
0.0
0.0
0.000295094889505
0.000295094889505
-0.00178607433047
-0.00178607433047
-0.00602453115291
-0.00602453115291
0.0
0.0
0.0
0.0
0.0
0.0
0.0
0.0
0.0
0.0
0.0
0.0
0.0
0.0
0.0
0.0
0.0
0.0
0.0
0.0
0.0
0.0
0.0
0.0
-0.00862074681922
-0.00511917802841
-0.00129476558495
0.0
0.0
0.0
0.0
0.0
0.0
0.0
0.0
0.0
0.0
0.0
0.0
0.0
0.0
0.0
0.0
0.0
0.0
0.0
0.0
0.0
0.0
0.0
0.0
0.0
0.0
0.0
0.0
0.0
0.0
0.0
0.0
0.0
0.0
0.0
0.0
0.0
0.0
0.0
0.0
0.0
0.000141202102845
0.00182335614712
-1.41950243101e-05
-0.0011408240238
0.0
0.0
0.0
0.0
0.0
0.0
0.0
0.0
0.0669071902782
0.037519614729
0.0
0.0
0.0
0.0
0.0
0.0
-0.00439361124882
-0.00596937864185
-0.00844614028587
-0.00760836322833
-0.00760836322833
-0.00760836322833
-0.00760836322833
-0.00760836322833
0.0
0.0
0.0
0.0
0.0
0.0
0.0
0.0
0.0
0.0
0.0
0.0
0.0
0.0
0.0
0.0
0.0
0.0
0.0
0.0
0.0
0.0
0.0
0.0
0.0
0.0
0.0
0.0
0.0
0.0
0.0
0.0
0.0
0.0
0.0
0.0
0.0
0.0
0.0
0.0
0.0
0.0
0.0
0.0
0.0
0.0
0.0
0.0
-0.0266973285357
-0.0207377933468
-0.0298658866673
-0.043552202448
0.000651328926975
0.0441056708689
0.0614740360917
0.063953288852
0.0
0.0
-0.150493655369
-0.19498288803
-0.164325185783
-0.00893046751442
0.095659649287
0.000851122672577
-0.00628779371835
-0.0602894464033
-0.0852630958751
-0.109813803487
-0.00253015815038
0.0349593514364
0.0703708250813
0.0460724325903
0.0
0.0
-0.184280709417
-0.234790002594
-0.202998280056
-0.0314517469493
0.091882529228
0.00870342829676
0.0
0.0
0.0
0.0
0.0
0.0
0.0
0.0
0.0
0.0
0.0
0.0
0.0
0.0
0.0
0.0
0.0
0.0
0.0
0.0
0.0
0.0
0.0
0.0
0.0
0.0
0.0
0.0
0.0
0.0
0.0
0.0
0.0
0.0
0.0
0.0
0.0
0.0
0.0
0.0
0.0
0.0
0.0
0.0
0.0
0.0
0.0
0.0
0.0
0.0
0.0
0.0
0.0
0.0
0.0
0.0
0.0
0.0
0.0
0.0
0.0
0.0
0.0
0.0
0.0
0.0
-0.00797857300874
-0.157740428454
-0.111659719909
-0.106585057586
0.0116292342293
-0.0456925903707
0.0
0.0
-0.0115811103987
-0.188682236585
-0.170050031129
-0.107174092775
-0.162224817402
-0.195388892197
0.0
0.0
-0.00482948231746
-0.14079656035
-0.129345063322
-0.102076544875
0.00881628207567
-0.0448097112579
0.0
0.0
-0.0112898763986
-0.248828884642
-0.255835537714
-0.152773536097
-0.246919025588
-0.245935889766
0.0
0.0
0.0
0.0
0.00323273111948
0.0446565113531
0.0313986550839
0.00423205021249
-0.00773569761724
0.0123131713087
-0.00356194477377
0.0450961529895
0.110182397312
0.110503879658
-0.00208307243324
0.0
0.0
0.0
0.0
0.0266575747591
0.0326865885653
0.0396136340977
0.00455109753274
0.0268879549285
0.0
0.0
0.0
0.000120680935583
0.000539772677152
0.00658980649242
0.0050581644409
0.0
0.0
0.0
0.0
0.0
0.0
0.0
0.0
0.0
0.0
0.0
0.0
0.0
0.0
0.0
0.0
0.0
0.0
0.0
0.0
-0.000714550591388
-5.89606917686e-05
0.0
0.0
0.0
0.000483786802232
0.0488950162583
0.0118685437895
0.00844741109851
0.0764842491847
0.0
0.0
0.0
0.0
0.0
0.0
-0.000730097845634
0.0
0.0
0.0
0.0
0.00516285041008
0.00516285041008
0.00516285041008
0.0
0.0
0.0
0.0
0.00516285041008
0.0
0.0114989833063
0.0764842491847
0.0
0.0
0.0
0.0
0.0
0.0
0.0
0.0
0.0
0.0
0.0
0.0
0.0
0.0
0.0
0.0
0.0
0.0
0.0
0.0
0.0
0.0
0.0
0.0
0.0
0.0
0.0764842491847
0.0
0.00715118537889
0.00383254600359
0.00382147307551
0.0130704600557
0.0130704600557
0.0130704600557
0.0130704600557
0.0130704600557
0.0130704600557
0.0
0.0
0.0
0.00246654940707
0.0
0.0
0.0
0.00331734455794
0.000120680935583
0.00879590596341
0.0048424131007
0.00205258660155
0.0
0.0
0.0
0.00261493419964
0.0
0.00526617001015
0.00458522410871
0.0062553633853
0.00495649561384
0.0
0.0
0.0
-0.00337197465618
-0.00337197465618
-0.00337197465618
-0.00337197465618
-0.00337197465618
-0.00337197465618
-0.00337197465618
-0.00337197465618
0.0
0.0
0.0
0.0
0.0
0.0
0.0
0.0
0.0
0.0
0.0
0.0
0.0
0.0
0.0
0.0
0.0
0.0
0.0
0.0
0.0
0.0
0.0
0.0
0.0
0.0
0.0
0.0
0.0
0.0
0.0
0.0
0.0
0.0
0.0
0.0
0.0
0.0
0.0
0.0
0.0
0.0
0.0
0.0
0.0
0.0
0.0
0.0
0.0
0.0
0.0
0.0
0.0
0.0
0.0
0.0
0.0
0.0
0.0
0.0
0.0
0.0
0.0
0.0
0.0
0.0
0.0
0.0
0.0
0.0
0.0
0.0
