0.0
0.0
0.0
0.0
0.0
0.0
0.0
0.0
0.0
0.0
0.0
0.0
0.0
0.0
0.0
0.0
0.0
0.0
0.0
0.0
0.0
0.0
0.0
0.0
0.0
0.0
0.0
0.0
0.0
0.0
0.0
0.0
0.0
0.0
0.0
0.0
0.0
0.0
0.0
0.0
0.0
0.0
0.0
0.0
0.0
0.0
0.0
0.0
0.0
0.0
0.0
0.0
0.0
0.0
0.0
0.0
0.0
0.0
0.0
0.0
0.0
0.0
0.0
0.0
0.0
0.0
0.0
0.0
0.0
0.0
0.0
0.0
0.0
0.0
0.0
0.0
0.0
0.0
0.0
0.0
0.0
0.0
0.0
0.0
0.0
0.0
0.0
0.0
0.0
0.0
0.0
0.0
0.0
0.0
0.0
0.0
0.0
0.0
0.0
0.0
0.0
0.0
0.0
0.0
0.0
0.0
0.0
0.0
0.0
0.0
0.0
0.0
0.0
0.0
0.0
0.0
0.0
0.0
0.0
0.0
0.0
0.0
0.0
0.0
0.0
0.0
0.0
0.0
0.0
0.0
0.0
0.0
0.0
0.0
0.0
0.0
0.0
0.0
0.0
0.0
0.0
0.0
-0.00401694736055
5.55111512313e-17
0.0
2.22044604925e-16
8.32667268469e-17
-5.55111512313e-17
-1.38777878078e-17
0.0
-5.42101086243e-20
-0.00419166889308
0.0
0.0
0.0
0.0
0.0
-3.15544362088e-30
-0.00468093075353
0.0
0.0
0.0
0.0
0.0
0.0
0.0
0.0
0.0
0.0
0.0
0.0
0.0
0.0
0.0
0.0
0.0
0.0
0.0
0.0
0.0
0.0
0.0
0.0
0.0
0.0
0.0
0.0
0.0
0.0
0.0
0.0
0.0
0.0
0.0
0.0
0.0
0.0
0.0
0.0
0.0
0.0
0.0
0.0
0.0
0.0
0.0
0.0
0.0
0.0
0.0
0.0
0.0
0.0
0.0
0.0
0.0
0.0
0.0
0.0
0.0
0.0
0.0
0.0
0.0
0.0
0.0
0.0
0.0
0.0
0.0
0.0
0.0
0.0
0.0
0.0
0.0
0.0
0.0
0.0
0.0
0.0
0.0
0.0
0.0
0.0
0.0
0.0
0.0
0.0
0.0
0.0
0.0
0.0
0.0
-0.0127242547164
-0.00079733272388
0.0
0.0
0.0
0.0
0.0
0.0
0.0
-0.00617938070686
0.0
0.0
0.0
0.0
0.0
0.0
-0.0130618490323
-5.73287255143e-07
0.0
0.0
0.0
0.0
0.0
0.0
0.0
-0.00509821217268
0.0
0.0
0.0
0.0
0.0
0.0
0.0
0.0
0.0
0.0
0.0
0.0
0.0
0.0
0.0
0.0
0.0
0.0
0.0
0.0
0.0
0.0
0.0
0.0
0.0
0.0
0.0
0.0
0.0
0.0
0.0
0.0
0.0
0.0
0.0
0.0
0.0
0.0
0.0
0.0
0.0
0.0
0.0
0.0
0.0
0.0
0.0
0.0
0.0
0.0
0.0
0.0
0.0
0.0
0.0
0.0
0.0
0.0
0.0
0.0
0.0
0.0
0.0
0.0
0.0
0.0
0.0
0.0
-0.00887913949639
0.0
0.0
-0.00887913949639
0.0
0.0
0.0
0.0
-0.0156226978483
0.0
0.0
-0.0156226978483
0.0
0.0
0.0
0.0
-0.0206637960759
0.0
0.0
-0.0206637960759
0.0
0.0
0.0
0.0
0.0
0.0
0.0
0.0
0.0
0.0
0.0
0.0
0.0
0.0
0.0
0.0
0.0
0.0
0.0
0.0
0.0
0.0
0.0
-0.000802545393284
0.0
0.0
0.0
0.0
0.0
0.0
0.0
-0.000968716251823
0.0
0.0
0.0
0.0
0.0
0.0
0.0
-0.00334340243171
0.0
0.0
0.0
0.0
0.0
0.0
0.0
-0.00144650107169
0.0
0.0
0.0
0.0
0.0
0.0
0.0
-0.00463411708424
0.0
0.0
0.0
0.0
0.0
0.0
0.0
-0.000995274399189
0.0
0.0
0.0
0.0
0.0
0.0
0.0
-0.0096296855675
0.0
0.0
0.0
0.0
0.0
0.0
0.0
-0.00277547106619
0.0
0.0
0.0
0.0
0.0
0.0
0.0
0.0
0.0
0.0
0.0
0.0
0.0
0.0
0.0
0.0
0.0
0.0
0.0
0.0
0.0
0.0
0.0
0.0
0.0
0.0
0.0
0.0
0.0
0.0
0.0
0.0
0.0
0.0
0.0
0.0
0.0
0.0
0.0
0.0
0.0
0.0
0.0
0.0
0.0
0.0
0.0
0.0
0.0
0.0
0.0
0.0
0.0
0.0
0.0
0.0
-9.67609446769e-05
0.0
0.0
0.0
0.0
0.0
0.0
0.0
0.0
0.0
-0.000918603452285
-0.000918603452285
-0.00373889258505
-0.00373889258505
-0.0205907581121
-0.0205907581121
-0.0113857216971
-0.0113857216971
-0.0122363976274
-0.0122363976274
-0.0148799591613
-0.0148799591613
-0.0174565763785
-0.0174565763785
-0.01057494357
-0.01057494357
-0.00916424419827
-0.00916424419827
-0.00810334230918
-0.00810334230918
-0.00789302711496
-0.00789302711496
0.0
0.0
0.0
0.0
-0.00453677894735
-0.00453677894735
-0.00453677894735
0.0
0.0
0.0
0.0
0.0
0.0
0.0
0.0
0.0
0.0
-0.000308160006114
-0.00020286473456
0.0
0.0
0.0
0.0
0.0
0.0
0.0
0.0
0.0
0.0
0.0
0.0
0.0
0.0
0.0
0.0
0.0
0.0
0.0
0.0
0.0
0.0
0.0
0.0
0.0
0.0
0.0
0.0
0.0
-0.00920812159588
0.0
0.0
0.0
0.0
0.0
0.0
0.0
0.0
0.0
0.0
0.0
0.0
-0.000918603452285
-0.0174235081036
-0.00845319683267
0.0
0.0
0.0
0.0
0.0
0.0
0.0
0.0
0.0
0.0
0.0
0.0
0.0
0.0
0.0
0.0
0.0
-0.00139901551338
-0.000561792477228
-0.000561792477228
-0.000561792477228
-0.000561792477228
-0.000561792477228
-0.000561792477228
0.0
0.0
0.0
0.0
0.0
0.0
0.0
0.0
0.0
0.0
0.0
0.0
0.0
0.0
0.0
0.0
0.0
0.0
0.0
0.0
0.0
0.0
0.0
0.0
0.0
0.0
0.0
0.0
0.0
0.0
0.0
0.0
0.0
0.0
0.0
0.0
0.0
0.0
0.0
0.0
0.0
0.0
0.0
0.0
0.0
0.0
0.0
0.0
8.22021083564e-06
-0.00507546876894
-0.00603478715031
-0.00609006083445
-0.00636260043525
-0.00207998534386
-0.00514598041693
-0.00998435509047
0.0
0.0
0.0
0.0
0.0
-0.000699874979253
-0.00809712246779
-0.00608708940201
-0.000262239876181
0.000530008493923
-0.00425984819092
-0.0076113664763
-0.0013804056853
-0.00604762522643
-0.00703518752315
-0.0105707276209
0.0
0.0
0.0
0.0
0.0
0.000898468206405
-0.00680617961556
-0.000206247381648
0.0
0.0
0.0
0.0
0.0
0.0
0.0
0.0
0.0
0.0
0.0
0.0
0.0
0.0
0.0
0.0
0.0
0.0
0.0
0.0
0.0
0.0
0.0
0.0
0.0
0.0
0.0
0.0
0.0
0.0
0.0
0.0
0.0
0.0
0.0
0.0
0.0
0.0
0.0
0.0
0.0
0.0
0.0
0.0
0.0
0.0
0.0
0.0
0.0
0.0
0.0
0.0
0.0
0.0
0.0
0.0
0.0
0.0
0.0
0.0
0.0
0.0
0.0
0.0
0.0
0.0
0.0
0.0
0.0
0.0
-0.000831373674785
0.0
0.0
0.0
0.0
0.0
0.0
0.0
0.0
0.0
0.0
0.0
0.0
0.0
0.0
0.0
0.000430655190158
0.0
0.0
0.0
0.0
0.0
0.0
0.0
0.0
0.0
0.0
0.0
0.0
0.0
0.0
0.0
-0.00937368456335
-0.00196321005442
0.0
0.0
0.0
-0.0114399602561
-0.0169844976832
-0.0170900362641
0.0
0.0
0.0
0.0
0.0
0.0
0.0
0.0
0.0
-0.0054437162659
0.0
0.0
0.0
0.0
0.0
0.0
0.0852959101085
0.0
0.0
0.0
0.0
0.0
0.0
0.0
0.0
0.0
0.0
0.0
0.0
0.0
0.0
0.0
0.0
0.0
0.0
0.0
0.0
0.0
-0.0268288623596
0.0
0.0
0.0
-0.00020326414379
-0.000226672445703
-0.00597341756979
-0.00620621814752
-0.000263863356523
0.0
0.0
0.0
0.0
0.0
0.0
0.0
0.0
0.0
0.0
0.0
-0.00348009447156
-0.00348009447156
-0.00348009447156
0.0
0.0
0.0
0.0
-0.00348009447156
0.0
0.0
-0.000370414529842
0.0
0.0
0.0
0.0
0.0
0.0
0.0
0.0
0.0
0.0
0.0
0.0
0.0
0.0
0.0
0.0
0.0
0.0
0.0
0.0
0.0
0.0
0.0
0.0
0.0
0.0
-0.000834638660467
0.0
-0.0060478162878
0.0
0.0
0.0
0.0
0.0
0.0
0.0
0.0
0.0
0.0
0.0
0.0
0.0
0.0
0.0
0.0
0.0
-0.0119958295502
-0.0423254283665
-0.0511109131853
0.0
0.0
0.0
-0.0484732805939
0.0
-0.00742674070535
-0.0066502437371
-0.00771222196595
-0.0565925888848
0.0
0.0
0.0
0.0
0.0
0.0
0.0
0.0
0.0
0.0
0.0
0.0
0.0
0.0
0.0
0.0
0.0
0.0
0.0
0.0
0.0
0.0
0.0
0.0
0.0
0.0
0.0
0.0
0.0
0.0
0.0
0.0
0.0
0.0
0.0
0.0
0.0
0.0
0.0
0.0
0.0
0.0
0.0
0.0
0.0
0.0
0.0
0.0
0.0
0.0
0.0
0.0
0.0
0.0
0.0
0.0
0.0
0.0
0.0
0.0
0.0
0.0
0.0
0.0
0.0
0.0
0.0
0.0
0.0
0.0
0.0
0.0
0.0
0.0
0.0
0.0
0.0
0.0
0.0
0.0
0.0
0.0
0.0
0.0
0.0
0.0
0.0
0.0
0.0
0.0
0.0
0.0
0.0
0.0
0.0
0.0
0.0
0.000451769084303
0.000789613241878
0.0
0.0
0.0
0.0
0.0
0.0
0.0
0.0
0.0
0.0
0.0
0.0
0.0
0.0
0.0
0.0
0.0
-0.000303104911861
0.0
0.0
0.0
0.0
0.0
0.0
0.0
0.0
0.0
0.0
0.0
0.0
0.0
0.0
0.0
0.0
0.0
0.0
0.0
0.0
0.0
0.0
0.0
0.0
0.0
0.0
0.0
0.0
0.0
0.0
0.0
0.0
0.0
0.0
0.0
0.0
0.0
0.0
0.0
0.0
0.0
0.0
0.0
0.0
0.0
0.0
0.0
0.0
0.0
0.0
0.0
0.0
0.0
0.0
0.0
0.0
0.0
0.0
0.0
0.0
0.0
0.0
0.0
0.0
0.0
0.0
0.0
0.0
0.0
0.0
0.0
0.0
0.0
0.0
0.0
0.0
0.0
0.0
0.0
0.0
0.0
0.0
0.0
0.0
0.0
0.0
0.0
0.0
0.0
0.0
0.0
0.0
0.0
0.0
0.0
0.0
0.0
0.0
0.0
0.0
0.0
0.0
0.0
0.0
0.0
0.0
0.00586519472164
0.0
0.0137569702841
0.160082351317
0.0
0.0
0.0
0.0
-0.00231955060385
0.0
-0.0011301265442
0.11096350252
0.0
0.0
0.0
0.0
0.00732637205656
0.0
0.0387248178179
0.165153244669
0.0
0.0
0.0
0.0
-0.00262015692765
0.0
-0.00425410104129
0.0
0.0
0.0
0.0
0.0
0.0
0.0
0.0
0.0
0.0
0.0
0.0
0.0
0.0
0.0
0.0
0.0
0.0
0.0
0.0
0.0
0.0
0.0
0.0
0.0
0.0
0.0
0.0
0.0
0.0
0.0
0.0
0.0
0.0
0.0
0.0
0.0
0.0
0.0
0.0
0.0
0.0
0.0
0.0
0.0
0.0
0.0
0.0
0.0
0.0
0.0
0.0
0.0
0.0
0.0
0.0
0.0
0.0
0.0
0.0
0.0
0.0
0.0
0.0
0.0
0.0
0.0
0.0
0.0
0.0
0.0
0.0
0.0
0.0
0.0
0.0
0.0
0.0
0.0
0.0
0.0
0.0
0.0
0.0634592950368
0.0861831880117
0.0168928039798
0.120752903562
0.157506906889
0.0195476198758
0.0
0.0
0.0439234739563
0.0651693240129
-0.00271585564422
0.108786402009
-0.0015910669303
0.0604785646562
0.0
0.0
0.0636732830953
0.0864155100285
0.0168198944641
0.12230839379
0.158285235863
0.0139026461772
0.0
0.0
0.0451533625623
0.0648375906118
-0.00222445790893
0.118338639922
-0.00154745654834
0.0412638076926
0.0
0.0
0.0
0.0
0.0
0.0
0.0
0.0
0.0
0.0
0.0
0.0
0.0
0.0
0.0
0.0
0.0
0.0
0.0
0.0
0.0
0.0
0.0
0.0
0.0
0.0
0.0
0.0
0.0
0.0
0.0
0.0
0.0
0.0
0.0
0.0
0.0
0.0
0.0
0.0
0.0
0.0
0.0
0.0
0.0
0.0
0.0
0.0
0.0
0.0
0.0
0.0
0.0
0.0
0.0
0.0
0.0
0.0
0.0
0.0
0.0
0.0
0.0
0.0
0.0
0.0
-0.00966888441914
0.0
0.0248922354629
0.0
0.0
0.0248922354629
0.0
0.0
-0.0144486749674
0.0
0.0712342991685
0.0
0.0
0.0712342991685
0.0
0.0
-0.0241802723452
0.0
0.140434416889
0.0
0.0
0.140434416889
0.0
0.0
-0.0495672212856
0.0
0.196250834277
0.0
0.0
0.196250834277
0.0
0.0
0.0
0.0
0.0
0.0
0.0
0.0
0.0
0.0
0.0
0.0
0.0
0.0
0.0
-0.000454596671048
0.0
0.0
0.0
0.0
0.0
0.0
0.0
0.0
0.0
0.0
0.0
0.0
0.0
0.0
0.0
-0.00137350341199
0.0
0.0
0.0
0.0
0.0
0.0
0.0
-0.000268146398817
0.0
0.0
0.0
0.0
0.0
0.0
0.0
-0.00368247953092
0.0
0.0
0.0
0.0
0.0
0.0
0.0
0.000250731848496
0.0
0.0
0.0
0.0
0.0
0.0
0.0
-0.00981390671035
0.0
0.0
0.0
0.0
0.0
0.0
0.0
0.000297411167986
-0.00051654100333
0.000234254402786
-0.000863688224208
-0.000863688224208
-0.000863688224208
-0.000863688224208
-0.000863688224208
-0.000863688224208
-0.00211811800379
-0.00121575630887
-0.00696965394859
-0.00696965394859
-0.00696965394859
-0.00696965394859
-0.00696965394859
-0.00696965394859
0.0
0.0
0.0
0.0
0.0
0.0
0.0
0.0
0.0
0.0
0.0
0.0
0.0
0.0
0.0
0.0
0.0
0.0
0.0
0.0
0.0
0.0
0.0
0.0
0.0
0.0
0.0
0.0
0.0
0.0
0.0
0.0
0.0
0.0
0.0
0.0
0.0
0.0
0.0
0.0
-0.00027206948617
0.0
0.0
0.0
0.0
0.0
0.0
0.0
-0.00185707197763
-0.00185707197763
-0.00271266983278
-0.00271266983278
-0.00245504968732
-0.00245504968732
-0.00227168222503
-0.00227168222503
0.0
0.0
-0.000846334585403
-0.000846334585403
-0.000752118219686
-0.000752118219686
-0.000244193722625
-0.000244193722625
0.0
0.0
0.0
0.0
0.0
0.0
0.0
0.0
0.0
0.0
0.0
0.0
0.0
0.0
0.0
0.0
0.0
0.0
0.0
0.0
0.0
0.0
0.0
0.0
0.00168651485507
0.000573565301094
0.000210547336336
0.0
0.0
0.0
0.0
0.0
0.0
0.0
0.0
0.0
0.0
0.0
0.0
0.0
0.0
0.0
0.0
0.0
0.0
0.0
0.0
0.0
0.0
0.0
0.0
0.0
0.0
0.0
0.0
0.0
0.0
0.0
0.0
0.0
0.0
0.0
0.0
0.0
0.0
0.0
0.0
0.0
-0.0338698100777
-0.0205022380997
-0.00787777558961
-0.00425219988819
0.0
0.0
0.0
0.0
0.0
0.0
0.0
0.0
0.157820177425
0.10193583497
0.0
0.0
0.0
0.0
0.0
0.0
-0.0467009551395
-0.0429205912682
-0.0416190849734
-0.0419223221392
-0.0419223221392
-0.0419223221392
-0.0419223221392
-0.0419223221392
0.0
0.0
0.0
0.0
0.0
0.0
0.0
0.0
0.0
0.0
0.0
0.0
0.0
0.0
0.0
0.0
0.0
0.0
0.0
0.0
0.0
0.0
0.0
0.0
0.0
0.0
0.0
0.0
0.0
0.0
0.0
0.0
0.0
0.0
0.0
0.0
0.0
0.0
0.0
0.0
0.0
0.0
0.0
0.0
0.0
0.0
0.0
0.0
0.0273742199928
0.0370886389847
0.0565154113603
0.0698895915284
0.0916619822539
0.0822641964181
0.076736256799
0.0959591954763
0.0
0.0
0.0777657220926
0.102509301861
0.117692501189
0.11326126437
0.1450625777
0.0478187376038
0.00101028504059
0.0439964222274
0.0647346140703
0.0916832686879
0.0902199364583
0.0962622990025
0.106665462445
0.0833757811719
0.0
0.0
0.0878277347958
0.106550923524
0.12319044477
0.111836210031
0.14452793491
0.0328980102874
0.0
0.0
0.0
0.0
0.0
0.0
0.0
0.0
0.0
0.0
0.0
0.0
0.0
0.0
0.0
0.0
0.0
0.0
0.0
0.0
0.0
0.0
0.0
0.0
0.0
0.0
0.0
0.0
0.0
0.0
0.0
0.0
0.0
0.0
0.0
0.0
0.0
0.0
0.0
0.0
0.0
0.0
0.0
0.0
0.0
0.0
0.0
0.0
0.0
0.0
0.0
0.0
0.0
0.0
0.0
0.0
0.0
0.0
0.0
0.0
0.0
0.0
0.0
0.0
0.0
0.0
0.00387820570483
0.0797934760003
0.0985878911807
0.0228003844929
0.102240739401
0.0163333895412
0.0
0.0
0.00353750263208
0.0912395607301
0.102091866192
0.11280013092
0.0274234194044
0.0328708218813
0.0
0.0
0.000503545929975
0.0789518131838
0.0233147797199
0.0168256927431
0.10109006743
0.0116442241673
0.0
0.0
0.0034114498376
0.102836895931
0.0490342601753
0.137036775355
0.04418474075
0.0437457320459
0.0
0.0
0.0
0.0
-0.00418456604444
0.0930585757587
0.0519885095551
0.00849694532199
8.00293454235e-05
0.0731519961745
0.00173247187609
0.0814390887326
0.17203747325
0.172175286814
0.00217844571393
0.0
0.0
0.0
0.0
0.0411810384102
0.0579908114628
0.0715248200795
-0.0028712033392
0.0635393309678
0.0
0.0
0.0
-0.000106735701384
-0.000477390393389
-0.00581665836005
-0.00447855743218
0.0
0.0
0.0
0.0
0.0
0.0
0.0
0.0
0.0
0.0
0.0
0.0
0.0
0.0
0.0
0.0
0.0
0.0
0.0
0.0
-0.00390500100227
-0.00233406354257
0.0
0.0
0.0
-0.000158121759653
0.0840637513232
-0.00124825361101
-0.000795960643992
0.188127028319
0.0
0.0
0.0
0.0
0.0
0.0
0.00460845295595
0.0
0.0
0.0
0.0
-0.000885693078245
-0.000885693078245
-0.000885693078245
0.0
0.0
0.0
0.0
-0.000885693078245
0.0
-0.00556936215667
0.188127028319
0.0
0.0
0.0
0.0
0.0
0.0
0.0
0.0
0.0
0.0
0.0
0.0
0.0
0.0
0.0
0.0
0.0
0.0
0.0
0.0
0.0
0.0
0.0
0.0
0.0
0.0
0.188127028319
0.0
-0.000617213369914
-0.00210780712555
-0.00212890285324
-0.00356205811251
-0.00356205811251
-0.00356205811251
-0.00356205811251
-0.00356205811251
-0.00356205811251
0.0
0.0
0.0
-0.00613224030526
0.0
0.0
0.0
-0.00579641106412
-0.000106735701384
-0.00499853730489
-0.00385667801618
-0.00457180892418
0.0
0.0
0.0
-0.00308594894065
0.0
-0.0060283623659
-0.00329361459721
-0.00141947686505
-0.00370406990327
0.0
0.0
0.0
-0.0577280190872
-0.0577280190872
-0.0577280190872
-0.0577280190872
-0.0577280190872
-0.0577280190872
-0.0577280190872
-0.0577280190872
0.0
0.0
0.0
0.0
0.0
0.0
0.0
0.0
0.0
0.0
0.0
0.0
0.0
0.0
0.0
0.0
0.0
0.0
0.0
0.0
0.0
0.0
0.0
0.0
0.0
0.0
0.0
0.0
0.0
0.0
0.0
0.0
0.0
0.0
0.0
0.0
0.0
0.0
0.0
0.0
0.0
0.0
0.0
0.0
0.0
0.0
0.0
0.0
0.0
0.0
0.0
0.0
0.0
0.0
0.0
0.0
0.0
0.0
0.0
0.0
0.0
0.0
0.0
0.0
0.0
0.0
0.0
0.0
0.0
0.0
0.0
0.0
