0.0
0.0
0.0
0.0
0.0
0.0
0.0
0.0
0.0
0.0
0.0
0.0
0.0
0.0
0.0
0.0
0.0
0.0
0.0
0.0
0.0
0.0
0.0
0.0
0.0
0.0
0.0
0.0
0.0
0.0
0.0
0.0
0.0
0.0
0.0
0.0
0.0
0.0
0.0
0.0
0.0
0.0
0.0
0.0
0.0
0.0
0.0
0.0
0.0
0.0
0.0
0.0
0.0
0.0
0.0
0.0
0.0
0.0
0.0
0.0
0.0
0.0
0.0
0.0
0.0
0.0
0.0
0.0
0.0
0.0
0.0
0.0
0.0
0.0
0.0
0.0
0.0
0.0
0.0
0.0
0.0
0.0
0.0
0.0
0.0
0.0
0.0
0.0
0.0
0.0
0.0
0.0
0.0
0.0
0.0
0.0
0.0
0.0
0.0
0.0
0.0
0.0
0.0
0.0
0.0
0.0
0.0
0.0
0.0
0.0
0.0
0.0
0.0
0.0
0.0
0.0
0.0
0.0
0.0
0.0
0.0
0.0
0.0
0.0
0.0
0.0
0.0
0.0
0.0
0.0
0.0
0.0
0.0
0.0
0.0
0.0
0.0
0.0
0.0
0.0
0.0
0.0
-0.012486576868
-8.32667268469e-17
-3.46944695195e-16
-2.77555756156e-17
0.0
4.37150315946e-16
2.22044604925e-16
-5.55111512313e-17
-6.93889390391e-18
-0.0124011089287
0.0
-5.42101086243e-20
0.0
8.47032947254e-22
-1.5881867761e-22
-1.32348898008e-23
-0.030596704442
-4.13590306277e-25
-5.16987882846e-26
0.0
0.0
0.0
0.0
0.0
0.0
0.0
0.0
0.0
0.0
0.0
0.0
-2.86985925494e-42
5.73971850987e-42
-2.29588740395e-41
0.0
0.0
0.0
0.0
0.0
0.0
0.0
0.0
0.0
0.0
0.0
0.0
0.0
0.0
0.0
0.0
0.0
0.0
0.0
0.0
0.0
0.0
0.0
0.0
0.0
0.0
0.0
0.0
0.0
0.0
0.0
0.0
0.0
0.0
0.0
0.0
0.0
0.0
0.0
0.0
0.0
0.0
0.0
0.0
0.0
0.0
0.0
0.0
0.0
0.0
0.0
0.0
0.0
0.0
0.0
0.0
0.0
0.0
0.0
0.0
0.0
0.0
0.0
0.0
0.0
0.0
0.0
0.0
0.0
0.0
0.0
0.0
0.0
0.0
0.0
0.0
0.0
0.0
-0.162108765486
-0.0235479038806
0.0
0.0
0.0
0.0
0.0
0.0
0.0
-0.0721490607822
0.0
0.0
0.0
0.0
0.0
0.0
-0.163145609756
-0.0198727961847
0.0
0.0
0.0
0.0
0.0
0.0
0.0
-0.0507113494166
0.0
0.0
0.0
0.0
0.0
0.0
0.0
0.0
0.0
0.0
0.0
0.0
0.0
0.0
0.0
0.0
0.0
0.0
0.0
0.0
0.0
0.0
0.0
0.0
0.0
0.0
0.0
0.0
0.0
0.0
0.0
0.0
0.0
0.0
0.0
0.0
0.0
0.0
0.0
0.0
0.0
0.0
0.0
0.0
0.0
0.0
0.0
0.0
0.0
0.0
0.0
0.0
0.0
0.0
0.0
0.0
0.0
0.0
0.0
0.0
0.0
0.0
0.0
0.0
0.0
0.0
0.0
0.0
-0.0164352855534
0.0
0.0
-0.0164352855534
0.0
0.0
0.0
0.0
-0.0266773601194
0.0
0.0
-0.0266773601194
0.0
0.0
0.0
0.0
-0.0822945113906
0.0
0.0
-0.0822945113906
0.0
0.0
0.0
0.0
0.0
0.0
0.0
0.0
0.0
0.0
0.0
0.0
0.0
0.0
0.0
0.0
0.0
0.0
0.0
0.0
0.0
0.0
0.0
-0.00130497710729
0.0
0.0
0.0
0.0
0.0
0.0
0.0
-0.00720162676725
0.0
0.0
0.0
0.0
0.0
0.0
0.0
-0.00447398646987
0.0
0.0
0.0
0.0
0.0
0.0
0.0
-0.0171522185185
0.0
0.0
0.0
0.0
0.0
0.0
0.0
-0.000870236408139
0.0
0.0
0.0
0.0
0.0
0.0
0.0
-0.00836091346355
0.0
0.0
0.0
0.0
0.0
0.0
0.0
0.00205799189063
0.0
0.0
0.0
0.0
0.0
0.0
0.0
-0.0179229052455
0.0
0.0
0.0
0.0
0.0
0.0
0.0
0.0
0.0
0.0
0.0
0.0
0.0
0.0
0.0
0.0
0.0
0.0
0.0
0.0
0.0
0.0
0.0
0.0
0.0
0.0
0.0
0.0
0.0
0.0
0.0
0.0
0.0
0.0
0.0
0.0
0.0
0.0
0.0
0.0
0.0
0.0
0.0
0.0
0.0
0.0
0.0
0.0
0.0
0.0
0.0
0.0
0.0
0.0
0.0
0.0
-0.000859144672054
0.0
0.0
0.0
0.0
0.0
0.0
0.0
0.0
0.0
-6.303118374e-05
-6.303118374e-05
-0.00983178833808
-0.00983178833808
0.018920545059
0.018920545059
0.201644413964
0.201644413964
0.164367095715
0.164367095715
0.105473080111
0.105473080111
0.0580257263051
0.0580257263051
0.209504176456
0.209504176456
0.221982252838
0.221982252838
0.21512497883
0.21512497883
0.212194599921
0.212194599921
0.0
0.0
0.0
0.0
0.141504724157
0.141504724157
0.141504724157
0.0
0.0
0.0
0.0
0.0
0.0
0.0
0.0
0.0
0.0
0.000155506030893
-0.000522366888802
0.0
0.0
0.0
0.0
0.0
0.0
0.0
0.0
0.0
0.0
0.0
0.0
0.0
0.0
0.0
0.0
0.0
0.0
0.0
0.0
0.0
0.0
0.0
0.0
0.0
0.0
0.0
0.0
0.0
0.191492289984
0.0
0.0
0.0
0.0
0.0
0.0
0.0
0.0
0.0
0.0
0.0
0.0
-6.303118374e-05
-0.0423628810349
0.0516116252336
0.0
0.0
0.0
0.0
0.0
0.0
0.0
0.0
0.0
0.0
0.0
0.0
0.0
0.0
0.0
0.0
0.0
-0.000531826070797
0.00145992487177
0.00145992487177
0.00145992487177
0.00145992487177
0.00145992487177
0.00145992487177
0.0
0.0
0.0
0.0
0.0
0.0
0.0
0.0
0.0
0.0
0.0
0.0
0.0
0.0
0.0
0.0
0.0
0.0
0.0
0.0
0.0
0.0
0.0
0.0
0.0
0.0
0.0
0.0
0.0
0.0
0.0
0.0
0.0
0.0
0.0
0.0
0.0
0.0
0.0
0.0
0.0
0.0
0.0
0.0
0.0
0.0
0.0
0.0
-0.0162142271412
-0.0842482018211
-0.10415047408
-0.119683173242
-0.123141585577
-0.101050954311
-0.0836264868714
-0.109556653583
0.0
0.0
0.0
0.0
0.0
-0.0918860201259
-0.154280899017
-0.0313338321306
-0.000619252834893
-0.00715765249469
-0.0664899227493
-0.102120500195
-0.113064293163
-0.10465985001
-0.119037535324
-0.100944490295
0.0
0.0
0.0
0.0
0.0
-0.0557403939045
-0.153621418947
-0.03343109529
0.0
0.0
0.0
0.0
0.0
0.0
0.0
0.0
0.0
0.0
0.0
0.0
0.0
0.0
0.0
0.0
0.0
0.0
0.0
0.0
0.0
0.0
0.0
0.0
0.0
0.0
0.0
0.0
0.0
0.0
0.0
0.0
0.0
0.0
0.0
0.0
0.0
0.0
0.0
0.0
0.0
0.0
0.0
0.0
0.0
0.0
0.0
0.0
0.0
0.0
0.0
0.0
0.0
0.0
0.0
0.0
0.0
0.0
0.0
0.0
0.0
0.0
0.0
0.0
0.0
0.0
0.0
0.0
0.0
0.0
-0.014045255347
0.0
0.0
0.0
0.0
0.0
0.0
0.0
0.0
0.0
0.0
0.0
0.0
0.0
0.0
0.0
-0.000359611186822
0.0
0.0
0.0
0.0
0.0
0.0
0.0
0.0
0.0
0.0
0.0
0.0
0.0
0.0
0.0
-0.0406884179777
-0.00462167162057
0.0
0.0
0.0
-0.100490632865
-0.166346178484
-0.166105766933
0.0
0.0
0.0
0.0
0.0
0.0
0.0
0.0
0.0
-0.0428561942685
0.0
0.0
0.0
0.0
0.0
0.0
-0.0115244776256
0.0
0.0
0.0
0.0
0.0
0.0
0.0
0.0
0.0
0.0
0.0
0.0
0.0
0.0
0.0
0.0
0.0
0.0
0.0
0.0
0.0
-0.011783412198
0.0
0.0
0.0
0.000245002795591
0.000313388804637
-0.0162742860993
-0.0190271610907
-0.00064480281189
0.0
0.0
0.0
0.0
0.0
0.0
0.0
0.0
0.0
0.0
0.0
-0.0206598994145
-0.0206598994145
-0.0206598994145
0.0
0.0
0.0
0.0
-0.0206598994145
0.0
0.0
-0.00116927839438
0.0
0.0
0.0
0.0
0.0
0.0
0.0
0.0
0.0
0.0
0.0
0.0
0.0
0.0
0.0
0.0
0.0
0.0
0.0
0.0
0.0
0.0
0.0
0.0
0.0
0.0
-0.00299004092302
0.0
-0.019900349273
0.0
0.0
0.0
0.0
0.0
0.0
0.0
0.0
0.0
0.0
0.0
0.0
0.0
0.0
0.0
0.0
0.0
-7.1756119958e-06
-0.00225013794119
-0.00753773240608
0.0
0.0
0.0
-0.00714325073059
0.0
0.0148856294773
0.0111867306679
0.00741727139847
-0.00965446960542
0.0
0.0
0.0
0.0
0.0
0.0
0.0
0.0
0.0
0.0
0.0
0.0
0.0
0.0
0.0
0.0
0.0
0.0
0.0
0.0
0.0
0.0
0.0
0.0
0.0
0.0
0.0
0.0
0.0
0.0
0.0
0.0
0.0
0.0
0.0
0.0
0.0
0.0
0.0
0.0
0.0
0.0
0.0
0.0
0.0
0.0
0.0
0.0
0.0
0.0
0.0
0.0
0.0
0.0
0.0
0.0
0.0
0.0
0.0
0.0
0.0
0.0
0.0
0.0
0.0
0.0
0.0
0.0
0.0
0.0
0.0
0.0
0.0
0.0
0.0
0.0
0.0
0.0
0.0
0.0
0.0
0.0
0.0
0.0
0.0
0.0
0.0
0.0
0.0
0.0
0.0
0.0
0.0
0.0
0.0
0.0
0.0
0.00632695558763
0.00499401531912
0.0
0.0
0.0
0.0
0.0
0.0
0.0
0.0
0.0
0.0
0.0
0.0
0.0
0.0
0.0
0.0
0.0
0.000400757757498
0.0
0.0
0.0
0.0
0.0
0.0
0.0
0.0
0.0
0.0
0.0
0.0
0.0
0.0
0.0
0.0
0.0
0.0
0.0
0.0
0.0
0.0
0.0
0.0
0.0
0.0
0.0
0.0
0.0
0.0
0.0
0.0
0.0
0.0
0.0
0.0
0.0
0.0
0.0
0.0
0.0
0.0
0.0
0.0
0.0
0.0
0.0
0.0
0.0
0.0
0.0
0.0
0.0
0.0
0.0
0.0
0.0
0.0
0.0
0.0
0.0
0.0
0.0
0.0
0.0
0.0
0.0
0.0
0.0
0.0
0.0
0.0
0.0
0.0
0.0
0.0
0.0
0.0
0.0
0.0
0.0
0.0
0.0
0.0
0.0
0.0
0.0
0.0
0.0
0.0
0.0
0.0
0.0
0.0
0.0
0.0
0.0
0.0
0.0
0.0
0.0
0.0
0.0
0.0
0.0
0.0
0.00118857331522
0.0
0.000247280574171
0.00216105220839
0.0
0.0
0.0
0.0
0.00475192850579
0.0
0.000500327491081
0.00328648145641
0.0
0.0
0.0
0.0
0.00350656912715
0.0
0.000317759668371
0.00318334910411
0.0
0.0
0.0
0.0
0.00317713715442
0.0
0.00059792922315
0.0
0.0
0.0
0.0
0.0
0.0
0.0
0.0
0.0
0.0
0.0
0.0
0.0
0.0
0.0
0.0
0.0
0.0
0.0
0.0
0.0
0.0
0.0
0.0
0.0
0.0
0.0
0.0
0.0
0.0
0.0
0.0
0.0
0.0
0.0
0.0
0.0
0.0
0.0
0.0
0.0
0.0
0.0
0.0
0.0
0.0
0.0
0.0
0.0
0.0
0.0
0.0
0.0
0.0
0.0
0.0
0.0
0.0
0.0
0.0
0.0
0.0
0.0
0.0
0.0
0.0
0.0
0.0
0.0
0.0
0.0
0.0
0.0
0.0
0.0
0.0
0.0
0.0
0.0
0.0
0.0
0.0
0.0
0.00683781525361
0.00149637519442
-2.62353629119e-05
-0.00197967814813
0.000490397916236
0.000663071504227
0.0
0.0
0.0113045963464
0.00756648437635
0.00458152933345
0.00413391317227
0.00486697279468
-0.000135398106573
0.0
0.0
0.00694179776407
0.00153531290779
2.02594058065e-05
-0.00196120216519
0.000491843381848
0.000630239608665
0.0
0.0
0.0111550886009
0.00784193067292
0.00497013378089
0.00398221691552
0.00476590203742
-0.000270047187855
0.0
0.0
0.0
0.0
0.0
0.0
0.0
0.0
0.0
0.0
0.0
0.0
0.0
0.0
0.0
0.0
0.0
0.0
0.0
0.0
0.0
0.0
0.0
0.0
0.0
0.0
0.0
0.0
0.0
0.0
0.0
0.0
0.0
0.0
0.0
0.0
0.0
0.0
0.0
0.0
0.0
0.0
0.0
0.0
0.0
0.0
0.0
0.0
0.0
0.0
0.0
0.0
0.0
0.0
0.0
0.0
0.0
0.0
0.0
0.0
0.0
0.0
0.0
0.0
0.0
0.0
0.000273311920492
0.0
0.00167367163124
0.0
0.0
0.00167367163124
0.0
0.0
0.00177012424714
0.0
0.00196882410405
0.0
0.0
0.00196882410405
0.0
0.0
-0.00489143305352
0.0
0.00271162260371
0.0
0.0
0.00271162260371
0.0
0.0
-0.0103758440805
0.0
0.00426550137958
0.0
0.0
0.00426550137958
0.0
0.0
0.0
0.0
0.0
0.0
0.0
0.0
0.0
0.0
0.0
0.0
0.0
0.0
0.0
0.000726845455397
0.0
0.0
0.0
0.0
0.0
0.0
0.0
0.0
0.0
0.0
0.0
0.0
0.0
0.0
0.0
0.00236989031637
0.0
0.0
0.0
0.0
0.0
0.0
0.0
0.000671576399751
0.0
0.0
0.0
0.0
0.0
0.0
0.0
0.0032505781353
0.0
0.0
0.0
0.0
0.0
0.0
0.0
0.000298166815652
0.0
0.0
0.0
0.0
0.0
0.0
0.0
0.00649459819929
0.0
0.0
0.0
0.0
0.0
0.0
0.0
0.000933673463367
-0.000504308316545
-0.000883850256631
-0.00158117958176
-0.00158117958176
-0.00158117958176
-0.00158117958176
-0.00158117958176
-0.00158117958176
0.0077999463876
0.00429048805521
0.0216503898963
0.0216503898963
0.0216503898963
0.0216503898963
0.0216503898963
0.0216503898963
0.0
0.0
0.0
0.0
0.0
0.0
0.0
0.0
0.0
0.0
0.0
0.0
0.0
0.0
0.0
0.0
0.0
0.0
0.0
0.0
0.0
0.0
0.0
0.0
0.0
0.0
0.0
0.0
0.0
0.0
0.0
0.0
0.0
0.0
0.0
0.0
0.0
0.0
0.0
0.0
0.00033395665905
0.0
0.0
0.0
0.0
0.0
0.0
0.0
0.00069388762801
0.00069388762801
0.000289908428085
0.000289908428085
-1.18614581242e-05
-1.18614581242e-05
0.000148375122892
0.000148375122892
0.0
0.0
-2.60744274234e-05
-2.60744274234e-05
-9.4382416694e-05
-9.4382416694e-05
-0.00024874231535
-0.00024874231535
0.0
0.0
0.0
0.0
0.0
0.0
0.0
0.0
0.0
0.0
0.0
0.0
0.0
0.0
0.0
0.0
0.0
0.0
0.0
0.0
0.0
0.0
0.0
0.0
0.00350159544363
0.00217211990253
0.00102956247108
0.0
0.0
0.0
0.0
0.0
0.0
0.0
0.0
0.0
0.0
0.0
0.0
0.0
0.0
0.0
0.0
0.0
0.0
0.0
0.0
0.0
0.0
0.0
0.0
0.0
0.0
0.0
0.0
0.0
0.0
0.0
0.0
0.0
0.0
0.0
0.0
0.0
0.0
0.0
0.0
0.0
-0.00307712466955
-0.000925373192128
0.00972670666285
0.0125410577774
0.0
0.0
0.0
0.0
0.0
0.0
0.0
0.0
0.00570272419562
0.00394120433003
0.0
0.0
0.0
0.0
0.0
0.0
-0.010952038344
-0.0124823260257
-0.0143734202017
-0.0156756152004
-0.0156756152004
-0.0156756152004
-0.0156756152004
-0.0156756152004
0.0
0.0
0.0
0.0
0.0
0.0
0.0
0.0
0.0
0.0
0.0
0.0
0.0
0.0
0.0
0.0
0.0
0.0
0.0
0.0
0.0
0.0
0.0
0.0
0.0
0.0
0.0
0.0
0.0
0.0
0.0
0.0
0.0
0.0
0.0
0.0
0.0
0.0
0.0
0.0
0.0
0.0
0.0
0.0
0.0
0.0
0.0
0.0
-0.00337403929786
-0.00518663016152
-0.00914424768575
-0.0113138601547
-0.0128647324989
-0.00247493705652
-0.000545386881027
-0.00427217274471
0.0
0.0
-0.0044506651404
-0.00813903927417
-0.0125483679482
-0.00739563477639
-0.000117534075132
-0.00674755703288
0.000270683076486
-0.00346612988374
-0.00871173890752
-0.011099747807
-0.0125095007663
-0.00317963024196
-0.000986064526296
-0.00655962973398
0.0
0.0
-0.0066321798252
-0.010298252958
-0.01201943172
-0.00809315196283
-0.000263922048255
-0.000201582276534
0.0
0.0
0.0
0.0
0.0
0.0
0.0
0.0
0.0
0.0
0.0
0.0
0.0
0.0
0.0
0.0
0.0
0.0
0.0
0.0
0.0
0.0
0.0
0.0
0.0
0.0
0.0
0.0
0.0
0.0
0.0
0.0
0.0
0.0
0.0
0.0
0.0
0.0
0.0
0.0
0.0
0.0
0.0
0.0
0.0
0.0
0.0
0.0
0.0
0.0
0.0
0.0
0.0
0.0
0.0
0.0
0.0
0.0
0.0
0.0
0.0
0.0
0.0
0.0
0.0
0.0
0.000436599377796
-0.00215600305549
-0.00786663416409
-0.00329643382782
-0.00180703239827
-0.0195705922121
0.0
0.0
0.000501422184582
-0.0030335645608
-0.00679700676969
-0.00431586404944
-0.00460123475459
-0.00706257323814
0.0
0.0
0.000362497910571
-0.00160185830457
-0.00526030988263
-0.00213642036336
0.000907384020119
-0.0109786301832
0.0
0.0
0.000524226916932
-0.0069249771116
-0.00920911174357
-0.00456933119236
-0.00914448827979
-0.00912452103572
0.0
0.0
0.0
0.0
0.00995410761411
0.00969623899557
0.00418151808274
0.00059249841903
0.00542848216344
0.00436892128785
0.00487883924774
0.000700888479667
0.00102214492348
0.00102545836333
-0.0124625730307
0.0
0.0
0.0
0.0
0.0110123476614
0.00885007281017
0.0074030037735
0.00470923024771
0.00136210824454
0.0
0.0
0.0
0.000139811567417
0.000625333308497
0.00763423201044
0.00587825010158
0.0
0.0
0.0
0.0
0.0
0.0
0.0
0.0
0.0
0.0
0.0
0.0
0.0
0.0
0.0
0.0
0.0
0.0
0.0
0.0
0.00974717949923
0.00564029208146
0.0
0.0
0.0
0.000273150877421
0.0102036632509
0.00616925539321
0.00516552303473
0.00694592676458
0.0
0.0
0.0
0.0
0.0
0.0
0.000481878284203
0.0
0.0
0.0
0.0
0.0020609020052
0.0020609020052
0.0020609020052
0.0
0.0
0.0
0.0
0.0020609020052
0.0
0.0115912963373
0.00694592676458
0.0
0.0
0.0
0.0
0.0
0.0
0.0
0.0
0.0
0.0
0.0
0.0
0.0
0.0
0.0
0.0
0.0
0.0
0.0
0.0
0.0
0.0
0.0
0.0
0.0
0.0
0.00694592676458
0.0
0.00347488510026
-8.38144393612e-05
0.000315457631683
0.00298507919798
0.00298507919798
0.00298507919798
0.00298507919798
0.00298507919798
0.00298507919798
0.0
0.0
0.0
0.0102049688817
0.0
0.0
0.0
0.0103042889173
0.000139811567417
0.0147384636076
0.00852593735707
0.0059415978073
0.0
0.0
0.0
0.00512524076009
0.0
0.0114606777783
0.00926181456168
0.00762687693403
0.0080293663155
0.0
0.0
0.0
-0.0102094488828
-0.0102094488828
-0.0102094488828
-0.0102094488828
-0.0102094488828
-0.0102094488828
-0.0102094488828
-0.0102094488828
0.0
0.0
0.0
0.0
0.0
0.0
0.0
0.0
0.0
0.0
0.0
0.0
0.0
0.0
0.0
0.0
0.0
0.0
0.0
0.0
0.0
0.0
0.0
0.0
0.0
0.0
0.0
0.0
0.0
0.0
0.0
0.0
0.0
0.0
0.0
0.0
0.0
0.0
0.0
0.0
0.0
0.0
0.0
0.0
0.0
0.0
0.0
0.0
0.0
0.0
0.0
0.0
0.0
0.0
0.0
0.0
0.0
0.0
0.0
0.0
0.0
0.0
0.0
0.0
0.0
0.0
0.0
0.0
0.0
0.0
0.0
0.0
