1.0
1.0
1.0
1.0
1.0
1.0
1.0
1.0
1.0
1.0
1.0
1.0
1.0
1.0
1.0
1.0
1.0
1.0
1.0
1.0
1.0
1.0
1.0
1.0
1.0
1.0
1.0
1.0
1.0
1.0
1.0
1.0
1.0
1.0
1.0
1.0
1.0
1.0
1.0
1.0
1.0
1.0
1.0
1.0
1.0
1.0
1.0
1.0
1.0
1.0
1.0
1.0
1.0
1.0
1.0
1.0
1.0
1.0
1.0
1.0
1.0
1.0
1.0
1.0
1.0
1.0
1.0
1.0
1.0
1.0
1.0
1.0
1.0
1.0
1.0
1.0
1.0
1.0
1.0
1.0
1.0
1.0
1.0
1.0
1.0
1.0
1.0
1.0
1.0
1.0
1.0
1.0
1.0
1.0
1.0
1.0
1.0
1.0
1.0
1.0
1.0
1.0
1.0
1.0
1.0
1.0
1.0
1.0
1.0
1.0
1.0
1.0
1.0
1.0
1.0
1.0
1.0
1.0
1.0
1.0
1.0
1.0
1.0
1.0
1.0
1.0
1.0
1.0
1.0
1.0
1.0
1.0
1.0
1.0
1.0
1.0
1.0
1.0
1.0
1.0
1.0
1.0
0.0396230635069
1.0
1.0
1.0
1.0
1.0
1.0
1.0
1.0
0.0868971789299
1.0
1.0
1.0
1.0
1.0
1.0
0.0449683354753
1.0
1.0
1.0
1.0
1.0
1.0
1.0
1.0
1.0
1.0
1.0
1.0
1.0
1.0
1.0
1.0
1.0
1.0
1.0
1.0
1.0
1.0
1.0
1.0
1.0
1.0
1.0
1.0
1.0
1.0
1.0
1.0
1.0
1.0
1.0
1.0
1.0
1.0
1.0
1.0
1.0
1.0
1.0
1.0
1.0
1.0
1.0
1.0
1.0
1.0
1.0
1.0
1.0
1.0
1.0
1.0
1.0
1.0
1.0
1.0
1.0
1.0
1.0
1.0
1.0
1.0
1.0
1.0
1.0
1.0
1.0
1.0
1.0
1.0
1.0
1.0
1.0
1.0
1.0
1.0
1.0
1.0
1.0
1.0
1.0
1.0
1.0
1.0
1.0
1.0
1.0
1.0
1.0
1.0
1.0
0.19941026283
0.0358588860962
1.0
1.0
1.0
1.0
1.0
1.0
1.0
0.0730947086511
1.0
1.0
1.0
1.0
1.0
1.0
0.200426355013
0.0324688834869
1.0
1.0
1.0
1.0
1.0
1.0
1.0
0.057469933229
1.0
1.0
1.0
1.0
1.0
1.0
1.0
1.0
1.0
1.0
1.0
1.0
1.0
1.0
1.0
1.0
1.0
1.0
1.0
1.0
1.0
1.0
1.0
1.0
1.0
1.0
1.0
1.0
1.0
1.0
1.0
1.0
1.0
1.0
1.0
1.0
1.0
1.0
1.0
1.0
1.0
1.0
1.0
1.0
1.0
1.0
1.0
1.0
1.0
1.0
1.0
1.0
1.0
1.0
1.0
1.0
1.0
1.0
1.0
1.0
1.0
1.0
1.0
1.0
1.0
1.0
1.0
1.0
0.0358588860962
1.0
1.0
0.0358588860962
1.0
1.0
1.0
1.0
0.111220446501
1.0
1.0
0.111220446501
1.0
1.0
1.0
1.0
0.197408523047
1.0
1.0
0.197408523047
1.0
1.0
1.0
1.0
1.0
1.0
1.0
1.0
1.0
1.0
1.0
1.0
1.0
1.0
1.0
1.0
1.0
1.0
1.0
1.0
1.0
1.0
1.0
0.0290441201525
1.0
1.0
1.0
1.0
1.0
1.0
1.0
0.00795716777668
1.0
1.0
1.0
1.0
1.0
1.0
1.0
0.0571039187003
1.0
1.0
1.0
1.0
1.0
1.0
1.0
0.0180844970322
1.0
1.0
1.0
1.0
1.0
1.0
1.0
0.0953791230907
1.0
1.0
1.0
1.0
1.0
1.0
1.0
0.0145266609551
1.0
1.0
1.0
1.0
1.0
1.0
1.0
0.207396288823
1.0
1.0
1.0
1.0
1.0
1.0
1.0
0.050679424049
1.0
1.0
1.0
1.0
1.0
1.0
1.0
1.0
1.0
1.0
1.0
1.0
1.0
1.0
1.0
1.0
1.0
1.0
1.0
1.0
1.0
1.0
1.0
1.0
1.0
1.0
1.0
1.0
1.0
1.0
1.0
1.0
1.0
1.0
1.0
1.0
1.0
1.0
1.0
1.0
1.0
1.0
1.0
1.0
1.0
1.0
1.0
1.0
1.0
1.0
1.0
1.0
1.0
1.0
1.0
1.0
0.00974534614172
1.0
1.0
1.0
1.0
1.0
1.0
1.0
1.0
1.0
0.00918804894265
0.00918804894265
0.0428126540456
0.0428126540456
0.197751986001
0.197751986001
0.0426896775816
0.0426896775816
0.0604038634177
0.0604038634177
0.0941214466916
0.0941214466916
0.139923268888
0.139923268888
0.0386825552673
0.0386825552673
0.0297607382184
0.0297607382184
0.024085291561
0.024085291561
0.0234195806239
0.0234195806239
1.0
1.0
1.0
1.0
0.0121542614102
0.0121542614102
0.0121542614102
1.0
1.0
1.0
1.0
1.0
1.0
1.0
1.0
1.0
1.0
0.00859467815421
0.0102724425879
1.0
1.0
1.0
1.0
1.0
1.0
1.0
1.0
1.0
1.0
1.0
1.0
1.0
1.0
1.0
1.0
1.0
1.0
1.0
1.0
1.0
1.0
1.0
1.0
1.0
1.0
1.0
1.0
1.0
0.0374384153193
1.0
1.0
1.0
1.0
1.0
1.0
1.0
1.0
1.0
1.0
1.0
1.0
0.00918804894265
0.19716275826
0.0571956448401
1.0
1.0
1.0
1.0
1.0
1.0
1.0
1.0
1.0
1.0
1.0
1.0
1.0
1.0
1.0
1.0
1.0
0.00459416992933
0.0159128238296
0.0159128238296
0.0159128238296
0.0159128238296
0.0159128238296
0.0159128238296
1.0
1.0
1.0
1.0
1.0
1.0
1.0
1.0
1.0
1.0
1.0
1.0
1.0
1.0
1.0
1.0
1.0
1.0
1.0
1.0
1.0
1.0
1.0
1.0
1.0
1.0
1.0
1.0
1.0
1.0
1.0
1.0
1.0
1.0
1.0
1.0
1.0
1.0
1.0
1.0
1.0
1.0
1.0
1.0
1.0
1.0
1.0
1.0
0.0437839413783
0.209238442871
0.186336983402
0.169135711127
0.162378298768
0.11445499792
0.0899513487491
0.131503754904
1.0
1.0
1.0
1.0
1.0
0.20996982867
0.176331006701
0.132659690859
0.0162408720914
0.0265815589092
0.15185756779
0.21382673466
0.20579140459
0.15294577987
0.13146503553
0.153404874616
1.0
1.0
1.0
1.0
1.0
0.177085227453
0.17647095512
0.0446163449023
1.0
1.0
1.0
1.0
1.0
1.0
1.0
1.0
1.0
1.0
1.0
1.0
1.0
1.0
1.0
1.0
1.0
1.0
1.0
1.0
1.0
1.0
1.0
1.0
1.0
1.0
1.0
1.0
1.0
1.0
1.0
1.0
1.0
1.0
1.0
1.0
1.0
1.0
1.0
1.0
1.0
1.0
1.0
1.0
1.0
1.0
1.0
1.0
1.0
1.0
1.0
1.0
1.0
1.0
1.0
1.0
1.0
1.0
1.0
1.0
1.0
1.0
1.0
1.0
1.0
1.0
1.0
1.0
1.0
1.0
0.0295832168207
1.0
1.0
1.0
1.0
1.0
1.0
1.0
1.0
1.0
1.0
1.0
1.0
1.0
1.0
1.0
0.00562665636817
1.0
1.0
1.0
1.0
1.0
1.0
1.0
1.0
1.0
1.0
1.0
1.0
1.0
1.0
1.0
0.156992407586
0.0370143560259
1.0
1.0
1.0
0.171841597859
0.221423115909
0.222679313624
1.0
1.0
1.0
1.0
1.0
1.0
1.0
1.0
1.0
0.105955341952
1.0
1.0
1.0
1.0
1.0
1.0
0.201124376495
1.0
1.0
1.0
1.0
1.0
1.0
1.0
1.0
1.0
1.0
1.0
1.0
1.0
1.0
1.0
1.0
1.0
1.0
1.0
1.0
1.0
0.208733811626
1.0
1.0
1.0
0.00562665636817
0.00649706885309
0.18933096389
0.16363301051
0.0102724425879
1.0
1.0
1.0
1.0
1.0
1.0
1.0
1.0
1.0
1.0
1.0
0.0502633659605
0.0502633659605
0.0502633659605
1.0
1.0
1.0
1.0
0.0502633659605
1.0
1.0
0.0102724425879
1.0
1.0
1.0
1.0
1.0
1.0
1.0
1.0
1.0
1.0
1.0
1.0
1.0
1.0
1.0
1.0
1.0
1.0
1.0
1.0
1.0
1.0
1.0
1.0
1.0
1.0
0.0335848323336
1.0
0.132314049976
1.0
1.0
1.0
1.0
1.0
1.0
1.0
1.0
1.0
1.0
1.0
1.0
1.0
1.0
1.0
1.0
1.0
0.0794531123131
0.175404148622
0.136956628706
1.0
1.0
1.0
0.153044285258
1.0
0.221187926636
0.167719797935
0.130102058775
0.110524329414
1.0
1.0
1.0
1.0
1.0
1.0
1.0
1.0
1.0
1.0
1.0
1.0
1.0
1.0
1.0
1.0
1.0
1.0
1.0
1.0
1.0
1.0
1.0
1.0
1.0
1.0
1.0
1.0
1.0
1.0
1.0
1.0
1.0
1.0
1.0
1.0
1.0
1.0
1.0
1.0
1.0
1.0
1.0
1.0
1.0
1.0
1.0
1.0
1.0
1.0
1.0
1.0
1.0
1.0
1.0
1.0
1.0
1.0
1.0
1.0
1.0
1.0
1.0
1.0
1.0
1.0
1.0
1.0
1.0
1.0
1.0
1.0
1.0
1.0
1.0
1.0
1.0
1.0
1.0
1.0
1.0
1.0
1.0
1.0
1.0
1.0
1.0
1.0
1.0
1.0
1.0
1.0
1.0
1.0
1.0
1.0
1.0
0.198729432612
0.139814609049
1.0
1.0
1.0
1.0
1.0
1.0
1.0
1.0
1.0
1.0
1.0
1.0
1.0
1.0
1.0
1.0
1.0
0.00918804894265
1.0
1.0
1.0
1.0
1.0
1.0
1.0
1.0
1.0
1.0
1.0
1.0
1.0
1.0
1.0
1.0
1.0
1.0
1.0
1.0
1.0
1.0
1.0
1.0
1.0
1.0
1.0
1.0
1.0
1.0
1.0
1.0
1.0
1.0
1.0
1.0
1.0
1.0
1.0
1.0
1.0
1.0
1.0
1.0
1.0
1.0
1.0
1.0
1.0
1.0
1.0
1.0
1.0
1.0
1.0
1.0
1.0
1.0
1.0
1.0
1.0
1.0
1.0
1.0
1.0
1.0
1.0
1.0
1.0
1.0
1.0
1.0
1.0
1.0
1.0
1.0
1.0
1.0
1.0
1.0
1.0
1.0
1.0
1.0
1.0
1.0
1.0
1.0
1.0
1.0
1.0
1.0
1.0
1.0
1.0
1.0
1.0
1.0
1.0
1.0
1.0
1.0
1.0
1.0
1.0
1.0
0.0724490650989
1.0
0.0102724425879
0.0507829004796
1.0
1.0
1.0
1.0
0.0987913822891
1.0
0.0112527782824
0.0500540267018
1.0
1.0
1.0
1.0
0.0831043729149
1.0
0.0112527782824
0.0578336005777
1.0
1.0
1.0
1.0
0.0225012804259
1.0
0.0335848323336
1.0
1.0
1.0
1.0
1.0
1.0
1.0
1.0
1.0
1.0
1.0
1.0
1.0
1.0
1.0
1.0
1.0
1.0
1.0
1.0
1.0
1.0
1.0
1.0
1.0
1.0
1.0
1.0
1.0
1.0
1.0
1.0
1.0
1.0
1.0
1.0
1.0
1.0
1.0
1.0
1.0
1.0
1.0
1.0
1.0
1.0
1.0
1.0
1.0
1.0
1.0
1.0
1.0
1.0
1.0
1.0
1.0
1.0
1.0
1.0
1.0
1.0
1.0
1.0
1.0
1.0
1.0
1.0
1.0
1.0
1.0
1.0
1.0
1.0
1.0
1.0
1.0
1.0
1.0
1.0
1.0
1.0
1.0
0.201268434387
0.139306314011
0.099521608778
0.0789927611556
0.0421941612897
0.00859467815419
1.0
1.0
0.210379877575
0.157787956691
0.131232461565
0.0756899300683
0.0822230025863
0.0171874512936
1.0
1.0
0.201364404665
0.139160717041
0.0992614555327
0.0789267718717
0.0420693636605
0.00859467815419
1.0
1.0
0.210675421134
0.158136590947
0.130999444087
0.0759650638959
0.0816512424921
0.0137813460932
1.0
1.0
1.0
1.0
1.0
1.0
1.0
1.0
1.0
1.0
1.0
1.0
1.0
1.0
1.0
1.0
1.0
1.0
1.0
1.0
1.0
1.0
1.0
1.0
1.0
1.0
1.0
1.0
1.0
1.0
1.0
1.0
1.0
1.0
1.0
1.0
1.0
1.0
1.0
1.0
1.0
1.0
1.0
1.0
1.0
1.0
1.0
1.0
1.0
1.0
1.0
1.0
1.0
1.0
1.0
1.0
1.0
1.0
1.0
1.0
1.0
1.0
1.0
1.0
1.0
1.0
0.0192154447167
1.0
0.0180844970322
1.0
1.0
0.0180844970322
1.0
1.0
0.0302870379592
1.0
0.0269750963476
1.0
1.0
0.0269750963476
1.0
1.0
0.0518061803436
1.0
0.0463493581385
1.0
1.0
0.0463493581385
1.0
1.0
0.0852668305859
1.0
0.0749279803193
1.0
1.0
0.0749279803193
1.0
1.0
1.0
1.0
1.0
1.0
1.0
1.0
1.0
1.0
1.0
1.0
1.0
1.0
1.0
0.0197566221946
1.0
1.0
1.0
1.0
1.0
1.0
1.0
1.0
1.0
1.0
1.0
1.0
1.0
1.0
1.0
0.0450850500451
1.0
1.0
1.0
1.0
1.0
1.0
1.0
0.0085946781542
1.0
1.0
1.0
1.0
1.0
1.0
1.0
0.0781304420879
1.0
1.0
1.0
1.0
1.0
1.0
1.0
0.0102724425879
1.0
1.0
1.0
1.0
1.0
1.0
1.0
0.171321652075
1.0
1.0
1.0
1.0
1.0
1.0
1.0
0.031813550996
0.010773771822
0.00795716777667
0.0375786990993
0.0375786990993
0.0375786990993
0.0375786990993
0.0375786990993
0.0375786990993
0.0824126834662
0.0489937790029
0.189897462688
0.189897462688
0.189897462688
0.189897462688
0.189897462688
0.189897462688
1.0
1.0
1.0
1.0
1.0
1.0
1.0
1.0
1.0
1.0
1.0
1.0
1.0
1.0
1.0
1.0
1.0
1.0
1.0
1.0
1.0
1.0
1.0
1.0
1.0
1.0
1.0
1.0
1.0
1.0
1.0
1.0
1.0
1.0
1.0
1.0
1.0
1.0
1.0
1.0
0.00795716777667
1.0
1.0
1.0
1.0
1.0
1.0
1.0
0.0200217179297
0.0200217179297
0.0212976803713
0.0212976803713
0.0192154447167
0.0192154447167
0.0186585535287
0.0186585535287
1.0
1.0
0.00562665636816
0.00562665636816
0.0125807894021
0.0125807894021
0.00918804894265
0.00918804894265
1.0
1.0
1.0
1.0
1.0
1.0
1.0
1.0
1.0
1.0
1.0
1.0
1.0
1.0
1.0
1.0
1.0
1.0
1.0
1.0
1.0
1.0
1.0
1.0
0.0958665987979
0.0608358822431
0.0281225909854
1.0
1.0
1.0
1.0
1.0
1.0
1.0
1.0
1.0
1.0
1.0
1.0
1.0
1.0
1.0
1.0
1.0
1.0
1.0
1.0
1.0
1.0
1.0
1.0
1.0
1.0
1.0
1.0
1.0
1.0
1.0
1.0
1.0
1.0
1.0
1.0
1.0
1.0
1.0
1.0
1.0
0.0698803188648
0.0408002478686
0.0145266609551
0.00795716777667
1.0
1.0
1.0
1.0
1.0
1.0
1.0
1.0
0.077729140506
0.0543757037732
1.0
1.0
1.0
1.0
1.0
1.0
0.0854495634618
0.0665075202789
0.0573786513947
0.0561783116731
0.0561783116731
0.0561783116731
0.0561783116731
0.0561783116731
1.0
1.0
1.0
1.0
1.0
1.0
1.0
1.0
1.0
1.0
1.0
1.0
1.0
1.0
1.0
1.0
1.0
1.0
1.0
1.0
1.0
1.0
1.0
1.0
1.0
1.0
1.0
1.0
1.0
1.0
1.0
1.0
1.0
1.0
1.0
1.0
1.0
1.0
1.0
1.0
1.0
1.0
1.0
1.0
1.0
1.0
1.0
1.0
0.204642488394
0.146936483652
0.105467463799
0.0748583186618
0.055709666442
0.0294046199239
0.0194879149597
0.0331111944635
1.0
1.0
0.183660622626
0.13080492235
0.0930134781845
0.0582849509475
0.0393566544901
0.0357118097369
0.0207967078479
0.189717427378
0.136213353262
0.0973138193659
0.0711398208279
0.0414396980784
0.0301126304853
0.0394900850662
1.0
1.0
0.202726089601
0.142646035318
0.0984241542657
0.0650764210579
0.0393566544901
0.0112527782824
1.0
1.0
1.0
1.0
1.0
1.0
1.0
1.0
1.0
1.0
1.0
1.0
1.0
1.0
1.0
1.0
1.0
1.0
1.0
1.0
1.0
1.0
1.0
1.0
1.0
1.0
1.0
1.0
1.0
1.0
1.0
1.0
1.0
1.0
1.0
1.0
1.0
1.0
1.0
1.0
1.0
1.0
1.0
1.0
1.0
1.0
1.0
1.0
1.0
1.0
1.0
1.0
1.0
1.0
1.0
1.0
1.0
1.0
1.0
1.0
1.0
1.0
1.0
1.0
1.0
1.0
0.010773771822
0.175206823028
0.122669614935
0.100143105782
0.0815874594304
0.0449683354752
1.0
1.0
0.0125807894021
0.17546048089
0.130960564555
0.103441983289
0.0810753390617
0.0661131548913
1.0
1.0
0.00649706885309
0.176162900979
0.128366563883
0.1174649281
0.0941764905302
0.0552369948404
1.0
1.0
0.0129933148497
0.171697347496
0.123500637585
0.0945608672798
0.0666646015213
0.0662711877026
1.0
1.0
1.0
1.0
0.217009857348
0.168900655392
0.0641042954789
0.018373770373
0.157342999258
0.0930692012446
0.0905838024307
0.0504718281352
0.0463493581385
0.0462358617086
0.0543757037732
1.0
1.0
1.0
1.0
0.219683931118
0.165780673578
0.121411728358
0.110057678804
0.0295832168207
1.0
1.0
1.0
0.00324858585303
0.0145266609551
0.171350584868
0.13369084709
1.0
1.0
1.0
1.0
1.0
1.0
1.0
1.0
1.0
1.0
1.0
1.0
1.0
1.0
1.0
1.0
1.0
1.0
1.0
1.0
0.219942665554
0.139306314011
1.0
1.0
1.0
0.00562665636817
0.20772009283
0.133576697283
0.094943630424
0.0946703919743
1.0
1.0
1.0
1.0
1.0
1.0
0.00795716777668
1.0
1.0
1.0
1.0
0.0247330503135
0.0247330503135
0.0247330503135
1.0
1.0
1.0
1.0
0.0247330503135
1.0
0.227452557297
0.0946703919743
1.0
1.0
1.0
1.0
1.0
1.0
1.0
1.0
1.0
1.0
1.0
1.0
1.0
1.0
1.0
1.0
1.0
1.0
1.0
1.0
1.0
1.0
1.0
1.0
1.0
1.0
0.0946703919743
1.0
0.0944512108649
0.00649706885308
0.00649706885308
0.0238654559563
0.0238654559563
0.0238654559563
0.0238654559563
0.0238654559563
0.0238654559563
1.0
1.0
1.0
0.228050698752
1.0
1.0
1.0
0.224347620859
0.00324858585303
0.221187926636
0.15905164847
0.114410109845
1.0
1.0
1.0
0.111820061392
1.0
0.209810102333
0.150526895821
0.107835991517
0.105271649821
1.0
1.0
1.0
0.105711697501
0.105711697501
0.105711697501
0.105711697501
0.105711697501
0.105711697501
0.105711697501
0.105711697501
1.0
1.0
1.0
1.0
1.0
1.0
1.0
1.0
1.0
1.0
1.0
1.0
1.0
1.0
1.0
1.0
1.0
1.0
1.0
1.0
1.0
1.0
1.0
1.0
1.0
1.0
1.0
1.0
1.0
1.0
1.0
1.0
1.0
1.0
1.0
1.0
1.0
1.0
1.0
1.0
1.0
1.0
1.0
1.0
1.0
1.0
1.0
1.0
1.0
1.0
1.0
1.0
1.0
1.0
1.0
1.0
1.0
1.0
1.0
1.0
1.0
1.0
1.0
1.0
1.0
1.0
1.0
1.0
1.0
1.0
1.0
1.0
