0.0
0.0
0.0
0.0
0.0
0.0
0.0
0.0
0.0
0.0
0.0
0.0
0.0
0.0
0.0
0.0
0.0
0.0
0.0
0.0
0.0
0.0
0.0
0.0
0.0
0.0
0.0
0.0
0.0
0.0
0.0
0.0
0.0
0.0
0.0
0.0
0.0
0.0
0.0
0.0
0.0
0.0
0.0
0.0
0.0
0.0
0.0
0.0
0.0
0.0
0.0
0.0
0.0
0.0
0.0
0.0
0.0
0.0
0.0
0.0
0.0
0.0
0.0
0.0
0.0
0.0
0.0
0.0
0.0
0.0
0.0
0.0
0.0
0.0
0.0
0.0
0.0
0.0
0.0
0.0
0.0
0.0
0.0
0.0
0.0
0.0
0.0
0.0
0.0
0.0
0.0
0.0
0.0
0.0
0.0
0.0
0.0
0.0
0.0
0.0
0.0
0.0
0.0
0.0
0.0
0.0
0.0
0.0
0.0
0.0
0.0
0.0
0.0
0.0
0.0
0.0
0.0
0.0
0.0
0.0
0.0
0.0
0.0
0.0
0.0
0.0
0.0
0.0
0.0
0.0
0.0
0.0
0.0
0.0
0.0
0.0
0.0
0.0
0.0
0.0
0.0
0.0
0.00157245979146
0.0
0.0
0.0
0.0
0.0
0.0
0.0
0.0
0.00760901684326
0.0
0.0
0.0
0.0
0.0
0.0
0.00202625691249
0.0
0.0
0.0
0.0
0.0
0.0
0.0
0.0
0.0
0.0
0.0
0.0
0.0
0.0
0.0
0.0
0.0
0.0
0.0
0.0
0.0
0.0
0.0
0.0
0.0
0.0
0.0
0.0
0.0
0.0
0.0
0.0
0.0
0.0
0.0
0.0
0.0
0.0
0.0
0.0
0.0
0.0
0.0
0.0
0.0
0.0
0.0
0.0
0.0
0.0
0.0
0.0
0.0
0.0
0.0
0.0
0.0
0.0
0.0
0.0
0.0
0.0
0.0
0.0
0.0
0.0
0.0
0.0
0.0
0.0
0.0
0.0
0.0
0.0
0.0
0.0
0.0
0.0
0.0
0.0
0.0
0.0
0.0
0.0
0.0
0.0
0.0
0.0
0.0
0.0
0.0
0.0
0.0
0.0
0.0
0.041485499599
0.00128751741315
0.0
0.0
0.0
0.0
0.0
0.0
0.0
0.00537169150239
0.0
0.0
0.0
0.0
0.0
0.0
0.0419287432986
0.00105534214192
0.0
0.0
0.0
0.0
0.0
0.0
0.0
0.00331377432564
0.0
0.0
0.0
0.0
0.0
0.0
0.0
0.0
0.0
0.0
0.0
0.0
0.0
0.0
0.0
0.0
0.0
0.0
0.0
0.0
0.0
0.0
0.0
0.0
0.0
0.0
0.0
0.0
0.0
0.0
0.0
0.0
0.0
0.0
0.0
0.0
0.0
0.0
0.0
0.0
0.0
0.0
0.0
0.0
0.0
0.0
0.0
0.0
0.0
0.0
0.0
0.0
0.0
0.0
0.0
0.0
0.0
0.0
0.0
0.0
0.0
0.0
0.0
0.0
0.0
0.0
0.0
0.0
0.00128751741315
0.0
0.0
0.00128751741315
0.0
0.0
0.0
0.0
0.0125269112246
0.0
0.0
0.0125269112246
0.0
0.0
0.0
0.0
0.0406201190426
0.0
0.0
0.0406201190426
0.0
0.0
0.0
0.0
0.0
0.0
0.0
0.0
0.0
0.0
0.0
0.0
0.0
0.0
0.0
0.0
0.0
0.0
0.0
0.0
0.0
0.0
0.0
0.000844273713538
0.0
0.0
0.0
0.0
0.0
0.0
0.0
6.33205285153e-05
0.0
0.0
0.0
0.0
0.0
0.0
0.0
0.00327156063996
0.0
0.0
0.0
0.0
0.0
0.0
0.0
0.000327156063996
0.0
0.0
0.0
0.0
0.0
0.0
0.0
0.00918147663472
0.0
0.0
0.0
0.0
0.0
0.0
0.0
0.000211068428384
0.0
0.0
0.0
0.0
0.0
0.0
0.0
0.0450420026172
0.0
0.0
0.0
0.0
0.0
0.0
0.0
0.00257503482629
0.0
0.0
0.0
0.0
0.0
0.0
0.0
0.0
0.0
0.0
0.0
0.0
0.0
0.0
0.0
0.0
0.0
0.0
0.0
0.0
0.0
0.0
0.0
0.0
0.0
0.0
0.0
0.0
0.0
0.0
0.0
0.0
0.0
0.0
0.0
0.0
0.0
0.0
0.0
0.0
0.0
0.0
0.0
0.0
0.0
0.0
0.0
0.0
0.0
0.0
0.0
0.0
0.0
0.0
0.0
0.0
9.4980792773e-05
0.0
0.0
0.0
0.0
0.0
0.0
0.0
0.0
0.0
8.44273713538e-05
8.44273713538e-05
0.00183629532694
0.00183629532694
0.0407678669425
0.0407678669425
0.00182574190553
0.00182574190553
0.00366203723247
0.00366203723247
0.00893874794208
0.00893874794208
0.0199776267466
0.0199776267466
0.00149858584153
0.00149858584153
0.000886487399215
0.000886487399215
0.000580438178057
0.000580438178057
0.0005487779138
0.0005487779138
0.0
0.0
0.0
0.0
0.000147747899869
0.000147747899869
0.000147747899869
0.0
0.0
0.0
0.0
0.0
0.0
0.0
0.0
0.0
0.0
7.38739499346e-05
0.000105534214192
0.0
0.0
0.0
0.0
0.0
0.0
0.0
0.0
0.0
0.0
0.0
0.0
0.0
0.0
0.0
0.0
0.0
0.0
0.0
0.0
0.0
0.0
0.0
0.0
0.0
0.0
0.0
0.0
0.0
0.00140360504876
0.0
0.0
0.0
0.0
0.0
0.0
0.0
0.0
0.0
0.0
0.0
0.0
8.44273713538e-05
0.0405145848284
0.00328211406138
0.0
0.0
0.0
0.0
0.0
0.0
0.0
0.0
0.0
0.0
0.0
0.0
0.0
0.0
0.0
0.0
0.0
2.11068428384e-05
0.000253282114061
0.000253282114061
0.000253282114061
0.000253282114061
0.000253282114061
0.000253282114061
0.0
0.0
0.0
0.0
0.0
0.0
0.0
0.0
0.0
0.0
0.0
0.0
0.0
0.0
0.0
0.0
0.0
0.0
0.0
0.0
0.0
0.0
0.0
0.0
0.0
0.0
0.0
0.0
0.0
0.0
0.0
0.0
0.0
0.0
0.0
0.0
0.0
0.0
0.0
0.0
0.0
0.0
0.0
0.0
0.0
0.0
0.0
0.0
0.0019207226983
0.0458862763308
0.0360188273038
0.0294757060239
0.0271011862046
0.0132762041454
0.00815779475706
0.0176031069273
0.0
0.0
0.0
0.0
0.0
0.0462239858162
0.0321246148001
0.0179197095698
0.000263835535481
0.000707079235088
0.0236185571362
0.0480286208789
0.0443138165393
0.0239668200431
0.0175925535058
0.0241145679429
0.0
0.0
0.0
0.0
0.0
0.0324095571784
0.0321773819072
0.00199459664823
0.0
0.0
0.0
0.0
0.0
0.0
0.0
0.0
0.0
0.0
0.0
0.0
0.0
0.0
0.0
0.0
0.0
0.0
0.0
0.0
0.0
0.0
0.0
0.0
0.0
0.0
0.0
0.0
0.0
0.0
0.0
0.0
0.0
0.0
0.0
0.0
0.0
0.0
0.0
0.0
0.0
0.0
0.0
0.0
0.0
0.0
0.0
0.0
0.0
0.0
0.0
0.0
0.0
0.0
0.0
0.0
0.0
0.0
0.0
0.0
0.0
0.0
0.0
0.0
0.0
0.0
0.0
0.0
0.0
0.0
0.000875933977796
0.0
0.0
0.0
0.0
0.0
0.0
0.0
0.0
0.0
0.0
0.0
0.0
0.0
0.0
0.0
3.16602642577e-05
0.0
0.0
0.0
0.0
0.0
0.0
0.0
0.0
0.0
0.0
0.0
0.0
0.0
0.0
0.0
0.0252859977205
0.0013719447845
0.0
0.0
0.0
0.0304571742159
0.0517012115328
0.0523238633965
0.0
0.0
0.0
0.0
0.0
0.0
0.0
0.0
0.0
0.0113554814471
0.0
0.0
0.0
0.0
0.0
0.0
0.0422347925197
0.0
0.0
0.0
0.0
0.0
0.0
0.0
0.0
0.0
0.0
0.0
0.0
0.0
0.0
0.0
0.0
0.0
0.0
0.0
0.0
0.0
0.0456541010596
0.0
0.0
0.0
3.16602642577e-05
4.22136856769e-05
0.037232470767
0.0275338764828
0.000105534214192
0.0
0.0
0.0
0.0
0.0
0.0
0.0
0.0
0.0
0.0
0.0
0.00253282114061
0.00253282114061
0.00253282114061
0.0
0.0
0.0
0.0
0.00253282114061
0.0
0.0
0.000105534214192
0.0
0.0
0.0
0.0
0.0
0.0
0.0
0.0
0.0
0.0
0.0
0.0
0.0
0.0
0.0
0.0
0.0
0.0
0.0
0.0
0.0
0.0
0.0
0.0
0.0
0.0
0.00112921609186
0.0
0.0178247287771
0.0
0.0
0.0
0.0
0.0
0.0
0.0
0.0
0.0
0.0
0.0
0.0
0.0
0.0
0.0
0.0
0.0
0.00635315969437
0.0317763518933
0.0191227996116
0.0
0.0
0.0
0.0239984803073
0.0
0.0515851238972
0.0289691417958
0.0172231837562
0.0123686099033
0.0
0.0
0.0
0.0
0.0
0.0
0.0
0.0
0.0
0.0
0.0
0.0
0.0
0.0
0.0
0.0
0.0
0.0
0.0
0.0
0.0
0.0
0.0
0.0
0.0
0.0
0.0
0.0
0.0
0.0
0.0
0.0
0.0
0.0
0.0
0.0
0.0
0.0
0.0
0.0
0.0
0.0
0.0
0.0
0.0
0.0
0.0
0.0
0.0
0.0
0.0
0.0
0.0
0.0
0.0
0.0
0.0
0.0
0.0
0.0
0.0
0.0
0.0
0.0
0.0
0.0
0.0
0.0
0.0
0.0
0.0
0.0
0.0
0.0
0.0
0.0
0.0
0.0
0.0
0.0
0.0
0.0
0.0
0.0
0.0
0.0
0.0
0.0
0.0
0.0
0.0
0.0
0.0
0.0
0.0
0.0
0.0
0.0411900037992
0.0199459664823
0.0
0.0
0.0
0.0
0.0
0.0
0.0
0.0
0.0
0.0
0.0
0.0
0.0
0.0
0.0
0.0
0.0
8.44273713538e-05
0.0
0.0
0.0
0.0
0.0
0.0
0.0
0.0
0.0
0.0
0.0
0.0
0.0
0.0
0.0
0.0
0.0
0.0
0.0
0.0
0.0
0.0
0.0
0.0
0.0
0.0
0.0
0.0
0.0
0.0
0.0
0.0
0.0
0.0
0.0
0.0
0.0
0.0
0.0
0.0
0.0
0.0
0.0
0.0
0.0
0.0
0.0
0.0
0.0
0.0
0.0
0.0
0.0
0.0
0.0
0.0
0.0
0.0
0.0
0.0
0.0
0.0
0.0
0.0
0.0
0.0
0.0
0.0
0.0
0.0
0.0
0.0
0.0
0.0
0.0
0.0
0.0
0.0
0.0
0.0
0.0
0.0
0.0
0.0
0.0
0.0
0.0
0.0
0.0
0.0
0.0
0.0
0.0
0.0
0.0
0.0
0.0
0.0
0.0
0.0
0.0
0.0
0.0
0.0
0.0
0.0
0.00527671070961
0.0
0.000105534214192
0.00258558824771
0.0
0.0
0.0
0.0
0.00985689560556
0.0
0.000126641057031
0.00251171429778
0.0
0.0
0.0
0.0
0.00695470471527
0.0
0.000126641057031
0.00335598801131
0.0
0.0
0.0
0.0
0.000506564228123
0.0
0.00112921609186
0.0
0.0
0.0
0.0
0.0
0.0
0.0
0.0
0.0
0.0
0.0
0.0
0.0
0.0
0.0
0.0
0.0
0.0
0.0
0.0
0.0
0.0
0.0
0.0
0.0
0.0
0.0
0.0
0.0
0.0
0.0
0.0
0.0
0.0
0.0
0.0
0.0
0.0
0.0
0.0
0.0
0.0
0.0
0.0
0.0
0.0
0.0
0.0
0.0
0.0
0.0
0.0
0.0
0.0
0.0
0.0
0.0
0.0
0.0
0.0
0.0
0.0
0.0
0.0
0.0
0.0
0.0
0.0
0.0
0.0
0.0
0.0
0.0
0.0
0.0
0.0
0.0
0.0
0.0
0.0
0.0
0.0
0.0
0.0422981130483
0.0197982185825
0.0100046435054
0.00627928574444
0.00178352821985
7.38739499346e-05
0.0
0.0
0.0464139474017
0.0255498332559
0.0175292329773
0.0057621680949
0.0068069568154
0.000295495799738
0.0
0.0
0.0423403267339
0.0197560048968
0.00995187639833
0.00626873232302
0.00177297479843
7.38739499346e-05
0.0
0.0
0.0465511418802
0.0256659208916
0.0174659124488
0.00580438178057
0.00671197602263
0.000189961585546
0.0
0.0
0.0
0.0
0.0
0.0
0.0
0.0
0.0
0.0
0.0
0.0
0.0
0.0
0.0
0.0
0.0
0.0
0.0
0.0
0.0
0.0
0.0
0.0
0.0
0.0
0.0
0.0
0.0
0.0
0.0
0.0
0.0
0.0
0.0
0.0
0.0
0.0
0.0
0.0
0.0
0.0
0.0
0.0
0.0
0.0
0.0
0.0
0.0
0.0
0.0
0.0
0.0
0.0
0.0
0.0
0.0
0.0
0.0
0.0
0.0
0.0
0.0
0.0
0.0
0.0
0.000369369749673
0.0
0.000327156063996
0.0
0.0
0.000327156063996
0.0
0.0
0.000918147663472
0.0
0.000728186077926
0.0
0.0
0.000728186077926
0.0
0.0
0.0026911224619
0.0
0.00215289796952
0.0
0.0
0.00215289796952
0.0
0.0
0.00732407446494
0.0
0.00564608045928
0.0
0.0
0.00564608045928
0.0
0.0
0.0
0.0
0.0
0.0
0.0
0.0
0.0
0.0
0.0
0.0
0.0
0.0
0.0
0.000390476592511
0.0
0.0
0.0
0.0
0.0
0.0
0.0
0.0
0.0
0.0
0.0
0.0
0.0
0.0
0.0
0.00203681033391
0.0
0.0
0.0
0.0
0.0
0.0
0.0
7.38739499346e-05
0.0
0.0
0.0
0.0
0.0
0.0
0.0
0.00614209126599
0.0
0.0
0.0
0.0
0.0
0.0
0.0
0.000105534214192
0.0
0.0
0.0
0.0
0.0
0.0
0.0
0.0302672126303
0.0
0.0
0.0
0.0
0.0
0.0
0.0
0.00101312845625
0.000116087635611
6.33205285153e-05
0.00141415847018
0.00141415847018
0.00141415847018
0.00141415847018
0.00141415847018
0.00141415847018
0.00683861707966
0.00240618008358
0.0374646460382
0.0374646460382
0.0374646460382
0.0374646460382
0.0374646460382
0.0374646460382
0.0
0.0
0.0
0.0
0.0
0.0
0.0
0.0
0.0
0.0
0.0
0.0
0.0
0.0
0.0
0.0
0.0
0.0
0.0
0.0
0.0
0.0
0.0
0.0
0.0
0.0
0.0
0.0
0.0
0.0
0.0
0.0
0.0
0.0
0.0
0.0
0.0
0.0
0.0
0.0
6.33205285153e-05
0.0
0.0
0.0
0.0
0.0
0.0
0.0
0.000401030013931
0.000401030013931
0.000453797121027
0.000453797121027
0.000369369749673
0.000369369749673
0.000348262906834
0.000348262906834
0.0
0.0
3.16602642577e-05
3.16602642577e-05
0.000158301321288
0.000158301321288
8.44273713538e-05
8.44273713538e-05
0.0
0.0
0.0
0.0
0.0
0.0
0.0
0.0
0.0
0.0
0.0
0.0
0.0
0.0
0.0
0.0
0.0
0.0
0.0
0.0
0.0
0.0
0.0
0.0
0.0092764574275
0.00371480433957
0.000791506606442
0.0
0.0
0.0
0.0
0.0
0.0
0.0
0.0
0.0
0.0
0.0
0.0
0.0
0.0
0.0
0.0
0.0
0.0
0.0
0.0
0.0
0.0
0.0
0.0
0.0
0.0
0.0
0.0
0.0
0.0
0.0
0.0
0.0
0.0
0.0
0.0
0.0
0.0
0.0
0.0
0.0
0.00490734095994
0.00166744058424
0.000211068428384
6.33205285153e-05
0.0
0.0
0.0
0.0
0.0
0.0
0.0
0.0
0.00607877073747
0.0029655114188
0.0
0.0
0.0
0.0
0.0
0.0
0.0073557347292
0.00444299041749
0.00330322090422
0.00316602642577
0.00316602642577
0.00316602642577
0.00316602642577
0.00316602642577
0.0
0.0
0.0
0.0
0.0
0.0
0.0
0.0
0.0
0.0
0.0
0.0
0.0
0.0
0.0
0.0
0.0
0.0
0.0
0.0
0.0
0.0
0.0
0.0
0.0
0.0
0.0
0.0
0.0
0.0
0.0
0.0
0.0
0.0
0.0
0.0
0.0
0.0
0.0
0.0
0.0
0.0
0.0
0.0
0.0
0.0
0.0
0.0
0.0437966988898
0.022077757609
0.0112499472329
0.00563552703787
0.00311325931867
0.000865380556376
0.000379923171092
0.0010975558276
0.0
0.0
0.0349529317405
0.0174131453417
0.0087276795137
0.00340875511841
0.00155135294863
0.00127696399173
0.000432690278188
0.0373907720883
0.0189117311832
0.00956139980582
0.00508674912407
0.00172020769133
0.000907594242053
0.00156190637005
0.0
0.0
0.0429418717548
0.0207796867745
0.00978302165562
0.00425302883195
0.00155135294863
0.000126641057031
0.0
0.0
0.0
0.0
0.0
0.0
0.0
0.0
0.0
0.0
0.0
0.0
0.0
0.0
0.0
0.0
0.0
0.0
0.0
0.0
0.0
0.0
0.0
0.0
0.0
0.0
0.0
0.0
0.0
0.0
0.0
0.0
0.0
0.0
0.0
0.0
0.0
0.0
0.0
0.0
0.0
0.0
0.0
0.0
0.0
0.0
0.0
0.0
0.0
0.0
0.0
0.0
0.0
0.0
0.0
0.0
0.0
0.0
0.0
0.0
0.0
0.0
0.0
0.0
0.0
0.0
0.000116087635611
0.0317024779433
0.015281354215
0.0101312845625
0.00670142260121
0.00202625691249
0.0
0.0
0.000158301321288
0.0317974587361
0.0174553590274
0.0108172569547
0.00661699522985
0.0043902233104
0.0
0.0
4.22136856769e-05
0.0320612942716
0.0167588332137
0.0139938368019
0.0089493013635
0.00306049221157
0.0
0.0
0.000168854742708
0.0304044071088
0.0154924226434
0.00902317531344
0.00446409726033
0.00441133015324
0.0
0.0
0.0
0.0
0.0495483135633
0.0293912786525
0.00412638777492
0.000337709485415
0.0254020853561
0.00873823293512
0.00827388239267
0.00255392798345
0.00215289796952
0.0021423445481
0.0029655114188
0.0
0.0
0.0
0.0
0.0508463843978
0.0282831694035
0.0149647515725
0.0122630756891
0.000875933977796
0.0
0.0
0.0
1.05534214192e-05
0.000211068428384
0.0302777660518
0.0182046519482
0.0
0.0
0.0
0.0
0.0
0.0
0.0
0.0
0.0
0.0
0.0
0.0
0.0
0.0
0.0
0.0
0.0
0.0
0.0
0.0
0.0509730254549
0.0197982185825
0.0
0.0
0.0
3.16602642577e-05
0.0451897505171
0.0181729916839
0.00909704926337
0.00904428215628
0.0
0.0
0.0
0.0
0.0
0.0
6.33205285153e-05
0.0
0.0
0.0
0.0
0.000612098442315
0.000612098442315
0.000612098442315
0.0
0.0
0.0
0.0
0.000612098442315
0.0
0.0547300434801
0.00904428215628
0.0
0.0
0.0
0.0
0.0
0.0
0.0
0.0
0.0
0.0
0.0
0.0
0.0
0.0
0.0
0.0
0.0
0.0
0.0
0.0
0.0
0.0
0.0
0.0
0.0
0.0
0.00904428215628
0.0
0.0090020684706
4.22136856769e-05
4.22136856769e-05
0.000569884756638
0.000569884756638
0.000569884756638
0.000569884756638
0.000569884756638
0.000569884756638
0.0
0.0
0.0
0.0550360927013
0.0
0.0
0.0
0.0531575836886
1.05534214192e-05
0.0515851238972
0.0259719701127
0.013265650724
0.0
0.0
0.0
0.0126641057031
0.0
0.0461501118663
0.0231964202795
0.0117670648824
0.0112077335472
0.0
0.0
0.0
0.01130271434
0.01130271434
0.01130271434
0.01130271434
0.01130271434
0.01130271434
0.01130271434
0.01130271434
0.0
0.0
0.0
0.0
0.0
0.0
0.0
0.0
0.0
0.0
0.0
0.0
0.0
0.0
0.0
0.0
0.0
0.0
0.0
0.0
0.0
0.0
0.0
0.0
0.0
0.0
0.0
0.0
0.0
0.0
0.0
0.0
0.0
0.0
0.0
0.0
0.0
0.0
0.0
0.0
0.0
0.0
0.0
0.0
0.0
0.0
0.0
0.0
0.0
0.0
0.0
0.0
0.0
0.0
0.0
0.0
0.0
0.0
0.0
0.0
0.0
0.0
0.0
0.0
0.0
0.0
0.0
0.0
0.0
0.0
0.0
0.0
