0.0
0.0
0.0
0.0
0.0
0.0
0.0
0.0
0.0
0.0
0.0
0.0
0.0
0.0
0.0
0.0
0.0
0.0
0.0
0.0
0.0
0.0
0.0
0.0
0.0
0.0
0.0
0.0
0.0
0.0
0.0
0.0
0.0
0.0
0.0
0.0
0.0
0.0
0.0
0.0
0.0
0.0
0.0
0.0
0.0
0.0
0.0
0.0
0.0
0.0
0.0
0.0
0.0
0.0
0.0
0.0
0.0
0.0
0.0
0.0
0.0
0.0
0.0
0.0
0.0
0.0
0.0
0.0
0.0
0.0
0.0
0.0
0.0
0.0
0.0
0.0
0.0
0.0
0.0
0.0
0.0
0.0
0.0
0.0
0.0
0.0
0.0
0.0
0.0
0.0
0.0
0.0
0.0
0.0
0.0
0.0
0.0
0.0
0.0
0.0
0.0
0.0
0.0
0.0
0.0
0.0
0.0
0.0
0.0
0.0
0.0
0.0
0.0
0.0
0.0
0.0
0.0
0.0
0.0
0.0
0.0
0.0
0.0
0.0
0.0
0.0
0.0
0.0
0.0
0.0
0.0
0.0
0.0
0.0
0.0
0.0
0.0
0.0
0.0
0.0
0.0
0.0
0.03090130375
-1.11022302463e-16
-2.77555756156e-16
2.22044604925e-16
5.55111512313e-17
6.93889390391e-17
5.55111512313e-17
0.0
0.0
0.0142112638537
3.38813178902e-21
-4.23516473627e-22
0.0
-1.65436122511e-24
-4.13590306277e-25
-2.58493941423e-26
0.0426566467922
-2.01948391737e-28
0.0
0.0
0.0
0.0
0.0
0.0
0.0
0.0
0.0
0.0
0.0
4.20389539297e-45
-5.6051938573e-45
7.00649232162e-46
4.20389539297e-45
-7.00649232162e-45
0.0
0.0
0.0
0.0
0.0
0.0
0.0
0.0
0.0
0.0
0.0
0.0
0.0
0.0
0.0
0.0
0.0
0.0
0.0
0.0
0.0
0.0
0.0
0.0
0.0
0.0
0.0
0.0
0.0
0.0
0.0
0.0
0.0
0.0
0.0
0.0
0.0
0.0
0.0
0.0
0.0
0.0
0.0
0.0
0.0
0.0
0.0
0.0
0.0
0.0
0.0
0.0
0.0
0.0
0.0
0.0
0.0
0.0
0.0
0.0
0.0
0.0
0.0
0.0
0.0
0.0
0.0
0.0
0.0
0.0
0.0
0.0
0.0
0.0
0.0
0.0
0.0
0.0
0.198021559544
0.0321339318886
0.0
0.0
0.0
0.0
0.0
0.0
0.0
0.0890216798302
0.0
0.0
0.0
0.0
0.0
0.0
0.201555733886
0.022158783071
0.0
0.0
0.0
0.0
0.0
0.0
0.0
0.0720862190238
0.0
0.0
0.0
0.0
0.0
0.0
0.0
0.0
0.0
0.0
0.0
0.0
0.0
0.0
0.0
0.0
0.0
0.0
0.0
0.0
0.0
0.0
0.0
0.0
0.0
0.0
0.0
0.0
0.0
0.0
0.0
0.0
0.0
0.0
0.0
0.0
0.0
0.0
0.0
0.0
0.0
0.0
0.0
0.0
0.0
0.0
0.0
0.0
0.0
0.0
0.0
0.0
0.0
0.0
0.0
0.0
0.0
0.0
0.0
0.0
0.0
0.0
0.0
0.0
0.0
0.0
0.0
0.0
0.031700972126
0.0
0.0
0.031700972126
0.0
0.0
0.0
0.0
0.116394871668
0.0
0.0
0.116394871668
0.0
0.0
0.0
0.0
0.132816012084
0.0
0.0
0.132816012084
0.0
0.0
0.0
0.0
0.0
0.0
0.0
0.0
0.0
0.0
0.0
0.0
0.0
0.0
0.0
0.0
0.0
0.0
0.0
0.0
0.0
0.0
0.0
0.0104422010205
0.0
0.0
0.0
0.0
0.0
0.0
0.0
0.00945025257562
0.0
0.0
0.0
0.0
0.0
0.0
0.0
0.0116725641313
0.0
0.0
0.0
0.0
0.0
0.0
0.0
0.018030653864
0.0
0.0
0.0
0.0
0.0
0.0
0.0
0.00385361147266
0.0
0.0
0.0
0.0
0.0
0.0
0.0
0.00756028530917
0.0
0.0
0.0
0.0
0.0
0.0
0.0
-0.00123178694516
0.0
0.0
0.0
0.0
0.0
0.0
0.0
0.0239638811027
0.0
0.0
0.0
0.0
0.0
0.0
0.0
0.0
0.0
0.0
0.0
0.0
0.0
0.0
0.0
0.0
0.0
0.0
0.0
0.0
0.0
0.0
0.0
0.0
0.0
0.0
0.0
0.0
0.0
0.0
0.0
0.0
0.0
0.0
0.0
0.0
0.0
0.0
0.0
0.0
0.0
0.0
0.0
0.0
0.0
0.0
0.0
0.0
0.0
0.0
0.0
0.0
0.0
0.0
0.0
0.0
0.000893956278081
0.0
0.0
0.0
0.0
0.0
0.0
0.0
0.0
0.0
-0.000631897678895
-0.000631897678895
0.0153127615435
0.0153127615435
0.131882740695
0.131882740695
0.151359869958
0.151359869958
0.139289562837
0.139289562837
0.139590947861
0.139590947861
0.13457714817
0.13457714817
0.152937751635
0.152937751635
0.140272500285
0.140272500285
0.132745508584
0.132745508584
0.130862269582
0.130862269582
0.0
0.0
0.0
0.0
0.0748870012481
0.0748870012481
0.0748870012481
0.0
0.0
0.0
0.0
0.0
0.0
0.0
0.0
0.0
0.0
-0.000481817775302
0.000177564597595
0.0
0.0
0.0
0.0
0.0
0.0
0.0
0.0
0.0
0.0
0.0
0.0
0.0
0.0
0.0
0.0
0.0
0.0
0.0
0.0
0.0
0.0
0.0
0.0
0.0
0.0
0.0
0.0
0.0
0.128975494481
0.0
0.0
0.0
0.0
0.0
0.0
0.0
0.0
0.0
0.0
0.0
0.0
-0.000631897678895
0.0865373949112
0.0661052549854
0.0
0.0
0.0
0.0
0.0
0.0
0.0
0.0
0.0
0.0
0.0
0.0
0.0
0.0
0.0
0.0
0.0
-2.05147368057e-05
-0.00201067218664
-0.00201067218664
-0.00201067218664
-0.00201067218664
-0.00201067218664
-0.00201067218664
0.0
0.0
0.0
0.0
0.0
0.0
0.0
0.0
0.0
0.0
0.0
0.0
0.0
0.0
0.0
0.0
0.0
0.0
0.0
0.0
0.0
0.0
0.0
0.0
0.0
0.0
0.0
0.0
0.0
0.0
0.0
0.0
0.0
0.0
0.0
0.0
0.0
0.0
0.0
0.0
0.0
0.0
0.0
0.0
0.0
0.0
0.0
0.0
0.0149735260674
0.105339532859
0.129474928047
0.137580247821
0.146448083508
0.119376992082
0.106429147346
0.135942111297
0.0
0.0
0.0
0.0
0.0
0.110786459176
0.186746522922
0.0476039385238
0.000163000170435
0.00668751204598
0.0760324753088
0.145387120559
0.140102260865
0.135901395341
0.140638398954
0.119270737082
0.0
0.0
0.0
0.0
0.0
0.0692819917474
0.185480431
0.0577216720743
0.0
0.0
0.0
0.0
0.0
0.0
0.0
0.0
0.0
0.0
0.0
0.0
0.0
0.0
0.0
0.0
0.0
0.0
0.0
0.0
0.0
0.0
0.0
0.0
0.0
0.0
0.0
0.0
0.0
0.0
0.0
0.0
0.0
0.0
0.0
0.0
0.0
0.0
0.0
0.0
0.0
0.0
0.0
0.0
0.0
0.0
0.0
0.0
0.0
0.0
0.0
0.0
0.0
0.0
0.0
0.0
0.0
0.0
0.0
0.0
0.0
0.0
0.0
0.0
0.0
0.0
0.0
0.0
0.0
0.0
0.0137117143483
0.0
0.0
0.0
0.0
0.0
0.0
0.0
0.0
0.0
0.0
0.0
0.0
0.0
0.0
0.0
4.71510087384e-05
0.0
0.0
0.0
0.0
0.0
0.0
0.0
0.0
0.0
0.0
0.0
0.0
0.0
0.0
0.0
0.0629389915954
0.0231166412114
0.0
0.0
0.0
0.12661364227
0.203120233553
0.202848903419
0.0
0.0
0.0
0.0
0.0
0.0
0.0
0.0
0.0
0.0530374412135
0.0
0.0
0.0
0.0
0.0
0.0
0.0330949762566
0.0
0.0
0.0
0.0
0.0
0.0
0.0
0.0
0.0
0.0
0.0
0.0
0.0
0.0
0.0
0.0
0.0
0.0
0.0
0.0
0.0
0.0312475360597
0.0
0.0
0.0
-0.000437917627235
-0.000526662830271
0.0171461837047
0.0220745231289
0.000274045666572
0.0
0.0
0.0
0.0
0.0
0.0
0.0
0.0
0.0
0.0
0.0
0.0365608366651
0.0365608366651
0.0365608366651
0.0
0.0
0.0
0.0
0.0365608366651
0.0
0.0
0.000809991177215
0.0
0.0
0.0
0.0
0.0
0.0
0.0
0.0
0.0
0.0
0.0
0.0
0.0
0.0
0.0
0.0
0.0
0.0
0.0
0.0
0.0
0.0
0.0
0.0
0.0
0.0
0.00231796184396
0.0
0.0201604870283
0.0
0.0
0.0
0.0
0.0
0.0
0.0
0.0
0.0
0.0
0.0
0.0
0.0
0.0
0.0
0.0
0.0
-0.00641385747834
-0.00741885771212
0.00111082323132
0.0
0.0
0.0
0.007304264606
0.0
-0.0139015373947
-0.00724309663804
-0.000299830875851
-0.00753471071245
0.0
0.0
0.0
0.0
0.0
0.0
0.0
0.0
0.0
0.0
0.0
0.0
0.0
0.0
0.0
0.0
0.0
0.0
0.0
0.0
0.0
0.0
0.0
0.0
0.0
0.0
0.0
0.0
0.0
0.0
0.0
0.0
0.0
0.0
0.0
0.0
0.0
0.0
0.0
0.0
0.0
0.0
0.0
0.0
0.0
0.0
0.0
0.0
0.0
0.0
0.0
0.0
0.0
0.0
0.0
0.0
0.0
0.0
0.0
0.0
0.0
0.0
0.0
0.0
0.0
0.0
0.0
0.0
0.0
0.0
0.0
0.0
0.0
0.0
0.0
0.0
0.0
0.0
0.0
0.0
0.0
0.0
0.0
0.0
0.0
0.0
0.0
0.0
0.0
0.0
0.0
0.0
0.0
0.0
0.0
0.0
0.0
-0.0144130692751
-0.0108152964632
0.0
0.0
0.0
0.0
0.0
0.0
0.0
0.0
0.0
0.0
0.0
0.0
0.0
0.0
0.0
0.0
0.0
-0.000701276756665
0.0
0.0
0.0
0.0
0.0
0.0
0.0
0.0
0.0
0.0
0.0
0.0
0.0
0.0
0.0
0.0
0.0
0.0
0.0
0.0
0.0
0.0
0.0
0.0
0.0
0.0
0.0
0.0
0.0
0.0
0.0
0.0
0.0
0.0
0.0
0.0
0.0
0.0
0.0
0.0
0.0
0.0
0.0
0.0
0.0
0.0
0.0
0.0
0.0
0.0
0.0
0.0
0.0
0.0
0.0
0.0
0.0
0.0
0.0
0.0
0.0
0.0
0.0
0.0
0.0
0.0
0.0
0.0
0.0
0.0
0.0
0.0
0.0
0.0
0.0
0.0
0.0
0.0
0.0
0.0
0.0
0.0
0.0
0.0
0.0
0.0
0.0
0.0
0.0
0.0
0.0
0.0
0.0
0.0
0.0
0.0
0.0
0.0
0.0
0.0
0.0
0.0
0.0
0.0
0.0
0.0
-0.00371586061547
0.0
0.000389732096247
0.0126931777041
0.0
0.0
0.0
0.0
-0.00843008574219
0.0
-0.00137268861683
0.00618249484146
0.0
0.0
0.0
0.0
-0.00692549714672
0.0
0.00346775858085
0.0117726677596
0.0
0.0
0.0
0.0
-0.00316366483582
0.0
-0.00322929667179
0.0
0.0
0.0
0.0
0.0
0.0
0.0
0.0
0.0
0.0
0.0
0.0
0.0
0.0
0.0
0.0
0.0
0.0
0.0
0.0
0.0
0.0
0.0
0.0
0.0
0.0
0.0
0.0
0.0
0.0
0.0
0.0
0.0
0.0
0.0
0.0
0.0
0.0
0.0
0.0
0.0
0.0
0.0
0.0
0.0
0.0
0.0
0.0
0.0
0.0
0.0
0.0
0.0
0.0
0.0
0.0
0.0
0.0
0.0
0.0
0.0
0.0
0.0
0.0
0.0
0.0
0.0
0.0
0.0
0.0
0.0
0.0
0.0
0.0
0.0
0.0
0.0
0.0
0.0
0.0
0.0
0.0
0.0
-0.00945246875323
-0.000609897204022
-0.00339333518772
0.0104011912638
0.0149582360009
0.00134289043502
0.0
0.0
-0.0143719945109
-0.00594844407217
-0.00969834762238
0.00353326539874
-0.00811323268309
0.00615197629368
0.0
0.0
-0.00951762953476
-0.00061827143114
-0.00343431286322
0.0105483493571
0.0150495624797
0.000749016195722
0.0
0.0
-0.0141027601202
-0.00631693822547
-0.0100416090743
0.00473070311745
-0.00798692571404
0.00431321248099
0.0
0.0
0.0
0.0
0.0
0.0
0.0
0.0
0.0
0.0
0.0
0.0
0.0
0.0
0.0
0.0
0.0
0.0
0.0
0.0
0.0
0.0
0.0
0.0
0.0
0.0
0.0
0.0
0.0
0.0
0.0
0.0
0.0
0.0
0.0
0.0
0.0
0.0
0.0
0.0
0.0
0.0
0.0
0.0
0.0
0.0
0.0
0.0
0.0
0.0
0.0
0.0
0.0
0.0
0.0
0.0
0.0
0.0
0.0
0.0
0.0
0.0
0.0
0.0
0.0
0.0
0.00447355969094
0.0
0.00137189187201
0.0
0.0
0.00137189187201
0.0
0.0
0.00683977582436
0.0
0.00555964477081
0.0
0.0
0.00555964477081
0.0
0.0
0.00113210230299
0.0
0.0110461090455
0.0
0.0
0.0110461090455
0.0
0.0
-0.0162329574153
0.0
0.0133075565932
0.0
0.0
0.0133075565932
0.0
0.0
0.0
0.0
0.0
0.0
0.0
0.0
0.0
0.0
0.0
0.0
0.0
0.0
0.0
-0.000781305411156
0.0
0.0
0.0
0.0
0.0
0.0
0.0
0.0
0.0
0.0
0.0
0.0
0.0
0.0
0.0
-0.0024834652719
0.0
0.0
0.0
0.0
0.0
0.0
0.0
-0.000945455094023
0.0
0.0
0.0
0.0
0.0
0.0
0.0
-0.00565372443699
0.0
0.0
0.0
0.0
0.0
0.0
0.0
-0.000678823979542
0.0
0.0
0.0
0.0
0.0
0.0
0.0
-0.0154378957982
0.0
0.0
0.0
0.0
0.0
0.0
0.0
-0.00211729905607
-0.000491751941153
0.000109073401323
-0.000918117064566
-0.000918117064566
-0.000918117064566
-0.000918117064566
-0.000918117064566
-0.000918117064566
-0.0103150424434
-0.00544074696559
-0.0286746269519
-0.0286746269519
-0.0286746269519
-0.0286746269519
-0.0286746269519
-0.0286746269519
0.0
0.0
0.0
0.0
0.0
0.0
0.0
0.0
0.0
0.0
0.0
0.0
0.0
0.0
0.0
0.0
0.0
0.0
0.0
0.0
0.0
0.0
0.0
0.0
0.0
0.0
0.0
0.0
0.0
0.0
0.0
0.0
0.0
0.0
0.0
0.0
0.0
0.0
0.0
0.0
-0.000582655604608
0.0
0.0
0.0
0.0
0.0
0.0
0.0
-0.00164278073608
-0.00164278073608
-0.00199341539672
-0.00199341539672
-0.00175795124697
-0.00175795124697
-0.00150250659703
-0.00150250659703
0.0
0.0
-0.000454466212441
-0.000454466212441
-0.000743474168437
-0.000743474168437
-0.000817539170414
-0.000817539170414
0.0
0.0
0.0
0.0
0.0
0.0
0.0
0.0
0.0
0.0
0.0
0.0
0.0
0.0
0.0
0.0
0.0
0.0
0.0
0.0
0.0
0.0
0.0
0.0
-0.00759949048742
-0.00493114378509
-0.00237626542623
0.0
0.0
0.0
0.0
0.0
0.0
0.0
0.0
0.0
0.0
0.0
0.0
0.0
0.0
0.0
0.0
0.0
0.0
0.0
0.0
0.0
0.0
0.0
0.0
0.0
0.0
0.0
0.0
0.0
0.0
0.0
0.0
0.0
0.0
0.0
0.0
0.0
0.0
0.0
0.0
0.0
0.000186513412393
0.00413822772583
0.00744265972778
0.00629029537142
0.0
0.0
0.0
0.0
0.0
0.0
0.0
0.0
0.00779451809409
0.00440179574003
0.0
0.0
0.0
0.0
0.0
0.0
-0.0140814879283
-0.015775593954
-0.0188780180176
-0.0196665994839
-0.0196665994839
-0.0196665994839
-0.0196665994839
-0.0196665994839
0.0
0.0
0.0
0.0
0.0
0.0
0.0
0.0
0.0
0.0
0.0
0.0
0.0
0.0
0.0
0.0
0.0
0.0
0.0
0.0
0.0
0.0
0.0
0.0
0.0
0.0
0.0
0.0
0.0
0.0
0.0
0.0
0.0
0.0
0.0
0.0
0.0
0.0
0.0
0.0
0.0
0.0
0.0
0.0
0.0
0.0
0.0
0.0
-0.00305080479577
0.00142185085027
0.00807389859212
0.0121319820226
0.0179900822832
0.0098181495658
0.00838788325714
0.0133048223642
0.0
0.0
-0.000829477864115
0.00582769772388
0.0143746399606
0.0145013025689
0.0143327200973
0.00941074974414
-0.0011435958018
-0.00196038070442
0.00610187592957
0.0112213265637
0.0167417794702
0.0107152558173
0.0113150722606
0.0137082907117
0.0
0.0
0.000126702269604
0.00641510115566
0.0128683294589
0.0139605970428
0.0143239860189
0.00297826359008
0.0
0.0
0.0
0.0
0.0
0.0
0.0
0.0
0.0
0.0
0.0
0.0
0.0
0.0
0.0
0.0
0.0
0.0
0.0
0.0
0.0
0.0
0.0
0.0
0.0
0.0
0.0
0.0
0.0
0.0
0.0
0.0
0.0
0.0
0.0
0.0
0.0
0.0
0.0
0.0
0.0
0.0
0.0
0.0
0.0
0.0
0.0
0.0
0.0
0.0
0.0
0.0
0.0
0.0
0.0
0.0
0.0
0.0
0.0
0.0
0.0
0.0
0.0
0.0
0.0
0.0
-0.000775538457457
-0.00280704244809
0.00814529321376
-0.00229513138517
0.00776489337626
0.016779622245
0.0
0.0
-0.00101395123918
-0.00155754787227
0.00570052029393
0.00751988667779
-0.00065522605601
0.00193764639623
0.0
0.0
-0.000694162523068
-0.002852404209
-0.00220637490765
-0.0041953230797
0.00427003058798
0.00809883344491
0.0
0.0
-0.00104915160579
0.00120225616257
0.00073537432582
0.00891406307109
0.00325225661609
0.00324082257518
0.0
0.0
0.0
0.0
-0.0172578693907
-0.00526692552043
-0.000361911201265
-0.000140027618974
-0.0118424324164
-0.000677239383558
-0.00820218902027
0.00589180533718
0.0157231838845
0.0157496122213
0.0101283991508
0.0
0.0
0.0
0.0
-0.0139917304501
-0.00829260088498
-0.00386741864251
-0.00843077721955
0.00419253745177
0.0
0.0
0.0
-0.000245177486981
-0.00109659685513
-0.0133777533868
-0.0103038484701
0.0
0.0
0.0
0.0
0.0
0.0
0.0
0.0
0.0
0.0
0.0
0.0
0.0
0.0
0.0
0.0
0.0
0.0
0.0
0.0
-0.017816955112
-0.0104525604776
0.0
0.0
0.0
-0.000457987455821
-0.00841000835959
-0.0105069990044
-0.00826732814959
0.00892794373948
0.0
0.0
0.0
0.0
0.0
0.0
-0.000321527855985
0.0
0.0
0.0
0.0
-0.00303402742653
-0.00303402742653
-0.00303402742653
0.0
0.0
0.0
0.0
-0.00303402742653
0.0
-0.0196497576517
0.00892794373948
0.0
0.0
0.0
0.0
0.0
0.0
0.0
0.0
0.0
0.0
0.0
0.0
0.0
0.0
0.0
0.0
0.0
0.0
0.0
0.0
0.0
0.0
0.0
0.0
0.0
0.0
0.00892794373948
0.0
-0.00579110228752
-0.000376529991579
-0.000330363513526
-0.00307630392481
-0.00307630392481
-0.00307630392481
-0.00307630392481
-0.00307630392481
-0.00307630392481
0.0
0.0
0.0
-0.01866748859
0.0
0.0
0.0
-0.0184310742513
-0.000245177486981
-0.0216576110712
-0.0144945868808
-0.0109308113946
0.0
0.0
0.0
-0.00899142573643
0.0
-0.0198798109424
-0.0142609475686
-0.0106324982046
-0.0106904731757
0.0
0.0
0.0
-0.00976585344111
-0.00976585344111
-0.00976585344111
-0.00976585344111
-0.00976585344111
-0.00976585344111
-0.00976585344111
-0.00976585344111
0.0
0.0
0.0
0.0
0.0
0.0
0.0
0.0
0.0
0.0
0.0
0.0
0.0
0.0
0.0
0.0
0.0
0.0
0.0
0.0
0.0
0.0
0.0
0.0
0.0
0.0
0.0
0.0
0.0
0.0
0.0
0.0
0.0
0.0
0.0
0.0
0.0
0.0
0.0
0.0
0.0
0.0
0.0
0.0
0.0
0.0
0.0
0.0
0.0
0.0
0.0
0.0
0.0
0.0
0.0
0.0
0.0
0.0
0.0
0.0
0.0
0.0
0.0
0.0
0.0
0.0
0.0
0.0
0.0
0.0
0.0
0.0
