0.0
0.0
0.0
0.0
0.0
0.0
0.0
0.0
0.00434847766266
2.49800180541e-16
-0.00560468378024
5.55111512313e-17
4.33680868994e-19
0.0
0.0
0.0
0.000340128848041
-0.00415875635111
0.0
0.0
0.0
0.0
-0.00161906317513
-0.00413405978635
0.0
0.0
0.0
0.0
0.0
0.0
0.0
0.0
0.0
2.0295801627e-05
0.0
0.0
0.0
0.0
0.0
0.0
0.0
0.0
0.0
0.0
0.0
0.0
0.0
2.88511904039e-05
-5.44311942043e-05
0.0
0.0
0.0
0.0
0.0
0.0
0.0
0.0
0.0
0.0
0.0
0.0
0.0
0.0
0.0
0.00057003630448
0.000317932501361
0.000460348118921
1.44747756425e-05
0.0
0.0
0.0
0.0
0.0
0.0
0.0
0.0
0.000339276367539
0.0
0.000339276367539
0.0
8.62417827096e-05
0.0
0.0
0.0
0.0
0.0
0.0
0.0
0.0
0.0
0.0
0.0
0.0
7.77138094097e-05
7.77138094097e-05
0.00011321070612
0.0
0.0
0.0
0.0
0.0
0.0
0.0
0.0
0.0
0.0
0.0
0.0
0.0
0.0
0.0
0.0
0.0
0.0
0.0
0.0
0.0
0.0
0.0
0.0
0.0
0.0
7.1457579035e-05
0.0
0.0
0.000936625821961
7.1457579035e-05
0.0
0.0
0.0
0.0
0.0
0.0
0.0
0.0
0.0
4.66250024014e-05
0.0
0.00012995063239
4.66250024014e-05
4.66250024014e-05
0.0
0.00207052567787
0.0
0.0
0.0
0.0
0.0
0.0
0.0
0.0
0.0
7.79266314923e-05
0.0
0.00122404170646
5.96176846097e-05
7.22307475447e-05
0.0
9.84565268045e-05
0.0
0.0
0.0
0.0
0.0
0.0
0.0
0.0
0.0
5.12006327453e-05
0.0
7.35196193129e-05
5.54874723734e-05
6.02205556783e-05
0.0
6.37120749333e-05
0.0
0.0
0.0
0.0
0.0
0.0
0.0
0.0
0.0
9.84565268045e-05
0.0
5.20742531809e-05
5.2278411913e-05
5.90303603692e-05
0.0
5.90303603692e-05
0.0
0.0
0.0
0.0
0.0
0.0
0.0
0.0
0.0
0.000179674558395
8.56615929523e-06
-0.000158181649269
-0.000284160071076
-0.000377299885502
0.0
0.0
0.0
0.0
0.0
0.000103946821311
-0.000456989592177
-0.000771045737895
0.0
0.0
0.0
0.0
0.0
0.0
0.0
0.0
0.0
0.0
0.0
0.0
0.0
0.0
0.0
0.0
0.0
0.0
0.0
0.0
0.0
0.0
0.0
0.0
0.0
0.0
0.0
0.0
0.0
0.0
0.0
4.35527832939e-05
6.82128899255e-05
0.0
0.000575761191181
0.0
0.0
0.0
0.0
0.0
7.42823117127e-05
0.0
-0.00204894723445
0.0
0.0
0.0
0.0
0.0
0.0
0.0
0.000450959510045
0.0
0.0
0.0
0.0
0.0
0.0
0.0
-0.00040113044908
0.0
0.0
0.0
0.0
0.0
0.0
0.0
0.00053541266496
0.0
0.0
0.0
0.0
-0.000259187573649
0.0
0.0
0.0
0.0
0.0
0.0
0.0
0.0
0.0
0.0
0.0
0.0
0.0
0.0
0.0
0.0
0.0
0.0
0.0
0.0
0.0
0.0
0.0
0.0
0.0
0.0
0.0
0.0
0.0
0.0
0.0
0.0
0.0
0.0
0.0
0.0
0.0
0.0
0.0
0.0
0.0
0.0
0.0
0.0
0.0
0.0
0.0
0.0
0.0
0.0
0.0
0.0
0.0
0.0
0.0
0.0
0.0
0.0
0.0
1.79523163587e-05
1.79523163587e-05
1.79523163587e-05
1.79523163587e-05
1.79523163587e-05
1.79523163587e-05
1.79523163587e-05
1.79523163587e-05
0.0
0.0
0.0
0.0
0.0
0.0
0.0
0.0
0.0
0.0
0.0
0.0
0.0
0.0
0.0
0.0
0.0
0.0
0.0
0.0
0.0
0.0
0.0
0.0
0.0
0.0
0.0
0.0
0.0
0.0
0.0
0.0
0.0
0.0
0.0
0.0
0.0
0.0
0.0
0.0
0.0
0.0
0.0059209999701
0.0059209999701
0.0
0.000115236129565
0.000115236129565
0.0059209999701
0.00434847766266
0.00434847766266
0.0
0.0
0.0
0.0
0.0
0.0
0.0
0.0
-0.00141855318874
0.0
0.0
-0.00140402977482
-0.0370149150897
-0.00108099318837
0.0
0.0
0.0
0.0
0.0
0.000430187678098
-0.0134080770314
0.00033471660714
0.0
0.0
0.000101979220149
0.0
0.0
4.95852819821e-05
-0.0256111806189
0.000247649048163
0.0
0.0
0.0
0.0
0.0
0.000409315242164
-0.0150922731147
3.26878889083e-06
0.0
0.0
0.0
0.0
0.0
5.65895851182e-05
6.15723741831e-05
0.000455290040402
0.0
0.0
0.000132369412261
0.0
0.0
0.00010222948286
0.0
8.79107161924e-05
0.0
0.0
0.0
0.0
0.0
4.44902868214e-05
0.0
0.000410409087155
0.0
0.0
0.0
0.0
0.0
0.0
0.0
0.00357358498318
0.0
0.0
0.0
0.0
0.000272799062319
-0.00373331669662
-0.00523274079836
0.0
0.0
-0.00154909663751
0.00434847766266
0.00434847766266
-0.0114693790343
0.0
0.0
0.000317725400257
0.0
-0.00549893013426
0.00434847766266
0.00434847766266
0.0
-0.000397286514276
0.0
0.00037571369383
0.0
-0.00445698259181
0.00036278763832
0.00434847766266
0.0
0.0
0.0
0.000302715063637
0.0
0.0
0.0
0.00434847766266
-0.00370869515105
-5.34480052934e-05
0.0
0.0
0.0
0.0
0.0
0.0
0.0
0.0
0.0
0.0
0.0
0.0
0.0
0.0
0.0
0.0
0.0
0.0
0.00516935520663
0.0
0.00597673694123
0.0
0.0
0.0
0.0
0.00516935520663
0.0
0.00597673694123
0.00597673694123
0.0
0.0
0.00597673694123
0.0
0.0
0.0
0.0
0.0
0.0
0.0
0.0
0.0
2.88511904039e-05
0.000397368781248
0.00597673694123
0.0
0.000233100501805
0.00597673694123
0.0
4.04160059359e-05
4.04160059359e-05
0.000392299032257
0.00597673694123
0.0
0.0
0.0
0.00597673694123
0.00597673694123
0.0
0.000430221822043
0.00597673694123
0.0
0.0
0.0
-0.000341483347063
0.0
0.00597673694123
0.00597673694123
0.00597673694123
0.0
0.0
0.0
0.0
0.00597673694123
0.0
0.00404845379983
0.0
-0.00189518139366
0.0
0.00384658663903
0.000157380641573
0.000510754942902
0.000583033757079
-0.00319707514757
-0.00332003491839
0.0
-0.00173523101016
-0.00173523101016
-0.00131382781445
-0.000994612684824
-0.00298493754411
0.0
0.0
0.0
-0.00464885219031
-0.00441768808858
-0.00385797013669
0.000340128848041
-0.00415875635111
0.0
0.0
5.31340942637e-05
0.000127608416141
5.50572833242e-05
5.1714440195e-05
5.50867961964e-05
5.50867961964e-05
0.0
0.0
0.0
0.00434847766266
0.0
0.0
0.0
-0.00173523101016
0.0
0.0
-0.00585223481439
0.0
-0.00187405246486
-0.00478415278446
-0.00646743970394
-0.00464885219031
0.0
0.0
0.0
0.0
0.00434847766266
0.0
0.0
0.0
0.0
0.0
0.000754697726473
0.0
0.000330617422189
-0.00112935224417
0.000283334350117
0.0
0.0
0.0
0.0
0.0
0.0
-0.00158539578499
0.00434847766266
-7.54044379816e-05
0.0
0.0
0.00434847766266
0.00434847766266
0.0
0.0
0.00434847766266
-0.0052815505654
0.0
0.0
0.0
-0.00608321491427
-0.00385797013669
0.000340128848041
0.0
-0.00500339263118
0.0
-0.00415875635111
0.00434847766266
0.00434847766266
-0.00441768808858
0.0
0.0
0.00434847766266
0.0
0.00434847766266
-0.00415875635111
0.0
0.0
0.0
0.0
0.00434847766266
0.0
0.00434847766266
0.0
0.0
0.00434847766266
0.00434847766266
0.00434847766266
0.0
0.0
0.0
0.0
0.0
0.0
0.0
0.0
0.0
0.0
0.0
0.000177637562594
0.0
0.0
-0.000748184659817
0.000271881732279
0.0
0.0
0.0
0.0
0.0
-0.000994612684824
0.0
0.00434847766266
-0.00621522156523
0.0
0.0
0.00434847766266
-0.00173523101016
-0.00173523101016
0.00434847766266
0.0
-0.0052815505654
0.0
0.0
0.0
-0.00173523101016
0.0
0.00434847766266
0.0
-0.00500339263118
0.0
-0.00415875635111
0.00434847766266
-0.00385797013669
0.0
0.0
0.0
0.00434847766266
0.0
0.00434847766266
-0.00415875635111
0.0
-0.00415875635111
0.00434847766266
-0.00441768808858
0.0
0.0
0.00434847766266
0.0
0.0
0.0
0.00434847766266
0.00434847766266
0.0
0.0
0.0
0.0
0.0
0.0
0.0
0.0
0.0
0.0
0.0
0.0
0.0
0.0
0.0
0.0
0.0
0.0
0.0
0.0
0.0
0.0
0.0
0.0
0.0
0.0
0.0
0.0
0.0
0.0
0.0
0.0
0.0
0.0
0.0
0.0
0.0
0.0
0.0
0.0
0.0
0.0
0.0
0.0
0.0
0.0
0.0
0.0
0.0
0.00155592376139
0.00117868709833
0.00342946278694
0.00359680940487
0.00430354752049
0.0
0.0
0.0
5.10358809483e-05
5.73656286683e-05
5.88238547095e-05
8.55962485209e-05
0.000219734277948
0.0
0.0
0.0
5.08662548341e-05
6.14702942174e-05
5.5430905113e-05
8.09014559303e-05
0.000843179221036
0.0
0.0
0.0
0.0
0.0
0.0
0.0
0.0
0.0
0.0
0.0
0.0
0.0
0.0
0.0
0.0
0.0
0.0
0.0
0.0
0.0
0.0
0.0
0.0
0.0
0.0
0.0
0.0
0.0
0.0
0.0
0.0
0.0
0.0
0.0
0.0
0.0
0.0
0.0
0.0
0.0
0.0
0.000913374198784
0.00290397917551
0.000459834027487
0.0018745803591
0.00242012377691
0.00497019991025
0.00113809146375
0.00331549164677
0.000613082395766
6.22948641607e-05
4.87069029866e-05
5.77125640114e-05
5.33218087808e-05
8.47435017357e-05
0.0008823969861
0.000638809041515
0.000740893608477
5.53053130005e-05
6.33062527687e-05
5.1179152352e-05
6.14798048804e-05
9.19618024801e-05
6.12091614978e-05
0.000107812442514
0.000823449431804
5.62653253391e-05
5.89219088463e-05
6.10357379409e-05
0.000384175322127
5.5451311416e-05
0.000106340190851
6.45074393775e-05
0.000633456030507
-0.0188312047048
0.000176408772952
0.0
0.0
0.0
0.0
0.000193938784901
0.0
7.83202778618e-05
7.83202778618e-05
7.83202778618e-05
5.53053130005e-05
6.02893900882e-05
5.24050203517e-05
5.42360618858e-05
4.90791834367e-05
0.00434847766266
-0.00512196498064
0.000343974519796
0.00434847766266
0.0
0.00434847766266
0.0
-0.00173523101016
0.0
0.0
-0.00224049049386
0.00434847766266
0.00434847766266
0.00434847766266
0.0
0.00434847766266
0.0
0.0
-0.00464885219031
0.0
0.0
-0.00385797013669
-0.00464885219031
-0.00385797013669
-0.00441768808858
0.0
0.0
0.00434847766266
0.00434847766266
0.00434847766266
0.0
0.00434847766266
0.00434847766266
0.000340128848041
0.00434847766266
-0.00464885219031
0.00434847766266
-0.00441768808858
-0.00608321491427
-0.00385797013669
-0.00441768808858
0.0
0.0
0.00434847766266
0.00434847766266
0.00434847766266
0.0
0.00434847766266
0.0
0.0
-0.000994612684824
-0.00464885219031
-0.00173523101016
-0.00415875635111
0.00434847766266
0.0
0.0
0.0
1.02769566303e-05
-3.86339215124e-07
0.0
0.0
9.22431741434e-05
0.0
-0.00187272566222
0.0
0.0
0.00434847766266
0.0
0.0
0.0
0.0
-0.070451297295
0.0
0.0
-0.070451297295
0.0
0.0
0.0
-0.070451297295
0.0
0.0
0.0
0.0
0.0
0.0
0.0
0.0
-0.00499654891826
0.0
0.0
0.0
0.00435374955249
0.0
0.0030903310706
0.0
0.0
0.0
0.0
0.0059209999701
0.0
0.0
0.0
0.0
0.0
0.0
0.0
0.0
0.0
0.0
0.0
0.0
-0.00205933880027
-0.0152328424269
-0.00200644273754
0.0
0.0
0.0
0.0
0.0
0.0
0.0
0.0
0.0
0.0
0.0
3.1396005639e-05
0.000353387390774
0.0
0.0
0.0
0.0
0.0
0.0
0.0
0.0
-0.00247873755473
-0.00124362989715
-0.00165876180435
0.0
0.0
0.0
0.0
0.0
0.0
0.0
0.0
0.0
0.0
0.0
-0.000487510261411
-0.00134697161369
-2.08918674379e-05
0.0
0.0
0.0
0.0
0.0
0.0
0.0
0.0
0.0
0.0
0.0
0.0
0.0
0.0
0.0
-4.20468118114e-05
-2.04463474286e-05
1.44747756425e-05
0.0
0.0
0.0
0.0
0.0
0.0
0.0
0.0
0.0
-4.22987167859e-05
0.0
-4.22987167859e-05
0.0
0.000107394837882
0.0
0.0
0.0
0.0
0.0
0.0
0.0
0.0
0.000976073327075
0.00072141818791
0.000617731285146
0.000293774264258
0.000328565165945
8.67123341368e-05
-0.000261508670071
0.0
0.0
0.0
0.0
0.0
0.0
0.0
0.0
0.0
0.0
0.0
0.0
0.0
0.0
0.0
0.0
0.0
0.0
0.0
0.0
0.0
0.0
0.0
0.0
-0.000104769304199
5.71508989357e-05
-5.21180038792e-05
-0.00014176024975
-0.00014176024975
-2.50005625828e-05
-5.21180038792e-05
5.71508989357e-05
0.0
0.0
0.0
0.0
0.0
0.0
0.0
0.0
0.000216872221564
-0.000197152822063
-4.89082268779e-06
-9.39600037956e-05
0.000152293549797
-0.00042808114104
-0.000191489693218
8.76195329123e-05
0.0
0.0
0.0
0.0
0.0
0.0
0.0
0.0
0.000822311869371
0.000435871659156
-3.40793623702e-05
0.000438479557092
0.000310983757499
0.000196825931601
-0.00018441408856
9.12642197764e-05
0.0
0.0
0.0
0.0
0.0
0.0
0.0
0.0
4.8776468358e-05
5.85354922162e-05
-0.000951213223482
4.94850618627e-05
6.51712189081e-05
0.000104143215123
9.51633437249e-05
9.55299500952e-05
0.0
0.0
0.0
0.0
0.0
0.0
0.0
0.0
-0.000212593943511
5.3545152465e-05
5.39813886553e-05
5.39813886553e-05
5.35823288768e-05
5.20742531809e-05
5.33534304813e-05
5.5199225607e-05
0.0
0.0
0.0
0.0
0.0
0.0
0.0
0.0
0.000395212545914
0.00027270147001
0.000202940300112
0.000141624741778
8.74916551598e-05
0.0
0.0
0.0
0.0
0.0
0.000927245160763
0.000695694648469
0.000356282001729
0.0
0.0
0.0
0.0
0.0
0.0
0.0
0.0
0.0
0.0
0.0
0.0
0.0
0.0
0.0
0.0
0.00121915939564
0.000853732815471
0.000613582657292
0.0
0.0
0.0
0.0
0.0
0.0
0.0
0.0
0.0
0.0
4.75882424962e-05
8.90375895865e-05
0.000855772659994
-8.94216502393e-05
0.00039511782018
-0.00113337452161
0.0
0.0
1.61496503231e-05
3.21421319047e-05
-0.00106291195335
-0.0278073791426
-0.00287050843921
-0.018645942078
0.0
0.0
0.0
0.0
-0.0112836512253
-0.00937963118941
-0.00952494654108
-0.0108684166168
0.0
0.0
0.0
0.0
0.0
1.59044046593e-05
9.26528800151e-05
0.00036302829671
0.0
0.0
0.0
0.0
0.0
0.0
0.000560251219578
-5.26790687093e-05
0.0
0.0
-7.54522010229e-05
-0.0153428253568
-0.00323530382299
0.0
0.0
0.0
0.0
0.0
0.0
0.0
0.0
0.0
0.0
0.0
0.0
0.0
0.0
0.0
0.0
0.0
0.0
0.0
0.0
0.0
0.0
0.0
0.0
0.0
0.0
0.0
0.0
0.0
0.0
0.0
0.0
0.0
0.0
-0.0133448394957
-0.0151655806432
-0.0160724905975
-0.0160724905975
-0.0160724905975
-0.0160724905975
-0.0160724905975
-0.0160724905975
-0.0160724905975
0.0
0.0
0.0
0.0
0.0
0.0
0.0
0.0
0.0
0.0
0.0
0.0
0.0
2.03228233577e-05
-0.0139374895654
-0.0158109567027
-0.0194872228257
-0.0198590897315
-0.0198598696641
-0.0198598696641
-0.0198598696641
-0.0198598696641
-0.0198598696641
-0.0198598696641
0.0
0.0
0.0
0.0
0.0
0.0
0.0
0.0
0.0
0.0
0.0
0.0
0.0
0.0
0.0
0.0
0.0
0.0
0.0
0.0
0.0
0.0
0.0
0.0
0.0
0.0
0.0
0.0
0.0
0.0
7.14612402162e-05
0.0
9.92429521868e-05
5.06879444203e-05
5.46919107291e-05
5.35109936843e-05
4.9893698933e-05
4.62689893512e-05
4.74977692909e-05
3.19997379031e-05
0.0
0.0
0.0
0.0
0.0
0.000126233581536
0.000126233581536
0.0
0.0
0.0
-0.122165483266
0.0
0.0
0.0
0.0
0.0
0.0
0.0
6.10555857459e-05
0.0
0.0
6.91331142943e-05
7.21921926618e-06
0.000127997412039
-0.00183702586578
-0.00183702586578
0.0
-0.00183702586578
0.000636168460187
-2.29045920465e-05
-0.000398157875557
-0.000641477404354
1.48274486718e-05
0.000157338863337
0.000111668820029
-0.0001491168508
-0.00042223379864
5.25298693527e-05
0.000394218974836
0.000319731163354
-0.00042223379864
-0.00042223379864
0.0
-0.00042223379864
0.00074070070077
0.000615852968019
0.000632165476798
0.00044228068373
0.0
0.0
0.0
0.0
0.0
6.15095350058e-05
0.00120824406714
0.000552499066157
0.000122129163082
0.0
0.000124300870187
0.0
-0.000387468901141
0.000132369412261
9.42871689467e-05
0.000122184858482
0.0
0.0
0.0
0.0
0.0
4.93057788603e-05
0.00120425558798
0.000545415137356
-0.114203368665
-0.102573366048
-0.0266218310468
-0.0129440143656
-0.0939599426329
-0.0960878561793
-0.107305171615
-0.00180763733593
0.0
-0.0929165878655
-0.0288168264188
-0.020725010258
-0.00140602186084
-0.00106039444265
-0.0019926205045
-0.114203368665
0.0
-0.000948925347787
0.000122842654862
9.91483177933e-05
-0.00103644460332
-0.0947532065619
-0.106770133527
-7.55734197774e-05
0.0
-3.39343676024e-05
9.14229502395e-05
-3.23572834803e-05
5.29647049508e-05
0.000171507170262
-0.0677402252164
4.03834300027e-05
0.0
-3.36350748609e-05
0.0
-0.000204541776692
-0.0392390131847
-0.000281695794929
-0.117874676693
0.0
-0.122165483266
-0.0551445398324
-0.000157911808693
-0.000228444886958
-0.000286936562989
-0.000178094832682
-0.121655514436
-0.111606823564
0.0
0.0
0.0
0.0
0.0
-0.122165483266
0.0
0.0
0.0
0.0
0.0
0.0
0.0
0.0
0.0
0.0
-0.00257047837721
-0.11439748206
-0.000631446414209
-0.0701981261551
-0.0691733467929
-0.113042907046
-0.0701981261551
-0.00257047837721
-0.114203368665
-0.00114871183784
-0.00158862066338
-0.114203368665
-0.0971068411796
-0.00158862066338
-0.114203368665
-0.114203368665
0.0
0.0
0.0
0.0
3.86632049761e-05
-0.0129057241654
-0.0182457442363
-0.0327480015124
0.0
-0.00012238794112
-0.113458533456
4.26332450427e-05
-4.90385356672e-05
-0.114915640776
0.0
4.26332450427e-05
0.0
-0.000303351186668
-0.121909740127
-0.122165483266
-0.121667845297
-0.000114915859943
0.0
-0.122165483266
0.0
-0.000345634177451
-0.12115224861
-0.121164986564
-0.122165483266
0.0
-0.122165483266
-0.000326027640852
0.0
0.0
-0.122165483266
-0.122165483266
-0.122165483266
-0.122165483266
0.0
-0.122165483266
-0.00089659393672
-0.0630672845725
0.000105679617354
-0.104807785457
0.000805673784803
0.000462460949761
0.000131850611447
-0.000229609969328
-0.000614645347688
-0.000826325659634
-0.0321537617674
-0.00120531936861
-4.94210257589e-05
-0.00020348428689
-0.000328094545424
-0.000464963482596
-0.0488829732979
-0.0680035199154
-0.0476224932006
0.0
0.0
0.0
0.0
0.0
5.14449270445e-05
5.14449270445e-05
4.85839601724e-05
0.000119004539808
4.99142133733e-05
4.79043571933e-05
5.07938760657e-05
5.07938760657e-05
-0.0899340543327
-0.0902449242151
-0.107104789339
-0.0014362525979
-0.0193157151424
-0.0899824688515
-0.0951636226714
-0.0005146146595
-0.0527774585936
-0.0648548641121
-0.0015931024649
-0.113022151152
-0.00148151790122
-0.000734296318784
-0.00194625775955
0.0
0.0
-0.122165483266
0.0
0.0
0.0
0.0
0.0
-0.122165483266
-0.00757683945761
0.000233087228428
-0.000645724782774
-0.0498918525196
-0.000887954991702
-0.00103103907495
-0.000430282034203
0.0
0.0
-0.0195439290845
-0.0239888038369
-0.0446286354204
-0.0182434046513
-0.000615852985402
-0.000670038797686
-0.000552315843438
0.0
0.0
-0.00205933880027
-0.00205933880027
0.0
-0.0680035199154
-0.00205933880027
-0.00205933880027
-0.0977732243715
-0.0977732243715
-0.0977732243715
0.0
0.0
0.0
-0.0977732243715
0.0
-0.0977732243715
0.0
0.0
0.0
0.0
-0.112836088269
-0.112836088269
0.0
-0.0312559601795
0.0
0.0
-0.0578718554426
0.0
-0.112836088269
-0.112836088269
0.0
0.0
0.0
0.0
-0.122165483266
0.0
0.0
0.0
0.0
0.0
0.0
0.0
0.0
0.0
0.0
0.0
0.0
-0.00757683945761
0.000233087228428
-0.00108761917641
-0.0188220749837
-0.0604835849095
-0.00118314240812
-0.000589490263158
0.0
0.0
-0.0195273612994
-0.0271014668523
-0.0202894530194
-0.000976254552435
-0.0814539421806
-0.000872623449219
-0.00042463974438
0.0
0.0
-0.00205933880027
-0.00205933880027
-0.00205933880027
-0.00205933880027
0.0
-0.00205933880027
-0.0977732243715
-0.0977732243715
-0.0977732243715
0.0
-0.112516992246
0.0
-0.0977732243715
0.0
-0.0977732243715
0.0
0.0
0.0
-0.0578718554426
-0.122165483266
-0.122165483266
0.0
-0.0312559601795
0.0
0.0
-0.108499334109
0.0
0.0
0.0
0.0
0.0
0.0
0.0
0.0
0.0
0.0
0.0
0.0
0.0
0.0
0.0
0.0
0.0
0.0
0.0
0.0
0.00103367091263
0.0010518829949
0.00105376156181
0.0010399477851
6.9172251261e-05
6.9172251261e-05
6.9172251261e-05
6.9172251261e-05
0.00098755365561
0.000984100975659
0.000973488877959
0.00096789650483
0.0013524794958
0.0013524794958
0.0013524794958
0.0013524794958
0.000180474796573
0.000126932919821
0.000181077240345
0.000167329784325
0.000208082443
0.000208082443
0.000208082443
0.000208082443
9.46718613639e-05
9.32396286898e-05
9.26836744521e-05
0.000102015947313
8.70053638512e-05
8.70053638512e-05
8.70053638512e-05
8.70053638512e-05
0.0
0.0
0.0
2.24922781119e-05
0.000955157621538
0.0
0.0
0.0
0.000101578717148
9.01686305177e-05
0.000132204121038
0.00100653589791
0.00067413016813
0.0
0.0
0.0
4.74879402056e-05
5.14169845568e-05
5.4429096853e-05
6.34342649011e-05
6.79912264739e-05
0.0
0.0
0.0
5.41187865365e-05
5.14631961368e-05
5.79840837334e-05
6.92291511584e-05
7.28300848775e-05
0.0
0.0
0.0
6.9172251261e-05
0.0
0.0
0.0
0.0
0.0
0.000197888711009
8.26585195959e-05
0.00134978167576
8.98423179009e-05
0.000119842033871
0.000114637428348
0.000268912110915
0.00137936206553
0.00132242243679
0.00133145150903
0.00018236998423
5.52276048833e-05
4.67331865825e-05
5.39326036246e-05
6.90572077287e-05
8.99494543205e-05
8.24051079929e-05
0.00018236998423
9.19107430503e-05
5.08662548341e-05
5.16712160364e-05
5.04289646767e-05
6.18199468895e-05
8.16387040145e-05
9.1398762979e-05
9.43060052642e-05
0.0
0.0
0.0
0.0
0.00117309226216
0.000963564790909
0.000787011607282
0.000449651503821
0.000106041107263
9.73279117751e-05
0.000113425794708
0.00136185988043
0.00103166434877
0.0007544843992
0.000627892450003
0.000404948518527
6.04835596468e-05
5.3873785844e-05
4.97379068555e-05
7.4212469893e-05
8.45469981155e-05
0.000151814561948
0.000982769321743
0.000615006460139
5.16955914286e-05
5.086070847e-05
6.72828880516e-05
6.81477420453e-05
9.11873066942e-05
0.000150361401623
0.00100532592459
0.000660005031857
5.56644616447e-05
8.35648147011e-05
5.10071403302e-05
-0.000534992870883
-0.000870242860207
-0.00490804532804
-0.00717209168936
-0.00298428385863
-0.000721085168397
-0.00123876402812
0.0
0.0
0.0
0.0
-0.0568026424689
0.0
3.53910491352e-05
2.91593918406e-05
-4.36629601838e-05
5.16955914286e-05
5.086070847e-05
5.3052925005e-05
4.82380423679e-05
5.46405216743e-05
9.73151010222e-05
5.5907570775e-05
5.21100696298e-05
6.88818821205e-05
-0.0282347327524
0.000100162726663
-0.0455119402063
0.0
-0.0151398091061
-0.0278695366391
0.00031884542146
0.000266289599007
0.000154186604205
0.000141056307645
0.0
0.0
-0.108499334109
-0.0977732243715
0.0
0.0
0.0
0.0
0.0
0.0
0.0
0.0
0.0
0.0
0.0
0.0
0.0
0.0
0.0
0.0
0.0
0.0
0.0
0.0
0.0
0.0
0.0
0.0
0.0
0.0
0.0
0.0
0.0
0.0
0.0
0.0
0.0
0.0
0.0
0.0
0.0
0.0
5.17655453401e-05
4.95820202955e-05
4.76016058567e-05
4.69073218379e-05
4.55182937325e-05
8.43593146068e-06
9.3295567102e-05
8.43593146068e-06
-0.000153134856073
-0.114203368665
-0.104188909618
-0.00175002972692
0.0
0.0
0.0
0.0
-0.000128844168421
0.0
0.0
-0.000128844168421
0.0
-0.0799213169014
-0.0799213169014
-0.000128844168421
-0.0799213169014
-0.0799213169014
0.0
0.0
0.0
0.0
0.0
0.0
-0.000754861468874
-0.0247432501161
-0.0581677783395
-0.0601763040501
-0.00142459647745
-0.00992057021456
-0.0012534397984
-0.0464200159212
-0.0233645986458
-0.00123313951869
-0.00118014648329
-0.00230991268911
-0.00340590122249
-0.00340590122249
-0.00340590122249
-0.00340590122249
