0.0
0.0
0.0
0.0
0.0
0.0
0.0
0.0
0.000702086241558
2.41289193487e-16
0.00147847166426
-2.77555756156e-16
1.11022302463e-16
5.55111512313e-17
-9.43689570931e-16
7.21644966006e-16
0.00305874300653
0.00767311872636
-1.38777878078e-17
5.20417042793e-18
-2.16840434497e-19
0.0
0.000110556610804
-0.000410735011415
4.23516473627e-22
5.29395592034e-23
-6.61744490042e-24
0.0
-1.03397576569e-25
-1.29246970711e-26
3.23117426779e-27
0.0
0.0
-0.0706228749624
-3.94430452611e-31
-2.46519032882e-32
0.0
0.0
0.0
0.0
9.40395480658e-38
0.0
-7.34683969264e-40
-1.37753244237e-40
9.1835496158e-41
1.83670992316e-40
0.0
-0.021757117086
0.000163928285322
0.0
0.0
0.0
0.0
0.0
0.0
0.0
0.0
0.0
0.0
0.0
0.0
0.0
0.0
0.0
0.00257453828928
0.00182715539247
0.00167109141472
2.48518057127e-05
0.0
0.0
0.0
0.0
0.0
0.0
0.0
0.0
0.00246575294703
0.0
0.00246575294703
0.0
0.00132062169153
0.0
0.0
0.0
0.0
0.0
0.0
0.0
0.0
0.0
0.0
0.0
0.0
-0.0973756543977
-0.0973756543977
4.52718492564e-05
0.0
0.0
0.0
0.0
0.0
0.0
0.0
0.0
0.0
0.0
0.0
0.0
0.0
0.0
0.0
0.0
0.0
0.0
0.0
0.0
0.0
0.0
0.0
0.0
0.0
0.0
0.00115277366471
0.0
0.0
0.00116112027215
0.00115277366471
0.0
0.0
0.0
0.0
0.0
0.0
0.0
0.0
0.0
-0.00771046337481
0.0
-0.0654784435989
-0.00771046337481
-0.00771046337481
0.0
-0.00976935204076
0.0
0.0
0.0
0.0
0.0
0.0
0.0
0.0
0.0
-0.0944438392282
0.0
-0.0291219113649
-0.0882483763699
-0.102621031972
0.0
-0.119783233685
0.0
0.0
0.0
0.0
0.0
0.0
0.0
0.0
0.0
-0.0968649677621
0.0
-0.0934018060759
-0.122446691563
-0.102695048122
0.0
-0.119783739741
0.0
0.0
0.0
0.0
0.0
0.0
0.0
0.0
0.0
-0.119783233685
0.0
-0.12363189143
-0.140045046257
-0.0591639007283
0.0
-0.0591639007283
0.0
0.0
0.0
0.0
0.0
0.0
0.0
0.0
0.0
0.000697654786729
0.000673390367895
0.000748577884092
0.000853967942922
0.000894080983472
0.0
0.0
0.0
0.0
0.0
0.0011760185013
0.00123960527773
0.00131424706735
0.0
0.0
0.0
0.0
0.0
0.0
0.0
0.0
0.0
0.0
0.0
0.0
0.0
0.0
0.0
0.0
0.0
0.0
0.0
0.0
0.0
0.0
0.0
0.0
0.0
0.0
0.0
0.0
0.0
0.0
0.0
-0.0334963861698
-0.0520317938376
0.0
0.00157770540083
0.0
0.0
0.0
0.0
0.0
-0.0651032158014
0.0
0.00163447718956
0.0
0.0
0.0
0.0
0.0
0.0
0.0
0.00114232228741
0.0
0.0
0.0
0.0
0.0
0.0
0.0
0.001250683756
0.0
0.0
0.0
0.0
0.0
0.0
0.0
0.00108342531111
0.0
0.0
0.0
0.0
0.00228211839214
0.0
0.0
0.0
0.0
0.0
0.0
0.0
0.0
0.0
0.0
0.0
0.0
0.0
0.0
0.0
0.0
0.0
0.0
0.0
0.0
0.0
0.0
0.0
0.0
0.0
0.0
0.0
0.0
0.0
0.0
0.0
0.0
0.0
0.0
0.0
0.0
0.0
0.0
0.0
0.0
0.0
0.0
0.0
0.0
0.0
0.0
0.0
0.0
0.0
0.0
0.0
0.0
0.0
0.0
0.0
0.0
0.0
0.0
0.0
7.29306351564e-06
7.29306351564e-06
7.29306351564e-06
7.29306351564e-06
7.29306351564e-06
7.29306351564e-06
7.29306351564e-06
7.29306351564e-06
0.0
0.0
0.0
0.0
0.0
0.0
0.0
0.0
0.0
0.0
0.0
0.0
0.0
0.0
0.0
0.0
0.0
0.0
0.0
0.0
0.0
0.0
0.0
0.0
0.0
0.0
0.0
0.0
0.0
0.0
0.0
0.0
0.0
0.0
0.0
0.0
0.0
0.0
0.0
0.0
0.0
0.0
-0.000409171796712
-0.000409171796712
0.0
0.00135964743145
0.00135964743145
-0.000409171796712
0.000702086241558
0.000702086241558
0.0
0.0
0.0
0.0
0.0
0.0
0.0
0.0
0.0002087400558
0.0
0.0
0.000208769975952
-0.000268790689596
0.000259038124476
0.0
0.0
0.0
0.0
0.0
0.00141406472645
0.00153257339587
0.00161225040196
0.0
0.0
0.000609036336344
0.0
0.0
2.11498930505e-05
0.00023789956692
0.00029848536986
0.0
0.0
0.0
0.0
0.0
0.00082866340948
0.000888223541087
0.000884854619279
0.0
0.0
0.0
0.0
0.0
2.27578583901e-05
6.1195597723e-05
0.000361627656692
0.0
0.0
3.78383853046e-05
0.0
0.0
0.000191262759318
0.0
0.000115960788283
0.0
0.0
0.0
0.0
0.0
1.88219186686e-05
0.0
0.00127701027403
0.0
0.0
0.0
0.0
0.0
0.0
0.0
0.000707290792186
0.0
0.0
0.0
0.0
0.00143322643299
0.00495870602505
0.00155502140274
0.0
0.0
0.00243489203552
0.000702086241558
0.000702086241558
0.00249452321488
0.0
0.0
0.00305689002224
0.0
0.00678171415563
0.000702086241558
0.000702086241558
0.0
0.000566976420063
0.0
0.00167760382105
0.0
0.00589253115283
0.00142590995635
0.000702086241558
0.0
0.0
0.0
0.00141059094155
0.0
0.0
0.0
0.000702086241558
0.00507730881237
0.000814487659906
0.0
0.0
0.0
0.0
0.0
0.0
0.0
0.0
0.0
0.0
0.0
0.0
0.0
0.0
0.0
0.0
0.0
0.0
6.34352404308e-05
0.0
2.4135549337e-05
0.0
0.0
0.0
0.0
6.34352404308e-05
0.0
2.4135549337e-05
2.4135549337e-05
0.0
0.0
2.4135549337e-05
0.0
0.0
0.0
0.0
0.0
0.0
0.0
0.0
0.0
-0.021757117086
0.00166819766333
2.4135549337e-05
0.0
0.00167945239744
2.4135549337e-05
0.0
0.000526549891233
0.000526549891233
0.00140333965385
2.4135549337e-05
0.0
0.0
0.0
2.4135549337e-05
2.4135549337e-05
0.0
0.00580730334059
2.4135549337e-05
0.0
0.0
0.0
0.00614113839526
0.0
2.4135549337e-05
2.4135549337e-05
2.4135549337e-05
0.0
0.0
0.0
0.0
2.4135549337e-05
0.0
0.000666716741906
0.0
0.00384735108242
0.0
0.000824785663839
-0.00194679103408
-0.00183686492013
0.00262455778438
0.0029029183573
0.00546099824157
0.0
0.00209939615553
0.00209939615553
0.00237249818118
0.00133373461767
0.00290985593328
0.0
0.0
0.0
0.00319514107278
0.00591446247933
0.00506659220982
0.00305874300653
0.00767311872635
0.0
0.0
-0.0584296960241
-6.9680980768e-06
-0.129116623097
-0.139544653148
-0.145867107353
-0.145867107353
0.0
0.0
0.0
0.000702086241558
0.0
0.0
0.0
0.00209939615553
0.0
0.0
0.00332200883237
0.0
0.00240366791145
0.00321017585158
0.00416660567149
0.00319514107278
0.0
0.0
0.0
0.0
0.000702086241558
0.0
0.0
0.0
0.0
0.0
0.00227685731174
0.0
0.00304222856115
0.00125557523497
0.000553184239725
0.0
0.0
0.0
0.0
0.0
0.0
0.00317360438225
0.000702086241558
0.000562404258328
0.0
0.0
0.000702086241558
0.000702086241558
0.0
0.0
0.000702086241558
0.00148314374296
0.0
0.0
0.0
0.00531978806869
0.00506659220982
0.00305874300653
0.0
0.00114321958929
0.0
0.00767311872635
0.000702086241558
0.000702086241558
0.00591446247933
0.0
0.0
0.000702086241558
0.0
0.000702086241558
0.00767311872635
0.0
0.0
0.0
0.0
0.000702086241558
0.0
0.000702086241558
0.0
0.0
0.000702086241558
0.000702086241558
0.000702086241558
0.0
0.0
0.0
0.0
0.0
0.0
0.0
0.0
0.0
0.0
0.0
-0.00167730707726
0.0
0.0
9.43436935603e-05
0.00110042720833
0.0
0.0
0.0
0.0
0.0
0.00133373461767
0.0
0.000702086241558
0.000797033996319
0.0
0.0
0.000702086241558
0.00209939615553
0.00209939615553
0.000702086241558
0.0
0.00148314374296
0.0
0.0
0.0
0.00209939615553
0.0
0.000702086241558
0.0
0.00114321958929
0.0
0.00767311872635
0.000702086241558
0.00506659220982
0.0
0.0
0.0
0.000702086241558
0.0
0.000702086241558
0.00767311872635
0.0
0.00767311872635
0.000702086241558
0.00591446247933
0.0
0.0
0.000702086241558
0.0
0.0
0.0
0.000702086241558
0.000702086241558
0.0
0.0
0.0
0.0
0.0
0.0
0.0
0.0
0.0
0.0
0.0
0.0
0.0
0.0
0.0
0.0
0.0
0.0
0.0
0.0
0.0
0.0
0.0
0.0
0.0
0.0
0.0
0.0
0.0
0.0
0.0
0.0
0.0
0.0
0.0
0.0
0.0
0.0
0.0
0.0
0.0
0.0
0.0
0.0
0.0
0.0
0.0
0.0
0.0
-0.00138939840084
-0.000935715104335
-0.000189202501999
-0.000538980320354
-0.000309115148862
0.0
0.0
0.0
-0.0451309819592
-0.0445883820712
-0.0373084761778
-0.0364616611819
-0.0349078151606
0.0
0.0
0.0
-0.148919497551
-0.133924689706
-0.0579548767438
-0.0497608232727
-0.0574376057031
0.0
0.0
0.0
0.0
0.0
0.0
0.0
0.0
0.0
0.0
0.0
0.0
0.0
0.0
0.0
0.0
0.0
0.0
0.0
0.0
0.0
0.0
0.0
0.0
0.0
0.0
0.0
0.0
0.0
0.0
0.0
0.0
0.0
0.0
0.0
0.0
0.0
0.0
0.0
0.0
0.0
0.0
0.0015325628254
-0.00168407770354
-0.000657041452311
-0.000826921263226
-0.000102460929897
0.000278596952976
-0.00222451703825
-0.000424190338253
0.0021667858837
-0.0131242303103
-0.0279725286671
-0.0456122553912
-0.042697191461
-0.0628151374741
-0.0746070460405
-0.00206754732219
0.00167138505242
-0.123330219564
-0.142967321623
-0.0890938643148
-0.0636908476157
-0.0611609788568
-0.0331768537364
-0.0155767472054
0.00163500897222
-0.101025367253
-0.0938231260646
-0.0908364783435
-0.0678472269545
-0.0243149723665
-0.0624903036396
-0.0446653216417
-0.00214811232761
0.00248132979433
0.000640518167799
0.0
0.0
0.0
0.0
-0.0312994762588
0.0
-0.13340865348
-0.13340865348
-0.13340865348
-0.123330219564
-0.138084176922
-0.0893835353056
-0.0839595473583
-0.134048680377
0.000702086241558
0.0011382215132
0.00303480027993
0.000702086241558
0.0
0.000702086241558
0.0
0.00209939615553
0.0
0.0
0.00122682948182
0.000702086241558
0.000702086241558
0.000702086241558
0.0
0.000702086241558
0.0
0.0
0.00319514107278
0.0
0.0
0.00506659220982
0.00319514107278
0.00506659220982
0.00591446247933
0.0
0.0
0.000702086241558
0.000702086241558
0.000702086241558
0.0
0.000702086241558
0.000702086241558
0.00305874300653
0.000702086241558
0.00319514107278
0.000702086241558
0.00591446247933
0.00531978806869
0.00506659220982
0.00591446247933
0.0
0.0
0.000702086241558
0.000702086241558
0.000702086241558
0.0
0.000702086241558
0.0
0.0
0.00133373461767
0.00319514107278
0.00209939615553
0.00767311872635
0.000702086241558
0.0
0.0
0.0
-0.13990175668
-0.152023831077
0.0
0.0
-0.00341150728748
0.0
0.000200897878647
0.0
0.0
0.000702086241558
0.0
0.0
0.0
0.0
0.000663912135473
0.0
0.0
0.000663912135473
0.0
0.0
0.0
0.000663912135473
0.0
0.0
0.0
0.0
0.0
0.0
0.0
0.0
0.0020801965576
0.0
0.0
0.0
-0.00522835542583
0.0
-0.00628996316762
0.0
0.0
0.0
0.0
-0.000409171796712
0.0
0.0
0.0
0.0
0.0
0.0
0.0
0.0
0.0
0.0
0.0
0.0
0.000121346472596
0.000345274502852
0.000108987156994
0.0
0.0
0.0
0.0
0.0
0.0
0.0
0.0
0.0
0.0
0.0
-4.44938419432e-05
-0.000227420799715
0.0
0.0
0.0
0.0
0.0
0.0
0.0
0.0
-8.36051559857e-05
-6.41614737902e-05
-0.001205427693
0.0
0.0
0.0
0.0
0.0
0.0
0.0
0.0
0.0
0.0
0.0
0.000101125171014
-3.65530747635e-05
4.70787128823e-05
0.0
0.0
0.0
0.0
0.0
0.0
0.0
0.0
0.0
0.0
0.0
0.0
0.0
0.0
0.0
7.99119171716e-05
0.000171247881483
2.48518057127e-05
0.0
0.0
0.0
0.0
0.0
0.0
0.0
0.0
0.0
0.000184212191927
0.0
0.000184212191927
0.0
2.47564883162e-05
0.0
0.0
0.0
0.0
0.0
0.0
0.0
0.0
9.4066555136e-05
-0.000337654312812
0.000119063941836
7.04178771141e-05
-2.98254023849e-05
-0.000183676572551
-0.00034050604158
0.0
0.0
0.0
0.0
0.0
0.0
0.0
0.0
0.0
0.0
0.0
0.0
0.0
0.0
0.0
0.0
0.0
0.0
0.0
0.0
0.0
0.0
0.0
0.0
-0.000118675648503
2.64879370256e-05
-2.59071845211e-05
-0.000142922057018
-0.000142922057018
-0.000312008786576
-2.59071845211e-05
2.64879370256e-05
0.0
0.0
0.0
0.0
0.0
0.0
0.0
0.0
-0.00388154135521
-0.000507464165141
-0.000276234490244
-0.0041214603478
-0.00484123318667
-0.000548116662389
-0.000313946281694
-0.000395779706237
0.0
0.0
0.0
0.0
0.0
0.0
0.0
0.0
-0.000590103260095
-0.00234837262588
-0.00026349629002
-0.00140471154958
-0.000556013507028
-0.000365005526086
-0.000355267254724
-0.00281139650955
0.0
0.0
0.0
0.0
0.0
0.0
0.0
0.0
-0.0776590360697
-0.0534737250684
-0.0114653398591
-0.062886190824
-0.0476028363463
-0.0219319645261
-0.0244102114951
-0.0280079402007
0.0
0.0
0.0
0.0
0.0
0.0
0.0
0.0
-0.000409381420708
-0.0999415826462
-0.0582833379874
-0.0582833379874
-0.0465979170688
-0.12363189143
-0.0653156519775
-0.0347670715185
0.0
0.0
0.0
0.0
0.0
0.0
0.0
0.0
0.000111858488184
0.000109029194368
0.000105291763794
0.000100986431057
9.31799150597e-05
0.0
0.0
0.0
0.0
0.0
0.000307338075869
0.000266572880521
0.00023327361103
0.0
0.0
0.0
0.0
0.0
0.0
0.0
0.0
0.0
0.0
0.0
0.0
0.0
0.0
0.0
0.0
0.000334088072549
0.000235881607284
0.000169563788036
0.0
0.0
0.0
0.0
0.0
0.0
0.0
0.0
0.0
0.0
-0.0038253475229
-0.002211239234
0.000292983958614
0.000117562652435
7.27006570382e-05
-0.000218467647975
0.0
0.0
-7.39685100705e-05
-0.000466638053522
9.96556629715e-05
-0.000393427817071
0.000111682613693
8.11377753032e-05
0.0
0.0
0.0
0.0
0.000211976839883
0.000302928088381
-0.000924011750581
0.000147200523552
0.0
0.0
0.0
0.0
0.0
4.00256510097e-06
0.000175803924048
-7.89639857551e-05
0.0
0.0
0.0
0.0
0.0
0.0
-0.000597314818742
-9.23397361814e-06
0.0
0.0
-0.0107381610106
0.000272333698427
-0.000695722181024
0.0
0.0
0.0
0.0
0.0
0.0
0.0
0.0
0.0
0.0
0.0
0.0
0.0
0.0
0.0
0.0
0.0
0.0
0.0
0.0
0.0
0.0
0.0
0.0
0.0
0.0
0.0
0.0
0.0
0.0
0.0
0.0
0.0
0.0
-0.000218781129979
-0.000300043174103
-0.000351185802014
-0.000351185802014
-0.000351185802014
-0.000351185802014
-0.000351185802014
-0.000351185802014
-0.000351185802014
0.0
0.0
0.0
0.0
0.0
0.0
0.0
0.0
0.0
0.0
0.0
0.0
0.0
5.51982436653e-06
-0.000149250904823
7.00077394572e-05
-0.000353088000547
-0.00035715504998
-0.000357183830405
-0.000357183830405
-0.000357183830405
-0.000357183830405
-0.000357183830405
-0.000357183830405
0.0
0.0
0.0
0.0
0.0
0.0
0.0
0.0
0.0
0.0
0.0
0.0
0.0
0.0
0.0
0.0
0.0
0.0
0.0
0.0
0.0
0.0
0.0
0.0
0.0
0.0
0.0
0.0
0.0
0.0
-0.00224893895264
0.0
-0.0343891574118
-0.0838830754024
-0.114676007861
-0.128594319376
-0.0816496023203
-0.0540825607329
-0.00875354456675
-0.0468642717253
0.0
0.0
0.0
0.0
0.0
-9.65942205205e-05
-9.65942205205e-05
0.0
0.0
0.0
-0.00012135541788
0.0
0.0
0.0
0.0
0.0
0.0
0.0
-3.99016466368e-05
0.0
0.0
-3.29801521592e-05
-3.17309157852e-05
3.34715714658e-05
0.000414388144965
0.000414388144965
0.0
0.000414388144965
0.000507038441367
0.000446140622462
0.000298044260411
0.000172802485326
0.000115567085769
9.25202422214e-05
-2.11518003352e-05
4.2651081803e-05
1.45975732582e-05
1.52539829587e-05
7.04494610659e-05
0.00011131293969
1.45975732582e-05
1.45975732582e-05
0.0
1.45975732582e-05
0.000338057111437
0.000262066599862
0.00019139485147
0.000163972206312
0.0
0.0
0.0
0.0
0.0
1.73637160769e-05
0.000336595817053
0.000173146325934
5.14015774536e-05
0.0
5.43328256286e-05
0.0
-5.28717466681e-06
3.78383853046e-05
3.31640017466e-05
8.088786953e-06
0.0
0.0
0.0
0.0
0.0
1.39498616669e-05
0.00033735013963
0.000155403090673
0.000247942059588
0.000238199142654
0.000901630550027
0.000639224092782
-0.000134666354125
-0.000141839760742
0.000239536195862
0.000416883124896
0.0
0.000117206047665
0.000809263968256
0.000625299501753
0.000247380121631
6.72465565286e-05
0.000127835731828
0.000247942059588
0.0
7.62070659339e-05
0.000151522287181
0.000146385049493
0.000140697216818
-0.000573966242688
-7.8852216224e-05
3.68871134834e-05
0.0
6.22611223499e-05
0.000121277923028
0.000126932286588
-0.171499029807
7.01756545417e-05
4.698071424e-05
2.2031127728e-05
0.0
2.24213485952e-05
0.0
0.000140644721344
0.000888886977316
0.000139521011067
-0.000102855027604
0.0
-0.00012135541788
0.00119390778584
4.51662363295e-05
2.69669927742e-05
3.37964230672e-05
2.8794646523e-05
-0.00012025164875
-0.000716130524419
0.0
0.0
0.0
0.0
0.0
-0.00012135541788
0.0
0.0
0.0
0.0
0.0
0.0
0.0
0.0
0.0
0.0
8.51893055394e-05
-0.000105959847625
2.76682161888e-05
3.20914775687e-06
6.94710244214e-06
-0.000101416738401
3.20914775687e-06
8.51893055394e-05
0.000247942059588
6.67929525268e-05
0.00012473176833
0.000247942059588
0.00025119224531
0.00012473176833
0.000247942059588
0.000247942059588
0.0
0.0
0.0
0.0
2.44665404885e-05
0.000153611449227
-0.00027953503424
-0.000591665857026
0.0
5.67992453324e-05
-8.85532576896e-05
1.28661775767e-05
5.76973523698e-05
-9.29273213634e-05
0.0
1.28661775767e-05
0.0
1.46246513819e-05
-0.000120290087136
-0.00012135541788
-0.000119640163605
1.22363892773e-05
0.0
-0.00012135541788
0.0
3.09819426366e-05
-0.000116799146221
-0.000116353901694
-0.00012135541788
0.0
-0.00012135541788
3.03779163824e-05
0.0
0.0
-0.00012135541788
-0.00012135541788
-0.00012135541788
-0.00012135541788
0.0
-0.00012135541788
0.000368961520642
-0.000204106087095
0.000228294384861
-1.55044870455e-05
0.000528100357448
0.000502010460075
0.00040098895917
0.000308707260205
0.000156487207436
0.000131532949
0.000719874144474
9.93007945244e-05
0.000303834275582
0.000253635777075
0.000205972234395
0.000176597091164
0.00101672594361
0.00105107165256
0.00041755975388
0.0
0.0
0.0
0.0
0.0
-0.0462825879312
-0.0462825879312
-0.0127820179825
3.07271607707e-05
-0.0405524750011
-0.034695089218
-0.0458014549925
-0.0458014549925
-0.000864680077112
-0.000906220325163
-0.000440139697179
8.77312137795e-05
0.000447107632215
-0.000907332897589
-0.000622737447557
3.90606437726e-05
0.000846266488104
0.00110467893491
0.000100003571198
-9.4611812688e-05
8.84735890026e-05
4.74458793371e-05
0.000113753491053
0.0
0.0
-0.00012135541788
0.0
0.0
0.0
0.0
0.0
-0.00012135541788
0.000229904960222
0.000546276739768
0.000464265596513
0.000240564695333
0.00027311284905
0.000277014961977
0.000110124432355
0.0
0.0
9.00926399242e-05
-0.000150014027123
-0.000145570083408
0.000357044077674
0.000108294633659
9.10465598087e-05
4.463400445e-05
0.0
0.0
0.000121346472596
0.000121346472596
0.0
0.00105107165256
0.000121346472596
0.000121346472596
-0.00140733802296
-0.00140733802296
-0.00140733802296
0.0
0.0
0.0
-0.00140733802296
0.0
-0.00140733802296
0.0
0.0
0.0
0.0
-0.000729068376889
-0.000729068376889
0.0
0.00073384067069
0.0
0.0
0.00124356193479
0.0
-0.000729068376889
-0.000729068376889
0.0
0.0
0.0
0.0
-0.00012135541788
0.0
0.0
0.0
0.0
0.0
0.0
0.0
0.0
0.0
0.0
0.0
0.0
0.000229904960222
0.000546276739768
0.000479846472449
0.00068419354108
0.000147358861059
0.000293674954668
0.000164032754549
0.0
0.0
9.356405241e-05
-6.27894800597e-05
0.000604137228919
0.000144012927391
-4.1251166231e-06
9.88673120059e-05
6.56630022021e-05
0.0
0.0
0.000121346472596
0.000121346472596
0.000121346472596
0.000121346472596
0.0
0.000121346472596
-0.00140733802296
-0.00140733802296
-0.00140733802296
0.0
-0.000321357063186
0.0
-0.00140733802296
0.0
-0.00140733802296
0.0
0.0
0.0
0.00124356193479
-0.00012135541788
-0.00012135541788
0.0
0.00073384067069
0.0
0.0
-0.00101006370914
0.0
0.0
0.0
0.0
0.0
0.0
0.0
0.0
0.0
0.0
0.0
0.0
0.0
0.0
0.0
0.0
0.0
0.0
0.0
0.0
0.000262753876582
0.000206511633662
0.000195924009859
0.000200305365912
-6.29283958811e-05
-6.29283958811e-05
-6.29283958811e-05
-6.29283958811e-05
0.000450287068407
0.000451723979366
0.000455767889785
0.000427344916147
0.000572211472807
0.000572211472807
0.000572211472807
0.000572211472807
-0.00861062908857
-0.00944711602798
-0.0055758284701
-0.00665205370027
-0.0180475504516
-0.0180475504516
-0.0180475504516
-0.0180475504516
-0.0336794584527
-0.0148396008349
-0.0448553500855
-0.00730264353224
-0.0593793688246
-0.0593793688246
-0.0593793688246
-0.0593793688246
0.0
0.0
0.0
5.66049652628e-06
0.000255769435324
0.0
0.0
0.0
-0.00571051468354
-0.000604091114058
-0.000525872354318
0.000270665659018
0.000185790188113
0.0
0.0
0.0
-0.0237999950507
-0.0346931811629
-0.00829783509746
-0.00386529114979
-0.00728554763477
0.0
0.0
0.0
-0.107761151433
-0.0771912304396
-0.0141406942664
-0.0123011038927
-0.0175091390395
0.0
0.0
0.0
-6.29283958811e-05
0.0
0.0
0.0
0.0
0.0
-0.000662560417281
-4.85877717087e-05
0.000571073013799
-0.000674837763151
-0.00421864837367
-0.0021574238269
-0.000360844524969
0.000503224582323
0.000528004817435
0.000558434874508
-0.0171830806696
-0.0123142522291
-0.0107989582919
-0.00603894466603
-0.015122507281
-0.0150122631444
-0.00100002217814
-0.0171830806696
-0.0572659825233
-0.148919497551
-0.0822701464894
-0.062276586669
-0.0641611356926
-0.0557370844356
-0.00596657485654
-0.0534766130161
0.0
0.0
0.0
0.0
0.000349324713774
5.94282167341e-05
0.00022686001555
0.000139571072794
-0.00125808886932
-0.00165608820536
-0.000578242625237
0.000422164205985
0.00033392605835
0.000269517200568
0.000243189809174
0.000172461448865
-0.0108111708227
-0.0435775583534
-0.0314607500293
-0.0146449374532
-0.0120592832906
-0.00279787943388
0.000153604942774
0.000170786149032
-0.116434963488
-0.0685134140324
-0.0317385422712
-0.0167236850145
-0.012781722061
-0.00334590715014
-5.68284921824e-05
0.000150403507907
-0.0832508619985
-0.0191752654318
-0.000573301485508
-0.000170975416986
0.000135575413786
0.000208648598968
0.00023359864408
0.000147004600737
0.000199565877641
0.00017494398127
0.0
0.0
0.0
0.0
0.000176945731906
0.0
-0.000235996209207
-0.000425120072258
-0.000225764323442
-0.116434963488
-0.0685134140324
-0.0975445965467
-0.0410273138709
-0.110068635457
-4.34846873445e-06
-3.77432358966e-05
-4.17320099692e-05
7.30272694137e-06
-0.00484470032374
4.91403173496e-06
0.000667430670941
0.0
0.000480143172839
0.000672092670334
0.000107903312838
7.52824056315e-05
5.09671522242e-05
3.9918034159e-05
0.0
0.0
-0.00101006370914
-0.00140733802296
0.0
0.0
0.0
0.0
0.0
0.0
0.0
0.0
0.0
0.0
0.0
0.0
0.0
0.0
0.0
0.0
0.0
0.0
0.0
0.0
0.0
0.0
0.0
0.0
0.0
0.0
0.0
0.0
0.0
0.0
0.0
0.0
0.0
0.0
0.0
0.0
0.0
0.0
-0.117271451346
-0.144688462964
-0.0220135337124
-0.030199586453
-0.00704654911352
-0.161690967889
-0.000135723133272
-0.161690967889
3.42050832796e-06
0.000247942059588
0.000229667820282
9.11290031098e-05
0.0
0.0
0.0
0.0
-0.00037335307024
0.0
0.0
-0.00037335307024
0.0
0.000647498892551
0.000647498892551
-0.00037335307024
0.000647498892551
0.000647498892551
0.0
0.0
0.0
0.0
0.0
0.0
-0.000282295237196
-0.000402198114801
-2.68604862563e-05
-3.75082317113e-05
5.96076409567e-05
-8.3116748082e-05
7.69566802961e-05
0.000275317077168
0.000203025070239
-0.000305712922765
-0.00026522890399
-9.54615120746e-05
-0.000598871406808
-0.000598871406808
-0.000598871406808
-0.000598871406808
