0.0
0.0
0.0
0.0
0.0
0.0
0.0
0.0
-0.11142840535
0.0
-0.000114847468612
0.0
3.38813178902e-21
-5.29395592034e-23
0.0
0.0
-0.0375271653067
-0.000921155019959
0.0
0.0
0.0
0.0
-4.33945161539e-05
-7.83755302886e-05
0.0
0.0
0.0
0.0
0.0
0.0
0.0
0.0
0.0
-0.000252839451112
0.0
0.0
0.0
0.0
0.0
0.0
0.0
0.0
0.0
0.0
0.0
0.0
0.0
-8.29408481291e-05
2.6661571946e-05
0.0
0.0
0.0
0.0
0.0
0.0
0.0
0.0
0.0
0.0
0.0
0.0
0.0
0.0
0.0
-0.000147870660858
-0.000142579767879
-3.7437690461e-05
3.69198525661e-06
0.0
0.0
0.0
0.0
0.0
0.0
0.0
0.0
-0.000203497116645
0.0
-0.000203497116645
0.0
3.70671089887e-06
0.0
0.0
0.0
0.0
0.0
0.0
0.0
0.0
0.0
0.0
0.0
0.0
-0.00020316633545
-0.00020316633545
2.61836632693e-05
0.0
0.0
0.0
0.0
0.0
0.0
0.0
0.0
0.0
0.0
0.0
0.0
0.0
0.0
0.0
0.0
0.0
0.0
0.0
0.0
0.0
0.0
0.0
0.0
0.0
0.0
-2.01812742879e-05
0.0
0.0
0.00013986239425
-2.01812742879e-05
0.0
0.0
0.0
0.0
0.0
0.0
0.0
0.0
0.0
4.6554472725e-06
0.0
-0.000357149995344
4.6554472725e-06
4.6554472725e-06
0.0
-0.0363661350135
0.0
0.0
0.0
0.0
0.0
0.0
0.0
0.0
0.0
-0.000197537146339
0.0
-0.0206993626663
-9.14162648093e-05
-0.000205499746902
0.0
-0.000367523145298
0.0
0.0
0.0
0.0
0.0
0.0
0.0
0.0
0.0
-1.89760798596e-05
0.0
-0.000209357967031
-7.85581324672e-05
-9.92314548581e-05
0.0
-0.000127743650126
0.0
0.0
0.0
0.0
0.0
0.0
0.0
0.0
0.0
-0.000367523145298
0.0
-4.84378406743e-05
-5.23861672214e-05
-4.56821242794e-05
0.0
-4.56821242794e-05
0.0
0.0
0.0
0.0
0.0
0.0
0.0
0.0
0.0
-9.52450624212e-06
-2.71921177284e-05
-7.57761803766e-05
-0.000134791370145
-0.000169382491466
0.0
0.0
0.0
0.0
0.0
0.000169669263264
6.85996861569e-05
-9.24266212948e-06
0.0
0.0
0.0
0.0
0.0
0.0
0.0
0.0
0.0
0.0
0.0
0.0
0.0
0.0
0.0
0.0
0.0
0.0
0.0
0.0
0.0
0.0
0.0
0.0
0.0
0.0
0.0
0.0
0.0
0.0
0.0
-2.90342497113e-05
-5.68062747991e-05
0.0
1.28393096531e-05
0.0
0.0
0.0
0.0
0.0
-0.000100581947496
0.0
-7.43612269096e-05
0.0
0.0
0.0
0.0
0.0
0.0
0.0
8.43856789818e-05
0.0
0.0
0.0
0.0
0.0
0.0
0.0
6.56099309528e-05
0.0
0.0
0.0
0.0
0.0
0.0
0.0
0.000113705571942
0.0
0.0
0.0
0.0
-4.3798530833e-05
0.0
0.0
0.0
0.0
0.0
0.0
0.0
0.0
0.0
0.0
0.0
0.0
0.0
0.0
0.0
0.0
0.0
0.0
0.0
0.0
0.0
0.0
0.0
0.0
0.0
0.0
0.0
0.0
0.0
0.0
0.0
0.0
0.0
0.0
0.0
0.0
0.0
0.0
0.0
0.0
0.0
0.0
0.0
0.0
0.0
0.0
0.0
0.0
0.0
0.0
0.0
0.0
0.0
0.0
0.0
0.0
0.0
0.0
0.0
3.86870337719e-06
3.86870337719e-06
3.86870337719e-06
3.86870337719e-06
3.86870337719e-06
3.86870337719e-06
3.86870337719e-06
3.86870337719e-06
0.0
0.0
0.0
0.0
0.0
0.0
0.0
0.0
0.0
0.0
0.0
0.0
0.0
0.0
0.0
0.0
0.0
0.0
0.0
0.0
0.0
0.0
0.0
0.0
0.0
0.0
0.0
0.0
0.0
0.0
0.0
0.0
0.0
0.0
0.0
0.0
0.0
0.0
0.0
0.0
0.0
0.0
-0.107457104019
-0.107457104019
0.0
6.34475537969e-05
6.34475537969e-05
-0.107457104019
-0.11142840535
-0.11142840535
0.0
0.0
0.0
0.0
0.0
0.0
0.0
0.0
6.57922403745e-06
0.0
0.0
7.41818323238e-06
-0.00113546215014
2.56070641778e-05
0.0
0.0
0.0
0.0
0.0
4.70366284331e-05
-0.00117191038515
-7.45528866918e-05
0.0
0.0
3.58342074776e-05
0.0
0.0
1.15344676038e-05
-0.000748732644366
8.17854204509e-05
0.0
0.0
0.0
0.0
0.0
0.000175103636536
-0.000342028039169
0.000120389188114
0.0
0.0
0.0
0.0
0.0
1.35258146098e-05
3.26722073058e-05
0.000132980138519
0.0
0.0
3.09634749791e-05
0.0
0.0
-1.80873283517e-05
0.0
-2.35334178077e-05
0.0
0.0
0.0
0.0
0.0
1.08699366046e-05
0.0
0.00011413201645
0.0
0.0
0.0
0.0
0.0
0.0
0.0
-0.0961017467059
0.0
0.0
0.0
0.0
-0.0599723600142
-0.000209065561897
-0.000117700685264
0.0
0.0
-0.0173727721597
-0.11142840535
-0.11142840535
-0.000371357150159
0.0
0.0
-3.17722347026e-05
0.0
-0.000709142661493
-0.11142840535
-0.11142840535
0.0
1.26558133816e-05
0.0
-5.97833097761e-05
0.0
-0.000452000280002
8.60822636648e-06
-0.11142840535
0.0
0.0
0.0
6.13358703827e-06
0.0
0.0
0.0
-0.11142840535
-0.000265285629533
-0.000194377445907
0.0
0.0
0.0
0.0
0.0
0.0
0.0
0.0
0.0
0.0
0.0
0.0
0.0
0.0
0.0
0.0
0.0
0.0
-0.0930631982488
0.0
-0.108178458911
0.0
0.0
0.0
0.0
-0.0930631982488
0.0
-0.108178458911
-0.108178458911
0.0
0.0
-0.108178458911
0.0
0.0
0.0
0.0
0.0
0.0
0.0
0.0
0.0
-8.29408481291e-05
-6.0611764707e-05
-0.108178458911
0.0
-6.60795903833e-05
-0.108178458911
0.0
-2.0493727951e-05
-2.0493727951e-05
8.63858242589e-06
-0.108178458911
0.0
0.0
0.0
-0.108178458911
-0.108178458911
0.0
-0.00026856551215
-0.108178458911
0.0
0.0
0.0
-0.000935897663495
0.0
-0.108178458911
-0.108178458911
-0.108178458911
0.0
0.0
0.0
0.0
-0.108178458911
0.0
-0.105897213032
0.0
-0.00113101956608
0.0
-0.103084598093
-0.00131002627202
-0.00799576869462
-0.000226053880229
-0.00998102370705
-0.000523980005994
0.0
-0.000506135343674
-0.000506135343674
-8.12342453909e-05
-0.000384378195736
-0.00978980833794
0.0
0.0
0.0
-0.00970607230541
-0.000447895665934
-0.000217896796426
-0.0375271653067
-0.000921155019959
0.0
0.0
-2.47816328728e-05
2.87073443737e-05
-3.1122012365e-05
-3.32611978803e-06
-8.83086254467e-06
-8.83086254467e-06
0.0
0.0
0.0
-0.11142840535
0.0
0.0
0.0
-0.000506135343674
0.0
0.0
-0.00829697312791
0.0
-0.000103482966295
-0.00952105345404
-0.0002169703432
-0.00970607230541
0.0
0.0
0.0
0.0
-0.11142840535
0.0
0.0
0.0
0.0
0.0
-0.000200575706815
0.0
-0.00102000027187
-0.000517666245316
7.19270856787e-05
0.0
0.0
0.0
0.0
0.0
0.0
-0.000111938151608
-0.11142840535
1.8328477774e-05
0.0
0.0
-0.11142840535
-0.11142840535
0.0
0.0
-0.11142840535
-0.000117128084213
0.0
0.0
0.0
-0.00839129290058
-0.000217896796426
-0.0375271653067
0.0
-0.000254972158697
0.0
-0.000921155019959
-0.11142840535
-0.11142840535
-0.000447895665934
0.0
0.0
-0.11142840535
0.0
-0.11142840535
-0.000921155019959
0.0
0.0
0.0
0.0
-0.11142840535
0.0
-0.11142840535
0.0
0.0
-0.11142840535
-0.11142840535
-0.11142840535
0.0
0.0
0.0
0.0
0.0
0.0
0.0
0.0
0.0
0.0
0.0
-0.00138311768203
0.0
0.0
-0.000974362291643
-6.17796138005e-05
0.0
0.0
0.0
0.0
0.0
-0.000384378195736
0.0
-0.11142840535
-0.00017489272821
0.0
0.0
-0.11142840535
-0.000506135343674
-0.000506135343674
-0.11142840535
0.0
-0.000117128084213
0.0
0.0
0.0
-0.000506135343674
0.0
-0.11142840535
0.0
-0.000254972158697
0.0
-0.000921155019959
-0.11142840535
-0.000217896796426
0.0
0.0
0.0
-0.11142840535
0.0
-0.11142840535
-0.000921155019959
0.0
-0.000921155019959
-0.11142840535
-0.000447895665934
0.0
0.0
-0.11142840535
0.0
0.0
0.0
-0.11142840535
-0.11142840535
0.0
0.0
0.0
0.0
0.0
0.0
0.0
0.0
0.0
0.0
0.0
0.0
0.0
0.0
0.0
0.0
0.0
0.0
0.0
0.0
0.0
0.0
0.0
0.0
0.0
0.0
0.0
0.0
0.0
0.0
0.0
0.0
0.0
0.0
0.0
0.0
0.0
0.0
0.0
0.0
0.0
0.0
0.0
0.0
0.0
0.0
0.0
0.0
0.0
-0.0271126614895
-0.0199686554065
-0.0611930234354
-0.064161168918
-0.0772318128638
0.0
0.0
0.0
-1.52150588877e-05
-4.00518999558e-05
-7.24577268066e-05
-0.000197438668461
-0.00203999838151
0.0
0.0
0.0
-3.4588026604e-05
-0.000100745466906
-4.31079945373e-05
-0.000170224710511
-0.0140049625757
0.0
0.0
0.0
0.0
0.0
0.0
0.0
0.0
0.0
0.0
0.0
0.0
0.0
0.0
0.0
0.0
0.0
0.0
0.0
0.0
0.0
0.0
0.0
0.0
0.0
0.0
0.0
0.0
0.0
0.0
0.0
0.0
0.0
0.0
0.0
0.0
0.0
0.0
0.0
0.0
0.0
0.0
-0.00259143649145
-0.0517186286933
-0.00695266165063
-0.0329108319965
-0.0427856024739
-0.0898855148344
-0.0191049668531
-0.0590381861764
-1.29877381613e-05
-8.25934925263e-05
-1.17498560355e-05
-4.1161362566e-05
-2.51741722039e-05
-0.000231992871431
-0.0144933159943
-0.010071024954
6.82067601581e-05
-3.34473506967e-05
-0.000104829077337
-5.62941821066e-05
-8.66354011573e-05
-0.000334339014235
-8.1881411498e-05
-0.000169327747289
0.000142337334189
-2.55825543833e-05
-5.72041972207e-05
-9.05873954404e-05
-0.00536011261938
-4.53805944611e-05
-0.00041936615153
-0.000136835062192
-0.00995144938267
-0.00663395577229
-0.00314511526279
0.0
0.0
0.0
0.0
-5.81344173327e-05
0.0
-0.000228751487769
-0.000228751487769
-0.000228751487769
-3.34473506967e-05
-8.54144299971e-05
-4.20576846769e-06
-2.503338592e-05
-3.17950289201e-05
-0.11142840535
-0.000263131013846
-0.0377981205363
-0.11142840535
0.0
-0.11142840535
0.0
-0.000506135343674
0.0
0.0
-0.000359750605038
-0.11142840535
-0.11142840535
-0.11142840535
0.0
-0.11142840535
0.0
0.0
-0.00970607230541
0.0
0.0
-0.000217896796426
-0.00970607230541
-0.000217896796426
-0.000447895665934
0.0
0.0
-0.11142840535
-0.11142840535
-0.11142840535
0.0
-0.11142840535
-0.11142840535
-0.0375271653067
-0.11142840535
-0.00970607230541
-0.11142840535
-0.000447895665934
-0.00839129290058
-0.000217896796426
-0.000447895665934
0.0
0.0
-0.11142840535
-0.11142840535
-0.11142840535
0.0
-0.11142840535
0.0
0.0
-0.000384378195736
-0.00970607230541
-0.000506135343674
-0.000921155019959
-0.11142840535
0.0
0.0
0.0
-0.000246051167563
-0.000238624527149
0.0
0.0
1.0501025291e-05
0.0
-9.35407176531e-06
0.0
0.0
-0.11142840535
0.0
0.0
0.0
0.0
-0.00325694013769
0.0
0.0
-0.00325694013769
0.0
0.0
0.0
-0.00325694013769
0.0
0.0
0.0
0.0
0.0
0.0
0.0
0.0
-0.000975845323689
0.0
0.0
0.0
-0.0799469190611
0.0
-0.057754854604
0.0
0.0
0.0
0.0
-0.107457104019
0.0
0.0
0.0
0.0
0.0
0.0
0.0
0.0
0.0
0.0
0.0
0.0
-1.28785163043e-05
-0.000439306433477
-7.93149734623e-06
0.0
0.0
0.0
0.0
0.0
0.0
0.0
0.0
0.0
0.0
0.0
1.25865128695e-05
9.99310557766e-05
0.0
0.0
0.0
0.0
0.0
0.0
0.0
0.0
-9.23437423773e-06
-2.47045446964e-05
-1.65465567321e-05
0.0
0.0
0.0
0.0
0.0
0.0
0.0
0.0
0.0
0.0
0.0
0.000213687573047
0.000106596186877
3.67827305597e-05
0.0
0.0
0.0
0.0
0.0
0.0
0.0
0.0
0.0
0.0
0.0
0.0
0.0
0.0
0.0
8.39970538276e-06
1.96411092869e-05
3.69198525661e-06
0.0
0.0
0.0
0.0
0.0
0.0
0.0
0.0
0.0
1.95726426858e-05
0.0
1.95726426858e-05
0.0
2.50331724942e-05
0.0
0.0
0.0
0.0
0.0
0.0
0.0
0.0
0.000260222204285
0.000187523895148
0.000185652830911
0.000122147217834
8.58274117711e-05
4.68664682503e-05
4.61377628935e-05
0.0
0.0
0.0
0.0
0.0
0.0
0.0
0.0
0.0
0.0
0.0
0.0
0.0
0.0
0.0
0.0
0.0
0.0
0.0
0.0
0.0
0.0
0.0
0.0
3.58578027913e-05
1.73156039967e-05
1.52821813641e-05
3.14974097349e-05
3.14974097349e-05
6.20249567988e-05
1.52821813641e-05
1.73156039967e-05
0.0
0.0
0.0
0.0
0.0
0.0
0.0
0.0
0.000106529858872
8.86150674812e-05
9.35061970342e-05
8.49810086712e-05
8.09738935498e-05
3.44871847053e-05
3.50021475385e-05
9.39392641578e-05
0.0
0.0
0.0
0.0
0.0
0.0
0.0
0.0
0.000261368422154
0.000176495153291
9.12177564622e-05
0.000225593201743
0.000171796099048
0.000137750368366
0.000133122780512
0.000136221357421
0.0
0.0
0.0
0.0
0.0
0.0
0.0
0.0
-2.42393216618e-07
-2.23961225659e-05
-0.00292593484567
5.06929458945e-06
-3.56836669141e-05
-0.000276744762574
-0.000342272503166
-1.53527009284e-05
0.0
0.0
0.0
0.0
0.0
0.0
0.0
0.0
4.89266636529e-05
-4.00888483102e-05
-1.88351424806e-05
-1.88351424806e-05
6.40447736435e-06
-4.84378406743e-05
-1.40773675807e-05
-1.2757546579e-05
0.0
0.0
0.0
0.0
0.0
0.0
0.0
0.0
9.42053266186e-05
6.63410734611e-05
4.63662568653e-05
3.27836201813e-05
2.13072313735e-05
0.0
0.0
0.0
0.0
0.0
0.000251340261361
0.000180897595758
0.000122263723603
0.0
0.0
0.0
0.0
0.0
0.0
0.0
0.0
0.0
0.0
0.0
0.0
0.0
0.0
0.0
0.0
0.000284900287222
0.000200431968999
0.000144344664251
0.0
0.0
0.0
0.0
0.0
0.0
0.0
0.0
0.0
0.0
8.15846488821e-06
-0.000479285006817
0.00027867040607
0.000158371185698
0.000140135302644
-3.77558513012e-05
0.0
0.0
3.55770346607e-06
5.53418126076e-06
0.000186750372768
-0.000778434065772
2.71991747958e-05
-0.00143044183371
0.0
0.0
0.0
0.0
-0.000140381383743
-0.0005161086589
-0.000705868972615
-0.000325936325628
0.0
0.0
0.0
0.0
0.0
3.52495469602e-06
0.000257282159742
9.85253357272e-05
0.0
0.0
0.0
0.0
0.0
0.0
0.000193692555418
9.023075751e-05
0.0
0.0
-0.000373249965807
-0.000303458883128
-2.53137494388e-05
0.0
0.0
0.0
0.0
0.0
0.0
0.0
0.0
0.0
0.0
0.0
0.0
0.0
0.0
0.0
0.0
0.0
0.0
0.0
0.0
0.0
0.0
0.0
0.0
0.0
0.0
0.0
0.0
0.0
0.0
0.0
0.0
0.0
0.0
-0.00022616507233
-0.000627486114437
-0.000351682014393
-0.000351682014393
-0.000351682014393
-0.000351682014393
-0.000351682014393
-0.000351682014393
-0.000351682014393
0.0
0.0
0.0
0.0
0.0
0.0
0.0
0.0
0.0
0.0
0.0
0.0
0.0
4.9564121505e-06
-0.000456267619548
-0.000649802775386
-0.000487866810074
-0.00050032501372
-0.000500340637198
-0.000500340637198
-0.000500340637198
-0.000500340637198
-0.000500340637198
-0.000500340637198
0.0
0.0
0.0
0.0
0.0
0.0
0.0
0.0
0.0
0.0
0.0
0.0
0.0
0.0
0.0
0.0
0.0
0.0
0.0
0.0
0.0
0.0
0.0
0.0
0.0
0.0
0.0
0.0
0.0
0.0
-0.000102449525536
0.0
-0.000500786497734
-4.50430913745e-05
-8.93380243378e-06
-1.65372114682e-06
-4.45018366251e-05
-1.9930056126e-05
-9.52676004487e-06
-3.81215781381e-05
0.0
0.0
0.0
0.0
0.0
4.25364600182e-05
4.25364600182e-05
0.0
0.0
0.0
-0.00536666257138
0.0
0.0
0.0
0.0
0.0
0.0
0.0
1.89666588555e-05
0.0
0.0
2.03298014567e-05
4.7086896085e-05
4.18021685606e-05
2.06996025557e-05
2.06996025557e-05
0.0
2.06996025557e-05
0.000256187007488
0.000198334994228
0.000147667123172
9.47345747593e-05
6.87027707422e-05
5.15221117658e-05
3.36605307058e-05
3.30822497844e-05
2.46606125129e-05
1.16479691779e-05
0.00012039375991
8.62455512797e-05
2.46606125129e-05
2.46606125129e-05
0.0
2.46606125129e-05
0.000239439952335
0.000189761732784
0.000187829618645
0.000134495704924
0.0
0.0
0.0
0.0
0.0
1.37013382039e-05
0.000290125234373
0.000137084322671
3.01400674271e-05
0.0
3.01384322566e-05
0.0
3.36241167932e-05
3.09634749791e-05
2.11326489774e-05
2.88297093214e-05
0.0
0.0
0.0
0.0
0.0
1.10013314521e-05
0.000277142104314
0.000127589874133
-0.00483749108371
-0.00432122912494
-0.00082851285184
-0.00034566364699
-0.00410198042589
-0.00419897296819
-0.00452708956789
1.91262950248e-05
0.0
-0.0039585852332
-0.000928150043023
-0.000647529368483
-3.57581529025e-06
-6.25926398258e-06
-7.71079057946e-06
-0.00483749108371
0.0
6.94431302116e-06
2.51077586028e-05
2.34094450236e-05
-3.37480785561e-06
-0.00435210208205
-0.00467005355715
7.85245239237e-06
0.0
2.68351400788e-05
2.30134730369e-05
1.82647246882e-05
-3.29177897309e-05
6.13691793191e-05
-0.00291293042013
9.54041012037e-06
0.0
1.24999533853e-05
0.0
6.11039425655e-06
-0.00135811164782
3.5830440632e-06
-0.00517229366083
0.0
-0.00536666257138
-0.00191419836821
2.31346800964e-06
-1.80813835181e-06
-8.7700448532e-07
-2.44512143459e-06
-0.00534371925918
-0.00515364238287
0.0
0.0
0.0
0.0
0.0
-0.00536666257138
0.0
0.0
0.0
0.0
0.0
0.0
0.0
0.0
0.0
0.0
-1.60812398876e-05
-0.00500563766389
-2.47487240281e-06
-0.00300326191656
-0.00294861169373
-0.00495620140922
-0.00300326191656
-1.60812398876e-05
-0.00483749108371
-1.0840747416e-05
7.13754751627e-06
-0.00483749108371
-0.00408925742655
7.13754751627e-06
-0.00483749108371
-0.00483749108371
0.0
0.0
0.0
0.0
2.35913818463e-05
-0.000225571520327
-0.00050145165609
-0.00158967526097
0.0
1.55757190034e-05
-0.00497292117359
9.58685611642e-06
2.31261150698e-05
-0.00503846991411
0.0
9.58685611642e-06
0.0
-6.76915555102e-06
-0.00535515547094
-0.00536666257138
-0.00534410565737
-9.00637257296e-07
0.0
-0.00536666257138
0.0
-5.74181599463e-06
-0.00532107777722
-0.00532144571183
-0.00536666257138
0.0
-0.00536666257138
-4.626807196e-06
0.0
0.0
-0.00536666257138
-0.00536666257138
-0.00536666257138
-0.00536666257138
0.0
-0.00536666257138
5.01812648547e-05
-0.0028477408234
5.25768655079e-05
-0.00458247396452
0.000278237872673
0.000210890566079
0.000140541166985
0.00010086951977
4.01997179192e-05
2.55611277165e-05
-0.00108493676452
-1.24344708414e-05
0.000211436576019
0.000150117877695
9.81024654298e-05
6.22585109343e-05
-0.00170688715724
-0.00440349553355
-0.00486227936198
0.0
0.0
0.0
0.0
0.0
-1.51272110071e-05
-1.51272110071e-05
-8.56701462529e-06
2.85282978235e-05
-1.42063496522e-05
5.51367229898e-06
-1.48310173414e-05
-1.48310173414e-05
-0.00287067103292
-0.00288080361254
-0.00482346917658
-8.47102589125e-06
-0.000619234162575
-0.00287116008541
-0.00306009941819
1.05790410132e-06
-0.00360193748927
-0.00379276096934
-1.39636300541e-05
-0.00493285106606
-1.01772598732e-05
-1.39466654055e-05
-1.00895126452e-05
0.0
0.0
-0.00536666257138
0.0
0.0
0.0
0.0
0.0
-0.00536666257138
-0.000740874104054
0.000201863953615
0.000124376657559
-0.00209481889438
4.18811460232e-05
1.56726554649e-05
6.03014676245e-06
0.0
0.0
-0.000441218949844
-0.000635686192313
-0.0019593593072
-0.00141131567233
3.28590250416e-05
2.29561111277e-05
1.03639491206e-05
0.0
0.0
-1.28785163043e-05
-1.28785163043e-05
0.0
-0.00440349553355
-1.28785163043e-05
-1.28785163043e-05
-0.0031198628824
-0.0031198628824
-0.0031198628824
0.0
0.0
0.0
-0.0031198628824
0.0
-0.0031198628824
0.0
0.0
0.0
0.0
-0.00521196024644
-0.00521196024644
0.0
-0.0010734508597
0.0
0.0
-0.00201221741742
0.0
-0.00521196024644
-0.00521196024644
0.0
0.0
0.0
0.0
-0.00536666257138
0.0
0.0
0.0
0.0
0.0
0.0
0.0
0.0
0.0
0.0
0.0
0.0
-0.000740874104054
0.000201863953615
0.000118462361507
-0.000535437417232
-0.00257755930464
1.71872066836e-05
9.21692622356e-06
0.0
0.0
-0.000440852043623
-0.000736155862228
-0.000604946378153
4.79862104507e-05
-0.00351575733033
1.89786423843e-05
2.24756516948e-05
0.0
0.0
-1.28785163043e-05
-1.28785163043e-05
-1.28785163043e-05
-1.28785163043e-05
0.0
-1.28785163043e-05
-0.0031198628824
-0.0031198628824
-0.0031198628824
0.0
-0.00369383609842
0.0
-0.0031198628824
0.0
-0.0031198628824
0.0
0.0
0.0
-0.00201221741742
-0.00536666257138
-0.00536666257138
0.0
-0.0010734508597
0.0
0.0
-0.00513391601496
0.0
0.0
0.0
0.0
0.0
0.0
0.0
0.0
0.0
0.0
0.0
0.0
0.0
0.0
0.0
0.0
0.0
0.0
0.0
0.0
0.000246627843966
0.000249533813519
0.000249082216019
0.000247021770338
1.50344426682e-05
1.50344426682e-05
1.50344426682e-05
1.50344426682e-05
0.000193701914018
0.000190585876809
0.000205465966543
0.0001968642402
0.000271737016838
0.000271737016838
0.000271737016838
0.000271737016838
-0.00129638439571
-0.000436891690304
-0.00118979933002
-0.000955467337536
-0.00181299451069
-0.00181299451069
-0.00181299451069
-0.00181299451069
-0.000144105844693
-0.000111652532534
-0.00022333742289
-0.000119837907856
-0.000154085221753
-0.000154085221753
-0.000154085221753
-0.000154085221753
0.0
0.0
0.0
4.98505047756e-06
0.000224978958518
0.0
0.0
0.0
-0.000422029971825
-0.000290889363308
-7.17358562075e-05
0.000219975637153
0.000133824599947
0.0
0.0
0.0
7.74135035637e-06
-1.32376057292e-05
-4.32879052026e-06
1.2051417012e-05
1.2375048973e-05
0.0
0.0
0.0
-6.32904500727e-07
-3.18938728115e-06
1.16241409236e-05
-7.191268592e-05
-8.12866946243e-05
0.0
0.0
0.0
1.50344426682e-05
0.0
0.0
0.0
0.0
0.0
4.03487385051e-05
1.79907120966e-05
0.0002710789429
-0.000307897353315
-0.000605597271182
-0.00024429297679
-7.83134435324e-05
0.0002830035149
0.000263984972827
0.000266027272326
-0.00138730733465
-5.89773444347e-05
-1.00968842175e-05
6.37806512174e-06
-0.000120630972518
-0.000145325559031
1.46615988761e-05
-0.00138730733465
-0.000183974136937
-3.4588026604e-05
-5.94766415985e-06
-6.22034689605e-07
-6.64343085676e-05
-0.000102981015004
-6.81548845564e-05
-0.000240542749809
0.0
0.0
0.0
0.0
0.000276177509812
0.000220738691239
0.00017886032455
0.000115423083602
-0.00030040290832
-0.000461196960545
-0.000575635632845
0.00029154983338
0.000217470470098
0.00013914791303
0.00012559397713
9.35218341464e-05
-3.20306201717e-05
-1.29970261295e-05
-1.4185042544e-05
-4.08222110591e-05
-5.19278512773e-05
-0.000861442872221
0.000216336090801
0.00015209556412
-5.26762923316e-06
5.7681018719e-06
-1.71787921504e-05
-3.16812181001e-05
-0.000145643986931
-7.82121532612e-06
0.000240500330318
0.000158072699198
-2.30417812985e-05
-3.78169884341e-06
0.000260043341504
0.000170194146582
0.000109942143069
-5.57114615919e-05
-0.000163405364671
-4.86772662776e-05
1.99624472234e-05
-1.74379662001e-05
0.0
0.0
0.0
0.0
-0.00280617738344
0.0
-7.221384245e-05
-7.16755303563e-05
8.15419359355e-06
-5.26762923316e-06
5.7681018719e-06
3.58914318903e-06
7.17524785989e-06
-3.92971205733e-06
2.33220269972e-05
1.63075344722e-05
1.54165216433e-05
1.73845421134e-05
-0.000854387385176
2.65527873262e-05
-0.00369636076601
0.0
-0.000768587239237
-0.00136548558967
9.17236106688e-05
6.60183065995e-05
4.6364518731e-05
3.4031174624e-05
0.0
0.0
-0.00513391601496
-0.0031198628824
0.0
0.0
0.0
0.0
0.0
0.0
0.0
0.0
0.0
0.0
0.0
0.0
0.0
0.0
0.0
0.0
0.0
0.0
0.0
0.0
0.0
0.0
0.0
0.0
0.0
0.0
0.0
0.0
0.0
0.0
0.0
0.0
0.0
0.0
0.0
0.0
0.0
0.0
-7.52263258273e-06
-2.970922844e-05
-1.14928869526e-05
-1.51767516745e-05
-1.11009430598e-05
-0.000218500361894
2.10538896536e-05
-0.000218500361894
1.22503459488e-05
-0.00483749108371
-0.00439226525121
2.04976315415e-05
0.0
0.0
0.0
0.0
-3.84829936648e-05
0.0
0.0
-3.84829936648e-05
0.0
-0.00371664860297
-0.00371664860297
-3.84829936648e-05
-0.00371664860297
-0.00371664860297
0.0
0.0
0.0
0.0
0.0
0.0
9.05722147137e-05
-0.000772022492004
-0.00243875536128
-0.00252360471325
8.52059554575e-05
-0.000283048915464
9.86358566596e-05
-0.00208833670512
-0.000656421889166
-1.33474868974e-05
1.55125354948e-05
2.79323749765e-05
-1.21357765508e-05
-1.21357765508e-05
-1.21357765508e-05
-1.21357765508e-05
