0.0
0.0
0.0
0.0
0.0
0.0
0.0
0.0
8.72732617693e-05
0.0
0.0139269752465
0.0
0.0
0.0
0.0
0.0
0.000868139288126
0.00852062634642
0.0
0.0
0.0
0.0
4.5933295668e-05
0.00451524296417
0.0
0.0
0.0
0.0
0.0
0.0
0.0
0.0
0.0
3.21533069676e-05
0.0
0.0
0.0
0.0
0.0
0.0
0.0
0.0
0.0
0.0
0.0
0.0
0.0
9.18665913361e-06
0.00106105912993
0.0
0.0
0.0
0.0
0.0
0.0
0.0
0.0
0.0
0.0
0.0
0.0
0.0
0.0
0.0
0.0220112352841
0.0107575778455
0.0100364251035
4.5933295668e-06
0.0
0.0
0.0
0.0
0.0
0.0
0.0
0.0
0.0149283210921
0.0
0.0149283210921
0.0
0.00237475138604
0.0
0.0
0.0
0.0
0.0
0.0
0.0
0.0
0.0
0.0
0.0
0.0
3.67466365344e-05
3.67466365344e-05
0.000252633126174
0.0
0.0
0.0
0.0
0.0
0.0
0.0
0.0
0.0
0.0
0.0
0.0
0.0
0.0
0.0
0.0
0.0
0.0
0.0
0.0
0.0
0.0
0.0
0.0
0.0
0.0
0.00090488592466
0.0
0.0
0.0272797842972
0.00090488592466
0.0
0.0
0.0
0.0
0.0
0.0
0.0
0.0
0.0
3.67466365344e-05
0.0
0.000179139853105
3.67466365344e-05
3.67466365344e-05
0.0
0.000146986546138
0.0
0.0
0.0
0.0
0.0
0.0
0.0
0.0
0.0
3.67466365344e-05
0.0
0.000174546523539
3.67466365344e-05
3.67466365344e-05
0.0
5.51199548016e-05
0.0
0.0
0.0
0.0
0.0
0.0
0.0
0.0
0.0
2.75599774008e-05
0.0
4.13399661012e-05
2.75599774008e-05
3.21533069676e-05
0.0
3.21533069676e-05
0.0
0.0
0.0
0.0
0.0
0.0
0.0
0.0
0.0
5.51199548016e-05
0.0
2.75599774008e-05
2.75599774008e-05
3.21533069676e-05
0.0
3.21533069676e-05
0.0
0.0
0.0
0.0
0.0
0.0
0.0
0.0
0.0
0.00401916337095
0.0022277648399
0.00135043889264
0.000923259242927
0.000702779423721
0.0
0.0
0.0
0.0
0.0
0.0306421015401
0.0187591579508
0.0125351963878
0.0
0.0
0.0
0.0
0.0
0.0
0.0
0.0
0.0
0.0
0.0
0.0
0.0
0.0
0.0
0.0
0.0
0.0
0.0
0.0
0.0
0.0
0.0
0.0
0.0
0.0
0.0
0.0
0.0
0.0
0.0
2.2966647834e-05
5.51199548016e-05
0.0
0.0242619667719
0.0
0.0
0.0
0.0
0.0
5.51199548016e-05
0.0
0.0239588070204
0.0
0.0
0.0
0.0
0.0
0.0
0.0
0.0113547106891
0.0
0.0
0.0
0.0
0.0
0.0
0.0
0.0220617619094
0.0
0.0
0.0
0.0
0.0
0.0
0.0
0.0134584556307
0.0
0.0
0.0
0.0
0.0269766245458
0.0
0.0
0.0
0.0
0.0
0.0
0.0
0.0
0.0
0.0
0.0
0.0
0.0
0.0
0.0
0.0
0.0
0.0
0.0
0.0
0.0
0.0
0.0
0.0
0.0
0.0
0.0
0.0
0.0
0.0
0.0
0.0
0.0
0.0
0.0
0.0
0.0
0.0
0.0
0.0
0.0
0.0
0.0
0.0
0.0
0.0
0.0
0.0
0.0
0.0
0.0
0.0
0.0
0.0
0.0
0.0
0.0
0.0
0.0
4.5933295668e-06
4.5933295668e-06
4.5933295668e-06
4.5933295668e-06
4.5933295668e-06
4.5933295668e-06
4.5933295668e-06
4.5933295668e-06
0.0
0.0
0.0
0.0
0.0
0.0
0.0
0.0
0.0
0.0
0.0
0.0
0.0
0.0
0.0
0.0
0.0
0.0
0.0
0.0
0.0
0.0
0.0
0.0
0.0
0.0
0.0
0.0
0.0
0.0
0.0
0.0
0.0
0.0
0.0
0.0
0.0
0.0
0.0
0.0
0.0
0.0
8.72732617693e-05
8.72732617693e-05
0.0
0.0127373028887
0.0127373028887
8.72732617693e-05
8.72732617693e-05
8.72732617693e-05
0.0
0.0
0.0
0.0
0.0
0.0
0.0
0.0
0.00118507902824
0.0
0.0
0.0012034523465
0.00208537162333
0.00175924522409
0.0
0.0
0.0
0.0
0.0
0.0308579880298
0.024684553092
0.0167197196232
0.0
0.0
0.00258145121654
0.0
0.0
4.5933295668e-05
0.00755602713739
0.00293054426362
0.0
0.0
0.0
0.0
0.0
0.0204586898905
0.0224981282182
0.0128107961618
0.0
0.0
0.0
0.0
0.0
6.43066139352e-05
0.000454739627114
0.00722071407901
0.0
0.0
0.000339906387943
0.0
0.0
0.000335313058377
0.0
0.000293973092275
0.0
0.0
0.0
0.0
0.0
4.13399661012e-05
0.0
0.00799239344624
0.0
0.0
0.0
0.0
0.0
0.0
0.0
9.64599209029e-05
0.0
0.0
0.0
0.0
0.000307753080976
0.00728042736338
0.0133206557437
0.0
0.0
0.00387217682482
8.72732617693e-05
8.72732617693e-05
0.0230768877436
0.0
0.0
0.019595143932
0.0
0.0149880343765
8.72732617693e-05
8.72732617693e-05
0.0
0.00248499129564
0.0
0.00839660644812
0.0
0.0278723238114
0.00691755432761
8.72732617693e-05
0.0
0.0
0.0
0.00687162103194
0.0
0.0
0.0
8.72732617693e-05
0.00709669418071
0.000615506161952
0.0
0.0
0.0
0.0
0.0
0.0
0.0
0.0
0.0
0.0
0.0
0.0
0.0
0.0
0.0
0.0
0.0
0.0
9.64599209029e-05
0.0
8.72732617693e-05
0.0
0.0
0.0
0.0
9.64599209029e-05
0.0
8.72732617693e-05
8.72732617693e-05
0.0
0.0
8.72732617693e-05
0.0
0.0
0.0
0.0
0.0
0.0
0.0
0.0
0.0
9.18665913361e-06
0.00826339989068
8.72732617693e-05
0.0
0.00841038643682
8.72732617693e-05
0.0
0.000372059694911
0.000372059694911
0.00684406105454
8.72732617693e-05
0.0
0.0
0.0
8.72732617693e-05
8.72732617693e-05
0.0
0.0286164432012
8.72732617693e-05
0.0
0.0
0.0
0.00542472221839
0.0
8.72732617693e-05
8.72732617693e-05
8.72732617693e-05
0.0
0.0
0.0
0.0
8.72732617693e-05
0.0
8.72732617693e-05
0.0
0.00477246941991
0.0
8.26799322025e-05
0.000142393216571
0.000197513171373
0.0299485087756
0.0131552958793
0.0209318028359
0.0
0.000514452911482
0.000514452911482
0.00135503222221
0.000532826229749
0.0136513754725
0.0
0.0
0.0
0.0155576072428
0.0281111769488
0.00645362804136
0.000868139288126
0.00852062634642
0.0
0.0
3.21533069676e-05
0.000303159751409
2.75599774008e-05
2.75599774008e-05
2.75599774008e-05
2.75599774008e-05
0.0
0.0
0.0
8.72732617693e-05
0.0
0.0
0.0
0.000514452911482
0.0
0.0
0.0217034822031
0.0
0.00145608547268
0.0162144533708
0.0185386781316
0.0155576072428
0.0
0.0
0.0
0.0
8.72732617693e-05
0.0
0.0
0.0
0.0
0.0
0.0314183742369
0.0
0.0236923939056
0.000730339401122
0.00290298428622
0.0
0.0
0.0
0.0
0.0
0.0
0.00145608547268
8.72732617693e-05
0.00141933883614
0.0
0.0
8.72732617693e-05
8.72732617693e-05
0.0
0.0
8.72732617693e-05
0.0127418962183
0.0
0.0
0.0
0.0215013757022
0.00645362804136
0.000868139288126
0.0
0.00338528389073
0.0
0.00852062634642
8.72732617693e-05
8.72732617693e-05
0.0281111769488
0.0
0.0
8.72732617693e-05
0.0
8.72732617693e-05
0.00852062634642
0.0
0.0
0.0
0.0
8.72732617693e-05
0.0
8.72732617693e-05
0.0
0.0
8.72732617693e-05
8.72732617693e-05
8.72732617693e-05
0.0
0.0
0.0
0.0
0.0
0.0
0.0
0.0
0.0
0.0
0.0
0.000160766534838
0.0
0.0
0.000312346410543
0.00609534833515
0.0
0.0
0.0
0.0
0.0
0.000532826229749
0.0
8.72732617693e-05
0.00257226455741
0.0
0.0
8.72732617693e-05
0.000514452911482
0.000514452911482
8.72732617693e-05
0.0
0.0127418962183
0.0
0.0
0.0
0.000514452911482
0.0
8.72732617693e-05
0.0
0.00338528389073
0.0
0.00852062634642
8.72732617693e-05
0.00645362804136
0.0
0.0
0.0
8.72732617693e-05
0.0
8.72732617693e-05
0.00852062634642
0.0
0.00852062634642
8.72732617693e-05
0.0281111769488
0.0
0.0
8.72732617693e-05
0.0
0.0
0.0
8.72732617693e-05
8.72732617693e-05
0.0
0.0
0.0
0.0
0.0
0.0
0.0
0.0
0.0
0.0
0.0
0.0
0.0
0.0
0.0
0.0
0.0
0.0
0.0
0.0
0.0
0.0
0.0
0.0
0.0
0.0
0.0
0.0
0.0
0.0
0.0
0.0
0.0
0.0
0.0
0.0
0.0
0.0
0.0
0.0
0.0
0.0
0.0
0.0
0.0
0.0
0.0
0.0
0.0
7.34932730688e-05
7.80866026357e-05
8.72732617693e-05
9.64599209029e-05
0.000105646580036
0.0
0.0
0.0
2.75599774008e-05
3.21533069676e-05
3.21533069676e-05
6.43066139352e-05
6.8899943502e-05
0.0
0.0
0.0
2.75599774008e-05
3.21533069676e-05
3.21533069676e-05
6.43066139352e-05
6.8899943502e-05
0.0
0.0
0.0
0.0
0.0
0.0
0.0
0.0
0.0
0.0
0.0
0.0
0.0
0.0
0.0
0.0
0.0
0.0
0.0
0.0
0.0
0.0
0.0
0.0
0.0
0.0
0.0
0.0
0.0
0.0
0.0
0.0
0.0
0.0
0.0
0.0
0.0
0.0
0.0
0.0
0.0
0.0
0.024101200237
7.80866026357e-05
7.80866026357e-05
7.80866026357e-05
8.72732617693e-05
8.72732617693e-05
0.000146986546138
9.64599209029e-05
0.0232927742333
4.13399661012e-05
2.75599774008e-05
3.21533069676e-05
3.21533069676e-05
4.5933295668e-05
6.8899943502e-05
0.000142393216571
0.0219744886476
2.75599774008e-05
3.21533069676e-05
3.21533069676e-05
3.67466365344e-05
6.43066139352e-05
3.67466365344e-05
0.000202106500939
0.0227875079809
3.21533069676e-05
3.21533069676e-05
3.67466365344e-05
0.000110239909603
3.67466365344e-05
0.000137799887004
3.67466365344e-05
0.000151579875705
0.0279320370957
0.00166737863275
0.0
0.0
0.0
0.0
0.000937039231628
0.0
3.67466365344e-05
3.67466365344e-05
3.67466365344e-05
2.75599774008e-05
3.21533069676e-05
3.21533069676e-05
3.21533069676e-05
2.75599774008e-05
8.72732617693e-05
0.00324289067416
0.000854359299425
8.72732617693e-05
0.0
8.72732617693e-05
0.0
0.000514452911482
0.0
0.0
0.000780866026357
8.72732617693e-05
8.72732617693e-05
8.72732617693e-05
0.0
8.72732617693e-05
0.0
0.0
0.0155576072428
0.0
0.0
0.00645362804136
0.0155576072428
0.00645362804136
0.0281111769488
0.0
0.0
8.72732617693e-05
8.72732617693e-05
8.72732617693e-05
0.0
8.72732617693e-05
8.72732617693e-05
0.000868139288126
8.72732617693e-05
0.0155576072428
8.72732617693e-05
0.0281111769488
0.0215013757022
0.00645362804136
0.0281111769488
0.0
0.0
8.72732617693e-05
8.72732617693e-05
8.72732617693e-05
0.0
8.72732617693e-05
0.0
0.0
0.000532826229749
0.0155576072428
0.000514452911482
0.00852062634642
8.72732617693e-05
0.0
0.0
0.0
2.75599774008e-05
2.2966647834e-05
0.0
0.0
0.000146986546138
0.0
0.00118507902824
0.0
0.0
8.72732617693e-05
0.0
0.0
0.0
0.0
0.0021450849077
0.0
0.0
0.0021450849077
0.0
0.0
0.0
0.0021450849077
0.0
0.0
0.0
0.0
0.0
0.0
0.0
0.0
0.0289287896117
0.0
0.0
0.0
7.34932730688e-05
0.0
6.43066139352e-05
0.0
0.0
0.0
0.0
8.72732617693e-05
0.0
0.0
0.0
0.0
0.0
0.0
0.0
0.0
0.0
0.0
0.0
0.0
0.000486892934081
0.00191541842936
0.000638472809786
0.0
0.0
0.0
0.0
0.0
0.0
0.0
0.0
0.0
0.0
0.0
4.5933295668e-05
0.00327504398113
0.0
0.0
0.0
0.0
0.0
0.0
0.0
0.0
0.00286623764969
0.000780866026357
0.00122641899434
0.0
0.0
0.0
0.0
0.0
0.0
0.0
0.0
0.0
0.0
0.0
0.0260717386212
0.0131369225611
0.000707372753288
0.0
0.0
0.0
0.0
0.0
0.0
0.0
0.0
0.0
0.0
0.0
0.0
0.0
0.0
0.0
6.43066139352e-05
0.000192919841806
4.5933295668e-06
0.0
0.0
0.0
0.0
0.0
0.0
0.0
0.0
0.0
0.000220479819207
0.0
0.000220479819207
0.0
0.00022966647834
0.0
0.0
0.0
0.0
0.0
0.0
0.0
0.0
0.0265126982596
0.0132379758115
0.0133757756985
0.00672922781537
0.00267791113745
0.00146527213181
0.00143311882484
0.0
0.0
0.0
0.0
0.0
0.0
0.0
0.0
0.0
0.0
0.0
0.0
0.0
0.0
0.0
0.0
0.0
0.0
0.0
0.0
0.0
0.0
0.0
0.0
0.000601726173251
0.000105646580036
0.00011483323917
0.000496079593215
0.000496079593215
0.00183273849715
0.00011483323917
0.000105646580036
0.0
0.0
0.0
0.0
0.0
0.0
0.0
0.0
0.00476328276077
0.00432232312236
0.00365629033518
0.00392270345005
0.00282489768358
0.00474950277207
0.00416614991709
0.00436825641803
0.0
0.0
0.0
0.0
0.0
0.0
0.0
0.0
0.0266642781353
0.0135503222221
0.00855737298295
0.0218504687493
0.0122963432503
0.00843794641422
0.00878703946129
0.00905804590574
0.0
0.0
0.0
0.0
0.0
0.0
0.0
0.0
2.75599774008e-05
5.97132843684e-05
0.000197513171373
3.21533069676e-05
5.05266252348e-05
0.000197513171373
0.000160766534838
0.000160766534838
0.0
0.0
0.0
0.0
0.0
0.0
0.0
0.0
0.00496538926171
3.67466365344e-05
2.75599774008e-05
2.75599774008e-05
3.67466365344e-05
2.75599774008e-05
3.67466365344e-05
4.13399661012e-05
0.0
0.0
0.0
0.0
0.0
0.0
0.0
0.0
0.00328882396983
0.00165359864405
0.000803832674191
0.000417992990579
0.000192919841806
0.0
0.0
0.0
0.0
0.0
0.02406904693
0.0122090699886
0.00595295511858
0.0
0.0
0.0
0.0
0.0
0.0
0.0
0.0
0.0
0.0
0.0
0.0
0.0
0.0
0.0
0.0
0.0294019025571
0.0146986546138
0.00768464036526
0.0
0.0
0.0
0.0
0.0
0.0
0.0
0.0
0.0
0.0
4.5933295668e-05
7.80866026357e-05
0.0294708025006
0.0115751905083
0.00750090718259
0.00275140441052
0.0
0.0
4.5933295668e-06
2.75599774008e-05
0.0226497080939
0.0104773847419
0.00709669418071
0.00249877128434
0.0
0.0
0.0
0.0
0.0284510833368
0.0145287014198
0.00725286738598
0.00174546523539
0.0
0.0
0.0
0.0
0.0
4.5933295668e-06
0.0324335000712
0.00801995342364
0.0
0.0
0.0
0.0
0.0
0.0
0.0200636635478
0.00411562329186
0.0
0.0
1.37799887004e-05
0.0234076074724
0.00487352267038
0.0
0.0
0.0
0.0
0.0
0.0
0.0
0.0
0.0
0.0
0.0
0.0
0.0
0.0
0.0
0.0
0.0
0.0
0.0
0.0
0.0
0.0
0.0
0.0
0.0
0.0
0.0
0.0
0.0
0.0
0.0
0.0
0.0
0.0
0.0236372739508
0.0172892924894
0.0158102403689
0.0158102403689
0.0158102403689
0.0158102403689
0.0158102403689
0.0158102403689
0.0158102403689
0.0
0.0
0.0
0.0
0.0
0.0
0.0
0.0
0.0
0.0
0.0
0.0
0.0
9.18665913361e-06
0.0303619084366
0.0172203925459
0.0129853426854
0.0126454362974
0.0126454362974
0.0126454362974
0.0126454362974
0.0126454362974
0.0126454362974
0.0126454362974
0.0
0.0
0.0
0.0
0.0
0.0
0.0
0.0
0.0
0.0
0.0
0.0
0.0
0.0
0.0
0.0
0.0
0.0
0.0
0.0
0.0
0.0
0.0
0.0
0.0
0.0
0.0
0.0
0.0
0.0
6.43066139352e-05
0.0
7.34932730688e-05
2.75599774008e-05
3.21533069676e-05
2.75599774008e-05
2.75599774008e-05
3.21533069676e-05
3.21533069676e-05
3.21533069676e-05
0.0
0.0
0.0
0.0
0.0
0.000523639570616
0.000523639570616
0.0
0.0
0.0
0.00106105912993
0.0
0.0
0.0
0.0
0.0
0.0
0.0
9.64599209029e-05
0.0
0.0
0.00011483323917
0.000868139288126
0.000606319502818
0.00244824465911
0.00244824465911
0.0
0.00244824465911
0.0264483916457
0.0208261562559
0.0128751027757
0.00634798146132
0.00219561153293
0.000992159186429
0.000358279706211
0.000509859581915
0.000633879480219
4.5933295668e-05
0.00517208909222
0.00265953781918
0.000633879480219
0.000633879480219
0.0
0.000633879480219
0.0219561153293
0.0134263023238
0.0126729962748
0.00654549463269
0.0
0.0
0.0
0.0
0.0
6.43066139352e-05
0.0294524291823
0.00677516111103
0.000339906387943
0.0
0.000339906387943
0.0
0.000895699265527
0.000339906387943
0.000160766534838
0.000293973092275
0.0
0.0
0.0
0.0
0.0
4.13399661012e-05
0.0268066713519
0.00580137524287
0.00161685200751
0.00204862498679
0.00316939740109
0.00297647755929
0.00167656529188
0.00159847868925
0.00186948513369
0.00234719140864
0.0
0.0022002048625
0.000964599209029
0.00089110593596
0.000744119389822
0.000372059694911
0.000813019333324
0.00161685200751
0.0
0.000794646015057
0.000408806331445
0.000395026342745
0.000744119389822
0.0011483323917
0.00141015217701
5.05266252348e-05
0.0
0.000372059694911
0.000192919841806
0.000188326512239
2.75599774008e-05
0.00152039208661
0.0035276771073
3.21533069676e-05
0.0
9.18665913361e-05
0.0
7.80866026357e-05
0.000422586320146
7.80866026357e-05
0.00114373906213
0.0
0.00106105912993
0.000381246354045
2.75599774008e-05
1.83733182672e-05
3.67466365344e-05
9.18665913361e-06
0.00107024578907
0.000813019333324
0.0
0.0
0.0
0.0
0.0
0.00106105912993
0.0
0.0
0.0
0.0
0.0
0.0
0.0
0.0
0.0
0.0
0.0023655647269
0.00123560565347
0.000183733182672
0.00342662385684
0.00360117038037
0.0012447923126
0.00342662385684
0.0023655647269
0.00161685200751
0.000326126399243
0.000813019333324
0.00161685200751
0.00227829146513
0.000813019333324
0.00161685200751
0.00161685200751
0.0
0.0
0.0
0.0
0.00022966647834
0.0215748689753
0.010041018433
0.00522261571746
0.0
0.000179139853105
0.00124019898304
3.21533069676e-05
0.000289379762709
0.00120804567607
0.0
3.21533069676e-05
0.0
4.5933295668e-06
0.0010656524595
0.00106105912993
0.00107024578907
4.5933295668e-06
0.0
0.00106105912993
0.0
1.83733182672e-05
0.0010794324482
0.0010794324482
0.00106105912993
0.0
0.00106105912993
1.83733182672e-05
0.0
0.0
0.00106105912993
0.00106105912993
0.00106105912993
0.00106105912993
0.0
0.00106105912993
0.00355523708471
0.00262738451221
0.00180517851975
0.00146067880224
0.0302103285609
0.0199166770017
0.0100639850809
0.00513074912612
0.00166737863275
0.00111158575517
0.00113914573257
0.000303159751409
0.0201325634913
0.0117681103501
0.00604022838035
0.00290298428622
0.000266413114875
0.00044555296798
0.000179139853105
0.0
0.0
0.0
0.0
0.0
3.21533069676e-05
3.21533069676e-05
3.21533069676e-05
0.000303159751409
2.75599774008e-05
2.75599774008e-05
2.75599774008e-05
2.75599774008e-05
0.000845172640292
0.000813019333324
0.00104727914123
0.000238853137474
0.000303159751409
0.000822205992458
0.000918665913361
5.05266252348e-05
0.000564979536717
0.000753306048956
0.000243446467041
0.00126775896044
0.000238853137474
2.2966647834e-05
0.000463926286247
0.0
0.0
0.00106105912993
0.0
0.0
0.0
0.0
0.0
0.00106105912993
0.00536500893403
0.0186075780751
0.00946225890761
0.00598510842554
0.00209455828246
0.00089110593596
0.000142393216571
0.0
0.0
0.0178129320601
0.00921421911101
0.00532826229749
0.00262279118264
0.00127694561957
0.000679812775887
0.000183733182672
0.0
0.0
0.000486892934081
0.000486892934081
0.0
0.00044555296798
0.000486892934081
0.000486892934081
0.000537419559316
0.000537419559316
0.000537419559316
0.0
0.0
0.0
0.000537419559316
0.0
0.000537419559316
0.0
0.0
0.0
0.0
0.000794646015057
0.000794646015057
0.0
7.80866026357e-05
0.0
0.0
0.00034449971751
0.0
0.000794646015057
0.000794646015057
0.0
0.0
0.0
0.0
0.00106105912993
0.0
0.0
0.0
0.0
0.0
0.0
0.0
0.0
0.0
0.0
0.0
0.0
0.00536500893403
0.0186075780751
0.0099491518417
0.00576462860634
0.00409265664402
0.0011896723578
0.000289379762709
0.0
0.0
0.0178910186627
0.00929230571364
0.00485055602254
0.00238853137474
0.00246661797737
0.000753306048956
0.000473112945381
0.0
0.0
0.000486892934081
0.000486892934081
0.000486892934081
0.000486892934081
0.0
0.000486892934081
0.000537419559316
0.000537419559316
0.000537419559316
0.0
0.000881919276826
0.0
0.000537419559316
0.0
0.000537419559316
0.0
0.0
0.0
0.00034449971751
0.00106105912993
0.00106105912993
0.0
7.80866026357e-05
0.0
0.0
0.000716559412421
0.0
0.0
0.0
0.0
0.0
0.0
0.0
0.0
0.0
0.0
0.0
0.0
0.0
0.0
0.0
0.0
0.0
0.0
0.0
0.0
0.0215151556909
0.0219607086589
0.0219469286702
0.021588648964
6.8899943502e-05
6.8899943502e-05
6.8899943502e-05
6.8899943502e-05
0.0143082216006
0.0142576949754
0.0141290817475
0.0138397019848
0.0269398779093
0.0269398779093
0.0269398779093
0.0269398779093
0.000142393216571
0.000142393216571
0.000165359864405
0.000142393216571
7.80866026357e-05
7.80866026357e-05
7.80866026357e-05
7.80866026357e-05
0.000124019898304
0.000110239909603
9.64599209029e-05
0.000137799887004
7.34932730688e-05
7.34932730688e-05
7.34932730688e-05
7.34932730688e-05
0.0
0.0
0.0
9.18665913361e-06
0.0186259513934
0.0
0.0
0.0
7.80866026357e-05
7.80866026357e-05
0.000321533069676
0.0205964897775
0.00919125246317
0.0
0.0
0.0
3.21533069676e-05
3.21533069676e-05
4.5933295668e-05
7.34932730688e-05
7.80866026357e-05
0.0
0.0
0.0
3.21533069676e-05
3.21533069676e-05
5.97132843684e-05
6.8899943502e-05
7.34932730688e-05
0.0
0.0
0.0
6.8899943502e-05
0.0
0.0
0.0
0.0
0.0
0.000707372753288
0.00010105325047
0.0268296379997
9.64599209029e-05
8.72732617693e-05
0.000165359864405
0.0010656524595
0.0302562618565
0.0261636052125
0.0260579586325
7.80866026357e-05
3.21533069676e-05
3.21533069676e-05
5.05266252348e-05
6.43066139352e-05
7.80866026357e-05
0.000156173205271
7.80866026357e-05
7.80866026357e-05
2.75599774008e-05
3.21533069676e-05
3.21533069676e-05
4.5933295668e-05
7.34932730688e-05
0.000119426568737
7.80866026357e-05
0.0
0.0
0.0
0.0
0.0280422770053
0.0181390584593
0.0125260097287
0.00490108264778
0.00012861322787
7.80866026357e-05
7.80866026357e-05
0.0336920723725
0.0191082509979
0.00954493883982
0.0066006145875
0.00278815104705
5.05266252348e-05
3.21533069676e-05
3.21533069676e-05
7.34932730688e-05
0.00011483323917
0.000160766534838
0.0223189883651
0.00867679955169
2.75599774008e-05
3.21533069676e-05
6.43066139352e-05
6.8899943502e-05
0.000105646580036
0.000417992990579
0.0211201293482
0.00918665913361
3.21533069676e-05
0.000160766534838
0.0325988599356
0.016912639465
0.00875488615433
0.0054660621845
0.00248958462521
0.00124019898304
0.000813019333324
0.000289379762709
0.0
0.0
0.0
0.0
0.00208537162333
0.0
8.26799322025e-05
8.72732617693e-05
0.00021588648964
2.75599774008e-05
3.21533069676e-05
3.21533069676e-05
3.21533069676e-05
3.21533069676e-05
0.000183733182672
7.34932730688e-05
6.43066139352e-05
0.00010105325047
0.00297188422972
0.000248039796607
0.000408806331445
0.0
0.0123284965573
0.00703698089634
0.00319695737849
0.00163063199622
0.000831392651591
0.000431772979279
0.0
0.0
0.000716559412421
0.000537419559316
0.0
0.0
0.0
0.0
0.0
0.0
0.0
0.0
0.0
0.0
0.0
0.0
0.0
0.0
0.0
0.0
0.0
0.0
0.0
0.0
0.0
0.0
0.0
0.0
0.0
0.0
0.0
0.0
0.0
0.0
0.0
0.0
0.0
0.0
0.0
0.0
0.0
0.0
2.75599774008e-05
2.75599774008e-05
2.75599774008e-05
2.2966647834e-05
3.21533069676e-05
2.75599774008e-05
0.000165359864405
2.75599774008e-05
0.00010105325047
0.00161685200751
0.00197513171373
0.00169034528058
0.0
0.0
0.0
0.0
0.00158929203011
0.0
0.0
0.00158929203011
0.0
0.00162144533708
0.00162144533708
0.00158929203011
0.00162144533708
0.00162144533708
0.0
0.0
0.0
0.0
0.0
0.0
0.00562223538977
0.00473572278337
0.00532366896792
0.00508481583045
0.00666492120143
0.00464385619204
0.00762033375133
0.00481840271558
0.00510318914872
0.0034863371412
0.00450605630503
0.00411102996229
0.00618721492648
0.00618721492648
0.00618721492648
0.00618721492648
