1.0
1.0
1.0
1.0
1.0
1.0
1.0
1.0
0.0093416082742
1.0
0.117187945656
1.0
1.0
1.0
1.0
1.0
0.0294514112108
0.091913139828
1.0
1.0
1.0
1.0
0.00677725503434
0.067043683857
1.0
1.0
1.0
1.0
1.0
1.0
1.0
1.0
1.0
0.00567029744657
1.0
1.0
1.0
1.0
1.0
1.0
1.0
1.0
1.0
1.0
1.0
1.0
1.0
0.00303093628091
0.0325566165848
1.0
1.0
1.0
1.0
1.0
1.0
1.0
1.0
1.0
1.0
1.0
1.0
1.0
1.0
1.0
0.14671994004
0.103159354226
0.099677957817
0.00214320051981
1.0
1.0
1.0
1.0
1.0
1.0
1.0
1.0
0.121266097164
1.0
0.121266097164
1.0
0.0486735240341
1.0
1.0
1.0
1.0
1.0
1.0
1.0
1.0
1.0
1.0
1.0
1.0
0.00606178902794
0.00606178902794
0.0158924290994
1.0
1.0
1.0
1.0
1.0
1.0
1.0
1.0
1.0
1.0
1.0
1.0
1.0
1.0
1.0
1.0
1.0
1.0
1.0
1.0
1.0
1.0
1.0
1.0
1.0
1.0
0.0300677086942
1.0
1.0
0.162897506629
0.0300677086942
1.0
1.0
1.0
1.0
1.0
1.0
1.0
1.0
1.0
0.00606178902794
1.0
0.01338311481
0.00606178902794
0.00606178902794
1.0
0.0121229097617
1.0
1.0
1.0
1.0
1.0
1.0
1.0
1.0
1.0
0.00606178902794
1.0
0.0132104525679
0.00606178902794
0.00606178902794
1.0
0.00742407681752
1.0
1.0
1.0
1.0
1.0
1.0
1.0
1.0
1.0
0.00524968740484
1.0
0.00642948342464
0.00524968740484
0.00567029744657
1.0
0.00567029744657
1.0
1.0
1.0
1.0
1.0
1.0
1.0
1.0
1.0
0.00742407681752
1.0
0.00524968740484
0.00524968740484
0.00567029744657
1.0
0.00567029744657
1.0
1.0
1.0
1.0
1.0
1.0
1.0
1.0
1.0
0.0632693424713
0.047146600129
0.0367234966668
0.030371151366
0.0265006702708
1.0
1.0
1.0
1.0
1.0
0.17234605639
0.135673328048
0.11125675368
1.0
1.0
1.0
1.0
1.0
1.0
1.0
1.0
1.0
1.0
1.0
1.0
1.0
1.0
1.0
1.0
1.0
1.0
1.0
1.0
1.0
1.0
1.0
1.0
1.0
1.0
1.0
1.0
1.0
1.0
1.0
0.0047922980257
0.00742407681752
1.0
0.153861378326
1.0
1.0
1.0
1.0
1.0
0.00742407681752
1.0
0.152920837647
1.0
1.0
1.0
1.0
1.0
1.0
1.0
0.105951787311
1.0
1.0
1.0
1.0
1.0
1.0
1.0
0.14688444632
1.0
1.0
1.0
1.0
1.0
1.0
1.0
0.115227278033
1.0
1.0
1.0
1.0
0.162015080391
1.0
1.0
1.0
1.0
1.0
1.0
1.0
1.0
1.0
1.0
1.0
1.0
1.0
1.0
1.0
1.0
1.0
1.0
1.0
1.0
1.0
1.0
1.0
1.0
1.0
1.0
1.0
1.0
1.0
1.0
1.0
1.0
1.0
1.0
1.0
1.0
1.0
1.0
1.0
1.0
1.0
1.0
1.0
1.0
1.0
1.0
1.0
1.0
1.0
1.0
1.0
1.0
1.0
1.0
1.0
1.0
1.0
1.0
1.0
0.00214320051981
0.00214320051981
0.00214320051981
0.00214320051981
0.00214320051981
0.00214320051981
0.00214320051981
0.00214320051981
1.0
1.0
1.0
1.0
1.0
1.0
1.0
1.0
1.0
1.0
1.0
1.0
1.0
1.0
1.0
1.0
1.0
1.0
1.0
1.0
1.0
1.0
1.0
1.0
1.0
1.0
1.0
1.0
1.0
1.0
1.0
1.0
1.0
1.0
1.0
1.0
1.0
1.0
1.0
1.0
1.0
1.0
0.0093416082742
0.0093416082742
1.0
0.112138592839
0.112138592839
0.0093416082742
0.0093416082742
0.0093416082742
1.0
1.0
1.0
1.0
1.0
1.0
1.0
1.0
0.0344045726021
1.0
1.0
0.0346699300397
0.0456182293443
0.0419064467633
1.0
1.0
1.0
1.0
1.0
0.172932855769
0.155161934541
0.128219228663
1.0
1.0
0.0507423622446
1.0
1.0
0.00677725503434
0.0865963832458
0.0540551216254
1.0
1.0
1.0
1.0
1.0
0.141563172819
0.148296872674
0.112457457127
1.0
1.0
1.0
1.0
1.0
0.00801888262758
0.0213197757724
0.0846674398292
1.0
1.0
0.0184334167096
1.0
1.0
0.0183084850146
1.0
0.0171431231722
1.0
1.0
1.0
1.0
1.0
0.0064294834247
1.0
0.0890422096159
1.0
1.0
1.0
1.0
1.0
1.0
1.0
0.00982092747088
1.0
1.0
1.0
1.0
0.0175401929585
0.0850142502215
0.114643865402
1.0
1.0
0.0621062240957
0.0093416082742
0.0093416082742
0.150147743891
1.0
1.0
0.1386043804
1.0
0.121504704444
0.0093416082742
0.0093416082742
1.0
0.0497877104706
1.0
0.0912474846131
1.0
0.164606978517
0.0828836640701
0.0093416082742
1.0
1.0
1.0
0.0826099380001
1.0
1.0
1.0
0.0093416082742
0.0839424273681
0.0248017603027
1.0
1.0
1.0
1.0
1.0
1.0
1.0
1.0
1.0
1.0
1.0
1.0
1.0
1.0
1.0
1.0
1.0
1.0
0.00982092747088
1.0
0.0093416082742
1.0
1.0
1.0
1.0
0.00982092747088
1.0
0.0093416082742
0.0093416082742
1.0
1.0
0.0093416082742
1.0
1.0
1.0
1.0
1.0
1.0
1.0
1.0
1.0
0.00303093628091
0.09052688061
0.0093416082742
1.0
0.0913216942288
0.0093416082742
1.0
0.019285260343
0.019285260343
0.0824452538528
0.0093416082742
1.0
1.0
1.0
0.0093416082742
0.0093416082742
1.0
0.166725949929
0.0093416082742
1.0
1.0
1.0
0.0734526691641
1.0
0.0093416082742
0.0093416082742
0.0093416082742
1.0
1.0
1.0
1.0
0.0093416082742
1.0
0.0093416082742
1.0
0.0689180161903
1.0
0.00909247470339
0.0119320132728
0.0140525499437
0.170445286229
0.113939607115
0.143156077293
1.0
0.0226757193861
0.0226757193861
0.0367858139764
0.0230768786008
0.116038853063
1.0
1.0
1.0
0.123756083081
0.1652904676
0.0800748320413
0.0294514112108
0.091913139828
1.0
1.0
0.00567029744657
0.0174088438896
0.00524968740484
0.00524968740484
0.00524968740484
0.00524968740484
1.0
1.0
1.0
0.0093416082742
1.0
1.0
1.0
0.0226757193861
1.0
1.0
0.145713558269
1.0
0.0381308967605
0.126299425464
0.134888826612
0.123756083081
1.0
1.0
1.0
1.0
0.0093416082742
1.0
1.0
1.0
1.0
1.0
0.174445578898
1.0
0.152089001498
0.0270149219042
0.0538010870564
1.0
1.0
1.0
1.0
1.0
1.0
0.0381308967605
0.0093416082742
0.037647367948
1.0
1.0
0.0093416082742
0.0093416082742
1.0
1.0
0.0093416082742
0.112158549826
1.0
1.0
1.0
0.145048497218
0.0800748320413
0.0294514112108
1.0
0.0580846257084
1.0
0.091913139828
0.0093416082742
0.0093416082742
0.1652904676
1.0
1.0
0.0093416082742
1.0
0.0093416082742
0.091913139828
1.0
1.0
1.0
1.0
0.0093416082742
1.0
0.0093416082742
1.0
1.0
0.0093416082742
0.0093416082742
0.0093416082742
1.0
1.0
1.0
1.0
1.0
1.0
1.0
1.0
1.0
1.0
1.0
0.0126783551362
1.0
1.0
0.0176705645144
0.0778344079686
1.0
1.0
1.0
1.0
1.0
0.0230768786008
1.0
0.0093416082742
0.0506522261353
1.0
1.0
0.0093416082742
0.0226757193861
0.0226757193861
0.0093416082742
1.0
0.112158549826
1.0
1.0
1.0
0.0226757193861
1.0
0.0093416082742
1.0
0.0580846257084
1.0
0.091913139828
0.0093416082742
0.0800748320413
1.0
1.0
1.0
0.0093416082742
1.0
0.0093416082742
0.091913139828
1.0
0.091913139828
0.0093416082742
0.1652904676
1.0
1.0
0.0093416082742
1.0
1.0
1.0
0.0093416082742
0.0093416082742
1.0
1.0
1.0
1.0
1.0
1.0
1.0
1.0
1.0
1.0
1.0
1.0
1.0
1.0
1.0
1.0
1.0
1.0
1.0
1.0
1.0
1.0
1.0
1.0
1.0
1.0
1.0
1.0
1.0
1.0
1.0
1.0
1.0
1.0
1.0
1.0
1.0
1.0
1.0
1.0
1.0
1.0
1.0
1.0
1.0
1.0
1.0
1.0
1.0
0.00857250674005
0.00883631739581
0.0093416082742
0.00982092747088
0.0102779092638
1.0
1.0
1.0
0.00524968740484
0.00567029744657
0.00567029744657
0.00801888262759
0.00830031302418
1.0
1.0
1.0
0.00524968740484
0.00567029744657
0.00567029744657
0.00801888262759
0.00830031302418
1.0
1.0
1.0
1.0
1.0
1.0
1.0
1.0
1.0
1.0
1.0
1.0
1.0
1.0
1.0
1.0
1.0
1.0
1.0
1.0
1.0
1.0
1.0
1.0
1.0
1.0
1.0
1.0
1.0
1.0
1.0
1.0
1.0
1.0
1.0
1.0
1.0
1.0
1.0
1.0
1.0
1.0
0.153363399754
0.00883631739581
0.00883631739581
0.00883631739581
0.0093416082742
0.0093416082742
0.0121229097617
0.00982092747088
0.150831763571
0.00642948342464
0.00524968740484
0.00567029744657
0.00567029744657
0.00677725503435
0.00830031302418
0.0119320132728
0.146600172224
0.00524968740484
0.00567029744657
0.00567029744657
0.00606178902794
0.00801888262759
0.00606178902794
0.014214979912
0.149225458488
0.00567029744657
0.00567029744657
0.00606178902794
0.010498940745
0.00606178902794
0.0117380108279
0.00606178902794
0.0123108447819
0.164778149035
0.0407994911888
1.0
1.0
1.0
1.0
0.0305967512836
1.0
0.00606178902794
0.00606178902794
0.00606178902794
0.00524968740484
0.00567029744657
0.00567029744657
0.00567029744657
0.00524968740484
0.0093416082742
0.0568539737768
0.0292169363488
0.0093416082742
1.0
0.0093416082742
1.0
0.0226757193861
1.0
1.0
0.0279330677619
0.0093416082742
0.0093416082742
0.0093416082742
1.0
0.0093416082742
1.0
1.0
0.123756083081
1.0
1.0
0.0800748320413
0.123756083081
0.0800748320413
0.1652904676
1.0
1.0
0.0093416082742
0.0093416082742
0.0093416082742
1.0
0.0093416082742
0.0093416082742
0.0294514112108
0.0093416082742
0.123756083081
0.0093416082742
0.1652904676
0.145048497218
0.0800748320413
0.1652904676
1.0
1.0
0.0093416082742
0.0093416082742
0.0093416082742
1.0
0.0093416082742
1.0
1.0
0.0230768786008
0.123756083081
0.0226757193861
0.091913139828
0.0093416082742
1.0
1.0
1.0
0.00524968740484
0.0047922980257
1.0
1.0
0.0121229097617
1.0
0.0344045726021
1.0
1.0
0.0093416082742
1.0
1.0
1.0
1.0
0.046265359811
1.0
1.0
0.046265359811
1.0
1.0
1.0
0.046265359811
1.0
1.0
1.0
1.0
1.0
1.0
1.0
1.0
0.167606428109
1.0
1.0
1.0
0.00857250674005
1.0
0.00801888262759
1.0
1.0
1.0
1.0
0.0093416082742
1.0
1.0
1.0
1.0
1.0
1.0
1.0
1.0
1.0
1.0
1.0
1.0
0.0220602780887
0.0437235588854
0.0252599517469
1.0
1.0
1.0
1.0
1.0
1.0
1.0
1.0
1.0
1.0
1.0
0.00677725503434
0.0571342110127
1.0
1.0
1.0
1.0
1.0
1.0
1.0
1.0
0.0534604744781
0.0279330677621
0.034998784133
1.0
1.0
1.0
1.0
1.0
1.0
1.0
1.0
1.0
1.0
1.0
0.159348683918
0.113861072482
0.0265870716153
1.0
1.0
1.0
1.0
1.0
1.0
1.0
1.0
1.0
1.0
1.0
1.0
1.0
1.0
1.0
0.00801888262758
0.0138882188829
0.00214320051981
1.0
1.0
1.0
1.0
1.0
1.0
1.0
1.0
1.0
0.0148469258722
1.0
0.0148469258722
1.0
0.0151530106464
1.0
1.0
1.0
1.0
1.0
1.0
1.0
1.0
0.160654209689
0.114292308612
0.114877605837
0.0817553992614
0.0516792020969
0.0382508184147
0.0378294197059
1.0
1.0
1.0
1.0
1.0
1.0
1.0
1.0
1.0
1.0
1.0
1.0
1.0
1.0
1.0
1.0
1.0
1.0
1.0
1.0
1.0
1.0
1.0
1.0
0.0245227261711
0.0102779092639
0.0107154119145
0.0222673190629
0.0222673190629
0.0427712469627
0.0107154119145
0.0102779092639
1.0
1.0
1.0
1.0
1.0
1.0
1.0
1.0
0.0688519709097
0.065602139029
0.0603566224714
0.0625085262
0.0530746421246
0.068752781729
0.0644111256848
0.0659482733201
1.0
1.0
1.0
1.0
1.0
1.0
1.0
1.0
0.16110026197
0.115614492992
0.0921094151027
0.146195163274
0.110205005299
0.0914699266126
0.0933264560497
0.0947417421739
1.0
1.0
1.0
1.0
1.0
1.0
1.0
1.0
0.00524968740484
0.00772720639633
0.0140525499437
0.00567029744657
0.0071080287207
0.0140525499437
0.0126783551362
0.0126783551362
1.0
1.0
1.0
1.0
1.0
1.0
1.0
1.0
0.070290356175
0.00606178902794
0.00524968740484
0.00524968740484
0.00606178902794
0.00524968740484
0.00606178902794
0.00642948342464
1.0
1.0
1.0
1.0
1.0
1.0
1.0
1.0
0.057253887263
0.0406308288813
0.0283405456408
0.0204406035243
0.0138882188829
1.0
1.0
1.0
1.0
1.0
0.153263589642
0.109818070455
0.076925401812
1.0
1.0
1.0
1.0
1.0
1.0
1.0
1.0
1.0
1.0
1.0
1.0
1.0
1.0
1.0
1.0
0.168930253901
0.120343691843
0.0873246051676
1.0
1.0
1.0
1.0
1.0
1.0
1.0
1.0
1.0
1.0
0.00677725503435
0.00883631739581
0.16912206923
0.106963570776
0.0862823479862
0.0523816206725
1.0
1.0
0.00214320051981
0.00524968740484
0.148784067753
0.101821457222
0.0839424273681
0.049925218341
1.0
1.0
1.0
1.0
0.166257689127
0.11965625038
0.0848543652423
0.0417422877487
1.0
1.0
1.0
1.0
1.0
0.00214320051981
0.177148435342
0.0891943595229
1.0
1.0
1.0
1.0
1.0
1.0
0.140218090676
0.0640209726323
1.0
1.0
0.00371211513996
0.151194217432
0.0696403004529
1.0
1.0
1.0
1.0
1.0
1.0
1.0
1.0
1.0
1.0
1.0
1.0
1.0
1.0
1.0
1.0
1.0
1.0
1.0
1.0
1.0
1.0
1.0
1.0
1.0
1.0
1.0
1.0
1.0
1.0
1.0
1.0
1.0
1.0
0.151916270461
0.130347124458
0.124740838014
0.124740838014
0.124740838014
0.124740838014
0.124740838014
0.124740838014
0.124740838014
1.0
1.0
1.0
1.0
1.0
1.0
1.0
1.0
1.0
1.0
1.0
1.0
1.0
0.00303093628091
0.171581068165
0.130091700836
0.113210969259
0.111738664921
0.111738664921
0.111738664921
0.111738664921
0.111738664921
0.111738664921
0.111738664921
1.0
1.0
1.0
1.0
1.0
1.0
1.0
1.0
1.0
1.0
1.0
1.0
1.0
1.0
1.0
1.0
1.0
1.0
1.0
1.0
1.0
1.0
1.0
1.0
1.0
1.0
1.0
1.0
1.0
1.0
0.00801888262759
1.0
0.00857250674005
0.00524968740484
0.00567029744657
0.00524968740484
0.00524968740484
0.00567029744657
0.00567029744657
0.00567029744657
1.0
1.0
1.0
1.0
1.0
0.0228771801631
0.0228771801631
1.0
1.0
1.0
0.0325566165848
1.0
1.0
1.0
1.0
1.0
1.0
1.0
0.00982092747081
1.0
1.0
0.0107154119145
0.0294514112108
0.0246160898495
0.0494191335133
0.0494191335133
1.0
0.0494191335133
0.160464557536
0.142802056958
0.112735684254
0.079420932963
0.0468058844903
0.031482928812
0.0189248868389
0.022574313392
0.0251689824392
0.00677725503434
0.0717310155137
0.0515020842081
0.0251689824392
0.0251689824392
1.0
0.0251689824392
0.146540248154
0.115091427699
0.111858801353
0.080639017434
1.0
1.0
1.0
1.0
1.0
0.00801888262758
0.1690709425
0.082032056557
0.0184334167096
1.0
0.0184334167096
1.0
0.029914828904
0.0184334167096
0.0126783551362
0.0171431231722
1.0
1.0
1.0
1.0
1.0
0.0064294834247
0.161518029095
0.0759455020929
0.0401775782882
0.0452153527295
0.0562081161506
0.0544758491501
0.0409115438563
0.0399490119419
0.0431971082254
0.048390929947
1.0
0.0468547111939
0.0310430146313
0.0298380942115
0.0272684006894
0.019285260343
0.0285019005136
0.0401775782882
1.0
0.0281782638352
0.0202148264605
0.0198713436117
0.0272684006894
0.0338675910631
0.0375255066301
0.00710802872075
1.0
0.019285260343
0.0138882188829
0.0137219184287
0.00524968740484
0.038962552464
0.0592893970413
0.00567029744657
1.0
0.00958426584909
1.0
0.00883631739572
0.0205525604475
0.00883631739572
0.033799865726
1.0
0.0325566165848
0.0195218084526
0.00524968740484
0.00428637150611
0.00606178902793
0.0030309362809
0.0326971002233
0.0285019005136
1.0
1.0
1.0
1.0
1.0
0.0325566165848
1.0
1.0
1.0
1.0
1.0
1.0
1.0
1.0
1.0
1.0
0.0485795103972
0.0351294596049
0.0135535760886
0.0584369926142
0.0599016022512
0.0352596483917
0.0584369926142
0.0485795103972
0.0401775782882
0.0180560250558
0.0285019005136
0.0401775782882
0.0476770474457
0.0285019005136
0.0401775782882
0.0401775782882
1.0
1.0
1.0
1.0
0.0151530106464
0.14529072236
0.0997005335082
0.0720787069983
1.0
0.01338311481
0.035194614496
0.00567029744657
0.0170087043028
0.0347359511416
1.0
0.00567029744657
1.0
0.00214320051981
0.0326269343385
0.0325566165848
0.0326971002233
0.00214320051981
1.0
0.0325566165848
1.0
0.00428637150611
0.0328369802782
0.0328369802782
0.0325566165848
1.0
0.0325566165848
0.00428637150611
1.0
1.0
0.0325566165848
0.0325566165848
0.0325566165848
0.0325566165848
1.0
0.0325566165848
0.0595197225629
0.0511906374529
0.0424490264938
0.038190904934
0.1711656058
0.139714004233
0.0998133322013
0.0714452555422
0.0407994911887
0.0333219166958
0.0337320037882
0.0174088438896
0.140453705464
0.107840724817
0.0774838307097
0.0538010870564
0.0163199920015
0.0211034227208
0.01338311481
1.0
1.0
1.0
1.0
1.0
0.00567029744657
0.00567029744657
0.00567029744657
0.0174088438896
0.00524968740484
0.00524968740484
0.00524968740484
0.00524968740484
0.0290595650949
0.0285019005136
0.0323447421945
0.0154530283974
0.0174088438896
0.028662344108
0.0302955766787
0.00710802872074
0.0237625826635
0.0274360816982
0.015600871798
0.0355830261172
0.0154530283974
0.0047922980257
0.0215339513014
1.0
1.0
0.0325566165848
1.0
1.0
1.0
1.0
1.0
0.0325566165848
0.0730494737365
0.135134511185
0.0968128326412
0.0771316206408
0.0457183891673
0.0298380942115
0.0119320132728
1.0
1.0
0.132271053188
0.095547460862
0.0728002192195
0.051145988592
0.035711553165
0.0260643555546
0.0135535760886
1.0
1.0
0.0220602780887
0.0220602780887
1.0
0.0211034227208
0.0220602780887
0.0220602780887
0.0231760811944
0.0231760811944
0.0231760811944
1.0
1.0
1.0
0.0231760811944
1.0
0.0231760811944
1.0
1.0
1.0
1.0
0.0281782638352
0.0281782638352
1.0
0.00883631739572
1.0
1.0
0.0185575062294
1.0
0.0281782638352
0.0281782638352
1.0
1.0
1.0
1.0
0.0325566165848
1.0
1.0
1.0
1.0
1.0
1.0
1.0
1.0
1.0
1.0
1.0
1.0
0.0730494737365
0.135134511185
0.0992480036037
0.0757059948973
0.0638428289287
0.0344711043845
0.0170087043028
1.0
1.0
0.132555385081
0.0959476876644
0.0694768172042
0.0488142017511
0.0496037677312
0.0274360816982
0.0217460136467
1.0
1.0
0.0220602780887
0.0220602780887
0.0220602780887
0.0220602780887
1.0
0.0220602780887
0.0231760811944
0.0231760811944
0.0231760811944
1.0
0.0296840276111
1.0
0.0231760811944
1.0
0.0231760811944
1.0
1.0
1.0
0.0185575062294
0.0325566165848
0.0325566165848
1.0
0.00883631739572
1.0
1.0
0.0267590350168
1.0
1.0
1.0
1.0
1.0
1.0
1.0
1.0
1.0
1.0
1.0
1.0
1.0
1.0
1.0
1.0
1.0
1.0
1.0
1.0
0.14509394807
0.146555231684
0.146510276063
0.145336090493
0.00830031302418
0.00830031302418
0.00830031302418
0.00830031302418
0.118758142438
0.118551310028
0.118023094335
0.116825359549
0.161907754254
0.161907754254
0.161907754254
0.161907754254
0.0119320132728
0.0119320132728
0.0128581694079
0.0119320132728
0.00883631739581
0.00883631739581
0.00883631739581
0.00883631739581
0.0111357315596
0.010498940745
0.00982092747088
0.0117380108279
0.00857250674005
0.00857250674005
0.00857250674005
0.00857250674005
1.0
1.0
1.0
0.00303093628091
0.13519994574
1.0
1.0
1.0
0.00883631739581
0.00883631739581
0.0179284602284
0.142029132175
0.0954294154929
1.0
1.0
1.0
0.00567029744657
0.00567029744657
0.00677725503435
0.00857250674005
0.00883631739581
1.0
1.0
1.0
0.00567029744657
0.00567029744657
0.00772720639633
0.00830031302418
0.00857250674005
1.0
1.0
1.0
0.00830031302418
1.0
1.0
1.0
1.0
1.0
0.0265870716154
0.010052016649
0.161585297984
0.00982092747088
0.0093416082742
0.0128581694079
0.0326269343384
0.171291624066
0.159621649455
0.159307694179
0.00883631739581
0.00567029744657
0.00567029744657
0.0071080287207
0.00801888262759
0.00883631739581
0.0124959519525
0.00883631739581
0.00883631739581
0.00524968740484
0.00567029744657
0.00567029744657
0.00677725503435
0.00857250674005
0.0109275937897
0.00883631739581
1.0
1.0
1.0
1.0
0.165093633147
0.133454235667
0.11121649522
0.069835965209
0.011340047906
0.00883631739581
0.00883631739581
0.180435353054
0.136905535833
0.0972308232116
0.0809755918444
0.0527292827638
0.0071080287207
0.00567029744657
0.00567029744657
0.00857250674005
0.0107154119144
0.0126783551362
0.14771882454
0.0927443405348
0.00524968740484
0.00567029744657
0.00801888262759
0.00830031302418
0.0102779092638
0.0204406035243
0.14378480269
0.0954057882286
0.00567029744657
0.0126783551362
0.177584273703
0.128944182076
0.093157061583
0.0737304845278
0.0498335890098
0.035194614496
0.0285019005136
0.0170087043028
1.0
1.0
1.0
1.0
0.0456182293443
1.0
0.00909247470339
0.0093416082742
0.0146914901445
0.00524968740484
0.00567029744657
0.00567029744657
0.00567029744657
0.00567029744657
0.0135535760886
0.00857250674003
0.00801888262757
0.0100520166489
0.054433924476
0.0157473258957
0.0202148264605
1.0
0.110347200825
0.0835910389709
0.056451189908
0.0403481478571
0.0288218916424
0.0207746612818
1.0
1.0
0.0267590350168
0.0231760811944
1.0
1.0
1.0
1.0
1.0
1.0
1.0
1.0
1.0
1.0
1.0
1.0
1.0
1.0
1.0
1.0
1.0
1.0
1.0
1.0
1.0
1.0
1.0
1.0
1.0
1.0
1.0
1.0
1.0
1.0
1.0
1.0
1.0
1.0
1.0
1.0
1.0
1.0
0.00524968740484
0.00524968740484
0.00524968740484
0.0047922980257
0.00567029744657
0.00524968740484
0.0128581694079
0.00524968740484
0.0100520166489
0.0401775782882
0.0443985424135
0.0410790459166
1.0
1.0
1.0
1.0
0.0398342337815
1.0
1.0
0.0398342337815
1.0
0.0402345156811
0.0402345156811
0.0398342337815
0.0402345156811
0.0402345156811
1.0
1.0
1.0
1.0
1.0
1.0
0.0747704878879
0.0686534464763
0.0727690010695
0.0711263697826
0.0813664551692
0.0679874311302
0.0869612802621
0.0692472794472
0.0712540988943
0.0589421970623
0.0669757550284
0.0639853842292
0.078415134368
0.078415134368
0.078415134368
0.078415134368
