0.0
0.0
0.0
0.0
0.0
0.0
0.0
0.0
-0.000227503360953
2.77000102543e-16
0.00177063746838
2.77555756156e-17
8.32667268469e-17
5.55111512313e-17
-5.55111512313e-16
2.22044604925e-16
0.00397759818396
0.0116204538586
0.0
2.16840434497e-19
-1.35525271561e-20
3.38813178902e-21
-0.0579125276002
-0.0932703500915
0.0
4.13590306277e-25
-1.55096364854e-25
0.0
1.61558713389e-27
-1.00974195868e-28
6.31088724177e-30
7.88860905221e-31
0.0
-0.000707459130461
-3.85185988877e-34
-2.40741243048e-35
0.0
0.0
0.0
0.0
1.14794370197e-41
0.0
-3.58732406867e-42
-6.44597293589e-43
1.79366203434e-43
4.48415508584e-43
0.0
9.1886260426e-05
-0.00144628229618
0.0
0.0
0.0
0.0
0.0
0.0
0.0
0.0
0.0
0.0
0.0
0.0
0.0
0.0
0.0
0.00544338675868
0.00452204808297
0.00374844929144
6.90272493267e-05
0.0
0.0
0.0
0.0
0.0
0.0
0.0
0.0
0.00556300945886
0.0
0.00556300945886
0.0
0.00258437168874
0.0
0.0
0.0
0.0
0.0
0.0
0.0
0.0
0.0
0.0
0.0
0.0
0.000414704235403
0.000414704235403
0.00029217663526
0.0
0.0
0.0
0.0
0.0
0.0
0.0
0.0
0.0
0.0
0.0
0.0
0.0
0.0
0.0
0.0
0.0
0.0
0.0
0.0
0.0
0.0
0.0
0.0
0.0
0.0
0.00198534902466
0.0
0.0
0.00360725720354
0.00198534902466
0.0
0.0
0.0
0.0
0.0
0.0
0.0
0.0
0.0
4.59746830115e-05
0.0
0.000524060869531
4.59746830115e-05
4.59746830115e-05
0.0
0.000222158433812
0.0
0.0
0.0
0.0
0.0
0.0
0.0
0.0
0.0
0.000366674787616
0.0
0.000348998398589
0.000280300544371
0.000404865667771
0.0
0.000482004223456
0.0
0.0
0.0
0.0
0.0
0.0
0.0
0.0
0.0
0.000226004046095
0.0
0.000367302195053
0.000349014572077
0.000365178422491
0.0
0.00039342978525
0.0
0.0
0.0
0.0
0.0
0.0
0.0
0.0
0.0
0.000482004223456
0.0
0.000314337979966
0.000316556925875
0.000288047840952
0.0
0.000288047840952
0.0
0.0
0.0
0.0
0.0
0.0
0.0
0.0
0.0
0.0016856067109
0.00154958911329
0.00149374985901
0.0015369795271
0.00158102462921
0.0
0.0
0.0
0.0
0.0
0.00166209192307
0.000897506009016
0.000327894699704
0.0
0.0
0.0
0.0
0.0
0.0
0.0
0.0
0.0
0.0
0.0
0.0
0.0
0.0
0.0
0.0
0.0
0.0
0.0
0.0
0.0
0.0
0.0
0.0
0.0
0.0
0.0
0.0
0.0
0.0
0.0
0.000178476685242
0.000269196465945
0.0
0.00415574775698
0.0
0.0
0.0
0.0
0.0
0.000321942904079
0.0
0.00414869488253
0.0
0.0
0.0
0.0
0.0
0.0
0.0
0.00266035429952
0.0
0.0
0.0
0.0
0.0
0.0
0.0
0.00332460657718
0.0
0.0
0.0
0.0
0.0
0.0
0.0
0.00210790060893
0.0
0.0
0.0
0.0
0.0034516525004
0.0
0.0
0.0
0.0
0.0
0.0
0.0
0.0
0.0
0.0
0.0
0.0
0.0
0.0
0.0
0.0
0.0
0.0
0.0
0.0
0.0
0.0
0.0
0.0
0.0
0.0
0.0
0.0
0.0
0.0
0.0
0.0
0.0
0.0
0.0
0.0
0.0
0.0
0.0
0.0
0.0
0.0
0.0
0.0
0.0
0.0
0.0
0.0
0.0
0.0
0.0
0.0
0.0
0.0
0.0
0.0
0.0
0.0
0.0
5.74009399938e-05
5.74009399938e-05
5.74009399938e-05
5.74009399938e-05
5.74009399938e-05
5.74009399938e-05
5.74009399938e-05
5.74009399938e-05
0.0
0.0
0.0
0.0
0.0
0.0
0.0
0.0
0.0
0.0
0.0
0.0
0.0
0.0
0.0
0.0
0.0
0.0
0.0
0.0
0.0
0.0
0.0
0.0
0.0
0.0
0.0
0.0
0.0
0.0
0.0
0.0
0.0
0.0
0.0
0.0
0.0
0.0
0.0
0.0
0.0
0.0
-0.000352283944867
-0.000352283944867
0.0
0.0033917489465
0.0033917489465
-0.000352283944867
-0.000227503360953
-0.000227503360953
0.0
0.0
0.0
0.0
0.0
0.0
0.0
0.0
-0.00540443845681
0.0
0.0
-0.00535817899314
0.00012597579761
-0.0042236176674
0.0
0.0
0.0
0.0
0.0
0.00104426421859
0.00227736413582
0.00226133052608
0.0
0.0
0.00141383817861
0.0
0.0
0.000110089257021
0.00110927055694
0.000843926496502
0.0
0.0
0.0
0.0
0.0
0.00172322472693
0.00151556382046
0.000949159894841
0.0
0.0
0.0
0.0
0.0
0.000116385256042
0.00024052965858
0.00139449110095
0.0
0.0
0.000257214503566
0.0
0.0
0.00041781405683
0.0
0.000433058010013
0.0
0.0
0.0
0.0
0.0
9.43717670068e-05
0.0
0.00290780097175
0.0
0.0
0.0
0.0
0.0
0.0
0.0
-0.000679613966566
0.0
0.0
0.0
0.0
0.00176136005906
0.00729390242673
0.00349136806238
0.0
0.0
0.00405412750533
-0.000227503360953
-0.000227503360953
0.00646770620789
0.0
0.0
0.00608272252235
0.0
0.010925046056
-0.000227503360953
-0.000227503360953
0.0
0.00146483116956
0.0
0.00380655581963
0.0
0.0107016849622
0.00323865721338
-0.000227503360953
0.0
0.0
0.0
0.0032248359995
0.0
0.0
0.0
-0.000227503360953
0.00782317657236
0.00145835137887
0.0
0.0
0.0
0.0
0.0
0.0
0.0
0.0
0.0
0.0
0.0
0.0
0.0
0.0
0.0
0.0
0.0
0.0
-0.00020982794886
0.0
-0.000285744998993
0.0
0.0
0.0
0.0
-0.00020982794886
0.0
-0.000285744998993
-0.000285744998993
0.0
0.0
-0.000285744998993
0.0
0.0
0.0
0.0
0.0
0.0
0.0
0.0
0.0
9.1886260426e-05
0.00378716477518
-0.000285744998993
0.0
0.00385575423439
-0.000285744998993
0.0
0.00149566685974
0.00149566685974
0.00320991922072
-0.000285744998993
0.0
0.0
0.0
-0.000285744998993
-0.000285744998993
0.0
0.0108950382316
-0.000285744998993
0.0
0.0
0.0
0.0094667716093
0.0
-0.000285744998993
-0.000285744998993
-0.000285744998993
0.0
0.0
0.0
0.0
-0.000285744998993
0.0
-0.000215264487151
0.0
0.00569180018511
0.0
-0.000208256995604
0.000272271269616
0.000227159850004
0.0052023993271
0.00459561511111
0.00912568369982
0.0
0.00352885994618
0.00352885994618
0.00368093782307
0.00248258030121
0.00465908984483
0.0
0.0
0.0
0.00602365975475
0.010756688758
0.00773508578961
0.00397759818396
0.0116204538586
0.0
0.0
0.000240724944127
0.000279274445835
0.000268657223577
0.000213245766031
0.000243377296162
0.000243377296162
0.0
0.0
0.0
-0.000227503360953
0.0
0.0
0.0
0.00352885994618
0.0
0.0
0.00646836867816
0.0
0.00426425558917
0.00608175778665
0.00736230657051
0.00602365975475
0.0
0.0
0.0
0.0
-0.000227503360953
0.0
0.0
0.0
0.0
0.0
0.00500173134846
0.0
0.00547883595431
0.00250102316213
0.00133421580028
0.0
0.0
0.0
0.0
0.0
0.0
0.00496936064488
-0.000227503360953
0.000267982958559
0.0
0.0
-0.000227503360953
-0.000227503360953
0.0
0.0
-0.000227503360953
0.00353397201414
0.0
0.0
0.0
0.00908528957872
0.00773508578961
0.00397759818396
0.0
0.00325577193993
0.0
0.0116204538586
-0.000227503360953
-0.000227503360953
0.010756688758
0.0
0.0
-0.000227503360953
0.0
-0.000227503360953
0.0116204538586
0.0
0.0
0.0
0.0
-0.000227503360953
0.0
-0.000227503360953
0.0
0.0
-0.000227503360953
-0.000227503360953
-0.000227503360953
0.0
0.0
0.0
0.0
0.0
0.0
0.0
0.0
0.0
0.0
0.0
0.000382243627212
0.0
0.0
0.00124511377402
0.00239800716764
0.0
0.0
0.0
0.0
0.0
0.00248258030121
0.0
-0.000227503360953
0.000148521818817
0.0
0.0
-0.000227503360953
0.00352885994618
0.00352885994618
-0.000227503360953
0.0
0.00353397201414
0.0
0.0
0.0
0.00352885994618
0.0
-0.000227503360953
0.0
0.00325577193993
0.0
0.0116204538586
-0.000227503360953
0.00773508578961
0.0
0.0
0.0
-0.000227503360953
0.0
-0.000227503360953
0.0116204538586
0.0
0.0116204538586
-0.000227503360953
0.010756688758
0.0
0.0
-0.000227503360953
0.0
0.0
0.0
-0.000227503360953
-0.000227503360953
0.0
0.0
0.0
0.0
0.0
0.0
0.0
0.0
0.0
0.0
0.0
0.0
0.0
0.0
0.0
0.0
0.0
0.0
0.0
0.0
0.0
0.0
0.0
0.0
0.0
0.0
0.0
0.0
0.0
0.0
0.0
0.0
0.0
0.0
0.0
0.0
0.0
0.0
0.0
0.0
0.0
0.0
0.0
0.0
0.0
0.0
0.0
0.0
0.0
2.14672145181e-06
0.000119259167809
-0.000120026514863
-9.94588686449e-05
-0.000111214829006
0.0
0.0
0.0
0.000260542142189
0.000262971814455
0.00024143649882
0.000281544213474
0.000221525179394
0.0
0.0
0.0
0.000314368706668
0.000378501469913
0.000232674932575
0.000269584209093
0.000260894967848
0.0
0.0
0.0
0.0
0.0
0.0
0.0
0.0
0.0
0.0
0.0
0.0
0.0
0.0
0.0
0.0
0.0
0.0
0.0
0.0
0.0
0.0
0.0
0.0
0.0
0.0
0.0
0.0
0.0
0.0
0.0
0.0
0.0
0.0
0.0
0.0
0.0
0.0
0.0
0.0
0.0
0.0
0.00457031114472
-7.37577474627e-05
0.000141375010819
-5.05521822575e-05
-2.22530811286e-05
-0.000211355444814
0.00023881154764
-8.72883632871e-05
0.00533776771587
0.00018873071164
0.00020571406839
0.000267241172218
0.000239285935468
0.00035047581251
0.000237591646912
0.000170072309939
0.00411975001438
0.000284088162585
0.000407203185943
0.000297355923295
0.000291000414718
0.000328097655011
0.000239900862015
0.000326035165289
0.00434865365185
0.000270417042625
0.000294785336903
0.000324728355181
0.000384422338702
0.000199386798945
0.000319617806493
0.000274896659813
0.000249005287157
0.00692020913418
0.00201561896768
0.0
0.0
0.0
0.0
0.000782560226157
0.0
0.000480332606665
0.000480332606665
0.000480332606665
0.000284088162585
0.000384317031335
0.000223105466556
0.000235368759601
0.000289581978862
-0.000227503360953
0.00322087369682
0.00393765308157
-0.000227503360953
0.0
-0.000227503360953
0.0
0.00352885994618
0.0
0.0
0.00251696887023
-0.000227503360953
-0.000227503360953
-0.000227503360953
0.0
-0.000227503360953
0.0
0.0
0.00602365975475
0.0
0.0
0.00773508578961
0.00602365975475
0.00773508578961
0.010756688758
0.0
0.0
-0.000227503360953
-0.000227503360953
-0.000227503360953
0.0
-0.000227503360953
-0.000227503360953
0.00397759818396
-0.000227503360953
0.00602365975475
-0.000227503360953
0.010756688758
0.00908528957872
0.00773508578961
0.010756688758
0.0
0.0
-0.000227503360953
-0.000227503360953
-0.000227503360953
0.0
-0.000227503360953
0.0
0.0
0.00248258030121
0.00602365975475
0.00352885994618
0.0116204538586
-0.000227503360953
0.0
0.0
0.0
-0.000769406518649
-0.000902252090741
0.0
0.0
0.000217372611808
0.0
-0.00548961357533
0.0
0.0
-0.000227503360953
0.0
0.0
0.0
0.0
-0.0114561847438
0.0
0.0
-0.0114561847438
0.0
0.0
0.0
-0.0114561847438
0.0
0.0
0.0
0.0
0.0
0.0
0.0
0.0
-0.0461723678025
0.0
0.0
0.0
-0.0019713788505
0.0
-0.00228600293667
0.0
0.0
0.0
0.0
-0.000352283944867
0.0
0.0
0.0
0.0
0.0
0.0
0.0
0.0
0.0
0.0
0.0
0.0
-0.216718129873
-0.019909510233
-0.195421293125
0.0
0.0
0.0
0.0
0.0
0.0
0.0
0.0
0.0
0.0
0.0
-0.000672456175571
-0.000930501746454
0.0
0.0
0.0
0.0
0.0
0.0
0.0
0.0
-0.096468686262
-0.0325689199139
-0.0629954002422
0.0
0.0
0.0
0.0
0.0
0.0
0.0
0.0
0.0
0.0
0.0
-0.0276138753367
-0.0421420539604
0.000389509839079
0.0
0.0
0.0
0.0
0.0
0.0
0.0
0.0
0.0
0.0
0.0
0.0
0.0
0.0
0.0
9.0442665275e-05
0.000247945513311
6.90272493267e-05
0.0
0.0
0.0
0.0
0.0
0.0
0.0
0.0
0.0
0.000229698621729
0.0
0.000229698621729
0.0
0.000187286063189
0.0
0.0
0.0
0.0
0.0
0.0
0.0
0.0
0.00182151289067
0.00162449075445
0.00151023630264
0.000957899381888
0.000665976893652
0.000421035594839
0.000580826251464
0.0
0.0
0.0
0.0
0.0
0.0
0.0
0.0
0.0
0.0
0.0
0.0
0.0
0.0
0.0
0.0
0.0
0.0
0.0
0.0
0.0
0.0
0.0
0.0
-0.00232654482873
0.000150416740525
-0.000753658692471
-0.00263162310672
-0.00263162310672
0.000261584215954
-0.000753658692471
0.000150416740525
0.0
0.0
0.0
0.0
0.0
0.0
0.0
0.0
-0.000459659070036
0.000936365263825
-0.00311973214123
-0.000779643552067
-0.000886016654712
-0.00229436416034
-0.00438391181599
0.000917998328542
0.0
0.0
0.0
0.0
0.0
0.0
0.0
0.0
0.000899773145747
0.00113517516053
-0.00590742143817
0.0010414443009
2.36903621469e-05
-0.000137847243921
-0.00583293087339
0.00139095961976
0.0
0.0
0.0
0.0
0.0
0.0
0.0
0.0
0.000230209532251
0.000259635250123
0.000171490401755
0.000196473307648
0.000233868128502
0.000158236763013
0.000150011900821
0.000267932102742
0.0
0.0
0.0
0.0
0.0
0.0
0.0
0.0
-0.00488874912834
0.000286534660957
0.000281091437526
0.000281091437526
0.000224206438743
0.000314337979966
0.000224084244714
0.000220002929991
0.0
0.0
0.0
0.0
0.0
0.0
0.0
0.0
0.000630431751549
0.000511070219956
0.000534913520886
0.000425071097643
0.000227040456122
0.0
0.0
0.0
0.0
0.0
0.0019696398357
0.0014490635586
0.00108591791567
0.0
0.0
0.0
0.0
0.0
0.0
0.0
0.0
0.0
0.0
0.0
0.0
0.0
0.0
0.0
0.0
0.00242014214947
0.00150414645913
0.0011538925972
0.0
0.0
0.0
0.0
0.0
0.0
0.0
0.0
0.0
0.0
0.000108055845691
-1.52262470062e-05
0.00099709845394
-0.0016965634371
0.000288556362282
-0.00148767040843
0.0
0.0
3.66505038304e-05
4.72715526282e-05
-0.0187750358389
-0.0283313145603
-0.00140072089959
-0.0208057768603
0.0
0.0
0.0
0.0
-0.0250410023602
-0.00828938525818
-0.016106260792
-0.0447593342037
0.0
0.0
0.0
0.0
0.0
3.47217939903e-05
0.000837808913392
-0.000685931174685
0.0
0.0
0.0
0.0
0.0
0.0
-0.000983284510561
-0.00128036613672
0.0
0.0
-0.00173797769423
0.00187075806425
-0.118778551319
0.0
0.0
0.0
0.0
0.0
0.0
0.0
0.0
0.0
0.0
0.0
0.0
0.0
0.0
0.0
0.0
0.0
0.0
0.0
0.0
0.0
0.0
0.0
0.0
0.0
0.0
0.0
0.0
0.0
0.0
0.0
0.0
0.0
0.0
-0.0367590438419
-0.0369974502877
-0.0322857825613
-0.0322857825613
-0.0322857825613
-0.0322857825613
-0.0322857825613
-0.0322857825613
-0.0322857825613
0.0
0.0
0.0
0.0
0.0
0.0
0.0
0.0
0.0
0.0
0.0
0.0
0.0
2.84066290934e-05
-0.0398097199563
-0.0530413666956
-0.0669749020465
-0.0707895049
-0.070797819853
-0.070797819853
-0.070797819853
-0.070797819853
-0.070797819853
-0.070797819853
0.0
0.0
0.0
0.0
0.0
0.0
0.0
0.0
0.0
0.0
0.0
0.0
0.0
0.0
0.0
0.0
0.0
0.0
0.0
0.0
0.0
0.0
0.0
0.0
0.0
0.0
0.0
0.0
0.0
0.0
0.000165682556872
0.0
0.000155487287333
0.00032416614394
0.000276261771036
0.000254094311692
0.000311778639888
0.000220530548403
0.000142098209066
9.945376065e-05
0.0
0.0
0.0
0.0
0.0
-0.000906750473141
-0.000906750473141
0.0
0.0
0.0
0.00640529486645
0.0
0.0
0.0
0.0
0.0
0.0
0.0
-0.000315829043812
0.0
0.0
-0.000266215709385
-0.00176660952791
9.59045444775e-05
-0.0119145340989
-0.0119145340989
0.0
-0.0119145340989
-0.000187699911722
-0.00610090484398
-0.00976420441638
-0.0111836282062
-0.00185979062699
0.000217213952254
-0.000364694511498
-0.00323791366862
-0.00433460395852
0.00011363102295
-0.000470518328298
0.000683225641073
-0.00433460395852
-0.00433460395852
0.0
-0.00433460395852
0.00049402537419
0.00076527595892
1.49430721365e-05
0.000624650676771
0.0
0.0
0.0
0.0
0.0
0.000133627629546
0.00200851630992
0.00124464459081
0.000184693408311
0.0
0.000221546708556
0.0
-0.0045410625686
0.000257214503566
0.00017974007431
0.000230082136902
0.0
0.0
0.0
0.0
0.0
0.000109553939051
0.0024401819389
0.00117202406865
0.00421432710799
0.00370654700437
-0.0106984655944
-0.0104185594185
0.00484345894235
0.00491585022199
0.00380517734105
-0.0109703918707
0.0
0.0014540375455
-0.00176236538066
-0.00154896856876
-0.0188172087464
-0.00594470660178
-0.158463436168
0.00421432710799
0.0
0.000645342122027
0.000453133001121
0.000515166073925
0.000727104456295
0.00740879647397
0.00583969772478
-0.000167850423121
0.0
0.000267694001721
0.000373127774765
0.000407458920712
0.000283570930831
0.000424347560463
0.00391724901843
0.000109943690739
0.0
0.000139275168882
0.0
0.000291740109783
-0.00129946445441
0.000299033579219
0.00623159178267
0.0
0.00640529486645
-0.0019934634251
0.00015313875924
0.000143114517369
0.000160598135364
0.000160344657406
0.00638509221739
0.00843994436894
0.0
0.0
0.0
0.0
0.0
0.00640529486645
0.0
0.0
0.0
0.0
0.0
0.0
0.0
0.0
0.0
0.0
0.00136121662006
0.00574491915733
0.00035718007224
0.00470013862349
0.00447305468215
0.00605155768984
0.00470013862349
0.00136121662006
0.00421432710799
-0.00634367617732
-0.17525361224
0.00421432710799
0.001252268031
-0.17525361224
0.00421432710799
0.00421432710799
0.0
0.0
0.0
0.0
-0.00356015468697
-0.000645366134582
-0.0320974921397
-0.038601775465
0.0
0.000142254736366
0.00611008610719
7.61224219466e-05
0.000210971935482
0.00616393283094
0.0
7.61224219466e-05
0.0
8.49445982186e-05
0.00639642921171
0.00640529486645
0.00638707179789
7.51897968144e-05
0.0
0.00640529486645
0.0
0.000177274687865
0.00636928759274
0.00636671685265
0.00640529486645
0.0
0.00640529486645
0.00012342062435
0.0
0.0
0.00640529486645
0.00640529486645
0.00640529486645
0.00640529486645
0.0
0.00640529486645
-0.00615810177951
0.00180896144931
-0.000906307544684
0.00387362865857
0.000563537390593
1.45759940974e-05
-0.00107069438915
-0.00256993389737
-0.0570168861223
-0.0849140146017
-0.00438384443643
-0.108471710129
-0.0203211464792
-0.0304815069102
-0.0390605036092
-0.0562735053393
-0.00191543356705
-0.0013264353653
0.000244153495968
0.0
0.0
0.0
0.0
0.0
0.000224051014314
0.000224051014314
0.000155965676101
0.0001773037064
0.000241907095068
0.000232860702918
0.000259523027846
0.000259523027846
0.00776541971795
0.00796678901021
0.00687803033455
-0.156929539738
-0.00120273520135
0.00798247951511
0.00718873150174
-0.0729482024013
-0.00117369015461
-0.00187115674773
-0.158513796326
0.00555100609791
-0.156624359804
-0.0501756260828
-0.210848700942
0.0
0.0
0.00640529486645
0.0
0.0
0.0
0.0
0.0
0.00640529486645
0.000860850044611
-0.000214814596533
-0.0033482525246
-0.000630607910267
-0.00440774068962
-0.00592080993243
-0.00282820253912
0.0
0.0
-0.00109182953688
0.00124505086969
0.00200133898449
-0.00164923360723
-0.042440190487
-0.0729709335779
-0.0673526224264
0.0
0.0
-0.216718129873
-0.216718129873
0.0
-0.0013264353653
-0.216718129873
-0.216718129873
0.0105691346255
0.0105691346255
0.0105691346255
0.0
0.0
0.0
0.0105691346255
0.0
0.0105691346255
0.0
0.0
0.0
0.0
0.0085099135623
0.0085099135623
0.0
-0.000953345896669
0.0
0.0
-0.0021384299665
0.0
0.0085099135623
0.0085099135623
0.0
0.0
0.0
0.0
0.00640529486645
0.0
0.0
0.0
0.0
0.0
0.0
0.0
0.0
0.0
0.0
0.0
0.0
0.000860850044611
-0.000214814596533
-0.0514369643499
-0.00210920277882
-0.000547626785028
-0.00573108411775
-0.00377055412285
0.0
0.0
-0.00108706845034
0.00022702200516
-0.00393798416863
-0.0689908852417
0.00223835743808
-0.0676848150417
-0.055959346254
0.0
0.0
-0.216718129873
-0.216718129873
-0.216718129873
-0.216718129873
0.0
-0.216718129873
0.0105691346255
0.0105691346255
0.0105691346255
0.0
0.00691507222338
0.0
0.0105691346255
0.0
0.0105691346255
0.0
0.0
0.0
-0.0021384299665
0.00640529486645
0.00640529486645
0.0
-0.000953345896669
0.0
0.0
0.00927606904913
0.0
0.0
0.0
0.0
0.0
0.0
0.0
0.0
0.0
0.0
0.0
0.0
0.0
0.0
0.0
0.0
0.0
0.0
0.0
0.0
0.00217725583455
0.00222106509003
0.00221059496722
0.00219212012295
0.000225208753138
0.000225208753138
0.000225208753138
0.000225208753138
0.00327379073391
0.00328375374948
0.00328019746108
0.00329225870682
0.0044439593376
0.0044439593376
0.0044439593376
0.0044439593376
0.000148007891502
0.000218691129877
0.000167031458136
0.000253823957796
0.000188300112735
0.000188300112735
0.000188300112735
0.000188300112735
0.000269566524518
0.000261903808
0.000293410735145
0.000248787176372
0.000359199313636
0.000359199313636
0.000359199313636
0.000359199313636
0.0
0.0
0.0
4.91041574783e-05
0.00180762787527
0.0
0.0
0.0
0.000190458411998
0.000160534011444
0.000259243325482
0.00191967167968
0.00129765642072
0.0
0.0
0.0
0.000181471458329
0.0002216614216
0.000150817654502
0.000148881371759
0.000178702360561
0.0
0.0
0.0
0.000254946822106
0.000217043300591
0.000150749078109
0.000168814856018
0.000170549451973
0.0
0.0
0.0
0.000225208753138
0.0
0.0
0.0
0.0
0.0
0.000438879238248
0.000251688311276
0.00443676814836
0.000199986411466
0.000219167434137
0.000220229545885
0.000776948291264
0.00400204789792
0.0041730306085
0.0043822625961
0.000268442398956
0.000160138754453
0.000138689742092
0.000147628834524
0.00015049253692
0.000254088954405
9.74750683615e-05
0.000268442398956
0.000365802068148
0.000314368706668
0.000232613603566
0.000181948028481
0.000280825872658
0.000335752195305
0.000217253612184
0.000342667450792
0.0
0.0
0.0
0.0
0.00212515247363
0.00200791112976
0.00129029479515
0.000934187239272
0.000187829347393
0.000136330772839
0.000190869886592
0.00310063486752
0.00251770904857
0.00207490305971
0.0016625243061
0.00119668750008
0.000164370073433
0.000263533543763
0.000210095166973
0.00021145510534
0.000161781294357
0.000180188084159
0.00170739585501
0.00115997004294
0.000256901350838
0.000200407619055
0.000202745348781
0.000200413154529
0.000228677250039
0.000323547863157
0.0021594936272
0.00130878613947
0.000274182834502
0.000256247750475
-0.000419807858625
-0.00113892178882
-0.00225524488562
-0.0011664198756
-0.00475244934616
-0.00103444458876
-0.00648203024381
-0.00393294799754
0.0
0.0
0.0
0.0
-0.121955983314
0.0
0.000136835546
5.06016064063e-05
4.96190013276e-05
0.000256901350838
0.000200407619055
0.000247370351382
0.000188811553044
0.00024863530692
8.0581380314e-05
-0.000208184513469
-0.000214553312899
-1.27256302368e-05
0.00274803638199
-0.0001370016364
-0.000687834077069
0.0
0.000734595155566
-0.000581145261379
-0.00124056577691
-0.00073822881622
-0.00190058262653
-0.000502568084367
0.0
0.0
0.00927606904913
0.0105691346255
0.0
0.0
0.0
0.0
0.0
0.0
0.0
0.0
0.0
0.0
0.0
0.0
0.0
0.0
0.0
0.0
0.0
0.0
0.0
0.0
0.0
0.0
0.0
0.0
0.0
0.0
0.0
0.0
0.0
0.0
0.0
0.0
0.0
0.0
0.0
0.0
0.0
0.0
0.000242261146732
0.000278697121853
0.000159543868231
0.000190574922488
0.00012952660302
-0.000785460693108
0.000210553159756
-0.000785460693108
-0.0098622959387
0.00421432710799
-0.000834807745603
-0.136750555813
0.0
0.0
0.0
0.0
-0.00335827121404
0.0
0.0
-0.00335827121404
0.0
-0.011462933621
-0.011462933621
-0.00335827121404
-0.011462933621
-0.011462933621
0.0
0.0
0.0
0.0
0.0
0.0
-0.00439072603821
-0.030669935773
-0.0319590605433
-0.028609720011
-0.0234801355029
-0.0053294395406
-0.0219642022276
-0.00411459934967
-0.084653579674
-0.0122652282253
-0.0720220646302
-0.0486829963541
-0.115536477049
-0.115536477049
-0.115536477049
-0.115536477049
