0.0
0.0
0.0
0.0
0.0
0.0
0.0
0.0
-0.00288004533562
-3.88794899053e-16
0.0154379729407
1.88737914186e-15
1.11022302463e-16
-5.01443504775e-17
-2.22044604925e-16
2.76471553984e-16
0.0773135855066
0.210966736772
0.0
2.60208521397e-18
-4.33680868994e-19
-5.42101086243e-20
0.00590925197292
0.00343823223335
-4.23516473627e-22
2.11758236814e-22
-5.29395592034e-23
-3.30872245021e-24
8.27180612553e-25
-2.06795153138e-25
2.58493941423e-26
-3.23117426779e-27
1.61558713389e-27
0.00252575892187
-1.26217744835e-29
-7.88860905221e-31
0.0
0.0
0.0
0.0
1.20370621524e-35
0.0
0.0
0.0
5.51012976948e-40
1.01019045774e-39
-1.83670992316e-40
0.000728609213609
3.03104242249e-05
0.0
0.0
0.0
0.0
0.0
0.0
0.0
0.0
0.0
0.0
0.0
0.0
0.0
0.0
0.0
0.0456909330912
0.0426352206917
0.0272490453665
0.000256907360997
0.0
0.0
0.0
0.0
0.0
0.0
0.0
0.0
0.0539367491231
0.0
0.0539367491231
0.0
0.0299686354134
0.0
0.0
0.0
0.0
0.0
0.0
0.0
0.0
0.0
0.0
0.0
0.0
0.00373947571812
0.00373947571812
-0.000550157057644
0.0
0.0
0.0
0.0
0.0
0.0
0.0
0.0
0.0
0.0
0.0
0.0
0.0
0.0
0.0
0.0
0.0
0.0
0.0
0.0
0.0
0.0
0.0
0.0
0.0
0.0
0.0280360382941
0.0
0.0
0.0125732888838
0.0280360382941
0.0
0.0
0.0
0.0
0.0
0.0
0.0
0.0
0.0
-0.000143619183371
0.0
0.00361730223631
-0.000143619183371
-0.000143619183371
0.0
0.000460009245957
0.0
0.0
0.0
0.0
0.0
0.0
0.0
0.0
0.0
0.00351849394583
0.0
0.00136865420733
0.00321596591752
0.00392270303987
0.0
0.00455973436102
0.0
0.0
0.0
0.0
0.0
0.0
0.0
0.0
0.0
0.00395192106552
0.0
0.00350970434594
0.00484325355537
0.00388174762234
0.0
0.00458926230311
0.0
0.0
0.0
0.0
0.0
0.0
0.0
0.0
0.0
0.00455973436102
0.0
0.00494012359643
0.00571657930544
0.00197037421045
0.0
0.00197037421045
0.0
0.0
0.0
0.0
0.0
0.0
0.0
0.0
0.0
0.0107102902821
0.0113827212276
0.0146006168114
0.0182942421346
0.0197699566166
0.0
0.0
0.0
0.0
0.0
0.00878855755499
0.0150747837185
0.0198112016002
0.0
0.0
0.0
0.0
0.0
0.0
0.0
0.0
0.0
0.0
0.0
0.0
0.0
0.0
0.0
0.0
0.0
0.0
0.0
0.0
0.0
0.0
0.0
0.0
0.0
0.0
0.0
0.0
0.0
0.0
0.0
0.00115690197355
0.00177978560706
0.0
0.0232941274257
0.0
0.0
0.0
0.0
0.0
0.00226868537787
0.0
0.0243391738932
0.0
0.0
0.0
0.0
0.0
0.0
0.0
0.0159172859967
0.0
0.0
0.0
0.0
0.0
0.0
0.0
0.0156112379993
0.0
0.0
0.0
0.0
0.0
0.0
0.0
0.0135676395713
0.0
0.0
0.0
0.0
0.0448059667411
0.0
0.0
0.0
0.0
0.0
0.0
0.0
0.0
0.0
0.0
0.0
0.0
0.0
0.0
0.0
0.0
0.0
0.0
0.0
0.0
0.0
0.0
0.0
0.0
0.0
0.0
0.0
0.0
0.0
0.0
0.0
0.0
0.0
0.0
0.0
0.0
0.0
0.0
0.0
0.0
0.0
0.0
0.0
0.0
0.0
0.0
0.0
0.0
0.0
0.0
0.0
0.0
0.0
0.0
0.0
0.0
0.0
0.0
0.0
-0.000200644166277
-0.000200644166277
-0.000200644166277
-0.000200644166277
-0.000200644166277
-0.000200644166277
-0.000200644166277
-0.000200644166277
0.0
0.0
0.0
0.0
0.0
0.0
0.0
0.0
0.0
0.0
0.0
0.0
0.0
0.0
0.0
0.0
0.0
0.0
0.0
0.0
0.0
0.0
0.0
0.0
0.0
0.0
0.0
0.0
0.0
0.0
0.0
0.0
0.0
0.0
0.0
0.0
0.0
0.0
0.0
0.0
0.0
0.0
-0.0032710147583
-0.0032710147583
0.0
0.0148813047785
0.0148813047785
-0.0032710147583
-0.00288004533562
-0.00288004533562
0.0
0.0
0.0
0.0
0.0
0.0
0.0
0.0
-0.000627088404805
0.0
0.0
-0.000647689721139
-0.0121344426854
-0.000324170964896
0.0
0.0
0.0
0.0
0.0
0.0101509265733
0.0166326562646
0.0201258375858
0.0
0.0
0.00548576640012
0.0
0.0
-0.000329954082784
-0.00221872282097
0.000834422315071
0.0
0.0
0.0
0.0
0.0
0.00186733875668
0.00283909580612
0.00513175063197
0.0
0.0
0.0
0.0
0.0
-0.000398272456357
-0.000745940300257
-0.000441840281722
0.0
0.0
-0.000997361702516
0.0
0.0
0.00367143946922
0.0
0.00412942828445
0.0
0.0
0.0
0.0
0.0
-0.000320801608844
0.0
0.0264994554689
0.0
0.0
0.0
0.0
0.0
0.0
0.0
-0.00243951019016
0.0
0.0
0.0
0.0
0.0276433583184
0.12692518804
0.017785439352
0.0
0.0
0.0575030886289
-0.00288004533562
-0.00288004533562
0.0461084296262
0.0
0.0
0.0613523400968
0.0
0.180496318551
-0.00288004533562
-0.00288004533562
0.0
0.00910525764156
0.0
0.0285661443634
0.0
0.148428316664
0.0239745336342
-0.00288004533562
0.0
0.0
0.0
0.0236845404281
0.0
0.0
0.0
-0.00288004533562
0.129621652537
0.0144341512049
0.0
0.0
0.0
0.0
0.0
0.0
0.0
0.0
0.0
0.0
0.0
0.0
0.0
0.0
0.0
0.0
0.0
0.0
-0.00286142560172
0.0
-0.00336592944905
0.0
0.0
0.0
0.0
-0.00286142560172
0.0
-0.00336592944905
-0.00336592944905
0.0
0.0
-0.00336592944905
0.0
0.0
0.0
0.0
0.0
0.0
0.0
0.0
0.0
0.000728609213609
0.0284736742236
-0.00336592944905
0.0
0.0286857127705
-0.00336592944905
0.0
0.0240550607893
0.0240550607893
0.023497364277
-0.00336592944905
0.0
0.0
0.0
-0.00336592944905
-0.00336592944905
0.0
0.144630951644
-0.00336592944905
0.0
0.0
0.0
0.168354660376
0.0
-0.00336592944905
-0.00336592944905
-0.00336592944905
0.0
0.0
0.0
0.0
-0.00336592944905
0.0
-0.00284276686164
0.0
0.110705682279
0.0
-0.00285571155848
0.00192597307476
0.00249956709942
0.040273609716
0.0458324765905
0.137420897627
0.0
0.0587634599683
0.0587634599683
0.0720246612485
0.0348973369534
0.0464876092383
0.0
0.0
0.0
0.0458451384012
0.148863485904
0.131370002757
0.0773135855066
0.210966736772
0.0
0.0
0.00218286698885
-0.000823509271079
0.00548231771299
0.00601556429423
0.0062733183807
0.0062733183807
0.0
0.0
0.0
-0.00288004533562
0.0
0.0
0.0
0.0587634599683
0.0
0.0
0.0450558693834
0.0
0.0746344247149
0.0457674699417
0.0906908770879
0.0458451384012
0.0
0.0
0.0
0.0
-0.00288004533562
0.0
0.0
0.0
0.0
0.0
0.033349583977
0.0
0.052836142836
0.0423504563821
0.00659172488477
0.0
0.0
0.0
0.0
0.0
0.0
0.092832203564
-0.00288004533562
0.00549419359694
0.0
0.0
-0.00288004533562
-0.00288004533562
0.0
0.0
-0.00288004533562
0.0162318922038
0.0
0.0
0.0
0.106485917603
0.131370002757
0.0773135855066
0.0
0.022266669009
0.0
0.210966736772
-0.00288004533562
-0.00288004533562
0.148863485904
0.0
0.0
-0.00288004533562
0.0
-0.00288004533562
0.210966736772
0.0
0.0
0.0
0.0
-0.00288004533562
0.0
-0.00288004533562
0.0
0.0
-0.00288004533562
-0.00288004533562
-0.00288004533562
0.0
0.0
0.0
0.0
0.0
0.0
0.0
0.0
0.0
0.0
0.0
0.00250143193714
0.0
0.0
0.0204097027445
0.0142430612538
0.0
0.0
0.0
0.0
0.0
0.0348973369534
0.0
-0.00288004533562
0.00780246346733
0.0
0.0
-0.00288004533562
0.0587634599683
0.0587634599683
-0.00288004533562
0.0
0.0162318922038
0.0
0.0
0.0
0.0587634599683
0.0
-0.00288004533562
0.0
0.022266669009
0.0
0.210966736772
-0.00288004533562
0.131370002757
0.0
0.0
0.0
-0.00288004533562
0.0
-0.00288004533562
0.210966736772
0.0
0.210966736772
-0.00288004533562
0.148863485904
0.0
0.0
-0.00288004533562
0.0
0.0
0.0
-0.00288004533562
-0.00288004533562
0.0
0.0
0.0
0.0
0.0
0.0
0.0
0.0
0.0
0.0
0.0
0.0
0.0
0.0
0.0
0.0
0.0
0.0
0.0
0.0
0.0
0.0
0.0
0.0
0.0
0.0
0.0
0.0
0.0
0.0
0.0
0.0
0.0
0.0
0.0
0.0
0.0
0.0
0.0
0.0
0.0
0.0
0.0
0.0
0.0
0.0
0.0
0.0
0.0
-0.00170406422614
-0.00157166862124
-0.00226060567213
-0.00189722527494
-0.00202889603182
0.0
0.0
0.0
0.00142025795802
0.00128694051017
0.000904952400116
0.000835937803007
-5.39126304923e-05
0.0
0.0
0.0
0.00622152537265
0.00530267105669
0.00213077686706
0.00163392130317
0.00124763851002
0.0
0.0
0.0
0.0
0.0
0.0
0.0
0.0
0.0
0.0
0.0
0.0
0.0
0.0
0.0
0.0
0.0
0.0
0.0
0.0
0.0
0.0
0.0
0.0
0.0
0.0
0.0
0.0
0.0
0.0
0.0
0.0
0.0
0.0
0.0
0.0
0.0
0.0
0.0
0.0
0.0
0.0
0.0216071819205
-0.00208229889436
-0.000874672044346
-0.00170803384242
-0.00171730973324
-0.00286431505626
0.000311932532616
-0.00130938435909
0.0322574955771
-9.43642329722e-05
0.000671510716682
0.00132424967364
0.00140464875213
0.00189018873106
0.00169311805723
-2.49060429684e-05
0.0269430873357
0.00520109875873
0.00569187708677
0.00341094727098
0.00230067644546
0.00196416108367
0.000866464765874
0.00175001240914
0.0255853156151
0.00416623763997
0.00374115636695
0.00337956897213
0.00253076396248
0.000594240893984
0.00226592948679
0.00151097360516
0.00252634277632
0.0411653759076
0.0291092811954
0.0
0.0
0.0
0.0
0.0024321130899
0.0
0.00520882624096
0.00520882624096
0.00520882624096
0.00520109875873
0.00554400780818
0.00369949643347
0.00337439301403
0.00555843124147
-0.00288004533562
0.0223615447592
0.0766019404952
-0.00288004533562
0.0
-0.00288004533562
0.0
0.0587634599683
0.0
0.0
0.0309335396015
-0.00288004533562
-0.00288004533562
-0.00288004533562
0.0
-0.00288004533562
0.0
0.0
0.0458451384012
0.0
0.0
0.131370002757
0.0458451384012
0.131370002757
0.148863485904
0.0
0.0
-0.00288004533562
-0.00288004533562
-0.00288004533562
0.0
-0.00288004533562
-0.00288004533562
0.0773135855066
-0.00288004533562
0.0458451384012
-0.00288004533562
0.148863485904
0.106485917603
0.131370002757
0.148863485904
0.0
0.0
-0.00288004533562
-0.00288004533562
-0.00288004533562
0.0
-0.00288004533562
0.0
0.0
0.0348973369534
0.0458451384012
0.0587634599683
0.210966736772
-0.00288004533562
0.0
0.0
0.0
0.00564338429266
0.00627400544583
0.0
0.0
-0.000481153068224
0.0
-0.000331384918801
0.0
0.0
-0.00288004533562
0.0
0.0
0.0
0.0
0.0111762325826
0.0
0.0
0.0111762325826
0.0
0.0
0.0
0.0111762325826
0.0
0.0
0.0
0.0
0.0
0.0
0.0
0.0
0.0338386857402
0.0
0.0
0.0
-0.00278388447804
0.0
-0.00217177738947
0.0
0.0
0.0
0.0
-0.0032710147583
0.0
0.0
0.0
0.0
0.0
0.0
0.0
0.0
0.0
0.0
0.0
0.0
0.0168741156898
0.00147472554038
0.0146290660635
0.0
0.0
0.0
0.0
0.0
0.0
0.0
0.0
0.0
0.0
0.0
-0.00112310432572
-0.00520629973628
0.0
0.0
0.0
0.0
0.0
0.0
0.0
0.0
-0.000252287638417
-0.0018005835504
-9.3804883178e-05
0.0
0.0
0.0
0.0
0.0
0.0
0.0
0.0
0.0
0.0
0.0
-0.00757807377964
-0.00470721334412
-0.00130025821583
0.0
0.0
0.0
0.0
0.0
0.0
0.0
0.0
0.0
0.0
0.0
0.0
0.0
0.0
0.0
0.000646466935155
0.00166860488464
0.000256907360997
0.0
0.0
0.0
0.0
0.0
0.0
0.0
0.0
0.0
0.00182093830047
0.0
0.00182093830047
0.0
-0.00077840513309
0.0
0.0
0.0
0.0
0.0
0.0
0.0
0.0
-0.00920369972961
-0.00615559711033
-0.00623396545688
-0.00397395603986
-0.0030653897218
-0.00172021342687
-0.00233924109281
0.0
0.0
0.0
0.0
0.0
0.0
0.0
0.0
0.0
0.0
0.0
0.0
0.0
0.0
0.0
0.0
0.0
0.0
0.0
0.0
0.0
0.0
0.0
0.0
-0.00153739418893
0.000623309546774
-0.0011577274021
-0.00198081392523
-0.00198081392523
-0.00310946087168
-0.0011577274021
0.000623309546774
0.0
0.0
0.0
0.0
0.0
0.0
0.0
0.0
-0.00533803159236
-0.00450388933121
-0.00558543575665
-0.00424544570124
-0.00423096121784
-0.00570272442527
-0.0064189428992
-0.00437887716378
0.0
0.0
0.0
0.0
0.0
0.0
0.0
0.0
-0.0104448098239
-0.00739801172679
-0.00707036716657
-0.0084640714694
-0.00710834964489
-0.00646943355772
-0.00744444047573
-0.0053138613215
0.0
0.0
0.0
0.0
0.0
0.0
0.0
0.0
0.00310744324091
0.00178421130817
-0.00011562134782
0.00245238096348
0.00153364755093
-0.000117666932944
3.3931316645e-05
0.000477029291173
0.0
0.0
0.0
0.0
0.0
0.0
0.0
0.0
-0.00705199161312
0.00390631857213
0.00197950197502
0.00197950197502
0.00164990637806
0.00494012359643
0.00249689805299
0.000923818976887
0.0
0.0
0.0
0.0
0.0
0.0
0.0
0.0
-0.00279119688565
-0.00156673803115
-0.000577300462542
0.00012385445778
0.000677199666194
0.0
0.0
0.0
0.0
0.0
-0.00757432622724
-0.00502217361934
-0.00291271913497
0.0
0.0
0.0
0.0
0.0
0.0
0.0
0.0
0.0
0.0
0.0
0.0
0.0
0.0
0.0
0.0
-0.00869698878561
-0.00613507094717
-0.00440819230943
0.0
0.0
0.0
0.0
0.0
0.0
0.0
0.0
0.0
0.0
-0.000189338707509
-0.00062709113926
-0.00935284589893
-0.00659171285439
-0.00437806940784
-0.00424626639974
0.0
0.0
-0.000106458792968
-0.000294306354796
-0.00660922915396
-0.00725361008914
-0.00320477151231
-0.00147289201033
0.0
0.0
0.0
0.0
-0.00793682080633
-0.00186578606459
-0.00285412913506
0.00391569964138
0.0
0.0
0.0
0.0
0.0
-0.000102264798681
-0.00908733007238
-0.00571256683504
0.0
0.0
0.0
0.0
0.0
0.0
-0.00751347196954
-0.00419617173638
0.0
0.0
0.000122771966253
-0.00594077756921
-0.000963038579677
0.0
0.0
0.0
0.0
0.0
0.0
0.0
0.0
0.0
0.0
0.0
0.0
0.0
0.0
0.0
0.0
0.0
0.0
0.0
0.0
0.0
0.0
0.0
0.0
0.0
0.0
0.0
0.0
0.0
0.0
0.0
0.0
0.0
0.0
-0.0109492015311
-0.0100408734051
-0.010544883675
-0.010544883675
-0.010544883675
-0.010544883675
-0.010544883675
-0.010544883675
-0.010544883675
0.0
0.0
0.0
0.0
0.0
0.0
0.0
0.0
0.0
0.0
0.0
0.0
0.0
-0.000152275438738
-0.009215676893
-0.00611840252165
-0.00504711833056
-0.00457201282797
-0.00457316104983
-0.00457316104983
-0.00457316104983
-0.00457316104983
-0.00457316104983
-0.00457316104983
0.0
0.0
0.0
0.0
0.0
0.0
0.0
0.0
0.0
0.0
0.0
0.0
0.0
0.0
0.0
0.0
0.0
0.0
0.0
0.0
0.0
0.0
0.0
0.0
0.0
0.0
0.0
0.0
0.0
0.0
-0.000505312455204
0.0
0.000555285092205
0.00302092846608
0.00479494633632
0.00548064437025
0.00295149550509
0.00188794030112
-4.00714619366e-05
0.00144644644005
0.0
0.0
0.0
0.0
0.0
-0.00309271209322
-0.00309271209322
0.0
0.0
0.0
0.00302299157432
0.0
0.0
0.0
0.0
0.0
0.0
0.0
-0.00154351920624
0.0
0.0
-0.00153109938344
-0.00302936458196
-0.00208228649921
-0.00329431236325
-0.00329431236325
0.0
-0.00329431236325
-0.00928922347332
-0.00855473167277
-0.0072818864132
-0.00602888943492
-0.00246598023519
-0.00178668909263
-0.00191317415521
-0.00149440769
-0.0011254676985
-0.000434543012462
-0.0050324028798
-0.00325742092092
-0.0011254676985
-0.0011254676985
0.0
-0.0011254676985
-0.00793173369617
-0.00664648799465
-0.00731102390872
-0.00529198891903
0.0
0.0
0.0
0.0
0.0
-0.000496136304361
-0.00966116394394
-0.00469136172439
-0.000551714436743
0.0
-0.000533627357028
0.0
-0.00163623999848
-0.000997361702516
-0.000439768858889
-0.000938129260555
0.0
0.0
0.0
0.0
0.0
-0.000398180075888
-0.00895993713113
-0.00426382366448
0.00580967708412
0.00460147928259
0.0100619169497
-0.00016368829259
-0.00880394766406
-0.0089148910134
0.00496087291903
-0.00308255746812
0.0
0.00038508150628
0.0127261752526
0.00650992145163
0.0035041820637
-0.000181891229917
0.0118947037592
0.00580967708412
0.0
-0.00119118013396
0.000562034912723
0.000554804450458
-0.000223598193829
-0.0146153373696
0.00221222072729
-0.000222891742922
0.0
-0.000877796091002
0.000967188018818
0.00116368536881
0.00726941598136
-0.00183623138492
0.000340558261394
-0.000152089155298
0.0
-0.000256247169532
0.0
0.00260974293673
0.0296349417489
0.00263621253753
0.00310573288975
0.0
0.00302299157432
0.0402271993775
0.00060091008936
0.000285626182174
0.00049950891727
0.000334648205527
0.00299959848084
-0.0168310033469
0.0
0.0
0.0
0.0
0.0
0.00302299157432
0.0
0.0
0.0
0.0
0.0
0.0
0.0
0.0
0.0
0.0
-0.00262396860801
0.00237228213793
-0.000594456416032
-0.000497163378039
-0.00073677696556
0.00256274158932
-0.000497163378039
-0.00262396860801
0.00580967708412
-7.44618997469e-05
0.0132021955229
0.00580967708412
0.00458918742164
0.0132021955229
0.00580967708412
0.00580967708412
0.0
0.0
0.0
0.0
-0.000556443833363
-0.00860178953024
-0.00176832991227
-0.00237507281961
0.0
-0.000489920864429
0.00298443534514
-0.000312956419561
-0.000775127588965
0.00303655832183
0.0
-0.000312956419561
0.0
0.000235300864119
0.00302199886445
0.00302299157432
0.00301976559045
8.40709469555e-05
0.0
0.00302299157432
0.0
0.000372081675316
0.00303446531041
0.00306615761406
0.00302299157432
0.0
0.00302299157432
0.000528414178553
0.0
0.0
0.00302299157432
0.00302299157432
0.00302299157432
0.00302299157432
0.0
0.00302299157432
-0.00299810812737
-0.0115863731731
-0.0020229223328
0.00201778634767
-0.00978082238157
-0.00802047338924
-0.00586580282609
-0.00502009393397
0.00322416086519
0.00563369822034
0.0228548935515
0.00850596539398
-0.00702740365106
-0.00393731844577
-0.000860339286426
0.00219595866436
0.0355226179524
0.0325795809239
0.00805580980055
0.0
0.0
0.0
0.0
0.0
0.00163014029811
0.00163014029811
6.6458348095e-05
-0.000863803530645
0.00125691008961
0.000999306542476
0.0014595139683
0.0014595139683
-0.0248687457113
-0.0255284674995
-0.013033974722
0.0122932668826
0.00429798589586
-0.0255068146138
-0.0171904993075
0.00571463534455
0.0164877216698
0.0281346832126
0.01268080973
-0.000936867566394
0.0123583231605
0.00441542871283
0.0163039114095
0.0
0.0
0.00302299157432
0.0
0.0
0.0
0.0
0.0
0.00302299157432
-0.00453396571098
-0.007223977071
-0.00585343132484
-0.00803697860801
-0.00326788190461
-0.00198819364217
-0.000998309992681
0.0
0.0
-0.0128282574602
-0.0141440235755
-0.0124254447298
0.00337634817867
0.00129232121903
0.00455530006531
0.00461040390417
0.0
0.0
0.0168741156898
0.0168741156898
0.0
0.0325795809239
0.0168741156898
0.0168741156898
-0.0340816166343
-0.0340816166343
-0.0340816166343
0.0
0.0
0.0
-0.0340816166343
0.0
-0.0340816166343
0.0
0.0
0.0
0.0
-0.0170809126511
-0.0170809126511
0.0
0.0227194219815
0.0
0.0
0.0420576372106
0.0
-0.0170809126511
-0.0170809126511
0.0
0.0
0.0
0.0
0.00302299157432
0.0
0.0
0.0
0.0
0.0
0.0
0.0
0.0
0.0
0.0
0.0
0.0
-0.00453396571098
-0.007223977071
-0.00195912840108
0.00552083410613
-0.00836453801046
-0.00227252469627
-0.00122098897337
0.0
0.0
-0.0127652321445
-0.0127439648921
0.00937569069584
0.00291234279837
-0.00197453510088
0.00415296855408
0.00321175806374
0.0
0.0
0.0168741156898
0.0168741156898
0.0168741156898
0.0168741156898
0.0
0.0168741156898
-0.0340816166343
-0.0340816166343
-0.0340816166343
0.0
-0.000316447954689
0.0
-0.0340816166343
0.0
-0.0340816166343
0.0
0.0
0.0
0.0420576372106
0.00302299157432
0.00302299157432
0.0
0.0227194219815
0.0
0.0
-0.0254892034214
0.0
0.0
0.0
0.0
0.0
0.0
0.0
0.0
0.0
0.0
0.0
0.0
0.0
0.0
0.0
0.0
0.0
0.0
0.0
0.0
-0.00856826736665
-0.00867316665038
-0.0087141939089
-0.00866178274142
-0.000807520212919
-0.000807520212919
-0.000807520212919
-0.000807520212919
-0.017164276951
-0.0172200124323
-0.0172380791192
-0.0170962585916
-0.0227756039278
-0.0227756039278
-0.0227756039278
-0.0227756039278
-0.00106678268963
-0.000884286685829
-0.00109361092696
-0.000945288263419
-0.000996077226676
-0.000996077226676
-0.000996077226676
-0.000996077226676
0.000531458487939
-0.000193217893583
0.00091488668236
-0.000549566629937
0.00161331254781
0.00161331254781
0.00161331254781
0.00161331254781
0.0
0.0
0.0
-0.000144624643936
-0.00673152034757
0.0
0.0
0.0
-0.000447605651246
-0.000583517442138
-0.00094797290013
-0.00722816462081
-0.00476118294818
0.0
0.0
0.0
0.000630559564822
0.00103424570048
-7.11842411521e-05
-0.000306254274783
-0.000181017488175
0.0
0.0
0.0
0.00452541591954
0.00313552312262
0.000220533138281
-3.31221981531e-05
0.000278980043058
0.0
0.0
0.0
-0.000807520212919
0.0
0.0
0.0
0.0
0.0
-0.00162907027204
-0.000877537586387
-0.0227502754097
-0.000810181967011
-0.00080304264613
-0.000966182869208
-0.00343151364297
-0.0198698205831
-0.0211443467752
-0.0223689445104
-0.000885493685861
-0.00019660921192
5.22659293466e-05
-0.000172183284425
-0.000411255454323
-0.000511813498527
-0.000619746947034
-0.000885493685861
0.00145860587709
0.00622152537265
0.00334808257895
0.00248163499438
0.00220918505441
0.00153561523039
-0.000440557671185
0.0013435448898
0.0
0.0
0.0
0.0
-0.00860886619187
-0.00710423848595
-0.00562093489852
-0.0038474360181
-0.000902223322251
-0.000845902844213
-0.000799520579259
-0.0125437520816
-0.00994638641873
-0.0084729275869
-0.00606946216635
-0.00598171451514
-0.000103437640907
0.00133339223928
0.00090359084284
-6.28589428466e-05
-0.000258656354697
-0.000849608207624
-0.00703416712417
-0.00463578908529
0.00491759505815
0.00279278757196
0.000898115629943
0.000164150931849
-0.000160817154687
-0.000937938324157
-0.00735497965524
-0.00512130373306
0.003289287297
7.9520267688e-05
-0.00961678787238
-0.00693962609429
-0.0055318498056
-0.00280973413518
-0.00122147234221
-0.00118706228899
-0.00157264110636
-0.00112000011376
0.0
0.0
0.0
0.0
0.012866555341
0.0
-0.000486782616095
-0.000420202660669
-0.000606134171552
0.00491759505815
0.00279278757196
0.00406630418364
0.00153889078862
0.00459599077385
-0.00104687664141
-0.00125121762752
-0.00123033977195
-0.000823001130135
-0.00593943177725
-0.0011661926361
0.0160835141092
0.0
0.00334845110932
0.00949375373178
-0.00296722201048
-0.00192740040216
-0.00134936391619
-0.000960377350095
0.0
0.0
-0.0254892034214
-0.0340816166343
0.0
0.0
0.0
0.0
0.0
0.0
0.0
0.0
0.0
0.0
0.0
0.0
0.0
0.0
0.0
0.0
0.0
0.0
0.0
0.0
0.0
0.0
0.0
0.0
0.0
0.0
0.0
0.0
0.0
0.0
0.0
0.0
0.0
0.0
0.0
0.0
0.0
0.0
0.00499478573515
0.00604258220843
0.000370262160674
0.000653445803473
-7.61512305951e-05
0.00671397191831
-0.000624940368263
0.00671397191831
-0.000261563742334
0.00580967708412
0.00494341000226
0.00761602381954
0.0
0.0
0.0
0.0
-0.00351727399448
0.0
0.0
-0.00351727399448
0.0
0.0121793084748
0.0121793084748
-0.00351727399448
0.0121793084748
0.0121793084748
0.0
0.0
0.0
0.0
0.0
0.0
-0.00706327098433
-0.00762959586523
-0.00192148932287
-0.00178142206682
-0.00609250606777
-0.0040445553724
-0.00644368049334
0.00198122476517
-0.000390673133174
-0.00533775599515
-0.000981758204408
-0.00562179420988
-0.00184765059039
-0.00184765059039
-0.00184765059039
-0.00184765059039
