0.0
0.0
0.0
0.0
0.0
0.0
0.0
0.0
0.000730441524831
-7.762887555e-17
4.42354486374e-17
-4.16333634234e-17
-2.60208521397e-17
8.67361737988e-18
-1.34874750257e-16
-8.15320033709e-17
0.000820520613446
8.15320033709e-17
-8.23993651089e-18
5.20417042793e-17
1.45716771982e-16
-5.55111512313e-17
-2.22044604925e-16
1.11022302463e-16
2.77555756156e-17
-1.38777878078e-17
-8.67361737988e-19
-1.08420217249e-19
0.0
0.0
0.0
1.32348898008e-23
0.0
0.0
0.0
8.07793566946e-28
0.0
6.31088724177e-30
0.0
0.0
0.0
-1.92592994439e-34
0.0
0.0
9.40395480658e-38
0.0
1.83670992316e-40
1.14794370197e-41
7.17464813734e-43
-4.48415508584e-44
-1.54142831076e-44
2.80259692865e-45
-8.40779078595e-45
2.80259692865e-45
2.10194769649e-45
-3.50324616081e-46
-1.75162308041e-45
-1.12103877146e-44
0.0
1.12103877146e-44
7.00649232162e-46
-6.30584308946e-45
-1.40129846432e-45
-2.80259692865e-45
-3.50324616081e-46
0.0
0.0
0.0
0.0
0.0
0.0
0.0
0.0
0.0
0.0
0.0
0.0
0.0
0.0
0.0
0.0
0.0
0.0
0.0
0.0
0.0
0.0
0.0
0.0
0.0
0.0
0.0
0.0
0.0
0.0
0.0
0.0
0.0
0.0
0.0
0.0
0.0
0.0
0.0
0.0
0.0
0.0
0.0
0.0
0.0
0.0
0.0
0.0
0.0
0.0
0.0
0.0
0.0
0.0
0.0
0.0
0.0
0.0
0.0
0.0
0.0
0.0
0.0
0.0
0.0
0.0
0.0
0.0
0.0
0.0
0.0
0.0
0.0
0.0
0.0
0.0
0.0
0.0
0.0
0.0
0.0
0.0
0.0
0.0
0.0
0.0
0.0
0.0
0.0
0.0
0.0
0.0
0.0
0.0
0.0
0.0
0.0
0.0
0.0
0.0
0.0
0.0
0.0
0.0
0.0
0.0
0.0
0.0
0.0
0.0
0.0
0.0269767927702
0.0
0.0
0.0
0.0269767927702
0.0
0.0269767927702
0.0
0.0
0.0
0.0
0.0
0.0
0.0
0.0
0.0
0.0
0.0
0.0
0.0
0.0
0.0
0.0
0.00100706952605
-0.014991692885
0.0
-0.014991692885
-0.014991692885
0.0
-0.014991692885
0.0
0.0
0.0
0.0
0.0
0.0
0.0
0.0
0.0
0.0
0.0
0.0
0.0
0.0
0.0
0.0
0.0
0.0
0.0
0.0
0.0
0.0
0.0
0.0
0.0
0.0
0.0
0.0
0.0
0.0
0.0
0.0
0.0
0.0
0.0
0.0
0.0
0.0
0.0
0.0
0.0
0.0
0.0
-0.0569885304572
0.0
0.0
0.0
0.0
0.0
0.0
0.0
-0.00132819394006
0.0
0.0247648958043
0.0
-0.00132819394006
0.0
0.0247648958043
0.0
0.0
0.0
0.0
0.0
0.0
0.0
0.0
0.0
0.0
0.0
0.0
0.0
0.0
0.0
0.0
0.0
0.0
0.0
0.0
0.0
0.0
0.0
0.0
0.0
0.0
0.0
0.0
0.0
0.0
0.0
0.0
0.0
0.0
0.0
0.0
0.0
0.0
0.0
0.0
0.0
0.0
0.0
0.0
0.0
0.0
0.0
0.0
0.0
0.0
0.0
0.0
0.0
0.0
0.0
0.0
0.0
0.0
0.0
0.0
0.0
0.0
0.0
0.0
0.0
0.0
0.0
0.0
0.0
0.0
0.0
0.0
0.0
0.0
0.0
0.0
0.0
0.0
0.0
5.77640778913e-05
0.0
0.0
0.0
0.0
0.0
0.0
0.0
0.0
0.0
0.0
0.0
0.0
0.0
0.0
0.0
0.0
0.0
0.0
0.0
0.0
0.0
0.0
0.0
0.0
0.0
0.0
0.0
0.0
0.0
0.0
0.0
0.0
0.0
0.0
0.0
0.0
0.0
0.0
0.00086148720966
0.0
0.0
0.0
0.0
0.0
0.0
0.0
0.0
0.0
0.0
0.0
0.0
0.0
0.0
0.0
0.0
0.0
0.0
0.0
0.0
0.0
0.0
0.0
0.0
0.0
0.0
0.0
0.0
-2.00471092827e-05
0.0
0.0
0.0
0.0
-0.234525288026
-0.234525288026
0.0
0.0
-0.00232935893516
-0.00189949386613
0.0
0.0
0.0
0.0
0.0
0.0
0.0
0.0
0.0
0.0
0.0
0.0247648958043
0.0247648958043
0.0
0.0
0.0
0.0
0.0
0.0
0.00444017569055
0.0110657276855
0.0144482139157
0.0
0.0
0.0
0.0
0.0
0.0
0.0
0.0
0.0
0.0
0.0
0.0
0.0
0.0
0.0
0.0
0.0
0.0
0.0
0.0
0.0
0.000801151200195
0.0
0.0
0.0
0.0
0.0
0.0
0.0
0.0
0.0
0.0
0.0
0.0
0.0
0.0
0.0
0.0
0.0
0.0
0.0
0.0
0.0
0.0
0.0
0.0
0.0
0.0
0.0
0.0
0.0
0.0
0.0
0.0
0.0
0.0
0.0
0.0
0.0
0.0
0.0
0.0
0.0
0.0
0.0
0.0
0.0
0.0
0.0
0.0
0.0
0.0
0.0
0.0
0.0
0.0
0.0
0.0
0.0
0.0
0.0
0.0
0.0
0.0
0.0
0.0
0.0
0.0
0.0
0.0
0.0
0.0
0.0
0.0
0.0
0.0
0.0
0.0
0.0
0.0
0.0
0.0
0.0
0.0
0.0
0.0
0.0
0.0
0.0
0.0
0.0
0.0
0.0
0.0
0.0
0.0
0.0
0.0
0.0
0.0
0.0
0.0
0.0
0.0
0.0
0.0
0.0
0.0
0.0
0.0
0.0
0.0
0.0
0.0
0.0
0.0
0.0
0.0
0.0
0.0
0.0
0.0
0.0
0.0
0.0
0.0
0.0
0.0
0.0
0.0
0.0
0.0
0.0
0.0
0.0
0.0
0.0
0.0
0.0
0.0
0.0
0.0
0.0
0.0
0.0
0.0
0.0
0.0
0.0
0.0
0.0
0.0
0.0
0.0
0.0
0.0
0.0
0.0
0.0
0.0
0.0
0.0
0.0
0.0
0.0
0.0
0.0
0.0
0.0
0.0
0.0
0.0
0.0
0.0
0.0
0.0
0.0
0.0
0.0
0.0
0.0
0.0
0.0
0.0
0.0
0.0
0.0
0.0
0.0
0.0
0.0
0.0
0.0
0.0
0.0
0.0
0.0
0.0
0.0
0.0
0.0
0.0
0.0
0.0
0.0
0.00133202246333
0.0
0.0
0.0
0.0
0.0
0.0
0.0
0.0
0.0
0.0
0.0
0.0
0.0
0.0
0.0
0.0
0.0
0.0
0.0
0.0
0.0
0.0
0.0
0.0
0.0
0.0
0.0
0.0
0.0
0.0
0.0
0.0
0.0
0.0
0.0
0.0
0.0
0.00227296025968
0.00320732645874
0.00404162945525
0.0
0.0
0.0
0.0
0.0
0.0
0.0
0.0
0.0
4.90222782259e-05
0.0
0.0
0.0166066244717
0.0166066244717
0.0
-0.345444220813
-0.345444220813
-0.345444220813
0.00074758408217
0.0
-0.00210247479115
0.0
-0.00557397761895
-0.00557397761895
-0.00557397761895
-0.00557397761895
0.00147396197139
0.00137070170234
-0.00018580396936
0.00199107690992
-0.0006155840671
-0.000140173299824
0.00239138342649
0.000833402350852
0.0
0.0
0.0116070624821
0.0
0.0047163187105
0.00498347886545
0.0157284990043
0.0075362233574
-7.29343485095e-05
-0.0111234654159
0.0
0.0
0.0
0.0
0.0
0.0
-1.41717235104e-05
-0.0138048013691
0.000119028909266
0.0
0.0
0.0
0.0
0.0
-0.0111234654159
-8.91092600077e-05
0.0
0.0
0.0
0.0
0.0
0.0
0.0
0.0
0.0
0.0
0.0
0.0
0.0
0.0
0.0
0.0
0.0
0.0
0.0
0.0
0.0
0.0
0.0
0.0
0.0
0.0
0.0
0.0
0.0
0.0
0.0138949893505
0.0
0.0138949893505
0.0
0.0
0.0
0.0
0.0
0.0
0.0
0.0
0.0
0.0
0.0
0.0
0.0
0.0
0.0
0.0
0.0
0.0
0.0
0.0
0.0
0.0
0.0
0.0
0.0
0.0
0.0
0.0
0.0
0.0
0.0
0.0
0.0
0.0
0.0
0.0
0.0
0.0
0.0
0.0
0.0
0.0
0.0
0.0
0.0
0.0
-6.27986547285e-05
4.19917001977e-06
0.000247303009462
-0.00786793186199
-0.00375070721954
2.75400467909e-05
0.0
0.0
0.0
0.0
0.0
0.0
0.0
0.0235182464464
0.0
0.00285742463515
0.00779458910864
0.0
0.0
0.0
-0.10202033331
0.0
0.0
0.0
0.0
-0.00759366496217
-0.00586290353608
0.0
0.0
0.0
0.0
-0.00282623740493
-0.00448560002165
-0.00366188816967
-0.000682928529425
0.0
0.0
0.0
0.0
0.0445956147999
0.0
0.0
0.0
0.0
0.00825175324584
0.00825175324584
0.00825175324584
0.0449037388445
0.0449037388445
0.0371830987805
0.0100902764216
0.0
0.0
0.0
0.0
0.0
0.0
0.0
0.0
0.0
0.0
0.0
0.0
0.0
0.0
0.0
0.0
0.0
0.0
0.0
0.0
0.0
0.0
0.0
0.0
0.0
0.0
0.0
0.0
0.0
0.0
0.0
0.0
0.0
0.0
0.0
0.0
0.0
0.0
0.0
0.0
0.0
0.0
0.0
0.0
0.0
0.0
0.0
0.0
0.0
0.0
0.0
0.0
0.0
0.0
0.0
0.0
0.0
0.0
0.0
0.0
0.0
0.0
0.0
0.0
0.0
0.0
0.0
0.0
0.0
0.0
0.0
0.0
0.0
0.0
0.0
0.0
0.0
0.0
0.0
0.0
0.0
0.0
0.0
0.0
0.0
0.0
0.0
0.0
0.0
0.0
0.0
0.0
-0.0013647225607
0.0
0.0
0.0
0.0
0.0
0.0
0.000782831739163
-0.00522604512158
0.0
-0.0013647225607
0.0
0.0
-0.0013647225607
0.0
0.0
0.0
0.0
0.0
0.0
0.0
0.0
0.0
0.0
0.0
0.0
0.0
0.0
0.0
0.0
0.0
0.0
0.0
0.0
0.0
0.0
0.0
0.0
0.00094026934218
0.000634719276852
0.000488466653912
0.0
0.0
0.0
0.0
0.0
0.0
0.0
0.0406956585631
0.0260336251182
9.81759921543e-05
0.0
0.0
0.0
0.0
0.0
0.0
0.0
0.0
0.0
0.0
0.0
0.0
0.0
0.0
0.0
0.0
0.0
0.0
0.0
0.0
0.0
0.0
0.0
0.0
0.0
0.0
0.0
0.0
0.0
0.0
0.0
0.0
0.0
0.0
0.0
0.0
0.0
0.0
0.0
0.0
0.0
0.0
0.0
0.0
0.0
0.0
0.0
0.0
0.0
0.0
0.0
0.0
0.0
0.0
0.0
0.0
0.0
0.0
0.0
0.0
0.0
0.0
0.0
0.0
0.0
0.0
0.0
0.0
0.0
0.0
0.0
0.0
0.0
0.0
0.0
0.0
0.0
0.0
0.0
0.0
0.0
0.0
0.0
0.0
0.0
0.0
0.0
0.0
0.0
0.0
0.0
0.0
0.0
0.0
0.0
0.0
0.0
0.0
0.0
0.0
0.0
0.0
0.0
0.0
0.0
0.0
0.0
0.0
0.0
0.0
0.0
0.0
0.0
0.0
0.0
0.0
0.0
0.0
0.0
0.0
0.0
0.0
0.0
0.0
0.0
0.0
0.0
0.0
0.0
0.0
0.0
0.0
0.0
0.0
0.0
0.0
0.0
0.0
0.0
0.0
0.0
0.0
0.0
0.0
0.0
0.0
0.0
0.0
0.0
0.0
0.0
0.0
0.0
0.0
0.0
0.0
0.0
-0.00241902481421
0.0266789957184
0.0
0.0266789957184
-0.00241902481421
0.0
-0.00241902481421
0.0
0.0
0.0
0.0
0.0
0.0
0.0
0.0
0.0
0.0
-0.00243795724434
0.0
0.0
0.0
0.0
0.0
0.00101200035298
0.0
0.00298783375773
0.0
0.0
0.0
0.0
0.0
0.0
0.0
0.0
0.0
0.0
0.0
0.0
0.0
0.0
0.0
0.0
0.0
0.0
0.0
0.0
0.0
0.0
0.0
0.0
0.0
0.0
0.0
0.0
0.0
0.0
0.0
0.0
0.0
0.0
0.0
0.0
0.0
0.0
0.0
0.0
0.0
0.0
0.0
0.0
0.0
0.0
0.0
-9.98524550188e-05
0.0
0.0
0.0
0.0
0.0
0.0
0.00839933019735
-0.000598599442463
0.00993262801389
-0.00242084237315
0.00136115585386
-0.000598599442463
-0.00216514283017
-0.00242084237315
0.0
0.0
0.0
0.0
0.0
0.0
0.0
0.0
0.0
0.0
0.00094026934218
-0.00736642845675
0.0
0.0
0.0
-0.00736642845675
0.0
0.0
0.0
0.0
0.0
0.0
0.0
0.0
0.0
0.0
0.0
0.00094026934218
-0.00736642845675
0.0
0.0
0.0
0.0
0.0
-0.00736642845675
-0.00736642845675
0.0
-0.00736642845675
0.0
0.0
0.0
0.0
0.0
0.0
0.0
0.0
0.0
0.0
0.0
0.0
0.0
0.0
0.0
0.0
0.0
0.0
0.0
0.0
0.0
0.0
0.0
0.0
0.0
0.0
0.0
0.0
0.0
0.0
0.0
0.0
0.0
0.0
0.0
0.0
0.0
0.0
0.0082384217607
0.011853181023
0.00161971010308
0.000126124344532
0.0
0.0
0.0
0.0
0.0
0.000320874000938
-0.00676619424806
0.0
0.0
0.0
0.0
0.0
0.0
0.0
0.0
0.0
0.0
0.0
0.0
0.0
0.0
0.0
0.0
0.0
0.0
0.0
0.0
0.0
0.0
0.0
0.0
0.0
0.0
0.0
0.0
0.0
-0.00181626450764
-0.000525167651247
0.00545325588042
0.0
0.0
0.0
0.0
0.0
0.0
0.0
0.0
0.0
0.0
0.0
0.0
0.0
0.0
0.0
0.0
0.0
0.0
0.0
0.0
0.0
0.0
0.0
0.0
0.0
0.0
0.0
0.0
-0.000118797966935
0.0
0.0
0.0
0.0
0.00298783375773
0.00298783375773
0.0132225031897
-0.000841208717062
-0.000371645599534
0.000295032186379
0.00663583577625
0.00553223678588
0.0
0.0
0.0
0.0
0.0
0.0
0.0
0.0
0.0
-0.00242084237315
-0.00242084237315
0.0
0.0
0.0
0.0
0.0
0.0
-0.00010056634704
0.0013733288959
0.00109836049322
0.0
0.0
0.0
0.0
-0.000419704070269
-0.000419704070269
-0.000419704070269
-0.000419704070269
-0.000419704070269
-0.000419704070269
-0.000419704070269
-0.000419704070269
0.0
0.0
0.0
0.0
0.0
0.0
0.0
0.0
0.00976370615397
0.0130536396347
-0.017514874693
0.0
0.0
0.0
0.0
0.0
0.0
0.0
0.0
0.0
0.0
0.0
0.0
0.0
0.0
0.0
0.0
0.0
0.0
0.0
0.0
0.0
0.0
0.0
0.0
2.81721076024e-05
0.0
0.0
0.0
0.0
0.0
0.0
5.76393411187e-06
2.84129696555e-05
0.0
0.0
0.0
0.0
0.0
0.0
0.0
0.0
0.0
0.0
0.0
0.0
0.0
0.0
0.0
0.0
0.0
0.0
0.0
0.0
0.0
0.0
0.0
0.0
0.0
0.0
0.0
0.0
0.0
-0.345745997688
0.0
0.0
0.0
0.0
0.0
0.0
0.0
-0.345745997688
0.0
0.0
0.0
0.0
0.0
0.0
0.0
0.0
0.0
0.0
0.0
0.0
0.0
0.0
0.0
0.0
0.0
0.0
0.0
0.0
0.0
0.0
0.0
0.0
0.0
0.0
0.0
0.0
0.0
0.0
0.0
0.0
0.0
0.0
0.0
0.0
0.0
0.0
0.0
0.0
0.0
0.0
0.0
0.0
0.0
0.0
0.0
0.0
0.0
0.0
0.0
0.0
0.0
0.0
0.0
0.0
0.0
0.0
0.0
0.0
0.0
0.0
0.0
0.0
0.0
0.0
0.0
0.0
0.0
0.0
0.0
0.0
0.0
0.0
0.0
0.0
0.0
0.0
0.0
0.0
0.0
0.0
0.0
0.0
0.0
0.0
0.0
0.0
0.0
0.0
0.0
0.0
0.0
0.0
0.0
0.0
0.0
0.0
0.0
0.0
0.0
0.0
0.0
0.0
0.0
0.0
0.0
0.0
0.0
0.0
0.0
0.0
0.0
0.0
0.0
0.0
0.0
0.0
0.0
0.0
0.0
0.0
0.0
0.0
0.0
0.0
0.0
0.0
0.0
0.0
0.000878226650808
0.00138147947938
0.0
0.0
0.0
0.0
0.0
0.0
0.0
0.0
0.0
0.0
0.0
0.0
0.0
0.0
0.0
0.0
0.0
0.0
0.0
0.0
0.0
0.0
2.34623032656e-06
3.95004346885e-07
3.95004346885e-07
3.95004346885e-07
0.0
-0.000325689551928
0.0
0.0
0.0
0.0
0.0
0.0
0.0
0.0
0.0206654754039
0.0127003444211
0.0360574641729
0.0195016370092
0.0
0.0
0.0
0.0
0.0
0.0
0.0
-0.00526108758675
0.0
0.000129056608923
0.0
-0.0376923733578
0.000131369241817
0.000131369241817
-0.00397142738045
-0.00693446038423
-0.00693446038423
-0.00693446038423
-0.0038058349352
-0.00145834921555
-0.00308033893866
-0.00112082243937
-0.0028581953745
-0.0028581953745
-0.0028581953745
-0.0028581953745
0.00236732292537
0.000363997402769
0.000679933113744
-0.00147533407728
-0.00225644825132
-0.00200193516839
0.000788647796867
0.000596330310791
-0.00122121801517
0.00194684470997
0.00859782055793
0.0
0.00239709009531
0.00239709009531
0.00392815349785
0.00240376254735
-0.000493177420823
-0.000115753607633
0.0
0.0
0.0
0.0
0.0
0.0
0.000280472685998
-0.000153830830856
-0.000345665244459
0.0
0.0
0.0
0.0
0.0
-0.000115753607633
-0.000517838537262
0.0
0.0
0.0
0.0
0.0
0.0
0.0
0.0
0.0
0.0
0.0
0.0
0.0
0.0
0.0
0.0
0.0
0.0
0.0
0.0
0.0
0.0
0.0
0.0
0.0
0.0
0.0
0.0
0.0
0.0
0.0
0.0088371114414
0.0
0.0
0.0
0.0
0.0
0.0
0.0
0.0
0.0
0.0
0.0
0.0
0.0
0.0
0.0
0.0
0.0
0.0
0.0
0.0
0.0
0.0
0.0
0.0
0.0
0.0
0.0
0.0
-0.00194990383528
-0.00182873160415
0.0
0.0
0.0
0.0
0.0
0.0
0.0
0.0
0.0
0.0
0.0
0.0
0.0
0.0
0.0
0.0
0.00050069185242
0.000422985720448
0.000214215841596
1.32699656431e-05
2.38441269717e-05
2.2691881636e-05
0.0
0.0
0.0
0.0
0.0
0.0
-0.000881364996611
0.000558633591394
-0.00197285099707
0.0
-0.00534292259129
-0.0076271324585
0.00477335732928
-0.126130494436
-0.345745997688
0.00436521377977
-0.320645956287
0.0
0.0
0.0
0.000261829243739
-0.000906888280436
0.0
0.0
0.0
0.0
0.000366585718551
-0.000210635371233
-0.000347359425436
-0.000929931282193
0.0
0.0
0.0
0.0
0.000224128846892
-0.000130668108531
0.0
0.0
0.0
0.000220824758949
0.000220824758949
0.000220824758949
0.000183138267094
0.000183138267094
0.000189135448297
0.000187149423795
0.0
0.0
0.0
0.0
0.0
0.0
0.0
0.0
0.0
0.0
0.0
0.0
0.0
0.0
0.0
0.0
0.0
0.0
0.0
0.0
0.0
0.0
0.0
0.0
0.0
0.0
0.0
0.0
0.0
0.0
0.0
0.0
0.0
0.0
0.0
0.0
0.0
0.0
0.0
0.0
0.0
0.0
0.0
0.0
0.0
0.0
0.0
0.0
0.0
0.0
0.0
0.0
0.0
0.0
0.0
0.0
0.0
0.0
0.0
0.0
0.0
0.0
0.0
0.0
0.0
0.0
0.0
0.0
0.0
0.0
0.0
0.0
0.0
0.0
0.0
0.0
0.0
0.0
0.0
0.0
0.0
0.0
0.0
0.0
0.0
0.0
0.0
0.0
0.0
0.0
0.0
0.0
0.000981883233686
0.0
0.000898443611316
0.000898443611316
0.0
-0.0199089729228
0.0
5.62705291285e-05
0.00227904146441
0.000898443611316
0.000981883233686
-0.0199089729228
0.0
0.000981883233686
-0.0199089729228
0.0
-0.0513228644407
-0.0308945733439
0.00209209753245
0.0213123171568
0.00841960098706
0.0206100688487
0.018351307842
-0.034395239625
-0.0341459894452
-0.00872029412985
0.0238792241112
-0.0531876916405
0.0
0.00178305319638
-0.0531876916405
0.0
