0.0
0.0
0.0
0.0
0.0
0.0
0.0
0.0
-0.0125444754867
9.71445146547e-17
3.33066907388e-16
-2.22044604925e-16
0.0
-1.11022302463e-16
0.0
-6.93889390391e-18
-0.00887719807422
6.50521303491e-19
0.0
-1.35525271561e-20
1.69406589451e-21
2.11758236814e-22
2.64697796017e-23
0.0
4.13590306277e-25
-5.16987882846e-26
0.0
2.01948391737e-28
-1.26217744835e-29
3.94430452611e-31
0.0
-1.54074395551e-33
0.0
0.0
0.0
5.87747175411e-39
0.0
0.0
0.0
0.0
0.0
0.0
0.0
0.0
0.0
0.0
0.0
0.0
0.0
0.0
0.0
0.0
0.0
0.0
0.0
0.0
0.0
0.0
0.0
0.0
0.0
0.0
0.0
0.0
0.0
0.0
0.0
0.0
0.0
0.0
0.0
0.0
0.0
0.0
0.0
0.0
0.0
0.0
0.0
0.0
0.0
0.0
0.0
0.0
0.0
0.0
0.0
0.0
0.0
0.0
0.0
0.0
0.0
0.0
0.0
0.0
0.0
0.0
0.0
0.0
0.0
0.0
0.0
0.0
0.0
0.0
0.0
0.0
0.0
0.0
0.0
0.0
0.0
0.0
0.0
0.0
0.0
0.0
0.0
0.0
0.0
0.0
0.0
0.0
0.0
0.0
0.0
0.0
0.0
0.0
0.0
0.0
0.0
0.0
0.0
0.0
0.0
0.0
0.0
0.0
0.0
0.0
0.0
0.0
0.0
0.0
0.0
0.0
0.0
0.0
0.0
0.0
0.0
0.0
0.0
0.0
0.0
0.0
0.0
0.0
0.0
0.0
0.0
0.0
0.0
0.0
0.0
0.0
0.0
0.0
0.0
0.0
0.0
0.0
0.0
0.0
-0.0172953797897
0.0
0.0
0.0
-0.0172953797897
0.0
-0.0172953797897
0.0
0.0
0.0
0.0
0.0
0.0
0.0
0.0
0.0
0.0
0.0
0.0
0.0
0.0
0.0
0.0
-0.0028175311892
-0.00925279100292
0.0
-0.00925279100292
-0.00925279100292
0.0
-0.00925279100292
0.0
0.0
0.0
0.0
0.0
0.0
0.0
0.0
0.0
0.0
0.0
0.0
0.0
0.0
0.0
0.0
0.0
0.0
0.0
0.0
0.0
0.0
0.0
0.0
0.0
0.0
0.0
0.0
0.0
0.0
0.0
0.0
0.0
0.0
0.0
0.0
0.0
0.0
0.0
0.0
0.0
0.0
0.0
-0.000683406993715
0.0
0.0
0.0
0.0
0.0
0.0
0.0
-0.00757223062005
0.0
-0.00904863254751
0.0
-0.00757223062005
0.0
-0.00904863254751
0.0
0.0
0.0
0.0
0.0
0.0
0.0
0.0
0.0
0.0
0.0
0.0
0.0
0.0
0.0
0.0
0.0
0.0
0.0
0.0
0.0
0.0
0.0
0.0
0.0
0.0
0.0
0.0
0.0
0.0
0.0
0.0
0.0
0.0
0.0
0.0
0.0
0.0
0.0
0.0
0.0
0.0
0.0
0.0
0.0
0.0
0.0
0.0
0.0
0.0
0.0
0.0
0.0
0.0
0.0
0.0
0.0
0.0
0.0
0.0
0.0
0.0
0.0
0.0
0.0
0.0
0.0
0.0
0.0
0.0
0.0
0.0
0.0
0.0
0.0
0.0
0.0
0.0
0.0
-0.000776100653711
0.0
0.0
0.0
0.0
0.0
0.0
0.0
0.0
0.0
0.0
0.0
0.0
0.0
0.0
0.0
0.0
0.0
0.0
0.0
0.0
0.0
0.0
0.0
0.0
0.0
0.0
0.0
0.0
0.0
0.0
0.0
0.0
0.0
0.0
0.0
0.0
0.0
0.0
-0.0127613012004
0.0
0.0
0.0
0.0
0.0
0.0
0.0
0.0
0.0
0.0
0.0
0.0
0.0
0.0
0.0
0.0
0.0
0.0
0.0
0.0
0.0
0.0
0.0
0.0
0.0
0.0
0.0
0.0
-0.000452081348201
0.0
0.0
0.0
0.0
0.000237619150937
0.000237619150937
0.0
0.0
-0.0101783807132
0.00314622051285
0.0
0.0
0.0
0.0
0.0
0.0
0.0
0.0
0.0
0.0
0.0
-0.00904863254751
-0.00904863254751
0.0
0.0
0.0
0.0
0.0
0.0
-0.00558258405421
0.0102685217781
0.0165138576242
0.0
0.0
0.0
0.0
0.0
0.0
0.0
0.0
0.0
0.0
0.0
0.0
0.0
0.0
0.0
0.0
0.0
0.0
0.0
0.0
0.0
-0.000824821026022
0.0
0.0
0.0
0.0
0.0
0.0
0.0
0.0
0.0
0.0
0.0
0.0
0.0
0.0
0.0
0.0
0.0
0.0
0.0
0.0
0.0
0.0
0.0
0.0
0.0
0.0
0.0
0.0
0.0
0.0
0.0
0.0
0.0
0.0
0.0
0.0
0.0
0.0
0.0
0.0
0.0
0.0
0.0
0.0
0.0
0.0
0.0
0.0
0.0
0.0
0.0
0.0
0.0
0.0
0.0
0.0
0.0
0.0
0.0
0.0
0.0
0.0
0.0
0.0
0.0
0.0
0.0
0.0
0.0
0.0
0.0
0.0
0.0
0.0
0.0
0.0
0.0
0.0
0.0
0.0
0.0
0.0
0.0
0.0
0.0
0.0
0.0
0.0
0.0
0.0
0.0
0.0
0.0
0.0
0.0
0.0
0.0
0.0
0.0
0.0
0.0
0.0
0.0
0.0
0.0
0.0
0.0
0.0
0.0
0.0
0.0
0.0
0.0
0.0
0.0
0.0
0.0
0.0
0.0
0.0
0.0
0.0
0.0
0.0
0.0
0.0
0.0
0.0
0.0
0.0
0.0
0.0
0.0
0.0
0.0
0.0
0.0
0.0
0.0
0.0
0.0
0.0
0.0
0.0
0.0
0.0
0.0
0.0
0.0
0.0
0.0
0.0
0.0
0.0
0.0
0.0
0.0
0.0
0.0
0.0
0.0
0.0
0.0
0.0
0.0
0.0
0.0
0.0
0.0
0.0
0.0
0.0
0.0
0.0
0.0
0.0
0.0
0.0
0.0
0.0
0.0
0.0
0.0
0.0
0.0
0.0
0.0
0.0
0.0
0.0
0.0
0.0
0.0
0.0
0.0
0.0
0.0
0.0
0.0
0.0
0.0
0.0
0.0
-0.0164342301825
0.0
0.0
0.0
0.0
0.0
0.0
0.0
0.0
0.0
0.0
0.0
0.0
0.0
0.0
0.0
0.0
0.0
0.0
0.0
0.0
0.0
0.0
0.0
0.0
0.0
0.0
0.0
0.0
0.0
0.0
0.0
0.0
0.0
0.0
0.0
0.0
0.0
-0.00325577824185
-0.0070709134908
0.00879127540254
0.0
0.0
0.0
0.0
0.0
0.0
0.0
0.0
0.0
-0.000348362592762
0.0
0.0
-0.0181066371888
-0.0181066371888
0.0
0.00193337248998
0.00193337248998
0.00193337248998
-0.0106072219524
0.0
-0.00909407226039
0.0
-0.00726735797183
-0.00726735797183
-0.00726735797183
-0.00726735797183
-0.00813267502907
-0.0117252791474
-0.0113554637343
-0.00842554159609
-0.0111208393616
-0.0126848307091
-0.00799986136011
-0.0105161169501
0.0
0.0
0.00388606062286
0.0
-0.0147840145782
-0.0142637541237
-0.00833854762113
-0.0165189388437
0.00193276885932
-0.0110783653529
0.0
0.0
0.0
0.0
0.0
0.0
-0.000517180307806
-0.0108137258817
-0.000268927528718
0.0
0.0
0.0
0.0
0.0
-0.0110783653529
0.00178761610494
0.0
0.0
0.0
0.0
0.0
0.0
0.0
0.0
0.0
0.0
0.0
0.0
0.0
0.0
0.0
0.0
0.0
0.0
0.0
0.0
0.0
0.0
0.0
0.0
0.0
0.0
0.0
0.0
0.0
0.0
0.00102313858723
0.0
0.00102313858723
0.0
0.0
0.0
0.0
0.0
0.0
0.0
0.0
0.0
0.0
0.0
0.0
0.0
0.0
0.0
0.0
0.0
0.0
0.0
0.0
0.0
0.0
0.0
0.0
0.0
0.0
0.0
0.0
0.0
0.0
0.0
0.0
0.0
0.0
0.0
0.0
0.0
0.0
0.0
0.0
0.0
0.0
0.0
0.0
0.0
0.0
0.00170925490755
-0.000696445203867
-0.00326554420042
-0.00989336068258
-0.00600663043016
-0.00186869145563
0.0
0.0
0.0
0.0
0.0
0.0
0.0
0.000797011318704
0.0
-0.00197000604252
0.0212198356661
0.0
0.0
0.0
-0.00490802642136
0.0
0.0
0.0
0.0
-0.00159637599291
-0.000926614098976
0.0
0.0
0.0
0.0
-0.0103767213098
-0.00597596834005
-0.00371956159022
-0.0025991728575
0.0
0.0
0.0
0.0
0.0270190109331
0.0
0.0
0.0
0.0
0.0251996817796
0.0251996817796
0.0251996817796
0.0264907301835
0.0264907301835
0.0199377582369
0.0199760147703
0.0
0.0
0.0
0.0
0.0
0.0
0.0
0.0
0.0
0.0
0.0
0.0
0.0
0.0
0.0
0.0
0.0
0.0
0.0
0.0
0.0
0.0
0.0
0.0
0.0
0.0
0.0
0.0
0.0
0.0
0.0
0.0
0.0
0.0
0.0
0.0
0.0
0.0
0.0
0.0
0.0
0.0
0.0
0.0
0.0
0.0
0.0
0.0
0.0
0.0
0.0
0.0
0.0
0.0
0.0
0.0
0.0
0.0
0.0
0.0
0.0
0.0
0.0
0.0
0.0
0.0
0.0
0.0
0.0
0.0
0.0
0.0
0.0
0.0
0.0
0.0
0.0
0.0
0.0
0.0
0.0
0.0
0.0
0.0
0.0
0.0
0.0
0.0
0.0
0.0
0.0
0.0
-0.00326333667566
0.0
0.0
0.0
0.0
0.0
0.0
-0.00900601545838
-0.00506916868569
0.0
-0.00326333667566
0.0
0.0
-0.00326333667566
0.0
0.0
0.0
0.0
0.0
0.0
0.0
0.0
0.0
0.0
0.0
0.0
0.0
0.0
0.0
0.0
0.0
0.0
0.0
0.0
0.0
0.0
0.0
0.0
-0.0151437748947
-0.0123227393376
-0.00578342987043
0.0
0.0
0.0
0.0
0.0
0.0
0.0
0.0243473625095
-0.0133204300202
-0.00359624306357
0.0
0.0
0.0
0.0
0.0
0.0
0.0
0.0
0.0
0.0
0.0
0.0
0.0
0.0
0.0
0.0
0.0
0.0
0.0
0.0
0.0
0.0
0.0
0.0
0.0
0.0
0.0
0.0
0.0
0.0
0.0
0.0
0.0
0.0
0.0
0.0
0.0
0.0
0.0
0.0
0.0
0.0
0.0
0.0
0.0
0.0
0.0
0.0
0.0
0.0
0.0
0.0
0.0
0.0
0.0
0.0
0.0
0.0
0.0
0.0
0.0
0.0
0.0
0.0
0.0
0.0
0.0
0.0
0.0
0.0
0.0
0.0
0.0
0.0
0.0
0.0
0.0
0.0
0.0
0.0
0.0
0.0
0.0
0.0
0.0
0.0
0.0
0.0
0.0
0.0
0.0
0.0
0.0
0.0
0.0
0.0
0.0
0.0
0.0
0.0
0.0
0.0
0.0
0.0
0.0
0.0
0.0
0.0
0.0
0.0
0.0
0.0
0.0
0.0
0.0
0.0
0.0
0.0
0.0
0.0
0.0
0.0
0.0
0.0
0.0
0.0
0.0
0.0
0.0
0.0
0.0
0.0
0.0
0.0
0.0
0.0
0.0
0.0
0.0
0.0
0.0
0.0
0.0
0.0
0.0
0.0
0.0
0.0
0.0
0.0
0.0
0.0
0.0
0.0
0.0
0.0
0.0
0.29004808172
-0.0170465941367
0.0
-0.0170465941367
0.29004808172
0.0
0.29004808172
0.0
0.0
0.0
0.0
0.0
0.0
0.0
0.0
0.0
0.0
0.131251558237
0.0
0.0
0.0
0.0
0.0
-0.00823869536484
0.0
-0.00289241986501
0.0
0.0
0.0
0.0
0.0
0.0
0.0
0.0
0.0
0.0
0.0
0.0
0.0
0.0
0.0
0.0
0.0
0.0
0.0
0.0
0.0
0.0
0.0
0.0
0.0
0.0
0.0
0.0
0.0
0.0
0.0
0.0
0.0
0.0
0.0
0.0
0.0
0.0
0.0
0.0
0.0
0.0
0.0
0.0
0.0
0.0
0.0
0.018272800288
0.0
0.0
0.0
0.0
0.0
0.0
0.00420163288836
0.0165482659844
0.00555287674576
0.289639300625
1.4874962468e-05
0.0165482659844
0.220628880065
0.289639300625
0.0
0.0
0.0
0.0
0.0
0.0
0.0
0.0
0.0
0.0
-0.0151437748947
0.0888766850574
0.0
0.0
0.0
0.0888766850574
0.0
0.0
0.0
0.0
0.0
0.0
0.0
0.0
0.0
0.0
0.0
-0.0151437748947
0.0888766850574
0.0
0.0
0.0
0.0
0.0
0.0888766850574
0.0888766850574
0.0
0.0888766850574
0.0
0.0
0.0
0.0
0.0
0.0
0.0
0.0
0.0
0.0
0.0
0.0
0.0
0.0
0.0
0.0
0.0
0.0
0.0
0.0
0.0
0.0
0.0
0.0
0.0
0.0
0.0
0.0
0.0
0.0
0.0
0.0
0.0
0.0
0.0
0.0
0.0
0.0
-0.0126454776661
-0.0122162019565
-0.00659047427844
-0.00431711669464
0.0
0.0
0.0
0.0
0.0
-0.00721261821104
-0.00456472725202
0.0
0.0
0.0
0.0
0.0
0.0
0.0
0.0
0.0
0.0
0.0
0.0
0.0
0.0
0.0
0.0
0.0
0.0
0.0
0.0
0.0
0.0
0.0
0.0
0.0
0.0
0.0
0.0
0.0
-0.00731643269418
-0.00602464434045
-0.00595306769633
0.0
0.0
0.0
0.0
0.0
0.0
0.0
0.0
0.0
0.0
0.0
0.0
0.0
0.0
0.0
0.0
0.0
0.0
0.0
0.0
0.0
0.0
0.0
0.0
0.0
0.0
0.0
0.0
-0.0030993250002
0.0
0.0
0.0
0.0
-0.00289241986501
-0.00289241986501
-0.00506146686253
0.0592090503591
0.00035093519375
-0.000988791301433
-0.0037817012411
-0.0104516190382
0.0
0.0
0.0
0.0
0.0
0.0
0.0
0.0
0.0
0.289639300625
0.289639300625
0.0
0.0
0.0
0.0
0.0
0.0
-0.00730810020604
-0.00662448961817
-0.0037093416808
0.0
0.0
0.0
0.0
0.0135379835384
0.0135379835384
0.0135379835384
0.0135379835384
0.0135379835384
0.0135379835384
0.0135379835384
0.0135379835384
0.0
0.0
0.0
0.0
0.0
0.0
0.0
0.0
0.0193750426496
0.0111944222786
0.011060534579
0.0
0.0
0.0
0.0
0.0
0.0
0.0
0.0
0.0
0.0
0.0
0.0
0.0
0.0
0.0
0.0
0.0
0.0
0.0
0.0
0.0
0.0
0.0
0.0
-0.00787841511781
0.0
0.0
0.0
0.0
0.0
0.0
-0.000418928189248
-0.00873297505516
0.0
0.0
0.0
0.0
0.0
0.0
0.0
0.0
0.0
0.0
0.0
0.0
0.0
0.0
0.0
0.0
0.0
0.0
0.0
0.0
0.0
0.0
0.0
0.0
0.0
0.0
0.0
0.0
0.0
0.0019474280551
0.0
0.0
0.0
0.0
0.0
0.0
0.0
0.0019474280551
0.0
0.0
0.0
0.0
0.0
0.0
0.0
0.0
0.0
0.0
0.0
0.0
0.0
0.0
0.0
0.0
0.0
0.0
0.0
0.0
0.0
0.0
0.0
0.0
0.0
0.0
0.0
0.0
0.0
0.0
0.0
0.0
0.0
0.0
0.0
0.0
0.0
0.0
0.0
0.0
0.0
0.0
0.0
0.0
0.0
0.0
0.0
0.0
0.0
0.0
0.0
0.0
0.0
0.0
0.0
0.0
0.0
0.0
0.0
0.0
0.0
0.0
0.0
0.0
0.0
0.0
0.0
0.0
0.0
0.0
0.0
0.0
0.0
0.0
0.0
0.0
0.0
0.0
0.0
0.0
0.0
0.0
0.0
0.0
0.0
0.0
0.0
0.0
0.0
0.0
0.0
0.0
0.0
0.0
0.0
0.0
0.0
0.0
0.0
0.0
0.0
0.0
0.0
0.0
0.0
0.0
0.0
0.0
0.0
0.0
0.0
0.0
0.0
0.0
0.0
0.0
0.0
0.0
0.0
0.0
0.0
0.0
0.0
0.0
0.0
0.0
0.0
0.0
0.0
0.0
-0.00930284988141
-0.00894643333882
0.0
0.0
0.0
0.0
0.0
0.0
0.0
0.0
0.0
0.0
0.0
0.0
0.0
0.0
0.0
0.0
0.0
0.0
0.0
0.0
0.0
0.0
-0.000209915778571
0.00587301132954
0.00587301132954
0.00587301132954
0.0
0.0267365670048
0.0
0.0
0.0
0.0
0.0
0.0
0.0
0.0
0.00897877245053
0.00533940412686
0.0250513860438
0.0147430259254
0.0
0.0
0.0
0.0
0.0
0.0
0.0
-0.00921764189456
0.0
-2.67305264251e-05
0.0
-0.0106026741219
-0.00177974369892
-0.00177974369892
-0.010843499371
0.000275907498243
0.000275907498243
0.000275907498243
0.0539905088155
0.0243261398278
0.0391771822995
0.0183757828612
0.0295164613443
0.0295164613443
0.0295164613443
0.0295164613443
0.00134241716731
-0.00792884247024
-0.00433461086168
0.00756442631925
0.0171679438252
0.0141135420835
-0.00409646065115
-0.00608121119889
0.0506663630264
0.0806760490527
0.116051809611
0.0
0.135636142485
0.135636142485
0.129243032625
0.134961422748
0.105806990018
0.0269328786944
0.0
0.0
0.0
0.0
0.0
0.0
0.00337017040352
0.00970147795242
0.0360162049015
0.0
0.0
0.0
0.0
0.0
0.0269328786944
0.127225060363
0.0
0.0
0.0
0.0
0.0
0.0
0.0
0.0
0.0
0.0
0.0
0.0
0.0
0.0
0.0
0.0
0.0
0.0
0.0
0.0
0.0
0.0
0.0
0.0
0.0
0.0
0.0
0.0
0.0
0.0
0.0
0.0113370747184
0.0
0.0
0.0
0.0
0.0
0.0
0.0
0.0
0.0
0.0
0.0
0.0
0.0
0.0
0.0
0.0
0.0
0.0
0.0
0.0
0.0
0.0
0.0
0.0
0.0
0.0
0.0
0.0
0.0314923749297
0.00398738267498
0.0
0.0
0.0
0.0
0.0
0.0
0.0
0.0
0.0
0.0
0.0
0.0
0.0
0.0
0.0
0.0
-0.00909194017869
-0.00660818736451
-0.00421615720728
-0.00244211852021
-0.00107547910957
-0.000437851985097
0.0
0.0
0.0
0.0
0.0
0.0
-0.000799440066513
0.000152001192139
0.236201923211
0.0
-0.0068034769881
-0.0110546325115
0.0265307674831
-0.000351465351494
0.0019474280551
0.00268999819325
0.00184789311896
0.0
0.0
0.0
-0.00147616215874
-0.00145197442365
0.0
0.0
0.0
0.0
-0.0103561081311
-0.0068889102483
-0.00307166826864
-0.00283746019553
0.0
0.0
0.0
0.0
-0.00791741574709
-1.83536810895e-05
0.0
0.0
0.0
-0.00802260244025
-0.00802260244025
-0.00802260244025
-0.00723904671812
-0.00723904671812
-0.00757019142706
-0.00757023396064
0.0
0.0
0.0
0.0
0.0
0.0
0.0
0.0
0.0
0.0
0.0
0.0
0.0
0.0
0.0
0.0
0.0
0.0
0.0
0.0
0.0
0.0
0.0
0.0
0.0
0.0
0.0
0.0
0.0
0.0
0.0
0.0
0.0
0.0
0.0
0.0
0.0
0.0
0.0
0.0
0.0
0.0
0.0
0.0
0.0
0.0
0.0
0.0
0.0
0.0
0.0
0.0
0.0
0.0
0.0
0.0
0.0
0.0
0.0
0.0
0.0
0.0
0.0
0.0
0.0
0.0
0.0
0.0
0.0
0.0
0.0
0.0
0.0
0.0
0.0
0.0
0.0
0.0
0.0
0.0
0.0
0.0
0.0
0.0
0.0
0.0
0.0
0.0
0.0
0.0
0.0
0.0
0.00264790141914
0.0
-0.00877534205402
-0.00877534205402
0.0
-0.0130060544279
0.0
-0.00160003240997
0.00988765130667
-0.00877534205402
0.00264790141914
-0.0130060544279
0.0
0.00264790141914
-0.0130060544279
0.0
-0.0132410773774
-0.017271676492
0.144627221021
0.012441912909
0.157178795183
0.00911444020733
-0.00336420791125
-0.0182893976049
-0.0184216637999
-0.016308874183
-0.0126923417766
-0.018287716005
0.0
0.182027335976
-0.018287716005
0.0
