0.0
0.0
0.0
0.0
0.0
0.0
0.0
0.0
0.015789210706
0.0
0.0
0.0
0.0
0.0
0.0
0.0
0.0286026770596
0.0
0.0
0.0
0.0
0.0
0.0
0.0
0.0
0.0
0.0
0.0
0.0
0.0
0.0
0.0
0.0
0.0
0.0
0.0
0.0
0.0
0.0
0.0
0.0
0.0
0.0
0.0
0.0
0.0
0.0
0.0
0.0
0.0
0.0
0.0
0.0
0.0
0.0
0.0
0.0
0.0
0.0
0.0
0.0
0.0
0.0
0.0
0.0
0.0
0.0
0.0
0.0
0.0
0.0
0.0
0.0
0.0
0.0
0.0
0.0
0.0
0.0
0.0
0.0
0.0
0.0
0.0
0.0
0.0
0.0
0.0
0.0
0.0
0.0
0.0
0.0
0.0
0.0
0.0
0.0
0.0
0.0
0.0
0.0
0.0
0.0
0.0
0.0
0.0
0.0
0.0
0.0
0.0
0.0
0.0
0.0
0.0
0.0
0.0
0.0
0.0
0.0
0.0
0.0
0.0
0.0
0.0
0.0
0.0
0.0
0.0
0.0
0.0
0.0
0.0
0.0
0.0
0.0
0.0
0.0
0.0
0.0
0.0
0.0
0.0
0.0
0.0
0.0
0.0
0.0
0.0
0.0
0.0
0.0
0.0
0.0
0.0
0.0
0.0
0.0
0.0
0.0
0.0
0.0
0.0
0.0
0.0
0.0
0.0
0.0
0.0
0.0
0.0
0.0
0.0
0.0
0.0
0.0
0.0
0.00832209101558
0.0
0.0
0.0
0.00832209101558
0.0
0.00832209101558
0.0
0.0
0.0
0.0
0.0
0.0
0.0
0.0
0.0
0.0
0.0
0.0
0.0
0.0
0.0
0.0
0.0332606052531
0.00602366160901
0.0
0.00602366160901
0.00602366160901
0.0
0.00602366160901
0.0
0.0
0.0
0.0
0.0
0.0
0.0
0.0
0.0
0.0
0.0
0.0
0.0
0.0
0.0
0.0
0.0
0.0
0.0
0.0
0.0
0.0
0.0
0.0
0.0
0.0
0.0
0.0
0.0
0.0
0.0
0.0
0.0
0.0
0.0
0.0
0.0
0.0
0.0
0.0
0.0
0.0
0.0
0.000349760996652
0.0
0.0
0.0
0.0
0.0
0.0
0.0
0.0157336930875
0.0
0.0321669081683
0.0
0.0157336930875
0.0
0.0321669081683
0.0
0.0
0.0
0.0
0.0
0.0
0.0
0.0
0.0
0.0
0.0
0.0
0.0
0.0
0.0
0.0
0.0
0.0
0.0
0.0
0.0
0.0
0.0
0.0
0.0
0.0
0.0
0.0
0.0
0.0
0.0
0.0
0.0
0.0
0.0
0.0
0.0
0.0
0.0
0.0
0.0
0.0
0.0
0.0
0.0
0.0
0.0
0.0
0.0
0.0
0.0
0.0
0.0
0.0
0.0
0.0
0.0
0.0
0.0
0.0
0.0
0.0
0.0
0.0
0.0
0.0
0.0
0.0
0.0
0.0
0.0
0.0
0.0
0.0
0.0
0.0
0.0
0.0
0.0
0.000177656379252
0.0
0.0
0.0
0.0
0.0
0.0
0.0
0.0
0.0
0.0
0.0
0.0
0.0
0.0
0.0
0.0
0.0
0.0
0.0
0.0
0.0
0.0
0.0
0.0
0.0
0.0
0.0
0.0
0.0
0.0
0.0
0.0
0.0
0.0
0.0
0.0
0.0
0.0
0.0401669969965
0.0
0.0
0.0
0.0
0.0
0.0
0.0
0.0
0.0
0.0
0.0
0.0
0.0
0.0
0.0
0.0
0.0
0.0
0.0
0.0
0.0
0.0
0.0
0.0
0.0
0.0
0.0
0.0
0.000138794046291
0.0
0.0
0.0
0.0
0.000344209234801
0.000344209234801
0.0
0.0
0.0265984910311
0.031428523842
0.0
0.0
0.0
0.0
0.0
0.0
0.0
0.0
0.0
0.0
0.0
0.0321669081683
0.0321669081683
0.0
0.0
0.0
0.0
0.0
0.0
0.00851085091854
0.027575601117
0.01810984716
0.0
0.0
0.0
0.0
0.0
0.0
0.0
0.0
0.0
0.0
0.0
0.0
0.0
0.0
0.0
0.0
0.0
0.0
0.0
0.0
0.0
0.000344209234801
0.0
0.0
0.0
0.0
0.0
0.0
0.0
0.0
0.0
0.0
0.0
0.0
0.0
0.0
0.0
0.0
0.0
0.0
0.0
0.0
0.0
0.0
0.0
0.0
0.0
0.0
0.0
0.0
0.0
0.0
0.0
0.0
0.0
0.0
0.0
0.0
0.0
0.0
0.0
0.0
0.0
0.0
0.0
0.0
0.0
0.0
0.0
0.0
0.0
0.0
0.0
0.0
0.0
0.0
0.0
0.0
0.0
0.0
0.0
0.0
0.0
0.0
0.0
0.0
0.0
0.0
0.0
0.0
0.0
0.0
0.0
0.0
0.0
0.0
0.0
0.0
0.0
0.0
0.0
0.0
0.0
0.0
0.0
0.0
0.0
0.0
0.0
0.0
0.0
0.0
0.0
0.0
0.0
0.0
0.0
0.0
0.0
0.0
0.0
0.0
0.0
0.0
0.0
0.0
0.0
0.0
0.0
0.0
0.0
0.0
0.0
0.0
0.0
0.0
0.0
0.0
0.0
0.0
0.0
0.0
0.0
0.0
0.0
0.0
0.0
0.0
0.0
0.0
0.0
0.0
0.0
0.0
0.0
0.0
0.0
0.0
0.0
0.0
0.0
0.0
0.0
0.0
0.0
0.0
0.0
0.0
0.0
0.0
0.0
0.0
0.0
0.0
0.0
0.0
0.0
0.0
0.0
0.0
0.0
0.0
0.0
0.0
0.0
0.0
0.0
0.0
0.0
0.0
0.0
0.0
0.0
0.0
0.0
0.0
0.0
0.0
0.0
0.0
0.0
0.0
0.0
0.0
0.0
0.0
0.0
0.0
0.0
0.0
0.0
0.0
0.0
0.0
0.0
0.0
0.0
0.0
0.0
0.0
0.0
0.0
0.0
0.0
0.0
0.0381683627299
0.0
0.0
0.0
0.0
0.0
0.0
0.0
0.0
0.0
0.0
0.0
0.0
0.0
0.0
0.0
0.0
0.0
0.0
0.0
0.0
0.0
0.0
0.0
0.0
0.0
0.0
0.0
0.0
0.0
0.0
0.0
0.0
0.0
0.0
0.0
0.0
0.0
0.0213354207958
0.0150952404746
0.00269815625989
0.0
0.0
0.0
0.0
0.0
0.0
0.0
0.0
0.0
6.10693803679e-05
0.0
0.0
0.0324167374516
0.0324167374516
0.0
9.43799514776e-05
9.43799514776e-05
9.43799514776e-05
0.0352647912815
0.0
0.0192590618633
0.0
0.00281474325877
0.00281474325877
0.00281474325877
0.00281474325877
0.00953792686109
0.0218184240769
0.0163943527478
0.0240391288175
0.0145456160513
0.0180043636848
0.0200029979514
0.0188648867718
0.0
0.0
0.0242389922442
0.0
0.0265041110797
0.0264430416993
0.0272980130244
0.0256158291834
4.99658566646e-05
0.0228566035431
0.0
0.0
0.0
0.0
0.0
0.0
5.55176185162e-05
0.0146844100975
5.55176185162e-05
0.0
0.0
0.0
0.0
0.0
0.0228566035431
5.55176185162e-05
0.0
0.0
0.0
0.0
0.0
0.0
0.0
0.0
0.0
0.0
0.0
0.0
0.0
0.0
0.0
0.0
0.0
0.0
0.0
0.0
0.0
0.0
0.0
0.0
0.0
0.0
0.0
0.0
0.0
0.0
0.00604586865642
0.0
0.00604586865642
0.0
0.0
0.0
0.0
0.0
0.0
0.0
0.0
0.0
0.0
0.0
0.0
0.0
0.0
0.0
0.0
0.0
0.0
0.0
0.0
0.0
0.0
0.0
0.0
0.0
0.0
0.0
0.0
0.0
0.0
0.0
0.0
0.0
0.0
0.0
0.0
0.0
0.0
0.0
0.0
0.0
0.0
0.0
0.0
0.0
0.0
5.55176185162e-05
0.000127690522587
0.00300350316173
0.0186261610122
0.00807781349411
0.00114366294143
0.0
0.0
0.0
0.0
0.0
0.0
0.0
0.0110146955136
0.0
0.00732832564414
0.0160001776564
0.0
0.0
0.0
0.00259822454656
0.0
0.0
0.0
0.0
0.00113811117958
0.000627349089233
0.0
0.0
0.0
0.0
0.0264041793663
0.0190480949129
0.00405833791354
0.0024094646436
0.0
0.0
0.0
0.0
0.0108370391344
0.0
0.0
0.0
0.0
0.0133297802057
0.0133297802057
0.0133297802057
0.0112312142258
0.0112312142258
0.01915913015
0.0193423382911
0.0
0.0
0.0
0.0
0.0
0.0
0.0
0.0
0.0
0.0
0.0
0.0
0.0
0.0
0.0
0.0
0.0
0.0
0.0
0.0
0.0
0.0
0.0
0.0
0.0
0.0
0.0
0.0
0.0
0.0
0.0
0.0
0.0
0.0
0.0
0.0
0.0
0.0
0.0
0.0
0.0
0.0
0.0
0.0
0.0
0.0
0.0
0.0
0.0
0.0
0.0
0.0
0.0
0.0
0.0
0.0
0.0
0.0
0.0
0.0
0.0
0.0
0.0
0.0
0.0
0.0
0.0
0.0
0.0
0.0
0.0
0.0
0.0
0.0
0.0
0.0
0.0
0.0
0.0
0.0
0.0
0.0
0.0
0.0
0.0
0.0
0.0
0.0
0.0
0.0
0.0
0.0
0.00112700765588
0.0
0.0
0.0
0.0
0.0
0.0
0.0139460257713
0.0052908290446
0.0
0.00112700765588
0.0
0.0
0.00112700765588
0.0
0.0
0.0
0.0
0.0
0.0
0.0
0.0
0.0
0.0
0.0
0.0
0.0
0.0
0.0
0.0
0.0
0.0
0.0
0.0
0.0
0.0
0.0
0.0
0.0304125514232
0.0148121006201
0.0146344442409
0.0
0.0
0.0
0.0
0.0
0.0
0.0
0.0129855709709
0.0127135346402
0.00829433220633
0.0
0.0
0.0
0.0
0.0
0.0
0.0
0.0
0.0
0.0
0.0
0.0
0.0
0.0
0.0
0.0
0.0
0.0
0.0
0.0
0.0
0.0
0.0
0.0
0.0
0.0
0.0
0.0
0.0
0.0
0.0
0.0
0.0
0.0
0.0
0.0
0.0
0.0
0.0
0.0
0.0
0.0
0.0
0.0
0.0
0.0
0.0
0.0
0.0
0.0
0.0
0.0
0.0
0.0
0.0
0.0
0.0
0.0
0.0
0.0
0.0
0.0
0.0
0.0
0.0
0.0
0.0
0.0
0.0
0.0
0.0
0.0
0.0
0.0
0.0
0.0
0.0
0.0
0.0
0.0
0.0
0.0
0.0
0.0
0.0
0.0
0.0
0.0
0.0
0.0
0.0
0.0
0.0
0.0
0.0
0.0
0.0
0.0
0.0
0.0
0.0
0.0
0.0
0.0
0.0
0.0
0.0
0.0
0.0
0.0
0.0
0.0
0.0
0.0
0.0
0.0
0.0
0.0
0.0
0.0
0.0
0.0
0.0
0.0
0.0
0.0
0.0
0.0
0.0
0.0
0.0
0.0
0.0
0.0
0.0
0.0
0.0
0.0
0.0
0.0
0.0
0.0
0.0
0.0
0.0
0.0
0.0
0.0
0.0
0.0
0.0
0.0
0.0
0.0
0.0
0.0
0.0
0.00799453706634
0.00795567473338
0.0
0.00795567473338
0.00799453706634
0.0
0.00799453706634
0.0
0.0
0.0
0.0
0.0
0.0
0.0
0.0
0.0
0.0
0.0336103662497
0.0
0.0
0.0
0.0
0.0
0.0267705956485
0.0
7.77246659227e-05
0.0
0.0
0.0
0.0
0.0
0.0
0.0
0.0
0.0
0.0
0.0
0.0
0.0
0.0
0.0
0.0
0.0
0.0
0.0
0.0
0.0
0.0
0.0
0.0
0.0
0.0
0.0
0.0
0.0
0.0
0.0
0.0
0.0
0.0
0.0
0.0
0.0
0.0
0.0
0.0
0.0
0.0
0.0
0.0
0.0
0.0
0.0
7.77246659227e-05
0.0
0.0
0.0
0.0
0.0
0.0
0.0166941478878
0.00738939502451
0.00944354690961
0.00791681240042
0.00725060097822
0.00738939502451
0.0153062074249
0.00791681240042
0.0
0.0
0.0
0.0
0.0
0.0
0.0
0.0
0.0
0.0
0.0304125514232
0.0298518234762
0.0
0.0
0.0
0.0298518234762
0.0
0.0
0.0
0.0
0.0
0.0
0.0
0.0
0.0
0.0
0.0
0.0304125514232
0.0298518234762
0.0
0.0
0.0
0.0
0.0
0.0298518234762
0.0298518234762
0.0
0.0298518234762
0.0
0.0
0.0
0.0
0.0
0.0
0.0
0.0
0.0
0.0
0.0
0.0
0.0
0.0
0.0
0.0
0.0
0.0
0.0
0.0
0.0
0.0
0.0
0.0
0.0
0.0
0.0
0.0
0.0
0.0
0.0
0.0
0.0
0.0
0.0
0.0
0.0
0.0
0.0307401053724
0.0166108714601
0.0121250478839
0.00810002054152
0.0
0.0
0.0
0.0
0.0
0.0190591984366
0.00501879271387
0.0
0.0
0.0
0.0
0.0
0.0
0.0
0.0
0.0
0.0
0.0
0.0
0.0
0.0
0.0
0.0
0.0
0.0
0.0
0.0
0.0
0.0
0.0
0.0
0.0
0.0
0.0
0.0
0.0
0.0264485934611
0.0168718042671
0.00791126063856
0.0
0.0
0.0
0.0
0.0
0.0
0.0
0.0
0.0
0.0
0.0
0.0
0.0
0.0
0.0
0.0
0.0
0.0
0.0
0.0
0.0
0.0
0.0
0.0
0.0
0.0
0.0
0.0
0.00711180693193
0.0
0.0
0.0
0.0
7.77246659227e-05
7.77246659227e-05
0.0139349222476
0.0293244061003
0.00871626610705
0.00875512844001
0.0291523014829
0.0305013796128
0.0
0.0
0.0
0.0
0.0
0.0
0.0
0.0
0.0
0.00791681240042
0.00791681240042
0.0
0.0
0.0
0.0
0.0
0.0
0.0281529843496
0.0189648184851
0.00942133986221
0.0
0.0
0.0
0.0
1.66552855549e-05
1.66552855549e-05
1.66552855549e-05
1.66552855549e-05
1.66552855549e-05
1.66552855549e-05
1.66552855549e-05
1.66552855549e-05
0.0
0.0
0.0
0.0
0.0
0.0
0.0
0.0
0.00471344581203
0.00158225212771
0.00158780388956
0.0
0.0
0.0
0.0
0.0
0.0
0.0
0.0
0.0
0.0
0.0
0.0
0.0
0.0
0.0
0.0
0.0
0.0
0.0
0.0
0.0
0.0
0.0
0.0
0.0248885483808
0.0
0.0
0.0
0.0
0.0
0.0
4.4414094813e-05
0.0325832903072
0.0
0.0
0.0
0.0
0.0
0.0
0.0
0.0
0.0
0.0
0.0
0.0
0.0
0.0
0.0
0.0
0.0
0.0
0.0
0.0
0.0
0.0
0.0
0.0
0.0
0.0
0.0
0.0
0.0
8.8828189626e-05
0.0
0.0
0.0
0.0
0.0
0.0
0.0
8.8828189626e-05
0.0
0.0
0.0
0.0
0.0
0.0
0.0
0.0
0.0
0.0
0.0
0.0
0.0
0.0
0.0
0.0
0.0
0.0
0.0
0.0
0.0
0.0
0.0
0.0
0.0
0.0
0.0
0.0
0.0
0.0
0.0
0.0
0.0
0.0
0.0
0.0
0.0
0.0
0.0
0.0
0.0
0.0
0.0
0.0
0.0
0.0
0.0
0.0
0.0
0.0
0.0
0.0
0.0
0.0
0.0
0.0
0.0
0.0
0.0
0.0
0.0
0.0
0.0
0.0
0.0
0.0
0.0
0.0
0.0
0.0
0.0
0.0
0.0
0.0
0.0
0.0
0.0
0.0
0.0
0.0
0.0
0.0
0.0
0.0
0.0
0.0
0.0
0.0
0.0
0.0
0.0
0.0
0.0
0.0
0.0
0.0
0.0
0.0
0.0
0.0
0.0
0.0
0.0
0.0
0.0
0.0
0.0
0.0
0.0
0.0
0.0
0.0
0.0
0.0
0.0
0.0
0.0
0.0
0.0
0.0
0.0
0.0
0.0
0.0
0.0
0.0
0.0
0.0
0.0
0.0
0.029485407194
0.0303348267573
0.0
0.0
0.0
0.0
0.0
0.0
0.0
0.0
0.0
0.0
0.0
0.0
0.0
0.0
0.0
0.0
0.0
0.0
0.0
0.0
0.0
0.0
1.66552855549e-05
0.000516313852201
0.000516313852201
0.000516313852201
0.0
0.00680646003009
0.0
0.0
0.0
0.0
0.0
0.0
0.0
0.0
0.0278920515426
0.0151229992838
0.0110146955136
0.00166552855549
0.0
0.0
0.0
0.0
0.0
0.0
0.0
0.0277199469252
0.0
0.000499658566646
0.0
0.00941578810035
0.00776136306857
0.00776136306857
0.00932695991073
9.43799514776e-05
9.43799514776e-05
9.43799514776e-05
0.0228288447339
0.000705073755156
0.0124303947858
0.000322002187394
0.00167663207919
0.00167663207919
0.00167663207919
0.00167663207919
0.00913264824592
0.0189814737707
0.0095823409559
0.0162944210345
0.0071950833597
0.00923257995925
0.0149120323335
0.0157836589442
0.031017693465
0.0314507308894
0.0126191546887
0.0
0.0147121689068
0.0147121689068
0.0148898252861
0.0146622030501
0.00492996452424
0.00154338979475
0.0
0.0
0.0
0.0
0.0
0.0
0.00111035237032
0.000149897569994
0.0010326277044
0.0
0.0
0.0
0.0
0.0
0.00154338979475
0.00407499319909
0.0
0.0
0.0
0.0
0.0
0.0
0.0
0.0
0.0
0.0
0.0
0.0
0.0
0.0
0.0
0.0
0.0
0.0
0.0
0.0
0.0
0.0
0.0
0.0
0.0
0.0
0.0
0.0
0.0
0.0
0.0
0.00155449331845
0.0
0.0
0.0
0.0
0.0
0.0
0.0
0.0
0.0
0.0
0.0
0.0
0.0
0.0
0.0
0.0
0.0
0.0
0.0
0.0
0.0
0.0
0.0
0.0
0.0
0.0
0.0
0.0
0.0273257718337
0.0267483886011
0.0
0.0
0.0
0.0
0.0
0.0
0.0
0.0
0.0
0.0
0.0
0.0
0.0
0.0
0.0
0.0
0.00698966817119
0.00310343487506
0.00110480060847
0.000255381045175
3.88623329614e-05
5.55176185162e-06
0.0
0.0
0.0
0.0
0.0
0.0
9.43799514776e-05
0.00047745151924
0.00774470778301
0.0
0.0164221115571
0.0115865269843
0.00995986076181
0.000599590279975
8.8828189626e-05
7.77246659227e-05
7.21729040711e-05
0.0
0.0
0.0
0.000877178372557
0.000455244471833
0.0
0.0
0.0
0.0
0.0307900712291
0.0154338979475
0.0027425703547
0.00164332150808
0.0
0.0
0.0
0.0
0.00948240924257
8.32764277744e-05
0.0
0.0
0.0
0.0100209301422
0.0100209301422
0.0100209301422
0.00946020219517
0.00946020219517
0.0106149686603
0.0107093486118
0.0
0.0
0.0
0.0
0.0
0.0
0.0
0.0
0.0
0.0
0.0
0.0
0.0
0.0
0.0
0.0
0.0
0.0
0.0
0.0
0.0
0.0
0.0
0.0
0.0
0.0
0.0
0.0
0.0
0.0
0.0
0.0
0.0
0.0
0.0
0.0
0.0
0.0
0.0
0.0
0.0
0.0
0.0
0.0
0.0
0.0
0.0
0.0
0.0
0.0
0.0
0.0
0.0
0.0
0.0
0.0
0.0
0.0
0.0
0.0
0.0
0.0
0.0
0.0
0.0
0.0
0.0
0.0
0.0
0.0
0.0
0.0
0.0
0.0
0.0
0.0
0.0
0.0
0.0
0.0
0.0
0.0
0.0
0.0
0.0
0.0
0.0
0.0
0.0
0.0
0.0
0.0
0.00570165942162
0.0
0.0128412251628
0.0128412251628
0.0
0.0369858374555
0.0
0.012197220788
0.03487061619
0.0128412251628
0.00570165942162
0.0369858374555
0.0
0.00570165942162
0.0369858374555
0.0
0.0177822932108
0.0300350316173
0.0371579420729
0.0227178094968
0.0360920037974
0.0256991056112
0.0276644293066
0.029557580098
0.0299462034277
0.00898275067593
0.0112423177495
0.0300350316173
0.0
0.0259045207997
0.0300350316173
0.0
