0.0
0.0
0.0
0.0
0.0
0.0
0.0
0.0
0.0134089266966
0.0
-1.38777878078e-16
1.66533453694e-16
-2.08166817117e-17
-2.22044604925e-16
-2.22044604925e-16
-1.66533453694e-16
0.0044004967473
1.38777878078e-16
-2.77555756156e-17
-1.38777878078e-17
3.46944695195e-18
0.0
0.0
1.08420217249e-19
-6.77626357803e-21
-3.38813178902e-21
0.0
-2.64697796017e-23
-3.30872245021e-24
1.03397576569e-25
0.0
8.07793566946e-28
-5.04870979341e-29
0.0
0.0
2.46519032882e-32
0.0
0.0
0.0
0.0
0.0
0.0
0.0
0.0
0.0
0.0
0.0
0.0
0.0
0.0
0.0
0.0
0.0
0.0
0.0
0.0
0.0
0.0
0.0
0.0
0.0
0.0
0.0
0.0
0.0
0.0
0.0
0.0
0.0
0.0
0.0
0.0
0.0
0.0
0.0
0.0
0.0
0.0
0.0
0.0
0.0
0.0
0.0
0.0
0.0
0.0
0.0
0.0
0.0
0.0
0.0
0.0
0.0
0.0
0.0
0.0
0.0
0.0
0.0
0.0
0.0
0.0
0.0
0.0
0.0
0.0
0.0
0.0
0.0
0.0
0.0
0.0
0.0
0.0
0.0
0.0
0.0
0.0
0.0
0.0
0.0
0.0
0.0
0.0
0.0
0.0
0.0
0.0
0.0
0.0
0.0
0.0
0.0
0.0
0.0
0.0
0.0
0.0
0.0
0.0
0.0
0.0
0.0
0.0
0.0
0.0
0.0
0.0
0.0
0.0
0.0
0.0
0.0
0.0
0.0
0.0
0.0
0.0
0.0
0.0
0.0
0.0
0.0
0.0
0.0
0.0
0.0
0.0
0.0
0.0
0.0
0.0
0.0
0.0
0.0
0.0
-0.324083582911
0.0
0.0
0.0
-0.324083582911
0.0
-0.324083582911
0.0
0.0
0.0
0.0
0.0
0.0
0.0
0.0
0.0
0.0
0.0
0.0
0.0
0.0
0.0
0.0
0.00811335445752
0.00124761613405
0.0
0.00124761613405
0.00124761613405
0.0
0.00124761613405
0.0
0.0
0.0
0.0
0.0
0.0
0.0
0.0
0.0
0.0
0.0
0.0
0.0
0.0
0.0
0.0
0.0
0.0
0.0
0.0
0.0
0.0
0.0
0.0
0.0
0.0
0.0
0.0
0.0
0.0
0.0
0.0
0.0
0.0
0.0
0.0
0.0
0.0
0.0
0.0
0.0
0.0
0.0
-0.0010660110021
0.0
0.0
0.0
0.0
0.0
0.0
0.0
0.00417108415255
0.0
0.0429170415837
0.0
0.00417108415255
0.0
0.0429170415837
0.0
0.0
0.0
0.0
0.0
0.0
0.0
0.0
0.0
0.0
0.0
0.0
0.0
0.0
0.0
0.0
0.0
0.0
0.0
0.0
0.0
0.0
0.0
0.0
0.0
0.0
0.0
0.0
0.0
0.0
0.0
0.0
0.0
0.0
0.0
0.0
0.0
0.0
0.0
0.0
0.0
0.0
0.0
0.0
0.0
0.0
0.0
0.0
0.0
0.0
0.0
0.0
0.0
0.0
0.0
0.0
0.0
0.0
0.0
0.0
0.0
0.0
0.0
0.0
0.0
0.0
0.0
0.0
0.0
0.0
0.0
0.0
0.0
0.0
0.0
0.0
0.0
0.0
0.0
-9.40323931002e-05
0.0
0.0
0.0
0.0
0.0
0.0
0.0
0.0
0.0
0.0
0.0
0.0
0.0
0.0
0.0
0.0
0.0
0.0
0.0
0.0
0.0
0.0
0.0
0.0
0.0
0.0
0.0
0.0
0.0
0.0
0.0
0.0
0.0
0.0
0.0
0.0
0.0
0.0
0.015412472774
0.0
0.0
0.0
0.0
0.0
0.0
0.0
0.0
0.0
0.0
0.0
0.0
0.0
0.0
0.0
0.0
0.0
0.0
0.0
0.0
0.0
0.0
0.0
0.0
0.0
0.0
0.0
0.0
0.000328833362253
0.0
0.0
0.0
0.0
-0.0157217720912
-0.0157217720912
0.0
0.0
0.00567049010519
0.00680223664376
0.0
0.0
0.0
0.0
0.0
0.0
0.0
0.0
0.0
0.0
0.0
0.0429170415837
0.0429170415837
0.0
0.0
0.0
0.0
0.0
0.0
0.0136126657576
0.00703403725879
0.00462508191776
0.0
0.0
0.0
0.0
0.0
0.0
0.0
0.0
0.0
0.0
0.0
0.0
0.0
0.0
0.0
0.0
0.0
0.0
0.0
0.0
0.0
0.000533072558903
0.0
0.0
0.0
0.0
0.0
0.0
0.0
0.0
0.0
0.0
0.0
0.0
0.0
0.0
0.0
0.0
0.0
0.0
0.0
0.0
0.0
0.0
0.0
0.0
0.0
0.0
0.0
0.0
0.0
0.0
0.0
0.0
0.0
0.0
0.0
0.0
0.0
0.0
0.0
0.0
0.0
0.0
0.0
0.0
0.0
0.0
0.0
0.0
0.0
0.0
0.0
0.0
0.0
0.0
0.0
0.0
0.0
0.0
0.0
0.0
0.0
0.0
0.0
0.0
0.0
0.0
0.0
0.0
0.0
0.0
0.0
0.0
0.0
0.0
0.0
0.0
0.0
0.0
0.0
0.0
0.0
0.0
0.0
0.0
0.0
0.0
0.0
0.0
0.0
0.0
0.0
0.0
0.0
0.0
0.0
0.0
0.0
0.0
0.0
0.0
0.0
0.0
0.0
0.0
0.0
0.0
0.0
0.0
0.0
0.0
0.0
0.0
0.0
0.0
0.0
0.0
0.0
0.0
0.0
0.0
0.0
0.0
0.0
0.0
0.0
0.0
0.0
0.0
0.0
0.0
0.0
0.0
0.0
0.0
0.0
0.0
0.0
0.0
0.0
0.0
0.0
0.0
0.0
0.0
0.0
0.0
0.0
0.0
0.0
0.0
0.0
0.0
0.0
0.0
0.0
0.0
0.0
0.0
0.0
0.0
0.0
0.0
0.0
0.0
0.0
0.0
0.0
0.0
0.0
0.0
0.0
0.0
0.0
0.0
0.0
0.0
0.0
0.0
0.0
0.0
0.0
0.0
0.0
0.0
0.0
0.0
0.0
0.0
0.0
0.0
0.0
0.0
0.0
0.0
0.0
0.0
0.0
0.0
0.0
0.0
0.0
0.0
0.0
0.0176527358771
0.0
0.0
0.0
0.0
0.0
0.0
0.0
0.0
0.0
0.0
0.0
0.0
0.0
0.0
0.0
0.0
0.0
0.0
0.0
0.0
0.0
0.0
0.0
0.0
0.0
0.0
0.0
0.0
0.0
0.0
0.0
0.0
0.0
0.0
0.0
0.0
0.0
0.00905026735296
0.00763610398101
0.00516458231217
0.0
0.0
0.0
0.0
0.0
0.0
0.0
0.0
0.0
-0.000155773331959
0.0
0.0
0.0432425922492
0.0432425922492
0.0
-0.0272147560773
-0.0272147560773
-0.0272147560773
0.0222105317589
0.0
0.018045167052
0.0
0.0138486589391
0.0138486589391
0.0138486589391
0.0138486589391
0.0112079236193
0.0151533251487
0.0145515483984
0.0178503454912
0.013340804815
0.0161537006751
0.0169288698802
0.0133094806469
0.0
0.0
0.0299378350726
0.0
0.0341942342722
0.0344861507209
0.0319254828983
0.0375659258204
-0.00235478078466
0.0111945894006
0.0
0.0
0.0
0.0
0.0
0.0
0.00033074392212
0.0104379787375
0.000184937275766
0.0
0.0
0.0
0.0
0.0
0.0111945894006
-0.002230395388
0.0
0.0
0.0
0.0
0.0
0.0
0.0
0.0
0.0
0.0
0.0
0.0
0.0
0.0
0.0
0.0
0.0
0.0
0.0
0.0
0.0
0.0
0.0
0.0
0.0
0.0
0.0
0.0
0.0
0.0
0.0147403206959
0.0
0.0147403206959
0.0
0.0
0.0
0.0
0.0
0.0
0.0
0.0
0.0
0.0
0.0
0.0
0.0
0.0
0.0
0.0
0.0
0.0
0.0
0.0
0.0
0.0
0.0
0.0
0.0
0.0
0.0
0.0
0.0
0.0
0.0
0.0
0.0
0.0
0.0
0.0
0.0
0.0
0.0
0.0
0.0
0.0
0.0
0.0
0.0
0.0
-0.00172292916475
0.000479116629216
0.00282923501077
0.00821348890519
0.00457925259279
0.00131797808961
0.0
0.0
0.0
0.0
0.0
0.0
0.0
0.0161083253257
0.0
0.00763321452396
-0.0100516434198
0.0
0.0
0.0
-0.00377109576073
0.0
0.0
0.0
0.0
0.00257699466915
0.00174793995239
0.0
0.0
0.0
0.0
0.0132448902922
0.00553029453476
0.00408369422957
0.00316970235827
0.0
0.0
0.0
0.0
-0.00988307198178
0.0
0.0
0.0
0.0
-0.0113497625987
-0.0113497625987
-0.0113497625987
-0.00880981842
-0.00880981842
-0.00568071479824
-0.00764842176742
0.0
0.0
0.0
0.0
0.0
0.0
0.0
0.0
0.0
0.0
0.0
0.0
0.0
0.0
0.0
0.0
0.0
0.0
0.0
0.0
0.0
0.0
0.0
0.0
0.0
0.0
0.0
0.0
0.0
0.0
0.0
0.0
0.0
0.0
0.0
0.0
0.0
0.0
0.0
0.0
0.0
0.0
0.0
0.0
0.0
0.0
0.0
0.0
0.0
0.0
0.0
0.0
0.0
0.0
0.0
0.0
0.0
0.0
0.0
0.0
0.0
0.0
0.0
0.0
0.0
0.0
0.0
0.0
0.0
0.0
0.0
0.0
0.0
0.0
0.0
0.0
0.0
0.0
0.0
0.0
0.0
0.0
0.0
0.0
0.0
0.0
0.0
0.0
0.0
0.0
0.0
0.0
0.000169656406532
0.0
0.0
0.0
0.0
0.0
0.0
-0.0033678851101
0.0039551526367
0.0
0.000169656406532
0.0
0.0
0.000169656406532
0.0
0.0
0.0
0.0
0.0
0.0
0.0
0.0
0.0
0.0
0.0
0.0
0.0
0.0
0.0
0.0
0.0
0.0
0.0
0.0
0.0
0.0
0.0
0.0
0.0157893923083
0.0131007515443
-0.00186460190201
0.0
0.0
0.0
0.0
0.0
0.0
0.0
-0.0315592202401
-0.284324801983
0.00309773595026
0.0
0.0
0.0
0.0
0.0
0.0
0.0
0.0
0.0
0.0
0.0
0.0
0.0
0.0
0.0
0.0
0.0
0.0
0.0
0.0
0.0
0.0
0.0
0.0
0.0
0.0
0.0
0.0
0.0
0.0
0.0
0.0
0.0
0.0
0.0
0.0
0.0
0.0
0.0
0.0
0.0
0.0
0.0
0.0
0.0
0.0
0.0
0.0
0.0
0.0
0.0
0.0
0.0
0.0
0.0
0.0
0.0
0.0
0.0
0.0
0.0
0.0
0.0
0.0
0.0
0.0
0.0
0.0
0.0
0.0
0.0
0.0
0.0
0.0
0.0
0.0
0.0
0.0
0.0
0.0
0.0
0.0
0.0
0.0
0.0
0.0
0.0
0.0
0.0
0.0
0.0
0.0
0.0
0.0
0.0
0.0
0.0
0.0
0.0
0.0
0.0
0.0
0.0
0.0
0.0
0.0
0.0
0.0
0.0
0.0
0.0
0.0
0.0
0.0
0.0
0.0
0.0
0.0
0.0
0.0
0.0
0.0
0.0
0.0
0.0
0.0
0.0
0.0
0.0
0.0
0.0
0.0
0.0
0.0
0.0
0.0
0.0
0.0
0.0
0.0
0.0
0.0
0.0
0.0
0.0
0.0
0.0
0.0
0.0
0.0
0.0
0.0
0.0
0.0
0.0
0.0
0.0
-0.00887221161521
-0.327301040301
0.0
-0.327301040301
-0.00887221161521
0.0
-0.00887221161521
0.0
0.0
0.0
0.0
0.0
0.0
0.0
0.0
0.0
0.0
0.000420745359013
0.0
0.0
0.0
0.0
0.0
-0.00439413376309
0.0
-0.0504188868657
0.0
0.0
0.0
0.0
0.0
0.0
0.0
0.0
0.0
0.0
0.0
0.0
0.0
0.0
0.0
0.0
0.0
0.0
0.0
0.0
0.0
0.0
0.0
0.0
0.0
0.0
0.0
0.0
0.0
0.0
0.0
0.0
0.0
0.0
0.0
0.0
0.0
0.0
0.0
0.0
0.0
0.0
0.0
0.0
0.0
0.0
0.0
-0.000416811574857
0.0
0.0
0.0
0.0
0.0
0.0
0.00861183762018
0.00294767958769
0.0173591784767
-0.00887384594467
-0.00678410652877
0.00294767958769
-0.00434953356247
-0.00887384594467
0.0
0.0
0.0
0.0
0.0
0.0
0.0
0.0
0.0
0.0
0.0157893923083
0.00856196921382
0.0
0.0
0.0
0.00856196921382
0.0
0.0
0.0
0.0
0.0
0.0
0.0
0.0
0.0
0.0
0.0
0.0157893923083
0.00856196921382
0.0
0.0
0.0
0.0
0.0
0.00856196921382
0.00856196921382
0.0
0.00856196921382
0.0
0.0
0.0
0.0
0.0
0.0
0.0
0.0
0.0
0.0
0.0
0.0
0.0
0.0
0.0
0.0
0.0
0.0
0.0
0.0
0.0
0.0
0.0
0.0
0.0
0.0
0.0
0.0
0.0
0.0
0.0
0.0
0.0
0.0
0.0
0.0
0.0
0.0
-0.112399262929
-0.14007285804
-0.0139192012972
0.00117045708868
0.0
0.0
0.0
0.0
0.0
0.00615369159085
0.00478798052261
0.0
0.0
0.0
0.0
0.0
0.0
0.0
0.0
0.0
0.0
0.0
0.0
0.0
0.0
0.0
0.0
0.0
0.0
0.0
0.0
0.0
0.0
0.0
0.0
0.0
0.0
0.0
0.0
0.0
0.00561065085081
0.00538308898262
-0.0640411400424
0.0
0.0
0.0
0.0
0.0
0.0
0.0
0.0
0.0
0.0
0.0
0.0
0.0
0.0
0.0
0.0
0.0
0.0
0.0
0.0
0.0
0.0
0.0
0.0
0.0
0.0
0.0
0.0
0.00304848746187
0.0
0.0
0.0
0.0
-0.0504188868657
-0.0504188868657
-0.132635170235
-0.0087185232226
0.00274717691345
-0.00752146457949
-0.0942098557494
-0.0867457307053
0.0
0.0
0.0
0.0
0.0
0.0
0.0
0.0
0.0
-0.00887384594467
-0.00887384594467
0.0
0.0
0.0
0.0
0.0
0.0
0.00611221062288
0.0129575507802
0.00445053938392
0.0
0.0
0.0
0.0
-0.00841911197287
-0.00841911197287
-0.00841911197287
-0.00841911197287
-0.00841911197287
-0.00841911197287
-0.00841911197287
-0.00841911197287
0.0
0.0
0.0
0.0
0.0
0.0
0.0
0.0
-0.0106251252682
-0.00592759023075
-0.00810829297667
0.0
0.0
0.0
0.0
0.0
0.0
0.0
0.0
0.0
0.0
0.0
0.0
0.0
0.0
0.0
0.0
0.0
0.0
0.0
0.0
0.0
0.0
0.0
0.0
0.0061347815189
0.0
0.0
0.0
0.0
0.0
0.0
0.000330520115012
0.0068195143424
0.0
0.0
0.0
0.0
0.0
0.0
0.0
0.0
0.0
0.0
0.0
0.0
0.0
0.0
0.0
0.0
0.0
0.0
0.0
0.0
0.0
0.0
0.0
0.0
0.0
0.0
0.0
0.0
0.0
-0.0273690884622
0.0
0.0
0.0
0.0
0.0
0.0
0.0
-0.0273690884622
0.0
0.0
0.0
0.0
0.0
0.0
0.0
0.0
0.0
0.0
0.0
0.0
0.0
0.0
0.0
0.0
0.0
0.0
0.0
0.0
0.0
0.0
0.0
0.0
0.0
0.0
0.0
0.0
0.0
0.0
0.0
0.0
0.0
0.0
0.0
0.0
0.0
0.0
0.0
0.0
0.0
0.0
0.0
0.0
0.0
0.0
0.0
0.0
0.0
0.0
0.0
0.0
0.0
0.0
0.0
0.0
0.0
0.0
0.0
0.0
0.0
0.0
0.0
0.0
0.0
0.0
0.0
0.0
0.0
0.0
0.0
0.0
0.0
0.0
0.0
0.0
0.0
0.0
0.0
0.0
0.0
0.0
0.0
0.0
0.0
0.0
0.0
0.0
0.0
0.0
0.0
0.0
0.0
0.0
0.0
0.0
0.0
0.0
0.0
0.0
0.0
0.0
0.0
0.0
0.0
0.0
0.0
0.0
0.0
0.0
0.0
0.0
0.0
0.0
0.0
0.0
0.0
0.0
0.0
0.0
0.0
0.0
0.0
0.0
0.0
0.0
0.0
0.0
0.0
0.0
-0.0216602574779
-0.00941362817535
0.0
0.0
0.0
0.0
0.0
0.0
0.0
0.0
0.0
0.0
0.0
0.0
0.0
0.0
0.0
0.0
0.0
0.0
0.0
0.0
0.0
0.0
0.00013115342022
-0.000384875371934
-0.000384875371934
-0.000384875371934
0.0
0.00145220807959
0.0
0.0
0.0
0.0
0.0
0.0
0.0
0.0
-0.00277477690731
0.00249372591334
-0.0225968924386
-0.00407049372746
0.0
0.0
0.0
0.0
0.0
0.0
0.0
0.00721993443843
0.0
-0.000316876119623
0.0
0.0154287281138
0.00285841759337
0.00285841759337
0.0181847032302
0.00140043886477
0.00140043886477
0.00140043886477
0.00260202722937
0.000378674653879
0.00208953420183
0.000303073483087
0.000719900284675
0.000719900284675
0.000719900284675
0.000719900284675
0.00696159212225
0.00785165515578
0.00675228242703
0.0078268916313
0.00529479082855
0.00604063752581
0.00751514562705
0.00784201636797
0.00112224950714
0.00331245473252
-0.000394902872879
0.0
0.00335089382836
0.00335089382836
0.00715926860803
0.00337466434895
-0.00254550046452
0.000495892765002
0.0
0.0
0.0
0.0
0.0
0.0
-0.00125773099397
0.000284616712413
-0.000495189854747
0.0
0.0
0.0
0.0
0.0
0.000495892765002
-0.00206185379623
0.0
0.0
0.0
0.0
0.0
0.0
0.0
0.0
0.0
0.0
0.0
0.0
0.0
0.0
0.0
0.0
0.0
0.0
0.0
0.0
0.0
0.0
0.0
0.0
0.0
0.0
0.0
0.0
0.0
0.0
0.0
-0.00429417967385
0.0
0.0
0.0
0.0
0.0
0.0
0.0
0.0
0.0
0.0
0.0
0.0
0.0
0.0
0.0
0.0
0.0
0.0
0.0
0.0
0.0
0.0
0.0
0.0
0.0
0.0
0.0
0.0
-0.00556229527735
-0.00168669978846
0.0
0.0
0.0
0.0
0.0
0.0
0.0
0.0
0.0
0.0
0.0
0.0
0.0
0.0
0.0
0.0
0.00996250799766
0.00747964220749
0.00499197410321
0.00277996528648
0.00124139606549
0.000513038620388
0.0
0.0
0.0
0.0
0.0
0.0
0.0009143393178
-0.000769541771115
-0.00639677287983
0.0
0.0142561514855
0.0177069894027
-0.0145720767366
-0.00843791834306
-0.0273690884622
-0.00113954584026
-0.0252548349264
0.0
0.0
0.0
0.00129858518016
0.00148796640105
0.0
0.0
0.0
0.0
0.00758467875403
0.00478572528247
0.00246618536269
0.00241425996854
0.0
0.0
0.0
0.0
0.00679075650238
0.000220459848719
0.0
0.0
0.0
0.00690889651755
0.00690889651755
0.00690889651755
0.0058968601138
0.0058968601138
0.00606550589735
0.00607326276428
0.0
0.0
0.0
0.0
0.0
0.0
0.0
0.0
0.0
0.0
0.0
0.0
0.0
0.0
0.0
0.0
0.0
0.0
0.0
0.0
0.0
0.0
0.0
0.0
0.0
0.0
0.0
0.0
0.0
0.0
0.0
0.0
0.0
0.0
0.0
0.0
0.0
0.0
0.0
0.0
0.0
0.0
0.0
0.0
0.0
0.0
0.0
0.0
0.0
0.0
0.0
0.0
0.0
0.0
0.0
0.0
0.0
0.0
0.0
0.0
0.0
0.0
0.0
0.0
0.0
0.0
0.0
0.0
0.0
0.0
0.0
0.0
0.0
0.0
0.0
0.0
0.0
0.0
0.0
0.0
0.0
0.0
0.0
0.0
0.0
0.0
0.0
0.0
0.0
0.0
0.0
0.0
-0.00374864523784
0.0
-0.00381494055754
-0.00381494055754
0.0
0.0116026873378
0.0
0.00301318636537
-0.011609124093
-0.00381494055754
-0.00374864523784
0.0116026873378
0.0
-0.00374864523784
0.0116026873378
0.0
0.01511119235
0.0186849013175
-0.0281660620359
-0.0176288907293
-0.0210023316152
-0.214780256022
-0.195196799282
0.0223431416995
0.0215654867407
-0.317826683753
-0.288325001022
0.0200233508343
0.0
-0.0272433929199
0.0200233508343
0.0
