0.0
0.0
0.0
0.0
0.0
0.0
0.0
0.0
-0.0120463295359
0.0
-2.77555756156e-17
-5.55111512313e-17
2.8449465006e-16
2.77555756156e-16
1.38777878078e-16
-1.56125112838e-17
-0.000104238558932
2.22044604925e-16
3.33066907388e-16
-2.77555756156e-17
6.93889390391e-18
-1.73472347598e-18
0.0
0.0
-1.08420217249e-19
-5.42101086243e-20
0.0
-4.23516473627e-22
-2.64697796017e-23
0.0
0.0
-1.29246970711e-26
-1.61558713389e-27
0.0
0.0
7.88860905221e-31
0.0
0.0
0.0
0.0
0.0
0.0
0.0
0.0
0.0
0.0
0.0
0.0
0.0
0.0
0.0
0.0
0.0
0.0
0.0
0.0
0.0
0.0
0.0
0.0
0.0
0.0
0.0
0.0
0.0
0.0
0.0
0.0
0.0
0.0
0.0
0.0
0.0
0.0
0.0
0.0
0.0
0.0
0.0
0.0
0.0
0.0
0.0
0.0
0.0
0.0
0.0
0.0
0.0
0.0
0.0
0.0
0.0
0.0
0.0
0.0
0.0
0.0
0.0
0.0
0.0
0.0
0.0
0.0
0.0
0.0
0.0
0.0
0.0
0.0
0.0
0.0
0.0
0.0
0.0
0.0
0.0
0.0
0.0
0.0
0.0
0.0
0.0
0.0
0.0
0.0
0.0
0.0
0.0
0.0
0.0
0.0
0.0
0.0
0.0
0.0
0.0
0.0
0.0
0.0
0.0
0.0
0.0
0.0
0.0
0.0
0.0
0.0
0.0
0.0
0.0
0.0
0.0
0.0
0.0
0.0
0.0
0.0
0.0
0.0
0.0
0.0
0.0
0.0
0.0
0.0
0.0
0.0
0.0
0.0
0.0
0.0
0.0
0.0
0.0
0.0
0.00755006135494
0.0
0.0
0.0
0.00755006135494
0.0
0.00755006135494
0.0
0.0
0.0
0.0
0.0
0.0
0.0
0.0
0.0
0.0
0.0
0.0
0.0
0.0
0.0
0.0
-0.00028111882155
-0.000323259868754
0.0
-0.000323259868754
-0.000323259868754
0.0
-0.000323259868754
0.0
0.0
0.0
0.0
0.0
0.0
0.0
0.0
0.0
0.0
0.0
0.0
0.0
0.0
0.0
0.0
0.0
0.0
0.0
0.0
0.0
0.0
0.0
0.0
0.0
0.0
0.0
0.0
0.0
0.0
0.0
0.0
0.0
0.0
0.0
0.0
0.0
0.0
0.0
0.0
0.0
0.0
0.0
4.4801718534e-05
0.0
0.0
0.0
0.0
0.0
0.0
0.0
-0.00746176081889
0.0
-0.00128223409688
0.0
-0.00746176081889
0.0
-0.00128223409688
0.0
0.0
0.0
0.0
0.0
0.0
0.0
0.0
0.0
0.0
0.0
0.0
0.0
0.0
0.0
0.0
0.0
0.0
0.0
0.0
0.0
0.0
0.0
0.0
0.0
0.0
0.0
0.0
0.0
0.0
0.0
0.0
0.0
0.0
0.0
0.0
0.0
0.0
0.0
0.0
0.0
0.0
0.0
0.0
0.0
0.0
0.0
0.0
0.0
0.0
0.0
0.0
0.0
0.0
0.0
0.0
0.0
0.0
0.0
0.0
0.0
0.0
0.0
0.0
0.0
0.0
0.0
0.0
0.0
0.0
0.0
0.0
0.0
0.0
0.0
0.0
0.0
0.0
0.0
-0.00141916813498
0.0
0.0
0.0
0.0
0.0
0.0
0.0
0.0
0.0
0.0
0.0
0.0
0.0
0.0
0.0
0.0
0.0
0.0
0.0
0.0
0.0
0.0
0.0
0.0
0.0
0.0
0.0
0.0
0.0
0.0
0.0
0.0
0.0
0.0
0.0
0.0
0.0
0.0
-0.0010578613081
0.0
0.0
0.0
0.0
0.0
0.0
0.0
0.0
0.0
0.0
0.0
0.0
0.0
0.0
0.0
0.0
0.0
0.0
0.0
0.0
0.0
0.0
0.0
0.0
0.0
0.0
0.0
0.0
-0.005963787321
0.0
0.0
0.0
0.0
0.000406567246634
0.000406567246634
0.0
0.0
-0.00119566559983
-0.000686401239876
0.0
0.0
0.0
0.0
0.0
0.0
0.0
0.0
0.0
0.0
0.0
-0.00128223409688
-0.00128223409688
0.0
0.0
0.0
0.0
0.0
0.0
-0.00049473652528
-0.00058807768241
-0.000592178470572
0.0
0.0
0.0
0.0
0.0
0.0
0.0
0.0
0.0
0.0
0.0
0.0
0.0
0.0
0.0
0.0
0.0
0.0
0.0
0.0
0.0
-0.000100160576124
0.0
0.0
0.0
0.0
0.0
0.0
0.0
0.0
0.0
0.0
0.0
0.0
0.0
0.0
0.0
0.0
0.0
0.0
0.0
0.0
0.0
0.0
0.0
0.0
0.0
0.0
0.0
0.0
0.0
0.0
0.0
0.0
0.0
0.0
0.0
0.0
0.0
0.0
0.0
0.0
0.0
0.0
0.0
0.0
0.0
0.0
0.0
0.0
0.0
0.0
0.0
0.0
0.0
0.0
0.0
0.0
0.0
0.0
0.0
0.0
0.0
0.0
0.0
0.0
0.0
0.0
0.0
0.0
0.0
0.0
0.0
0.0
0.0
0.0
0.0
0.0
0.0
0.0
0.0
0.0
0.0
0.0
0.0
0.0
0.0
0.0
0.0
0.0
0.0
0.0
0.0
0.0
0.0
0.0
0.0
0.0
0.0
0.0
0.0
0.0
0.0
0.0
0.0
0.0
0.0
0.0
0.0
0.0
0.0
0.0
0.0
0.0
0.0
0.0
0.0
0.0
0.0
0.0
0.0
0.0
0.0
0.0
0.0
0.0
0.0
0.0
0.0
0.0
0.0
0.0
0.0
0.0
0.0
0.0
0.0
0.0
0.0
0.0
0.0
0.0
0.0
0.0
0.0
0.0
0.0
0.0
0.0
0.0
0.0
0.0
0.0
0.0
0.0
0.0
0.0
0.0
0.0
0.0
0.0
0.0
0.0
0.0
0.0
0.0
0.0
0.0
0.0
0.0
0.0
0.0
0.0
0.0
0.0
0.0
0.0
0.0
0.0
0.0
0.0
0.0
0.0
0.0
0.0
0.0
0.0
0.0
0.0
0.0
0.0
0.0
0.0
0.0
0.0
0.0
0.0
0.0
0.0
0.0
0.0
0.0
0.0
0.0
0.0
-0.00798151741901
0.0
0.0
0.0
0.0
0.0
0.0
0.0
0.0
0.0
0.0
0.0
0.0
0.0
0.0
0.0
0.0
0.0
0.0
0.0
0.0
0.0
0.0
0.0
0.0
0.0
0.0
0.0
0.0
0.0
0.0
0.0
0.0
0.0
0.0
0.0
0.0
0.0
0.000242080018838
-0.000132157930305
0.000910001635306
0.0
0.0
0.0
0.0
0.0
0.0
0.0
0.0
0.0
-0.000237113674757
0.0
0.0
-0.00149511596234
-0.00149511596234
0.0
0.000797652869881
0.000797652869881
0.000797652869881
-0.000616003433633
0.0
-0.000494286895574
0.0
-0.000481338102153
-0.000481338102153
-0.000481338102153
-0.000481338102153
-0.000267832353836
-0.000501838529642
-0.000692249233544
-0.000394435493345
-0.00071878045842
-0.000842789149402
-0.000327288011332
-0.00042691225745
0.0
0.0
0.000380976891903
0.0
-0.000886000070046
-0.000850569330016
-0.000989054222629
-0.00102090129231
-0.092504203947
-0.00124755056831
0.0
0.0
0.0
0.0
0.0
0.0
-9.91872974244e-05
-0.00090026745667
-0.00882192698613
0.0
0.0
0.0
0.0
0.0
-0.00124755056831
-0.0889067990214
0.0
0.0
0.0
0.0
0.0
0.0
0.0
0.0
0.0
0.0
0.0
0.0
0.0
0.0
0.0
0.0
0.0
0.0
0.0
0.0
0.0
0.0
0.0
0.0
0.0
0.0
0.0
0.0
0.0
0.0
-0.000690388000221
0.0
-0.000690388000221
0.0
0.0
0.0
0.0
0.0
0.0
0.0
0.0
0.0
0.0
0.0
0.0
0.0
0.0
0.0
0.0
0.0
0.0
0.0
0.0
0.0
0.0
0.0
0.0
0.0
0.0
0.0
0.0
0.0
0.0
0.0
0.0
0.0
0.0
0.0
0.0
0.0
0.0
0.0
0.0
0.0
0.0
0.0
0.0
0.0
0.0
-0.0823725578523
-0.000147097079862
-0.000244031271956
-0.000630584598897
-0.000267601508291
-7.03957595057e-05
0.0
0.0
0.0
0.0
0.0
0.0
0.0
-0.000739703638646
0.0
-0.000416425243945
-0.000147031471622
0.0
0.0
0.0
-9.25616640207e-05
0.0
0.0
0.0
0.0
-2.83517659209e-05
-5.63979919866e-05
0.0
0.0
0.0
0.0
-0.000497873202311
-0.000185513393671
-9.64233290058e-05
-0.000105115931014
0.0
0.0
0.0
0.0
-0.000209072606354
0.0
0.0
0.0
0.0
-0.000218571480271
-0.000218571480271
-0.000218571480271
-0.000243599588348
-0.000243599588348
-0.000333779420622
-0.000277477304939
0.0
0.0
0.0
0.0
0.0
0.0
0.0
0.0
0.0
0.0
0.0
0.0
0.0
0.0
0.0
0.0
0.0
0.0
0.0
0.0
0.0
0.0
0.0
0.0
0.0
0.0
0.0
0.0
0.0
0.0
0.0
0.0
0.0
0.0
0.0
0.0
0.0
0.0
0.0
0.0
0.0
0.0
0.0
0.0
0.0
0.0
0.0
0.0
0.0
0.0
0.0
0.0
0.0
0.0
0.0
0.0
0.0
0.0
0.0
0.0
0.0
0.0
0.0
0.0
0.0
0.0
0.0
0.0
0.0
0.0
0.0
0.0
0.0
0.0
0.0
0.0
0.0
0.0
0.0
0.0
0.0
0.0
0.0
0.0
0.0
0.0
0.0
0.0
0.0
0.0
0.0
0.0
-0.00120092374309
0.0
0.0
0.0
0.0
0.0
0.0
-2.79578990246e-07
-0.000451874110962
0.0
-0.00120092374309
0.0
0.0
-0.00120092374309
0.0
0.0
0.0
0.0
0.0
0.0
0.0
0.0
0.0
0.0
0.0
0.0
0.0
0.0
0.0
0.0
0.0
0.0
0.0
0.0
0.0
0.0
0.0
0.0
-0.0113101978438
-0.0122659488538
0.000110976794519
0.0
0.0
0.0
0.0
0.0
0.0
0.0
0.000599469050245
0.00679236878731
-0.000141659321431
0.0
0.0
0.0
0.0
0.0
0.0
0.0
0.0
0.0
0.0
0.0
0.0
0.0
0.0
0.0
0.0
0.0
0.0
0.0
0.0
0.0
0.0
0.0
0.0
0.0
0.0
0.0
0.0
0.0
0.0
0.0
0.0
0.0
0.0
0.0
0.0
0.0
0.0
0.0
0.0
0.0
0.0
0.0
0.0
0.0
0.0
0.0
0.0
0.0
0.0
0.0
0.0
0.0
0.0
0.0
0.0
0.0
0.0
0.0
0.0
0.0
0.0
0.0
0.0
0.0
0.0
0.0
0.0
0.0
0.0
0.0
0.0
0.0
0.0
0.0
0.0
0.0
0.0
0.0
0.0
0.0
0.0
0.0
0.0
0.0
0.0
0.0
0.0
0.0
0.0
0.0
0.0
0.0
0.0
0.0
0.0
0.0
0.0
0.0
0.0
0.0
0.0
0.0
0.0
0.0
0.0
0.0
0.0
0.0
0.0
0.0
0.0
0.0
0.0
0.0
0.0
0.0
0.0
0.0
0.0
0.0
0.0
0.0
0.0
0.0
0.0
0.0
0.0
0.0
0.0
0.0
0.0
0.0
0.0
0.0
0.0
0.0
0.0
0.0
0.0
0.0
0.0
0.0
0.0
0.0
0.0
0.0
0.0
0.0
0.0
0.0
0.0
0.0
0.0
0.0
0.0
0.0
0.00857638031014
0.00762578277295
0.0
0.00762578277295
0.00857638031014
0.0
0.00857638031014
0.0
0.0
0.0
0.0
0.0
0.0
0.0
0.0
0.0
0.0
0.0063619525647
0.0
0.0
0.0
0.0
0.0
-0.000311774890398
0.0
0.00118749297079
0.0
0.0
0.0
0.0
0.0
0.0
0.0
0.0
0.0
0.0
0.0
0.0
0.0
0.0
0.0
0.0
0.0
0.0
0.0
0.0
0.0
0.0
0.0
0.0
0.0
0.0
0.0
0.0
0.0
0.0
0.0
0.0
0.0
0.0
0.0
0.0
0.0
0.0
0.0
0.0
0.0
0.0
0.0
0.0
0.0
0.0
0.0
0.00106628773788
0.0
0.0
0.0
0.0
0.0
0.0
-0.00524311584319
0.000971149798568
-0.000226385234344
0.0085119710949
-0.0076598063939
0.000971149798568
0.00682209789831
0.0085119710949
0.0
0.0
0.0
0.0
0.0
0.0
0.0
0.0
0.0
0.0
-0.0113101978438
0.00807180065933
0.0
0.0
0.0
0.00807180065933
0.0
0.0
0.0
0.0
0.0
0.0
0.0
0.0
0.0
0.0
0.0
-0.0113101978438
0.00807180065933
0.0
0.0
0.0
0.0
0.0
0.00807180065933
0.00807180065933
0.0
0.00807180065933
0.0
0.0
0.0
0.0
0.0
0.0
0.0
0.0
0.0
0.0
0.0
0.0
0.0
0.0
0.0
0.0
0.0
0.0
0.0
0.0
0.0
0.0
0.0
0.0
0.0
0.0
0.0
0.0
0.0
0.0
0.0
0.0
0.0
0.0
0.0
0.0
0.0
0.0
0.00272876281512
0.00334438033479
0.000393894486918
5.05212761578e-06
0.0
0.0
0.0
0.0
0.0
-2.11563598929e-05
6.39883640608e-06
0.0
0.0
0.0
0.0
0.0
0.0
0.0
0.0
0.0
0.0
0.0
0.0
0.0
0.0
0.0
0.0
0.0
0.0
0.0
0.0
0.0
0.0
0.0
0.0
0.0
0.0
0.0
0.0
0.0
-0.00391344282161
-0.000404264916575
0.00153430760798
0.0
0.0
0.0
0.0
0.0
0.0
0.0
0.0
0.0
0.0
0.0
0.0
0.0
0.0
0.0
0.0
0.0
0.0
0.0
0.0
0.0
0.0
0.0
0.0
0.0
0.0
0.0
0.0
-5.08724237282e-05
0.0
0.0
0.0
0.0
0.00118749297079
0.00118749297079
0.00343382308394
0.00386759032444
0.000208636666376
0.000335264173419
0.00299085412587
0.00206147727201
0.0
0.0
0.0
0.0
0.0
0.0
0.0
0.0
0.0
0.0085119710949
0.0085119710949
0.0
0.0
0.0
0.0
0.0
0.0
-0.000211657252285
-0.000453040194768
-0.000190610429339
0.0
0.0
0.0
0.0
-0.348786312134
-0.348786312134
-0.348786312134
-0.348786312134
-0.348786312134
-0.348786312134
-0.348786312134
-0.348786312134
0.0
0.0
0.0
0.0
0.0
0.0
0.0
0.0
2.76805415095e-05
-8.86235037121e-06
3.18410187685e-05
0.0
0.0
0.0
0.0
0.0
0.0
0.0
0.0
0.0
0.0
0.0
0.0
0.0
0.0
0.0
0.0
0.0
0.0
0.0
0.0
0.0
0.0
0.0
0.0
-0.000477580595381
0.0
0.0
0.0
0.0
0.0
0.0
-3.19899347235e-05
-0.000643881354995
0.0
0.0
0.0
0.0
0.0
0.0
0.0
0.0
0.0
0.0
0.0
0.0
0.0
0.0
0.0
0.0
0.0
0.0
0.0
0.0
0.0
0.0
0.0
0.0
0.0
0.0
0.0
0.0
0.0
0.000805413331544
0.0
0.0
0.0
0.0
0.0
0.0
0.0
0.000805413331544
0.0
0.0
0.0
0.0
0.0
0.0
0.0
0.0
0.0
0.0
0.0
0.0
0.0
0.0
0.0
0.0
0.0
0.0
0.0
0.0
0.0
0.0
0.0
0.0
0.0
0.0
0.0
0.0
0.0
0.0
0.0
0.0
0.0
0.0
0.0
0.0
0.0
0.0
0.0
0.0
0.0
0.0
0.0
0.0
0.0
0.0
0.0
0.0
0.0
0.0
0.0
0.0
0.0
0.0
0.0
0.0
0.0
0.0
0.0
0.0
0.0
0.0
0.0
0.0
0.0
0.0
0.0
0.0
0.0
0.0
0.0
0.0
0.0
0.0
0.0
0.0
0.0
0.0
0.0
0.0
0.0
0.0
0.0
0.0
0.0
0.0
0.0
0.0
0.0
0.0
0.0
0.0
0.0
0.0
0.0
0.0
0.0
0.0
0.0
0.0
0.0
0.0
0.0
0.0
0.0
0.0
0.0
0.0
0.0
0.0
0.0
0.0
0.0
0.0
0.0
0.0
0.0
0.0
0.0
0.0
0.0
0.0
0.0
0.0
0.0
0.0
0.0
0.0
0.0
0.0
0.000576424750389
0.000287208709588
0.0
0.0
0.0
0.0
0.0
0.0
0.0
0.0
0.0
0.0
0.0
0.0
0.0
0.0
0.0
0.0
0.0
0.0
0.0
0.0
0.0
0.0
-2.97047434949e-06
0.000425386229591
0.000425386229591
0.000425386229591
0.0
0.00145618095263
0.0
0.0
0.0
0.0
0.0
0.0
0.0
0.0
0.000539556153307
0.000454358622013
0.000828296028987
0.000117867366478
0.0
0.0
0.0
0.0
0.0
0.0
0.0
-0.000177898838871
0.0
5.08563452381e-05
0.0
-0.000579211397708
-5.85980919101e-05
-5.85980919101e-05
-0.000660902840549
9.38300924907e-05
9.38300924907e-05
9.38300924907e-05
0.00303170860353
0.00132440372788
0.00236519265253
0.00103996200376
0.00200198566358
0.00200198566358
0.00200198566358
0.00200198566358
0.000609782918107
1.73327781635e-05
0.000139751600517
0.00118762657023
0.00180794168687
0.00161572037815
0.000231720816899
0.000103044708969
0.00275508084833
0.00474076598536
0.00585493953285
0.0
0.00822306224637
0.00822306224637
0.00740049374299
0.00818374758933
0.00557178404691
0.00158137769812
0.0
0.0
0.0
0.0
0.0
0.0
0.000304881932159
0.000574847986388
0.00178638809109
0.0
0.0
0.0
0.0
0.0
0.00158137769812
0.00686281789877
0.0
0.0
0.0
0.0
0.0
0.0
0.0
0.0
0.0
0.0
0.0
0.0
0.0
0.0
0.0
0.0
0.0
0.0
0.0
0.0
0.0
0.0
0.0
0.0
0.0
0.0
0.0
0.0
0.0
0.0
0.0
-7.3469759557e-05
0.0
0.0
0.0
0.0
0.0
0.0
0.0
0.0
0.0
0.0
0.0
0.0
0.0
0.0
0.0
0.0
0.0
0.0
0.0
0.0
0.0
0.0
0.0
0.0
0.0
0.0
0.0
0.0
0.00242962660744
0.000813610092901
0.0
0.0
0.0
0.0
0.0
0.0
0.0
0.0
0.0
0.0
0.0
0.0
0.0
0.0
0.0
0.0
-0.0127195672891
-0.00499149815859
-0.00331288254074
-0.00180926470572
-0.000804840717481
-0.000339587675059
0.0
0.0
0.0
0.0
0.0
0.0
-2.7376477134e-05
7.32913297271e-05
0.0115468571137
0.0
-0.000567605156327
-0.000629299814254
-7.17872934874e-06
0.000234801298999
0.000805413331544
-7.37407543807e-05
0.000749820521346
0.0
0.0
0.0
-2.24022427868e-05
-2.43964217905e-05
0.0
0.0
0.0
0.0
-0.000155061558184
-0.000145539479822
-5.38130050766e-05
-5.93918840083e-05
0.0
0.0
0.0
0.0
-0.000171328100169
4.43764232452e-05
0.0
0.0
0.0
-0.000173190001103
-0.000173190001103
-0.000173190001103
-0.000168806264122
-0.000168806264122
-0.000207064685633
-0.000205084401847
0.0
0.0
0.0
0.0
0.0
0.0
0.0
0.0
0.0
0.0
0.0
0.0
0.0
0.0
0.0
0.0
0.0
0.0
0.0
0.0
0.0
0.0
0.0
0.0
0.0
0.0
0.0
0.0
0.0
0.0
0.0
0.0
0.0
0.0
0.0
0.0
0.0
0.0
0.0
0.0
0.0
0.0
0.0
0.0
0.0
0.0
0.0
0.0
0.0
0.0
0.0
0.0
0.0
0.0
0.0
0.0
0.0
0.0
0.0
0.0
0.0
0.0
0.0
0.0
0.0
0.0
0.0
0.0
0.0
0.0
0.0
0.0
0.0
0.0
0.0
0.0
0.0
0.0
0.0
0.0
0.0
0.0
0.0
0.0
0.0
0.0
0.0
0.0
0.0
0.0
0.0
0.0
0.000565799914494
0.0
2.75492887279e-05
2.75492887279e-05
0.0
0.000330409836092
0.0
0.000242679858557
0.00128783429787
2.75492887279e-05
0.000565799914494
0.000330409836092
0.0
0.000565799914494
0.000330409836092
0.0
2.91171084816e-05
-1.41747714931e-05
0.0022635771036
0.000435880636901
0.00812307393551
0.00621480887541
0.0049432396803
-6.92426436258e-05
-5.25510909383e-05
0.00743756584749
0.00134066333575
-8.00411589376e-06
0.0
0.00653038092933
-8.00411589374e-06
0.0
