1.0
1.0
1.0
1.0
1.0
1.0
1.0
1.0
0.124659181496
1.0
1.0
1.0
1.0
1.0
1.0
1.0
0.166687023864
1.0
1.0
1.0
1.0
1.0
1.0
1.0
1.0
1.0
1.0
1.0
1.0
1.0
1.0
1.0
1.0
1.0
1.0
1.0
1.0
1.0
1.0
1.0
1.0
1.0
1.0
1.0
1.0
1.0
1.0
1.0
1.0
1.0
1.0
1.0
1.0
1.0
1.0
1.0
1.0
1.0
1.0
1.0
1.0
1.0
1.0
1.0
1.0
1.0
1.0
1.0
1.0
1.0
1.0
1.0
1.0
1.0
1.0
1.0
1.0
1.0
1.0
1.0
1.0
1.0
1.0
1.0
1.0
1.0
1.0
1.0
1.0
1.0
1.0
1.0
1.0
1.0
1.0
1.0
1.0
1.0
1.0
1.0
1.0
1.0
1.0
1.0
1.0
1.0
1.0
1.0
1.0
1.0
1.0
1.0
1.0
1.0
1.0
1.0
1.0
1.0
1.0
1.0
1.0
1.0
1.0
1.0
1.0
1.0
1.0
1.0
1.0
1.0
1.0
1.0
1.0
1.0
1.0
1.0
1.0
1.0
1.0
1.0
1.0
1.0
1.0
1.0
1.0
1.0
1.0
1.0
1.0
1.0
1.0
1.0
1.0
1.0
1.0
1.0
1.0
1.0
1.0
1.0
1.0
1.0
1.0
1.0
1.0
1.0
1.0
1.0
1.0
1.0
1.0
1.0
1.0
1.0
1.0
1.0
0.0908451089312
1.0
1.0
1.0
0.0908451089312
1.0
0.0908451089312
1.0
1.0
1.0
1.0
1.0
1.0
1.0
1.0
1.0
1.0
1.0
1.0
1.0
1.0
1.0
1.0
0.179316305425
0.0773781436184
1.0
0.0773781436184
0.0773781436184
1.0
0.0773781436184
1.0
1.0
1.0
1.0
1.0
1.0
1.0
1.0
1.0
1.0
1.0
1.0
1.0
1.0
1.0
1.0
1.0
1.0
1.0
1.0
1.0
1.0
1.0
1.0
1.0
1.0
1.0
1.0
1.0
1.0
1.0
1.0
1.0
1.0
1.0
1.0
1.0
1.0
1.0
1.0
1.0
1.0
1.0
0.0186986273266
1.0
1.0
1.0
1.0
1.0
1.0
1.0
0.12444333646
1.0
0.176443186854
1.0
0.12444333646
1.0
0.176443186854
1.0
1.0
1.0
1.0
1.0
1.0
1.0
1.0
1.0
1.0
1.0
1.0
1.0
1.0
1.0
1.0
1.0
1.0
1.0
1.0
1.0
1.0
1.0
1.0
1.0
1.0
1.0
1.0
1.0
1.0
1.0
1.0
1.0
1.0
1.0
1.0
1.0
1.0
1.0
1.0
1.0
1.0
1.0
1.0
1.0
1.0
1.0
1.0
1.0
1.0
1.0
1.0
1.0
1.0
1.0
1.0
1.0
1.0
1.0
1.0
1.0
1.0
1.0
1.0
1.0
1.0
1.0
1.0
1.0
1.0
1.0
1.0
1.0
1.0
1.0
1.0
1.0
1.0
1.0
0.0133275960872
1.0
1.0
1.0
1.0
1.0
1.0
1.0
1.0
1.0
1.0
1.0
1.0
1.0
1.0
1.0
1.0
1.0
1.0
1.0
1.0
1.0
1.0
1.0
1.0
1.0
1.0
1.0
1.0
1.0
1.0
1.0
1.0
1.0
1.0
1.0
1.0
1.0
1.0
0.196350730452
1.0
1.0
1.0
1.0
1.0
1.0
1.0
1.0
1.0
1.0
1.0
1.0
1.0
1.0
1.0
1.0
1.0
1.0
1.0
1.0
1.0
1.0
1.0
1.0
1.0
1.0
1.0
1.0
0.0117802709011
1.0
1.0
1.0
1.0
0.0185496834152
0.0185496834152
1.0
1.0
0.160906840457
0.174472839523
1.0
1.0
1.0
1.0
1.0
1.0
1.0
1.0
1.0
1.0
1.0
0.176443186854
0.176443186854
1.0
1.0
1.0
1.0
1.0
1.0
0.0918608531159
0.16375343459
0.133348718014
1.0
1.0
1.0
1.0
1.0
1.0
1.0
1.0
1.0
1.0
1.0
1.0
1.0
1.0
1.0
1.0
1.0
1.0
1.0
1.0
1.0
0.0185496834151
1.0
1.0
1.0
1.0
1.0
1.0
1.0
1.0
1.0
1.0
1.0
1.0
1.0
1.0
1.0
1.0
1.0
1.0
1.0
1.0
1.0
1.0
1.0
1.0
1.0
1.0
1.0
1.0
1.0
1.0
1.0
1.0
1.0
1.0
1.0
1.0
1.0
1.0
1.0
1.0
1.0
1.0
1.0
1.0
1.0
1.0
1.0
1.0
1.0
1.0
1.0
1.0
1.0
1.0
1.0
1.0
1.0
1.0
1.0
1.0
1.0
1.0
1.0
1.0
1.0
1.0
1.0
1.0
1.0
1.0
1.0
1.0
1.0
1.0
1.0
1.0
1.0
1.0
1.0
1.0
1.0
1.0
1.0
1.0
1.0
1.0
1.0
1.0
1.0
1.0
1.0
1.0
1.0
1.0
1.0
1.0
1.0
1.0
1.0
1.0
1.0
1.0
1.0
1.0
1.0
1.0
1.0
1.0
1.0
1.0
1.0
1.0
1.0
1.0
1.0
1.0
1.0
1.0
1.0
1.0
1.0
1.0
1.0
1.0
1.0
1.0
1.0
1.0
1.0
1.0
1.0
1.0
1.0
1.0
1.0
1.0
1.0
1.0
1.0
1.0
1.0
1.0
1.0
1.0
1.0
1.0
1.0
1.0
1.0
1.0
1.0
1.0
1.0
1.0
1.0
1.0
1.0
1.0
1.0
1.0
1.0
1.0
1.0
1.0
1.0
1.0
1.0
1.0
1.0
1.0
1.0
1.0
1.0
1.0
1.0
1.0
1.0
1.0
1.0
1.0
1.0
1.0
1.0
1.0
1.0
1.0
1.0
1.0
1.0
1.0
1.0
1.0
1.0
1.0
1.0
1.0
1.0
1.0
1.0
1.0
1.0
1.0
1.0
0.191602554305
1.0
1.0
1.0
1.0
1.0
1.0
1.0
1.0
1.0
1.0
1.0
1.0
1.0
1.0
1.0
1.0
1.0
1.0
1.0
1.0
1.0
1.0
1.0
1.0
1.0
1.0
1.0
1.0
1.0
1.0
1.0
1.0
1.0
1.0
1.0
1.0
1.0
0.144499898323
0.121931842394
0.0518736562495
1.0
1.0
1.0
1.0
1.0
1.0
1.0
1.0
1.0
0.00781445141385
1.0
1.0
0.177104185678
0.177104185678
1.0
0.00971447599732
0.00971447599732
0.00971447599732
0.184448328204
1.0
0.137434167511
1.0
0.0529794344927
0.0529794344927
0.0529794344927
0.0529794344927
0.0971954464586
0.146090316064
0.126986526631
0.153170653531
0.119724855836
0.132966937895
0.140010278281
0.136047796083
1.0
1.0
0.153790323165
1.0
0.160628898942
0.160448768287
0.162950395855
0.157986260411
0.00706847650325
0.149446241898
1.0
1.0
1.0
1.0
1.0
1.0
0.0074508077623
0.120286234448
0.0074508077623
1.0
1.0
1.0
1.0
1.0
0.149446241898
0.0074508077623
1.0
1.0
1.0
1.0
1.0
1.0
1.0
1.0
1.0
1.0
1.0
1.0
1.0
1.0
1.0
1.0
1.0
1.0
1.0
1.0
1.0
1.0
1.0
1.0
1.0
1.0
1.0
1.0
1.0
1.0
0.077519778951
1.0
0.077519778951
1.0
1.0
1.0
1.0
1.0
1.0
1.0
1.0
1.0
1.0
1.0
1.0
1.0
1.0
1.0
1.0
1.0
1.0
1.0
1.0
1.0
1.0
1.0
1.0
1.0
1.0
1.0
1.0
1.0
1.0
1.0
1.0
1.0
1.0
1.0
1.0
1.0
1.0
1.0
1.0
1.0
1.0
1.0
1.0
1.0
1.0
0.0074508077623
0.0112993016474
0.0547218615408
0.135200692077
0.0895129176334
0.0337987422327
1.0
1.0
1.0
1.0
1.0
1.0
1.0
0.104371317882
1.0
0.0852913904648
0.12547578241
1.0
1.0
1.0
0.0509065199731
1.0
1.0
1.0
1.0
0.0337167003505
0.0250390799023
1.0
1.0
1.0
1.0
0.160334022211
0.136694056173
0.0635756856583
0.0490271264071
1.0
1.0
1.0
1.0
0.103535490133
1.0
1.0
1.0
1.0
0.114682593123
0.114682593123
0.114682593123
0.105380615167
0.105380615167
0.137084127024
0.13772513293
1.0
1.0
1.0
1.0
1.0
1.0
1.0
1.0
1.0
1.0
1.0
1.0
1.0
1.0
1.0
1.0
1.0
1.0
1.0
1.0
1.0
1.0
1.0
1.0
1.0
1.0
1.0
1.0
1.0
1.0
1.0
1.0
1.0
1.0
1.0
1.0
1.0
1.0
1.0
1.0
1.0
1.0
1.0
1.0
1.0
1.0
1.0
1.0
1.0
1.0
1.0
1.0
1.0
1.0
1.0
1.0
1.0
1.0
1.0
1.0
1.0
1.0
1.0
1.0
1.0
1.0
1.0
1.0
1.0
1.0
1.0
1.0
1.0
1.0
1.0
1.0
1.0
1.0
1.0
1.0
1.0
1.0
1.0
1.0
1.0
1.0
1.0
1.0
1.0
1.0
1.0
1.0
0.0335520120054
1.0
1.0
1.0
1.0
1.0
1.0
0.117266935393
0.0725454076605
1.0
0.0335520120054
1.0
1.0
0.0335520120054
1.0
1.0
1.0
1.0
1.0
1.0
1.0
1.0
1.0
1.0
1.0
1.0
1.0
1.0
1.0
1.0
1.0
1.0
1.0
1.0
1.0
1.0
1.0
1.0
0.171719620717
0.120800257845
0.120084458955
1.0
1.0
1.0
1.0
1.0
1.0
1.0
0.113211951302
0.112035265328
0.0906947421828
1.0
1.0
1.0
1.0
1.0
1.0
1.0
1.0
1.0
1.0
1.0
1.0
1.0
1.0
1.0
1.0
1.0
1.0
1.0
1.0
1.0
1.0
1.0
1.0
1.0
1.0
1.0
1.0
1.0
1.0
1.0
1.0
1.0
1.0
1.0
1.0
1.0
1.0
1.0
1.0
1.0
1.0
1.0
1.0
1.0
1.0
1.0
1.0
1.0
1.0
1.0
1.0
1.0
1.0
1.0
1.0
1.0
1.0
1.0
1.0
1.0
1.0
1.0
1.0
1.0
1.0
1.0
1.0
1.0
1.0
1.0
1.0
1.0
1.0
1.0
1.0
1.0
1.0
1.0
1.0
1.0
1.0
1.0
1.0
1.0
1.0
1.0
1.0
1.0
1.0
1.0
1.0
1.0
1.0
1.0
1.0
1.0
1.0
1.0
1.0
1.0
1.0
1.0
1.0
1.0
1.0
1.0
1.0
1.0
1.0
1.0
1.0
1.0
1.0
1.0
1.0
1.0
1.0
1.0
1.0
1.0
1.0
1.0
1.0
1.0
1.0
1.0
1.0
1.0
1.0
1.0
1.0
1.0
1.0
1.0
1.0
1.0
1.0
1.0
1.0
1.0
1.0
1.0
1.0
1.0
1.0
1.0
1.0
1.0
1.0
1.0
1.0
1.0
1.0
1.0
1.0
1.0
0.0890540534923
0.0888390790863
1.0
0.0888390790863
0.0890540534923
1.0
0.0890540534923
1.0
1.0
1.0
1.0
1.0
1.0
1.0
1.0
1.0
1.0
0.180224053695
1.0
1.0
1.0
1.0
1.0
0.161412300824
1.0
0.00881581674032
1.0
1.0
1.0
1.0
1.0
1.0
1.0
1.0
1.0
1.0
1.0
1.0
1.0
1.0
1.0
1.0
1.0
1.0
1.0
1.0
1.0
1.0
1.0
1.0
1.0
1.0
1.0
1.0
1.0
1.0
1.0
1.0
1.0
1.0
1.0
1.0
1.0
1.0
1.0
1.0
1.0
1.0
1.0
1.0
1.0
1.0
1.0
0.00881581674032
1.0
1.0
1.0
1.0
1.0
1.0
0.128122805598
0.0856433994285
0.0967179731559
0.0886235661764
0.0848412032192
0.0856433994285
0.122767778506
0.0886235661764
1.0
1.0
1.0
1.0
1.0
1.0
1.0
1.0
1.0
1.0
0.171719620717
0.170178412589
1.0
1.0
1.0
0.170178412589
1.0
1.0
1.0
1.0
1.0
1.0
1.0
1.0
1.0
1.0
1.0
0.171719620717
0.170178412589
1.0
1.0
1.0
1.0
1.0
0.170178412589
0.170178412589
1.0
0.170178412589
1.0
1.0
1.0
1.0
1.0
1.0
1.0
1.0
1.0
1.0
1.0
1.0
1.0
1.0
1.0
1.0
1.0
1.0
1.0
1.0
1.0
1.0
1.0
1.0
1.0
1.0
1.0
1.0
1.0
1.0
1.0
1.0
1.0
1.0
1.0
1.0
1.0
1.0
0.172612720546
0.127808256421
0.109444191704
0.089634871611
1.0
1.0
1.0
1.0
1.0
0.136733117392
0.0706654401641
1.0
1.0
1.0
1.0
1.0
1.0
1.0
1.0
1.0
1.0
1.0
1.0
1.0
1.0
1.0
1.0
1.0
1.0
1.0
1.0
1.0
1.0
1.0
1.0
1.0
1.0
1.0
1.0
1.0
0.160465153118
0.128791096306
0.0885927344292
1.0
1.0
1.0
1.0
1.0
1.0
1.0
1.0
1.0
1.0
1.0
1.0
1.0
1.0
1.0
1.0
1.0
1.0
1.0
1.0
1.0
1.0
1.0
1.0
1.0
1.0
1.0
1.0
0.0840311200336
1.0
1.0
1.0
1.0
0.00881581674032
0.00881581674032
0.117220903381
0.16871421193
0.0929531753744
0.0931583392187
0.168233304673
0.171962337315
1.0
1.0
1.0
1.0
1.0
1.0
1.0
1.0
1.0
0.0886235661764
0.0886235661764
1.0
1.0
1.0
1.0
1.0
1.0
0.165409775472
0.136400711673
0.0966052701325
1.0
1.0
1.0
1.0
0.00408105478478
0.00408105478478
0.00408105478478
0.00408105478478
0.00408105478478
0.00408105478478
0.00408105478478
0.00408105478478
1.0
1.0
1.0
1.0
1.0
1.0
1.0
1.0
0.0684925487963
0.0397460514506
0.0398156096069
1.0
1.0
1.0
1.0
1.0
1.0
1.0
1.0
1.0
1.0
1.0
1.0
1.0
1.0
1.0
1.0
1.0
1.0
1.0
1.0
1.0
1.0
1.0
1.0
0.155785456768
1.0
1.0
1.0
1.0
1.0
1.0
0.00666424205749
0.177543289087
1.0
1.0
1.0
1.0
1.0
1.0
1.0
1.0
1.0
1.0
1.0
1.0
1.0
1.0
1.0
1.0
1.0
1.0
1.0
1.0
1.0
1.0
1.0
1.0
1.0
1.0
1.0
1.0
1.0
0.00942445219516
1.0
1.0
1.0
1.0
1.0
1.0
1.0
0.00942445219516
1.0
1.0
1.0
1.0
1.0
1.0
1.0
1.0
1.0
1.0
1.0
1.0
1.0
1.0
1.0
1.0
1.0
1.0
1.0
1.0
1.0
1.0
1.0
1.0
1.0
1.0
1.0
1.0
1.0
1.0
1.0
1.0
1.0
1.0
1.0
1.0
1.0
1.0
1.0
1.0
1.0
1.0
1.0
1.0
1.0
1.0
1.0
1.0
1.0
1.0
1.0
1.0
1.0
1.0
1.0
1.0
1.0
1.0
1.0
1.0
1.0
1.0
1.0
1.0
1.0
1.0
1.0
1.0
1.0
1.0
1.0
1.0
1.0
1.0
1.0
1.0
1.0
1.0
1.0
1.0
1.0
1.0
1.0
1.0
1.0
1.0
1.0
1.0
1.0
1.0
1.0
1.0
1.0
1.0
1.0
1.0
1.0
1.0
1.0
1.0
1.0
1.0
1.0
1.0
1.0
1.0
1.0
1.0
1.0
1.0
1.0
1.0
1.0
1.0
1.0
1.0
1.0
1.0
1.0
1.0
1.0
1.0
1.0
1.0
1.0
1.0
1.0
1.0
1.0
1.0
0.169162696705
0.171506924184
1.0
1.0
1.0
1.0
1.0
1.0
1.0
1.0
1.0
1.0
1.0
1.0
1.0
1.0
1.0
1.0
1.0
1.0
1.0
1.0
1.0
1.0
0.00408105478478
0.0227166738807
0.0227166738807
0.0227166738807
1.0
0.0822200226951
1.0
1.0
1.0
1.0
1.0
1.0
1.0
1.0
0.164663550925
0.122042181956
0.104371317882
0.0407768876953
1.0
1.0
1.0
1.0
1.0
1.0
1.0
0.164169276869
1.0
0.0223474586466
1.0
0.0965770730289
0.0877560500017
0.0877560500017
0.0961247508687
0.00971447599732
0.00971447599732
0.00971447599732
0.149357586289
0.0265438623066
0.110796570666
0.0179415300904
0.0409123573515
0.0409123573515
0.0409123573515
0.0409123573515
0.0951275090703
0.136459435087
0.0974192983844
0.126605343006
0.0845181290324
0.095641724297
0.121200922543
0.124637614926
0.173365498751
0.174532468085
0.111623974234
1.0
0.120398176867
0.120398176867
0.121112007617
0.120196600833
0.0700404167182
0.0392556714717
1.0
1.0
1.0
1.0
1.0
1.0
0.0333034455866
0.01224234866
0.0321179293297
1.0
1.0
1.0
1.0
1.0
0.0392556714717
0.0637054756636
1.0
1.0
1.0
1.0
1.0
1.0
1.0
1.0
1.0
1.0
1.0
1.0
1.0
1.0
1.0
1.0
1.0
1.0
1.0
1.0
1.0
1.0
1.0
1.0
1.0
1.0
1.0
1.0
1.0
1.0
1.0
0.039396406803
1.0
1.0
1.0
1.0
1.0
1.0
1.0
1.0
1.0
1.0
1.0
1.0
1.0
1.0
1.0
1.0
1.0
1.0
1.0
1.0
1.0
1.0
1.0
1.0
1.0
1.0
1.0
1.0
0.163030898996
0.161347179425
1.0
1.0
1.0
1.0
1.0
1.0
1.0
1.0
1.0
1.0
1.0
1.0
1.0
1.0
1.0
1.0
0.0833115400772
0.055621970183
0.0332201749557
0.0159786052488
0.00623384493554
0.0023562111598
1.0
1.0
1.0
1.0
1.0
1.0
0.00971447599732
0.0218454471067
0.0876625763048
1.0
0.127092194132
0.107015323093
0.0993008657333
0.0244791905804
0.00942445219516
0.00881581674032
0.00849515715824
1.0
1.0
1.0
0.0296042046112
0.021331601541
1.0
1.0
1.0
1.0
0.172748495631
0.123270810582
0.0522976927078
0.0405045800188
1.0
1.0
1.0
1.0
0.0969148758319
0.00912521193235
1.0
1.0
1.0
0.0996017625412
0.0996017625412
0.0996017625412
0.0968024109698
0.0968024109698
0.102480686476
0.10293035735
1.0
1.0
1.0
1.0
1.0
1.0
1.0
1.0
1.0
1.0
1.0
1.0
1.0
1.0
1.0
1.0
1.0
1.0
1.0
1.0
1.0
1.0
1.0
1.0
1.0
1.0
1.0
1.0
1.0
1.0
1.0
1.0
1.0
1.0
1.0
1.0
1.0
1.0
1.0
1.0
1.0
1.0
1.0
1.0
1.0
1.0
1.0
1.0
1.0
1.0
1.0
1.0
1.0
1.0
1.0
1.0
1.0
1.0
1.0
1.0
1.0
1.0
1.0
1.0
1.0
1.0
1.0
1.0
1.0
1.0
1.0
1.0
1.0
1.0
1.0
1.0
1.0
1.0
1.0
1.0
1.0
1.0
1.0
1.0
1.0
1.0
1.0
1.0
1.0
1.0
1.0
1.0
0.0752937613716
1.0
0.112589200633
0.112589200633
1.0
0.188727012596
1.0
0.109765425308
0.183452054545
0.112589200633
0.0752937613716
0.188727012596
1.0
0.0752937613716
0.188727012596
1.0
0.132159310149
0.170683708927
0.189148696569
0.149002384641
0.186519090335
0.158236094435
0.164009477341
0.169363306406
0.17043892844
0.0943507332574
0.105432101569
0.170683708927
1.0
0.158850485054
0.170683708927
1.0
