0.0
0.0
0.0
0.0
0.0
0.0
0.0
0.0
0.00777761677722
-4.16333634234e-17
1.11022302463e-16
-1.11022302463e-16
0.0
-1.38777878078e-17
-3.46944695195e-18
-4.33680868994e-19
0.00272156201377
6.77626357803e-21
0.0
0.0
0.0
0.0
-5.16987882846e-26
-2.58493941423e-26
0.0
0.0
6.31088724177e-30
9.86076131526e-32
-3.08148791102e-33
0.0
0.0
0.0
2.93873587706e-39
0.0
1.43492962747e-42
7.17464813734e-42
0.0
0.0
0.0
0.0
0.0
0.0
0.0
0.0
0.0
0.0
0.0
0.0
0.0
0.0
0.0
0.0
0.0
0.0
0.0
0.0
0.0
0.0
0.0
0.0
0.0
0.0
0.0
0.0
0.0
0.0
0.0
0.0
0.0
0.0
0.0
0.0
0.0
0.0
0.0
0.0
0.0
0.0
0.0
0.0
0.0
0.0
0.0
0.0
0.0
0.0
0.0
0.0
0.0
0.0
0.0
0.0
0.0
0.0
0.0
0.0
0.0
0.0
0.0
0.0
0.0
0.0
0.0
0.0
0.0
0.0
0.0
0.0
0.0
0.0
0.0
0.0
0.0
0.0
0.0
0.0
0.0
0.0
0.0
0.0
0.0
0.0
0.0
0.0
0.0
0.0
0.0
0.0
0.0
0.0
0.0
0.0
0.0
0.0
0.0
0.0
0.0
0.0
0.0
0.0
0.0
0.0
0.0
0.0
0.0
0.0
0.0
0.0
0.0
0.0
0.0
0.0
0.0
0.0
0.0
0.0
0.0
0.0
0.0
0.0
0.0
0.0
0.0
0.0
0.0
0.0
0.0
0.0
0.0
0.0
0.0
0.0
0.0
0.0
0.0
0.0
0.00868547037303
0.0
0.0
0.0
0.00868547037303
0.0
0.00868547037303
0.0
0.0
0.0
0.0
0.0
0.0
0.0
0.0
0.0
0.0
0.0
0.0
0.0
0.0
0.0
0.0
-0.00276285992114
-0.00230742448147
0.0
-0.00230742448147
-0.00230742448147
0.0
-0.00230742448147
0.0
0.0
0.0
0.0
0.0
0.0
0.0
0.0
0.0
0.0
0.0
0.0
0.0
0.0
0.0
0.0
0.0
0.0
0.0
0.0
0.0
0.0
0.0
0.0
0.0
0.0
0.0
0.0
0.0
0.0
0.0
0.0
0.0
0.0
0.0
0.0
0.0
0.0
0.0
0.0
0.0
0.0
0.0
-0.0104141180556
0.0
0.0
0.0
0.0
0.0
0.0
0.0
0.00392341608588
0.0
-0.043604832855
0.0
0.00392341608588
0.0
-0.043604832855
0.0
0.0
0.0
0.0
0.0
0.0
0.0
0.0
0.0
0.0
0.0
0.0
0.0
0.0
0.0
0.0
0.0
0.0
0.0
0.0
0.0
0.0
0.0
0.0
0.0
0.0
0.0
0.0
0.0
0.0
0.0
0.0
0.0
0.0
0.0
0.0
0.0
0.0
0.0
0.0
0.0
0.0
0.0
0.0
0.0
0.0
0.0
0.0
0.0
0.0
0.0
0.0
0.0
0.0
0.0
0.0
0.0
0.0
0.0
0.0
0.0
0.0
0.0
0.0
0.0
0.0
0.0
0.0
0.0
0.0
0.0
0.0
0.0
0.0
0.0
0.0
0.0
0.0
0.0
0.00059620155046
0.0
0.0
0.0
0.0
0.0
0.0
0.0
0.0
0.0
0.0
0.0
0.0
0.0
0.0
0.0
0.0
0.0
0.0
0.0
0.0
0.0
0.0
0.0
0.0
0.0
0.0
0.0
0.0
0.0
0.0
0.0
0.0
0.0
0.0
0.0
0.0
0.0
0.0
-0.00193176159205
0.0
0.0
0.0
0.0
0.0
0.0
0.0
0.0
0.0
0.0
0.0
0.0
0.0
0.0
0.0
0.0
0.0
0.0
0.0
0.0
0.0
0.0
0.0
0.0
0.0
0.0
0.0
0.0
0.000555590330955
0.0
0.0
0.0
0.0
-0.0278931452929
-0.0278931452929
0.0
0.0
0.00551663051996
0.00347243802795
0.0
0.0
0.0
0.0
0.0
0.0
0.0
0.0
0.0
0.0
0.0
-0.043604832855
-0.043604832855
0.0
0.0
0.0
0.0
0.0
0.0
-0.0101002744387
-0.179995987211
-0.226857512676
0.0
0.0
0.0
0.0
0.0
0.0
0.0
0.0
0.0
0.0
0.0
0.0
0.0
0.0
0.0
0.0
0.0
0.0
0.0
0.0
0.0
-0.00297525690889
0.0
0.0
0.0
0.0
0.0
0.0
0.0
0.0
0.0
0.0
0.0
0.0
0.0
0.0
0.0
0.0
0.0
0.0
0.0
0.0
0.0
0.0
0.0
0.0
0.0
0.0
0.0
0.0
0.0
0.0
0.0
0.0
0.0
0.0
0.0
0.0
0.0
0.0
0.0
0.0
0.0
0.0
0.0
0.0
0.0
0.0
0.0
0.0
0.0
0.0
0.0
0.0
0.0
0.0
0.0
0.0
0.0
0.0
0.0
0.0
0.0
0.0
0.0
0.0
0.0
0.0
0.0
0.0
0.0
0.0
0.0
0.0
0.0
0.0
0.0
0.0
0.0
0.0
0.0
0.0
0.0
0.0
0.0
0.0
0.0
0.0
0.0
0.0
0.0
0.0
0.0
0.0
0.0
0.0
0.0
0.0
0.0
0.0
0.0
0.0
0.0
0.0
0.0
0.0
0.0
0.0
0.0
0.0
0.0
0.0
0.0
0.0
0.0
0.0
0.0
0.0
0.0
0.0
0.0
0.0
0.0
0.0
0.0
0.0
0.0
0.0
0.0
0.0
0.0
0.0
0.0
0.0
0.0
0.0
0.0
0.0
0.0
0.0
0.0
0.0
0.0
0.0
0.0
0.0
0.0
0.0
0.0
0.0
0.0
0.0
0.0
0.0
0.0
0.0
0.0
0.0
0.0
0.0
0.0
0.0
0.0
0.0
0.0
0.0
0.0
0.0
0.0
0.0
0.0
0.0
0.0
0.0
0.0
0.0
0.0
0.0
0.0
0.0
0.0
0.0
0.0
0.0
0.0
0.0
0.0
0.0
0.0
0.0
0.0
0.0
0.0
0.0
0.0
0.0
0.0
0.0
0.0
0.0
0.0
0.0
0.0
0.0
0.0
0.00812553108203
0.0
0.0
0.0
0.0
0.0
0.0
0.0
0.0
0.0
0.0
0.0
0.0
0.0
0.0
0.0
0.0
0.0
0.0
0.0
0.0
0.0
0.0
0.0
0.0
0.0
0.0
0.0
0.0
0.0
0.0
0.0
0.0
0.0
0.0
0.0
0.0
0.0
-0.000404141126552
-0.00295140958872
-0.00608259637911
0.0
0.0
0.0
0.0
0.0
0.0
0.0
0.0
0.0
0.000351947749916
0.0
0.0
-0.0412143707895
-0.0412143707895
0.0
-0.0352202055582
-0.0352202055582
-0.0352202055582
-0.00976931833506
0.0
-0.0064343533955
0.0
-0.00562018277297
-0.00562018277297
-0.00562018277297
-0.00562018277297
0.00195019407098
0.00364720411841
0.00405602591113
-0.000268743957662
0.00280970988577
0.00233357846832
0.000456428201327
0.00448600719102
0.0
0.0
-0.0261505816235
0.0
-0.0296204386556
-0.0298647653185
-0.0903749473509
-0.0282863130883
0.000677325882124
0.00503285636404
0.0
0.0
0.0
0.0
0.0
0.0
0.000268002724949
0.00370901483829
-4.24473367249e-05
0.0
0.0
0.0
0.0
0.0
0.00503285636404
0.000692043625869
0.0
0.0
0.0
0.0
0.0
0.0
0.0
0.0
0.0
0.0
0.0
0.0
0.0
0.0
0.0
0.0
0.0
0.0
0.0
0.0
0.0
0.0
0.0
0.0
0.0
0.0
0.0
0.0
0.0
0.0
-0.0843268676299
0.0
-0.0843268676299
0.0
0.0
0.0
0.0
0.0
0.0
0.0
0.0
0.0
0.0
0.0
0.0
0.0
0.0
0.0
0.0
0.0
0.0
0.0
0.0
0.0
0.0
0.0
0.0
0.0
0.0
0.0
0.0
0.0
0.0
0.0
0.0
0.0
0.0
0.0
0.0
0.0
0.0
0.0
0.0
0.0
0.0
0.0
0.0
0.0
0.0
0.000628785051848
0.000453385172545
0.0013403959785
0.00282351832917
0.00328872604801
0.00136957724492
0.0
0.0
0.0
0.0
0.0
0.0
0.0
-0.0958931850346
0.0
-0.00401340763906
-0.22728727496
0.0
0.0
0.0
-0.00962376970723
0.0
0.0
0.0
0.0
-0.0050100860284
-0.00646648155607
0.0
0.0
0.0
0.0
-0.0164776380223
-0.0163479082688
-0.00432339026818
-0.0060129158171
0.0
0.0
0.0
0.0
-0.26473519835
0.0
0.0
0.0
0.0
-0.258274291761
-0.258274291761
-0.258274291761
-0.26372066809
-0.26372066809
-0.226169130989
-0.22839466321
0.0
0.0
0.0
0.0
0.0
0.0
0.0
0.0
0.0
0.0
0.0
0.0
0.0
0.0
0.0
0.0
0.0
0.0
0.0
0.0
0.0
0.0
0.0
0.0
0.0
0.0
0.0
0.0
0.0
0.0
0.0
0.0
0.0
0.0
0.0
0.0
0.0
0.0
0.0
0.0
0.0
0.0
0.0
0.0
0.0
0.0
0.0
0.0
0.0
0.0
0.0
0.0
0.0
0.0
0.0
0.0
0.0
0.0
0.0
0.0
0.0
0.0
0.0
0.0
0.0
0.0
0.0
0.0
0.0
0.0
0.0
0.0
0.0
0.0
0.0
0.0
0.0
0.0
0.0
0.0
0.0
0.0
0.0
0.0
0.0
0.0
0.0
0.0
0.0
0.0
0.0
0.0
0.00197716936533
0.0
0.0
0.0
0.0
0.0
0.0
0.00456097714358
0.00338533463759
0.0
0.00197716936533
0.0
0.0
0.00197716936533
0.0
0.0
0.0
0.0
0.0
0.0
0.0
0.0
0.0
0.0
0.0
0.0
0.0
0.0
0.0
0.0
0.0
0.0
0.0
0.0
0.0
0.0
0.0
0.0
0.0100565160357
0.00799827499288
0.00448828486081
0.0
0.0
0.0
0.0
0.0
0.0
0.0
-0.226969159407
-0.00045526723313
0.00320895687131
0.0
0.0
0.0
0.0
0.0
0.0
0.0
0.0
0.0
0.0
0.0
0.0
0.0
0.0
0.0
0.0
0.0
0.0
0.0
0.0
0.0
0.0
0.0
0.0
0.0
0.0
0.0
0.0
0.0
0.0
0.0
0.0
0.0
0.0
0.0
0.0
0.0
0.0
0.0
0.0
0.0
0.0
0.0
0.0
0.0
0.0
0.0
0.0
0.0
0.0
0.0
0.0
0.0
0.0
0.0
0.0
0.0
0.0
0.0
0.0
0.0
0.0
0.0
0.0
0.0
0.0
0.0
0.0
0.0
0.0
0.0
0.0
0.0
0.0
0.0
0.0
0.0
0.0
0.0
0.0
0.0
0.0
0.0
0.0
0.0
0.0
0.0
0.0
0.0
0.0
0.0
0.0
0.0
0.0
0.0
0.0
0.0
0.0
0.0
0.0
0.0
0.0
0.0
0.0
0.0
0.0
0.0
0.0
0.0
0.0
0.0
0.0
0.0
0.0
0.0
0.0
0.0
0.0
0.0
0.0
0.0
0.0
0.0
0.0
0.0
0.0
0.0
0.0
0.0
0.0
0.0
0.0
0.0
0.0
0.0
0.0
0.0
0.0
0.0
0.0
0.0
0.0
0.0
0.0
0.0
0.0
0.0
0.0
0.0
0.0
0.0
0.0
0.0
0.0
0.0
0.0
0.0
0.0253187467916
0.00933177994116
0.0
0.00933177994116
0.0253187467916
0.0
0.0253187467916
0.0
0.0
0.0
0.0
0.0
0.0
0.0
0.0
0.0
0.0
0.0165860124451
0.0
0.0
0.0
0.0
0.0
0.00564465419882
0.0
0.00108706704735
0.0
0.0
0.0
0.0
0.0
0.0
0.0
0.0
0.0
0.0
0.0
0.0
0.0
0.0
0.0
0.0
0.0
0.0
0.0
0.0
0.0
0.0
0.0
0.0
0.0
0.0
0.0
0.0
0.0
0.0
0.0
0.0
0.0
0.0
0.0
0.0
0.0
0.0
0.0
0.0
0.0
0.0
0.0
0.0
0.0
0.0
0.0
0.00178704201222
0.0
0.0
0.0
0.0
0.0
0.0
0.00041197888104
0.00597046725029
-0.00368511323713
0.0252639663788
0.00482313495925
0.00597046725029
0.0224025712709
0.0252639663788
0.0
0.0
0.0
0.0
0.0
0.0
0.0
0.0
0.0
0.0
0.0100565160357
0.0176234803894
0.0
0.0
0.0
0.0176234803894
0.0
0.0
0.0
0.0
0.0
0.0
0.0
0.0
0.0
0.0
0.0
0.0100565160357
0.0176234803894
0.0
0.0
0.0
0.0
0.0
0.0176234803894
0.0176234803894
0.0
0.0176234803894
0.0
0.0
0.0
0.0
0.0
0.0
0.0
0.0
0.0
0.0
0.0
0.0
0.0
0.0
0.0
0.0
0.0
0.0
0.0
0.0
0.0
0.0
0.0
0.0
0.0
0.0
0.0
0.0
0.0
0.0
0.0
0.0
0.0
0.0
0.0
0.0
0.0
0.0
0.00923708132175
0.00841361216391
0.00549088820238
0.00387222827813
0.0
0.0
0.0
0.0
0.0
0.00646615333028
0.00207226853826
0.0
0.0
0.0
0.0
0.0
0.0
0.0
0.0
0.0
0.0
0.0
0.0
0.0
0.0
0.0
0.0
0.0
0.0
0.0
0.0
0.0
0.0
0.0
0.0
0.0
0.0
0.0
0.0
0.0
0.0069158815171
0.00530024763114
0.00452665463337
0.0
0.0
0.0
0.0
0.0
0.0
0.0
0.0
0.0
0.0
0.0
0.0
0.0
0.0
0.0
0.0
0.0
0.0
0.0
0.0
0.0
0.0
0.0
0.0
0.0
0.0
0.0
0.0
0.00344740263259
0.0
0.0
0.0
0.0
0.00108706704735
0.00108706704735
-0.00173748148331
0.0139911529089
0.00477889656285
0.00453754140335
0.0109884691458
0.0102460826212
0.0
0.0
0.0
0.0
0.0
0.0
0.0
0.0
0.0
0.0252639663788
0.0252639663788
0.0
0.0
0.0
0.0
0.0
0.0
0.00739404516063
0.00277744490464
-0.00513212370207
0.0
0.0
0.0
0.0
0.00142524565705
0.00142524565705
0.00142524565705
0.00142524565705
0.00142524565705
0.00142524565705
0.00142524565705
0.00142524565705
0.0
0.0
0.0
0.0
0.0
0.0
0.0
0.0
-0.180143647415
-0.104094087301
-0.105236564898
0.0
0.0
0.0
0.0
0.0
0.0
0.0
0.0
0.0
0.0
0.0
0.0
0.0
0.0
0.0
0.0
0.0
0.0
0.0
0.0
0.0
0.0
0.0
0.0
0.00603458197817
0.0
0.0
0.0
0.0
0.0
0.0
0.000313109992103
0.00691552646286
0.0
0.0
0.0
0.0
0.0
0.0
0.0
0.0
0.0
0.0
0.0
0.0
0.0
0.0
0.0
0.0
0.0
0.0
0.0
0.0
0.0
0.0
0.0
0.0
0.0
0.0
0.0
0.0
0.0
-0.035067174657
0.0
0.0
0.0
0.0
0.0
0.0
0.0
-0.035067174657
0.0
0.0
0.0
0.0
0.0
0.0
0.0
0.0
0.0
0.0
0.0
0.0
0.0
0.0
0.0
0.0
0.0
0.0
0.0
0.0
0.0
0.0
0.0
0.0
0.0
0.0
0.0
0.0
0.0
0.0
0.0
0.0
0.0
0.0
0.0
0.0
0.0
0.0
0.0
0.0
0.0
0.0
0.0
0.0
0.0
0.0
0.0
0.0
0.0
0.0
0.0
0.0
0.0
0.0
0.0
0.0
0.0
0.0
0.0
0.0
0.0
0.0
0.0
0.0
0.0
0.0
0.0
0.0
0.0
0.0
0.0
0.0
0.0
0.0
0.0
0.0
0.0
0.0
0.0
0.0
0.0
0.0
0.0
0.0
0.0
0.0
0.0
0.0
0.0
0.0
0.0
0.0
0.0
0.0
0.0
0.0
0.0
0.0
0.0
0.0
0.0
0.0
0.0
0.0
0.0
0.0
0.0
0.0
0.0
0.0
0.0
0.0
0.0
0.0
0.0
0.0
0.0
0.0
0.0
0.0
0.0
0.0
0.0
0.0
0.0
0.0
0.0
0.0
0.0
0.0
0.00640173828268
0.00638156758411
0.0
0.0
0.0
0.0
0.0
0.0
0.0
0.0
0.0
0.0
0.0
0.0
0.0
0.0
0.0
0.0
0.0
0.0
0.0
0.0
0.0
0.0
0.000166704242927
0.00181562506151
0.00181562506151
0.00181562506151
0.0
0.00606915378061
0.0
0.0
0.0
0.0
0.0
0.0
0.0
0.0
-0.0975775166126
-0.0512313422252
-0.195451138558
-0.113284283608
0.0
0.0
0.0
0.0
0.0
0.0
0.0
0.00637038759836
0.0
0.00112649466521
0.0
-0.0104251809808
0.00442685878528
0.00442685878528
-0.007036112423
-0.00197916641666
-0.00197916641666
-0.00197916641666
0.0117314184839
0.00309745207835
0.00872348235454
0.00222634842453
0.00525690011813
0.00525690011813
0.00525690011813
0.00525690011813
0.00131010958565
0.00700869401611
0.00495012302808
0.00611933143149
0.00402427879713
0.00463666250644
0.0056347312941
0.00612673784833
0.0125852462085
-0.0160011902945
-0.0379858330029
0.0
0.00960173590722
0.00960173590722
0.0101936188437
0.00953332586231
0.0101722078789
0.00378495700532
0.0
0.0
0.0
0.0
0.0
0.0
0.00160217895884
0.00142051715936
0.00413827357826
0.0
0.0
0.0
0.0
0.0
0.00378495700532
0.0110845817575
0.0
0.0
0.0
0.0
0.0
0.0
0.0
0.0
0.0
0.0
0.0
0.0
0.0
0.0
0.0
0.0
0.0
0.0
0.0
0.0
0.0
0.0
0.0
0.0
0.0
0.0
0.0
0.0
0.0
0.0
0.0
-0.110883780013
0.0
0.0
0.0
0.0
0.0
0.0
0.0
0.0
0.0
0.0
0.0
0.0
0.0
0.0
0.0
0.0
0.0
0.0
0.0
0.0
0.0
0.0
0.0
0.0
0.0
0.0
0.0
0.0
0.0111336845237
0.00942693046809
0.0
0.0
0.0
0.0
0.0
0.0
0.0
0.0
0.0
0.0
0.0
0.0
0.0
0.0
0.0
0.0
0.00570468723525
0.00356474707488
0.00235632363455
0.0014901429467
0.000623838170147
0.000255117494706
0.0
0.0
0.0
0.0
0.0
0.0
-0.000381750481184
-0.0019070424058
0.0213397342659
0.0
-0.0433768334408
-0.00794313543618
-0.253494605596
-0.0169277417745
-0.035067174657
-0.0254078800479
-0.0321692616555
0.0
0.0
0.0
-0.00140665383771
6.68062084816e-05
0.0
0.0
0.0
0.0
0.00706047024684
0.00349683149593
-4.74424760204e-05
0.00046158363385
0.0
0.0
0.0
0.0
0.00587294624907
0.000527641569967
0.0
0.0
0.0
0.0059964109132
0.0059964109132
0.0059964109132
0.00546095458472
0.00546095458472
0.00571928904799
0.00573549155032
0.0
0.0
0.0
0.0
0.0
0.0
0.0
0.0
0.0
0.0
0.0
0.0
0.0
0.0
0.0
0.0
0.0
0.0
0.0
0.0
0.0
0.0
0.0
0.0
0.0
0.0
0.0
0.0
0.0
0.0
0.0
0.0
0.0
0.0
0.0
0.0
0.0
0.0
0.0
0.0
0.0
0.0
0.0
0.0
0.0
0.0
0.0
0.0
0.0
0.0
0.0
0.0
0.0
0.0
0.0
0.0
0.0
0.0
0.0
0.0
0.0
0.0
0.0
0.0
0.0
0.0
0.0
0.0
0.0
0.0
0.0
0.0
0.0
0.0
0.0
0.0
0.0
0.0
0.0
0.0
0.0
0.0
0.0
0.0
0.0
0.0
0.0
0.0
0.0
0.0
0.0
0.0
0.00497865707642
0.0
0.00433621313537
0.00433621313537
0.0
0.00885010076666
0.0
0.00511637632886
0.0102788828223
0.00433621313537
0.00497865707642
0.00885010076666
0.0
0.00497865707642
0.00885010076666
0.0
-0.00178376021882
0.00228456618776
0.0200567157686
-0.174739395027
0.0115821655287
0.00591925047957
0.00585106122899
0.00150868571762
0.00180166577891
0.00399199093187
0.00952061685518
-0.000137183135737
0.0
0.0212370923325
-0.000137183135737
0.0
