0.0
0.0
0.0
0.0
0.0
0.0
0.0
0.0
-4.84816090968e-05
2.43795779393e-05
0.0306442754485
0.010229790634
-6.66133814775e-16
-5.55111512313e-17
0.0
0.0740307528636
-0.00019485166439
-3.38813178902e-21
0.034740663438
0.0140718000301
0.0
2.58493941423e-26
0.0
0.0747187242184
0.0
0.0
0.0335544852115
0.0157972671472
1.88079096132e-37
0.0
0.0
0.0725415726293
0.0
0.0
0.0202994648155
0.00850104131577
0.0
0.0
0.00664552530515
0.0724681584811
0.0
0.0
0.139230252241
0.136004900502
0.0
-0.000137875368835
-0.000190861965507
-0.00013454929197
0.0
0.0
0.0
0.0
0.0
0.00243916646814
0.0
0.0367253126206
0.0
0.0
0.0
0.0
0.0
0.00411667831741
0.0
0.0530229974329
0.0
0.0
0.0
0.0
0.0
0.0302173873888
0.0
0.0601673893221
0.0
0.0
0.0
0.0
0.0
-0.000185521143843
0.0
0.0458540080014
0.0
0.0
0.0
0.0
0.0
0.000138992678449
0.0
0.0376820598468
0.10261893933
0.115124259845
0.109323573532
0.116105845738
0.0999762009895
0.113331463156
0.121563069787
0.0849048574567
0.0
0.0
0.0
-0.000122107323548
0.0
-7.74851015557e-05
0.0
0.0471411933636
-0.000102985326655
0.0
0.0
-0.000125577736697
0.0
0.000286783048077
0.0
0.052082730385
0.0
0.0
0.0
0.0
0.0
-0.00015399902979
0.0
0.0441733121214
-0.000193143684222
0.0
-0.000181215650043
-0.000213322815901
0.0
0.0
-0.000284390021139
0.0301975055975
-0.000223493614408
0.0
-0.000179992470458
-0.000216566875725
-0.0002521355221
0.0
0.0
0.0428089383448
0.11146491407
0.0810759760359
0.0905613054386
0.108458260759
0.126497106907
0.149947645536
0.151163462697
0.0
0.00664552530515
0.0596152763552
0.0632430309694
0.0432340853596
-0.000330506846521
-0.000226357074097
0.00117607830006
-0.000208577999878
0.0
0.0
0.0
0.0
0.0
0.0
0.0
0.0
0.0
0.0
0.0
0.0
0.0
0.0
0.0
0.0
0.0
0.0
0.0
0.0
0.0
0.0
0.0
0.0
0.0
-0.000279327084782
-0.000279327084782
-0.000279327084782
-0.000279327084782
-0.000279327084782
-0.000279327084782
-0.000279327084782
0.0
0.0
0.0
0.0
0.0
0.0
0.0
0.0
0.0
0.0
0.0
0.0
0.0
0.0
0.0
0.0
0.0
-0.000151676545566
-0.00223662642034
0.0
0.0
0.0
0.0
0.0
-0.000202790038137
0.0
0.0
0.0350633786288
0.0
0.0
0.0
0.0
0.0
0.0
0.0
0.0607682058091
0.0
0.0
0.0
0.0
-0.000103674572004
0.0
0.0
0.00402714650572
0.0
0.0
0.0
0.0
-0.000262891173103
-9.80442767648e-05
0.0
9.08494614979e-05
0.0920899995439
0.0721867578868
0.0946565607608
0.139774188087
0.0
0.0
0.0
0.0
0.0
0.0
0.0
0.0
0.123668276539
0.134428889452
0.115318309053
0.105536133654
0.0334834171193
0.192144971533
0.169541931242
0.116657948024
0.0
0.0
0.0
0.0
0.0
0.0
0.0
0.0
0.0
-0.000277075748531
0.0289631818629
0.0289631818629
0.0289631818629
0.0289631818629
0.0289631818629
0.0289631818629
0.163954435641
0.0
0.0
0.0
0.0
0.0
0.0
0.0
0.0
0.0
0.0
-0.000250500856755
0.0
0.0
0.0
0.0
0.0
0.0
0.0
-0.000255869402612
0.0
0.0
0.0
0.0
-0.000287815538039
0.000133773310745
0.000100031215952
-0.00028170394487
-0.000258522372187
-0.000267884446939
-0.000211389420543
-0.000267659975084
0.00363284248202
6.58165178554e-05
0.0224807194312
0.000353167162498
-0.00024477225751
-0.000241668996209
-2.33965356271e-05
2.79098003744e-05
0.0
0.0
0.0
0.0
0.0
0.0
0.0
0.0
0.0
0.0
0.0
0.0
0.0
0.0
0.0
0.0
0.0
-0.000197392596259
-8.90894815711e-05
0.0100181424598
0.0
0.0
0.0665629111337
0.0
-0.0001979456715
-0.000186832040626
0.0
0.00996128755833
0.0
0.0
0.0619583589083
0.0
-0.000258890796993
-0.000264605835207
-0.000286823061279
0.01598348537
-0.000269990611835
-0.000268317919756
0.0631484272188
0.0
0.0277021474571
0.00372845582043
0.0342613573373
0.0
0.00190071247014
-0.000221129685934
0.0743094633511
0.0
5.73630046857e-07
0.000230247572959
-0.000280721819244
0.0
0.0
0.0
0.0
0.0
0.0926791695102
0.122245909339
0.121953406952
0.0789705001909
0.133580477727
0.133580477727
0.133580477727
0.0
0.0
0.0
0.0
0.0
0.0
0.0
0.0
-0.000380248932177
-0.000208054210092
0.0
-0.000282387993681
-0.000218380983682
-0.000216759291032
-0.000293294167754
-0.000236909132111
0.0
-0.000245353279218
-0.000296906500002
-0.000245455750904
-0.000272087554704
-0.000265037555328
0.000142055562822
0.000142055562822
-0.000300339704482
9.22364156225e-05
1.25176890891e-05
0.0269254959484
0.000130832471388
0.000129826237625
0.000375640996378
0.0448708394655
-0.000221446109128
-0.000257531139925
0.0
0.0
0.0
0.0
0.0
0.0
0.0
0.0
-0.000322232418407
0.0822582453013
0.0804084477952
0.0853320150086
0.117853549038
0.125949048508
0.148340054811
-0.000166992356896
0.0
0.0
0.0
0.0
0.0
0.0
0.0
0.0168130258757
0.139239444013
0.195357711366
0.195357711366
0.195357711366
0.0
0.195357711366
0.195357711366
0.0
0.0
0.0310425641706
0.0367114421755
0.0
0.0
0.0
0.0
0.0
0.0
0.011864307616
0.011864307616
0.011864307616
0.011864307616
0.011864307616
0.011864307616
0.0531514967833
0.0
0.0
0.0
0.0
0.0
0.0
0.0
0.0
0.0
0.0
-0.00028170394487
0.0
0.0
0.0
0.0
0.0
0.0
0.0
0.0
0.0
0.0
0.0
0.0
0.0
0.0
0.0
0.0
0.0
0.0
0.0
0.0
0.0
0.0
0.0
0.0
0.0
0.0
0.0
0.0
0.0
0.0
0.0
0.0
0.0
0.0
0.0
0.0
0.0
0.0
0.0
0.0
0.0
0.0
0.0
0.0
0.0
0.0
0.0
0.0
0.0
0.0
0.0
0.0
0.0
0.0
0.0
0.0
0.0
0.0
0.0
0.0
0.0
0.0
0.0
0.0
0.0
0.0
0.0
0.0
0.0
0.0
0.0
0.0
0.0
0.0
0.0
0.0
0.0
0.0
0.0
0.0
0.0
0.0
0.0
0.0
0.0
0.0
0.0
0.0
0.0
0.0
0.0
0.0
0.0
0.0
0.0
0.0
0.0
0.0
0.0
0.0
0.0
0.0
0.0
0.0
0.0
0.0
0.0
0.0
0.0
0.0
0.0
0.0
0.0
0.0
0.0
0.0
0.0
0.0
0.0
0.0
0.0
0.0
0.0
0.0
0.0
0.0
0.0
0.0
0.0
0.0
0.0
0.0
0.0
0.0
0.0
0.0
0.0
0.0
0.0
0.0
0.0
0.0
0.0
0.0
0.0
0.0
0.0
0.0
0.0
0.0
0.0
0.0
0.0
0.0
0.0
0.0
0.0
0.0
0.0
0.0
0.0
0.0
0.0
0.0
0.0
0.0
0.0
0.0
0.0
0.0
0.0
0.0
0.0
0.0
0.0
0.0
0.0
0.0
0.0
0.0
0.0
0.0
0.0
0.0
0.0
0.0
0.0
0.0
0.0
0.0
0.0
0.0
0.0
0.0
0.0
0.0
0.0
0.0
0.0
0.0
0.0
0.0
0.0
0.0
0.0
0.0
0.0
0.0
-0.00149020228472
0.0
-0.000612628366269
0.0
0.0
0.0
0.0
0.0
0.0
0.0
0.0
0.0
0.0
0.0
0.0
0.0
0.0
0.0
0.0
0.0
0.0
0.0
0.0
0.0
0.0
0.0
0.0
0.0
0.0
0.0
0.0
0.0
0.0
0.0
0.0
0.0
0.0
0.0
0.0
0.0
0.0
0.0
0.0
0.0
0.0
0.0
0.0
0.0
0.0
0.0
0.0
0.0
0.0
0.0
0.0
0.0
0.0
0.0
0.0
0.0
0.0
0.0
0.0
0.0
0.0
0.0
0.0
0.0
0.0
0.0
0.0
0.0
0.0
0.0
0.0
0.0
0.0
0.0
0.0
0.0
0.0
0.0
0.0
0.0
0.0
0.0
0.0
0.0
0.0
0.0
0.0
0.0
0.0
0.0
0.0
0.0
0.0
0.0
0.0
0.0
0.0
0.0
0.0
0.0
0.0
0.0
0.0
0.0
0.0
0.0
0.0
0.0
0.0
0.0
0.0
0.0
0.0
0.0
0.0
0.0
0.0
0.0
0.0
0.0
0.0
0.0
0.0
0.0
0.0
0.0
0.0
0.0
0.0
0.0
0.0
0.0
0.0
0.0
0.0
0.0
0.0
0.0
0.0
0.0
0.0
0.0
0.0
0.0
0.0
0.0
0.0
0.0
0.0
0.0
0.0
0.0
0.0
0.0
0.0
0.0
0.0
0.0
0.0
0.0
0.0
0.0
0.0
0.0
0.0
0.0
0.0
0.0
0.0
0.0
0.0
0.0
0.0
0.0
0.0
0.0
0.0
0.0
0.0
0.0
0.0
0.0
0.0
0.0
0.0
0.0
0.0
0.0
0.0
0.0
0.0
0.0
0.0
0.0
0.0
0.0
0.0
0.0
0.0
0.0
0.0
0.0
0.0
0.0
0.0
0.0
0.0
0.0
0.0
0.0
0.0
0.0
0.0
0.0
0.0
0.0
0.0
0.0
0.0
0.0
0.0
0.0
0.0
0.0
0.0
0.0
0.0
0.0
0.0
0.0
0.0
0.0
0.0
0.0
0.0
0.0
0.0
0.0
0.0
0.0
0.0
0.0
0.0
0.0
0.0
0.0
0.0
0.0
0.0231741767107
0.0365081336913
0.0435862184504
0.0492302546734
0.046405776436
0.0452124235786
0.0284805128499
0.00891839297606
0.0
0.0
0.0
0.0
0.0
0.0
0.0
0.0
0.0
0.0263219254754
0.00861721132172
0.0858275243027
0.094175036525
0.10631484934
0.0
0.018308561081
0.0
-0.000276833366488
0.000664397299356
8.29448648039e-05
-6.84008279962e-05
0.0122546437032
0.0976195866725
0.0
0.0
0.0
0.0
0.0
0.0
0.000324087108704
0.00289276878234
0.0254446922172
-0.000227813032789
0.00135801389218
0.0956838588705
0.0806445251665
0.073299692546
0.0
0.0
0.0
0.0
0.0
0.0
0.0
0.0
0.0
0.0
0.0
-0.00038763064667
0.0
0.0
0.0
0.0
0.0
0.0
0.0
0.0
0.0
0.0
-0.000108868054258
0.0
0.0
0.0
0.0
0.0
0.0
-0.000190861965507
0.0
0.0
0.0
0.0
0.0
0.0
0.0
0.0289631818629
0.0289631818629
0.0
0.0289631818629
0.0289631818629
0.0
0.0
0.0
0.0
0.0
0.0
0.0
0.0
0.0
0.0
0.0
0.0
0.0
0.0
0.0
0.0
0.0
-0.00849947149407
-0.00646068674009
-0.0031570630431
-0.00486372770537
-0.00271074030908
-0.00257402979806
-0.00302094075646
-0.000948283454288
-0.00828858889492
-0.0032389744537
-0.00187406203002
-0.00412799354046
-0.00204861590761
-0.00172483838517
-0.00292966505465
-0.00108042068863
-0.00574487551341
-0.00301631020624
-0.00101852279117
-0.00368810327796
-0.00174692539493
-0.00145656315605
-0.0027814164163
-0.000839570768212
-0.00886510017021
-0.00720242255303
-0.00263846670554
-0.00390361838262
-0.00608995593375
-0.0037889964836
-0.00640690633236
-0.00110761683563
-0.00430908820256
-0.000402678083823
-0.000866008197322
-0.00122087343997
0.0
-0.000122107323548
-0.000172359319117
-0.000151337737471
-0.000150352806417
0.0
-0.000156669147388
-0.00754858391682
-0.00526675399854
-0.0066700838943
-0.0028516250804
-0.00508415199373
-0.000137875368835
0.0
-0.000159887782956
-0.00756160248308
-0.00426286679217
-0.00533489548487
-0.00219125844685
-0.00510034801167
-0.000204744666783
-0.000122107323548
-0.000180233637051
-0.0064517520244
-0.00374557793658
-0.00508290734004
-0.00180019264261
-0.0043054392904
0.0
0.0
0.0
-0.000139365365511
-0.00621531964786
-0.00740087771614
-0.00313537919502
-0.00361909020254
0.0
0.0
-0.000149627715736
-0.000249387776199
-0.00545678168182
-0.00725356049408
-0.00256599631122
-0.00342559230341
0.0129436322813
0.0144054324524
0.0109949563911
0.00815398673927
0.00616689169516
0.00614765604922
0.00225634091996
0.00552295201393
0.0
0.0
-0.000151676545566
-0.00032365338094
-0.00565987280175
-0.00669950448264
-0.00321470304447
-0.00484511365137
-0.000210960747235
0.0
-0.000125577736697
-0.000197541437714
-0.00601581061229
-0.00544873777641
-0.00265509983108
-0.00385472746376
0.0
-0.00011012666867
-0.00013191136971
-0.000217919572993
-0.00663270452199
-0.00554300234648
-0.00253357765823
-0.00282300961807
-0.000286113502408
-0.00020083699629
-0.000243333235028
-0.000314698388614
-0.00661298987194
-0.0045055614886
-0.00713218219551
-0.00459602357863
-0.00595183797078
-0.000185061376688
-0.00021643539887
-0.000629088005706
-0.00667483800525
-0.00324400238167
-0.00242529336684
-0.00321617327641
0.0159227658455
0.0154353088626
0.0107070319817
0.0096613466512
0.00917377812291
0.00966021639552
0.00264758447466
0.0
-0.0062722775376
-0.00290990080864
-0.00276578269065
-0.00442226091123
-0.000375667811018
-0.000236192865791
-0.000325415564066
-0.0005234733558
0.0
0.0
0.0
0.0
0.0
0.0
0.0
0.0
0.0
0.0
0.0
0.0
0.0
0.0
0.0
0.0
0.0
0.0
0.0
0.0
0.0
0.0
0.0
0.0
0.0
-0.000293067348306
-0.000293067348306
-0.000293067348306
-0.000293067348306
-0.000293067348306
-0.000293067348306
-0.000293067348306
0.0
0.0
0.0
0.0
0.0
0.0
0.0
0.0
0.0
0.0
0.0
0.0
0.0
0.0
0.0
0.0
-0.00476187135898
-0.00701993731605
-0.00272807550863
0.0
0.0
0.0
0.0
0.0
-0.00548312398177
-0.00346719946683
-0.000887384440007
-0.00502633896964
0.0
0.0
0.0
0.0
-0.00508092850234
-0.00300729288064
0.000886970459901
-0.00369414952556
0.0
0.0
0.0
0.0
-0.00041121659896
-0.00203070945395
-0.000767723071378
-0.00214853379535
0.0
0.0
-0.000310828993712
-0.000256033465269
-0.00670222074892
-0.00499253107741
-0.00247201581649
-0.00523227392154
0.00774080118932
0.0080845524212
0.00550304114937
0.00445003825049
0.0
0.0
0.0
0.0
0.0
0.0
-0.00527269402514
-0.00362046422921
0.00880628291986
0.00686490444681
0.0040603547539
0.0034399033595
0.00157261876417
0.0
0.00236209141682
0.00134906885633
0.0
0.0
0.0
0.0
0.0
0.0
0.0
0.0
0.0
-0.0001979456715
-0.0124534423675
-0.0124534423675
-0.0124534423675
-0.0124534423675
-0.0124534423675
-0.0124534423675
0.00205533833692
0.0
0.0
0.0
0.0
0.0
0.0
0.0
0.0
0.0
-0.000290650843518
-0.000312726359056
0.0
0.0
-0.000137875368835
0.0
-0.000293477157137
-0.000197134885618
-0.000335293840742
-0.000314611439792
-0.000103762358136
0.0
-0.00010951534221
-0.00010951534221
-0.000358789354353
-0.00028170394487
-0.00028170394487
-0.000237647427409
-0.000237557942058
-0.000241935638755
-0.000217572103001
-0.000245326246737
-0.00332265944439
-0.00288520437656
-0.00227193088781
-0.00151163994644
-0.000227713465487
-0.00693279713482
-0.00449981292622
-0.00446911400751
0.0
-0.000492812079453
-0.006579025718
-0.00458417196188
-0.0103265901295
-0.00323202618478
-0.0115254670383
-0.00297438008931
0.0
0.0
0.0
0.0
0.0
0.0
0.0
0.0
0.0
-0.000181114940467
-0.000380016744991
-0.00339578690386
0.0
0.0
-0.00232546772165
0.0
-0.000228013471492
-0.000170687515229
-0.000277075748531
-0.00275005381533
-0.000221860609795
-0.000238884669712
-0.00258491466141
0.0
-0.000229298635781
-0.000414887580662
-0.00411024302497
-0.000747435192565
-0.000265037555328
-0.000269990611835
-0.00208479564761
0.0
-0.00217414862835
-0.00214414998642
-0.00133904448385
0.0
-0.00167027737437
-0.000853866163314
-0.000833474103804
0.0
-0.00378985201947
-0.00137648265956
-0.00126272303508
0.00205040700628
0.00484398003598
0.00484398003598
0.00484398003598
0.0
0.00368715468259
0.00393176547434
0.00509265439258
0.00364934667238
0.00339097334061
0.00339097334061
0.00339097334061
0.0
0.0
0.0
0.0
0.0
-9.85459071676e-05
-0.000109750136865
-0.000381137303916
-0.000715817648355
-0.000208740371692
-0.000281635673244
-0.000206539499789
-0.000211594759355
-0.00022034885309
-0.000243302106078
-0.000347872401806
-0.000374169637251
-0.000255428489471
-0.000264084798197
-0.000260395719572
-0.000265037555328
-0.000251361564541
-0.000250994637251
-0.00638580119767
-0.0060019229606
-0.00445360307727
-0.00532701805134
-0.00429463709873
-0.0032538411051
-0.00255111194026
-0.00208232127541
-0.00189966024182
-0.000472833188244
-0.00117738147176
0.0
0.0
0.0
0.0
0.0
0.0
0.0
-0.000146699268211
3.58286642741e-05
0.00937499872486
0.00992500695257
0.00843984849795
0.0103488562499
0.00793524451532
0.00497102146187
-0.000209582397537
-0.000198381858353
0.0
0.0
0.0
0.0
0.0
0.0
-0.00205304480146
-0.00150537847245
-0.000387445707837
-0.000387445707837
-0.000387445707837
0.0
-0.000387445707837
-0.000387445707837
0.0
0.0
0.0031162160833
0.00304186220776
0.0
0.0
0.0
0.0
-0.00220570985491
-0.00024455243914
0.00523029164568
0.00523029164568
0.00523029164568
0.00523029164568
0.00523029164568
0.00523029164568
0.00437958820932
0.0
0.0
0.0
0.0
0.0
0.0
0.0
0.0
0.0
-0.00028170394487
-0.000237647427409
0.0
0.0
0.0
0.0
0.0
0.0
0.0
0.0
-0.000159612922312
0.0
-0.000488485452597
0.0
-0.00038369436699
0.0
-0.000368679608774
-0.000364834881393
-0.000378280485686
-0.000409763023311
-0.000270664063178
-0.000437574233019
-0.000264543994547
0.0
-0.000391851268889
-0.000424161022865
-0.000159983781135
-0.000362772386263
-0.000302548233149
-0.000347144734182
0.0
0.0
0.0
0.0
0.0
0.0
0.0
0.0
-0.000417856096448
0.0
0.0
-0.000399332770524
0.0
0.0
0.0
0.0
1.1898333102e-05
0.0
0.0
-0.000406991102908
0.0
0.0
0.0
0.0
0.0
0.0
0.0
0.0
-0.000409924026563
0.0
-0.000326476644609
0.0
-0.00064389609783
-9.12853322265e-05
-0.000903446109401
-0.000664665465678
-0.000913551350677
-0.000336607047769
-0.000923601568599
-0.000476603170537
-0.000542330722878
-0.000478232204126
-0.0008823373238
-0.00028870569344
-0.000772100293956
-0.000535723765934
-0.000760911388533
-0.000557221070313
0.0
0.0
0.0
0.0
0.0
0.0
0.0
0.0
0.0
0.0
-0.000927765067168
-0.000502632272662
0.0
0.0
0.0
5.79814482246e-05
0.0
0.0
-0.00070605692114
-0.000390217288187
0.0
0.0
0.0
-0.000407533305213
0.0
0.0
0.0
0.0
-0.000308635793956
0.0
-0.00032071587955
0.0
-0.000316817401922
-0.000458102568074
-0.00129149668431
-0.000379260490273
-0.000717106129267
0.0
-0.00063423499943
-0.000558758783174
-0.000593913139219
-0.000484419074208
-0.000716108793946
-0.000238339709022
-0.000354617830477
0.0
-0.000546305081992
-0.000611387970964
0.0
0.0
0.0
0.0
0.0
0.0
0.0
0.0
0.0
0.0
-0.00132732800055
0.0
0.0
0.0
0.0
-0.000291321345926
0.0
0.0
-0.000891179525815
0.0
0.0
0.0
0.0
-7.60564241451e-05
0.0
0.0
0.0
0.0
0.0
0.0
0.0
0.0
-0.000706112644696
-0.000539486834066
-0.00145020058394
-0.00046669631356
0.0
-0.000379698079157
0.0
-0.000434872310362
-0.000588383440085
-0.000758469453602
-0.000959624922965
-0.000497271148813
0.0
-0.000381335296402
0.0
-0.000700203766113
0.0
0.0
0.0
0.0
0.0
0.0
0.0
0.0
0.0
0.0
-0.00163245730683
0.0
0.0
0.0
0.0
-0.000538717056783
0.0
0.0
-0.0011723297883
0.0
0.0
0.0
0.0
-0.000399260730105
0.0
0.0
0.0
0.0
-0.000443236987656
0.0
-0.000377208040793
0.0
-0.00164135862858
-0.00144066997066
-0.00182859449493
-0.00138515778513
-0.00185868177013
0.0
-0.00182110981136
-0.000779465084237
-0.00156081462305
-0.0013640692315
-0.00175132920902
-0.00128346467984
-0.00178918416913
0.0
-0.00179008053379
-0.000572536834116
0.0
0.0
0.0
0.0
0.0
0.0
0.0
0.0
-0.00127829994989
0.0
0.0
-0.00105285095568
-0.00156294079834
0.0
0.0
-0.000464416576761
-0.000864112896524
0.0
0.0
-0.000996405606405
-0.00103730801431
0.0
0.0
-0.000510267538623
0.0
0.0
0.0
0.0
-0.000646934456829
0.0
-0.000493851316154
0.0
-0.00131493477377
0.0
0.0
-0.000939382941429
-0.00157045955083
-0.000765927362511
-0.000996605521923
-0.000410786399401
-0.000631071339484
0.0
0.0
-0.000822858358646
-0.00109622587357
-0.000809197012736
-0.000839706015795
-0.000793948081922
0.0
0.0
0.0
0.0
-0.000640717572745
0.0
-0.000565324967675
0.0
-0.00134304884643
0.0
-0.00134473755382
-0.000659293732447
-0.001395136284
0.0
0.0
0.0
-0.00074876217599
0.0
-0.000693146355379
-0.000682338994159
-0.000909137173782
0.0
0.0
0.0
0.0
0.0
0.0
0.0
0.0
0.0
0.0
0.0
0.0
0.0
0.0
-0.00064681374894
-0.000794774469983
0.0
0.0
0.0
0.0
0.0
0.0
-0.000549450821334
-0.000635833222991
0.0
0.0
0.0
0.0
0.0
0.0
0.0
-0.000623830012341
0.0
-0.000397199531084
0.0
-0.000586610057351
-0.000518606847609
-0.000602861687817
-0.000654638607782
-0.000862058131095
-0.00044176543796
-0.000790245132975
-0.000438589807114
-0.000462208069245
-0.000705014041229
-0.000361755563815
-0.00064220625579
-0.000825321881381
-0.0006134694962
-0.000576179665423
-0.000488002043591
0.0
0.0
0.0
0.0
0.0
0.0
0.0
0.0
0.0
0.0
0.0
0.0
0.0
0.0
0.0
0.0
0.0
0.0
0.0
0.0
0.0
0.0
0.0
0.0
0.0
0.0
0.0
0.0
0.0
0.0
0.0
0.0
0.0
0.0
0.0
-0.00651975458865
-0.00520917030875
-0.00269019033945
-0.00311492583554
0.0
0.0
0.0
0.0
0.0
0.0
0.0
0.0
0.0
0.0
0.0
0.0
-0.0023925991328
-0.000791395008071
-0.000980837163115
-0.00191688868525
0.0
0.0
0.0
0.0
0.0
0.0
0.0
0.0
0.0
0.0
0.0
0.0
0.000653329910533
0.0
0.0
0.000653329910533
0.0
0.0
0.0
0.0
0.0
0.0
0.0
0.0
0.0
0.0
0.0
0.0
0.0
0.0
0.0
0.0
0.0
0.0
0.0
0.0
0.0
0.0
0.0
0.0
0.0
0.0
0.0
0.0
0.0
0.0
0.0
0.0
0.0
0.0
0.0
0.0
0.0
0.0
0.0
0.0
0.0
0.0
0.0
0.0
0.0
0.0
0.0
0.0
0.0
-0.00544065965325
-0.00326816737718
-0.00142139397323
-3.98761758775e-05
0.000770096399526
0.00108894805539
-0.000385093416325
-0.000448475901905
-0.0016628026019
-0.00117729516384
0.00329342333163
0.00160433908969
0.00278944567053
0.00297270762649
0.0
0.0
-0.00586035551948
-0.000680794752525
0.00037653831352
0.0166992138156
0.00791537365608
0.00359543473423
0.0
-0.00156824829644
-0.0067794531626
-0.0045118459212
-0.00318499612549
-0.00224722600581
-0.00079288731376
0.000818943425384
0.0
0.0
0.0
0.0
0.0
0.0
-0.0067794531626
-0.00416961795639
-0.00223930925589
-0.00281012404299
-0.000748032107376
0.000642033717267
0.00139077038079
0.000522070651402
0.0
0.0
0.0
0.0
0.0
0.0
0.0
0.0
0.0
0.0
0.0
0.0
-0.00888300388614
-0.00871463297514
0.0
0.0
0.0
0.0
0.0
0.0
0.0
0.0
-0.000104011276422
-0.000157527332358
0.0
0.0
0.0
0.0
0.0
-0.000198799945582
-0.000186289972963
-0.000228000113378
0.0
0.0
0.0
0.0
0.0
0.0
-0.0124534423675
-0.0124534423675
0.00543606070353
-0.0124534423675
-0.0124534423675
0.00543606070353
0.0
0.0
0.0
0.0
0.0
0.0
0.0
0.0
