0.0
0.0
0.0
0.0
0.0
0.0
0.0
0.0
0.00698073207242
0.00894110006228
0.031690449426
0.0151286027463
-4.4408920985e-16
7.21644966006e-16
1.11022302463e-16
0.245279549116
0.000980920288725
8.32667268469e-17
0.040240877193
0.0190080713136
3.46944695195e-17
0.0
6.93889390391e-18
0.24385128162
-1.08420217249e-19
6.77626357803e-21
0.0286565574108
0.0133925518482
-1.05879118407e-22
0.0
1.24077091883e-24
0.24150752052
-3.23117426779e-27
0.0
0.0216876525847
0.0119971556575
-3.94430452611e-31
0.0
0.00290090620875
0.236405269231
4.81482486097e-35
-3.00926553811e-36
-0.0385776289086
-0.0119328242024
0.0
-5.10557425933e-05
2.81099787003e-05
9.56058916402e-05
-1.83670992316e-40
-6.42848473106e-40
4.5917748079e-41
0.0
0.0
0.00723506913266
0.0
0.0246222845964
0.0
0.0
0.0
0.0
0.0
0.0229909643387
0.0
0.0730366602489
0.0
0.0
0.0
0.0
0.0
0.0326496759542
0.0
0.0660518305348
0.0
0.0
0.0
0.0
0.0
0.00124321861726
0.0
0.048354819974
0.0
0.0
0.0
0.0
0.0
0.00863525650387
0.0
0.0819756084253
-0.069523941304
-0.0537652828847
-0.0422614926373
-0.0420442161037
-0.0314421645713
-0.0271365713938
-0.0246159563195
-0.0033509744819
0.0
0.0
0.0
0.000319343192557
0.0
0.00631401211911
0.0
0.0633372651297
-1.79320339586e-05
0.0
0.0
-9.47577900931e-05
0.0
0.00914270234796
0.0
0.0533256555576
0.0
0.0
0.0
0.0
0.0
0.00256396136112
0.0
0.044787231225
0.00019550380629
0.0
-0.000146457542346
5.00496348793e-05
0.0
0.0
0.00116534052934
0.0559950066552
-0.000577315941211
0.0
-9.96855829421e-05
0.000385048113702
0.000961811869881
0.0
0.0
0.0610669640151
-0.0545740081746
-0.053432403368
-0.0498210475896
-0.0419651884746
-0.0318721979218
-0.0262222337989
-0.0181468555808
0.0
0.00290090620875
0.00607356384805
0.00883737668356
0.033072181883
9.49415474294e-05
-0.000110604803056
0.00914177131137
0.00182691554953
0.0
0.0
0.0
0.0
0.0
0.0
0.0
0.0
0.0
0.0
0.0
0.0
0.0
0.0
0.0
0.0
0.0
0.0
0.0
0.0
0.0
0.0
0.0
0.0
0.0
-0.000364218733002
-0.000364218733002
-0.000364218733002
-0.000364218733002
-0.000364218733002
-0.000364218733002
-0.000364218733002
0.0
0.0
0.0
0.0
0.0
0.0
0.0
0.0
0.0
0.0
0.0
0.0
0.0
0.0
0.0
0.0
0.0
1.17891429082e-05
-0.00130791914754
0.0
0.0
0.0
0.0
0.0
0.00044111377349
0.0
0.0
0.040868551036
0.0
0.0
0.0
0.0
0.0
0.0
0.0
0.0771439088164
0.0
0.0
0.0
0.0
-6.17102893858e-05
0.0
0.0
0.000704798893486
0.0
0.0
0.0
0.0
-0.000185520201042
0.00605409252587
0.0
0.00760347226709
-0.0488354592668
-0.0438590040333
-0.0388713099621
-0.04530642947
0.0
0.0
0.0
0.0
0.0
0.0
0.0
0.0
-0.0344740361819
-0.0251385312612
-0.0189009100972
-0.00771470392906
-0.0173794172678
-0.029888109668
-0.0227005777947
-0.0283311230317
0.0
0.0
0.0
0.0
0.0
0.0
0.0
0.0
0.0
0.0014415862692
0.00812520826646
0.00812520826646
0.00812520826646
0.00812520826646
0.00812520826646
0.00812520826646
-0.0392235148188
0.0
0.0
0.0
0.0
0.0
0.0
0.0
0.0
0.0
0.0
3.30675324362e-05
0.0
0.0
0.0
0.0
0.0
0.0
0.0
0.00102029441942
0.0
0.0
0.0
0.0
0.00220124127835
0.0112199787499
0.0110614740142
-4.10887650086e-05
0.00123693396352
0.00134000104886
4.20326821376e-05
0.000934584329119
0.00324480341419
0.00944056483568
0.0435375693461
0.00364609633811
0.000243647110895
0.000224137051248
0.00715523039417
0.00784618119588
0.0
0.0
0.0
0.0
0.0
0.0
0.0
0.0
0.0
0.0
0.0
0.0
0.0
0.0
0.0
0.0
0.0
-0.000145517221944
0.000453113108768
0.0111599484397
0.0
0.0
0.222007178156
0.0
-5.31222525596e-05
-8.35700247176e-05
0.0
0.014178416136
0.0
0.0
0.21066659217
0.0
0.00156717846036
0.0027227708636
0.00304726199182
0.0253673530762
0.000853713234593
0.00158816721588
0.214285146535
0.0
0.0340439915991
0.0299768990617
0.0582827629402
0.0
0.0221880914174
0.00287063612097
0.175904769321
0.0
0.00656323387296
0.00989565546698
0.000593477155057
0.0
0.0
0.0
0.0
0.0
-0.025651137929
-0.0391428795589
-0.0318289881045
0.00536685239066
-0.0213970591035
-0.0213970591035
-0.0213970591035
0.0
0.0
0.0
0.0
0.0
0.0
0.0
0.0
-0.00025212713065
4.35210322681e-05
0.0
0.00140818022072
0.000437762647039
0.000231198741808
0.00129865294847
0.00355779746478
0.0
0.00176231447238
0.00129013905187
0.00150189418019
0.00179237815208
0.000486490089651
0.0111847633048
0.0111847633048
0.000936543811426
0.00679755401463
0.00840454708203
0.0241775555377
0.00898033464331
0.00562050062545
0.0100596642526
0.0984672250491
0.0028893281733
0.00140440242704
0.0
0.0
0.0
0.0
0.0
0.0
0.0
0.0
0.000547090539462
-0.0462455462063
-0.0447703747654
-0.0376974425851
-0.0447450637974
-0.0505736706973
-0.0433132030357
-5.102351968e-05
0.0
0.0
0.0
0.0
0.0
0.0
0.0
-0.00123136805602
-0.025506779599
-0.0359385584445
-0.0359385584445
-0.0359385584445
0.0
-0.0359385584445
-0.0359385584445
0.0
0.0
0.0229982039701
0.0304818260994
0.0
0.0
0.0
0.0
0.0
0.0
0.0523594554692
0.0523594554692
0.0523594554692
0.0523594554692
0.0523594554692
0.0523594554692
0.039246138804
0.0
0.0
0.0
0.0
0.0
0.0
0.0
0.0
0.0
0.0
-4.10887650086e-05
0.0
0.0
0.0
0.0
0.0
0.0
0.0
0.0
0.0
0.0
0.0
0.0
0.0
0.0
0.0
0.0
0.0
0.0
0.0
0.0
0.0
0.0
0.0
0.0
0.0
0.0
0.0
0.0
0.0
0.0
0.0
0.0
0.0
0.0
0.0
0.0
0.0
0.0
0.0
0.0
0.0
0.0
0.0
0.0
0.0
0.0
0.0
0.0
0.0
0.0
0.0
0.0
0.0
0.0
0.0
0.0
0.0
0.0
0.0
0.0
0.0
0.0
0.0
0.0
0.0
0.0
0.0
0.0
0.0
0.0
0.0
0.0
0.0
0.0
0.0
0.0
0.0
0.0
0.0
0.0
0.0
0.0
0.0
0.0
0.0
0.0
0.0
0.0
0.0
0.0
0.0
0.0
0.0
0.0
0.0
0.0
0.0
0.0
0.0
0.0
0.0
0.0
0.0
0.0
0.0
0.0
0.0
0.0
0.0
0.0
0.0
0.0
0.0
0.0
0.0
0.0
0.0
0.0
0.0
0.0
0.0
0.0
0.0
0.0
0.0
0.0
0.0
0.0
0.0
0.0
0.0
0.0
0.0
0.0
0.0
0.0
0.0
0.0
0.0
0.0
0.0
0.0
0.0
0.0
0.0
0.0
0.0
0.0
0.0
0.0
0.0
0.0
0.0
0.0
0.0
0.0
0.0
0.0
0.0
0.0
0.0
0.0
0.0
0.0
0.0
0.0
0.0
0.0
0.0
0.0
0.0
0.0
0.0
0.0
0.0
0.0
0.0
0.0
0.0
0.0
0.0
0.0
0.0
0.0
0.0
0.0
0.0
0.0
0.0
0.0
0.0
0.0
0.0
0.0
0.0
0.0
0.0
0.0
0.0
0.0
0.0
0.0
0.0
0.0
0.0
0.0
0.0
0.0
-0.000666456948511
0.0
0.00542222583474
0.0
0.0
0.0
0.0
0.0
0.0
0.0
0.0
0.0
0.0
0.0
0.0
0.0
0.0
0.0
0.0
0.0
0.0
0.0
0.0
0.0
0.0
0.0
0.0
0.0
0.0
0.0
0.0
0.0
0.0
0.0
0.0
0.0
0.0
0.0
0.0
0.0
0.0
0.0
0.0
0.0
0.0
0.0
0.0
0.0
0.0
0.0
0.0
0.0
0.0
0.0
0.0
0.0
0.0
0.0
0.0
0.0
0.0
0.0
0.0
0.0
0.0
0.0
0.0
0.0
0.0
0.0
0.0
0.0
0.0
0.0
0.0
0.0
0.0
0.0
0.0
0.0
0.0
0.0
0.0
0.0
0.0
0.0
0.0
0.0
0.0
0.0
0.0
0.0
0.0
0.0
0.0
0.0
0.0
0.0
0.0
0.0
0.0
0.0
0.0
0.0
0.0
0.0
0.0
0.0
0.0
0.0
0.0
0.0
0.0
0.0
0.0
0.0
0.0
0.0
0.0
0.0
0.0
0.0
0.0
0.0
0.0
0.0
0.0
0.0
0.0
0.0
0.0
0.0
0.0
0.0
0.0
0.0
0.0
0.0
0.0
0.0
0.0
0.0
0.0
0.0
0.0
0.0
0.0
0.0
0.0
0.0
0.0
0.0
0.0
0.0
0.0
0.0
0.0
0.0
0.0
0.0
0.0
0.0
0.0
0.0
0.0
0.0
0.0
0.0
0.0
0.0
0.0
0.0
0.0
0.0
0.0
0.0
0.0
0.0
0.0
0.0
0.0
0.0
0.0
0.0
0.0
0.0
0.0
0.0
0.0
0.0
0.0
0.0
0.0
0.0
0.0
0.0
0.0
0.0
0.0
0.0
0.0
0.0
0.0
0.0
0.0
0.0
0.0
0.0
0.0
0.0
0.0
0.0
0.0
0.0
0.0
0.0
0.0
0.0
0.0
0.0
0.0
0.0
0.0
0.0
0.0
0.0
0.0
0.0
0.0
0.0
0.0
0.0
0.0
0.0
0.0
0.0
0.0
0.0
0.0
0.0
0.0
0.0
0.0
0.0
0.0
0.0
0.0
0.0
0.0
0.0
0.0
0.0
0.106379039916
0.146669494227
0.170223448291
0.183498828537
0.182452676831
0.186471789256
0.0876391529243
0.0338738213924
0.0
0.0
0.0
0.0
0.0
0.0
0.0
0.0
0.0
0.0301226794459
0.000172720780115
-0.0777332626764
-0.070887382455
-0.0439394262878
0.0
0.00105387138296
0.0
0.002583289235
0.00242282368615
0.0104968372703
0.00348355398166
0.0151852353297
-0.0161632836547
0.0
0.0
0.0
0.0
0.0
0.0
0.00202860535074
0.00344098364202
0.038901431921
0.00291239006199
0.0139121641138
0.0880896132216
0.00840629098935
-0.0120125849428
0.0
0.0
0.0
0.0
0.0
0.0
0.0
0.0
0.0
0.0
0.0
0.00294430879744
0.0
0.0
0.0
0.0
0.0
0.0
0.0
0.0
0.0
0.0
-6.76394306857e-05
0.0
0.0
0.0
0.0
0.0
0.0
2.81099787003e-05
0.0
0.0
0.0
0.0
0.0
0.0
0.0
0.00812520826646
0.00812520826646
0.0
0.00812520826646
0.00812520826646
0.0
0.0
0.0
0.0
0.0
0.0
0.0
0.0
0.0
0.0
0.0
0.0
0.0
0.0
0.0
0.0
0.0
-0.000277388257875
0.0097481860727
0.00870544364283
0.00155704559955
0.0087287486075
0.00387657994811
0.00878366068945
-0.00243097802241
-0.000623077410257
0.00920090223138
0.00800192592767
0.00216374239465
0.00859269935766
0.00765647847011
0.00626724204091
-0.00221117976444
-0.00224361298527
0.00702410268629
0.00501654643056
0.00143966064076
0.00944583798666
0.00656197226198
0.00608654177868
-0.00221219118051
-0.0011254844569
0.00703393854307
0.00318434543337
-3.42472692429e-05
0.00921600758237
0.00171714164034
0.0252592767051
-0.00194204514142
-0.0073184891677
0.000130591658556
-0.00338238272794
-0.00404681969565
0.0
0.000319343192557
-0.000121912509853
8.13188214309e-05
-9.06637289234e-05
0.0
-2.3683094255e-05
-0.00173110497474
-0.00137951042414
-7.53506304071e-05
-0.00055219835638
0.000605202304714
-5.10557425933e-05
0.0
0.000200905150203
-0.00107185908058
1.33529575504e-05
0.00158358082514
0.000949568576712
0.00134944207089
-2.77657527661e-05
0.000319343192557
-0.000103512055532
-0.00134882616414
0.000782977847769
0.0016578818564
0.00152711024778
0.000994297087574
0.0
0.0
0.0
-7.49581803257e-05
-0.00183812131367
-3.03015224571e-05
-0.000571738008183
-0.00034496604696
0.0
0.0
0.000241817713561
0.00015964723011
-0.00619393617562
-0.00300747605156
-0.00160847261581
-0.00257007596927
-0.0701701382532
-0.0527557977301
-0.0452403678945
-0.0307959196236
-0.0214799050967
-0.0180970876364
-0.0111289262246
-0.0109373799899
0.0
0.0
1.17891429082e-05
6.42383138921e-06
-0.00178096613875
-0.000208713486442
-0.000546916765346
0.00121930246955
-6.90492557675e-05
0.0
-9.47577900931e-05
-0.000148241554446
-0.0015756485111
0.000637449506623
-3.08512856187e-05
0.000737387759179
0.0
-6.49865970181e-05
0.000182092729045
-0.000113121284154
-0.00182849468568
0.0009756392924
-0.000191780523963
0.000615945862044
0.000938613643376
-0.000136606914513
8.24611429132e-05
0.000830026529802
-0.00211211625854
-0.0008091454291
0.00146010978098
-6.24911091376e-05
-0.0107639116593
-9.528894501e-05
-0.000133219943722
0.00135028468262
-0.00416391384859
-0.00298977787638
-0.0022326902944
-0.00203399324704
-0.0653359381039
-0.0583563533058
-0.0466052223489
-0.0389441688447
-0.0324377182763
-0.0234434042402
-0.0043133165645
0.0
0.0257826045467
0.0109535866117
0.0106631514287
0.0171511357463
-0.000188606129193
-0.000105721300037
-9.92755241296e-05
-0.000240294431805
0.0
0.0
0.0
0.0
0.0
0.0
0.0
0.0
0.0
0.0
0.0
0.0
0.0
0.0
0.0
0.0
0.0
0.0
0.0
0.0
0.0
0.0
0.0
0.0
0.0
-0.000353828227705
-0.000353828227705
-0.000353828227705
-0.000353828227705
-0.000353828227705
-0.000353828227705
-0.000353828227705
0.0
0.0
0.0
0.0
0.0
0.0
0.0
0.0
0.0
0.0
0.0
0.0
0.0
0.0
0.0
0.0
-0.0042902259714
-0.00308840341389
-0.00184015863171
0.0
0.0
0.0
0.0
0.0
-0.0093861022887
-0.00543864849187
-0.00494944600137
-0.00150366673196
0.0
0.0
0.0
0.0
-0.00687004324038
-0.0062413765832
-0.00489643464351
-0.00230268860482
0.0
0.0
0.0
0.0
0.000180822341091
-0.0187488883592
-0.0229854081444
-0.0594178148355
0.0
0.0
-0.000154961313676
-0.00018050364001
-0.00571504162108
-0.00453878018338
-0.00544875202048
-0.00309128855514
-0.0365219926035
-0.0311837298016
-0.0231582537819
-0.0227459764703
0.0
0.0
0.0
0.0
0.0
0.0
-0.00876375272875
-0.00697288845859
-0.0358678645687
-0.027331618376
-0.0173127094611
-0.0109643785798
-0.00601315686583
0.0
-0.00678140872006
-0.00861833048429
0.0
0.0
0.0
0.0
0.0
0.0
0.0
0.0
0.0
-5.31222525596e-05
0.00158559462448
0.00158559462448
0.00158559462448
0.00158559462448
0.00158559462448
0.00158559462448
-0.0137414812337
0.0
0.0
0.0
0.0
0.0
0.0
0.0
0.0
0.0
-0.000104723600818
-5.79024499031e-05
0.0
0.0
-5.10557425933e-05
0.0
0.00146827386145
-0.000124879440678
-5.46281772333e-05
-0.000164915487744
-6.05781033239e-05
0.0
-7.15726167291e-05
-7.15726167291e-05
-0.000105340849573
-4.10887650086e-05
-4.10887650086e-05
0.000478381604572
0.000373092651073
0.000124042557411
8.82993759452e-06
0.0012992516528
0.000154851699444
0.000448409484846
8.39566674062e-05
0.000898476936555
-2.03178644355e-05
-0.001439063495
-0.000774765352047
-0.00108141237898
0.0
-0.00170317254173
-0.00572826265017
-0.00363505959026
-0.0027320311951
-0.0044667875044
0.00071991115899
-0.00491150987757
0.0
0.0
0.0
0.0
0.0
0.0
0.0
0.0
0.0
7.44175627705e-05
0.000450978405236
-0.0023545855582
0.0
0.0
-0.000849015086506
0.0
0.000400061133365
-9.18049488233e-05
0.0014415862692
-0.00162110411745
0.00021476423323
0.00042604257473
-0.00506670909845
0.0
0.00190165372742
0.000559641508583
-0.000223192150569
0.00133893549037
0.000486490089651
0.000853713234593
-0.00347639212037
0.0
0.000103457536361
0.00114742715232
0.00022727647957
0.0
0.000159046455915
0.00672621515096
-0.000612617145269
0.0
-0.0188991539603
-0.0175091127681
-0.0241649890564
-0.00628409584481
0.0517880500596
0.0517880500596
0.0517880500596
0.0
-0.0132942486063
-0.0109457675071
-0.012944568733
-0.00926813989961
-0.0148652192659
-0.0148652192659
-0.0148652192659
0.0
0.0
0.0
0.0
0.0
-5.30032633125e-05
-6.47850812426e-05
-0.000285010360224
-0.000385199561161
0.000132293644186
0.00121100447306
0.000180493258656
8.19592679657e-05
5.5110340184e-05
-8.26059468113e-05
-0.00012523356825
0.00100449378606
0.000323569732865
0.00160254862312
0.000315637374776
0.000486490089651
0.000753058791666
7.4011307998e-05
-0.00128304552563
-0.00373508196706
4.38103620922e-05
0.00332580388237
-0.000337755396796
0.00290530674879
0.00355277713799
0.0046037249426
-0.00040359905099
0.00323224472847
-0.0189189779005
0.0
0.0
0.0
0.0
0.0
0.0
0.0
-0.000566487892392
-0.00138836027332
-0.0323980547476
-0.0318375011685
-0.0288643775312
-0.031701367451
-0.0238730884254
-0.0189154120189
-7.12037464946e-05
0.000463013975653
0.0
0.0
0.0
0.0
0.0
0.0
-0.00614047132465
-0.00590337013003
0.000350837857854
0.000350837857854
0.000350837857854
0.0
0.000350837857854
0.000350837857854
0.0
0.0
-0.087325835272
-0.109700734711
0.0
0.0
0.0
0.0
-0.0210582438829
0.000280170323889
-0.145816601657
-0.145816601657
-0.145816601657
-0.145816601657
-0.145816601657
-0.145816601657
-0.144697214636
0.0
0.0
0.0
0.0
0.0
0.0
0.0
0.0
0.0
-4.10887650086e-05
0.000478381604572
0.0
0.0
0.0
0.0
0.0
0.0
0.0
0.0
-0.000647858199543
0.0
-0.000653223860639
0.0
-0.000563416197071
0.0
-0.000199184993222
-0.000651467167587
-0.000282948733991
-0.000675911747921
-0.000445303296051
-0.000775151099247
-0.000989742801794
0.0
-0.000506375391558
0.000289937186232
-0.000892792870738
-0.000351805935675
-0.000939317838555
-0.000208037434115
0.0
0.0
0.0
0.0
0.0
0.0
0.0
0.0
-0.000175301924051
0.0
0.0
-0.000491572835846
0.0
0.0
0.0
0.0
-0.00132311705434
0.0
0.0
-0.000247337992556
0.0
0.0
0.0
0.0
0.0
0.0
0.0
0.0
-0.000198748905574
0.0
-0.00143418380354
0.0
-0.000532201885042
-0.00190780972347
-0.000741470714976
-0.00144538922564
-0.000952514954588
-0.00203674352439
-0.000400141673054
-0.00158486851154
-0.00176901324463
-0.000563301108024
-0.00103118385889
-0.00149683914731
-0.00158309792809
-0.000168302624146
-0.000761945883212
-0.000837096603221
0.0
0.0
0.0
0.0
0.0
0.0
0.0
0.0
0.0
0.0
-0.00050201898979
-0.0010470536297
0.0
0.0
0.0
-0.00378622685038
0.0
0.0
-0.000995851954738
-0.00116348236929
0.0
0.0
0.0
-0.00125676667859
0.0
0.0
0.0
0.0
-0.00228261380333
0.0
-0.00200773463762
0.0
-0.00079276465838
-0.00127001891959
-0.000975745821503
-0.00152776247089
-0.00152178146602
0.0
-0.00097899605918
-0.00387805538207
-0.00124762143703
-0.000293821566663
-0.0017078380695
-0.00147223115429
-0.00131264612452
0.0
-0.000907720461121
-0.00240000885468
0.0
0.0
0.0
0.0
0.0
0.0
0.0
0.0
0.0
0.0
-0.000665627577788
0.0
0.0
0.0
0.0
-0.00420343122458
0.0
0.0
-0.00140963275366
0.0
0.0
0.0
0.0
-0.003498832603
0.0
0.0
0.0
0.0
0.0
0.0
0.0
0.0
-0.00147192071443
0.000118144876428
-0.00108973954297
-0.000351031354651
0.0
-0.000979222235311
0.0
-0.00115053749799
-0.000492454036106
-0.00126866015529
-0.00120723727178
-0.00183565326094
0.0
-0.00206275895139
0.0
-0.000947988418842
0.0
0.0
0.0
0.0
0.0
0.0
0.0
0.0
0.0
0.0
-0.0010507708604
0.0
0.0
0.0
0.0
-0.000718357438113
0.0
0.0
-0.00161824275696
0.0
0.0
0.0
0.0
-0.000673475119187
0.0
0.0
0.0
0.0
-0.00130717908401
0.0
-0.00198339227999
0.0
-0.00104734661687
-0.00173189500721
-0.00119292072923
-0.00180919547159
-0.000978125602347
0.0
-0.000999184031875
-0.000593041881973
-0.00149643728645
-0.00110824559019
-0.00149239964842
-0.00131960624537
-0.00140799152029
0.0
-0.000893690990797
-0.00125461044043
0.0
0.0
0.0
0.0
0.0
0.0
0.0
0.0
-0.00134278257513
0.0
0.0
-0.000794930549889
-0.0011202622201
0.0
0.0
-0.00107964012165
-0.00122172858214
0.0
0.0
-0.000581970996965
-0.00140389239666
0.0
0.0
-0.00162447369688
0.0
0.0
0.0
0.0
-0.000313308246171
0.0
-0.00116488344672
0.0
-0.00063096948644
0.0
0.0
-0.000858737296217
-0.000951707458144
-0.000738242762726
-0.00108251162069
-0.00161961104069
-0.000978565697636
0.0
0.0
-0.000909528116749
-0.000962252101368
-0.000613599013491
-0.00122623506049
-0.000420458760479
0.0
0.0
0.0
0.0
-0.000441357845767
0.0
-7.48033759352e-05
0.0
-0.000789223531724
0.0
-0.000993520713006
-0.000225413344694
-0.00121186504944
0.0
0.0
0.0
-0.000846537165031
0.0
-0.000498005704582
-0.000442421628684
-0.000497959467531
0.0
0.0
0.0
0.0
0.0
0.0
0.0
0.0
0.0
0.0
0.0
0.0
0.0
0.0
-0.000534626050362
-0.000891887232811
0.0
0.0
0.0
0.0
0.0
0.0
-0.000623404715694
-0.000512388242021
0.0
0.0
0.0
0.0
0.0
0.0
0.0
-0.000452402583784
0.0
-0.000677252353314
0.0
-0.000611663120435
-0.000968040652657
-0.000849360865092
-0.00047356146278
-0.000596177335987
-0.000732119164221
-0.000810305998286
-0.000757106894206
-0.00143738412494
-0.00065165350777
-0.00145746403534
-0.000424565770256
-0.000622045827601
-0.000506216104748
-0.000760656388838
-0.000637367168944
0.0
0.0
0.0
0.0
0.0
0.0
0.0
0.0
0.0
0.0
0.0
0.0
0.0
0.0
0.0
0.0
0.0
0.0
0.0
0.0
0.0
0.0
0.0
0.0
0.0
0.0
0.0
0.0
0.0
0.0
0.0
0.0
0.0
0.0
0.0
-0.00391729339719
-0.00294418908593
0.00430652333568
0.00162327661174
0.0
0.0
0.0
0.0
0.0
0.0
0.0
0.0
0.0
0.0
0.0
0.0
0.00395543261702
0.00639965822647
0.00697660735569
-0.00193369761151
0.0
0.0
0.0
0.0
0.0
0.0
0.0
0.0
0.0
0.0
0.0
0.0
-0.00299399975321
0.0
0.0
-0.00299399975321
0.0
0.0
0.0
0.0
0.0
0.0
0.0
0.0
0.0
0.0
0.0
0.0
0.0
0.0
0.0
0.0
0.0
0.0
0.0
0.0
0.0
0.0
0.0
0.0
0.0
0.0
0.0
0.0
0.0
0.0
0.0
0.0
0.0
0.0
0.0
0.0
0.0
0.0
0.0
0.0
0.0
0.0
0.0
0.0
0.0
0.0
0.0
0.0
0.0
-0.00570865716533
0.00245914487412
0.0112520492369
0.0166275172275
0.0190247484512
0.019589394622
-0.00089302590039
-0.000575387976966
-0.0139153034107
-0.0123203587316
0.0386386057682
0.0195084211632
0.0318589776376
0.032433094388
0.0
0.0
0.0012525399438
-0.00285666983967
-0.0011691071988
-0.0872650483183
-0.0567532953732
-0.0402502642103
0.0
0.00646803333061
-0.00414032851247
-0.00318706033925
-0.00160100586494
-0.00127276462492
-0.00076403272371
-0.0055593569541
0.0
0.0
0.0
0.0
0.0
0.0
-0.00414032851247
-0.00106338272836
0.00465072094125
9.4224924665e-07
0.00261476544499
0.00572553052394
-0.00103938777251
-0.0032798430007
0.0
0.0
0.0
0.0
0.0
0.0
0.0
0.0
0.0
0.0
0.0
0.0
0.00123562198053
0.0010036611838
0.0
0.0
0.0
0.0
0.0
0.0
0.0
0.0
-5.98299416928e-05
-8.17089360546e-05
0.0
0.0
0.0
0.0
0.0
-9.51125232546e-06
-0.000103106012005
-4.44174220193e-05
0.0
0.0
0.0
0.0
0.0
0.0
0.00158559462448
0.00158559462448
0.000799222777033
0.00158559462448
0.00158559462448
0.000799222777033
0.0
0.0
0.0
0.0
0.0
0.0
0.0
0.0
