0.0
0.0
0.0
0.0
0.0
0.0
0.0
0.0
0.00068107523484
0.00092508978557
0.0250736899069
0.00945217445848
-1.38777878078e-16
5.03069808033e-17
3.33066907388e-16
-0.00512382715437
-8.71660806939e-06
5.55111512313e-16
0.0237253437652
0.0130720757609
6.93889390391e-18
3.46944695195e-18
8.67361737988e-19
-0.00531775323003
0.0
2.11758236814e-22
0.0165246753177
0.0116959355463
-1.24077091883e-24
-5.16987882846e-26
3.23117426779e-27
-0.00499187945302
2.52435489671e-29
0.0
0.0119133151865
0.00255245271298
0.0
-9.62964972194e-35
0.0049264660783
-0.0056217439426
0.0
1.83670992316e-40
-0.00952495062356
-0.00342089160057
1.0761972206e-42
-2.23855345983e-05
-1.39434419455e-05
2.16783705404e-05
-8.96831017168e-43
-4.30478888241e-42
3.58732406867e-43
0.0
0.0
0.00187791775952
0.0
0.00931777061588
0.0
0.0
0.0
0.0
0.0
0.00427374596754
0.0
0.0315510974799
0.0
0.0
0.0
0.0
0.0
0.0148903560559
0.0
0.0251892210517
0.0
0.0
0.0
0.0
0.0
2.23344620673e-05
0.0
0.0194835954194
0.0
0.0
0.0
0.0
0.0
0.000894027937567
0.0
0.0214003167723
-0.0258852827861
-0.0271517978653
-0.0252895166177
-0.0244970165973
-0.020251715767
-0.0233525208042
-0.0237479318927
-0.0200040723243
0.0
0.0
0.0
-4.27334770249e-06
0.0
0.000630415788601
0.0
0.0282003294952
-2.11853724986e-05
0.0
0.0
-2.11951156788e-05
0.0
0.00107811380666
0.0
0.0214872225905
0.0
0.0
0.0
0.0
0.0
0.000408825716283
0.0
0.014808509412
-5.66984830054e-05
0.0
1.80579184622e-05
-3.72371446483e-05
0.0
0.0
4.11926681439e-05
0.0296299754193
-0.000220168022894
0.0
-4.38255276938e-05
-3.0598435737e-05
1.28683631479e-05
0.0
0.0
0.015668062385
-0.00991989309938
-0.00303775006821
-0.00598321407382
-0.00884723126084
-0.00320327895333
-0.00113516136128
0.00169215651777
0.0
0.0049264660783
0.0126485457224
0.0181064464189
0.0424536369039
-8.52911528121e-07
-5.2517048682e-05
0.000338689179299
-8.50263096694e-05
0.0
0.0
0.0
0.0
0.0
0.0
0.0
0.0
0.0
0.0
0.0
0.0
0.0
0.0
0.0
0.0
0.0
0.0
0.0
0.0
0.0
0.0
0.0
0.0
0.0
-0.0001141749942
-0.0001141749942
-0.0001141749942
-0.0001141749942
-0.0001141749942
-0.0001141749942
-0.0001141749942
0.0
0.0
0.0
0.0
0.0
0.0
0.0
0.0
0.0
0.0
0.0
0.0
0.0
0.0
0.0
0.0
0.0
-4.7462311963e-05
0.00115948447636
0.0
0.0
0.0
0.0
0.0
-3.5484042553e-06
0.0
0.0
0.0155639102734
0.0
0.0
0.0
0.0
0.0
0.0
0.0
0.0306813667756
0.0
0.0
0.0
0.0
-2.84758896939e-05
0.0
0.0
-0.000359975461401
0.0
0.0
0.0
0.0
-1.63890424891e-05
0.000595108156374
0.0
0.001075883329
-0.00973162930911
-0.0125751319666
-0.0103468835069
-0.0130853618971
0.0
0.0
0.0
0.0
0.0
0.0
0.0
0.0
-0.00245729809232
-0.004440067251
-0.00244008339152
-0.00772241107646
-0.00167044993074
-0.00213424852353
-0.00597509393718
-0.00262396850547
0.0
0.0
0.0
0.0
0.0
0.0
0.0
0.0
0.0
2.35847511659e-05
0.250220482193
0.250220482193
0.250220482193
0.250220482193
0.250220482193
0.250220482193
-0.0282162406753
0.0
0.0
0.0
0.0
0.0
0.0
0.0
0.0
0.0
0.0
-5.94372943461e-05
0.0
0.0
0.0
0.0
0.0
0.0
0.0
0.000136940399632
0.0
0.0
0.0
0.0
6.92621249519e-05
0.00125048190095
0.00120429050396
-6.58528688168e-05
-5.14515431078e-06
2.28952301614e-05
-4.02878956658e-05
-5.91528045911e-05
0.00477107170635
0.00110430494608
0.0161430329947
0.000284665902715
-3.75961045358e-05
-2.90451500513e-05
0.000765339193243
0.000902276677771
0.0
0.0
0.0
0.0
0.0
0.0
0.0
0.0
0.0
0.0
0.0
0.0
0.0
0.0
0.0
0.0
0.0
-9.31446966764e-06
2.47507122192e-05
0.00485782932558
0.0
0.0
-0.00521821336119
0.0
-5.37524528456e-05
-3.69359967224e-05
0.0
0.0061209730134
0.0
0.0
-0.00678418775236
0.0
4.83764064157e-05
0.000278281656685
0.000210458802997
0.012627423217
-1.6013631483e-05
4.55587998934e-05
-0.00532067385804
0.0
0.0170420769601
0.00179457981939
0.0271898075392
0.0
0.000597623192456
0.000348571562295
-0.00276473274674
0.0
0.000660679299274
0.000821420922684
-4.35941230479e-05
0.0
0.0
0.0
0.0
0.0
0.00110611403356
-0.00388371601513
0.000350228487987
0.00387429068718
-0.00454058921977
-0.00454058921977
-0.00454058921977
0.0
0.0
0.0
0.0
0.0
0.0
0.0
0.0
-0.000112538000833
-5.40176546312e-05
0.0
-1.12642576017e-05
-3.25371681338e-05
-5.23903862934e-05
-1.36170228889e-05
0.000250760967258
0.0
7.49113546625e-05
-1.07190035889e-05
5.04183248751e-05
5.88210309989e-05
-3.44786657605e-05
0.00118369201184
0.00118369201184
-3.46222641335e-05
0.00033657787896
0.000969685276416
0.0158134608157
0.0011927762917
0.00448146135801
0.000813914554505
0.0132254220085
0.000345636076472
-5.84042082583e-05
0.0
0.0
0.0
0.0
0.0
0.0
0.0
0.0
2.41966891673e-05
-0.00815510150135
-0.011318335982
-0.0101378436199
-0.0110660638112
-0.0103246601752
-0.00900250431187
0.000132830018094
0.0
0.0
0.0
0.0
0.0
0.0
0.0
-9.04784460165e-05
-0.010447076168
-0.0126429099126
-0.0126429099126
-0.0126429099126
0.0
-0.0126429099126
-0.0126429099126
0.0
0.0
-0.0951977719898
-0.119545837446
0.0
0.0
0.0
0.0
0.0
0.0
-0.162944172241
-0.162944172241
-0.162944172241
-0.162944172241
-0.162944172241
-0.162944172241
-0.159753651513
0.0
0.0
0.0
0.0
0.0
0.0
0.0
0.0
0.0
0.0
-6.58528688168e-05
0.0
0.0
0.0
0.0
0.0
0.0
0.0
0.0
0.0
0.0
0.0
0.0
0.0
0.0
0.0
0.0
0.0
0.0
0.0
0.0
0.0
0.0
0.0
0.0
0.0
0.0
0.0
0.0
0.0
0.0
0.0
0.0
0.0
0.0
0.0
0.0
0.0
0.0
0.0
0.0
0.0
0.0
0.0
0.0
0.0
0.0
0.0
0.0
0.0
0.0
0.0
0.0
0.0
0.0
0.0
0.0
0.0
0.0
0.0
0.0
0.0
0.0
0.0
0.0
0.0
0.0
0.0
0.0
0.0
0.0
0.0
0.0
0.0
0.0
0.0
0.0
0.0
0.0
0.0
0.0
0.0
0.0
0.0
0.0
0.0
0.0
0.0
0.0
0.0
0.0
0.0
0.0
0.0
0.0
0.0
0.0
0.0
0.0
0.0
0.0
0.0
0.0
0.0
0.0
0.0
0.0
0.0
0.0
0.0
0.0
0.0
0.0
0.0
0.0
0.0
0.0
0.0
0.0
0.0
0.0
0.0
0.0
0.0
0.0
0.0
0.0
0.0
0.0
0.0
0.0
0.0
0.0
0.0
0.0
0.0
0.0
0.0
0.0
0.0
0.0
0.0
0.0
0.0
0.0
0.0
0.0
0.0
0.0
0.0
0.0
0.0
0.0
0.0
0.0
0.0
0.0
0.0
0.0
0.0
0.0
0.0
0.0
0.0
0.0
0.0
0.0
0.0
0.0
0.0
0.0
0.0
0.0
0.0
0.0
0.0
0.0
0.0
0.0
0.0
0.0
0.0
0.0
0.0
0.0
0.0
0.0
0.0
0.0
0.0
0.0
0.0
0.0
0.0
0.0
0.0
0.0
0.0
0.0
0.0
0.0
0.0
0.0
0.0
0.0
0.0
0.0
0.0
0.0
-0.000275401524337
0.0
0.00317576182558
0.0
0.0
0.0
0.0
0.0
0.0
0.0
0.0
0.0
0.0
0.0
0.0
0.0
0.0
0.0
0.0
0.0
0.0
0.0
0.0
0.0
0.0
0.0
0.0
0.0
0.0
0.0
0.0
0.0
0.0
0.0
0.0
0.0
0.0
0.0
0.0
0.0
0.0
0.0
0.0
0.0
0.0
0.0
0.0
0.0
0.0
0.0
0.0
0.0
0.0
0.0
0.0
0.0
0.0
0.0
0.0
0.0
0.0
0.0
0.0
0.0
0.0
0.0
0.0
0.0
0.0
0.0
0.0
0.0
0.0
0.0
0.0
0.0
0.0
0.0
0.0
0.0
0.0
0.0
0.0
0.0
0.0
0.0
0.0
0.0
0.0
0.0
0.0
0.0
0.0
0.0
0.0
0.0
0.0
0.0
0.0
0.0
0.0
0.0
0.0
0.0
0.0
0.0
0.0
0.0
0.0
0.0
0.0
0.0
0.0
0.0
0.0
0.0
0.0
0.0
0.0
0.0
0.0
0.0
0.0
0.0
0.0
0.0
0.0
0.0
0.0
0.0
0.0
0.0
0.0
0.0
0.0
0.0
0.0
0.0
0.0
0.0
0.0
0.0
0.0
0.0
0.0
0.0
0.0
0.0
0.0
0.0
0.0
0.0
0.0
0.0
0.0
0.0
0.0
0.0
0.0
0.0
0.0
0.0
0.0
0.0
0.0
0.0
0.0
0.0
0.0
0.0
0.0
0.0
0.0
0.0
0.0
0.0
0.0
0.0
0.0
0.0
0.0
0.0
0.0
0.0
0.0
0.0
0.0
0.0
0.0
0.0
0.0
0.0
0.0
0.0
0.0
0.0
0.0
0.0
0.0
0.0
0.0
0.0
0.0
0.0
0.0
0.0
0.0
0.0
0.0
0.0
0.0
0.0
0.0
0.0
0.0
0.0
0.0
0.0
0.0
0.0
0.0
0.0
0.0
0.0
0.0
0.0
0.0
0.0
0.0
0.0
0.0
0.0
0.0
0.0
0.0
0.0
0.0
0.0
0.0
0.0
0.0
0.0
0.0
0.0
0.0
0.0
0.0
0.0
0.0
0.0
0.0
0.0
-0.00347277000843
-0.00402505778868
-0.00418232966039
-0.00425831109268
-0.00357823619431
-0.00429540162165
-0.000863184271649
0.00036989202179
0.0
0.0
0.0
0.0
0.0
0.0
0.0
0.0
0.0
-0.00210384482537
-0.001547459251
-0.0149407904952
-0.0113759225688
-0.00890653852817
0.0
-4.55775878479e-05
0.0
0.000344058906861
0.00272337130471
0.00120201379095
0.000586021786903
0.000617301919531
0.007575870238
0.0
0.0
0.0
0.0
0.0
0.0
0.00227216022212
0.0050277141241
0.0190324614474
0.00037668138443
0.00110808736207
0.0117659826385
0.00122554146505
0.00922937677857
0.0
0.0
0.0
0.0
0.0
0.0
0.0
0.0
0.0
0.0
0.0
0.000476453433737
0.0
0.0
0.0
0.0
0.0
0.0
0.0
0.0
0.0
0.0
-2.81281029552e-05
0.0
0.0
0.0
0.0
0.0
0.0
-1.39434419455e-05
0.0
0.0
0.0
0.0
0.0
0.0
0.0
0.250220482193
0.250220482193
0.0
0.250220482193
0.250220482193
0.0
0.0
0.0
0.0
0.0
0.0
0.0
0.0
0.0
0.0
0.0
0.0
0.0
0.0
0.0
0.0
0.0
-0.000609141044047
0.000279386340429
0.00175629158792
-0.00240728775524
-0.00237251769691
-0.00213859300024
-0.00132133587201
-0.00105202596433
-0.00111571106407
-0.00323229098046
0.000668605064385
-0.00226396586765
-0.00155630692959
-0.0015250637816
-0.00155844730633
-0.00100735921654
-0.00315670015854
-0.00284500473841
-0.000381811188148
-0.00310305872655
-0.0027049161368
-0.00209213611176
-0.00189703882767
-0.00104022088296
-0.00231906511003
-0.000529858093529
-0.00236365787213
-0.003436643791
2.80584830037e-05
-0.000725094667977
0.00363026291402
-0.000974744309698
-0.00150489742608
9.5979212066e-05
0.000594746069637
0.000710160621435
0.0
-4.27334770249e-06
3.57680044945e-05
-3.07377398106e-05
-3.79752839423e-05
0.0
-3.69322960416e-05
-0.00512301456652
-0.00346428626599
0.000465349771109
-0.00151666521651
0.00179116219011
-2.23855345983e-05
0.0
-2.31080721061e-05
-0.00542696224346
-0.00375028246626
-0.000177498869649
-0.00111894650882
0.00202464599609
-4.93900173282e-05
-4.27334770249e-06
-4.42682173478e-05
-0.0040939042639
-0.00375474240748
-5.50326254053e-06
-0.00199244886634
0.00141382208887
0.0
0.0
0.0
-3.2380699775e-05
-0.00362859447927
0.000396222184736
-0.00134420847119
0.000364369041334
0.0
0.0
-1.2307110774e-05
-3.53376458671e-05
-0.00188057257866
0.00165555846555
-0.000505434722266
0.000101692132609
-0.00652007058961
-0.00240635795083
0.0014853333766
0.00358836920378
0.00733379568543
0.0112201135358
0.0281395040158
0.00675969371906
0.0
0.0
-4.7462311963e-05
-5.89075065297e-05
-0.00339242113299
0.000745991539723
-0.000920733497738
0.00136633542933
-4.33215152486e-05
0.0
-2.11951156788e-05
-8.79381611496e-06
-0.00359956352398
-0.000106999156845
-0.00144260242914
0.00107785931912
0.0
-2.3582023346e-05
-1.93410490597e-05
-6.99305916993e-05
-0.00370558498721
0.000644167912278
-0.00111695921075
-0.000357366092576
5.4209243883e-05
1.89039660197e-05
-5.14935068327e-05
-1.27082346764e-05
-0.00393827190217
-0.0020070697129
0.00255275470672
0.000754171744348
-0.00233606819821
-4.58665111079e-05
-5.39065210726e-05
-2.32979406069e-05
9.64246125915e-05
-0.00096258458752
-0.000692275992636
0.000150380359601
-0.00998538522312
-0.00935385122263
-0.00729450659595
-0.00580612796655
-0.00498129293314
-0.00347558985565
-0.000658953339418
0.0
0.00373076762922
0.000837502951058
0.000682758043055
0.00212113819765
-6.72329878454e-05
-5.02749204896e-05
-6.33892091047e-05
-0.000123647107168
0.0
0.0
0.0
0.0
0.0
0.0
0.0
0.0
0.0
0.0
0.0
0.0
0.0
0.0
0.0
0.0
0.0
0.0
0.0
0.0
0.0
0.0
0.0
0.0
0.0
-0.000124063418928
-0.000124063418928
-0.000124063418928
-0.000124063418928
-0.000124063418928
-0.000124063418928
-0.000124063418928
0.0
0.0
0.0
0.0
0.0
0.0
0.0
0.0
0.0
0.0
0.0
0.0
0.0
0.0
0.0
0.0
0.0524998736956
0.00805669626439
-0.000380570721351
0.0
0.0
0.0
0.0
0.0
-0.00124508989338
-0.00138666208612
-0.00169381324755
0.00313298017366
0.0
0.0
0.0
0.0
-0.00156744301726
-0.00102321696072
-0.00151167761166
0.00284107394182
0.0
0.0
0.0
0.0
-0.00254329245606
-0.0423946149787
-0.0421869019157
-0.0264991000941
0.0
0.0
-2.4077750932e-05
-0.000136913060061
-0.00497378055193
-0.00298198240395
-0.00336040856962
0.00244593789315
-0.00561230685676
-0.00509851076229
-0.00333859296307
-0.00287926433688
0.0
0.0
0.0
0.0
0.0
0.0
0.00292566605572
0.00255271476026
-0.00521972670208
-0.00393773824786
-0.0025675371748
-0.00146877866649
-0.000891617007909
0.0
-0.0010092864697
-0.00113304669028
0.0
0.0
0.0
0.0
0.0
0.0
0.0
0.0
0.0
-5.37524528456e-05
0.00776899664626
0.00776899664626
0.00776899664626
0.00776899664626
0.00776899664626
0.00776899664626
0.022643854749
0.0
0.0
0.0
0.0
0.0
0.0
0.0
0.0
0.0
-6.30201596056e-05
-6.69287470774e-05
0.0
0.0
-2.23855345983e-05
0.0
-1.45117116756e-05
-5.23752172546e-06
-6.45827669663e-05
-8.87421069142e-05
-2.55769157796e-05
0.0
-2.5998439607e-05
-2.5998439607e-05
-9.76295051749e-05
-6.58528688168e-05
-6.58528688168e-05
6.90442653683e-05
-2.05543585377e-05
-9.39552499055e-05
-3.26014300876e-05
3.8955294538e-05
-0.00297181104468
-0.00182094742334
-0.00204717230609
-0.00123232987265
-4.40668549964e-05
-0.00560988127208
-0.00433958127976
-0.00333378559594
0.0
-0.000338268171231
-0.00170238967612
-0.00116305995921
0.00371985640957
-0.000970716015758
0.00704238605662
-0.00112324162041
0.0
0.0
0.0
0.0
0.0
0.0
0.0
0.0
0.0
-3.5244544006e-05
-3.65478603478e-05
-0.00127642815691
0.0
0.0
-0.00372505943393
0.0
-1.14104691441e-05
-3.96582225288e-05
2.35847511659e-05
-0.00428197373555
-5.80820622333e-05
-5.24582561707e-05
-0.00163008065715
0.0
0.000108363679655
-7.40557351868e-05
-0.00369912994763
-0.00463804643614
-3.44786657605e-05
-1.6013631483e-05
-0.00233950041764
0.0
-0.00225301345803
-0.00209317086046
-0.00108181583026
0.0
-0.00124379485767
-0.0011101447451
-0.00197186729889
0.0
-0.0263148927929
-0.0168993571818
-0.00997767881771
-0.0201210783619
-0.160701763743
-0.160701763743
-0.160701763743
0.0
-0.00241848963131
-0.00197784644065
-0.00208093297964
-0.00139255370087
-0.00240036946309
-0.00240036946309
-0.00240036946309
0.0
0.0
0.0
0.0
0.0
-2.28965393289e-05
-2.62349131325e-05
-0.000121493591563
-0.000169001057777
-5.21533342375e-05
-1.56956406112e-05
-3.37210970693e-05
-4.84132023444e-05
4.10951531723e-05
-1.70601142883e-05
-5.56004929607e-05
-5.69370883873e-05
-4.0786564735e-05
4.74694954215e-05
-4.54010591525e-05
-3.44786657605e-05
-1.30648020294e-05
-6.32330156691e-05
-0.00321357809996
-0.00424794983473
-0.00389033687015
-0.00481079861636
-0.0040069022557
-0.0028343701227
-0.00296899645956
-0.00198296917588
-0.00128567925367
-0.000868349783723
-0.0048718844915
0.0
0.0
0.0
0.0
0.0
0.0
0.0
-7.41100044012e-05
-0.000262732208784
-0.00595168835695
-0.00574709503899
-0.00505797383544
-0.00577293561812
-0.00460915087396
-0.00404554966271
-7.15801311243e-05
0.00224568342855
0.0
0.0
0.0
0.0
0.0
0.0
0.000631726657881
0.000456683237337
-0.00267619221701
-0.00267619221701
-0.00267619221701
0.0
-0.00267619221701
-0.00267619221701
0.0
0.0
-0.0107269741663
-0.0130979915368
0.0
0.0
0.0
0.0
0.00518803688009
0.00190865737438
-0.0195586871456
-0.0195586871456
-0.0195586871456
-0.0195586871456
-0.0195586871456
-0.0195586871456
-0.0173822116733
0.0
0.0
0.0
0.0
0.0
0.0
0.0
0.0
0.0
-6.58528688168e-05
6.90442653683e-05
0.0
0.0
0.0
0.0
0.0
0.0
0.0
0.0
-0.000223686104195
0.0
-0.000287672041452
0.0
-0.000199085515374
0.0
-0.000143284099898
-0.000275932932362
-0.000142756356113
-0.000327274013903
-0.000203511924137
-0.000314094271915
-0.000271041012083
0.0
-0.000193660695487
-0.000174888562788
-0.000279641033838
-0.000182120950385
-0.000222131437792
-0.000102507411696
0.0
0.0
0.0
0.0
0.0
0.0
0.0
0.0
-0.000142478225243
0.0
0.0
-0.000363498115888
0.0
0.0
0.0
0.0
-0.000350075689058
0.0
0.0
-0.000130849745637
0.0
0.0
0.0
0.0
0.0
0.0
0.0
0.0
-0.000116246224576
0.0
-0.000417396550302
0.0
-0.000265277657746
-0.000548424849035
-0.000407945432819
-0.000458870967976
-0.000465449407269
-0.00054419112559
-0.000286491127219
-0.000543440865301
-0.000579714244554
-0.000294425492189
-0.00042854259089
-0.000411815877015
-0.000469400295328
-0.00024845094593
-0.000360342645094
-0.000327514641766
0.0
0.0
0.0
0.0
0.0
0.0
0.0
0.0
0.0
0.0
-0.000345486107729
-0.000345925214713
0.0
0.0
0.0
-0.000705091645693
0.0
0.0
-0.000342289750163
-0.00027537087598
0.0
0.0
0.0
-0.000326999827558
0.0
0.0
0.0
0.0
-0.000350615511762
0.0
-0.000419061603676
0.0
-0.000222907437536
-0.000407790465186
-0.000497534120454
-0.0004409846746
-0.000606011343551
0.0
-0.000373828470255
-0.000700061291979
-0.000383541068117
-0.00016957706757
-0.000552523857523
-0.00036998812334
-0.000403821960972
0.0
-0.000347529034813
-0.000557957448058
0.0
0.0
0.0
0.0
0.0
0.0
0.0
0.0
0.0
0.0
-0.000453772719365
0.0
0.0
0.0
0.0
-0.000806435133807
0.0
0.0
-0.00046980989175
0.0
0.0
0.0
0.0
-0.000631533524237
0.0
0.0
0.0
0.0
0.0
0.0
0.0
0.0
-0.000406357877016
-0.000217494224204
-0.000510455877188
-0.00026223123768
0.0
-0.000304104732759
0.0
-0.000402820964475
-0.000273224860021
-0.000370326012507
-0.000381699546508
-0.000453030984605
0.0
-0.000450416453916
0.0
-0.000317154141893
0.0
0.0
0.0
0.0
0.0
0.0
0.0
0.0
0.0
0.0
-0.00056104504394
0.0
0.0
0.0
0.0
-0.000302837824158
0.0
0.0
-0.000529433734245
0.0
0.0
0.0
0.0
-0.000303836291215
0.0
0.0
0.0
0.0
-0.000334844959048
0.0
-0.000423648087706
0.0
-0.000642470402948
-0.000570790161164
-0.000649442135341
-0.00064788539438
-0.000601553117324
0.0
-0.000579204184295
-0.000324715055853
-0.000643973935338
-0.000492627510426
-0.000691064178741
-0.000573520671632
-0.000581492585747
0.0
-0.000584130314863
-0.000409084829723
0.0
0.0
0.0
0.0
0.0
0.0
0.0
0.0
-0.000512683987379
0.0
0.0
-0.000442198313599
-0.000566923185403
0.0
0.0
-0.000369857026486
-0.000368257659698
0.0
0.0
-0.00034370932404
-0.000460617803581
0.0
0.0
-0.000368981819284
0.0
0.0
0.0
0.0
-0.0003155378648
0.0
-0.000411160385034
0.0
-0.000461149525757
0.0
0.0
-0.0003842837226
-0.000559237665675
-0.000378639243754
-0.000388855471992
-0.000521465690657
-0.000376962606065
0.0
0.0
-0.000402711206042
-0.000523942668637
-0.000344938512024
-0.000433778225932
-0.000330507209216
0.0
0.0
0.0
0.0
-0.000273478956286
0.0
-0.000215769312103
0.0
-0.000496266342779
0.0
-0.000469011615316
-0.000293959411575
-0.000581727772053
0.0
0.0
0.0
-0.000364977948461
0.0
-0.00031614072109
-0.000291929469775
-0.000348939538993
0.0
0.0
0.0
0.0
0.0
0.0
0.0
0.0
0.0
0.0
0.0
0.0
0.0
0.0
-0.000269294721744
-0.000357588394295
0.0
0.0
0.0
0.0
0.0
0.0
-0.000291180558323
-0.00027222961213
0.0
0.0
0.0
0.0
0.0
0.0
0.0
-0.000313006336206
0.0
-0.000336967777738
0.0
-0.000364918330811
-0.000363483959185
-0.000357359092949
-0.000333607487778
-0.000450958226288
-0.000252313589188
-0.000312222365163
-0.000295586399993
-0.000482008874439
-0.000366872856751
-0.00043804781561
-0.000373790080628
-0.000365481429396
-0.000240648816933
-0.000381957341826
-0.000306930194755
0.0
0.0
0.0
0.0
0.0
0.0
0.0
0.0
0.0
0.0
0.0
0.0
0.0
0.0
0.0
0.0
0.0
0.0
0.0
0.0
0.0
0.0
0.0
0.0
0.0
0.0
0.0
0.0
0.0
0.0
0.0
0.0
0.0
0.0
0.0
-0.0031146791152
-0.00319777040982
-0.00171889597051
-0.00260215200814
0.0
0.0
0.0
0.0
0.0
0.0
0.0
0.0
0.0
0.0
0.0
0.0
-0.00189933087615
-0.0015233693635
-0.00116718418339
-0.00131478356658
0.0
0.0
0.0
0.0
0.0
0.0
0.0
0.0
0.0
0.0
0.0
0.0
-0.00072131543933
0.0
0.0
-0.00072131543933
0.0
0.0
0.0
0.0
0.0
0.0
0.0
0.0
0.0
0.0
0.0
0.0
0.0
0.0
0.0
0.0
0.0
0.0
0.0
0.0
0.0
0.0
0.0
0.0
0.0
0.0
0.0
0.0
0.0
0.0
0.0
0.0
0.0
0.0
0.0
0.0
0.0
0.0
0.0
0.0
0.0
0.0
0.0
0.0
0.0
0.0
0.0
0.0
0.0
-0.00207383554575
-0.00156432363599
-0.00129470707424
-0.00106681194546
-0.000930625616794
-0.000666114424139
-0.000658028680683
-0.000315883985198
0.00038530572168
4.98030439324e-06
-0.000970329165055
-0.000532900949011
-0.000814580784299
-0.00101861799253
0.0
0.0
6.34280351189e-05
-0.00148551793311
-0.000599067450767
-0.0128304595277
-0.00870258541383
-0.00592139561464
0.0
-0.000346164545081
-0.00407118126903
-0.00307397914491
-0.00212523072281
-0.00147743096664
-0.00111442714548
-0.000921580992945
0.0
0.0
0.0
0.0
0.0
0.0
-0.00407118126903
-0.00220471017806
-0.00142729577455
-0.00258818130897
-0.00200087986839
-0.00111322367629
-0.000950739055622
-0.000699865322761
0.0
0.0
0.0
0.0
0.0
0.0
0.0
0.0
0.0
0.0
0.0
0.0
0.00550486025829
0.00547375704243
0.0
0.0
0.0
0.0
0.0
0.0
0.0
0.0
-2.07413125733e-05
3.05350198029e-05
0.0
0.0
0.0
0.0
0.0
-3.35126910875e-05
-3.08162553082e-05
-1.90871435867e-05
0.0
0.0
0.0
0.0
0.0
0.0
0.00776899664626
0.00776899664626
0.158347374372
0.00776899664626
0.00776899664626
0.158347374372
0.0
0.0
0.0
0.0
0.0
0.0
0.0
0.0
