0.0
0.0
0.0
0.0
0.0
0.0
0.0
0.0
0.00026617824743
0.000320391871575
0.00224476409073
0.00285988151221
-1.05471187339e-15
-3.33066907388e-16
0.0
-0.00360823786549
0.00014316651294
-1.08420217249e-19
0.00113952681035
0.00211136373161
-2.11758236814e-22
0.0
0.0
-0.00369000710506
-1.61558713389e-27
5.04870979341e-29
0.000400128095815
0.00168246063143
6.16297582204e-33
0.0
0.0
-0.00361094708984
0.0
0.0
0.00122634101879
-0.00146247014018
0.0
0.0
0.000349406568937
-0.00377768381114
0.0
0.0
-0.00878251854142
-0.00823380752976
0.0
0.000106019809524
0.000138189286206
0.00010267535313
0.0
0.0
0.0
0.0
0.0
0.000397037248298
0.0
-3.94026433286e-06
0.0
0.0
0.0
0.0
0.0
0.000546791643356
0.0
0.000645178547892
0.0
0.0
0.0
0.0
0.0
0.000581643725772
0.0
-0.000444873171935
0.0
0.0
0.0
0.0
0.0
0.000208646439556
0.0
0.00121746104757
0.0
0.0
0.0
0.0
0.0
0.000313888425977
0.0
0.00115303431326
-0.00616347724599
-0.00740889728976
-0.00728789571134
-0.00771538108428
-0.00645373402805
-0.0076785887205
-0.00790808106187
-0.00592794678413
0.0
0.0
0.0
9.07211869887e-05
0.0
0.000308612855039
0.0
0.000542122912617
6.78635394947e-05
0.0
0.0
6.01141151503e-05
0.0
0.000407622656529
0.0
-0.000718892273501
0.0
0.0
0.0
0.0
0.0
0.000292776660898
0.0
-0.000843652230301
6.02542394824e-05
0.0
0.000131521747078
9.56846340449e-05
0.0
0.0
0.000211966075293
0.0016042796459
0.000326878989122
0.0
0.000119667085971
0.000174080576598
0.000162572067371
0.0
0.0
0.00121451471752
-0.00687395402882
-0.00420162897818
-0.00524900540062
-0.00623585393807
-0.00713683423269
-0.00846935347914
-0.00850961042497
0.0
0.000349406568937
-0.00195399330774
-0.00245058240924
0.000657257347854
0.000228461545119
0.000145492325266
0.000140428739709
0.000222634692793
0.0
0.0
0.0
0.0
0.0
0.0
0.0
0.0
0.0
0.0
0.0
0.0
0.0
0.0
0.0
0.0
0.0
0.0
0.0
0.0
0.0
0.0
0.0
0.0
0.0
0.000210876497494
0.000210876497494
0.000210876497494
0.000210876497494
0.000210876497494
0.000210876497494
0.000210876497494
0.0
0.0
0.0
0.0
0.0
0.0
0.0
0.0
0.0
0.0
0.0
0.0
0.0
0.0
0.0
0.0
0.0
6.19461407488e-05
0.00218519903778
0.0
0.0
0.0
0.0
0.0
0.000130714635362
0.0
0.0
0.000334609539747
0.0
0.0
0.0
0.0
0.0
0.0
0.0
0.000825780898704
0.0
0.0
0.0
0.0
6.50836150708e-05
0.0
0.0
5.91008581434e-05
0.0
0.0
0.0
0.0
0.00018423646572
0.000260177089185
0.0
0.000340271416204
-0.00536867268624
-0.00458311465812
-0.00618624016689
-0.00946697572118
0.0
0.0
0.0
0.0
0.0
0.0
0.0
0.0
-0.00706089273969
-0.00779813506202
-0.00652845726187
-0.00609048284683
-0.0017717248741
-0.0110262506988
-0.00999006257285
-0.00660654710418
0.0
0.0
0.0
0.0
0.0
0.0
0.0
0.0
0.0
0.000133977676578
0.00642103849891
0.00642103849891
0.00642103849891
0.00642103849891
0.00642103849891
0.00642103849891
-0.0114910241953
0.0
0.0
0.0
0.0
0.0
0.0
0.0
0.0
0.0
0.0
0.000170928038777
0.0
0.0
0.0
0.0
0.0
0.0
0.0
0.000135235911471
0.0
0.0
0.0
0.0
0.00014085216682
0.000370070602887
0.000329506995985
0.000127721973389
0.000117217165729
0.000128181144418
0.000146536961618
0.000112275166723
0.000484708001029
0.000159402485696
0.00200626634673
0.000231582001875
4.40918770848e-05
6.90428026403e-05
0.000249893319482
0.000329907398619
0.0
0.0
0.0
0.0
0.0
0.0
0.0
0.0
0.0
0.0
0.0
0.0
0.0
0.0
0.0
0.0
0.0
5.55686477468e-05
9.48578983317e-05
0.00144640726315
0.0
0.0
-0.00277001152271
0.0
0.000135278638671
4.80205589505e-05
0.0
0.00146324942202
0.0
0.0
-0.0025035895212
0.0
0.00019667399635
0.000123253889379
0.00021353007701
0.0010654903063
0.000199869069022
0.00021871031046
-0.00228291091628
0.0
0.00197805957731
0.000592596094255
0.00260790796645
0.0
-7.95011950507e-05
-2.26670672452e-05
-0.00238856005865
0.0
0.000240161732193
0.000311490894063
0.000153946679329
0.0
0.0
0.0
0.0
0.0
-0.00546917486732
-0.007430981608
-0.00736601345742
-0.00421952432302
-0.00785596791388
-0.00785596791388
-0.00785596791388
0.0
0.0
0.0
0.0
0.0
0.0
0.0
0.0
0.000221343587859
7.29702037261e-05
0.0
0.000138478233928
0.00015262116326
0.000146964657433
0.000150900303258
0.000224394365919
0.0
0.000204970623454
0.00016005885251
0.000187047279199
0.000220705532751
0.000197352448105
0.000360980917367
0.000360980917367
0.000155807753659
-1.36906788032e-05
0.00011643429757
0.00233114291017
0.000366622580907
0.000564945630012
0.000311932695298
0.000601096715259
-1.49969999582e-05
0.000306886833747
0.0
0.0
0.0
0.0
0.0
0.0
0.0
0.0
0.000247068236503
-0.0051529298368
-0.0052978635966
-0.00563050239754
-0.00771647792807
-0.00843917915837
-0.009986677886
0.000118473535609
0.0
0.0
0.0
0.0
0.0
0.0
0.0
0.0013982954607
-0.00706261604303
-0.0122059791118
-0.0122059791118
-0.0122059791118
0.0
-0.0122059791118
-0.0122059791118
0.0
0.0
-0.00185599706747
-0.00136192415956
0.0
0.0
0.0
0.0
0.0
0.0
0.00054502799556
0.00054502799556
0.00054502799556
0.00054502799556
0.00054502799556
0.00054502799556
-0.00244110505635
0.0
0.0
0.0
0.0
0.0
0.0
0.0
0.0
0.0
0.0
0.000127721973389
0.0
0.0
0.0
0.0
0.0
0.0
0.0
0.0
0.0
0.0
0.0
0.0
0.0
0.0
0.0
0.0
0.0
0.0
0.0
0.0
0.0
0.0
0.0
0.0
0.0
0.0
0.0
0.0
0.0
0.0
0.0
0.0
0.0
0.0
0.0
0.0
0.0
0.0
0.0
0.0
0.0
0.0
0.0
0.0
0.0
0.0
0.0
0.0
0.0
0.0
0.0
0.0
0.0
0.0
0.0
0.0
0.0
0.0
0.0
0.0
0.0
0.0
0.0
0.0
0.0
0.0
0.0
0.0
0.0
0.0
0.0
0.0
0.0
0.0
0.0
0.0
0.0
0.0
0.0
0.0
0.0
0.0
0.0
0.0
0.0
0.0
0.0
0.0
0.0
0.0
0.0
0.0
0.0
0.0
0.0
0.0
0.0
0.0
0.0
0.0
0.0
0.0
0.0
0.0
0.0
0.0
0.0
0.0
0.0
0.0
0.0
0.0
0.0
0.0
0.0
0.0
0.0
0.0
0.0
0.0
0.0
0.0
0.0
0.0
0.0
0.0
0.0
0.0
0.0
0.0
0.0
0.0
0.0
0.0
0.0
0.0
0.0
0.0
0.0
0.0
0.0
0.0
0.0
0.0
0.0
0.0
0.0
0.0
0.0
0.0
0.0
0.0
0.0
0.0
0.0
0.0
0.0
0.0
0.0
0.0
0.0
0.0
0.0
0.0
0.0
0.0
0.0
0.0
0.0
0.0
0.0
0.0
0.0
0.0
0.0
0.0
0.0
0.0
0.0
0.0
0.0
0.0
0.0
0.0
0.0
0.0
0.0
0.0
0.0
0.0
0.0
0.0
0.0
0.0
0.0
0.0
0.0
0.0
0.0
0.0
0.0
0.0
0.0
0.0
0.0
0.0
0.0
0.0
0.00105401799964
0.0
0.00347866215254
0.0
0.0
0.0
0.0
0.0
0.0
0.0
0.0
0.0
0.0
0.0
0.0
0.0
0.0
0.0
0.0
0.0
0.0
0.0
0.0
0.0
0.0
0.0
0.0
0.0
0.0
0.0
0.0
0.0
0.0
0.0
0.0
0.0
0.0
0.0
0.0
0.0
0.0
0.0
0.0
0.0
0.0
0.0
0.0
0.0
0.0
0.0
0.0
0.0
0.0
0.0
0.0
0.0
0.0
0.0
0.0
0.0
0.0
0.0
0.0
0.0
0.0
0.0
0.0
0.0
0.0
0.0
0.0
0.0
0.0
0.0
0.0
0.0
0.0
0.0
0.0
0.0
0.0
0.0
0.0
0.0
0.0
0.0
0.0
0.0
0.0
0.0
0.0
0.0
0.0
0.0
0.0
0.0
0.0
0.0
0.0
0.0
0.0
0.0
0.0
0.0
0.0
0.0
0.0
0.0
0.0
0.0
0.0
0.0
0.0
0.0
0.0
0.0
0.0
0.0
0.0
0.0
0.0
0.0
0.0
0.0
0.0
0.0
0.0
0.0
0.0
0.0
0.0
0.0
0.0
0.0
0.0
0.0
0.0
0.0
0.0
0.0
0.0
0.0
0.0
0.0
0.0
0.0
0.0
0.0
0.0
0.0
0.0
0.0
0.0
0.0
0.0
0.0
0.0
0.0
0.0
0.0
0.0
0.0
0.0
0.0
0.0
0.0
0.0
0.0
0.0
0.0
0.0
0.0
0.0
0.0
0.0
0.0
0.0
0.0
0.0
0.0
0.0
0.0
0.0
0.0
0.0
0.0
0.0
0.0
0.0
0.0
0.0
0.0
0.0
0.0
0.0
0.0
0.0
0.0
0.0
0.0
0.0
0.0
0.0
0.0
0.0
0.0
0.0
0.0
0.0
0.0
0.0
0.0
0.0
0.0
0.0
0.0
0.0
0.0
0.0
0.0
0.0
0.0
0.0
0.0
0.0
0.0
0.0
0.0
0.0
0.0
0.0
0.0
0.0
0.0
0.0
0.0
0.0
0.0
0.0
0.0
0.0
0.0
0.0
0.0
0.0
0.0
0.0
0.0
0.0
0.0
0.0
0.0
0.00126043244984
-0.000653996857214
-0.00236998012987
-0.00320531877124
-0.00346651687453
-0.00364021571225
-0.00173151947476
-0.000575549575604
0.0
0.0
0.0
0.0
0.0
0.0
0.0
0.0
0.0
-0.0011354619412
-0.00108650685402
-0.0048693596282
-0.00611024049853
-0.00648290847206
0.0
-0.00117077920416
0.0
9.43435118666e-05
0.000330860023832
0.000242942354813
0.000295815562438
2.17193745107e-05
-0.00479497703105
0.0
0.0
0.0
0.0
0.0
0.0
0.000348304487528
0.000468174951892
0.00240317442108
-7.4809980055e-06
0.000308373616747
-0.00226809559056
-0.00425068983753
-0.00327431267713
0.0
0.0
0.0
0.0
0.0
0.0
0.0
0.0
0.0
0.0
0.0
-0.00418649047088
0.0
0.0
0.0
0.0
0.0
0.0
0.0
0.0
0.0
0.0
7.3466315898e-05
0.0
0.0
0.0
0.0
0.0
0.0
0.000138189286206
0.0
0.0
0.0
0.0
0.0
0.0
0.0
0.00642103849891
0.00642103849891
0.0
0.00642103849891
0.00642103849891
0.0
0.0
0.0
0.0
0.0
0.0
0.0
0.0
0.0
0.0
0.0
0.0
0.0
0.0
0.0
0.0
0.0
-0.0742392198905
-0.0888176475851
-0.0530915014048
-0.0111428542516
-0.00495490393911
-0.00019293986471
-0.0106354865563
-0.000507367406686
-0.0704722678711
-0.00119337408522
-0.0477029762204
-0.013807246914
-0.00604971736582
-0.00137928199287
-0.0124490141179
-0.000379113512714
0.00303690888889
0.00060508403778
-0.0245845110114
-0.010100028525
-0.006996154172
-0.000926636612866
-0.0121649368265
-0.000793847671342
-0.0518931927808
-0.0783897392366
-0.0107170455992
-0.00168524418835
-0.0804930205007
-0.0346555158452
-0.158735657251
-0.000643331300695
0.00321818456162
0.000271424577871
-0.0349242704879
-0.0411835822048
0.0
9.07211869887e-05
0.000124234069946
8.96264305658e-05
0.00010072543501
0.0
0.000105094577432
0.00226724258454
0.00129462424955
-0.0727347431886
-0.00050540988014
-0.0814513989454
0.000106019809524
0.0
0.000111360311813
0.00117283420345
0.000816724507032
-0.0630589066821
-0.000403238764259
-0.0879012104401
0.000118770178365
9.07211869887e-05
0.000119645127909
0.00259954214145
0.000731791337412
-0.0618196976203
-0.000506881479766
-0.0714042432323
0.0
0.0
0.0
9.10126525937e-05
0.00198998362831
-0.0761626892835
0.000804189687343
-0.0480988625132
0.0
0.0
0.000104415490983
0.000170121950873
0.00231024537379
-0.0864700252002
0.000412884074758
-0.0393555564521
-0.000740977654613
-0.000488660437782
-0.000218072002948
-0.000197553616577
-0.000268491111384
-0.000148222851316
9.70049452147e-05
-0.000728360799191
0.0
0.0
6.19461407488e-05
0.000173564984553
0.00135388439424
-0.0718474335536
0.00100183574627
-0.08411885795
0.000127172201576
0.0
6.01141151503e-05
5.84243678483e-05
0.00267169078968
-0.0601170476396
0.000363554738165
-0.0661756365212
0.0
7.41517365443e-05
-4.08990577808e-06
0.000152982948613
0.0020945901308
-0.0646478934089
0.000475527027244
-0.0409382435658
0.000170828718812
0.000154055937524
9.46143817359e-05
0.000121548465392
0.00070420303541
-0.00201212953196
-0.101398982488
-0.0592758099414
-0.00886309831589
0.000123937277982
0.000114556924362
-0.00366463010005
-0.0511290237346
0.00139730062504
0.000831635313505
-0.027592117613
-0.000943529081613
-0.000677584496382
-0.000567049500627
-0.000732309271837
-0.000459952258667
-0.000377879134755
-0.000108559603908
0.0
-0.157698117215
-0.0616098875988
-0.0585578379623
-0.104505999473
0.000162390242757
-0.000104972080091
0.000226435244867
0.000173241879548
0.0
0.0
0.0
0.0
0.0
0.0
0.0
0.0
0.0
0.0
0.0
0.0
0.0
0.0
0.0
0.0
0.0
0.0
0.0
0.0
0.0
0.0
0.0
0.0
0.0
0.000203380040134
0.000203380040134
0.000203380040134
0.000203380040134
0.000203380040134
0.000203380040134
0.000203380040134
0.0
0.0
0.0
0.0
0.0
0.0
0.0
0.0
0.0
0.0
0.0
0.0
0.0
0.0
0.0
0.0
0.00503550484034
0.00441629092733
0.000906283095522
0.0
0.0
0.0
0.0
0.0
-0.0235171112459
0.00202743981417
0.00109523960947
-0.138607055386
0.0
0.0
0.0
0.0
-0.0225309404033
0.00221761663304
0.000796525190634
-0.11744982282
0.0
0.0
0.0
0.0
-0.00469885438121
0.00259321113492
0.00187250991135
-0.0609991185731
0.0
0.0
0.000108881612112
2.74656993599e-05
-0.0229967507403
-0.0429095956273
0.000283590332251
-0.149247728544
-0.00272850125618
-0.00383006402576
-0.00487929680514
-0.008210956307
0.0
0.0
0.0
0.0
0.0
0.0
0.0041374696841
0.00295268875994
-0.000436453113036
-0.000361346401031
-0.000111350954263
-7.15034407488e-05
-0.000606170664212
0.0
-0.00140522422978
-4.68259460395e-05
0.0
0.0
0.0
0.0
0.0
0.0
0.0
0.0
0.0
0.000135278638671
-0.242027144083
-0.242027144083
-0.242027144083
-0.242027144083
-0.242027144083
-0.242027144083
-0.000654321845659
0.0
0.0
0.0
0.0
0.0
0.0
0.0
0.0
0.0
0.000165670762364
0.000184921262461
0.0
0.0
0.000106019809524
0.0
0.000147051595626
5.6360862266e-05
0.000103097344142
0.000184380842507
6.8980581471e-05
0.0
7.11673606949e-05
7.11673606949e-05
0.000169625204344
0.000127721973389
0.000127721973389
0.00017281540475
0.000165567041241
0.000145955280468
4.08191403558e-05
0.000159981381135
0.00164487825728
0.00106275687335
0.0010163690898
0.00075398661525
4.77316801398e-05
0.00284550794958
0.00208368151311
0.00225363032813
0.0
-0.000145009671863
-0.00127571426324
0.000314467170422
-0.146015436397
-0.00560796474718
-0.228431252556
-0.00686284135671
0.0
0.0
0.0
0.0
0.0
0.0
0.0
0.0
0.0
0.000119684298277
0.000249737706625
-0.00186058455018
0.0
0.0
0.000883910725145
0.0
0.000156066131892
0.000111467614499
0.000133977676578
-0.00400692043407
0.00013844352463
0.000165323417345
0.00128762803372
0.0
0.000205864375555
0.00022958585735
0.00218592952675
0.0002874377325
0.000197352448105
0.000199869069022
0.00123151228265
0.0
0.000797892445751
0.00112037870538
0.0005820122988
0.0
0.000730640365726
-0.000215489072621
1.6653544119e-05
0.0
-0.0181533658218
-0.0433320991497
-0.058962634629
0.00103062053271
0.000797492537188
0.000797492537188
0.000797492537188
0.0
-0.00043700403641
-0.000301249948593
-0.000714155157986
-0.00192225376122
-0.000683341250372
-0.000683341250372
-0.000683341250372
0.0
0.0
0.0
0.0
0.0
6.43554704097e-05
7.45316754494e-05
0.000218100567595
0.000456615884696
0.000140914516063
0.000136497696067
0.0001420672637
0.000142155607925
0.000152707708459
9.99903505852e-05
0.000149754657398
0.000156289522226
0.000184091015645
0.00019949922549
0.000187126891547
0.000197352448105
0.00018741712273
0.000164002075359
0.00319183735761
0.00344081219842
0.00139762752289
0.00174183601227
0.00182252494454
0.00128791228353
0.00106044935828
0.000121960239018
0.000849383349013
0.000557479685574
-0.00390713291422
0.0
0.0
0.0
0.0
0.0
0.0
0.0
0.000126981222862
-0.00224648598158
-0.00365737132849
-0.00263642450981
-0.00283997814303
-0.00458610210217
-0.00802380319323
-0.011367451005
0.000105514391684
0.000243013342206
0.0
0.0
0.0
0.0
0.0
0.0
0.00180810470321
0.00194372542938
0.000429948508787
0.000429948508787
0.000429948508787
0.0
0.000429948508787
0.000429948508787
0.0
0.0
-0.000446676093486
-0.00190819160878
0.0
0.0
0.0
0.0
0.00250263379265
0.000257731977621
-0.00171426290038
-0.00171426290038
-0.00171426290038
-0.00171426290038
-0.00171426290038
-0.00171426290038
-0.00160564508828
0.0
0.0
0.0
0.0
0.0
0.0
0.0
0.0
0.0
0.000127721973389
0.00017281540475
0.0
0.0
0.0
0.0
0.0
0.0
0.0
0.0
0.000229685283567
0.0
0.000408117708253
0.0
0.000255517237592
0.0
0.000241261831814
0.000362021694051
0.000201736307635
0.000390440260466
5.32797182012e-05
0.000383266848693
0.000319249683847
0.0
-6.08408456043e-05
-0.000264654605687
0.000261427629402
0.000271176633936
0.00024095648155
0.000241663780806
0.0
0.0
0.0
0.0
0.0
0.0
0.0
0.0
0.000197830361198
0.0
0.0
0.000312501617063
0.0
0.0
0.0
0.0
0.000147254167858
0.0
0.0
0.000124253264807
0.0
0.0
0.0
0.0
0.0
0.0
0.0
0.0
0.000280017262371
0.0
0.000387671177815
0.0
0.000452110961462
0.000437745082295
0.000617719831556
0.000447701994666
0.000370285357917
0.000142729919819
-0.000194341715491
0.000391475782259
0.000527186004696
6.18464864788e-05
0.00047142409338
0.000380245580017
0.000551744253361
0.000381824504215
0.00059138219984
0.000309392774106
0.0
0.0
0.0
0.0
0.0
0.0
0.0
0.0
0.0
0.0
0.000615916415226
0.000371338776847
0.0
0.0
0.0
0.000262534384269
0.0
0.0
0.000524549037452
0.000207592425888
0.0
0.0
0.0
0.000360922568255
0.0
0.0
0.0
0.0
-0.000155617411591
0.0
0.000299399313432
0.0
0.000343810569409
0.00044709519867
0.000636702921012
0.000448905852607
0.000252671989486
0.0
-0.000153429068603
0.000431212213018
0.000425761404341
0.000282291616913
0.000597951463524
0.000304886419801
0.000402325101962
0.0
0.000441886618478
0.00042639158198
0.0
0.0
0.0
0.0
0.0
0.0
0.0
0.0
0.0
0.0
0.000876539843903
0.0
0.0
0.0
0.0
0.000361992620304
0.0
0.0
0.000550835726432
0.0
0.0
0.0
0.0
0.000271888356716
0.0
0.0
0.0
0.0
0.0
0.0
0.0
0.0
0.000528701975421
0.000414552062506
0.00088999124342
0.000370164455685
0.0
0.000340055960352
0.0
0.000495923552696
0.000422636087619
0.000307109772857
0.000557747154008
0.000463145971606
0.0
0.000439621174045
0.0
0.000497073696797
0.0
0.0
0.0
0.0
0.0
0.0
0.0
0.0
0.0
0.0
0.00106122902747
0.0
0.0
0.0
0.0
0.000129631737985
0.0
0.0
0.00074782870398
0.0
0.0
0.0
0.0
0.000411956409407
0.0
0.0
0.0
0.0
0.000163692696319
0.0
0.000179833837707
0.0
0.00104648523094
0.000983067637635
0.00123097982125
0.000957464416281
0.00124193372757
0.0
0.00119677043397
0.000196251626007
0.00104429413408
0.000871235447193
0.00114495690627
0.000875217163503
0.0011895054361
0.0
0.00118816903023
0.000444446398646
0.0
0.0
0.0
0.0
0.0
0.0
0.0
0.0
0.000532485324274
0.0
0.0
0.000746005573412
0.0010473122582
0.0
0.0
0.000251626056796
0.000513478233662
0.0
0.0
0.000662507412716
0.000597133685816
0.0
0.0
0.000257738073513
0.0
0.0
0.0
0.0
0.000466711857704
0.0
0.000454889825234
0.0
0.00089783438551
0.0
0.0
0.000691076022265
0.00104478833868
0.000586892929952
-1.62243853416e-05
0.000524937476766
0.00057145082152
0.0
0.0
0.00064936722818
0.000549396410217
0.000578598044577
0.000629529075184
0.000561739317324
0.0
0.0
0.0
0.0
0.000457491075457
0.0
0.0003821155515
0.0
0.000948843328724
0.0
0.000918189196893
0.000113911238006
0.000802684633664
0.0
0.0
0.0
0.000593671584159
0.0
4.31289424249e-05
0.000444950112889
0.000581277989125
0.0
0.0
0.0
0.0
0.0
0.0
0.0
0.0
0.0
0.0
0.0
0.0
0.0
0.0
0.000457871820529
0.000606192580879
0.0
0.0
0.0
0.0
0.0
0.0
0.000438567936916
0.000445413808937
0.0
0.0
0.0
0.0
0.0
0.0
0.0
0.000485302092053
0.0
0.00042603340375
0.0
0.000462876926594
0.000490893674797
0.000544098228107
0.000474684284163
0.000640230194909
0.000399055463408
2.08146739605e-05
0.000387084759588
0.000419679520136
0.00016975341687
1.02939575777e-05
0.000538637415226
0.000510664723308
0.000467710879341
0.000304778726137
0.000422863855484
0.0
0.0
0.0
0.0
0.0
0.0
0.0
0.0
0.0
0.0
0.0
0.0
0.0
0.0
0.0
0.0
0.0
0.0
0.0
0.0
0.0
0.0
0.0
0.0
0.0
0.0
0.0
0.0
0.0
0.0
0.0
0.0
0.0
0.0
0.0
0.00347396116604
0.00303773317746
0.000769541741816
0.00159121658377
0.0
0.0
0.0
0.0
0.0
0.0
0.0
0.0
0.0
0.0
0.0
0.0
0.000697501993822
-0.00124720504702
-0.000800874536673
0.000943677623431
0.0
0.0
0.0
0.0
0.0
0.0
0.0
0.0
0.0
0.0
0.0
0.0
-0.00115587489381
0.0
0.0
-0.00115587489381
0.0
0.0
0.0
0.0
0.0
0.0
0.0
0.0
0.0
0.0
0.0
0.0
0.0
0.0
0.0
0.0
0.0
0.0
0.0
0.0
0.0
0.0
0.0
0.0
0.0
0.0
0.0
0.0
0.0
0.0
0.0
0.0
0.0
0.0
0.0
0.0
0.0
0.0
0.0
0.0
0.0
0.0
0.0
0.0
0.0
0.0
0.0
0.0
0.0
0.00348218398339
0.00248954188622
0.00180595102962
0.00120951012793
0.000766239890263
0.000512100232039
-0.00121615176841
0.00020246702752
0.00265129641706
0.0022290900164
-0.00669193885483
-0.00362732551734
-0.00500507032931
-0.00624849525165
0.0
0.0
-0.0508522015285
-0.00134790032902
0.000358918137819
-0.00415885423929
-0.00463020435881
-0.00559522227882
0.0
-0.0240767053902
0.0041171092583
0.002953437935
0.0021403128049
0.00148850635768
0.000560458414416
0.000184879828588
0.0
0.0
0.0
0.0
0.0
0.0
0.0041171092583
0.00250223306869
0.000957777696421
0.00149096138254
-0.000167890062463
-0.00235297107665
-0.00200900625014
-0.000512099592893
0.0
0.0
0.0
0.0
0.0
0.0
0.0
0.0
0.0
0.0
0.0
0.0
-0.17369166771
-0.168297725447
0.0
0.0
0.0
0.0
0.0
0.0
0.0
0.0
6.92597861097e-05
0.000106805939525
0.0
0.0
0.0
0.0
0.0
0.000130921402177
0.000117474737196
0.000167048795464
0.0
0.0
0.0
0.0
0.0
0.0
-0.242027144083
-0.242027144083
0.00457132887755
-0.242027144083
-0.242027144083
0.00457132887755
0.0
0.0
0.0
0.0
0.0
0.0
0.0
0.0
