0.0
0.0
0.0
0.0
0.0
0.0
0.0
0.0
-0.00167338633421
-0.00204827318348
0.00326504178424
-0.000790394172076
3.60822483003e-16
-4.62737487217e-16
-4.4408920985e-16
-0.0651506059258
-0.000578751883831
4.99600361081e-16
0.00130440319825
0.000672307526869
6.93889390391e-18
3.46944695195e-18
8.67361737988e-19
-0.0648360576766
1.35525271561e-20
0.0
0.0015159837802
0.00219881710756
-4.96308367532e-24
0.0
1.29246970711e-26
-0.0644268291336
5.04870979341e-29
-6.31088724177e-30
-0.00154127321581
-0.00172200644176
0.0
0.0
0.00212355850991
-0.0631134431861
-4.70197740329e-38
2.93873587706e-39
0.00401019260788
-0.00437214946833
2.86985925494e-42
-0.000243480515242
-0.000320898765923
-0.000240156176541
-4.30478888241e-42
-2.00890147846e-41
1.43492962747e-42
0.0
0.0
-4.61452251947e-05
0.0
-0.00360670694583
0.0
0.0
0.0
0.0
0.0
-0.00360519924776
0.0
-0.00273823620957
0.0
0.0
0.0
0.0
0.0
-0.000602373568229
0.0
-0.00610673378611
0.0
0.0
0.0
0.0
0.0
-0.00071883112609
0.0
-0.006243912086
0.0
0.0
0.0
0.0
0.0
-0.00206117772271
0.0
-0.0129545661416
-0.0149289232062
-0.0127886084754
-0.00898296736331
-0.00843360456492
-0.00899954784574
-0.00691088575723
-0.00700081720319
-0.00499298447416
0.0
0.0
0.0
-0.000215147101747
0.0
-0.00159255819803
0.0
-0.00287636548769
-0.000102276660907
0.0
0.0
-0.000134874853412
0.0
-0.00207961738039
0.0
-0.00590970288398
0.0
0.0
0.0
0.0
0.0
-0.000744960871698
0.0
-0.00531871992938
-0.000330337397351
0.0
-0.00015396786666
-0.000323577820257
0.0
0.0
-0.000624327467761
-0.00160427775197
-0.00097339664318
0.0
-0.000167004474609
-0.000455821482273
-0.000569655325415
0.0
0.0
-0.0158020173221
-0.0085268241996
-0.00445464397888
-0.00522846826289
-0.00616913344075
-0.00290361163723
-0.00386185569299
-0.00194537859045
0.0
0.00212355850991
0.00331102230771
0.00595897580425
0.0131883550173
-0.000382736756834
-0.000190469500258
-0.00236464344576
-0.000909239722761
0.0
0.0
0.0
0.0
0.0
0.0
0.0
0.0
0.0
0.0
0.0
0.0
0.0
0.0
0.0
0.0
0.0
0.0
0.0
0.0
0.0
0.0
0.0
0.0
0.0
-0.000451406523328
-0.000451406523328
-0.000451406523328
-0.000451406523328
-0.000451406523328
-0.000451406523328
-0.000451406523328
0.0
0.0
0.0
0.0
0.0
0.0
0.0
0.0
0.0
0.0
0.0
0.0
0.0
0.0
0.0
0.0
0.0
-0.000235138955169
-0.00164968825742
0.0
0.0
0.0
0.0
0.0
-0.000398676295733
0.0
0.0
-0.0058773986845
0.0
0.0
0.0
0.0
0.0
0.0
0.0
-0.00420450580264
0.0
0.0
0.0
0.0
-8.42991816576e-05
0.0
0.0
-0.00176391896164
0.0
0.0
0.0
0.0
-0.000228572944368
-0.00152265486809
0.0
-0.00175113969846
-0.0130970217479
-0.00913537591935
-0.0079733194966
-0.0113590771887
0.0
0.0
0.0
0.0
0.0
0.0
0.0
0.0
-0.00280453599382
-0.00573900449321
-0.00235762367977
-0.00708071782015
-0.00298163559904
-0.00317152267206
-0.0057145921013
0.00136432616488
0.0
0.0
0.0
0.0
0.0
0.0
0.0
0.0
0.0
-0.000803448335448
0.15874356209
0.15874356209
0.15874356209
0.15874356209
0.15874356209
0.15874356209
-0.0205073888927
0.0
0.0
0.0
0.0
0.0
0.0
0.0
0.0
0.0
0.0
-0.000380769772716
0.0
0.0
0.0
0.0
0.0
0.0
0.0
-0.00048453912657
0.0
0.0
0.0
0.0
-0.000899337364899
-0.00242020462725
-0.00249676757374
-0.000395392639406
-0.000692474656541
-0.000749590239557
-0.000256959981498
-0.000442877259741
0.00251257016925
-0.0020571163367
-0.004563414125
-0.00111602740509
-0.000278072597745
-0.00027770342755
-0.00164677131881
-0.00174823051434
0.0
0.0
0.0
0.0
0.0
0.0
0.0
0.0
0.0
0.0
0.0
0.0
0.0
0.0
0.0
0.0
0.0
-0.000165163028851
-0.000353098573595
-0.00204040299556
0.0
0.0
-0.0607121759623
0.0
-0.000223589894053
-0.000161087085024
0.0
-0.00331230839769
0.0
0.0
-0.0551646879106
0.0
-0.000691988183804
-0.000918699262563
-0.00106707465491
-0.00277035208055
-0.000567652620792
-0.000714866491173
-0.057360663323
0.0
-0.00183121168862
-0.00684682232463
-0.00298593585706
0.0
-0.00519434663696
-0.000879348071713
-0.0503884017396
0.0
-0.00160483569697
-0.00230058169715
-0.000367892055508
0.0
0.0
0.0
0.0
0.0
-0.0028664785772
4.94472787057e-05
-0.00569634868499
-0.00539902978738
0.00471024712555
0.00471024712555
0.00471024712555
0.0
0.0
0.0
0.0
0.0
0.0
0.0
0.0
-0.000390750850393
-0.000286004094909
0.0
-0.000796748978698
-0.000402740227156
-0.000340382496106
-0.000753305604008
-0.00122430225456
0.0
-0.000739270977042
-0.000753624961911
-0.000646756213534
-0.00076405730363
-0.000480702757317
-0.00244036982633
-0.00244036982633
-0.00062661135023
-0.00179941348755
-0.00186662840508
0.000262078816074
-0.00189692156388
0.000940800891049
-0.00231121612719
-0.0217178258605
-0.000881781185945
-0.000875806756393
0.0
0.0
0.0
0.0
0.0
0.0
0.0
0.0
-0.000507107982725
-0.00880886833368
-0.00875173032382
-0.0113634290463
-0.013368735527
-0.00797434798566
-0.0121478859266
-5.58516941567e-05
0.0
0.0
0.0
0.0
0.0
0.0
0.0
-0.00431412925175
-0.00858813110786
-0.00591150124131
-0.00591150124131
-0.00591150124131
0.0
-0.00591150124131
-0.00591150124131
0.0
0.0
0.137355625183
0.172860999068
0.0
0.0
0.0
0.0
0.0
0.0
0.250254101674
0.250254101674
0.250254101674
0.250254101674
0.250254101674
0.250254101674
0.230219545139
0.0
0.0
0.0
0.0
0.0
0.0
0.0
0.0
0.0
0.0
-0.000395392639406
0.0
0.0
0.0
0.0
0.0
0.0
0.0
0.0
0.0
0.0
0.0
0.0
0.0
0.0
0.0
0.0
0.0
0.0
0.0
0.0
0.0
0.0
0.0
0.0
0.0
0.0
0.0
0.0
0.0
0.0
0.0
0.0
0.0
0.0
0.0
0.0
0.0
0.0
0.0
0.0
0.0
0.0
0.0
0.0
0.0
0.0
0.0
0.0
0.0
0.0
0.0
0.0
0.0
0.0
0.0
0.0
0.0
0.0
0.0
0.0
0.0
0.0
0.0
0.0
0.0
0.0
0.0
0.0
0.0
0.0
0.0
0.0
0.0
0.0
0.0
0.0
0.0
0.0
0.0
0.0
0.0
0.0
0.0
0.0
0.0
0.0
0.0
0.0
0.0
0.0
0.0
0.0
0.0
0.0
0.0
0.0
0.0
0.0
0.0
0.0
0.0
0.0
0.0
0.0
0.0
0.0
0.0
0.0
0.0
0.0
0.0
0.0
0.0
0.0
0.0
0.0
0.0
0.0
0.0
0.0
0.0
0.0
0.0
0.0
0.0
0.0
0.0
0.0
0.0
0.0
0.0
0.0
0.0
0.0
0.0
0.0
0.0
0.0
0.0
0.0
0.0
0.0
0.0
0.0
0.0
0.0
0.0
0.0
0.0
0.0
0.0
0.0
0.0
0.0
0.0
0.0
0.0
0.0
0.0
0.0
0.0
0.0
0.0
0.0
0.0
0.0
0.0
0.0
0.0
0.0
0.0
0.0
0.0
0.0
0.0
0.0
0.0
0.0
0.0
0.0
0.0
0.0
0.0
0.0
0.0
0.0
0.0
0.0
0.0
0.0
0.0
0.0
0.0
0.0
0.0
0.0
0.0
0.0
0.0
0.0
0.0
0.0
0.0
0.0
0.0
0.0
0.0
0.0
-0.00142595790677
0.0
-0.00412582470924
0.0
0.0
0.0
0.0
0.0
0.0
0.0
0.0
0.0
0.0
0.0
0.0
0.0
0.0
0.0
0.0
0.0
0.0
0.0
0.0
0.0
0.0
0.0
0.0
0.0
0.0
0.0
0.0
0.0
0.0
0.0
0.0
0.0
0.0
0.0
0.0
0.0
0.0
0.0
0.0
0.0
0.0
0.0
0.0
0.0
0.0
0.0
0.0
0.0
0.0
0.0
0.0
0.0
0.0
0.0
0.0
0.0
0.0
0.0
0.0
0.0
0.0
0.0
0.0
0.0
0.0
0.0
0.0
0.0
0.0
0.0
0.0
0.0
0.0
0.0
0.0
0.0
0.0
0.0
0.0
0.0
0.0
0.0
0.0
0.0
0.0
0.0
0.0
0.0
0.0
0.0
0.0
0.0
0.0
0.0
0.0
0.0
0.0
0.0
0.0
0.0
0.0
0.0
0.0
0.0
0.0
0.0
0.0
0.0
0.0
0.0
0.0
0.0
0.0
0.0
0.0
0.0
0.0
0.0
0.0
0.0
0.0
0.0
0.0
0.0
0.0
0.0
0.0
0.0
0.0
0.0
0.0
0.0
0.0
0.0
0.0
0.0
0.0
0.0
0.0
0.0
0.0
0.0
0.0
0.0
0.0
0.0
0.0
0.0
0.0
0.0
0.0
0.0
0.0
0.0
0.0
0.0
0.0
0.0
0.0
0.0
0.0
0.0
0.0
0.0
0.0
0.0
0.0
0.0
0.0
0.0
0.0
0.0
0.0
0.0
0.0
0.0
0.0
0.0
0.0
0.0
0.0
0.0
0.0
0.0
0.0
0.0
0.0
0.0
0.0
0.0
0.0
0.0
0.0
0.0
0.0
0.0
0.0
0.0
0.0
0.0
0.0
0.0
0.0
0.0
0.0
0.0
0.0
0.0
0.0
0.0
0.0
0.0
0.0
0.0
0.0
0.0
0.0
0.0
0.0
0.0
0.0
0.0
0.0
0.0
0.0
0.0
0.0
0.0
0.0
0.0
0.0
0.0
0.0
0.0
0.0
0.0
0.0
0.0
0.0
0.0
0.0
0.0
0.0
0.0
0.0
0.0
0.0
0.0
-0.0322102440721
-0.0418309518839
-0.0464247815877
-0.0490088011666
-0.0484841235357
-0.0489911134651
-0.0230159122378
-0.00984348670823
0.0
0.0
0.0
0.0
0.0
0.0
0.0
0.0
0.0
-0.00952063990317
0.00101846531857
-0.0113253796177
-0.00702223155852
-0.00553809481758
0.0
-0.000119035653817
0.0
-0.000935968627958
0.000700847648287
-0.00233553697438
-0.000869241156572
-0.00287477752814
0.00133798912139
0.0
0.0
0.0
0.0
0.0
0.0
0.000399003766671
0.00246412256207
-0.00407464241426
-0.000940774435154
-0.00295937517836
-0.0196621701063
-0.00918558667515
0.00102975131135
0.0
0.0
0.0
0.0
0.0
0.0
0.0
0.0
0.0
0.0
0.0
-0.000746588043869
0.0
0.0
0.0
0.0
0.0
0.0
0.0
0.0
0.0
0.0
-0.000104706253117
0.0
0.0
0.0
0.0
0.0
0.0
-0.000320898765923
0.0
0.0
0.0
0.0
0.0
0.0
0.0
0.15874356209
0.15874356209
0.0
0.15874356209
0.15874356209
0.0
0.0
0.0
0.0
0.0
0.0
0.0
0.0
0.0
0.0
0.0
0.0
0.0
0.0
0.0
0.0
0.0
0.00121648875792
-0.000397032704811
-0.0013632095349
-0.00205859011807
-0.00301485139033
-0.00171651826092
-0.00597777783961
-0.00209070557637
0.0011931815317
-0.00337443781366
-0.000832821218512
-0.00113821231512
-0.00340819518764
-0.00281687784609
-0.00403272431807
-0.00200689935543
-0.000349137966378
-0.00281839062533
-0.000292975379539
0.000611175125904
-0.00182925541669
-0.00157525638238
-0.0034057246495
-0.00215850174266
-0.000169173327583
-0.000677362918924
0.000261889217785
0.000560526014578
-0.00106672887205
0.000334603447974
-0.00462572712575
-0.00199814659073
-0.00441094988429
-0.000235302826823
0.000122477989701
5.44517229099e-05
0.0
-0.000215147101747
-0.000134949934045
-0.000190920702344
-0.000140958166794
0.0
-0.000176976967728
-0.00172717015905
-0.00146775818508
0.000560789039853
-0.00134793146448
0.00164762847919
-0.000243480515242
0.0
-0.000218285317401
-0.00104766437686
0.000617458933867
0.00211006418392
-0.000691962190376
0.00197094625228
-0.000338435973348
-0.000215147101747
-0.000166922927306
-0.000506439798171
0.00128392922786
0.00176335317502
0.000947239441277
0.00176920385213
0.0
0.0
0.0
-0.000119113105536
-0.00203357782815
0.000554602044287
-0.00177955764482
0.00129345098646
0.0
0.0
-0.000221158941159
-0.000292042874483
-0.00620879957059
-0.0022583137957
-0.00332609695969
-0.000372750539119
-0.00690626407724
-0.00362415519279
-0.000250467387582
0.00190920645971
0.00472777528749
0.00777257363719
0.0191341650152
0.00480559048163
0.0
0.0
-0.000235138955169
-0.000380982268887
-0.00190075309186
0.000649403860162
-0.0022870434257
0.00286457904021
-0.000250175590691
0.0
-0.000134874853412
-0.000169730829144
-0.00212754996646
0.00128140888254
-0.00108465976029
0.00193307279787
0.0
-0.000108866492468
-0.000223040229077
-0.000319469810339
-0.00233185105756
0.000612394610222
-0.00152043235347
0.00237318712469
-0.000546396117267
-0.000249154608196
-0.000405105571476
-0.000626309892658
-0.00194156092547
-0.00174904827921
0.00151501473155
0.00105268114051
-0.00626936388231
-0.000182152391777
-0.000214947166243
-0.00089845712978
-0.00450523724882
-0.00438785054006
-0.00406883647937
-0.00141789015528
-0.00882869586462
-0.00777008363368
-0.00649433631098
-0.00515590163262
-0.00448636626284
-0.00346159490291
-0.000699571151237
0.0
-0.00502758297369
-0.00396589934877
-0.0040068311116
-0.00437723109969
-0.0003044900724
-0.000182120199165
-0.000295282827083
-0.000452467417368
0.0
0.0
0.0
0.0
0.0
0.0
0.0
0.0
0.0
0.0
0.0
0.0
0.0
0.0
0.0
0.0
0.0
0.0
0.0
0.0
0.0
0.0
0.0
0.0
0.0
-0.000529594341858
-0.000529594341858
-0.000529594341858
-0.000529594341858
-0.000529594341858
-0.000529594341858
-0.000529594341858
0.0
0.0
0.0
0.0
0.0
0.0
0.0
0.0
0.0
0.0
0.0
0.0
0.0
0.0
0.0
0.0
0.0337334637263
0.0051639552331
-0.00211872431432
0.0
0.0
0.0
0.0
0.0
-0.00497685798366
-0.00422715146957
-0.00294224342078
0.00303702902912
0.0
0.0
0.0
0.0
-0.00567762860089
-0.00433108814945
-0.00277906391638
0.00142618543854
0.0
0.0
0.0
0.0
0.00371288278395
0.0543437891883
0.0540384247429
0.0297400725347
0.0
0.0
-0.000281709209654
-1.72960827494e-06
-0.000826828661164
0.000111071988334
-0.00129617157929
0.00400272583504
-0.0075104794768
-0.0067825420618
-0.00433733059903
-0.00407286530581
0.0
0.0
0.0
0.0
0.0
0.0
-0.00297643348749
-0.00176080841463
-0.00486292030989
-0.00374311933405
-0.00258155736597
-0.00148165487541
-0.000968450605974
0.0
-0.00104762724701
-0.000927917767819
0.0
0.0
0.0
0.0
0.0
0.0
0.0
0.0
0.0
-0.000223589894053
0.0047426460823
0.0047426460823
0.0047426460823
0.0047426460823
0.0047426460823
0.0047426460823
0.0148900217527
0.0
0.0
0.0
0.0
0.0
0.0
0.0
0.0
0.0
-0.000321623434886
-0.000317738751002
0.0
0.0
-0.000243480515242
0.0
-0.000838135908799
-0.000173063749049
-0.000325664816298
-0.00024220582748
-9.46381678492e-05
0.0
-0.000105482562648
-0.000105482562648
-0.000274187800207
-0.000395392639406
-0.000395392639406
-0.000291833899796
-0.000443465513187
-0.000191412388156
-0.000225044353193
-0.000575276012094
-0.000190851694051
-0.00145579373327
-0.000282951901117
-0.000659283904771
-0.000205399787006
-0.000444685443919
0.000469062879782
-0.000938705404069
0.0
-0.00038881614637
-0.00652953102051
-0.00473502048159
-0.000288132359575
-0.00338106833875
0.0034741830933
-0.00404363304476
0.0
0.0
0.0
0.0
0.0
0.0
0.0
0.0
0.0
-0.000212856355318
-0.000511475998595
-0.00259521959763
0.0
0.0
0.000850116275234
0.0
-0.00042925551223
-0.000145883634237
-0.000803448335448
0.00224108771822
-0.000370842341252
-0.000460765972126
-0.00384059959962
0.0
-0.000738704465402
-0.000602906771832
-0.000404125832451
0.0057485478188
-0.000480702757317
-0.000567652620792
-0.0018164705848
0.0
0.000233606555288
-0.000146325011447
-0.000455926962452
0.0
-0.00155339256307
-0.00244032529302
0.000517418032822
0.0
0.0300176410171
0.0211068845469
0.0145920544411
0.0250474094244
0.248853024877
0.248853024877
0.248853024877
0.0
-0.00218628201547
-0.00192671902205
-0.00158560506959
-0.000815074013425
-0.000989817179543
-0.000989817179543
-0.000989817179543
0.0
0.0
0.0
0.0
0.0
-8.42254138095e-05
-0.000107977996557
-0.000431294832091
-0.000631193967274
-0.000308993154836
-0.00073965060154
-0.000304254919897
-0.000300169863991
-0.00023585486136
-0.000254768402856
-0.000372823526851
-0.000701640972687
-0.000422997463757
-0.000712867194556
-0.000423941331659
-0.000480702757317
-0.000501541639771
-0.000297415011808
-0.00494430623221
-0.00255696613
-0.000167982698594
-0.000980556741955
3.14266274741e-05
-0.00170495799098
-0.000641961953362
-0.00225667792778
-0.0014160055418
0.000145848554138
-0.000233304685701
0.0
0.0
0.0
0.0
0.0
0.0
0.0
-0.00035924077816
-0.000717112168724
-0.00645027164808
-0.00592924394414
-0.00526404984118
-0.00522629164259
-0.0029362682816
-0.000461976460619
-0.000154015826267
0.00118549339673
0.0
0.0
0.0
0.0
0.0
0.0
-0.00159155436364
-0.00138339998983
0.00321720194851
0.00321720194851
0.00321720194851
0.0
0.00321720194851
0.00321720194851
0.0
0.0
-0.00164820909427
-0.00210830499374
0.0
0.0
0.0
0.0
0.0104934676518
0.00103078484944
-0.00527619751967
-0.00527619751967
-0.00527619751967
-0.00527619751967
-0.00527619751967
-0.00527619751967
-0.00384727704995
0.0
0.0
0.0
0.0
0.0
0.0
0.0
0.0
0.0
-0.000395392639406
-0.000291833899796
0.0
0.0
0.0
0.0
0.0
0.0
0.0
0.0
-0.000638077099473
0.0
-0.00103591676633
0.0
-0.00065500786628
0.0
-0.000559825292943
-0.00103083583449
-0.000449231729139
-0.00117392997172
-0.000708782235552
-0.00100586245083
-0.000864864734226
0.0
-0.00071332068785
-0.000851183698433
-0.00080423574189
-0.000684234657681
-0.000625521382378
-0.000456280264773
0.0
0.0
0.0
0.0
0.0
0.0
0.0
0.0
-0.000601534700571
0.0
0.0
-0.00132511918737
0.0
0.0
0.0
0.0
-0.00103210499563
0.0
0.0
-0.000583372257927
0.0
0.0
0.0
0.0
0.0
0.0
0.0
0.0
-0.000511549050383
0.0
-0.00112140575247
0.0
-0.000997896772989
-0.00132259657172
-0.00151321498099
-0.00137842740856
-0.00104247389757
-0.00129825855681
-0.00130124142418
-0.00144830302602
-0.00135075912104
-0.000848888615131
-0.00148573980719
-0.0010855082199
-0.00130440353254
-0.00100176702538
-0.00132392557636
-0.00111051026112
0.0
0.0
0.0
0.0
0.0
0.0
0.0
0.0
0.0
0.0
-0.00135581693175
-0.000981835612164
0.0
0.0
0.0
-0.00102143535071
0.0
0.0
-0.00121672700627
-0.000573530179006
0.0
0.0
0.0
-0.000893645205431
0.0
0.0
0.0
0.0
-0.000808009135436
0.0
-0.000793032431904
0.0
-0.000835141244651
-0.00112580200719
-0.00198885441553
-0.00114919380618
-0.00101114490151
0.0
-0.00127696417932
-0.000993458402366
-0.00118411444568
-0.000697236360387
-0.0016653788851
-0.000825646167813
-0.00115959220391
0.0
-0.00108725495524
-0.00105923994645
0.0
0.0
0.0
0.0
0.0
0.0
0.0
0.0
0.0
0.0
-0.00190609387546
0.0
0.0
0.0
0.0
-0.00122395493628
0.0
0.0
-0.00149162535237
0.0
0.0
0.0
0.0
-0.00100853110548
0.0
0.0
0.0
0.0
0.0
0.0
0.0
0.0
-0.00118896502813
-0.00104505142648
-0.00195548908566
-0.000969332214741
0.0
-0.000932623270498
0.0
-0.00127876497903
-0.000995629806967
-0.00107993875888
-0.00165612664883
-0.00118352356456
0.0
-0.00110201672447
0.0
-0.00112872413664
0.0
0.0
0.0
0.0
0.0
0.0
0.0
0.0
0.0
0.0
-0.00220117393759
0.0
0.0
0.0
0.0
-0.0010898144337
0.0
0.0
-0.00170879963609
0.0
0.0
0.0
0.0
-0.00102292512374
0.0
0.0
0.0
0.0
-0.000794364019142
0.0
-0.000882022083173
0.0
-0.00249231766827
-0.00194396152154
-0.00255283861106
-0.00211098449697
-0.00244609595294
0.0
-0.0022202872347
-0.00116353081956
-0.00237394272129
-0.0018490710687
-0.00252436772746
-0.00208843707295
-0.00236209385228
0.0
-0.00229974074815
-0.00106581365416
0.0
0.0
0.0
0.0
0.0
0.0
0.0
0.0
-0.00178985420143
0.0
0.0
-0.00168463640691
-0.00231158503232
0.0
0.0
-0.00101814023705
-0.00121472811007
0.0
0.0
-0.00144170491185
-0.00149753306216
0.0
0.0
-0.000884547456557
0.0
0.0
0.0
0.0
-0.00116392471945
0.0
-0.0011424247482
0.0
-0.00198791891238
0.0
0.0
-0.00145377994107
-0.00226176129322
-0.00140539594909
-0.00146225783047
-0.0014356187755
-0.00133740296575
0.0
0.0
-0.00152363951966
-0.00185392887647
-0.0012927969625
-0.00143341339992
-0.0012625575225
0.0
0.0
0.0
0.0
-0.00102754582831
0.0
-0.000970309843559
0.0
-0.00204016283539
0.0
-0.00187901477788
-0.00116140863426
-0.00213854334091
0.0
0.0
0.0
-0.00133152603677
0.0
-0.00133256534456
-0.00111116827389
-0.00144571887556
0.0
0.0
0.0
0.0
0.0
0.0
0.0
0.0
0.0
0.0
0.0
0.0
0.0
0.0
-0.00097753141863
-0.00124875240559
0.0
0.0
0.0
0.0
0.0
0.0
-0.00108684926446
-0.00110512802141
0.0
0.0
0.0
0.0
0.0
0.0
0.0
-0.00118104331055
0.0
-0.00114520334926
0.0
-0.00136468412292
-0.00132595489219
-0.00128909054788
-0.00122366889753
-0.0016732250811
-0.000874194969989
-0.00124411573541
-0.000993987797226
-0.000998644097253
-0.00116162401234
-0.00132547687007
-0.00138844583239
-0.00134167316726
-0.00100344504832
-0.00142210970724
-0.00100736841114
0.0
0.0
0.0
0.0
0.0
0.0
0.0
0.0
0.0
0.0
0.0
0.0
0.0
0.0
0.0
0.0
0.0
0.0
0.0
0.0
0.0
0.0
0.0
0.0
0.0
0.0
0.0
0.0
0.0
0.0
0.0
0.0
0.0
0.0
0.0
-0.0104176998386
-0.0114159230645
-0.00698220821538
-0.0104099998035
0.0
0.0
0.0
0.0
0.0
0.0
0.0
0.0
0.0
0.0
0.0
0.0
-0.00809572446794
-0.00692047160267
-0.00585650495163
-0.00509028123417
0.0
0.0
0.0
0.0
0.0
0.0
0.0
0.0
0.0
0.0
0.0
0.0
-0.0024880275952
0.0
0.0
-0.0024880275952
0.0
0.0
0.0
0.0
0.0
0.0
0.0
0.0
0.0
0.0
0.0
0.0
0.0
0.0
0.0
0.0
0.0
0.0
0.0
0.0
0.0
0.0
0.0
0.0
0.0
0.0
0.0
0.0
0.0
0.0
0.0
0.0
0.0
0.0
0.0
0.0
0.0
0.0
0.0
0.0
0.0
0.0
0.0
0.0
0.0
0.0
0.0
0.0
0.0
-0.00536383849874
-0.00545557578935
-0.00618154213095
-0.00642630259195
-0.00634585516417
-0.00577740653756
-0.00188100438759
-0.000515004053361
-0.00584697938044
-0.00524044057867
-0.0104322628736
-0.00532874316744
-0.00865462558812
-0.00912470930031
0.0
0.0
-0.00327256416316
-0.000185767987206
-0.00131304139612
-0.0114948423844
-0.00776221377438
-0.00554242937104
0.0
-0.00378995500656
-0.0157999946481
-0.012076633755
-0.00881537130575
-0.00560959221522
-0.00394795990482
-0.00169241191934
0.0
0.0
0.0
0.0
0.0
0.0
-0.0157999946481
-0.00988672853562
-0.00854392539614
-0.0100226784555
-0.00802154619756
-0.00581320944131
-0.00319011280258
-0.00217141400001
0.0
0.0
0.0
0.0
0.0
0.0
0.0
0.0
0.0
0.0
0.0
0.0
0.0033364045224
0.00336587465231
0.0
0.0
0.0
0.0
0.0
0.0
0.0
0.0
-9.18204355903e-05
-0.000102814331626
0.0
0.0
0.0
0.0
0.0
-0.0002422054538
-0.000267538358505
-0.000341264956656
0.0
0.0
0.0
0.0
0.0
0.0
0.0047426460823
0.0047426460823
0.103681964933
0.0047426460823
0.0047426460823
0.103681964933
0.0
0.0
0.0
0.0
0.0
0.0
0.0
0.0
