1.0
1.0
1.0
1.0
1.0
1.0
1.0
1.0
0.00564958226482
0.00652354097744
0.140753997798
0.150907304938
1.0
1.0
1.0
0.123642069437
0.00610223005349
1.0
0.107837495525
0.122068048385
1.0
1.0
1.0
0.122952142249
1.0
1.0
0.086373454394
0.109177535493
1.0
1.0
1.0
0.1214536069
1.0
1.0
0.130051464984
0.116391807707
1.0
1.0
0.0246188826443
0.118875206816
1.0
1.0
0.0727426937445
0.0736057061212
1.0
0.0023064629766
0.00326182254642
0.0023064629766
1.0
1.0
1.0
1.0
1.0
0.0198370917768
1.0
0.099347459545
1.0
1.0
1.0
1.0
1.0
0.0297929067758
1.0
0.144437000576
1.0
1.0
1.0
1.0
1.0
0.0959275589251
1.0
0.131679665994
1.0
1.0
1.0
1.0
1.0
0.00652354097744
1.0
0.160845716246
1.0
1.0
1.0
1.0
1.0
0.00652354097744
1.0
0.140608850347
0.120064268454
0.0982654934393
0.0784133219346
0.0706125961579
0.0582501507102
0.0587018993042
0.0584312750727
0.0418622983405
1.0
1.0
1.0
0.0023064629766
1.0
0.00610223005349
1.0
0.128541165035
0.0023064629766
1.0
1.0
0.0023064629766
1.0
0.0100531576678
1.0
0.099504769139
1.0
1.0
1.0
1.0
1.0
0.00798958834441
1.0
0.086736655614
0.00515735312996
1.0
0.00326182254642
0.00399488980897
1.0
1.0
0.00652354097744
0.157326826936
0.0161431793469
1.0
0.00399488980897
0.00652354097744
0.00652354097744
1.0
1.0
0.154195024825
0.121623437592
0.102420461188
0.0961178547471
0.0885000475117
0.0974658925027
0.110336061035
0.0986363339123
1.0
0.0246188826443
0.097946467593
0.101115382221
0.144472256938
0.00978505117217
0.00515735312996
0.00978505117218
0.0122037783471
1.0
1.0
1.0
1.0
1.0
1.0
1.0
1.0
1.0
1.0
1.0
1.0
1.0
1.0
1.0
1.0
1.0
1.0
1.0
1.0
1.0
1.0
1.0
1.0
1.0
0.00461288914313
0.00461288914313
0.00461288914313
0.00461288914313
0.00461288914313
0.00461288914313
0.00461288914313
1.0
1.0
1.0
1.0
1.0
1.0
1.0
1.0
1.0
1.0
1.0
1.0
1.0
1.0
1.0
1.0
1.0
0.0023064629766
0.0629553501184
1.0
1.0
1.0
1.0
1.0
0.00515735312996
1.0
1.0
0.0876079836683
1.0
1.0
1.0
1.0
1.0
1.0
1.0
0.151895186319
1.0
1.0
1.0
1.0
0.0023064629766
1.0
1.0
0.0126320434863
1.0
1.0
1.0
1.0
0.00515735312996
0.00652354097744
1.0
0.00893256004069
0.107909726089
0.0879063763227
0.0692568314683
0.0848428648339
1.0
1.0
1.0
1.0
1.0
1.0
1.0
1.0
0.0957641357252
0.085703464435
0.0749162822125
0.0663813473564
0.0274743684126
0.124472886067
0.107088121023
0.0750915931779
1.0
1.0
1.0
1.0
1.0
1.0
1.0
1.0
1.0
0.00399488980897
0.119676500287
0.119676500287
0.119676500287
0.119676500287
0.119676500287
0.119676500287
0.0788142922421
1.0
1.0
1.0
1.0
1.0
1.0
1.0
1.0
1.0
1.0
0.00652354097744
1.0
1.0
1.0
1.0
1.0
1.0
1.0
0.00729350173793
1.0
1.0
1.0
1.0
0.00461288914313
0.00515735312996
0.00515735312996
0.00515735312996
0.00399488980897
0.00399488980897
0.00461288914313
0.00461288914313
0.0262886989903
0.00610223005349
0.110688164868
0.00893256004069
0.00515735312996
0.00515735312996
0.00691924168836
0.00691924168836
1.0
1.0
1.0
1.0
1.0
1.0
1.0
1.0
1.0
1.0
1.0
1.0
1.0
1.0
1.0
1.0
1.0
0.00399488980897
0.00461288914313
0.0950800669586
1.0
1.0
0.136232695046
1.0
0.00399488980897
0.00399488980897
1.0
0.0897918650047
1.0
1.0
0.139515017399
1.0
0.00461288914313
0.00610223005349
0.00691924168836
0.0623657444905
0.00461288914313
0.00461288914313
0.135138363758
1.0
0.125400543868
0.0242929842968
0.148534235968
1.0
0.00831580508245
0.00652354097744
0.115095115376
1.0
0.00564958226482
0.00729350173793
0.00652354097744
1.0
1.0
1.0
1.0
1.0
0.0718324566261
0.0814357112711
0.0813389729299
0.056312698111
0.0833147871396
0.0833147871396
0.0833147871396
1.0
1.0
1.0
1.0
1.0
1.0
1.0
1.0
0.00893256004069
0.00399488980897
1.0
0.00399488980897
0.00399488980897
0.00399488980897
0.00461288914313
0.00564958226482
1.0
0.00461288914313
0.00461288914313
0.00461288914313
0.00461288914313
0.00461288914313
0.00515735312996
0.00515735312996
0.00515735312996
0.00862969581308
0.00610223005349
0.158270520626
0.00729350173793
0.0154704130932
0.00798958834441
0.123704586934
0.00652354097744
0.0112986235157
1.0
1.0
1.0
1.0
1.0
1.0
1.0
1.0
0.00652354097744
0.096063524451
0.086343116532
0.0808534978302
0.0931088752628
0.0793456874872
0.0830941296531
0.00326182254642
1.0
1.0
1.0
1.0
1.0
1.0
1.0
0.104034045509
0.139990150395
0.104084049002
0.104084049002
0.104084049002
1.0
0.104084049002
0.104084049002
1.0
1.0
0.0697872655545
0.0864946961608
1.0
1.0
1.0
1.0
1.0
1.0
0.109699279913
0.109699279913
0.109699279913
0.109699279913
0.109699279913
0.109699279913
0.119027241579
1.0
1.0
1.0
1.0
1.0
1.0
1.0
1.0
1.0
1.0
0.00515735312996
1.0
1.0
1.0
1.0
1.0
1.0
1.0
1.0
1.0
1.0
1.0
1.0
1.0
1.0
1.0
1.0
1.0
1.0
1.0
1.0
1.0
1.0
1.0
1.0
1.0
1.0
1.0
1.0
1.0
1.0
1.0
1.0
1.0
1.0
1.0
1.0
1.0
1.0
1.0
1.0
1.0
1.0
1.0
1.0
1.0
1.0
1.0
1.0
1.0
1.0
1.0
1.0
1.0
1.0
1.0
1.0
1.0
1.0
1.0
1.0
1.0
1.0
1.0
1.0
1.0
1.0
1.0
1.0
1.0
1.0
1.0
1.0
1.0
1.0
1.0
1.0
1.0
1.0
1.0
1.0
1.0
1.0
1.0
1.0
1.0
1.0
1.0
1.0
1.0
1.0
1.0
1.0
1.0
1.0
1.0
1.0
1.0
1.0
1.0
1.0
1.0
1.0
1.0
1.0
1.0
1.0
1.0
1.0
1.0
1.0
1.0
1.0
1.0
1.0
1.0
1.0
1.0
1.0
1.0
1.0
1.0
1.0
1.0
1.0
1.0
1.0
1.0
1.0
1.0
1.0
1.0
1.0
1.0
1.0
1.0
1.0
1.0
1.0
1.0
1.0
1.0
1.0
1.0
1.0
1.0
1.0
1.0
1.0
1.0
1.0
1.0
1.0
1.0
1.0
1.0
1.0
1.0
1.0
1.0
1.0
1.0
1.0
1.0
1.0
1.0
1.0
1.0
1.0
1.0
1.0
1.0
1.0
1.0
1.0
1.0
1.0
1.0
1.0
1.0
1.0
1.0
1.0
1.0
1.0
1.0
1.0
1.0
1.0
1.0
1.0
1.0
1.0
1.0
1.0
1.0
1.0
1.0
1.0
1.0
1.0
1.0
1.0
1.0
1.0
1.0
1.0
1.0
1.0
0.0356344721246
1.0
0.127758714443
1.0
1.0
1.0
1.0
1.0
1.0
1.0
1.0
1.0
1.0
1.0
1.0
1.0
1.0
1.0
1.0
1.0
1.0
1.0
1.0
1.0
1.0
1.0
1.0
1.0
1.0
1.0
1.0
1.0
1.0
1.0
1.0
1.0
1.0
1.0
1.0
1.0
1.0
1.0
1.0
1.0
1.0
1.0
1.0
1.0
1.0
1.0
1.0
1.0
1.0
1.0
1.0
1.0
1.0
1.0
1.0
1.0
1.0
1.0
1.0
1.0
1.0
1.0
1.0
1.0
1.0
1.0
1.0
1.0
1.0
1.0
1.0
1.0
1.0
1.0
1.0
1.0
1.0
1.0
1.0
1.0
1.0
1.0
1.0
1.0
1.0
1.0
1.0
1.0
1.0
1.0
1.0
1.0
1.0
1.0
1.0
1.0
1.0
1.0
1.0
1.0
1.0
1.0
1.0
1.0
1.0
1.0
1.0
1.0
1.0
1.0
1.0
1.0
1.0
1.0
1.0
1.0
1.0
1.0
1.0
1.0
1.0
1.0
1.0
1.0
1.0
1.0
1.0
1.0
1.0
1.0
1.0
1.0
1.0
1.0
1.0
1.0
1.0
1.0
1.0
1.0
1.0
1.0
1.0
1.0
1.0
1.0
1.0
1.0
1.0
1.0
1.0
1.0
1.0
1.0
1.0
1.0
1.0
1.0
1.0
1.0
1.0
1.0
1.0
1.0
1.0
1.0
1.0
1.0
1.0
1.0
1.0
1.0
1.0
1.0
1.0
1.0
1.0
1.0
1.0
1.0
1.0
1.0
1.0
1.0
1.0
1.0
1.0
1.0
1.0
1.0
1.0
1.0
1.0
1.0
1.0
1.0
1.0
1.0
1.0
1.0
1.0
1.0
1.0
1.0
1.0
1.0
1.0
1.0
1.0
1.0
1.0
1.0
1.0
1.0
1.0
1.0
1.0
1.0
1.0
1.0
1.0
1.0
1.0
1.0
1.0
1.0
1.0
1.0
1.0
1.0
1.0
1.0
1.0
1.0
1.0
1.0
1.0
1.0
1.0
1.0
1.0
1.0
1.0
1.0
1.0
1.0
1.0
1.0
0.135592346849
0.127597577
0.110265498416
0.101218375776
0.0926022246538
0.0893243457848
0.0550787261009
0.0295243289007
1.0
1.0
1.0
1.0
1.0
1.0
1.0
1.0
1.0
0.0509892830802
0.0266897922167
0.141873422806
0.111272401506
0.0940026043493
1.0
0.0489231375718
1.0
0.00610223005349
0.0100531576678
0.00610223005349
0.00729350173793
0.0282370892328
0.0796429992353
1.0
1.0
1.0
1.0
1.0
1.0
0.0105689788816
0.0224749987214
0.141278799782
0.00652354097744
0.0122037783471
0.162201576046
0.0716489919419
0.0771975993123
1.0
1.0
1.0
1.0
1.0
1.0
1.0
1.0
1.0
1.0
1.0
0.00652354097744
1.0
1.0
1.0
1.0
1.0
1.0
1.0
1.0
1.0
1.0
0.0023064629766
1.0
1.0
1.0
1.0
1.0
1.0
0.00326182254642
1.0
1.0
1.0
1.0
1.0
1.0
1.0
0.119676500287
0.119676500287
1.0
0.119676500287
0.119676500287
1.0
1.0
1.0
1.0
1.0
1.0
1.0
1.0
1.0
1.0
1.0
1.0
1.0
1.0
1.0
1.0
1.0
0.123558660363
0.0880551814121
0.0536684913612
0.100365383261
0.0800704500607
0.0683377489523
0.0742108016977
0.0237398566344
0.122089177391
0.095162424663
0.043293912366
0.082269215734
0.0661824676839
0.0564533220614
0.0649355765937
0.0238515107452
0.128100411556
0.0888248210548
0.0401160953816
0.0744231640112
0.0607795352811
0.0511964334521
0.0625347795463
0.0238515107452
0.14974288395
0.106333209742
0.0610396017788
0.0898501281917
0.0897918650047
0.061898480247
0.0537669506588
0.0238515107452
0.120021248742
0.00893256004069
0.00922548379951
0.0105689788816
1.0
0.0023064629766
0.00326182254642
0.00326182254642
0.00326182254642
1.0
0.00326182254642
0.168099807657
0.118788237202
0.0824921422445
0.0650573062004
0.0412242401565
0.0023064629766
1.0
0.00326182254642
0.168204087094
0.101372661535
0.0703510623591
0.057519871403
0.0363713554313
0.00326182254642
0.0023064629766
0.00399488980897
0.146813391365
0.0971172728289
0.0676790353477
0.0549345386933
0.0344994949606
1.0
1.0
1.0
0.00326182254642
0.143534770891
0.100443240047
0.0779765517365
0.0396507398841
1.0
1.0
0.00326182254642
0.00564958226482
0.142286259425
0.101475382808
0.0735341837436
0.0464238494789
0.0988212112398
0.0712067075782
0.0505724100059
0.0376612405363
0.0260858332819
0.021631533044
0.0136439848969
0.0132484932417
1.0
1.0
0.0023064629766
0.00691924168836
0.13042611154
0.0875780867087
0.0791800194033
0.0341127371933
0.00399488980897
1.0
0.0023064629766
0.00399488980897
0.144313529299
0.0747405505739
0.0680285755837
0.0286108020557
1.0
0.0023064629766
0.0023064629766
0.00399488980897
0.153388632597
0.0724163545607
0.0646506341865
0.0279535154247
0.00729350173793
0.00326182254642
0.00399488980897
0.00515735312996
0.146171053575
0.10160363209
0.0726703032991
0.0496748192135
0.15627983758
0.00399488980897
0.00461288914313
0.0138374894511
0.125359470108
0.0922345176892
0.0716122414168
0.0564064868664
0.086646002449
0.0767537387651
0.0670530471792
0.0496215089964
0.0380814409448
0.0316927632313
0.00893256004069
1.0
0.0530239976666
0.0348057924014
0.0344994949606
0.0419887383987
0.00862969581304
0.00515735312996
0.00798958834443
0.0122037783471
1.0
1.0
1.0
1.0
1.0
1.0
1.0
1.0
1.0
1.0
1.0
1.0
1.0
1.0
1.0
1.0
1.0
1.0
1.0
1.0
1.0
1.0
1.0
1.0
1.0
0.00461288914313
0.00461288914313
0.00461288914313
0.00461288914313
0.00461288914313
0.00461288914313
0.00461288914313
1.0
1.0
1.0
1.0
1.0
1.0
1.0
1.0
1.0
1.0
1.0
1.0
1.0
1.0
1.0
1.0
0.172157450261
0.170787742743
0.0562657443529
1.0
1.0
1.0
1.0
1.0
0.146778749019
0.10893951133
0.0700509467301
0.0387715977562
1.0
1.0
1.0
1.0
0.152145216691
0.128320990874
0.0619837034939
0.0356344721246
1.0
1.0
1.0
1.0
0.010817665989
0.139478395985
0.116169331149
0.100495109653
1.0
1.0
0.00652354097744
0.00564958226482
0.170068789358
0.117497510651
0.0899083523637
0.0571049296003
0.0879956905378
0.0723436305241
0.0453268574369
0.0449748331201
1.0
1.0
1.0
1.0
1.0
1.0
0.153981538611
0.107813407393
0.0428014308006
0.0300590765306
0.0187345538609
0.0136439848969
0.00764946880886
1.0
0.00893256004069
0.00564958226481
1.0
1.0
1.0
1.0
1.0
1.0
1.0
1.0
1.0
0.00399488980897
0.0552225324208
0.0552225324208
0.0552225324208
0.0552225324208
0.0552225324208
0.0552225324208
0.0232878753818
1.0
1.0
1.0
1.0
1.0
1.0
1.0
1.0
1.0
0.00652354097744
0.00691924168836
1.0
1.0
0.0023064629766
1.0
0.00399488980897
0.00399488980897
0.00729350173793
0.00729350173793
0.0023064629766
1.0
0.0023064629766
0.0023064629766
0.00798958834441
0.00515735312996
0.00515735312996
0.00515735312996
0.00399488980897
0.00461288914313
0.00461288914313
0.00461288914313
0.0763761008149
0.0664210505536
0.0512480888328
0.0356344721246
0.00515735312996
0.155826422495
0.100391342514
0.0989003342932
1.0
0.010817665989
0.145787655345
0.104756654325
0.0948050051659
0.0670923457155
0.0589712643545
0.0702011681471
1.0
1.0
1.0
1.0
1.0
1.0
1.0
1.0
1.0
0.00399488980897
0.00831580508245
0.083628973404
1.0
1.0
0.0652192528398
1.0
0.00399488980897
0.00399488980897
0.00399488980897
0.0771975993122
0.00399488980897
0.00399488980897
0.0783462889801
1.0
0.00515735312996
0.00922548379953
0.106406510915
0.024402101853
0.00461288914313
0.00461288914313
0.0665796223321
1.0
0.0485973943083
0.0533720109436
0.0307575631679
1.0
0.0414166969294
0.0347294725206
0.0213844212174
1.0
0.154227839877
0.116946041588
0.0863127676786
0.0726703032991
0.107692881966
0.107692881966
0.107692881966
1.0
0.0288879038597
0.0211344149048
0.017410819593
0.00798958834444
0.0056495822648
0.0056495822648
0.0056495822648
1.0
1.0
1.0
1.0
1.0
0.0023064629766
0.0023064629766
0.00862969581308
0.0164692494941
0.00399488980897
0.00399488980897
0.00399488980897
0.00399488980897
0.00399488980897
0.00461288914313
0.00729350173793
0.00691924168836
0.00461288914313
0.00461288914313
0.00461288914313
0.00461288914313
0.00461288914313
0.00515735312996
0.156731799408
0.145122814007
0.106161967517
0.135648979455
0.0947774534386
0.0827778552767
0.0693328611204
0.05678007278
0.0379418942016
0.0242929842968
0.0716489919418
1.0
1.0
1.0
1.0
1.0
1.0
1.0
0.00652354097744
0.0117599176379
0.0784802961916
0.0685686968055
0.0615992558978
0.0625769658355
0.0426774158099
0.0365169384692
0.00461288914313
0.00610223005349
1.0
1.0
1.0
1.0
1.0
1.0
0.0699380646704
0.069711741234
0.0117599176379
0.0117599176379
0.0117599176379
1.0
0.0117599176379
0.0117599176379
1.0
1.0
0.0630809657624
0.0786808682737
1.0
1.0
1.0
1.0
0.103205331814
0.00729350173793
0.107039585402
0.107039585402
0.107039585402
0.107039585402
0.107039585402
0.107039585402
0.107330454085
1.0
1.0
1.0
1.0
1.0
1.0
1.0
1.0
1.0
0.00515735312996
0.00515735312996
1.0
1.0
1.0
1.0
1.0
1.0
1.0
1.0
0.00798958834444
1.0
0.013447694108
1.0
0.00893256004069
1.0
0.00729350173787
0.0138374894511
0.00798958834446
0.0126320434863
0.00798958834446
0.0132484932417
0.0115315786603
1.0
0.00978505117218
0.00893256004069
0.00950938574194
0.00862969581306
0.00893256004069
0.00764946880886
1.0
1.0
1.0
1.0
1.0
1.0
1.0
1.0
0.00862969581304
1.0
1.0
0.0145858393683
1.0
1.0
1.0
1.0
0.011060760539
1.0
1.0
0.00893256004069
1.0
1.0
1.0
1.0
1.0
1.0
1.0
1.0
0.00893256004069
1.0
0.0144024007039
1.0
0.0145858393683
0.0164692494941
0.0201032663916
0.0178629814083
0.0190161910861
0.0154704130933
0.0185921331735
0.0169465826526
0.0183039629939
0.0124197581536
0.0207537491242
0.0136439848969
0.0194309835443
0.0119839043178
0.0188758985003
0.0130462489985
1.0
1.0
1.0
1.0
1.0
1.0
1.0
1.0
1.0
1.0
0.0188758985003
0.0130462489985
1.0
1.0
1.0
0.0130462489985
1.0
1.0
0.0171027301515
0.00950938574194
1.0
1.0
1.0
0.0122037783471
1.0
1.0
1.0
1.0
0.0103142946994
1.0
0.011060760539
1.0
0.0112986235157
0.01529759459
0.0263895454298
0.0158103786657
0.0175628353101
1.0
0.0156413204595
0.01529759459
0.0156413204594
0.0100531576678
0.0218758484742
0.0103142946994
0.01529759459
1.0
0.0147669975797
0.0140283230698
1.0
1.0
1.0
1.0
1.0
1.0
1.0
1.0
1.0
1.0
0.0278583473454
1.0
1.0
1.0
1.0
0.01529759459
1.0
1.0
0.0202350386566
1.0
1.0
1.0
1.0
0.0126320434863
1.0
1.0
1.0
1.0
1.0
1.0
1.0
1.0
0.0166298846579
0.0128408175786
0.0306711254906
0.0119839043178
1.0
0.0119839043178
1.0
0.0163070303079
0.0130462489985
0.0159776464096
0.023627673703
0.01529759459
1.0
0.0145858393683
1.0
0.0156413204594
1.0
1.0
1.0
1.0
1.0
1.0
1.0
1.0
1.0
1.0
0.0345763249272
1.0
1.0
1.0
1.0
0.0147669975797
1.0
1.0
0.0255716095708
1.0
1.0
1.0
1.0
0.0136439848969
1.0
1.0
1.0
1.0
0.0117599176379
1.0
0.010817665989
1.0
0.0337215229502
0.0321088156902
0.037590747838
0.0304975124023
0.0388399349391
1.0
0.0388399349391
0.0159776464096
0.0337215229502
0.0292532765774
0.0370219469996
0.0287034675475
0.0378018293258
1.0
0.0380117319827
0.0145858393683
1.0
1.0
1.0
1.0
1.0
1.0
1.0
1.0
0.027570866034
1.0
1.0
0.0229430339225
0.0334845903907
1.0
1.0
0.0138374894511
0.0184486115172
1.0
1.0
0.0218758484742
0.0229430339225
1.0
1.0
0.0130462489985
1.0
1.0
1.0
1.0
0.0151227994299
1.0
0.0158103786657
1.0
0.0270849297013
1.0
1.0
0.0219969866999
0.0330056000178
0.0183039629939
0.021631533044
0.0178629814083
0.0184486115172
1.0
1.0
0.020365956954
0.0240732619027
0.0178629814083
0.0207537491242
0.0177135448955
1.0
1.0
1.0
1.0
0.0145858393683
1.0
0.0119839043178
1.0
0.0295243289007
1.0
0.0286108020557
0.01512279943
0.0316088929048
1.0
1.0
1.0
0.0188758985003
1.0
0.0166298846579
0.01512279943
0.0201032663916
1.0
1.0
1.0
1.0
1.0
1.0
1.0
1.0
1.0
1.0
1.0
1.0
1.0
1.0
0.0144024007039
0.0195672909295
1.0
1.0
1.0
1.0
1.0
1.0
0.0145858393683
0.0149459582616
1.0
1.0
1.0
1.0
1.0
1.0
1.0
0.01512279943
1.0
0.0136439848969
1.0
0.0171027301515
0.0158103786657
0.0177135448955
0.0166298846579
0.0207537491243
0.0128408175786
0.0185921331735
0.0132484932417
0.0158103786657
0.0164692494941
0.0161431793469
0.0175628353102
0.0194309835443
0.0144024007039
0.0180111765364
0.0138374894511
1.0
1.0
1.0
1.0
1.0
1.0
1.0
1.0
1.0
1.0
1.0
1.0
1.0
1.0
1.0
1.0
1.0
1.0
1.0
1.0
1.0
1.0
1.0
1.0
1.0
1.0
1.0
1.0
1.0
1.0
1.0
1.0
1.0
1.0
1.0
0.166436388164
0.126971103147
0.0784802961915
0.0804629518313
1.0
1.0
1.0
1.0
1.0
1.0
1.0
1.0
1.0
1.0
1.0
1.0
0.0542565358072
0.0354852496952
0.030584442599
0.0401160953816
1.0
1.0
1.0
1.0
1.0
1.0
1.0
1.0
1.0
1.0
1.0
1.0
0.0115315786603
1.0
1.0
0.0115315786603
1.0
1.0
1.0
1.0
1.0
1.0
1.0
1.0
1.0
1.0
1.0
1.0
1.0
1.0
1.0
1.0
1.0
1.0
1.0
1.0
1.0
1.0
1.0
1.0
1.0
1.0
1.0
1.0
1.0
1.0
1.0
1.0
1.0
1.0
1.0
1.0
1.0
1.0
1.0
1.0
1.0
1.0
1.0
1.0
1.0
1.0
1.0
1.0
1.0
0.131777060692
0.094501477903
0.067989828186
0.0475510134405
0.0339567948594
0.0242929842968
0.017257463228
0.00893256004069
0.157005501107
0.135743310458
0.0144024007039
0.00764946880886
0.0119839043178
0.0132484932417
1.0
1.0
0.113760043996
0.0329250878144
0.019702653896
0.12328716579
0.0885887440283
0.0627874653534
1.0
0.0295243289007
0.164448881145
0.115879436552
0.0800376523977
0.0529740927129
0.0310154253868
0.0124197581536
1.0
1.0
1.0
1.0
1.0
1.0
0.164448881145
0.105029387519
0.0730315224804
0.0704258874161
0.0470471613968
0.0278583473454
0.0145858393683
0.0100531576678
1.0
1.0
1.0
1.0
1.0
1.0
1.0
1.0
1.0
1.0
1.0
1.0
0.0393149492665
0.0388399349391
1.0
1.0
1.0
1.0
1.0
1.0
1.0
1.0
0.0023064629766
0.00326182254642
1.0
1.0
1.0
1.0
1.0
0.00399488980897
0.00326182254642
0.00399488980897
1.0
1.0
1.0
1.0
1.0
1.0
0.0552225324208
0.0552225324208
0.0670137251746
0.0552225324208
0.0552225324208
0.0670137251746
1.0
1.0
1.0
1.0
1.0
1.0
1.0
1.0
