0.0
0.0
0.0
0.0
0.0
0.0
0.0
0.0
3.19187985764e-05
4.25583981019e-05
0.0202205588982
0.0233166823601
0.0
0.0
0.0
0.0155284955074
3.72385983392e-05
0.0
0.0117673970752
0.0151295105252
0.0
0.0
0.0
0.0153529421153
0.0
0.0
0.00751687706475
0.0120653058619
0.0
0.0
0.0
0.0149752363321
0.0
0.0
0.0172095522325
0.0137357229874
0.0
0.0
0.000606457172952
0.0143368603606
0.0
0.0
0.00531979976274
0.00544747495704
0.0
5.31979976274e-06
1.06395995255e-05
5.31979976274e-06
0.0
0.0
0.0
0.0
0.0
0.000393665182443
0.0
0.00996930475537
0.0
0.0
0.0
0.0
0.0
0.000888406560377
0.0
0.0213164376493
0.0
0.0
0.0
0.0
0.0
0.00928837038574
0.0
0.0176510956128
0.0
0.0
0.0
0.0
0.0
4.25583981019e-05
0.0
0.0265777196146
0.0
0.0
0.0
0.0
0.0
4.25583981019e-05
0.0
0.0201780005001
0.0146294493475
0.0097511929651
0.00618692712406
0.0050112513765
0.00340467184815
0.00345786984578
0.0034259510472
0.0017555339217
0.0
0.0
0.0
5.31979976274e-06
0.0
3.72385983392e-05
0.0
0.0168052474505
5.31979976274e-06
0.0
0.0
5.31979976274e-06
0.0
0.000101076195492
0.0
0.0100012235539
0.0
0.0
0.0
0.0
0.0
6.38375971528e-05
0.0
0.0075807146619
2.65989988137e-05
0.0
1.06395995255e-05
1.59593992882e-05
0.0
0.0
4.25583981019e-05
0.0253967240673
0.000260670188374
0.0
1.59593992882e-05
4.25583981019e-05
4.25583981019e-05
0.0
0.0
0.0243700027131
0.0150177947302
0.0106023609271
0.00932560898408
0.0078945828479
0.00959159897221
0.0123259760503
0.00982567016178
0.0
0.000606457172952
0.00968735536794
0.0103310511392
0.0213270772488
9.57563957293e-05
2.65989988137e-05
9.57563957293e-05
0.000148954393357
0.0
0.0
0.0
0.0
0.0
0.0
0.0
0.0
0.0
0.0
0.0
0.0
0.0
0.0
0.0
0.0
0.0
0.0
0.0
0.0
0.0
0.0
0.0
0.0
0.0
2.12791990509e-05
2.12791990509e-05
2.12791990509e-05
2.12791990509e-05
2.12791990509e-05
2.12791990509e-05
2.12791990509e-05
0.0
0.0
0.0
0.0
0.0
0.0
0.0
0.0
0.0
0.0
0.0
0.0
0.0
0.0
0.0
0.0
0.0
5.31979976274e-06
0.00397921022253
0.0
0.0
0.0
0.0
0.0
2.65989988137e-05
0.0
0.0
0.00773498885502
0.0
0.0
0.0
0.0
0.0
0.0
0.0
0.0236305505461
0.0
0.0
0.0
0.0
5.31979976274e-06
0.0
0.0
0.000159593992882
0.0
0.0
0.0
0.0
2.65989988137e-05
4.25583981019e-05
0.0
7.97969964411e-05
0.0117833564745
0.00778818685265
0.00481973858504
0.00725088707661
0.0
0.0
0.0
0.0
0.0
0.0
0.0
0.0
0.00925645158716
0.00739984146997
0.00564430754826
0.0044260734026
0.000755411566309
0.0157412874979
0.0116024832825
0.00567090654708
0.0
0.0
0.0
0.0
0.0
0.0
0.0
0.0
0.0
1.59593992882e-05
0.0145336929518
0.0145336929518
0.0145336929518
0.0145336929518
0.0145336929518
0.0145336929518
0.00625076472122
0.0
0.0
0.0
0.0
0.0
0.0
0.0
0.0
0.0
0.0
4.25583981019e-05
0.0
0.0
0.0
0.0
0.0
0.0
0.0
5.31979976274e-05
0.0
0.0
0.0
0.0
2.12791990509e-05
2.65989988137e-05
2.65989988137e-05
2.65989988137e-05
1.59593992882e-05
1.59593992882e-05
2.12791990509e-05
2.12791990509e-05
0.000691573969156
3.72385983392e-05
0.0124057730467
7.97969964411e-05
2.65989988137e-05
2.65989988137e-05
4.78781978646e-05
4.78781978646e-05
0.0
0.0
0.0
0.0
0.0
0.0
0.0
0.0
0.0
0.0
0.0
0.0
0.0
0.0
0.0
0.0
0.0
1.59593992882e-05
2.12791990509e-05
0.00912345659309
0.0
0.0
0.0189172079563
0.0
1.59593992882e-05
1.59593992882e-05
0.0
0.00812865403746
0.0
0.0
0.0198588125143
0.0
2.12791990509e-05
3.72385983392e-05
4.78781978646e-05
0.00390473302585
2.12791990509e-05
2.12791990509e-05
0.0186086595701
0.0
0.0159806784873
0.000590497773664
0.0225719103933
0.0
6.91573969156e-05
4.25583981019e-05
0.0134271746011
0.0
3.19187985764e-05
5.31979976274e-05
4.25583981019e-05
0.0
0.0
0.0
0.0
0.0
0.00518680476867
0.00667634870223
0.00666038930295
0.00318124025812
0.00699021688824
0.00699021688824
0.00699021688824
0.0
0.0
0.0
0.0
0.0
0.0
0.0
0.0
7.97969964411e-05
1.59593992882e-05
0.0
1.59593992882e-05
1.59593992882e-05
1.59593992882e-05
2.12791990509e-05
3.19187985764e-05
0.0
2.12791990509e-05
2.12791990509e-05
2.12791990509e-05
2.12791990509e-05
2.12791990509e-05
2.65989988137e-05
2.65989988137e-05
2.65989988137e-05
7.44771966783e-05
3.72385983392e-05
0.0257105922533
5.31979976274e-05
0.000239390989323
6.38375971528e-05
0.0155444549067
4.25583981019e-05
0.000127675194306
0.0
0.0
0.0
0.0
0.0
0.0
0.0
0.0
4.25583981019e-05
0.00931496938455
0.00751155726498
0.00658059230651
0.00874575080994
0.00633588151742
0.0069529782899
1.06395995255e-05
0.0
0.0
0.0
0.0
0.0
0.0
0.0
0.0109428281119
0.0199971273081
0.0109534677115
0.0109534677115
0.0109534677115
0.0
0.0109534677115
0.0109534677115
0.0
0.0
0.00489421578172
0.0075381562638
0.0
0.0
0.0
0.0
0.0
0.0
0.0121823414567
0.0121823414567
0.0121823414567
0.0121823414567
0.0121823414567
0.0121823414567
0.0143740989589
0.0
0.0
0.0
0.0
0.0
0.0
0.0
0.0
0.0
0.0
2.65989988137e-05
0.0
0.0
0.0
0.0
0.0
0.0
0.0
0.0
0.0
0.0
0.0
0.0
0.0
0.0
0.0
0.0
0.0
0.0
0.0
0.0
0.0
0.0
0.0
0.0
0.0
0.0
0.0
0.0
0.0
0.0
0.0
0.0
0.0
0.0
0.0
0.0
0.0
0.0
0.0
0.0
0.0
0.0
0.0
0.0
0.0
0.0
0.0
0.0
0.0
0.0
0.0
0.0
0.0
0.0
0.0
0.0
0.0
0.0
0.0
0.0
0.0
0.0
0.0
0.0
0.0
0.0
0.0
0.0
0.0
0.0
0.0
0.0
0.0
0.0
0.0
0.0
0.0
0.0
0.0
0.0
0.0
0.0
0.0
0.0
0.0
0.0
0.0
0.0
0.0
0.0
0.0
0.0
0.0
0.0
0.0
0.0
0.0
0.0
0.0
0.0
0.0
0.0
0.0
0.0
0.0
0.0
0.0
0.0
0.0
0.0
0.0
0.0
0.0
0.0
0.0
0.0
0.0
0.0
0.0
0.0
0.0
0.0
0.0
0.0
0.0
0.0
0.0
0.0
0.0
0.0
0.0
0.0
0.0
0.0
0.0
0.0
0.0
0.0
0.0
0.0
0.0
0.0
0.0
0.0
0.0
0.0
0.0
0.0
0.0
0.0
0.0
0.0
0.0
0.0
0.0
0.0
0.0
0.0
0.0
0.0
0.0
0.0
0.0
0.0
0.0
0.0
0.0
0.0
0.0
0.0
0.0
0.0
0.0
0.0
0.0
0.0
0.0
0.0
0.0
0.0
0.0
0.0
0.0
0.0
0.0
0.0
0.0
0.0
0.0
0.0
0.0
0.0
0.0
0.0
0.0
0.0
0.0
0.0
0.0
0.0
0.0
0.0
0.0
0.0
0.0
0.0
0.0
0.0
0.00127143214329
0.0
0.0165977752597
0.0
0.0
0.0
0.0
0.0
0.0
0.0
0.0
0.0
0.0
0.0
0.0
0.0
0.0
0.0
0.0
0.0
0.0
0.0
0.0
0.0
0.0
0.0
0.0
0.0
0.0
0.0
0.0
0.0
0.0
0.0
0.0
0.0
0.0
0.0
0.0
0.0
0.0
0.0
0.0
0.0
0.0
0.0
0.0
0.0
0.0
0.0
0.0
0.0
0.0
0.0
0.0
0.0
0.0
0.0
0.0
0.0
0.0
0.0
0.0
0.0
0.0
0.0
0.0
0.0
0.0
0.0
0.0
0.0
0.0
0.0
0.0
0.0
0.0
0.0
0.0
0.0
0.0
0.0
0.0
0.0
0.0
0.0
0.0
0.0
0.0
0.0
0.0
0.0
0.0
0.0
0.0
0.0
0.0
0.0
0.0
0.0
0.0
0.0
0.0
0.0
0.0
0.0
0.0
0.0
0.0
0.0
0.0
0.0
0.0
0.0
0.0
0.0
0.0
0.0
0.0
0.0
0.0
0.0
0.0
0.0
0.0
0.0
0.0
0.0
0.0
0.0
0.0
0.0
0.0
0.0
0.0
0.0
0.0
0.0
0.0
0.0
0.0
0.0
0.0
0.0
0.0
0.0
0.0
0.0
0.0
0.0
0.0
0.0
0.0
0.0
0.0
0.0
0.0
0.0
0.0
0.0
0.0
0.0
0.0
0.0
0.0
0.0
0.0
0.0
0.0
0.0
0.0
0.0
0.0
0.0
0.0
0.0
0.0
0.0
0.0
0.0
0.0
0.0
0.0
0.0
0.0
0.0
0.0
0.0
0.0
0.0
0.0
0.0
0.0
0.0
0.0
0.0
0.0
0.0
0.0
0.0
0.0
0.0
0.0
0.0
0.0
0.0
0.0
0.0
0.0
0.0
0.0
0.0
0.0
0.0
0.0
0.0
0.0
0.0
0.0
0.0
0.0
0.0
0.0
0.0
0.0
0.0
0.0
0.0
0.0
0.0
0.0
0.0
0.0
0.0
0.0
0.0
0.0
0.0
0.0
0.0
0.0
0.0
0.0
0.0
0.0
0.0
0.0
0.0
0.0
0.0
0.0
0.0
0.0187363347644
0.0165552168616
0.012310016651
0.0103523303383
0.00864999441421
0.00804353724126
0.00304292546429
0.000872447161089
0.0
0.0
0.0
0.0
0.0
0.0
0.0
0.0
0.0
0.00260670188374
0.000712853168207
0.0205503864835
0.0125387680408
0.00891598440235
0.0
0.00239922969299
0.0
3.72385983392e-05
0.000101076195492
3.72385983392e-05
5.31979976274e-05
0.000797969964411
0.00638375971528
0.0
0.0
0.0
0.0
0.0
0.0
0.000111715795017
0.00050538097746
0.0203748330913
4.25583981019e-05
0.000148954393357
0.027040542194
0.00516020576985
0.0059954143326
0.0
0.0
0.0
0.0
0.0
0.0
0.0
0.0
0.0
0.0
0.0
4.25583981019e-05
0.0
0.0
0.0
0.0
0.0
0.0
0.0
0.0
0.0
0.0
5.31979976274e-06
0.0
0.0
0.0
0.0
0.0
0.0
1.06395995255e-05
0.0
0.0
0.0
0.0
0.0
0.0
0.0
0.0145336929518
0.0145336929518
0.0
0.0145336929518
0.0145336929518
0.0
0.0
0.0
0.0
0.0
0.0
0.0
0.0
0.0
0.0
0.0
0.0
0.0
0.0
0.0
0.0
0.0
0.0155072163084
0.00781478585146
0.00288865127117
0.0101767769461
0.0064529171122
0.00469206339073
0.00553791155301
0.00056389877485
0.015134830325
0.00913941599238
0.00187788931625
0.00681466349607
0.00439947440378
0.0031971996574
0.00423456061114
0.000569218574613
0.0166882118557
0.00795310064529
0.00161189932811
0.00556983035159
0.00370790043463
0.00262798108279
0.0039260122249
0.000569218574613
0.0229496161764
0.0114375694899
0.0037398192332
0.00813929363699
0.00812865403746
0.00384621522846
0.00289929087069
0.000569218574613
0.014618809748
7.97969964411e-05
8.51167962038e-05
0.000111715795017
0.0
5.31979976274e-06
1.06395995255e-05
1.06395995255e-05
1.06395995255e-05
0.0
1.06395995255e-05
0.0291046245019
0.0143155811615
0.00685190209441
0.00425052001043
0.00170233592408
5.31979976274e-06
0.0
1.06395995255e-05
0.0291418631003
0.0103842491369
0.00497401277816
0.00331955505195
0.00132463014092
1.06395995255e-05
5.31979976274e-06
1.59593992882e-05
0.022039930417
0.0095224415753
0.00460162679477
0.003026966065
0.00119163514685
0.0
0.0
0.0
1.06395995255e-05
0.0210451278614
0.0101927363454
0.00611776972715
0.00157466072977
0.0
0.0
1.06395995255e-05
3.19187985764e-05
0.020672741878
0.0104055283359
0.00543683535752
0.00215983870367
0.00986290876011
0.0050963681727
0.00256414348564
0.00142038653665
0.00068093436963
0.000468142379121
0.000186192991696
0.00017555339217
0.0
0.0
5.31979976274e-06
4.78781978646e-05
0.0173106284279
0.00772966905526
0.00630928251861
0.00116503614804
1.59593992882e-05
0.0
5.31979976274e-06
1.59593992882e-05
0.0212791990509
0.00561770854945
0.00464950499263
0.000819249163461
0.0
5.31979976274e-06
5.31979976274e-06
1.59593992882e-05
0.0241093325247
0.00527192156487
0.0041973220128
0.000782010565122
5.31979976274e-05
1.06395995255e-05
1.59593992882e-05
2.65989988137e-05
0.0218430978258
0.0104321273347
0.00530916016321
0.00247370688967
0.0250509370827
1.59593992882e-05
2.12791990509e-05
0.000191512791459
0.0159700388877
0.00858083701729
0.00515488597009
0.00319187985764
0.00756475526261
0.00592625693569
0.00451650999856
0.00246838708991
0.00145230533523
0.00100544215516
7.97969964411e-05
0.0
0.00281949387425
0.0012129143459
0.00119163514685
0.00176617352123
7.44771966783e-05
2.65989988137e-05
6.38375971528e-05
0.000148954393357
0.0
0.0
0.0
0.0
0.0
0.0
0.0
0.0
0.0
0.0
0.0
0.0
0.0
0.0
0.0
0.0
0.0
0.0
0.0
0.0
0.0
0.0
0.0
0.0
0.0
2.12791990509e-05
2.12791990509e-05
2.12791990509e-05
2.12791990509e-05
2.12791990509e-05
2.12791990509e-05
2.12791990509e-05
0.0
0.0
0.0
0.0
0.0
0.0
0.0
0.0
0.0
0.0
0.0
0.0
0.0
0.0
0.0
0.0
0.0305728892364
0.0300728280588
0.00317592045835
0.0
0.0
0.0
0.0
0.0
0.0220292908175
0.0120121078643
0.00493145438006
0.00150550333285
0.0
0.0
0.0
0.0
0.0237103475425
0.0167467296531
0.00385685482798
0.00127143214329
0.0
0.0
0.0
0.0
0.00011703559478
0.0198481729148
0.0136825249898
0.0102033759449
0.0
0.0
4.25583981019e-05
3.19187985764e-05
0.0298121578704
0.0140017129755
0.00814993323651
0.00327167685408
0.00780414625194
0.00526128196535
0.00205876250818
0.0020268437096
0.0
0.0
0.0
0.0
0.0
0.0
0.0243008453162
0.0117620772754
0.00183533091814
0.000904365959665
0.000351106784341
0.000186192991696
5.85177973901e-05
0.0
7.97969964411e-05
3.19187985764e-05
0.0
0.0
0.0
0.0
0.0
0.0
0.0
0.0
0.0
1.59593992882e-05
0.00305888486357
0.00305888486357
0.00305888486357
0.00305888486357
0.00305888486357
0.00305888486357
0.000542619575799
0.0
0.0
0.0
0.0
0.0
0.0
0.0
0.0
0.0
4.25583981019e-05
4.78781978646e-05
0.0
0.0
5.31979976274e-06
0.0
1.59593992882e-05
1.59593992882e-05
5.31979976274e-05
5.31979976274e-05
5.31979976274e-06
0.0
5.31979976274e-06
5.31979976274e-06
6.38375971528e-05
2.65989988137e-05
2.65989988137e-05
2.65989988137e-05
1.59593992882e-05
2.12791990509e-05
2.12791990509e-05
2.12791990509e-05
0.0058677391383
0.00443139320236
0.00263330088255
0.00127143214329
2.65989988137e-05
0.0249019826894
0.0101820967459
0.0098788681594
0.0
0.00011703559478
0.021726062231
0.0110971023051
0.00907025859547
0.00452182979833
0.00348978864436
0.00495273357911
0.0
0.0
0.0
0.0
0.0
0.0
0.0
0.0
0.0
1.59593992882e-05
6.91573969156e-05
0.00704341488586
0.0
0.0
0.00427179920948
0.0
1.59593992882e-05
1.59593992882e-05
1.59593992882e-05
0.0059954143326
1.59593992882e-05
1.59593992882e-05
0.00617628752454
0.0
2.65989988137e-05
8.51167962038e-05
0.0114535288892
0.000595817573427
2.12791990509e-05
2.12791990509e-05
0.00445267240141
0.0
0.00236731089442
0.00285673247259
0.000946924357767
0.0
0.00171829532336
0.00120759454614
0.000457502779595
0.0
0.0243806423126
0.0138687179815
0.00750623746522
0.00530916016321
0.0117354782766
0.0117354782766
0.0117354782766
0.0
0.00083520856275
0.00044686318007
0.000303228586476
6.38375971528e-05
3.19187985764e-05
3.19187985764e-05
3.19187985764e-05
0.0
0.0
0.0
0.0
0.0
5.31979976274e-06
5.31979976274e-06
7.44771966783e-05
0.0002713097879
1.59593992882e-05
1.59593992882e-05
1.59593992882e-05
1.59593992882e-05
1.59593992882e-05
2.12791990509e-05
5.31979976274e-05
4.78781978646e-05
2.12791990509e-05
2.12791990509e-05
2.12791990509e-05
2.12791990509e-05
2.12791990509e-05
2.65989988137e-05
0.0251998914761
0.02152390984
0.0114003308915
0.0187522941636
0.0090649387957
0.00689978029227
0.00483037818457
0.00323443825574
0.0014416657357
0.000590497773664
0.00516020576985
0.0
0.0
0.0
0.0
0.0
0.0
0.0
4.25583981019e-05
0.000138314793831
0.00619756672359
0.00472398218931
0.00380897663012
0.00393133202466
0.00182469131862
0.00133526974045
2.12791990509e-05
3.72385983392e-05
0.0
0.0
0.0
0.0
0.0
0.0
0.00491549498077
0.00488357618219
0.000138314793831
0.000138314793831
0.000138314793831
0.0
0.000138314793831
0.000138314793831
0.0
0.0
0.00399516962182
0.00622948552216
0.0
0.0
0.0
0.0
0.0107672747198
5.31979976274e-05
0.011591843683
0.011591843683
0.011591843683
0.011591843683
0.011591843683
0.011591843683
0.0116556812802
0.0
0.0
0.0
0.0
0.0
0.0
0.0
0.0
0.0
2.65989988137e-05
2.65989988137e-05
0.0
0.0
0.0
0.0
0.0
0.0
0.0
0.0
6.38375971528e-05
0.0
0.000180873191933
0.0
7.97969964411e-05
0.0
5.31979976274e-05
0.000191512791459
6.38375971528e-05
0.000159593992882
6.38375971528e-05
0.00017555339217
0.000132994994068
0.0
9.57563957293e-05
7.97969964411e-05
9.04365959665e-05
7.44771966783e-05
7.97969964411e-05
5.85177973901e-05
0.0
0.0
0.0
0.0
0.0
0.0
0.0
0.0
7.44771966783e-05
0.0
0.0
0.000212791990509
0.0
0.0
0.0
0.0
0.000122355394543
0.0
0.0
7.97969964411e-05
0.0
0.0
0.0
0.0
0.0
0.0
0.0
0.0
7.97969964411e-05
0.0
0.000207472190747
0.0
0.000212791990509
0.0002713097879
0.000404304781968
0.000319187985764
0.000361746383866
0.000239390989323
0.000345786984578
0.000287269187188
0.000335147385052
0.000154274193119
0.000430903780782
0.000186192991696
0.000377705783154
0.000143634593594
0.000356426584103
0.000170233592408
0.0
0.0
0.0
0.0
0.0
0.0
0.0
0.0
0.0
0.0
0.000356426584103
0.000170233592408
0.0
0.0
0.0
0.000170233592408
0.0
0.0
0.000292588986951
9.04365959665e-05
0.0
0.0
0.0
0.000148954393357
0.0
0.0
0.0
0.0
0.000106395995255
0.0
0.000122355394543
0.0
0.000127675194306
0.00023407118956
0.000696893768919
0.000250030588849
0.000308548386239
0.0
0.000244710789086
0.00023407118956
0.000244710789086
0.000101076195492
0.000478781978646
0.000106395995255
0.00023407118956
0.0
0.000218111790272
0.000196832591221
0.0
0.0
0.0
0.0
0.0
0.0
0.0
0.0
0.0
0.0
0.00077669076536
0.0
0.0
0.0
0.0
0.00023407118956
0.0
0.0
0.000409624581731
0.0
0.0
0.0
0.0
0.000159593992882
0.0
0.0
0.0
0.0
0.0
0.0
0.0
0.0
0.000276629587662
0.000164913792645
0.000941604558004
0.000143634593594
0.0
0.000143634593594
0.0
0.000265989988137
0.000170233592408
0.000255350388611
0.000558578975087
0.00023407118956
0.0
0.000212791990509
0.0
0.000244710789086
0.0
0.0
0.0
0.0
0.0
0.0
0.0
0.0
0.0
0.0
0.00119695494662
0.0
0.0
0.0
0.0
0.000218111790272
0.0
0.0
0.000654335370817
0.0
0.0
0.0
0.0
0.000186192991696
0.0
0.0
0.0
0.0
0.000138314793831
0.0
0.00011703559478
0.0
0.00113843714923
0.00103204115397
0.00141506673689
0.000930964958479
0.00151082313262
0.0
0.00151082313262
0.000255350388611
0.00113843714923
0.000856487761801
0.00137250833879
0.000824568963224
0.00143102613618
0.0
0.00144698553546
0.000212791990509
0.0
0.0
0.0
0.0
0.0
0.0
0.0
0.0
0.000760731366071
0.0
0.0
0.000526660176511
0.00112247774994
0.0
0.0
0.000191512791459
0.000340467184815
0.0
0.0
0.000478781978646
0.000526660176511
0.0
0.0
0.000170233592408
0.0
0.0
0.0
0.0
0.000228751389798
0.0
0.000250030588849
0.0
0.000734132367258
0.0
0.0
0.000484101778409
0.00109055895136
0.000335147385052
0.000468142379121
0.000319187985764
0.000340467184815
0.0
0.0
0.000414944381493
0.000579858174138
0.000319187985764
0.000430903780782
0.000313868186001
0.0
0.0
0.0
0.0
0.000212791990509
0.0
0.000143634593594
0.0
0.000872447161089
0.0
0.000819249163461
0.000228751389798
0.00100012235539
0.0
0.0
0.0
0.000356426584103
0.0
0.000276629587662
0.000228751389798
0.000404304781968
0.0
0.0
0.0
0.0
0.0
0.0
0.0
0.0
0.0
0.0
0.0
0.0
0.0
0.0
0.000207472190747
0.000383025582917
0.0
0.0
0.0
0.0
0.0
0.0
0.000212791990509
0.000223431590035
0.0
0.0
0.0
0.0
0.0
0.0
0.0
0.000228751389798
0.0
0.000186192991696
0.0
0.000292588986951
0.000250030588849
0.000313868186001
0.000276629587662
0.000430903780782
0.000164913792645
0.000345786984578
0.00017555339217
0.000250030588849
0.0002713097879
0.000260670188374
0.000308548386239
0.000377705783154
0.000207472190747
0.000324507785527
0.000191512791459
0.0
0.0
0.0
0.0
0.0
0.0
0.0
0.0
0.0
0.0
0.0
0.0
0.0
0.0
0.0
0.0
0.0
0.0
0.0
0.0
0.0
0.0
0.0
0.0
0.0
0.0
0.0
0.0
0.0
0.0
0.0
0.0
0.0
0.0
0.0
0.0285141267283
0.016390303069
0.00619756672359
0.00651675470935
0.0
0.0
0.0
0.0
0.0
0.0
0.0
0.0
0.0
0.0
0.0
0.0
0.00295248886832
0.00126079254377
0.000936284758242
0.00161189932811
0.0
0.0
0.0
0.0
0.0
0.0
0.0
0.0
0.0
0.0
0.0
0.0
0.000132994994068
0.0
0.0
0.000132994994068
0.0
0.0
0.0
0.0
0.0
0.0
0.0
0.0
0.0
0.0
0.0
0.0
0.0
0.0
0.0
0.0
0.0
0.0
0.0
0.0
0.0
0.0
0.0
0.0
0.0
0.0
0.0
0.0
0.0
0.0
0.0
0.0
0.0
0.0
0.0
0.0
0.0
0.0
0.0
0.0
0.0
0.0
0.0
0.0
0.0
0.0
0.0
0.0
0.0
0.0176776946116
0.00901174079808
0.00464418519287
0.00226623469893
0.00115439654851
0.000590497773664
0.000297908786713
7.97969964411e-05
0.0252903280721
0.0187788931625
0.000207472190747
5.85177973901e-05
0.000143634593594
0.00017555339217
0.0
0.0
0.0131133064151
0.0010852391516
0.00038834538268
0.0154380589115
0.00791054224719
0.00395793102348
0.0
0.000872447161089
0.0278172329594
0.0136133675928
0.00644759731244
0.00281417407449
0.000962883757055
0.000154274193119
0.0
0.0
0.0
0.0
0.0
0.0
0.0278172329594
0.0111556201025
0.00536235816084
0.00498465237768
0.00221835650106
0.00077669076536
0.000212791990509
0.000101076195492
0.0
0.0
0.0
0.0
0.0
0.0
0.0
0.0
0.0
0.0
0.0
0.0
0.00154806173096
0.00151082313262
0.0
0.0
0.0
0.0
0.0
0.0
0.0
0.0
5.31979976274e-06
1.06395995255e-05
0.0
0.0
0.0
0.0
0.0
1.59593992882e-05
1.06395995255e-05
1.59593992882e-05
0.0
0.0
0.0
0.0
0.0
0.0
0.00305888486357
0.00305888486357
0.0045111901988
0.00305888486357
0.00305888486357
0.0045111901988
0.0
0.0
0.0
0.0
0.0
0.0
0.0
0.0
