0.0
0.0
0.0
0.0
0.0
0.0
0.0
0.0
-5.815009246e-05
0.00113148377665
1.04083408559e-16
-5.81500924599e-05
-0.000471406595438
-5.55111512313e-17
5.55111512313e-17
-1.83880688454e-16
2.22044604925e-16
2.22044604925e-16
0.0
0.0
0.0
0.0
0.0
0.0
0.0
0.0
0.0
0.0
0.0
0.0
0.0
0.0
0.0
0.0
0.0
0.0
0.0
0.0
0.0
0.0
0.0
0.0
0.0
0.0
0.0
0.0
-0.000428105374141
0.0
0.0
0.0
0.0
0.0
0.0
-0.000428105374141
0.0
-0.000492886018298
0.0
0.0
0.0
0.0
0.0
0.0
0.0
0.0
0.0
0.0
0.0
0.0
0.0
0.0
0.0
0.0
0.0
0.0
0.0
0.0
0.0
0.0
0.0
0.0
0.0
0.0
0.0
0.0
0.0
0.0
0.0
0.0
0.0
0.0
0.0
0.0
0.0
0.0
0.0
0.0
0.0
0.0
0.0
0.0
0.0
0.0
0.0
0.0
0.0
0.0
0.0
0.0
0.0
0.0
0.0
0.0
0.0
0.0
0.0
0.0
0.0
0.0
0.0
0.0
0.0
0.0
0.0
0.0
0.0
0.0
0.0
0.0
0.0
0.0
0.0
0.0
0.0
0.0
0.0
0.0
0.0
0.0
0.0
0.0
0.0
0.0
0.0
0.0
0.0
0.0
0.0
0.0
0.0
0.0
0.0
0.0
-5.815009246e-05
0.00113148377665
0.0
0.0
0.0
0.0
0.0
0.0
-5.815009246e-05
-0.000471406595437
0.0
0.0
0.0
0.0
0.0
0.0
0.0
0.0
0.0
0.0
0.0
0.0
0.0
0.0
0.0
0.0
0.0
0.0
-5.815009246e-05
0.0
0.0
-2.48981637451e-05
0.0
0.0
0.0
0.0
0.0
0.0
0.0
0.0
0.0
0.0
0.0
0.0
0.0
0.0
0.0
0.0
-2.48981637451e-05
-2.48981637451e-05
0.0
0.0
0.0
0.0
0.0
0.0
0.0
-3.19430705739e-05
0.0
0.0
0.0
0.0
0.0
0.0
-0.000471406595437
-0.000471406595437
0.0
0.0
0.0
0.0
0.0
0.0
0.0
-0.000471406595437
0.0
0.0
-0.000471406595437
-0.000471406595437
0.0
-0.000471406595437
0.0
0.0
0.0
0.0
0.0
0.0
0.0
0.0
-8.29386726948e-05
-8.44713316251e-05
-8.64158429199e-05
-8.60874045533e-05
-9.63584961016e-05
-0.000102344184509
-0.000111483784143
-0.000693437326729
0.0
0.0
0.0
0.0
0.0
0.0
0.0
0.0
0.0
0.0
0.0
0.0
0.0
0.0
0.0
-0.000171915008332
0.0
0.0
0.0
0.0
0.0
0.0
0.0
-0.000471406595437
0.0
0.0
0.0
0.0
0.0
0.0
0.0
-0.000471406595437
0.0
0.0
0.0
0.0
0.0
0.0
0.0
0.0
0.0
0.0
0.0
0.0
0.0
0.0
0.0
0.0
0.0
0.0
0.0
0.0
0.0
0.0
0.0
0.0
0.0
0.0
0.0
0.0
0.0
0.0
0.0
0.0
0.0
0.0
0.0
0.0
0.0
0.0
0.00113148377665
0.00113148377665
0.0
0.0
0.0
0.0
0.0
0.0
0.00113148377665
0.00113148377665
0.0
0.0
0.0
0.0
0.0
0.0
0.00113148377665
0.00113148377665
0.0
0.0
0.0
0.0
0.0
0.0
0.00113148377665
0.00113148377665
0.0
0.0
0.0
0.0
0.0
0.0
0.00113148377665
0.00113148377665
0.0
0.0
0.0
0.0
0.0
0.0
0.00113148377665
0.00113148377665
0.0
0.0
0.0
0.0
0.0
0.0
0.00113148377665
0.00113148377665
0.00113148377665
0.0
0.0
0.0
0.0
-2.3708136166e-05
0.0
0.000182975611369
0.000518877908512
0.0
0.0
0.0
0.0
0.0
0.0
0.0
0.0
0.0
0.0
0.0
0.0
0.0
0.0
0.0
0.0
0.0
0.0
0.0
0.0
0.0
0.0
0.000518877908512
0.0
0.0
0.0
-2.3708136166e-05
0.0
0.0
0.0
0.000518877908512
0.0
0.0
0.0
0.0
0.0
0.0
0.0
0.000518877908512
0.0
0.0
0.0
0.0
0.0
0.0
-0.000117291131505
-0.000106305402219
0.0
0.0
0.0
0.0
0.0
0.0
0.0
-0.000106202362514
0.0
0.0
0.0
0.0
0.0
0.0
0.0
0.0
-2.48981637451e-05
0.0
0.0
0.0
-2.3708136166e-05
0.00113148377665
0.00113148377665
0.0
0.0
0.0
0.0
0.0
0.0
0.0
0.0
0.0
0.0
-0.000106202362514
0.0
-0.000106202362514
0.0
0.0
0.0
0.0
0.0
0.0
0.0
0.0
0.0
0.0
0.0
0.0
0.0
0.0
0.0
0.0
0.00113148377665
0.00113148377665
0.0
0.0
0.0
0.0
0.0
0.0
0.0
0.0
0.0
0.0
0.0
0.0
0.0
0.0
0.0
0.0
0.0
0.0
0.0
0.0
0.0
0.0
0.0
0.0
0.0
0.0
0.0
0.0
0.0
0.0
0.0
0.0
0.0
0.0
0.0
0.0
0.0
0.0
0.0
0.0
0.0
0.0
0.0
0.0
0.0
0.0
0.0
0.0
0.0
0.0
0.0
0.0
0.0
0.0
0.0
0.0
0.0
0.0
0.0
0.0
0.0
0.0
0.0
0.0
0.0
0.0
0.0
0.0
0.0
0.0
0.0
0.0
0.0
0.0
0.0
0.0
0.0
0.0
0.0
0.0
0.0
0.0
0.0
0.0
0.0
0.0
0.0
0.0
0.0
0.0
0.0
0.0
0.0
0.0
0.0
0.0
0.0
0.0
0.0
0.0
0.0
0.0
0.0
0.0
0.0
0.0
0.0
0.0
0.0
0.0
0.0
0.0
0.0
0.0
0.0
0.0
0.0
0.0
0.0
0.0
0.0
0.0
0.0
0.0
0.0
0.0
0.0
0.0
0.0
0.0
0.0
0.0
0.0
0.0
0.0
0.0
0.0
0.0
0.0
0.0
0.0
0.0
0.0
0.0
0.0
0.0
0.0
0.0
0.0
0.0
0.0
0.0
0.0
0.0
0.0
0.0
0.0
0.0
0.0
0.0
0.0
0.0
0.0
0.0
0.0
0.0
0.0
0.0
0.0
0.0
0.0
-0.000145386720798
0.0
0.0
0.0
0.0
0.0
0.0
0.0
0.0
0.0
0.0
0.0
0.0
0.0
0.0
0.0
0.0
0.0
0.0
0.0
0.0
0.0
0.0
0.0
0.00113148377665
0.0
0.0
0.0
0.0
0.0
0.0
0.0
0.0
0.0
0.0
0.0
0.0
0.0
0.0
-3.98668681616e-05
-0.0005432227798
-0.0005432227798
0.0
0.0
0.0
0.0
0.0
0.0
-0.000103769349425
0.0
-0.000136378985532
0.0
-7.41572707898e-05
-0.000111990144293
-5.34431831681e-05
0.0
-6.02534158347e-05
-6.02534158347e-05
0.0
0.0
-6.12209593062e-05
0.0
0.0
0.0
0.0
0.0
0.0
0.0
-2.26042599076e-05
0.0
0.0
0.0
0.0
0.0
0.0
0.0
0.0
0.0
0.0
0.0
0.0
0.0
0.0
0.0
0.0
0.0
0.0
0.0
0.0
0.0
0.0
0.0
0.0
0.0
0.0
0.0
0.0
0.0
0.0
0.0
0.0
0.0
0.0
0.0
0.0
0.0
0.0
0.0
0.0
0.0
0.0
0.0
0.0
0.0
0.0
0.0
0.0
0.0
0.0
0.0
0.0
0.0
-0.00010081358643
-8.89808135058e-05
0.0
-9.24391370746e-05
0.0
0.0
0.0
0.0
0.0
0.0
0.0
0.0
0.0
-5.815009246e-05
-5.815009246e-05
0.0
0.0
0.0
0.0
0.0
-9.18636087157e-05
0.0
0.0
0.0
0.0
0.0
-3.80524326541e-05
0.0
0.0
0.0
0.0
0.0
-8.90930828416e-05
0.0
0.0
0.0
0.0
0.0
0.0
0.0
0.0
0.0
0.0
0.0
0.0
0.0
0.0
0.0
-9.63519457544e-05
0.0
0.0
0.0
0.0
0.0
0.0
0.0
0.0
0.0
0.0
0.0
0.0
0.0
0.0
0.0
0.0
-7.81965291226e-05
0.0
-0.00011665062741
-0.00011665062741
0.0
0.0
0.0
0.0
0.0
0.0
-0.000163280726268
-0.000689208920905
-0.000304726277531
0.0
0.0
0.0
0.0
0.0
0.0
0.0
0.0
0.0
0.0
0.0
0.0
0.0
0.0
0.0
-8.90930828416e-05
-0.000621750778887
-0.000156559092652
-0.000609715066551
-0.000676421960089
0.0
0.0
0.0
0.0
0.0
0.0
0.0
0.0
0.0
0.0
0.0
0.0
0.0
0.0
0.0
0.0
0.0
0.0
0.0
0.0
0.0
0.0
0.0
0.0
0.0
0.0
0.0
0.0
0.0
0.0
0.0
0.0
0.0
0.0
0.0
0.0
0.0
0.0
0.0
0.0
0.0
0.0
0.0
-0.000430023694777
0.0
-0.000430023694777
0.0
0.0
0.0
0.0
0.0
0.0
0.0
0.0
0.0
0.0
0.0
0.0
0.0
0.0
-0.000171915008332
-0.000375748639706
-0.000352601808898
-0.000471406595437
0.0
-0.000171915008332
-0.000171915008332
0.0
0.0
0.0
0.0
-0.000318355095671
0.0
0.0
0.0
0.0
0.0
0.0
0.0
0.0
0.0
0.0
0.0
0.0
0.0
0.0
0.0
0.0
0.0
0.0
0.0
0.0
0.0
0.0
0.0
0.0
0.0
0.0
0.0
0.0
0.0
0.0
0.0
0.0
0.0
0.0
0.0
0.0
0.0
0.0
0.0
0.0
0.0
0.0
0.0
0.0
0.0
0.0
0.0
0.0
0.0
0.0
0.0
0.0
0.0
0.0
0.0
0.0
0.0
0.0
0.0
0.0
0.0
0.0
0.0
0.0
0.0
0.0
0.0
0.0
0.0
0.0
0.0
0.0
0.0
0.0
0.0
0.0
0.0
0.0
0.0
0.0
0.0
0.0
0.0
0.0
0.0
0.0
0.0
0.0
-0.000405672820226
0.0
-0.000402203639695
0.000168138486504
0.0139235834954
0.0
-1.80001643297e-05
0.191094629304
0.185531077131
-5.815009246e-05
-0.000385523247824
0.0
0.0
0.0
0.0
0.0
0.0
0.0
0.0
0.0
0.0
0.0
0.0
0.0
0.0
0.0
0.0
0.0
0.0
0.0
0.0
0.0
0.0
0.0
0.0
0.0
0.0
0.0
0.0
0.0
0.0
-0.000367553921151
0.0
0.0
0.0
0.0
0.0
0.0
-0.000367553921151
0.0
-0.000359522075202
0.0
0.0
0.0
0.0
0.0
0.0
0.0
0.0
0.0
0.0
0.0
0.0
0.0
0.0
0.0
0.0
0.0
0.0
0.0
0.0
0.0
0.0
0.0
0.0
0.0
0.0
0.0
0.0
0.0
0.0
0.0
0.0
0.0
0.0
0.0
0.0
0.0
0.0
0.0
0.0
0.0
0.0
0.0
0.0
0.0
0.0
0.0
0.0
0.0
0.0
0.0
0.0
0.0
0.0
0.0
0.0
0.0
0.0
0.0
0.0
0.0
0.0
0.0
0.0
0.0
0.0
0.0
0.0
0.0
0.0
0.0
0.0
0.0
0.0
0.0
0.0
0.0
0.0
0.0
0.0
0.0
0.0
0.185531077131
0.0
0.0
0.185531077131
0.0
0.185531077131
0.0
0.0
0.0
0.0
0.0
0.0
0.0
0.0
0.000168138486504
0.0139235834954
0.0
0.0
0.0
0.0
0.0
0.0
-1.80001643297e-05
0.191094629304
0.185531077131
0.0
0.0
0.0
0.0
0.0
0.0
0.0
0.0
0.0
0.0
0.0
0.0
0.0
0.0
0.0
0.0
0.0
-2.2626676147e-05
-2.48981637451e-05
0.0
-2.2626676147e-05
0.0
0.0
0.0
0.0
0.0
0.0
-3.06040510951e-05
0.185531077131
0.0
0.0
0.0
0.0
0.0
0.0
0.0
0.0
-2.16395747261e-05
-2.16395747261e-05
0.0
0.0
0.0
0.0
0.0
0.0
-9.08895091613e-05
0.000597449685992
0.185531077131
-0.000467480520665
0.0
0.0
0.0
0.0
0.191094629304
0.191094629304
-0.000385523247824
0.0
-0.000385523247824
-0.000385523247824
-0.000272140459271
-5.815009246e-05
0.0
0.191094629304
0.0
0.0
0.191094629304
0.191094629304
-0.000272140459271
0.191094629304
-0.000467480520665
-0.000467480520665
-0.000467480520665
-0.000467480520665
-0.000467480520665
-0.000467480520665
-0.000467480520665
-0.000467480520665
-7.49905592257e-05
-7.70851962594e-05
-7.71306439412e-05
-8.60703603046e-05
-0.000101354646224
-0.000162647695118
-0.000532677572473
-0.00053229374776
-0.000272140459271
-0.000272140459271
-0.000272140459271
0.0
0.0
0.0
0.0
0.185531077131
0.0
0.0
0.0
-6.38911973181e-05
-6.38911973181e-05
-6.38911973181e-05
-6.38911973181e-05
0.191094629304
-0.000272140459271
0.0
0.0
-6.38911973181e-05
-6.38911973181e-05
-6.38911973181e-05
-6.38911973181e-05
0.191094629304
-0.000272140459271
-0.000272140459271
0.0
-2.81183900786e-05
-6.38911973181e-05
-6.38911973181e-05
-6.38911973181e-05
0.191094629304
0.0
0.0
0.0
0.0
-2.81183900786e-05
-2.81183900786e-05
-2.81183900786e-05
-6.38911973181e-05
0.0
0.0
0.0
0.0
0.0
0.0
0.0
-2.81183900786e-05
0.0
0.0
0.0
0.0
0.0
0.0
0.0
0.0
0.0
0.0
0.0
0.0
0.0
0.0
0.0
0.0
0.0
0.000510801853635
0.0
0.0
-0.000327146741734
0.0
0.0139235834954
0.0139235834954
0.0
0.000510801853635
0.0
0.0
-0.000327146741734
0.0
0.0139235834954
0.0139235834954
0.0
0.000510801853635
0.0
0.0
-0.000327146741734
0.0
0.0139235834954
0.0139235834954
0.0
0.000510801853635
0.0
0.0
-0.000327146741734
0.0
0.0139235834954
0.0139235834954
0.0
0.000510801853635
0.0
0.0
-0.000327146741734
0.0
0.0139235834954
0.0139235834954
0.0
0.000510801853635
0.0
0.0
-0.000327146741734
0.0
0.0139235834954
0.0139235834954
0.0
0.000520597269063
0.0
0.0
-0.000327146741734
0.0
0.0139235834954
0.0139235834954
0.0139235834954
-0.000327146741734
0.0
0.000383425503258
0.0
-2.3708136166e-05
0.0003924809215
0.00465496069702
0.00859231072791
-0.000327146741734
0.000383425503258
0.0
0.0
0.000510801853635
0.000510801853635
0.0
0.0
0.000442607636069
-2.48981637451e-05
0.00045155102772
0.000510801853635
0.000442607636069
0.000510801853635
0.0
0.0
0.000442607636069
0.0
0.00045155102772
-2.48981637451e-05
0.0
0.000510801853635
0.00859231072791
0.0
0.0
0.000510801853635
-2.3708136166e-05
0.0
0.00045155102772
-2.48981637451e-05
0.00859231072791
0.0
0.0
0.0
0.000510801853635
0.000520597269063
0.0
0.0
0.00859231072791
0.0
0.0
0.0
0.0
0.0
0.0
-0.000117018661781
-0.000117291131505
0.0
0.0
0.0
0.0
0.0
0.0
0.0
-0.000459800097685
0.0
0.0
0.0
0.0
0.0
0.0
0.0
0.0
-2.16395747261e-05
0.0
0.0
0.0
-2.3708136166e-05
0.0139235834954
0.0139235834954
0.0
0.0
0.0
0.0
0.0
0.0
0.0
0.0
0.0
0.0
-0.000421253806312
0.0
-0.000421253806312
0.0
-0.000344112451813
0.0
0.0
0.0
0.0
0.0
0.0
0.0
0.0
0.0
0.0
0.0
0.0
0.0
0.0
0.0139235834954
0.0139235834954
0.0
0.0
0.0
0.0
0.0
0.0
0.0
0.0
0.0
0.0
0.0
0.0
0.0
0.0
0.0
0.0
0.185531077131
0.0
0.0
0.0
0.0
0.0
0.0
0.0
0.0
0.0
0.0
0.0
0.0
0.0
0.0
0.0
0.0
0.0
0.0
0.0
0.0
0.0
0.0
0.0
0.0
0.0
0.0
0.0
0.0
0.0
0.0
0.0
0.0
0.0
0.0
0.0
0.0
0.0
0.0
0.0
0.0
0.0
0.0
0.0
0.0
0.0
0.185531077131
-0.000467480520665
0.0
0.0
0.0
0.0
0.0
0.0
0.0
0.0
0.0
0.0
0.0
0.0
0.0
0.0
0.0
0.0
0.0
0.0
0.0
0.0
0.0
0.0
0.0
0.0
0.0
0.0
0.0
0.0
0.0
0.0
0.0
0.0
0.0
0.0
0.0
0.0
0.0
0.0
0.0
0.0
0.0
0.0
0.0
0.0
0.0
0.0
0.0
0.0
0.0
0.0
0.0
0.0
0.0
0.0
0.0
0.0
0.0
0.0
0.0
0.0
0.0
0.0
0.0
0.0
0.0
0.0
0.0
0.0
0.0
0.0
0.0
0.0
0.0
0.0
0.0
0.0
0.0
0.0
0.0
0.0
0.0
0.0
0.0
0.0
0.0
0.0
0.0
0.0
0.0
0.0
0.0
0.0
0.0
0.0
0.0
0.0
0.0
0.0
0.0
0.0
0.0
0.0
0.0
0.0
0.0
0.0
0.0
-0.000120610745371
0.0
0.0
0.0
0.0
0.0
0.0
0.0
0.0
0.0
0.0
0.0
0.0
0.0
0.0
0.0
0.0
0.0
0.0
0.0
0.0
0.0
0.0
-0.000424484791177
0.0139235834954
0.0
0.0
0.0
0.0
0.0
0.0
0.0
0.0
0.0
0.0
0.0
0.0
0.0
0.0
-9.55921649954e-05
0.0
0.0
-4.74509739637e-05
0.0
-0.000235657328189
0.0
0.0
0.0
-0.000549608615007
-0.000409697838013
-0.000417967190693
-0.000281238155674
-0.000160715380087
-9.82259333096e-05
-0.000174470626648
-0.000190393555253
-6.49369068864e-05
0.0
-0.000106503270381
0.0
-0.000371637374525
0.0
0.0
0.0
0.0
0.0
0.0
-0.000607772256806
-0.000300471105042
-0.000389080567516
0.0
0.0
0.0
0.0
0.0
0.0
0.0
0.0
0.0
0.0
0.0
0.0
0.0
0.0
0.0
0.0
0.0
0.0
0.0
0.0
0.0
0.0
0.0
0.0
0.0
0.0
0.0
0.0
0.0
0.0
0.0
0.0
0.0
0.0
0.0
0.0
0.0
0.0
0.0
0.0
0.0
0.0
0.0
0.0
0.0
0.0
0.0
0.0
0.0
0.0
0.0
0.0
-0.000171138542277
-0.000174083660058
0.0
-0.000598139461746
0.0
0.0
0.0
0.0
0.0
0.0
0.0
-0.000105565251155
0.0
-2.2626676147e-05
-2.16395747261e-05
-5.815009246e-05
-2.16395747261e-05
-2.2626676147e-05
-2.16395747261e-05
0.000254738541464
-0.000375349113831
0.0
0.0
0.185531077131
-2.16395747261e-05
0.185531077131
-0.000397629967848
0.185531077131
-0.000467480520665
0.0
0.0
0.0
-0.000233138392992
0.0
0.0
0.0
0.0
0.0
0.0
0.0
0.0
0.0
0.0
0.0
0.0
0.0
0.0
0.0
0.0110691685492
0.0
0.0
0.0
0.0
0.0
0.0
0.0
0.0
0.0
0.0
0.0
0.0
0.0
0.0
0.0
0.0
-0.000530464706307
0.0
-0.000523402366796
-0.000523402366796
0.0
0.0
0.0
0.0
0.0
0.0
-0.000526583254506
-0.000480910807261
-0.000202055559783
0.0
0.0
0.0
0.0
0.0
0.0
0.0
-5.815009246e-05
-0.000385523247824
0.0
0.0
0.0
0.0
0.0
0.0
-0.000233138392992
-0.0004927238303
-0.000527222446127
-0.00033965462667
-0.000402789657965
0.0
0.0
0.0
0.0
0.0
0.0
0.0
0.0
0.0
0.0
0.0
0.0
0.0
0.0
0.0
0.0
0.0
0.0
0.0
0.0
0.0
0.0
0.0
0.0
0.0
0.0
0.0
0.0
0.0
0.0
0.0
0.0
0.0
0.0
0.0
0.0
0.0
0.0
0.0
0.0
0.0
0.0
0.0
-0.000295580374691
0.0
-0.000295580374691
0.0
0.0
0.0
0.0
0.0
0.0
0.0
0.0
0.0
0.0
0.0
0.0
-0.000713705536421
0.0
0.191094629304
-5.09610437916e-05
-4.67165126912e-05
0.191094629304
0.0
0.191094629304
0.191094629304
0.0
0.0
0.0
0.0
-0.000203046853339
0.0
0.0
0.0
0.0
0.0
0.0
0.0
0.0
0.0
0.0
0.0
0.0
0.0
0.0
0.0
0.0
0.0
0.0
0.0
0.0
0.0
0.0
0.0
0.0
0.0
0.0
0.0
0.0
0.0
0.0
0.0
0.0
0.0
0.0
0.0
0.0
0.0
0.0
0.0
0.0
0.0
0.0
0.0
0.0
0.0
0.0
0.0
0.0
0.0
0.0
0.0
0.0
0.0
0.0
0.0
0.0
0.0
0.0
0.0
0.0
0.0
0.0
0.0
0.0
0.0
0.0
0.0
0.0
0.0
0.0
0.0
0.0
0.0
0.0
0.0
0.0
0.0
0.0
0.0
0.0
0.0
0.0
0.0
