0.0
0.0
0.0
0.0
0.0
0.0
0.0
0.0
-0.000105382905935
0.183562500311
6.93889390391e-17
-0.000105382905934
-0.000543684523969
0.0
-1.38777878078e-16
0.0
6.93889390391e-18
3.46944695195e-18
0.0
0.0
0.0
0.0
0.0
0.0
0.0
0.0
0.0
0.0
0.0
0.0
0.0
0.0
0.0
0.0
0.0
0.0
0.0
0.0
0.0
0.0
0.0
0.0
0.0
0.0
0.0
0.0
-0.000818078311886
0.0
0.0
0.0
0.0
0.0
0.0
-0.000818078311886
0.0
-0.000943628432831
0.0
0.0
0.0
0.0
0.0
0.0
0.0
0.0
0.0
0.0
0.0
0.0
0.0
0.0
0.0
0.0
0.0
0.0
0.0
0.0
0.0
0.0
0.0
0.0
0.0
0.0
0.0
0.0
0.0
0.0
0.0
0.0
0.0
0.0
0.0
0.0
0.0
0.0
0.0
0.0
0.0
0.0
0.0
0.0
0.0
0.0
0.0
0.0
0.0
0.0
0.0
0.0
0.0
0.0
0.0
0.0
0.0
0.0
0.0
0.0
0.0
0.0
0.0
0.0
0.0
0.0
0.0
0.0
0.0
0.0
0.0
0.0
0.0
0.0
0.0
0.0
0.0
0.0
0.0
0.0
0.0
0.0
0.0
0.0
0.0
0.0
0.0
0.0
0.0
0.0
0.0
0.0
0.0
0.0
0.0
0.0
-0.000105382905935
0.183562500311
0.0
0.0
0.0
0.0
0.0
0.0
-0.000105382905935
-0.00054368452397
0.0
0.0
0.0
0.0
0.0
0.0
0.0
0.0
0.0
0.0
0.0
0.0
0.0
0.0
0.0
0.0
0.0
0.0
-0.000105382905935
0.0
0.0
-4.74344126347e-05
0.0
0.0
0.0
0.0
0.0
0.0
0.0
0.0
0.0
0.0
0.0
0.0
0.0
0.0
0.0
0.0
-4.74344126347e-05
-4.74344126347e-05
0.0
0.0
0.0
0.0
0.0
0.0
0.0
-6.1076316827e-05
0.0
0.0
0.0
0.0
0.0
0.0
-0.00054368452397
-0.00054368452397
0.0
0.0
0.0
0.0
0.0
0.0
0.0
-0.00054368452397
0.0
0.0
-0.00054368452397
-0.00054368452397
0.0
-0.00054368452397
0.0
0.0
0.0
0.0
0.0
0.0
0.0
0.0
-0.000150710991894
-0.000153450981124
-0.000163888029535
-0.000163316426905
-0.000169830604458
-0.000182242365466
-0.000185667226124
-0.00132138494686
0.0
0.0
0.0
0.0
0.0
0.0
0.0
0.0
0.0
0.0
0.0
0.0
0.0
0.0
0.0
-0.000218384178444
0.0
0.0
0.0
0.0
0.0
0.0
0.0
-0.00054368452397
0.0
0.0
0.0
0.0
0.0
0.0
0.0
-0.00054368452397
0.0
0.0
0.0
0.0
0.0
0.0
0.0
0.0
0.0
0.0
0.0
0.0
0.0
0.0
0.0
0.0
0.0
0.0
0.0
0.0
0.0
0.0
0.0
0.0
0.0
0.0
0.0
0.0
0.0
0.0
0.0
0.0
0.0
0.0
0.0
0.0
0.0
0.0
0.183562500311
0.183562500311
0.0
0.0
0.0
0.0
0.0
0.0
0.183562500311
0.183562500311
0.0
0.0
0.0
0.0
0.0
0.0
0.183562500311
0.183562500311
0.0
0.0
0.0
0.0
0.0
0.0
0.183562500311
0.183562500311
0.0
0.0
0.0
0.0
0.0
0.0
0.183562500311
0.183562500311
0.0
0.0
0.0
0.0
0.0
0.0
0.183562500311
0.183562500311
0.0
0.0
0.0
0.0
0.0
0.0
0.183562500311
0.183562500311
0.183562500311
0.0
0.0
0.0
0.0
-4.52787130168e-05
0.0
0.00432190754216
0.093758899497
0.0
0.0
0.0
0.0
0.0
0.0
0.0
0.0
0.0
0.0
0.0
0.0
0.0
0.0
0.0
0.0
0.0
0.0
0.0
0.0
0.0
0.0
0.093758899497
0.0
0.0
0.0
-4.52787130168e-05
0.0
0.0
0.0
0.093758899497
0.0
0.0
0.0
0.0
0.0
0.0
0.0
0.093758899497
0.0
0.0
0.0
0.0
0.0
0.0
-0.000224544654437
0.00239462847804
0.0
0.0
0.0
0.0
0.0
0.0
0.0
-0.000201456483073
0.0
0.0
0.0
0.0
0.0
0.0
0.0
0.0
-4.74344126347e-05
0.0
0.0
0.0
-4.52787130168e-05
0.183562500311
0.183562500311
0.0
0.0
0.0
0.0
0.0
0.0
0.0
0.0
0.0
0.0
-0.000201456483073
0.0
-0.000201456483073
0.0
0.0
0.0
0.0
0.0
0.0
0.0
0.0
0.0
0.0
0.0
0.0
0.0
0.0
0.0
0.0
0.183562500311
0.183562500311
0.0
0.0
0.0
0.0
0.0
0.0
0.0
0.0
0.0
0.0
0.0
0.0
0.0
0.0
0.0
0.0
0.0
0.0
0.0
0.0
0.0
0.0
0.0
0.0
0.0
0.0
0.0
0.0
0.0
0.0
0.0
0.0
0.0
0.0
0.0
0.0
0.0
0.0
0.0
0.0
0.0
0.0
0.0
0.0
0.0
0.0
0.0
0.0
0.0
0.0
0.0
0.0
0.0
0.0
0.0
0.0
0.0
0.0
0.0
0.0
0.0
0.0
0.0
0.0
0.0
0.0
0.0
0.0
0.0
0.0
0.0
0.0
0.0
0.0
0.0
0.0
0.0
0.0
0.0
0.0
0.0
0.0
0.0
0.0
0.0
0.0
0.0
0.0
0.0
0.0
0.0
0.0
0.0
0.0
0.0
0.0
0.0
0.0
0.0
0.0
0.0
0.0
0.0
0.0
0.0
0.0
0.0
0.0
0.0
0.0
0.0
0.0
0.0
0.0
0.0
0.0
0.0
0.0
0.0
0.0
0.0
0.0
0.0
0.0
0.0
0.0
0.0
0.0
0.0
0.0
0.0
0.0
0.0
0.0
0.0
0.0
0.0
0.0
0.0
0.0
0.0
0.0
0.0
0.0
0.0
0.0
0.0
0.0
0.0
0.0
0.0
0.0
0.0
0.0
0.0
0.0
0.0
0.0
0.0
0.0
0.0
0.0
0.0
0.0
0.0
0.0
0.0
0.0
0.0
0.0
0.0
-0.000278859850342
0.0
0.0
0.0
0.0
0.0
0.0
0.0
0.0
0.0
0.0
0.0
0.0
0.0
0.0
0.0
0.0
0.0
0.0
0.0
0.0
0.0
0.0
0.0
0.183562500311
0.0
0.0
0.0
0.0
0.0
0.0
0.0
0.0
0.0
0.0
0.0
0.0
0.0
0.0
-7.62447552608e-05
-0.00103876948489
-0.00103876948489
0.0
0.0
0.0
0.0
0.0
0.0
-0.000198633060315
0.0
-0.000260833613295
0.0
-0.000141726173559
-0.00021446405624
-0.000100875888163
0.0
-0.000115300272629
-0.000115300272629
0.0
0.0
-0.000117425770949
0.0
0.0
0.0
0.0
0.0
0.0
0.0
-4.32730361045e-05
0.0
0.0
0.0
0.0
0.0
0.0
0.0
0.0
0.0
0.0
0.0
0.0
0.0
0.0
0.0
0.0
0.0
0.0
0.0
0.0
0.0
0.0
0.0
0.0
0.0
0.0
0.0
0.0
0.0
0.0
0.0
0.0
0.0
0.0
0.0
0.0
0.0
0.0
0.0
0.0
0.0
0.0
0.0
0.0
0.0
0.0
0.0
0.0
0.0
0.0
0.0
0.0
0.0
-0.000191280316426
0.002608206256
0.0
-0.000173922491748
0.0
0.0
0.0
0.0
0.0
0.0
0.0
0.0
0.0
-0.000105382905935
-0.000105382905935
0.0
0.0
0.0
0.0
0.0
-0.000176200136724
0.0
0.0
0.0
0.0
0.0
-7.2934619598e-05
0.0
0.0
0.0
0.0
0.0
-0.000169449629094
0.0
0.0
0.0
0.0
0.0
0.0
0.0
0.0
0.0
0.0
0.0
0.0
0.0
0.0
0.0
-1.95457086839e-05
0.0
0.0
0.0
0.0
0.0
0.0
0.0
0.0
0.0
0.0
0.0
0.0
0.0
0.0
0.0
0.0
0.00546833930834
0.0
0.00125127414622
0.00125127414622
0.0
0.0
0.0
0.0
0.0
0.0
-0.000209781698713
-0.00109317195817
-0.00058244533566
0.0
0.0
0.0
0.0
0.0
0.0
0.0
0.0
0.0
0.0
0.0
0.0
0.0
0.0
0.0
-0.000169449629094
-0.00118952699999
-0.000298062097752
-0.00116677879281
-0.00129468807795
0.0
0.0
0.0
0.0
0.0
0.0
0.0
0.0
0.0
0.0
0.0
0.0
0.0
0.0
0.0
0.0
0.0
0.0
0.0
0.0
0.0
0.0
0.0
0.0
0.0
0.0
0.0
0.0
0.0
0.0
0.0
0.0
0.0
0.0
0.0
0.0
0.0
0.0
0.0
0.0
0.0
0.0
0.0
-0.00082124675847
0.0
-0.00082124675847
0.0
0.0
0.0
0.0
0.0
0.0
0.0
0.0
0.0
0.0
0.0
0.0
0.0
0.0
-0.000218384178444
-0.000445555055243
-0.000410633944051
-0.00054368452397
0.0
-0.000218384178444
-0.000218384178444
0.0
0.0
0.0
0.0
-0.000608944048836
0.0
0.0
0.0
0.0
0.0
0.0
0.0
0.0
0.0
0.0
0.0
0.0
0.0
0.0
0.0
0.0
0.0
0.0
0.0
0.0
0.0
0.0
0.0
0.0
0.0
0.0
0.0
0.0
0.0
0.0
0.0
0.0
0.0
0.0
0.0
0.0
0.0
0.0
0.0
0.0
0.0
0.0
0.0
0.0
0.0
0.0
0.0
0.0
0.0
0.0
0.0
0.0
0.0
0.0
0.0
0.0
0.0
0.0
0.0
0.0
0.0
0.0
0.0
0.0
0.0
0.0
0.0
0.0
0.0
0.0
0.0
0.0
0.0
0.0
0.0
0.0
0.0
0.0
0.0
0.0
0.0
0.0
0.0
0.0
0.0
0.0
0.0
0.0
-0.00074907336911
0.0
-0.000744489233521
0.0503650039471
0.000128394654799
0.0
0.00127736321631
-0.00115500982824
-0.00110356888212
-0.000105382905935
-0.000447130562086
0.0
0.0
0.0
0.0
0.0
0.0
0.0
0.0
0.0
0.0
0.0
0.0
0.0
0.0
0.0
0.0
0.0
0.0
0.0
0.0
0.0
0.0
0.0
0.0
0.0
0.0
0.0
0.0
0.0
0.0
-0.000703209905597
0.0
0.0
0.0
0.0
0.0
0.0
-0.000703209905597
0.0
-0.000689115721022
0.0
0.0
0.0
0.0
0.0
0.0
0.0
0.0
0.0
0.0
0.0
0.0
0.0
0.0
0.0
0.0
0.0
0.0
0.0
0.0
0.0
0.0
0.0
0.0
0.0
0.0
0.0
0.0
0.0
0.0
0.0
0.0
0.0
0.0
0.0
0.0
0.0
0.0
0.0
0.0
0.0
0.0
0.0
0.0
0.0
0.0
0.0
0.0
0.0
0.0
0.0
0.0
0.0
0.0
0.0
0.0
0.0
0.0
0.0
0.0
0.0
0.0
0.0
0.0
0.0
0.0
0.0
0.0
0.0
0.0
0.0
0.0
0.0
0.0
0.0
0.0
0.0
0.0
0.0
0.0
0.0
0.0
-0.00110356888212
0.0
0.0
-0.00110356888212
0.0
-0.00110356888212
0.0
0.0
0.0
0.0
0.0
0.0
0.0
0.0
0.0503650039471
0.000128394654799
0.0
0.0
0.0
0.0
0.0
0.0
0.00127736321631
-0.00115500982824
-0.00110356888212
0.0
0.0
0.0
0.0
0.0
0.0
0.0
0.0
0.0
0.0
0.0
0.0
0.0
0.0
0.0
0.0
0.0
-4.33104314397e-05
-4.74344126347e-05
0.0
-4.33104314397e-05
0.0
0.0
0.0
0.0
0.0
0.0
-5.87005996859e-05
-0.00110356888212
0.0
0.0
0.0
0.0
0.0
0.0
0.0
0.0
-4.15061447326e-05
-4.15061447326e-05
0.0
0.0
0.0
0.0
0.0
0.0
-0.00016339740087
0.00685908424507
-0.00110356888212
-0.000529246311873
0.0
0.0
0.0
0.0
-0.00115500982824
-0.00115500982824
-0.000447130562086
0.0
-0.000447130562086
-0.000447130562086
-0.00051089728189
-0.000105382905935
0.0
-0.00115500982824
0.0
0.0
-0.00115500982824
-0.00115500982824
-0.00051089728189
-0.00115500982824
-0.000529246311873
-0.000529246311873
-0.000529246311873
-0.000529246311873
-0.000529246311873
-0.000529246311873
-0.000529246311873
-0.000529246311873
-0.000143836683827
-0.000147493150928
-0.000147549459206
-0.000164767434943
-0.000194143181542
-0.000311606134366
-0.00102132266826
-0.00102043131364
-0.00051089728189
-0.00051089728189
-0.00051089728189
0.0
0.0
0.0
0.0
-0.00110356888212
0.0
0.0
0.0
-0.000100843408069
-0.000100843408069
-0.000100843408069
-0.000100843408069
-0.00115500982824
-0.00051089728189
0.0
0.0
-0.000100843408069
-0.000100843408069
-0.000100843408069
-0.000100843408069
-0.00115500982824
-0.00051089728189
-0.00051089728189
0.0
-5.28570452396e-05
-0.000100843408069
-0.000100843408069
-0.000100843408069
-0.00115500982824
0.0
0.0
0.0
0.0
-5.28570452396e-05
-5.28570452396e-05
-5.28570452396e-05
-0.000100843408069
0.0
0.0
0.0
0.0
0.0
0.0
0.0
-5.28570452396e-05
0.0
0.0
0.0
0.0
0.0
0.0
0.0
0.0
0.0
0.0
0.0
0.0
0.0
0.0
0.0
0.0
0.0
0.112545007546
0.0
0.0
0.00146113190308
0.0
0.000128394654799
0.000128394654799
0.0
0.112545007546
0.0
0.0
0.00146113190308
0.0
0.000128394654799
0.000128394654799
0.0
0.112545007546
0.0
0.0
0.00146113190308
0.0
0.000128394654799
0.000128394654799
0.0
0.112545007546
0.0
0.0
0.00146113190308
0.0
0.000128394654799
0.000128394654799
0.0
0.112545007546
0.0
0.0
0.00146113190308
0.0
0.000128394654799
0.000128394654799
0.0
0.112545007546
0.0
0.0
0.00146113190308
0.0
0.000128394654799
0.000128394654799
0.0
0.110402815075
0.0
0.0
0.00146113190308
0.0
0.000128394654799
0.000128394654799
0.000128394654799
0.00146113190308
0.0
0.0847195980693
0.0
-4.52787130168e-05
0.0869115084181
0.00199700193376
0.00174909750032
0.00146113190308
0.0847195980693
0.0
0.0
0.112545007546
0.112545007546
0.0
0.0
0.0283440905011
-4.74344126347e-05
0.0263882299863
0.112545007546
0.0283440905011
0.112545007546
0.0
0.0
0.0283440905011
0.0
0.0263882299863
-4.74344126347e-05
0.0
0.112545007546
0.00174909750032
0.0
0.0
0.112545007546
-4.52787130168e-05
0.0
0.0263882299863
-4.74344126347e-05
0.00174909750032
0.0
0.0
0.0
0.112545007546
0.110402815075
0.0
0.0
0.00174909750032
0.0
0.0
0.0
0.0
0.0
0.0
-0.000119636249121
-0.000224544654437
0.0
0.0
0.0
0.0
0.0
0.0
0.0
-0.000873991289169
0.0
0.0
0.0
0.0
0.0
0.0
0.0
0.0
-4.15061447326e-05
0.0
0.0
0.0
-4.52787130168e-05
0.000128394654799
0.000128394654799
0.0
0.0
0.0
0.0
0.0
0.0
0.0
0.0
0.0
0.0
-0.000800185254856
0.0
-0.000800185254856
0.0
-0.000658463747753
0.0
0.0
0.0
0.0
0.0
0.0
0.0
0.0
0.0
0.0
0.0
0.0
0.0
0.0
0.000128394654799
0.000128394654799
0.0
0.0
0.0
0.0
0.0
0.0
0.0
0.0
0.0
0.0
0.0
0.0
0.0
0.0
0.0
0.0
-0.00110356888212
0.0
0.0
0.0
0.0
0.0
0.0
0.0
0.0
0.0
0.0
0.0
0.0
0.0
0.0
0.0
0.0
0.0
0.0
0.0
0.0
0.0
0.0
0.0
0.0
0.0
0.0
0.0
0.0
0.0
0.0
0.0
0.0
0.0
0.0
0.0
0.0
0.0
0.0
0.0
0.0
0.0
0.0
0.0
0.0
0.0
-0.00110356888212
-0.000529246311873
0.0
0.0
0.0
0.0
0.0
0.0
0.0
0.0
0.0
0.0
0.0
0.0
0.0
0.0
0.0
0.0
0.0
0.0
0.0
0.0
0.0
0.0
0.0
0.0
0.0
0.0
0.0
0.0
0.0
0.0
0.0
0.0
0.0
0.0
0.0
0.0
0.0
0.0
0.0
0.0
0.0
0.0
0.0
0.0
0.0
0.0
0.0
0.0
0.0
0.0
0.0
0.0
0.0
0.0
0.0
0.0
0.0
0.0
0.0
0.0
0.0
0.0
0.0
0.0
0.0
0.0
0.0
0.0
0.0
0.0
0.0
0.0
0.0
0.0
0.0
0.0
0.0
0.0
0.0
0.0
0.0
0.0
0.0
0.0
0.0
0.0
0.0
0.0
0.0
0.0
0.0
0.0
0.0
0.0
0.0
0.0
0.0
0.0
0.0
0.0
0.0
0.0
0.0
0.0
0.0
0.0
0.0
-0.000231338557709
0.0
0.0
0.0
0.0
0.0
0.0
0.0
0.0
0.0
0.0
0.0
0.0
0.0
0.0
0.0
0.0
0.0
0.0
0.0
0.0
0.0
0.0
-0.00103141052211
0.000128394654799
0.0
0.0
0.0
0.0
0.0
0.0
0.0
0.0
0.0
0.0
0.0
0.0
0.0
0.0
-0.000183232641763
0.0
0.0
-9.06306433141e-05
0.0
-0.000450402821743
0.0
0.0
0.0
-0.00105382969443
-0.000785532505395
-0.000801124294677
-0.000539269829275
-0.000308130928743
-0.000188274642989
-0.000334426796319
-0.000365183981372
-0.000124553183656
0.0
-0.000204242933122
0.0
-0.000712798725891
0.0
0.0
0.0
0.0
0.0
0.0
-0.00116551044965
0.000506319196411
-0.000746262742649
0.0
0.0
0.0
0.0
0.0
0.0
0.0
0.0
0.0
0.0
0.0
0.0
0.0
0.0
0.0
0.0
0.0
0.0
0.0
0.0
0.0
0.0
0.0
0.0
0.0
0.0
0.0
0.0
0.0
0.0
0.0
0.0
0.0
0.0
0.0
0.0
0.0
0.0
0.0
0.0
0.0
0.0
0.0
0.0
0.0
0.0
0.0
0.0
0.0
0.0
0.0
0.0
-0.000316671355857
-0.000271399854913
0.0
-0.00110866569985
0.0
0.0
0.0
0.0
0.0
0.0
0.0
-0.000174112144099
0.0
-4.33104314397e-05
-4.15061447326e-05
-0.000105382905935
-4.15061447326e-05
-4.33104314397e-05
-4.15061447326e-05
0.0527468410366
0.000336970079795
0.0
0.0
-0.00110356888212
-4.15061447326e-05
-0.00110356888212
0.000728571633587
-0.00110356888212
-0.000529246311873
0.0
0.0
0.0
-0.000444396953219
0.0
0.0
0.0
0.0
0.0
0.0
0.0
0.0
0.0
0.0
0.0
0.0
0.0
0.0
0.0
0.000528455431035
0.0
0.0
0.0
0.0
0.0
0.0
0.0
0.0
0.0
0.0
0.0
0.0
0.0
0.0
0.0
0.0
-0.00101289739435
0.0
-0.000999396902638
-0.000999396902638
0.0
0.0
0.0
0.0
0.0
0.0
-0.00100719586287
-0.000920350251115
-0.00038557939775
0.0
0.0
0.0
0.0
0.0
0.0
0.0
-0.000105382905935
-0.000447130562086
0.0
0.0
0.0
0.0
0.0
0.0
-0.000444396953219
-0.000943232691695
-0.00100332179059
-0.000645959345231
-0.00076591297412
0.0
0.0
0.0
0.0
0.0
0.0
0.0
0.0
0.0
0.0
0.0
0.0
0.0
0.0
0.0
0.0
0.0
0.0
0.0
0.0
0.0
0.0
0.0
0.0
0.0
0.0
0.0
0.0
0.0
0.0
0.0
0.0
0.0
0.0
0.0
0.0
0.0
0.0
0.0
0.0
0.0
0.0
0.0
-0.000565714571418
0.0
-0.000565714571418
0.0
0.0
0.0
0.0
0.0
0.0
0.0
0.0
0.0
0.0
0.0
0.0
-0.0013687382768
0.0
-0.00115500982824
-8.63221349356e-05
-7.8695513666e-05
-0.00115500982824
0.0
-0.00115500982824
-0.00115500982824
0.0
0.0
0.0
0.0
-0.000389284658458
0.0
0.0
0.0
0.0
0.0
0.0
0.0
0.0
0.0
0.0
0.0
0.0
0.0
0.0
0.0
0.0
0.0
0.0
0.0
0.0
0.0
0.0
0.0
0.0
0.0
0.0
0.0
0.0
0.0
0.0
0.0
0.0
0.0
0.0
0.0
0.0
0.0
0.0
0.0
0.0
0.0
0.0
0.0
0.0
0.0
0.0
0.0
0.0
0.0
0.0
0.0
0.0
0.0
0.0
0.0
0.0
0.0
0.0
0.0
0.0
0.0
0.0
0.0
0.0
0.0
0.0
0.0
0.0
0.0
0.0
0.0
0.0
0.0
0.0
0.0
0.0
0.0
0.0
0.0
0.0
0.0
0.0
0.0
