0.0
0.0
0.0
0.0
0.0
0.0
0.0
0.0
-0.00054290851532
-0.0982583691061
1.38777878078e-16
-0.00054290851532
0.000228114006996
1.11022302463e-16
1.38777878078e-16
-5.55111512313e-17
-2.77555756156e-17
1.64798730218e-17
0.0
2.16840434497e-19
0.0
0.0
0.0
0.0
0.0
0.0
0.0
0.0
0.0
0.0
0.0
0.0
0.0
0.0
0.0
0.0
0.0
0.0
0.0
0.0
0.0
0.0
0.0
0.0
0.0
0.0
-0.00165779366141
0.0
0.0
0.0
0.0
0.0
0.0
-0.00165779366141
0.0
-0.00186492386147
0.0
0.0
0.0
0.0
0.0
0.0
0.0
0.0
0.0
0.0
0.0
0.0
0.0
0.0
0.0
0.0
0.0
0.0
0.0
0.0
0.0
0.0
0.0
0.0
0.0
0.0
0.0
0.0
0.0
0.0
0.0
0.0
0.0
0.0
0.0
0.0
0.0
0.0
0.0
0.0
0.0
0.0
0.0
0.0
0.0
0.0
0.0
0.0
0.0
0.0
0.0
0.0
0.0
0.0
0.0
0.0
0.0
0.0
0.0
0.0
0.0
0.0
0.0
0.0
0.0
0.0
0.0
0.0
0.0
0.0
0.0
0.0
0.0
0.0
0.0
0.0
0.0
0.0
0.0
0.0
0.0
0.0
0.0
0.0
0.0
0.0
0.0
0.0
0.0
0.0
0.0
0.0
0.0
0.0
0.0
0.0
-0.00054290851532
-0.0982583691061
0.0
0.0
0.0
0.0
0.0
0.0
-0.00054290851532
0.000228114006996
0.0
0.0
0.0
0.0
0.0
0.0
0.0
0.0
0.0
0.0
0.0
0.0
0.0
0.0
0.0
0.0
0.0
0.0
-0.00054290851532
0.0
0.0
-0.000100748362071
0.0
0.0
0.0
0.0
0.0
0.0
0.0
0.0
0.0
0.0
0.0
0.0
0.0
0.0
0.0
0.0
-0.000100748362071
-0.000100748362071
0.0
0.0
0.0
0.0
0.0
0.0
0.0
-0.000120278623007
0.0
0.0
0.0
0.0
0.0
0.0
0.000228114006996
0.000228114006996
0.0
0.0
0.0
0.0
0.0
0.0
0.0
0.000228114006996
0.0
0.0
0.000228114006996
0.000228114006996
0.0
0.000228114006996
0.0
0.0
0.0
0.0
0.0
0.0
0.0
0.0
-0.000332728510219
-0.000342361956372
-0.000348892666951
-0.000346699116266
-0.000399437875334
-0.000415986453217
-0.000454955824531
-0.00257771942972
0.0
0.0
0.0
0.0
0.0
0.0
0.0
0.0
0.0
0.0
0.0
0.0
0.0
0.0
0.0
-4.90194583213e-05
0.0
0.0
0.0
0.0
0.0
0.0
0.0
0.000228114006996
0.0
0.0
0.0
0.0
0.0
0.0
0.0
0.000228114006996
0.0
0.0
0.0
0.0
0.0
0.0
0.0
0.0
0.0
0.0
0.0
0.0
0.0
0.0
0.0
0.0
0.0
0.0
0.0
0.0
0.0
0.0
0.0
0.0
0.0
0.0
0.0
0.0
0.0
0.0
0.0
0.0
0.0
0.0
0.0
0.0
0.0
0.0
-0.0982583691061
-0.0982583691061
0.0
0.0
0.0
0.0
0.0
0.0
-0.0982583691061
-0.0982583691061
0.0
0.0
0.0
0.0
0.0
0.0
-0.0982583691061
-0.0982583691061
0.0
0.0
0.0
0.0
0.0
0.0
-0.0982583691061
-0.0982583691061
0.0
0.0
0.0
0.0
0.0
0.0
-0.0982583691061
-0.0982583691061
0.0
0.0
0.0
0.0
0.0
0.0
-0.0982583691061
-0.0982583691061
0.0
0.0
0.0
0.0
0.0
0.0
-0.0982583691061
-0.0982583691061
-0.0982583691061
0.0
0.0
0.0
0.0
-9.27527705232e-05
0.0
0.017426424318
-0.0285670016036
0.0
0.0
0.0
0.0
0.0
0.0
0.0
0.0
0.0
0.0
0.0
0.0
0.0
0.0
0.0
0.0
0.0
0.0
0.0
0.0
0.0
0.0
-0.0285670016036
0.0
0.0
0.0
-9.27527705232e-05
0.0
0.0
0.0
-0.0285670016036
0.0
0.0
0.0
0.0
0.0
0.0
0.0
-0.0285670016036
0.0
0.0
0.0
0.0
0.0
0.0
-0.000444579085144
0.00779884599293
0.0
0.0
0.0
0.0
0.0
0.0
0.0
-0.000453934824558
0.0
0.0
0.0
0.0
0.0
0.0
0.0
0.0
-0.000100748362071
0.0
0.0
0.0
-9.27527705232e-05
-0.0982583691061
-0.0982583691061
0.0
0.0
0.0
0.0
0.0
0.0
0.0
0.0
0.0
0.0
-0.000453934824558
0.0
-0.000453934824558
0.0
0.0
0.0
0.0
0.0
0.0
0.0
0.0
0.0
0.0
0.0
0.0
0.0
0.0
0.0
0.0
-0.0982583691061
-0.0982583691061
0.0
0.0
0.0
0.0
0.0
0.0
0.0
0.0
0.0
0.0
0.0
0.0
0.0
0.0
0.0
0.0
0.0
0.0
0.0
0.0
0.0
0.0
0.0
0.0
0.0
0.0
0.0
0.0
0.0
0.0
0.0
0.0
0.0
0.0
0.0
0.0
0.0
0.0
0.0
0.0
0.0
0.0
0.0
0.0
0.0
0.0
0.0
0.0
0.0
0.0
0.0
0.0
0.0
0.0
0.0
0.0
0.0
0.0
0.0
0.0
0.0
0.0
0.0
0.0
0.0
0.0
0.0
0.0
0.0
0.0
0.0
0.0
0.0
0.0
0.0
0.0
0.0
0.0
0.0
0.0
0.0
0.0
0.0
0.0
0.0
0.0
0.0
0.0
0.0
0.0
0.0
0.0
0.0
0.0
0.0
0.0
0.0
0.0
0.0
0.0
0.0
0.0
0.0
0.0
0.0
0.0
0.0
0.0
0.0
0.0
0.0
0.0
0.0
0.0
0.0
0.0
0.0
0.0
0.0
0.0
0.0
0.0
0.0
0.0
0.0
0.0
0.0
0.0
0.0
0.0
0.0
0.0
0.0
0.0
0.0
0.0
0.0
0.0
0.0
0.0
0.0
0.0
0.0
0.0
0.0
0.0
0.0
0.0
0.0
0.0
0.0
0.0
0.0
0.0
0.0
0.0
0.0
0.0
0.0
0.0
0.0
0.0
0.0
0.0
0.0
0.0
0.0
0.0
0.0
0.0
0.0
-0.000537840605721
0.0
0.0
0.0
0.0
0.0
0.0
0.0
0.0
0.0
0.0
0.0
0.0
0.0
0.0
0.0
0.0
0.0
0.0
0.0
0.0
0.0
0.0
0.0
-0.0982583691061
0.0
0.0
0.0
0.0
0.0
0.0
0.0
0.0
0.0
0.0
0.0
0.0
0.0
0.0
-0.000153133434489
-0.00208730383953
-0.00208730383953
0.0
0.0
0.0
0.0
0.0
0.0
-0.000393806643298
0.0
-0.000523351873951
0.0
-0.000287139549323
-0.000422903565573
-0.000203381171805
0.0
-0.000229656516065
-0.000229656516065
0.0
0.0
-0.000226466081573
0.0
0.0
0.0
0.0
0.0
0.0
0.0
-8.5653171607e-05
0.0
0.0
0.0
0.0
0.0
0.0
0.0
0.0
0.0
0.0
0.0
0.0
0.0
0.0
0.0
0.0
0.0
0.0
0.0
0.0
0.0
0.0
0.0
0.0
0.0
0.0
0.0
0.0
0.0
0.0
0.0
0.0
0.0
0.0
0.0
0.0
0.0
0.0
0.0
0.0
0.0
0.0
0.0
0.0
0.0
0.0
0.0
0.0
0.0
0.0
0.0
0.0
0.0
-0.000384139522607
-0.00181797257077
0.0
-0.000365339762588
0.0
0.0
0.0
0.0
0.0
0.0
0.0
0.0
0.0
-0.00054290851532
-0.00054290851532
0.0
0.0
0.0
0.0
0.0
-0.000339823571818
0.0
0.0
0.0
0.0
0.0
-0.000142019701819
0.0
0.0
0.0
0.0
0.0
-0.000369002000826
0.0
0.0
0.0
0.0
0.0
0.0
0.0
0.0
0.0
0.0
0.0
0.0
0.0
0.0
0.0
-0.000443783656715
0.0
0.0
0.0
0.0
0.0
0.0
0.0
0.0
0.0
0.0
0.0
0.0
0.0
0.0
0.0
0.0
-0.00319174041909
0.0
-0.00130378148096
-0.00130378148096
0.0
0.0
0.0
0.0
0.0
0.0
-6.2329441705e-05
-0.00273987485701
-0.00117928213588
0.0
0.0
0.0
0.0
0.0
0.0
0.0
0.0
0.0
0.0
0.0
0.0
0.0
0.0
0.0
-0.000369002000826
-0.00237809355854
-0.000638147079481
-0.0023251904258
-0.00256901518717
0.0
0.0
0.0
0.0
0.0
0.0
0.0
0.0
0.0
0.0
0.0
0.0
0.0
0.0
0.0
0.0
0.0
0.0
0.0
0.0
0.0
0.0
0.0
0.0
0.0
0.0
0.0
0.0
0.0
0.0
0.0
0.0
0.0
0.0
0.0
0.0
0.0
0.0
0.0
0.0
0.0
0.0
0.0
-0.00167637768158
0.0
-0.00167637768158
0.0
0.0
0.0
0.0
0.0
0.0
0.0
0.0
0.0
0.0
0.0
0.0
0.0
0.0
-4.90194583213e-05
-2.39129281958e-05
0.000161133813501
0.000228114006996
0.0
-4.90194583213e-05
-4.90194583213e-05
0.0
0.0
0.0
0.0
-0.00122191533343
0.0
0.0
0.0
0.0
0.0
0.0
0.0
0.0
0.0
0.0
0.0
0.0
0.0
0.0
0.0
0.0
0.0
0.0
0.0
0.0
0.0
0.0
0.0
0.0
0.0
0.0
0.0
0.0
0.0
0.0
0.0
0.0
0.0
0.0
0.0
0.0
0.0
0.0
0.0
0.0
0.0
0.0
0.0
0.0
0.0
0.0
0.0
0.0
0.0
0.0
0.0
0.0
0.0
0.0
0.0
0.0
0.0
0.0
0.0
0.0
0.0
0.0
0.0
0.0
0.0
0.0
0.0
0.0
0.0
0.0
0.0
0.0
0.0
0.0
0.0
0.0
0.0
0.0
0.0
0.0
0.0
0.0
0.0
0.0
0.0
0.0
0.0
0.0
-0.0015377478756
0.0
-0.00153747880231
0.152076896379
-0.00262020578369
0.0
0.00665907099826
0.000156774552877
0.00019002908598
-0.00054290851532
0.000185735363702
0.0
0.0
0.0
0.0
0.0
0.0
0.0
0.0
0.0
0.0
0.0
0.0
0.0
0.0
0.0
0.0
0.0
0.0
0.0
0.0
0.0
0.0
0.0
0.0
0.0
0.0
0.0
0.0
0.0
0.0
-0.00139935001112
0.0
0.0
0.0
0.0
0.0
0.0
-0.00139935001112
0.0
-0.00133668516985
0.0
0.0
0.0
0.0
0.0
0.0
0.0
0.0
0.0
0.0
0.0
0.0
0.0
0.0
0.0
0.0
0.0
0.0
0.0
0.0
0.0
0.0
0.0
0.0
0.0
0.0
0.0
0.0
0.0
0.0
0.0
0.0
0.0
0.0
0.0
0.0
0.0
0.0
0.0
0.0
0.0
0.0
0.0
0.0
0.0
0.0
0.0
0.0
0.0
0.0
0.0
0.0
0.0
0.0
0.0
0.0
0.0
0.0
0.0
0.0
0.0
0.0
0.0
0.0
0.0
0.0
0.0
0.0
0.0
0.0
0.0
0.0
0.0
0.0
0.0
0.0
0.0
0.0
0.0
0.0
0.0
0.0
0.00019002908598
0.0
0.0
0.00019002908598
0.0
0.00019002908598
0.0
0.0
0.0
0.0
0.0
0.0
0.0
0.0
0.152076896379
-0.00262020578369
0.0
0.0
0.0
0.0
0.0
0.0
0.00665907099826
0.000156774552877
0.00019002908598
0.0
0.0
0.0
0.0
0.0
0.0
0.0
0.0
0.0
0.0
0.0
0.0
0.0
0.0
0.0
0.0
0.0
-8.59329589992e-05
-0.000100748362071
0.0
-8.59329589992e-05
0.0
0.0
0.0
0.0
0.0
0.0
-0.000113208172655
0.00019002908598
0.0
0.0
0.0
0.0
0.0
0.0
0.0
0.0
-8.00473369531e-05
-8.00473369531e-05
0.0
0.0
0.0
0.0
0.0
0.0
-0.000271322735072
0.0220389234551
0.00019002908598
0.000295482771438
0.0
0.0
0.0
0.0
0.000156774552877
0.000156774552877
0.000185735363702
0.0
0.000185735363702
0.000185735363702
-0.00141598811156
-0.00054290851532
0.0
0.000156774552877
0.0
0.0
0.000156774552877
0.000156774552877
-0.00141598811156
0.000156774552877
0.000295482771438
0.000295482771438
0.000295482771438
0.000295482771438
0.000295482771438
0.000295482771438
0.000295482771438
0.000295482771438
-0.00027740380364
-0.00029050689215
-0.00029098249775
-0.000324259422987
-0.000380508832071
-0.000606448915748
-0.00197614453511
-0.00197626433288
-0.00141598811156
-0.00141598811156
-0.00141598811156
0.0
0.0
0.0
0.0
0.00019002908598
0.0
0.0
0.0
-0.000329299670276
-0.000329299670276
-0.000329299670276
-0.000329299670276
0.000156774552877
-0.00141598811156
0.0
0.0
-0.000329299670276
-0.000329299670276
-0.000329299670276
-0.000329299670276
0.000156774552877
-0.00141598811156
-0.00141598811156
0.0
-0.000120484514243
-0.000329299670276
-0.000329299670276
-0.000329299670276
0.000156774552877
0.0
0.0
0.0
0.0
-0.000120484514243
-0.000120484514243
-0.000120484514243
-0.000329299670276
0.0
0.0
0.0
0.0
0.0
0.0
0.0
-0.000120484514243
0.0
0.0
0.0
0.0
0.0
0.0
0.0
0.0
0.0
0.0
0.0
0.0
0.0
0.0
0.0
0.0
0.0
0.205282461425
0.0
0.0
0.00791048069139
0.0
-0.00262020578369
-0.00262020578369
0.0
0.205282461425
0.0
0.0
0.00791048069139
0.0
-0.00262020578369
-0.00262020578369
0.0
0.205282461425
0.0
0.0
0.00791048069139
0.0
-0.00262020578369
-0.00262020578369
0.0
0.205282461425
0.0
0.0
0.00791048069139
0.0
-0.00262020578369
-0.00262020578369
0.0
0.205282461425
0.0
0.0
0.00791048069139
0.0
-0.00262020578369
-0.00262020578369
0.0
0.205282461425
0.0
0.0
0.00791048069139
0.0
-0.00262020578369
-0.00262020578369
0.0
0.198981638477
0.0
0.0
0.00791048069139
0.0
-0.00262020578369
-0.00262020578369
-0.00262020578369
0.00791048069139
0.0
0.124941107887
0.0
-9.27527705232e-05
0.131818122332
0.00353483453858
0.00937116503303
0.00791048069139
0.124941107887
0.0
0.0
0.205282461425
0.205282461425
0.0
0.0
0.102296041428
-0.000100748362071
0.0965432759874
0.205282461425
0.102296041428
0.205282461425
0.0
0.0
0.102296041428
0.0
0.0965432759874
-0.000100748362071
0.0
0.205282461425
0.00937116503303
0.0
0.0
0.205282461425
-9.27527705232e-05
0.0
0.0965432759874
-0.000100748362071
0.00937116503303
0.0
0.0
0.0
0.205282461425
0.198981638477
0.0
0.0
0.00937116503303
0.0
0.0
0.0
0.0
0.0
0.0
9.89533653203e-05
-0.000444579085144
0.0
0.0
0.0
0.0
0.0
0.0
0.0
-0.00191787554262
0.0
0.0
0.0
0.0
0.0
0.0
0.0
0.0
-8.00473369531e-05
0.0
0.0
0.0
-9.27527705232e-05
-0.00262020578369
-0.00262020578369
0.0
0.0
0.0
0.0
0.0
0.0
0.0
0.0
0.0
0.0
-0.00177273397673
0.0
-0.00177273397673
0.0
-0.00131260461555
0.0
0.0
0.0
0.0
0.0
0.0
0.0
0.0
0.0
0.0
0.0
0.0
0.0
0.0
-0.00262020578369
-0.00262020578369
0.0
0.0
0.0
0.0
0.0
0.0
0.0
0.0
0.0
0.0
0.0
0.0
0.0
0.0
0.0
0.0
0.00019002908598
0.0
0.0
0.0
0.0
0.0
0.0
0.0
0.0
0.0
0.0
0.0
0.0
0.0
0.0
0.0
0.0
0.0
0.0
0.0
0.0
0.0
0.0
0.0
0.0
0.0
0.0
0.0
0.0
0.0
0.0
0.0
0.0
0.0
0.0
0.0
0.0
0.0
0.0
0.0
0.0
0.0
0.0
0.0
0.0
0.0
0.00019002908598
0.000295482771438
0.0
0.0
0.0
0.0
0.0
0.0
0.0
0.0
0.0
0.0
0.0
0.0
0.0
0.0
0.0
0.0
0.0
0.0
0.0
0.0
0.0
0.0
0.0
0.0
0.0
0.0
0.0
0.0
0.0
0.0
0.0
0.0
0.0
0.0
0.0
0.0
0.0
0.0
0.0
0.0
0.0
0.0
0.0
0.0
0.0
0.0
0.0
0.0
0.0
0.0
0.0
0.0
0.0
0.0
0.0
0.0
0.0
0.0
0.0
0.0
0.0
0.0
0.0
0.0
0.0
0.0
0.0
0.0
0.0
0.0
0.0
0.0
0.0
0.0
0.0
0.0
0.0
0.0
0.0
0.0
0.0
0.0
0.0
0.0
0.0
0.0
0.0
0.0
0.0
0.0
0.0
0.0
0.0
0.0
0.0
0.0
0.0
0.0
0.0
0.0
0.0
0.0
0.0
0.0
0.0
0.0
0.0
-0.000446174829139
0.0
0.0
0.0
0.0
0.0
0.0
0.0
0.0
0.0
0.0
0.0
0.0
0.0
0.0
0.0
0.0
0.0
0.0
0.0
0.0
0.0
0.0
-0.00107033541759
-0.00262020578369
0.0
0.0
0.0
0.0
0.0
0.0
0.0
0.0
0.0
0.0
0.0
0.0
0.0
0.0
-0.00035650679034
0.0
0.0
-0.00018525160419
0.0
-0.000904701519361
0.0
0.0
0.0
-0.00204204698814
-0.00152294368169
-0.00155183365428
-0.00104445533693
-0.000597849042072
-0.00036663417618
-0.000650965857134
-0.000704374326397
-0.00024021234856
0.0
-0.000394910367441
0.0
-0.00137537700449
0.0
0.0
0.0
0.0
0.0
0.0
-0.00225112166077
0.00241120357141
-0.00144013309238
0.0
0.0
0.0
0.0
0.0
0.0
0.0
0.0
0.0
0.0
0.0
0.0
0.0
0.0
0.0
0.0
0.0
0.0
0.0
0.0
0.0
0.0
0.0
0.0
0.0
0.0
0.0
0.0
0.0
0.0
0.0
0.0
0.0
0.0
0.0
0.0
0.0
0.0
0.0
0.0
0.0
0.0
0.0
0.0
0.0
0.0
0.0
0.0
0.0
0.0
0.0
0.0
-0.000653910971583
-0.000711891573253
0.0
-0.00227309359102
0.0
0.0
0.0
0.0
0.0
0.0
0.0
-0.000418264689027
0.0
-8.59329589992e-05
-8.00473369531e-05
-0.00054290851532
-8.00473369531e-05
-8.59329589992e-05
-8.00473369531e-05
-0.0292436076979
0.00201620169118
0.0
0.0
0.00019002908598
-8.00473369531e-05
0.00019002908598
0.00401220679457
0.00019002908598
0.000295482771438
0.0
0.0
0.0
-0.000924767205898
0.0
0.0
0.0
0.0
0.0
0.0
0.0
0.0
0.0
0.0
0.0
0.0
0.0
0.0
0.0
-7.2099250121e-05
0.0
0.0
0.0
0.0
0.0
0.0
0.0
0.0
0.0
0.0
0.0
0.0
0.0
0.0
0.0
0.0
-0.00207696529256
0.0
-0.00204927164118
-0.00204927164118
0.0
0.0
0.0
0.0
0.0
0.0
-0.00202000301611
-0.00183141908758
-0.000799438005168
0.0
0.0
0.0
0.0
0.0
0.0
0.0
-0.00054290851532
0.000185735363702
0.0
0.0
0.0
0.0
0.0
0.0
-0.000924767205898
-0.00186643265016
-0.0021606163884
-0.0013965234347
-0.00167106260639
0.0
0.0
0.0
0.0
0.0
0.0
0.0
0.0
0.0
0.0
0.0
0.0
0.0
0.0
0.0
0.0
0.0
0.0
0.0
0.0
0.0
0.0
0.0
0.0
0.0
0.0
0.0
0.0
0.0
0.0
0.0
0.0
0.0
0.0
0.0
0.0
0.0
0.0
0.0
0.0
0.0
0.0
0.0
-0.00112426417528
0.0
-0.00112426417528
0.0
0.0
0.0
0.0
0.0
0.0
0.0
0.0
0.0
0.0
0.0
0.0
-0.00264535351591
0.0
0.000156774552877
-0.000153387027812
-0.000125176569884
0.000156774552877
0.0
0.000156774552877
0.000156774552877
0.0
0.0
0.0
0.0
-0.00075528943225
0.0
0.0
0.0
0.0
0.0
0.0
0.0
0.0
0.0
0.0
0.0
0.0
0.0
0.0
0.0
0.0
0.0
0.0
0.0
0.0
0.0
0.0
0.0
0.0
0.0
0.0
0.0
0.0
0.0
0.0
0.0
0.0
0.0
0.0
0.0
0.0
0.0
0.0
0.0
0.0
0.0
0.0
0.0
0.0
0.0
0.0
0.0
0.0
0.0
0.0
0.0
0.0
0.0
0.0
0.0
0.0
0.0
0.0
0.0
0.0
0.0
0.0
0.0
0.0
0.0
0.0
0.0
0.0
0.0
0.0
0.0
0.0
0.0
0.0
0.0
0.0
0.0
0.0
0.0
0.0
0.0
0.0
0.0
