0.0
0.0
0.0
0.0
0.0
0.0
0.0
0.0
0.00017483858397
0.000856828472484
-2.77555756156e-16
0.000174838583971
0.00130682126273
0.0
-2.22044604925e-16
-5.55111512313e-17
8.32667268469e-17
5.55111512313e-17
0.0
0.0
0.0
0.0
0.0
0.0
0.0
0.0
0.0
0.0
0.0
0.0
0.0
0.0
0.0
0.0
0.0
0.0
0.0
0.0
0.0
0.0
0.0
0.0
0.0
0.0
0.0
0.0
0.00129671059134
0.0
0.0
0.0
0.0
0.0
0.0
0.00129671059134
0.0
0.00149339755082
0.0
0.0
0.0
0.0
0.0
0.0
0.0
0.0
0.0
0.0
0.0
0.0
0.0
0.0
0.0
0.0
0.0
0.0
0.0
0.0
0.0
0.0
0.0
0.0
0.0
0.0
0.0
0.0
0.0
0.0
0.0
0.0
0.0
0.0
0.0
0.0
0.0
0.0
0.0
0.0
0.0
0.0
0.0
0.0
0.0
0.0
0.0
0.0
0.0
0.0
0.0
0.0
0.0
0.0
0.0
0.0
0.0
0.0
0.0
0.0
0.0
0.0
0.0
0.0
0.0
0.0
0.0
0.0
0.0
0.0
0.0
0.0
0.0
0.0
0.0
0.0
0.0
0.0
0.0
0.0
0.0
0.0
0.0
0.0
0.0
0.0
0.0
0.0
0.0
0.0
0.0
0.0
0.0
0.0
0.0
0.0
0.00017483858397
0.000856828472483
0.0
0.0
0.0
0.0
0.0
0.0
0.00017483858397
0.00130682126273
0.0
0.0
0.0
0.0
0.0
0.0
0.0
0.0
0.0
0.0
0.0
0.0
0.0
0.0
0.0
0.0
0.0
0.0
0.00017483858397
0.0
0.0
7.53958727077e-05
0.0
0.0
0.0
0.0
0.0
0.0
0.0
0.0
0.0
0.0
0.0
0.0
0.0
0.0
0.0
0.0
7.53958727077e-05
7.53958727077e-05
0.0
0.0
0.0
0.0
0.0
0.0
0.0
9.66840881666e-05
0.0
0.0
0.0
0.0
0.0
0.0
0.00130682126273
0.00130682126273
0.0
0.0
0.0
0.0
0.0
0.0
0.0
0.00130682126273
0.0
0.0
0.00130682126273
0.00130682126273
0.0
0.00130682126273
0.0
0.0
0.0
0.0
0.0
0.0
0.0
0.0
0.000251416865598
0.000256030787591
0.000261707635328
0.000260719320879
0.000292144364725
0.000310271465337
0.000338363649388
0.00210201281235
0.0
0.0
0.0
0.0
0.0
0.0
0.0
0.0
0.0
0.0
0.0
0.0
0.0
0.0
0.0
0.000483461722316
0.0
0.0
0.0
0.0
0.0
0.0
0.0
0.00130682126273
0.0
0.0
0.0
0.0
0.0
0.0
0.0
0.00130682126273
0.0
0.0
0.0
0.0
0.0
0.0
0.0
0.0
0.0
0.0
0.0
0.0
0.0
0.0
0.0
0.0
0.0
0.0
0.0
0.0
0.0
0.0
0.0
0.0
0.0
0.0
0.0
0.0
0.0
0.0
0.0
0.0
0.0
0.0
0.0
0.0
0.0
0.0
0.000856828472483
0.000856828472483
0.0
0.0
0.0
0.0
0.0
0.0
0.000856828472483
0.000856828472483
0.0
0.0
0.0
0.0
0.0
0.0
0.000856828472483
0.000856828472483
0.0
0.0
0.0
0.0
0.0
0.0
0.000856828472483
0.000856828472483
0.0
0.0
0.0
0.0
0.0
0.0
0.000856828472483
0.000856828472483
0.0
0.0
0.0
0.0
0.0
0.0
0.000856828472483
0.000856828472483
0.0
0.0
0.0
0.0
0.0
0.0
0.000856828472483
0.000856828472483
0.000856828472483
0.0
0.0
0.0
0.0
7.18172580789e-05
0.0
-0.00358607126152
0.000553322800258
0.0
0.0
0.0
0.0
0.0
0.0
0.0
0.0
0.0
0.0
0.0
0.0
0.0
0.0
0.0
0.0
0.0
0.0
0.0
0.0
0.0
0.0
0.000553322800258
0.0
0.0
0.0
7.18172580789e-05
0.0
0.0
0.0
0.000553322800258
0.0
0.0
0.0
0.0
0.0
0.0
0.0
0.000553322800258
0.0
0.0
0.0
0.0
0.0
0.0
0.000355421139319
0.000329717657779
0.0
0.0
0.0
0.0
0.0
0.0
0.0
0.000321403284113
0.0
0.0
0.0
0.0
0.0
0.0
0.0
0.0
7.53958727077e-05
0.0
0.0
0.0
7.18172580789e-05
0.000856828472483
0.000856828472483
0.0
0.0
0.0
0.0
0.0
0.0
0.0
0.0
0.0
0.0
0.000321403284113
0.0
0.000321403284113
0.0
0.0
0.0
0.0
0.0
0.0
0.0
0.0
0.0
0.0
0.0
0.0
0.0
0.0
0.0
0.0
0.000856828472483
0.000856828472483
0.0
0.0
0.0
0.0
0.0
0.0
0.0
0.0
0.0
0.0
0.0
0.0
0.0
0.0
0.0
0.0
0.0
0.0
0.0
0.0
0.0
0.0
0.0
0.0
0.0
0.0
0.0
0.0
0.0
0.0
0.0
0.0
0.0
0.0
0.0
0.0
0.0
0.0
0.0
0.0
0.0
0.0
0.0
0.0
0.0
0.0
0.0
0.0
0.0
0.0
0.0
0.0
0.0
0.0
0.0
0.0
0.0
0.0
0.0
0.0
0.0
0.0
0.0
0.0
0.0
0.0
0.0
0.0
0.0
0.0
0.0
0.0
0.0
0.0
0.0
0.0
0.0
0.0
0.0
0.0
0.0
0.0
0.0
0.0
0.0
0.0
0.0
0.0
0.0
0.0
0.0
0.0
0.0
0.0
0.0
0.0
0.0
0.0
0.0
0.0
0.0
0.0
0.0
0.0
0.0
0.0
0.0
0.0
0.0
0.0
0.0
0.0
0.0
0.0
0.0
0.0
0.0
0.0
0.0
0.0
0.0
0.0
0.0
0.0
0.0
0.0
0.0
0.0
0.0
0.0
0.0
0.0
0.0
0.0
0.0
0.0
0.0
0.0
0.0
0.0
0.0
0.0
0.0
0.0
0.0
0.0
0.0
0.0
0.0
0.0
0.0
0.0
0.0
0.0
0.0
0.0
0.0
0.0
0.0
0.0
0.0
0.0
0.0
0.0
0.0
0.0
0.0
0.0
0.0
0.0
0.0
0.00044067526534
0.0
0.0
0.0
0.0
0.0
0.0
0.0
0.0
0.0
0.0
0.0
0.0
0.0
0.0
0.0
0.0
0.0
0.0
0.0
0.0
0.0
0.0
0.0
0.000856828472483
0.0
0.0
0.0
0.0
0.0
0.0
0.0
0.0
0.0
0.0
0.0
0.0
0.0
0.0
0.000120789439248
0.00164586003616
0.00164586003616
0.0
0.0
0.0
0.0
0.0
0.0
0.000314441562943
0.0
0.000413205944037
0.0
0.000224660991743
0.000339372817666
0.000161871581446
0.0
0.000182571586665
0.000182571586665
0.0
0.0
0.000185564267186
0.0
0.0
0.0
0.0
0.0
0.0
0.0
6.84957079945e-05
0.0
0.0
0.0
0.0
0.0
0.0
0.0
0.0
0.0
0.0
0.0
0.0
0.0
0.0
0.0
0.0
0.0
0.0
0.0
0.0
0.0
0.0
0.0
0.0
0.0
0.0
0.0
0.0
0.0
0.0
0.0
0.0
0.0
0.0
0.0
0.0
0.0
0.0
0.0
0.0
0.0
0.0
0.0
0.0
0.0
0.0
0.0
0.0
0.0
0.0
0.0
0.0
0.0
0.000305372349616
0.000336108681745
0.0
0.000279865295236
0.0
0.0
0.0
0.0
0.0
0.0
0.0
0.0
0.0
0.00017483858397
0.00017483858397
0.0
0.0
0.0
0.0
0.0
0.000278443859562
0.0
0.0
0.0
0.0
0.0
0.000115325781974
0.0
0.0
0.0
0.0
0.0
0.000269724931146
0.0
0.0
0.0
0.0
0.0
0.0
0.0
0.0
0.0
0.0
0.0
0.0
0.0
0.0
0.0
0.000279374943839
0.0
0.0
0.0
0.0
0.0
0.0
0.0
0.0
0.0
0.0
0.0
0.0
0.0
0.0
0.0
0.0
0.000355072415843
0.0
0.000383262272056
0.000383262272056
0.0
0.0
0.0
0.0
0.0
0.0
0.000459994229248
0.00209275368526
0.000923177629037
0.0
0.0
0.0
0.0
0.0
0.0
0.0
0.0
0.0
0.0
0.0
0.0
0.0
0.0
0.0
0.000269724931146
0.00188388660717
0.000474042378042
0.00184748125969
0.00204965051473
0.0
0.0
0.0
0.0
0.0
0.0
0.0
0.0
0.0
0.0
0.0
0.0
0.0
0.0
0.0
0.0
0.0
0.0
0.0
0.0
0.0
0.0
0.0
0.0
0.0
0.0
0.0
0.0
0.0
0.0
0.0
0.0
0.0
0.0
0.0
0.0
0.0
0.0
0.0
0.0
0.0
0.0
0.0
0.00130266320111
0.0
0.00130266320111
0.0
0.0
0.0
0.0
0.0
0.0
0.0
0.0
0.0
0.0
0.0
0.0
0.0
0.0
0.000483461722316
0.00104598098734
0.000978775324477
0.00130682126273
0.0
0.000483461722316
0.000483461722316
0.0
0.0
0.0
0.0
0.000964574316862
0.0
0.0
0.0
0.0
0.0
0.0
0.0
0.0
0.0
0.0
0.0
0.0
0.0
0.0
0.0
0.0
0.0
0.0
0.0
0.0
0.0
0.0
0.0
0.0
0.0
0.0
0.0
0.0
0.0
0.0
0.0
0.0
0.0
0.0
0.0
0.0
0.0
0.0
0.0
0.0
0.0
0.0
0.0
0.0
0.0
0.0
0.0
0.0
0.0
0.0
0.0
0.0
0.0
0.0
0.0
0.0
0.0
0.0
0.0
0.0
0.0
0.0
0.0
0.0
0.0
0.0
0.0
0.0
0.0
0.0
0.0
0.0
0.0
0.0
0.0
0.0
0.0
0.0
0.0
0.0
0.0
0.0
0.0
0.0
0.0
0.0
0.0
0.0
0.00121174895064
0.0
0.00120522019148
7.22036436002e-05
-0.202375210397
0.0
7.05365701249e-05
0.0131597706637
0.0127477636289
0.00017483858397
0.00106954174701
0.0
0.0
0.0
0.0
0.0
0.0
0.0
0.0
0.0
0.0
0.0
0.0
0.0
0.0
0.0
0.0
0.0
0.0
0.0
0.0
0.0
0.0
0.0
0.0
0.0
0.0
0.0
0.0
0.0
0.0
0.00111371639056
0.0
0.0
0.0
0.0
0.0
0.0
0.00111371639056
0.0
0.00108966141576
0.0
0.0
0.0
0.0
0.0
0.0
0.0
0.0
0.0
0.0
0.0
0.0
0.0
0.0
0.0
0.0
0.0
0.0
0.0
0.0
0.0
0.0
0.0
0.0
0.0
0.0
0.0
0.0
0.0
0.0
0.0
0.0
0.0
0.0
0.0
0.0
0.0
0.0
0.0
0.0
0.0
0.0
0.0
0.0
0.0
0.0
0.0
0.0
0.0
0.0
0.0
0.0
0.0
0.0
0.0
0.0
0.0
0.0
0.0
0.0
0.0
0.0
0.0
0.0
0.0
0.0
0.0
0.0
0.0
0.0
0.0
0.0
0.0
0.0
0.0
0.0
0.0
0.0
0.0
0.0
0.0
0.0
0.0127477636289
0.0
0.0
0.0127477636289
0.0
0.0127477636289
0.0
0.0
0.0
0.0
0.0
0.0
0.0
0.0
7.22036436002e-05
-0.202375210397
0.0
0.0
0.0
0.0
0.0
0.0
7.05365701249e-05
0.0131597706637
0.0127477636289
0.0
0.0
0.0
0.0
0.0
0.0
0.0
0.0
0.0
0.0
0.0
0.0
0.0
0.0
0.0
0.0
0.0
6.85629629385e-05
7.53958727077e-05
0.0
6.85629629385e-05
0.0
0.0
0.0
0.0
0.0
0.0
9.27626581678e-05
0.0127477636289
0.0
0.0
0.0
0.0
0.0
0.0
0.0
0.0
6.55908102716e-05
6.55908102716e-05
0.0
0.0
0.0
0.0
0.0
0.0
0.000260099000514
-0.00949046482389
0.0127477636289
0.00129253079715
0.0
0.0
0.0
0.0
0.0131597706637
0.0131597706637
0.00106954174701
0.0
0.00106954174701
0.00106954174701
0.000822360946826
0.00017483858397
0.0
0.0131597706637
0.0
0.0
0.0131597706637
0.0131597706637
0.000822360946826
0.0131597706637
0.00129253079715
0.00129253079715
0.00129253079715
0.00129253079715
0.00129253079715
0.00129253079715
0.00129253079715
0.00129253079715
0.000227300704448
0.000233609438701
0.00023374639741
0.00026083871473
0.000307166883463
0.000492942918745
0.00161450582909
0.00161333278835
0.000822360946826
0.000822360946826
0.000822360946826
0.0
0.0
0.0
0.0
0.0127477636289
0.0
0.0
0.0
0.000186662087365
0.000186662087365
0.000186662087365
0.000186662087365
0.0131597706637
0.000822360946826
0.0
0.0
0.000186662087365
0.000186662087365
0.000186662087365
0.000186662087365
0.0131597706637
0.000822360946826
0.000822360946826
0.0
8.49379544594e-05
0.000186662087365
0.000186662087365
0.000186662087365
0.0131597706637
0.0
0.0
0.0
0.0
8.49379544594e-05
8.49379544594e-05
8.49379544594e-05
0.000186662087365
0.0
0.0
0.0
0.0
0.0
0.0
0.0
8.49379544594e-05
0.0
0.0
0.0
0.0
0.0
0.0
0.0
0.0
0.0
0.0
0.0
0.0
0.0
0.0
0.0
0.0
0.0
-0.000183111920852
0.0
0.0
0.000936887656944
0.0
-0.202375210397
-0.202375210397
0.0
-0.000183111920852
0.0
0.0
0.000936887656944
0.0
-0.202375210397
-0.202375210397
0.0
-0.000183111920852
0.0
0.0
0.000936887656944
0.0
-0.202375210397
-0.202375210397
0.0
-0.000183111920852
0.0
0.0
0.000936887656944
0.0
-0.202375210397
-0.202375210397
0.0
-0.000183111920852
0.0
0.0
0.000936887656944
0.0
-0.202375210397
-0.202375210397
0.0
-0.000183111920852
0.0
0.0
0.000936887656944
0.0
-0.202375210397
-0.202375210397
0.0
-0.000433636857677
0.0
0.0
0.000936887656944
0.0
-0.202375210397
-0.202375210397
-0.202375210397
0.000936887656944
0.0
-0.000213630128576
0.0
7.18172580789e-05
-0.00023680633897
-0.0684580529453
-0.125526657307
0.000936887656944
-0.000213630128576
0.0
0.0
-0.000183111920852
-0.000183111920852
0.0
0.0
-0.00626132061418
7.53958727077e-05
-0.00649005441778
-0.000183111920852
-0.00626132061418
-0.000183111920852
0.0
0.0
-0.00626132061418
0.0
-0.00649005441778
7.53958727077e-05
0.0
-0.000183111920852
-0.125526657307
0.0
0.0
-0.000183111920852
7.18172580789e-05
0.0
-0.00649005441778
7.53958727077e-05
-0.125526657307
0.0
0.0
0.0
-0.000183111920852
-0.000433636857677
0.0
0.0
-0.125526657307
0.0
0.0
0.0
0.0
0.0
0.0
0.000354917940158
0.000355421139319
0.0
0.0
0.0
0.0
0.0
0.0
0.0
0.00139190340385
0.0
0.0
0.0
0.0
0.0
0.0
0.0
0.0
6.55908102716e-05
0.0
0.0
0.0
7.18172580789e-05
-0.202375210397
-0.202375210397
0.0
0.0
0.0
0.0
0.0
0.0
0.0
0.0
0.0
0.0
0.00127509620712
0.0
0.00127509620712
0.0
0.00104267587834
0.0
0.0
0.0
0.0
0.0
0.0
0.0
0.0
0.0
0.0
0.0
0.0
0.0
0.0
-0.202375210397
-0.202375210397
0.0
0.0
0.0
0.0
0.0
0.0
0.0
0.0
0.0
0.0
0.0
0.0
0.0
0.0
0.0
0.0
0.0127477636289
0.0
0.0
0.0
0.0
0.0
0.0
0.0
0.0
0.0
0.0
0.0
0.0
0.0
0.0
0.0
0.0
0.0
0.0
0.0
0.0
0.0
0.0
0.0
0.0
0.0
0.0
0.0
0.0
0.0
0.0
0.0
0.0
0.0
0.0
0.0
0.0
0.0
0.0
0.0
0.0
0.0
0.0
0.0
0.0
0.0
0.0127477636289
0.00129253079715
0.0
0.0
0.0
0.0
0.0
0.0
0.0
0.0
0.0
0.0
0.0
0.0
0.0
0.0
0.0
0.0
0.0
0.0
0.0
0.0
0.0
0.0
0.0
0.0
0.0
0.0
0.0
0.0
0.0
0.0
0.0
0.0
0.0
0.0
0.0
0.0
0.0
0.0
0.0
0.0
0.0
0.0
0.0
0.0
0.0
0.0
0.0
0.0
0.0
0.0
0.0
0.0
0.0
0.0
0.0
0.0
0.0
0.0
0.0
0.0
0.0
0.0
0.0
0.0
0.0
0.0
0.0
0.0
0.0
0.0
0.0
0.0
0.0
0.0
0.0
0.0
0.0
0.0
0.0
0.0
0.0
0.0
0.0
0.0
0.0
0.0
0.0
0.0
0.0
0.0
0.0
0.0
0.0
0.0
0.0
0.0
0.0
0.0
0.0
0.0
0.0
0.0
0.0
0.0
0.0
0.0
0.0
0.00036557799247
0.0
0.0
0.0
0.0
0.0
0.0
0.0
0.0
0.0
0.0
0.0
0.0
0.0
0.0
0.0
0.0
0.0
0.0
0.0
0.0
0.0
0.0
-0.00127055166137
-0.202375210397
0.0
0.0
0.0
0.0
0.0
0.0
0.0
0.0
0.0
0.0
0.0
0.0
0.0
0.0
0.000289719897755
0.0
0.0
0.000143741469739
0.0
0.000713989911044
0.0
0.0
0.0
0.00166581660797
0.00124175246157
0.00126681588663
0.000852412857038
0.000487108387712
0.000297699820879
0.000528781856603
0.000577093161429
0.000196827515637
0.0
0.0003228092816
0.0
0.00112644862445
0.0
0.0
0.0
0.0
0.0
0.0
0.00184216090905
0.000905912018699
0.00117908267844
0.0
0.0
0.0
0.0
0.0
0.0
0.0
0.0
0.0
0.0
0.0
0.0
0.0
0.0
0.0
0.0
0.0
0.0
0.0
0.0
0.0
0.0
0.0
0.0
0.0
0.0
0.0
0.0
0.0
0.0
0.0
0.0
0.0
0.0
0.0
0.0
0.0
0.0
0.0
0.0
0.0
0.0
0.0
0.0
0.0
0.0
0.0
0.0
0.0
0.0
0.0
0.0
0.00051874274896
0.000521077406392
0.0
0.00179111181082
0.0
0.0
0.0
0.0
0.0
0.0
0.0
0.00031855668649
0.0
6.85629629385e-05
6.55908102716e-05
0.00017483858397
6.55908102716e-05
6.85629629385e-05
6.55908102716e-05
0.000464886830672
0.00112544353107
0.0
0.0
0.0127477636289
6.55908102716e-05
0.0127477636289
-0.00146060653918
0.0127477636289
0.00129253079715
0.0
0.0
0.0
0.000705992614952
0.0
0.0
0.0
0.0
0.0
0.0
0.0
0.0
0.0
0.0
0.0
0.0
0.0
0.0
0.0
-0.161287229434
0.0
0.0
0.0
0.0
0.0
0.0
0.0
0.0
0.0
0.0
0.0
0.0
0.0
0.0
0.0
0.0
0.00160687816385
0.0
0.00158548260054
0.00158548260054
0.0
0.0
0.0
0.0
0.0
0.0
0.00159547518151
0.00145720811301
0.000611999414158
0.0
0.0
0.0
0.0
0.0
0.0
0.0
0.00017483858397
0.00106954174701
0.0
0.0
0.0
0.0
0.0
0.0
0.000705992614952
0.0014930434244
0.00159624871932
0.00102824840863
0.00121938796615
0.0
0.0
0.0
0.0
0.0
0.0
0.0
0.0
0.0
0.0
0.0
0.0
0.0
0.0
0.0
0.0
0.0
0.0
0.0
0.0
0.0
0.0
0.0
0.0
0.0
0.0
0.0
0.0
0.0
0.0
0.0
0.0
0.0
0.0
0.0
0.0
0.0
0.0
0.0
0.0
0.0
0.0
0.0
0.000895648009644
0.0
0.000895648009644
0.0
0.0
0.0
0.0
0.0
0.0
0.0
0.0
0.0
0.0
0.0
0.0
0.00216296533029
0.0
0.0131597706637
0.000150689307388
0.000137947227988
0.0131597706637
0.0
0.0131597706637
0.0131597706637
0.0
0.0
0.0
0.0
0.000615409867738
0.0
0.0
0.0
0.0
0.0
0.0
0.0
0.0
0.0
0.0
0.0
0.0
0.0
0.0
0.0
0.0
0.0
0.0
0.0
0.0
0.0
0.0
0.0
0.0
0.0
0.0
0.0
0.0
0.0
0.0
0.0
0.0
0.0
0.0
0.0
0.0
0.0
0.0
0.0
0.0
0.0
0.0
0.0
0.0
0.0
0.0
0.0
0.0
0.0
0.0
0.0
0.0
0.0
0.0
0.0
0.0
0.0
0.0
0.0
0.0
0.0
0.0
0.0
0.0
0.0
0.0
0.0
0.0
0.0
0.0
0.0
0.0
0.0
0.0
0.0
0.0
0.0
0.0
0.0
0.0
0.0
0.0
0.0
