0.0
0.0
0.0
0.0
0.0
0.0
0.0
0.0
6.43707756678e-05
6.43707756678e-05
0.0
6.43707756678e-05
0.000128741551336
0.0
0.0
0.0
0.0
0.0
0.0
0.0
0.0
0.0
0.0
0.0
0.0
0.0
0.0
0.0
0.0
0.0
0.0
0.0
0.0
0.0
0.0
0.0
0.0
0.0
0.0
0.0
0.0
0.0
0.0
0.0
0.0
0.0
0.0211779851947
0.0
0.0
0.0
0.0
0.0
0.0
0.0211779851947
0.0
0.0301255230126
0.0
0.0
0.0
0.0
0.0
0.0
0.0
0.0
0.0
0.0
0.0
0.0
0.0
0.0
0.0
0.0
0.0
0.0
0.0
0.0
0.0
0.0
0.0
0.0
0.0
0.0
0.0
0.0
0.0
0.0
0.0
0.0
0.0
0.0
0.0
0.0
0.0
0.0
0.0
0.0
0.0
0.0
0.0
0.0
0.0
0.0
0.0
0.0
0.0
0.0
0.0
0.0
0.0
0.0
0.0
0.0
0.0
0.0
0.0
0.0
0.0
0.0
0.0
0.0
0.0
0.0
0.0
0.0
0.0
0.0
0.0
0.0
0.0
0.0
0.0
0.0
0.0
0.0
0.0
0.0
0.0
0.0
0.0
0.0
0.0
0.0
0.0
0.0
0.0
0.0
0.0
0.0
0.0
0.0
0.0
0.0
6.43707756678e-05
6.43707756678e-05
0.0
0.0
0.0
0.0
0.0
0.0
6.43707756678e-05
0.000128741551336
0.0
0.0
0.0
0.0
0.0
0.0
0.0
0.0
0.0
0.0
0.0
0.0
0.0
0.0
0.0
0.0
0.0
0.0
6.43707756678e-05
0.0
0.0
6.43707756678e-05
0.0
0.0
0.0
0.0
0.0
0.0
0.0
0.0
0.0
0.0
0.0
0.0
0.0
0.0
0.0
0.0
6.43707756678e-05
6.43707756678e-05
0.0
0.0
0.0
0.0
0.0
0.0
0.0
0.000128741551336
0.0
0.0
0.0
0.0
0.0
0.0
0.000128741551336
0.000128741551336
0.0
0.0
0.0
0.0
0.0
0.0
0.0
0.000128741551336
0.0
0.0
0.000128741551336
0.000128741551336
0.0
0.000128741551336
0.0
0.0
0.0
0.0
0.0
0.0
0.0
0.0
0.000772449308014
0.000772449308014
0.000772449308014
0.000772449308014
0.000965561635018
0.00115867396202
0.00148052784036
0.0616028323141
0.0
0.0
0.0
0.0
0.0
0.0
0.0
0.0
0.0
0.0
0.0
0.0
0.0
0.0
0.0
0.000128741551336
0.0
0.0
0.0
0.0
0.0
0.0
0.0
0.000128741551336
0.0
0.0
0.0
0.0
0.0
0.0
0.0
0.000128741551336
0.0
0.0
0.0
0.0
0.0
0.0
0.0
0.0
0.0
0.0
0.0
0.0
0.0
0.0
0.0
0.0
0.0
0.0
0.0
0.0
0.0
0.0
0.0
0.0
0.0
0.0
0.0
0.0
0.0
0.0
0.0
0.0
0.0
0.0
0.0
0.0
0.0
0.0
6.43707756678e-05
6.43707756678e-05
0.0
0.0
0.0
0.0
0.0
0.0
6.43707756678e-05
6.43707756678e-05
0.0
0.0
0.0
0.0
0.0
0.0
6.43707756678e-05
6.43707756678e-05
0.0
0.0
0.0
0.0
0.0
0.0
6.43707756678e-05
6.43707756678e-05
0.0
0.0
0.0
0.0
0.0
0.0
6.43707756678e-05
6.43707756678e-05
0.0
0.0
0.0
0.0
0.0
0.0
6.43707756678e-05
6.43707756678e-05
0.0
0.0
0.0
0.0
0.0
0.0
6.43707756678e-05
6.43707756678e-05
6.43707756678e-05
0.0
0.0
0.0
0.0
6.43707756678e-05
0.0
0.00135178628902
0.000386224654007
0.0
0.0
0.0
0.0
0.0
0.0
0.0
0.0
0.0
0.0
0.0
0.0
0.0
0.0
0.0
0.0
0.0
0.0
0.0
0.0
0.0
0.0
0.000386224654007
0.0
0.0
0.0
6.43707756678e-05
0.0
0.0
0.0
0.000386224654007
0.0
0.0
0.0
0.0
0.0
0.0
0.0
0.000386224654007
0.0
0.0
0.0
0.0
0.0
0.0
0.00173801094303
0.00173801094303
0.0
0.0
0.0
0.0
0.0
0.0
0.0
0.000965561635018
0.0
0.0
0.0
0.0
0.0
0.0
0.0
0.0
6.43707756678e-05
0.0
0.0
0.0
6.43707756678e-05
6.43707756678e-05
6.43707756678e-05
0.0
0.0
0.0
0.0
0.0
0.0
0.0
0.0
0.0
0.0
0.000965561635018
0.0
0.000965561635018
0.0
0.0
0.0
0.0
0.0
0.0
0.0
0.0
0.0
0.0
0.0
0.0
0.0
0.0
0.0
0.0
6.43707756678e-05
6.43707756678e-05
0.0
0.0
0.0
0.0
0.0
0.0
0.0
0.0
0.0
0.0
0.0
0.0
0.0
0.0
0.0
0.0
0.0
0.0
0.0
0.0
0.0
0.0
0.0
0.0
0.0
0.0
0.0
0.0
0.0
0.0
0.0
0.0
0.0
0.0
0.0
0.0
0.0
0.0
0.0
0.0
0.0
0.0
0.0
0.0
0.0
0.0
0.0
0.0
0.0
0.0
0.0
0.0
0.0
0.0
0.0
0.0
0.0
0.0
0.0
0.0
0.0
0.0
0.0
0.0
0.0
0.0
0.0
0.0
0.0
0.0
0.0
0.0
0.0
0.0
0.0
0.0
0.0
0.0
0.0
0.0
0.0
0.0
0.0
0.0
0.0
0.0
0.0
0.0
0.0
0.0
0.0
0.0
0.0
0.0
0.0
0.0
0.0
0.0
0.0
0.0
0.0
0.0
0.0
0.0
0.0
0.0
0.0
0.0
0.0
0.0
0.0
0.0
0.0
0.0
0.0
0.0
0.0
0.0
0.0
0.0
0.0
0.0
0.0
0.0
0.0
0.0
0.0
0.0
0.0
0.0
0.0
0.0
0.0
0.0
0.0
0.0
0.0
0.0
0.0
0.0
0.0
0.0
0.0
0.0
0.0
0.0
0.0
0.0
0.0
0.0
0.0
0.0
0.0
0.0
0.0
0.0
0.0
0.0
0.0
0.0
0.0
0.0
0.0
0.0
0.0
0.0
0.0
0.0
0.0
0.0
0.0
0.00289668490505
0.0
0.0
0.0
0.0
0.0
0.0
0.0
0.0
0.0
0.0
0.0
0.0
0.0
0.0
0.0
0.0
0.0
0.0
0.0
0.0
0.0
0.0
0.0
6.43707756678e-05
0.0
0.0
0.0
0.0
0.0
0.0
0.0
0.0
0.0
0.0
0.0
0.0
0.0
0.0
0.000193112327004
0.034502735758
0.034502735758
0.0
0.0
0.0
0.0
0.0
0.0
0.00135178628902
0.0
0.00225297714837
0.0
0.000643707756678
0.0016092693917
0.000321853878339
0.0
0.000450595429675
0.000450595429675
0.0
0.0
0.000514966205343
0.0
0.0
0.0
0.0
0.0
0.0
0.0
6.43707756678e-05
0.0
0.0
0.0
0.0
0.0
0.0
0.0
0.0
0.0
0.0
0.0
0.0
0.0
0.0
0.0
0.0
0.0
0.0
0.0
0.0
0.0
0.0
0.0
0.0
0.0
0.0
0.0
0.0
0.0
0.0
0.0
0.0
0.0
0.0
0.0
0.0
0.0
0.0
0.0
0.0
0.0
0.0
0.0
0.0
0.0
0.0
0.0
0.0
0.0
0.0
0.0
0.0
0.0
0.00128741551336
0.00135178628902
0.0
0.000965561635018
0.0
0.0
0.0
0.0
0.0
0.0
0.0
0.0
0.0
6.43707756678e-05
6.43707756678e-05
0.0
0.0
0.0
0.0
0.0
0.00115867396202
0.0
0.0
0.0
0.0
0.0
0.000193112327004
0.0
0.0
0.0
0.0
0.0
0.000772449308014
0.0
0.0
0.0
0.0
0.0
0.0
0.0
0.0
0.0
0.0
0.0
0.0
0.0
0.0
0.0
0.00109430318635
0.0
0.0
0.0
0.0
0.0
0.0
0.0
0.0
0.0
0.0
0.0
0.0
0.0
0.0
0.0
0.0
0.00135178628902
0.0
0.0016092693917
0.0016092693917
0.0
0.0
0.0
0.0
0.0
0.0
0.000128741551336
0.0564531702607
0.0108786610879
0.0
0.0
0.0
0.0
0.0
0.0
0.0
0.0
0.0
0.0
0.0
0.0
0.0
0.0
0.0
0.000772449308014
0.0455745091728
0.00244608947538
0.0443514644351
0.054650788542
0.0
0.0
0.0
0.0
0.0
0.0
0.0
0.0
0.0
0.0
0.0
0.0
0.0
0.0
0.0
0.0
0.0
0.0
0.0
0.0
0.0
0.0
0.0
0.0
0.0
0.0
0.0
0.0
0.0
0.0
0.0
0.0
0.0
0.0
0.0
0.0
0.0
0.0
0.0
0.0
0.0
0.0
0.0
0.0207917605407
0.0
0.0207917605407
0.0
0.0
0.0
0.0
0.0
0.0
0.0
0.0
0.0
0.0
0.0
0.0
0.0
0.0
0.000128741551336
0.000128741551336
0.000128741551336
0.000128741551336
0.0
0.000128741551336
0.000128741551336
0.0
0.0
0.0
0.0
0.0122948181526
0.0
0.0
0.0
0.0
0.0
0.0
0.0
0.0
0.0
0.0
0.0
0.0
0.0
0.0
0.0
0.0
0.0
0.0
0.0
0.0
0.0
0.0
0.0
0.0
0.0
0.0
0.0
0.0
0.0
0.0
0.0
0.0
0.0
0.0
0.0
0.0
0.0
0.0
0.0
0.0
0.0
0.0
0.0
0.0
0.0
0.0
0.0
0.0
0.0
0.0
0.0
0.0
0.0
0.0
0.0
0.0
0.0
0.0
0.0
0.0
0.0
0.0
0.0
0.0
0.0
0.0
0.0
0.0
0.0
0.0
0.0
0.0
0.0
0.0
0.0
0.0
0.0
0.0
0.0
0.0
0.0
0.0
0.0
0.0
0.0
0.0
0.0
0.0
0.018603154168
0.0
0.0182813002897
0.000708078532346
0.00148052784036
0.0
6.43707756678e-05
0.000128741551336
6.43707756678e-05
6.43707756678e-05
0.000128741551336
0.0
0.0
0.0
0.0
0.0
0.0
0.0
0.0
0.0
0.0
0.0
0.0
0.0
0.0
0.0
0.0
0.0
0.0
0.0
0.0
0.0
0.0
0.0
0.0
0.0
0.0
0.0
0.0
0.0
0.0
0.0165432893466
0.0
0.0
0.0
0.0
0.0
0.0
0.0165432893466
0.0
0.0171226263276
0.0
0.0
0.0
0.0
0.0
0.0
0.0
0.0
0.0
0.0
0.0
0.0
0.0
0.0
0.0
0.0
0.0
0.0
0.0
0.0
0.0
0.0
0.0
0.0
0.0
0.0
0.0
0.0
0.0
0.0
0.0
0.0
0.0
0.0
0.0
0.0
0.0
0.0
0.0
0.0
0.0
0.0
0.0
0.0
0.0
0.0
0.0
0.0
0.0
0.0
0.0
0.0
0.0
0.0
0.0
0.0
0.0
0.0
0.0
0.0
0.0
0.0
0.0
0.0
0.0
0.0
0.0
0.0
0.0
0.0
0.0
0.0
0.0
0.0
0.0
0.0
0.0
0.0
0.0
0.0
0.0
0.0
6.43707756678e-05
0.0
0.0
6.43707756678e-05
0.0
6.43707756678e-05
0.0
0.0
0.0
0.0
0.0
0.0
0.0
0.0
0.000708078532346
0.00148052784036
0.0
0.0
0.0
0.0
0.0
0.0
6.43707756678e-05
0.000128741551336
6.43707756678e-05
0.0
0.0
0.0
0.0
0.0
0.0
0.0
0.0
0.0
0.0
0.0
0.0
0.0
0.0
0.0
0.0
0.0
6.43707756678e-05
6.43707756678e-05
0.0
6.43707756678e-05
0.0
0.0
0.0
0.0
0.0
0.0
0.000128741551336
6.43707756678e-05
0.0
0.0
0.0
0.0
0.0
0.0
0.0
0.0
6.43707756678e-05
6.43707756678e-05
0.0
0.0
0.0
0.0
0.0
0.0
0.00115867396202
0.00167364016736
6.43707756678e-05
6.43707756678e-05
0.0
0.0
0.0
0.0
0.000128741551336
0.000128741551336
0.000128741551336
0.0
0.000128741551336
0.000128741551336
0.00469906662375
6.43707756678e-05
0.0
0.000128741551336
0.0
0.0
0.000128741551336
0.000128741551336
0.00469906662375
0.000128741551336
6.43707756678e-05
6.43707756678e-05
6.43707756678e-05
6.43707756678e-05
6.43707756678e-05
6.43707756678e-05
6.43707756678e-05
6.43707756678e-05
0.000772449308014
0.000772449308014
0.000772449308014
0.000965561635018
0.00135178628902
0.00354039266173
0.037206308336
0.0370775667847
0.00469906662375
0.00469906662375
0.00469906662375
0.0
0.0
0.0
0.0
6.43707756678e-05
0.0
0.0
0.0
6.43707756678e-05
6.43707756678e-05
6.43707756678e-05
6.43707756678e-05
0.000128741551336
0.00469906662375
0.0
0.0
6.43707756678e-05
6.43707756678e-05
6.43707756678e-05
6.43707756678e-05
0.000128741551336
0.00469906662375
0.00469906662375
0.0
6.43707756678e-05
6.43707756678e-05
6.43707756678e-05
6.43707756678e-05
0.000128741551336
0.0
0.0
0.0
0.0
6.43707756678e-05
6.43707756678e-05
6.43707756678e-05
6.43707756678e-05
0.0
0.0
0.0
0.0
0.0
0.0
0.0
6.43707756678e-05
0.0
0.0
0.0
0.0
0.0
0.0
0.0
0.0
0.0
0.0
0.0
0.0
0.0
0.0
0.0
0.0
0.0
0.0016092693917
0.0
0.0
0.00617959446411
0.0
0.00148052784036
0.00148052784036
0.0
0.0016092693917
0.0
0.0
0.00617959446411
0.0
0.00148052784036
0.00148052784036
0.0
0.0016092693917
0.0
0.0
0.00617959446411
0.0
0.00148052784036
0.00148052784036
0.0
0.0016092693917
0.0
0.0
0.00617959446411
0.0
0.00148052784036
0.00148052784036
0.0
0.0016092693917
0.0
0.0
0.00617959446411
0.0
0.00148052784036
0.00148052784036
0.0
0.0016092693917
0.0
0.0
0.00617959446411
0.0
0.00148052784036
0.00148052784036
0.0
0.0016092693917
0.0
0.0
0.00617959446411
0.0
0.00148052784036
0.00148052784036
0.00148052784036
0.00617959446411
0.0
0.00186675249437
0.0
6.43707756678e-05
0.00186675249437
0.00193112327004
0.00186675249437
0.00617959446411
0.00186675249437
0.0
0.0
0.0016092693917
0.0016092693917
0.0
0.0
0.00193112327004
6.43707756678e-05
0.00193112327004
0.0016092693917
0.00193112327004
0.0016092693917
0.0
0.0
0.00193112327004
0.0
0.00193112327004
6.43707756678e-05
0.0
0.0016092693917
0.00186675249437
0.0
0.0
0.0016092693917
6.43707756678e-05
0.0
0.00193112327004
6.43707756678e-05
0.00186675249437
0.0
0.0
0.0
0.0016092693917
0.0016092693917
0.0
0.0
0.00186675249437
0.0
0.0
0.0
0.0
0.0
0.0
0.00173801094303
0.00173801094303
0.0
0.0
0.0
0.0
0.0
0.0
0.0
0.0196330865787
0.0
0.0
0.0
0.0
0.0
0.0
0.0
0.0
6.43707756678e-05
0.0
0.0
0.0
6.43707756678e-05
0.00148052784036
0.00148052784036
0.0
0.0
0.0
0.0
0.0
0.0
0.0
0.0
0.0
0.0
0.016092693917
0.0
0.016092693917
0.0
0.0144834245253
0.0
0.0
0.0
0.0
0.0
0.0
0.0
0.0
0.0
0.0
0.0
0.0
0.0
0.0
0.00148052784036
0.00148052784036
0.0
0.0
0.0
0.0
0.0
0.0
0.0
0.0
0.0
0.0
0.0
0.0
0.0
0.0
0.0
0.0
6.43707756678e-05
0.0
0.0
0.0
0.0
0.0
0.0
0.0
0.0
0.0
0.0
0.0
0.0
0.0
0.0
0.0
0.0
0.0
0.0
0.0
0.0
0.0
0.0
0.0
0.0
0.0
0.0
0.0
0.0
0.0
0.0
0.0
0.0
0.0
0.0
0.0
0.0
0.0
0.0
0.0
0.0
0.0
0.0
0.0
0.0
0.0
6.43707756678e-05
6.43707756678e-05
0.0
0.0
0.0
0.0
0.0
0.0
0.0
0.0
0.0
0.0
0.0
0.0
0.0
0.0
0.0
0.0
0.0
0.0
0.0
0.0
0.0
0.0
0.0
0.0
0.0
0.0
0.0
0.0
0.0
0.0
0.0
0.0
0.0
0.0
0.0
0.0
0.0
0.0
0.0
0.0
0.0
0.0
0.0
0.0
0.0
0.0
0.0
0.0
0.0
0.0
0.0
0.0
0.0
0.0
0.0
0.0
0.0
0.0
0.0
0.0
0.0
0.0
0.0
0.0
0.0
0.0
0.0
0.0
0.0
0.0
0.0
0.0
0.0
0.0
0.0
0.0
0.0
0.0
0.0
0.0
0.0
0.0
0.0
0.0
0.0
0.0
0.0
0.0
0.0
0.0
0.0
0.0
0.0
0.0
0.0
0.0
0.0
0.0
0.0
0.0
0.0
0.0
0.0
0.0
0.0
0.0
0.0
0.0019954940457
0.0
0.0
0.0
0.0
0.0
0.0
0.0
0.0
0.0
0.0
0.0
0.0
0.0
0.0
0.0
0.0
0.0
0.0
0.0
0.0
0.0
0.0
0.0489217895076
0.00148052784036
0.0
0.0
0.0
0.0
0.0
0.0
0.0
0.0
0.0
0.0
0.0
0.0
0.0
0.0
0.00122304473769
0.0
0.0
0.000257483102671
0.0
0.00669456066946
0.0
0.0
0.0
0.0393305439331
0.0222079176054
0.0231091084648
0.0106211779852
0.00347602188606
0.00128741551336
0.00405535886707
0.00495654972642
0.000579336981011
0.0
0.00154489861603
0.0
0.018603154168
0.0
0.0
0.0
0.0
0.0
0.0
0.0480849694239
0.0127454135822
0.020341165111
0.0
0.0
0.0
0.0
0.0
0.0
0.0
0.0
0.0
0.0
0.0
0.0
0.0
0.0
0.0
0.0
0.0
0.0
0.0
0.0
0.0
0.0
0.0
0.0
0.0
0.0
0.0
0.0
0.0
0.0
0.0
0.0
0.0
0.0
0.0
0.0
0.0
0.0
0.0
0.0
0.0
0.0
0.0
0.0
0.0
0.0
0.0
0.0
0.0
0.0
0.0
0.0
0.0037978757644
0.00334728033473
0.0
0.0400386224654
0.0
0.0
0.0
0.0
0.0
0.0
0.0
0.00141615706469
0.0
6.43707756678e-05
6.43707756678e-05
6.43707756678e-05
6.43707756678e-05
6.43707756678e-05
6.43707756678e-05
0.000836820083682
0.018796266495
0.0
0.0
6.43707756678e-05
6.43707756678e-05
6.43707756678e-05
0.0491149018346
6.43707756678e-05
6.43707756678e-05
0.0
0.0
0.0
0.00592211136144
0.0
0.0
0.0
0.0
0.0
0.0
0.0
0.0
0.0
0.0
0.0
0.0
0.0
0.0
0.0
0.00193112327004
0.0
0.0
0.0
0.0
0.0
0.0
0.0
0.0
0.0
0.0
0.0
0.0
0.0
0.0
0.0
0.0
0.0311554554232
0.0
0.0303186353396
0.0303186353396
0.0
0.0
0.0
0.0
0.0
0.0
0.0327003540393
0.0280656581912
0.00450595429675
0.0
0.0
0.0
0.0
0.0
0.0
0.0
6.43707756678e-05
0.000128741551336
0.0
0.0
0.0
0.0
0.0
0.0
0.00592211136144
0.0301255230126
0.0271000965562
0.0111361441905
0.0153202446089
0.0
0.0
0.0
0.0
0.0
0.0
0.0
0.0
0.0
0.0
0.0
0.0
0.0
0.0
0.0
0.0
0.0
0.0
0.0
0.0
0.0
0.0
0.0
0.0
0.0
0.0
0.0
0.0
0.0
0.0
0.0
0.0
0.0
0.0
0.0
0.0
0.0
0.0
0.0
0.0
0.0
0.0
0.0
0.0108142903122
0.0
0.0108142903122
0.0
0.0
0.0
0.0
0.0
0.0
0.0
0.0
0.0
0.0
0.0
0.0
0.0650144834245
0.0
0.000128741551336
0.000128741551336
0.000128741551336
0.000128741551336
0.0
0.000128741551336
0.000128741551336
0.0
0.0
0.0
0.0
0.00553588670743
0.0
0.0
0.0
0.0
0.0
0.0
0.0
0.0
0.0
0.0
0.0
0.0
0.0
0.0
0.0
0.0
0.0
0.0
0.0
0.0
0.0
0.0
0.0
0.0
0.0
0.0
0.0
0.0
0.0
0.0
0.0
0.0
0.0
0.0
0.0
0.0
0.0
0.0
0.0
0.0
0.0
0.0
0.0
0.0
0.0
0.0
0.0
0.0
0.0
0.0
0.0
0.0
0.0
0.0
0.0
0.0
0.0
0.0
0.0
0.0
0.0
0.0
0.0
0.0
0.0
0.0
0.0
0.0
0.0
0.0
0.0
0.0
0.0
0.0
0.0
0.0
0.0
0.0
0.0
0.0
0.0
0.0
0.0
