0.0
0.0
0.0
0.0
0.0
0.0
0.0
0.0
6.00520931006e-05
-0.000635960375825
-9.02056207508e-17
6.00520931005e-05
-0.191170468693
1.66533453694e-16
5.55111512313e-16
0.0
1.38777878078e-17
2.77555756156e-17
0.0
0.0
0.0
0.0
0.0
0.0
0.0
0.0
0.0
0.0
0.0
0.0
0.0
0.0
0.0
0.0
0.0
0.0
0.0
0.0
0.0
0.0
0.0
0.0
0.0
0.0
0.0
0.0
0.00040685140839
0.0
0.0
0.0
0.0
0.0
0.0
0.00040685140839
0.0
0.000467141590111
0.0
0.0
0.0
0.0
0.0
0.0
0.0
0.0
0.0
0.0
0.0
0.0
0.0
0.0
0.0
0.0
0.0
0.0
0.0
0.0
0.0
0.0
0.0
0.0
0.0
0.0
0.0
0.0
0.0
0.0
0.0
0.0
0.0
0.0
0.0
0.0
0.0
0.0
0.0
0.0
0.0
0.0
0.0
0.0
0.0
0.0
0.0
0.0
0.0
0.0
0.0
0.0
0.0
0.0
0.0
0.0
0.0
0.0
0.0
0.0
0.0
0.0
0.0
0.0
0.0
0.0
0.0
0.0
0.0
0.0
0.0
0.0
0.0
0.0
0.0
0.0
0.0
0.0
0.0
0.0
0.0
0.0
0.0
0.0
0.0
0.0
0.0
0.0
0.0
0.0
0.0
0.0
0.0
0.0
0.0
0.0
6.00520931007e-05
-0.000635960375824
0.0
0.0
0.0
0.0
0.0
0.0
6.00520931007e-05
-0.191170468693
0.0
0.0
0.0
0.0
0.0
0.0
0.0
0.0
0.0
0.0
0.0
0.0
0.0
0.0
0.0
0.0
0.0
0.0
6.00520931007e-05
0.0
0.0
2.37772661977e-05
0.0
0.0
0.0
0.0
0.0
0.0
0.0
0.0
0.0
0.0
0.0
0.0
0.0
0.0
0.0
0.0
2.37772661977e-05
2.37772661977e-05
0.0
0.0
0.0
0.0
0.0
0.0
0.0
3.02900162275e-05
0.0
0.0
0.0
0.0
0.0
0.0
-0.191170468693
-0.191170468693
0.0
0.0
0.0
0.0
0.0
0.0
0.0
-0.191170468693
0.0
0.0
-0.191170468693
-0.191170468693
0.0
-0.191170468693
0.0
0.0
0.0
0.0
0.0
0.0
0.0
0.0
7.89718899478e-05
8.05315304524e-05
8.24960213834e-05
8.21595169468e-05
9.20014219529e-05
9.75196685328e-05
0.000105995970848
0.000655649301266
0.0
0.0
0.0
0.0
0.0
0.0
0.0
0.0
0.0
0.0
0.0
0.0
0.0
0.0
0.0
-0.0586755288865
0.0
0.0
0.0
0.0
0.0
0.0
0.0
-0.191170468693
0.0
0.0
0.0
0.0
0.0
0.0
0.0
-0.191170468693
0.0
0.0
0.0
0.0
0.0
0.0
0.0
0.0
0.0
0.0
0.0
0.0
0.0
0.0
0.0
0.0
0.0
0.0
0.0
0.0
0.0
0.0
0.0
0.0
0.0
0.0
0.0
0.0
0.0
0.0
0.0
0.0
0.0
0.0
0.0
0.0
0.0
0.0
-0.000635960375824
-0.000635960375824
0.0
0.0
0.0
0.0
0.0
0.0
-0.000635960375824
-0.000635960375824
0.0
0.0
0.0
0.0
0.0
0.0
-0.000635960375824
-0.000635960375824
0.0
0.0
0.0
0.0
0.0
0.0
-0.000635960375824
-0.000635960375824
0.0
0.0
0.0
0.0
0.0
0.0
-0.000635960375824
-0.000635960375824
0.0
0.0
0.0
0.0
0.0
0.0
-0.000635960375824
-0.000635960375824
0.0
0.0
0.0
0.0
0.0
0.0
-0.000635960375824
-0.000635960375824
-0.000635960375824
0.0
0.0
0.0
0.0
2.25559919787e-05
0.0
7.13544145131e-05
-0.000260062837628
0.0
0.0
0.0
0.0
0.0
0.0
0.0
0.0
0.0
0.0
0.0
0.0
0.0
0.0
0.0
0.0
0.0
0.0
0.0
0.0
0.0
0.0
-0.000260062837628
0.0
0.0
0.0
2.25559919787e-05
0.0
0.0
0.0
-0.000260062837628
0.0
0.0
0.0
0.0
0.0
0.0
0.0
-0.000260062837628
0.0
0.0
0.0
0.0
0.0
0.0
0.0001111870769
0.000112742664004
0.0
0.0
0.0
0.0
0.0
0.0
0.0
0.000101964051713
0.0
0.0
0.0
0.0
0.0
0.0
0.0
0.0
2.37772661977e-05
0.0
0.0
0.0
2.25559919787e-05
-0.000635960375824
-0.000635960375824
0.0
0.0
0.0
0.0
0.0
0.0
0.0
0.0
0.0
0.0
0.000101964051713
0.0
0.000101964051713
0.0
0.0
0.0
0.0
0.0
0.0
0.0
0.0
0.0
0.0
0.0
0.0
0.0
0.0
0.0
0.0
-0.000635960375824
-0.000635960375824
0.0
0.0
0.0
0.0
0.0
0.0
0.0
0.0
0.0
0.0
0.0
0.0
0.0
0.0
0.0
0.0
0.0
0.0
0.0
0.0
0.0
0.0
0.0
0.0
0.0
0.0
0.0
0.0
0.0
0.0
0.0
0.0
0.0
0.0
0.0
0.0
0.0
0.0
0.0
0.0
0.0
0.0
0.0
0.0
0.0
0.0
0.0
0.0
0.0
0.0
0.0
0.0
0.0
0.0
0.0
0.0
0.0
0.0
0.0
0.0
0.0
0.0
0.0
0.0
0.0
0.0
0.0
0.0
0.0
0.0
0.0
0.0
0.0
0.0
0.0
0.0
0.0
0.0
0.0
0.0
0.0
0.0
0.0
0.0
0.0
0.0
0.0
0.0
0.0
0.0
0.0
0.0
0.0
0.0
0.0
0.0
0.0
0.0
0.0
0.0
0.0
0.0
0.0
0.0
0.0
0.0
0.0
0.0
0.0
0.0
0.0
0.0
0.0
0.0
0.0
0.0
0.0
0.0
0.0
0.0
0.0
0.0
0.0
0.0
0.0
0.0
0.0
0.0
0.0
0.0
0.0
0.0
0.0
0.0
0.0
0.0
0.0
0.0
0.0
0.0
0.0
0.0
0.0
0.0
0.0
0.0
0.0
0.0
0.0
0.0
0.0
0.0
0.0
0.0
0.0
0.0
0.0
0.0
0.0
0.0
0.0
0.0
0.0
0.0
0.0
0.0
0.0
0.0
0.0
0.0
0.0
0.000137427579393
0.0
0.0
0.0
0.0
0.0
0.0
0.0
0.0
0.0
0.0
0.0
0.0
0.0
0.0
0.0
0.0
0.0
0.0
0.0
0.0
0.0
0.0
0.0
-0.000635960375824
0.0
0.0
0.0
0.0
0.0
0.0
0.0
0.0
0.0
0.0
0.0
0.0
0.0
0.0
3.78494184328e-05
0.000515497432901
0.000515497432901
0.0
0.0
0.0
0.0
0.0
0.0
9.83860490579e-05
0.0
0.000129468853413
0.0
7.03312945006e-05
0.000106016858596
5.08726915475e-05
0.0
5.71551001689e-05
5.71551001689e-05
0.0
0.0
5.78690324942e-05
0.0
0.0
0.0
0.0
0.0
0.0
0.0
2.14284636069e-05
0.0
0.0
0.0
0.0
0.0
0.0
0.0
0.0
0.0
0.0
0.0
0.0
0.0
0.0
0.0
0.0
0.0
0.0
0.0
0.0
0.0
0.0
0.0
0.0
0.0
0.0
0.0
0.0
0.0
0.0
0.0
0.0
0.0
0.0
0.0
0.0
0.0
0.0
0.0
0.0
0.0
0.0
0.0
0.0
0.0
0.0
0.0
0.0
0.0
0.0
0.0
0.0
0.0
9.55962293823e-05
9.12046733058e-05
0.0
8.80119377257e-05
0.0
0.0
0.0
0.0
0.0
0.0
0.0
0.0
0.0
6.00520931007e-05
6.00520931007e-05
0.0
0.0
0.0
0.0
0.0
8.68341224846e-05
0.0
0.0
0.0
0.0
0.0
3.60072036149e-05
0.0
0.0
0.0
0.0
0.0
8.52519224341e-05
0.0
0.0
0.0
0.0
0.0
0.0
0.0
0.0
0.0
0.0
0.0
0.0
0.0
0.0
0.0
9.33831815603e-05
0.0
0.0
0.0
0.0
0.0
0.0
0.0
0.0
0.0
0.0
0.0
0.0
0.0
0.0
0.0
0.0
8.96036042305e-05
0.0
0.000115455998885
0.000115455998885
0.0
0.0
0.0
0.0
0.0
0.0
-0.0544123862417
0.000654259183117
0.000289560221847
0.0
0.0
0.0
0.0
0.0
0.0
0.0
0.0
0.0
0.0
0.0
0.0
0.0
0.0
0.0
8.52519224341e-05
0.000587335036054
0.000149214039682
0.000578236973201
0.000574416031185
0.0
0.0
0.0
0.0
0.0
0.0
0.0
0.0
0.0
0.0
0.0
0.0
0.0
0.0
0.0
0.0
0.0
0.0
0.0
0.0
0.0
0.0
0.0
0.0
0.0
0.0
0.0
0.0
0.0
0.0
0.0
0.0
0.0
0.0
0.0
0.0
0.0
0.0
0.0
0.0
0.0
0.0
0.0
0.000409018581001
0.0
0.000409018581001
0.0
0.0
0.0
0.0
0.0
0.0
0.0
0.0
0.0
0.0
0.0
0.0
0.0
0.0
-0.0586755288865
-0.144840985731
-0.141078492268
-0.191170468693
0.0
-0.0586755288865
-0.0586755288865
0.0
0.0
0.0
0.0
0.000302090322322
0.0
0.0
0.0
0.0
0.0
0.0
0.0
0.0
0.0
0.0
0.0
0.0
0.0
0.0
0.0
0.0
0.0
0.0
0.0
0.0
0.0
0.0
0.0
0.0
0.0
0.0
0.0
0.0
0.0
0.0
0.0
0.0
0.0
0.0
0.0
0.0
0.0
0.0
0.0
0.0
0.0
0.0
0.0
0.0
0.0
0.0
0.0
0.0
0.0
0.0
0.0
0.0
0.0
0.0
0.0
0.0
0.0
0.0
0.0
0.0
0.0
0.0
0.0
0.0
0.0
0.0
0.0
0.0
0.0
0.0
0.0
0.0
0.0
0.0
0.0
0.0
0.0
0.0
0.0
0.0
0.0
0.0
0.0
0.0
0.0
0.0
0.0
0.0
0.000387334407202
0.0
0.000383710448127
3.16314540513e-05
-0.00141579768472
0.0
2.23862071221e-05
-0.00037024548984
-0.000368353693971
6.00520931007e-05
-0.155209104833
0.0
0.0
0.0
0.0
0.0
0.0
0.0
0.0
0.0
0.0
0.0
0.0
0.0
0.0
0.0
0.0
0.0
0.0
0.0
0.0
0.0
0.0
0.0
0.0
0.0
0.0
0.0
0.0
0.0
0.0
0.00034862607353
0.0
0.0
0.0
0.0
0.0
0.0
0.00034862607353
0.0
0.000340068276305
0.0
0.0
0.0
0.0
0.0
0.0
0.0
0.0
0.0
0.0
0.0
0.0
0.0
0.0
0.0
0.0
0.0
0.0
0.0
0.0
0.0
0.0
0.0
0.0
0.0
0.0
0.0
0.0
0.0
0.0
0.0
0.0
0.0
0.0
0.0
0.0
0.0
0.0
0.0
0.0
0.0
0.0
0.0
0.0
0.0
0.0
0.0
0.0
0.0
0.0
0.0
0.0
0.0
0.0
0.0
0.0
0.0
0.0
0.0
0.0
0.0
0.0
0.0
0.0
0.0
0.0
0.0
0.0
0.0
0.0
0.0
0.0
0.0
0.0
0.0
0.0
0.0
0.0
0.0
0.0
0.0
0.0
-0.000368353693971
0.0
0.0
-0.000368353693971
0.0
-0.000368353693971
0.0
0.0
0.0
0.0
0.0
0.0
0.0
0.0
3.16314540513e-05
-0.00141579768472
0.0
0.0
0.0
0.0
0.0
0.0
2.23862071221e-05
-0.00037024548984
-0.000368353693971
0.0
0.0
0.0
0.0
0.0
0.0
0.0
0.0
0.0
0.0
0.0
0.0
0.0
0.0
0.0
0.0
0.0
2.14540455839e-05
2.37772661977e-05
0.0
2.14540455839e-05
0.0
0.0
0.0
0.0
0.0
0.0
2.89284066506e-05
-0.000368353693971
0.0
0.0
0.0
0.0
0.0
0.0
0.0
0.0
2.04547527541e-05
2.04547527541e-05
0.0
0.0
0.0
0.0
0.0
0.0
8.71373930904e-05
3.15287564219e-05
-0.000368353693971
-0.195088355372
0.0
0.0
0.0
0.0
-0.00037024548984
-0.00037024548984
-0.155209104833
0.0
-0.155209104833
-0.155209104833
0.000265958036274
6.00520931007e-05
0.0
-0.00037024548984
0.0
0.0
-0.00037024548984
-0.00037024548984
0.000265958036274
-0.00037024548984
-0.195088355372
-0.195088355372
-0.195088355372
-0.195088355372
-0.195088355372
-0.195088355372
-0.195088355372
-0.195088355372
7.08847829455e-05
7.30130433813e-05
7.30623849479e-05
8.15204269755e-05
9.59612354308e-05
0.000153878095716
0.000503682180811
0.000503359915985
0.000265958036274
0.000265958036274
0.000265958036274
0.0
0.0
0.0
0.0
-0.000368353693971
0.0
0.0
0.0
-0.00974113777714
-0.00974113777714
-0.00974113777714
-0.00974113777714
-0.00037024548984
0.000265958036274
0.0
0.0
-0.00974113777714
-0.00974113777714
-0.00974113777714
-0.00974113777714
-0.00037024548984
0.000265958036274
0.000265958036274
0.0
-0.000201554843502
-0.00974113777714
-0.00974113777714
-0.00974113777714
-0.00037024548984
0.0
0.0
0.0
0.0
-0.000201554843502
-0.000201554843502
-0.000201554843502
-0.00974113777714
0.0
0.0
0.0
0.0
0.0
0.0
0.0
-0.000201554843502
0.0
0.0
0.0
0.0
0.0
0.0
0.0
0.0
0.0
0.0
0.0
0.0
0.0
0.0
0.0
0.0
0.0
-8.20267974661e-05
0.0
0.0
0.000336431987818
0.0
-0.00141579768472
-0.00141579768472
0.0
-8.20267974661e-05
0.0
0.0
0.000336431987818
0.0
-0.00141579768472
-0.00141579768472
0.0
-8.20267974661e-05
0.0
0.0
0.000336431987818
0.0
-0.00141579768472
-0.00141579768472
0.0
-8.20267974661e-05
0.0
0.0
0.000336431987818
0.0
-0.00141579768472
-0.00141579768472
0.0
-8.20267974661e-05
0.0
0.0
0.000336431987818
0.0
-0.00141579768472
-0.00141579768472
0.0
-8.20267974661e-05
0.0
0.0
0.000336431987818
0.0
-0.00141579768472
-0.00141579768472
0.0
-8.52757808998e-05
0.0
0.0
0.000336431987818
0.0
-0.00141579768472
-0.00141579768472
-0.00141579768472
0.000336431987818
0.0
-5.97373462412e-05
0.0
2.25559919787e-05
-5.81278714971e-05
-0.000405259385703
-0.000816862356687
0.000336431987818
-5.97373462412e-05
0.0
0.0
-8.20267974661e-05
-8.20267974661e-05
0.0
0.0
7.89238208704e-05
2.37772661977e-05
7.59574401658e-05
-8.20267974661e-05
7.89238208704e-05
-8.20267974661e-05
0.0
0.0
7.89238208704e-05
0.0
7.59574401658e-05
2.37772661977e-05
0.0
-8.20267974661e-05
-0.000816862356687
0.0
0.0
-8.20267974661e-05
2.25559919787e-05
0.0
7.59574401658e-05
2.37772661977e-05
-0.000816862356687
0.0
0.0
0.0
-8.20267974661e-05
-8.52757808998e-05
0.0
0.0
-0.000816862356687
0.0
0.0
0.0
0.0
0.0
0.0
0.000111449120209
0.0001111870769
0.0
0.0
0.0
0.0
0.0
0.0
0.0
0.00043226699886
0.0
0.0
0.0
0.0
0.0
0.0
0.0
0.0
2.04547527541e-05
0.0
0.0
0.0
2.25559919787e-05
-0.00141579768472
-0.00141579768472
0.0
0.0
0.0
0.0
0.0
0.0
0.0
0.0
0.0
0.0
0.000394962440484
0.0
0.000394962440484
0.0
0.000325487877974
0.0
0.0
0.0
0.0
0.0
0.0
0.0
0.0
0.0
0.0
0.0
0.0
0.0
0.0
-0.00141579768472
-0.00141579768472
0.0
0.0
0.0
0.0
0.0
0.0
0.0
0.0
0.0
0.0
0.0
0.0
0.0
0.0
0.0
0.0
-0.000368353693971
0.0
0.0
0.0
0.0
0.0
0.0
0.0
0.0
0.0
0.0
0.0
0.0
0.0
0.0
0.0
0.0
0.0
0.0
0.0
0.0
0.0
0.0
0.0
0.0
0.0
0.0
0.0
0.0
0.0
0.0
0.0
0.0
0.0
0.0
0.0
0.0
0.0
0.0
0.0
0.0
0.0
0.0
0.0
0.0
0.0
-0.000368353693971
-0.195088355372
0.0
0.0
0.0
0.0
0.0
0.0
0.0
0.0
0.0
0.0
0.0
0.0
0.0
0.0
0.0
0.0
0.0
0.0
0.0
0.0
0.0
0.0
0.0
0.0
0.0
0.0
0.0
0.0
0.0
0.0
0.0
0.0
0.0
0.0
0.0
0.0
0.0
0.0
0.0
0.0
0.0
0.0
0.0
0.0
0.0
0.0
0.0
0.0
0.0
0.0
0.0
0.0
0.0
0.0
0.0
0.0
0.0
0.0
0.0
0.0
0.0
0.0
0.0
0.0
0.0
0.0
0.0
0.0
0.0
0.0
0.0
0.0
0.0
0.0
0.0
0.0
0.0
0.0
0.0
0.0
0.0
0.0
0.0
0.0
0.0
0.0
0.0
0.0
0.0
0.0
0.0
0.0
0.0
0.0
0.0
0.0
0.0
0.0
0.0
0.0
0.0
0.0
0.0
0.0
0.0
0.0
0.0
0.000114007650524
0.0
0.0
0.0
0.0
0.0
0.0
0.0
0.0
0.0
0.0
0.0
0.0
0.0
0.0
0.0
0.0
0.0
0.0
0.0
0.0
0.0
0.0
0.000593530753096
-0.00141579768472
0.0
0.0
0.0
0.0
0.0
0.0
0.0
0.0
0.0
0.0
0.0
0.0
0.0
0.0
9.04436516972e-05
0.0
0.0
4.5136075257e-05
0.0
0.000223755368446
0.0
0.0
0.0
0.000519780756094
0.000387485025696
0.00039529713937
0.000265961288931
0.000152013847315
9.29439319922e-05
0.00016508085006
0.000179971635196
6.13815388111e-05
0.0
0.000100699804601
0.0
0.000351308890681
0.0
0.0
0.0
0.0
0.0
0.0
0.000574599144675
0.000289512187451
0.000367825122097
0.0
0.0
0.0
0.0
0.0
0.0
0.0
0.0
0.0
0.0
0.0
0.0
0.0
0.0
0.0
0.0
0.0
0.0
0.0
0.0
0.0
0.0
0.0
0.0
0.0
0.0
0.0
0.0
0.0
0.0
0.0
0.0
0.0
0.0
0.0
0.0
0.0
0.0
0.0
0.0
0.0
0.0
0.0
0.0
0.0
0.0
0.0
0.0
0.0
0.0
0.0
0.0
0.000162140975298
0.000166574454621
0.0
0.000570509059626
0.0
0.0
0.0
0.0
0.0
0.0
0.0
0.000100312269022
0.0
2.14540455839e-05
2.04547527541e-05
6.00520931007e-05
2.04547527541e-05
2.14540455839e-05
2.04547527541e-05
-0.000116154509095
0.000361454739061
0.0
0.0
-0.000368353693971
2.04547527541e-05
-0.000368353693971
0.000582852109117
-0.000368353693971
-0.195088355372
0.0
0.0
0.0
2.37147290221e-05
0.0
0.0
0.0
0.0
0.0
0.0
0.0
0.0
0.0
0.0
0.0
0.0
0.0
0.0
0.0
-0.00109370381487
0.0
0.0
0.0
0.0
0.0
0.0
0.0
0.0
0.0
0.0
0.0
0.0
0.0
0.0
0.0
0.0
0.000504431316518
0.0
0.00049801664253
0.00049801664253
0.0
0.0
0.0
0.0
0.0
0.0
0.000499794794237
0.000456118650927
0.000192323159341
0.0
0.0
0.0
0.0
0.0
0.0
0.0
6.00520931007e-05
-0.155209104833
0.0
0.0
0.0
0.0
0.0
0.0
2.37147290221e-05
0.000377653408607
0.000406739399763
0.000181288235453
0.000380576425823
0.0
0.0
0.0
0.0
0.0
0.0
0.0
0.0
0.0
0.0
0.0
0.0
0.0
0.0
0.0
0.0
0.0
0.0
0.0
0.0
0.0
0.0
0.0
0.0
0.0
0.0
0.0
0.0
0.0
0.0
0.0
0.0
0.0
0.0
0.0
0.0
0.0
0.0
0.0
0.0
0.0
0.0
0.0
0.000280310517816
0.0
0.000280310517816
0.0
0.0
0.0
0.0
0.0
0.0
0.0
0.0
0.0
0.0
0.0
0.0
0.00067481183599
0.0
-0.00037024548984
-0.00560032501189
-0.00556788746034
-0.00037024548984
0.0
-0.00037024548984
-0.00037024548984
0.0
0.0
0.0
0.0
0.000192052995316
0.0
0.0
0.0
0.0
0.0
0.0
0.0
0.0
0.0
0.0
0.0
0.0
0.0
0.0
0.0
0.0
0.0
0.0
0.0
0.0
0.0
0.0
0.0
0.0
0.0
0.0
0.0
0.0
0.0
0.0
0.0
0.0
0.0
0.0
0.0
0.0
0.0
0.0
0.0
0.0
0.0
0.0
0.0
0.0
0.0
0.0
0.0
0.0
0.0
0.0
0.0
0.0
0.0
0.0
0.0
0.0
0.0
0.0
0.0
0.0
0.0
0.0
0.0
0.0
0.0
0.0
0.0
0.0
0.0
0.0
0.0
0.0
0.0
0.0
0.0
0.0
0.0
0.0
0.0
0.0
0.0
0.0
0.0
