1.0
1.0
1.0
1.0
1.0
1.0
1.0
1.0
0.00802288178095
0.00802288178095
1.0
0.00802288178095
0.0113457030169
1.0
1.0
1.0
1.0
1.0
1.0
1.0
1.0
1.0
1.0
1.0
1.0
1.0
1.0
1.0
1.0
1.0
1.0
1.0
1.0
1.0
1.0
1.0
1.0
1.0
1.0
1.0
1.0
1.0
1.0
1.0
1.0
1.0
0.143977352864
1.0
1.0
1.0
1.0
1.0
1.0
0.143977352864
1.0
0.170932664742
1.0
1.0
1.0
1.0
1.0
1.0
1.0
1.0
1.0
1.0
1.0
1.0
1.0
1.0
1.0
1.0
1.0
1.0
1.0
1.0
1.0
1.0
1.0
1.0
1.0
1.0
1.0
1.0
1.0
1.0
1.0
1.0
1.0
1.0
1.0
1.0
1.0
1.0
1.0
1.0
1.0
1.0
1.0
1.0
1.0
1.0
1.0
1.0
1.0
1.0
1.0
1.0
1.0
1.0
1.0
1.0
1.0
1.0
1.0
1.0
1.0
1.0
1.0
1.0
1.0
1.0
1.0
1.0
1.0
1.0
1.0
1.0
1.0
1.0
1.0
1.0
1.0
1.0
1.0
1.0
1.0
1.0
1.0
1.0
1.0
1.0
1.0
1.0
1.0
1.0
1.0
1.0
1.0
1.0
1.0
1.0
0.00802288178095
0.00802288178095
1.0
1.0
1.0
1.0
1.0
1.0
0.00802288178095
0.0113457030169
1.0
1.0
1.0
1.0
1.0
1.0
1.0
1.0
1.0
1.0
1.0
1.0
1.0
1.0
1.0
1.0
1.0
1.0
0.00802288178095
1.0
1.0
0.00802288178095
1.0
1.0
1.0
1.0
1.0
1.0
1.0
1.0
1.0
1.0
1.0
1.0
1.0
1.0
1.0
1.0
0.00802288178095
0.00802288178095
1.0
1.0
1.0
1.0
1.0
1.0
1.0
0.0113457030169
1.0
1.0
1.0
1.0
1.0
1.0
0.0113457030169
0.0113457030169
1.0
1.0
1.0
1.0
1.0
1.0
1.0
0.0113457030169
1.0
1.0
0.0113457030169
0.0113457030169
1.0
0.0113457030169
1.0
1.0
1.0
1.0
1.0
1.0
1.0
1.0
0.0277822358726
0.0277822358726
0.0277822358726
0.0277822358726
0.0310584823478
0.0340195743164
0.0384491336401
0.240432783466
1.0
1.0
1.0
1.0
1.0
1.0
1.0
1.0
1.0
1.0
1.0
1.0
1.0
1.0
1.0
0.0113457030169
1.0
1.0
1.0
1.0
1.0
1.0
1.0
0.0113457030169
1.0
1.0
1.0
1.0
1.0
1.0
1.0
0.0113457030169
1.0
1.0
1.0
1.0
1.0
1.0
1.0
1.0
1.0
1.0
1.0
1.0
1.0
1.0
1.0
1.0
1.0
1.0
1.0
1.0
1.0
1.0
1.0
1.0
1.0
1.0
1.0
1.0
1.0
1.0
1.0
1.0
1.0
1.0
1.0
1.0
1.0
1.0
0.00802288178095
0.00802288178095
1.0
1.0
1.0
1.0
1.0
1.0
0.00802288178095
0.00802288178095
1.0
1.0
1.0
1.0
1.0
1.0
0.00802288178095
0.00802288178095
1.0
1.0
1.0
1.0
1.0
1.0
0.00802288178095
0.00802288178095
1.0
1.0
1.0
1.0
1.0
1.0
0.00802288178095
0.00802288178095
1.0
1.0
1.0
1.0
1.0
1.0
0.00802288178095
0.00802288178095
1.0
1.0
1.0
1.0
1.0
1.0
0.00802288178095
0.00802288178095
0.00802288178095
1.0
1.0
1.0
1.0
0.00802288178095
1.0
0.0367417876927
0.019648803641
1.0
1.0
1.0
1.0
1.0
1.0
1.0
1.0
1.0
1.0
1.0
1.0
1.0
1.0
1.0
1.0
1.0
1.0
1.0
1.0
1.0
1.0
0.019648803641
1.0
1.0
1.0
0.00802288178095
1.0
1.0
1.0
0.019648803641
1.0
1.0
1.0
1.0
1.0
1.0
1.0
0.019648803641
1.0
1.0
1.0
1.0
1.0
1.0
0.0416532142936
0.0416532142936
1.0
1.0
1.0
1.0
1.0
1.0
1.0
0.0310584823478
1.0
1.0
1.0
1.0
1.0
1.0
1.0
1.0
0.00802288178095
1.0
1.0
1.0
0.00802288178095
0.00802288178095
0.00802288178095
1.0
1.0
1.0
1.0
1.0
1.0
1.0
1.0
1.0
1.0
0.0310584823478
1.0
0.0310584823478
1.0
1.0
1.0
1.0
1.0
1.0
1.0
1.0
1.0
1.0
1.0
1.0
1.0
1.0
1.0
1.0
0.00802288178095
0.00802288178095
1.0
1.0
1.0
1.0
1.0
1.0
1.0
1.0
1.0
1.0
1.0
1.0
1.0
1.0
1.0
1.0
1.0
1.0
1.0
1.0
1.0
1.0
1.0
1.0
1.0
1.0
1.0
1.0
1.0
1.0
1.0
1.0
1.0
1.0
1.0
1.0
1.0
1.0
1.0
1.0
1.0
1.0
1.0
1.0
1.0
1.0
1.0
1.0
1.0
1.0
1.0
1.0
1.0
1.0
1.0
1.0
1.0
1.0
1.0
1.0
1.0
1.0
1.0
1.0
1.0
1.0
1.0
1.0
1.0
1.0
1.0
1.0
1.0
1.0
1.0
1.0
1.0
1.0
1.0
1.0
1.0
1.0
1.0
1.0
1.0
1.0
1.0
1.0
1.0
1.0
1.0
1.0
1.0
1.0
1.0
1.0
1.0
1.0
1.0
1.0
1.0
1.0
1.0
1.0
1.0
1.0
1.0
1.0
1.0
1.0
1.0
1.0
1.0
1.0
1.0
1.0
1.0
1.0
1.0
1.0
1.0
1.0
1.0
1.0
1.0
1.0
1.0
1.0
1.0
1.0
1.0
1.0
1.0
1.0
1.0
1.0
1.0
1.0
1.0
1.0
1.0
1.0
1.0
1.0
1.0
1.0
1.0
1.0
1.0
1.0
1.0
1.0
1.0
1.0
1.0
1.0
1.0
1.0
1.0
1.0
1.0
1.0
1.0
1.0
1.0
1.0
1.0
1.0
1.0
1.0
1.0
0.0537428518188
1.0
1.0
1.0
1.0
1.0
1.0
1.0
1.0
1.0
1.0
1.0
1.0
1.0
1.0
1.0
1.0
1.0
1.0
1.0
1.0
1.0
1.0
1.0
0.00802288178095
1.0
1.0
1.0
1.0
1.0
1.0
1.0
1.0
1.0
1.0
1.0
1.0
1.0
1.0
0.0138951442825
0.182516566325
0.182516566325
1.0
1.0
1.0
1.0
1.0
1.0
0.0367417876927
1.0
0.047412036893
1.0
0.0253632292306
0.0400834085841
0.0179373991543
1.0
0.0212224502222
0.0212224502222
1.0
1.0
0.0226870230561
1.0
1.0
1.0
1.0
1.0
1.0
1.0
0.00802288178095
1.0
1.0
1.0
1.0
1.0
1.0
1.0
1.0
1.0
1.0
1.0
1.0
1.0
1.0
1.0
1.0
1.0
1.0
1.0
1.0
1.0
1.0
1.0
1.0
1.0
1.0
1.0
1.0
1.0
1.0
1.0
1.0
1.0
1.0
1.0
1.0
1.0
1.0
1.0
1.0
1.0
1.0
1.0
1.0
1.0
1.0
1.0
1.0
1.0
1.0
1.0
1.0
1.0
0.0358574688824
0.0367417876927
1.0
0.0310584823478
1.0
1.0
1.0
1.0
1.0
1.0
1.0
1.0
1.0
0.00802288178095
0.00802288178095
1.0
1.0
1.0
1.0
1.0
0.0340195743164
1.0
1.0
1.0
1.0
1.0
0.0138951442825
1.0
1.0
1.0
1.0
1.0
0.0277822358726
1.0
1.0
1.0
1.0
1.0
1.0
1.0
1.0
1.0
1.0
1.0
1.0
1.0
1.0
1.0
0.0330621488547
1.0
1.0
1.0
1.0
1.0
1.0
1.0
1.0
1.0
1.0
1.0
1.0
1.0
1.0
1.0
1.0
0.0367417876927
1.0
0.0400834085841
0.0400834085841
1.0
1.0
1.0
1.0
1.0
1.0
0.0113457030169
0.23079473527
0.103731942143
1.0
1.0
1.0
1.0
1.0
1.0
1.0
1.0
1.0
1.0
1.0
1.0
1.0
1.0
1.0
0.0277822358726
0.208560478726
0.0493974303143
0.205874748421
0.227297337982
1.0
1.0
1.0
1.0
1.0
1.0
1.0
1.0
1.0
1.0
1.0
1.0
1.0
1.0
1.0
1.0
1.0
1.0
1.0
1.0
1.0
1.0
1.0
1.0
1.0
1.0
1.0
1.0
1.0
1.0
1.0
1.0
1.0
1.0
1.0
1.0
1.0
1.0
1.0
1.0
1.0
1.0
1.0
0.142686590941
1.0
0.142686590941
1.0
1.0
1.0
1.0
1.0
1.0
1.0
1.0
1.0
1.0
1.0
1.0
1.0
1.0
0.0113457030169
0.0113457030169
0.0113457030169
0.0113457030169
1.0
0.0113457030169
0.0113457030169
1.0
1.0
1.0
1.0
0.110198255881
1.0
1.0
1.0
1.0
1.0
1.0
1.0
1.0
1.0
1.0
1.0
1.0
1.0
1.0
1.0
1.0
1.0
1.0
1.0
1.0
1.0
1.0
1.0
1.0
1.0
1.0
1.0
1.0
1.0
1.0
1.0
1.0
1.0
1.0
1.0
1.0
1.0
1.0
1.0
1.0
1.0
1.0
1.0
1.0
1.0
1.0
1.0
1.0
1.0
1.0
1.0
1.0
1.0
1.0
1.0
1.0
1.0
1.0
1.0
1.0
1.0
1.0
1.0
1.0
1.0
1.0
1.0
1.0
1.0
1.0
1.0
1.0
1.0
1.0
1.0
1.0
1.0
1.0
1.0
1.0
1.0
1.0
1.0
1.0
1.0
1.0
1.0
1.0
0.135118750819
1.0
0.133966765839
0.0266003225006
0.0384491336401
1.0
0.00802288178095
0.0113457030169
0.00802288178095
0.00802288178095
0.0113457030169
1.0
1.0
1.0
1.0
1.0
1.0
1.0
1.0
1.0
1.0
1.0
1.0
1.0
1.0
1.0
1.0
1.0
1.0
1.0
1.0
1.0
1.0
1.0
1.0
1.0
1.0
1.0
1.0
1.0
1.0
0.12755237718
1.0
1.0
1.0
1.0
1.0
1.0
0.12755237718
1.0
0.129728339214
1.0
1.0
1.0
1.0
1.0
1.0
1.0
1.0
1.0
1.0
1.0
1.0
1.0
1.0
1.0
1.0
1.0
1.0
1.0
1.0
1.0
1.0
1.0
1.0
1.0
1.0
1.0
1.0
1.0
1.0
1.0
1.0
1.0
1.0
1.0
1.0
1.0
1.0
1.0
1.0
1.0
1.0
1.0
1.0
1.0
1.0
1.0
1.0
1.0
1.0
1.0
1.0
1.0
1.0
1.0
1.0
1.0
1.0
1.0
1.0
1.0
1.0
1.0
1.0
1.0
1.0
1.0
1.0
1.0
1.0
1.0
1.0
1.0
1.0
1.0
1.0
1.0
1.0
1.0
1.0
1.0
1.0
0.00802288178095
1.0
1.0
0.00802288178095
1.0
0.00802288178095
1.0
1.0
1.0
1.0
1.0
1.0
1.0
1.0
0.0266003225006
0.0384491336401
1.0
1.0
1.0
1.0
1.0
1.0
0.00802288178095
0.0113457030169
0.00802288178095
1.0
1.0
1.0
1.0
1.0
1.0
1.0
1.0
1.0
1.0
1.0
1.0
1.0
1.0
1.0
1.0
1.0
0.00802288178095
0.00802288178095
1.0
0.00802288178095
1.0
1.0
1.0
1.0
1.0
1.0
0.0113457030169
0.00802288178095
1.0
1.0
1.0
1.0
1.0
1.0
1.0
1.0
0.00802288178095
0.00802288178095
1.0
1.0
1.0
1.0
1.0
1.0
0.0340195743164
0.0408758987174
0.00802288178095
0.00802288178095
1.0
1.0
1.0
1.0
0.0113457030169
0.0113457030169
0.0113457030169
1.0
0.0113457030169
0.0113457030169
0.0683884887727
0.00802288178095
1.0
0.0113457030169
1.0
1.0
0.0113457030169
0.0113457030169
0.0683884887727
0.0113457030169
0.00802288178095
0.00802288178095
0.00802288178095
0.00802288178095
0.00802288178095
0.00802288178095
0.00802288178095
0.00802288178095
0.0277822358726
0.0277822358726
0.0277822358726
0.0310584823478
0.0367417876927
0.0593957766304
0.189267004404
0.188951900827
0.0683884887727
0.0683884887727
0.0683884887727
1.0
1.0
1.0
1.0
0.00802288178095
1.0
1.0
1.0
0.00802288178095
0.00802288178095
0.00802288178095
0.00802288178095
0.0113457030169
0.0683884887727
1.0
1.0
0.00802288178095
0.00802288178095
0.00802288178095
0.00802288178095
0.0113457030169
0.0683884887727
0.0683884887727
1.0
0.00802288178095
0.00802288178095
0.00802288178095
0.00802288178095
0.0113457030169
1.0
1.0
1.0
1.0
0.00802288178095
0.00802288178095
0.00802288178095
0.00802288178095
1.0
1.0
1.0
1.0
1.0
1.0
1.0
0.00802288178095
1.0
1.0
1.0
1.0
1.0
1.0
1.0
1.0
1.0
1.0
1.0
1.0
1.0
1.0
1.0
1.0
1.0
0.0400834085841
1.0
1.0
0.0783671300762
1.0
0.0384491336401
0.0384491336401
1.0
0.0400834085841
1.0
1.0
0.0783671300762
1.0
0.0384491336401
0.0384491336401
1.0
0.0400834085841
1.0
1.0
0.0783671300762
1.0
0.0384491336401
0.0384491336401
1.0
0.0400834085841
1.0
1.0
0.0783671300762
1.0
0.0384491336401
0.0384491336401
1.0
0.0400834085841
1.0
1.0
0.0783671300762
1.0
0.0384491336401
0.0384491336401
1.0
0.0400834085841
1.0
1.0
0.0783671300762
1.0
0.0384491336401
0.0384491336401
1.0
0.0400834085841
1.0
1.0
0.0783671300762
1.0
0.0384491336401
0.0384491336401
0.0384491336401
0.0783671300762
1.0
0.0431655850127
1.0
0.00802288178095
0.0431655850127
0.0439020959972
0.0431655850127
0.0783671300762
0.0431655850127
1.0
1.0
0.0400834085841
0.0400834085841
1.0
1.0
0.0439020959972
0.00802288178095
0.0439020959972
0.0400834085841
0.0439020959972
0.0400834085841
1.0
1.0
0.0439020959972
1.0
0.0439020959972
0.00802288178095
1.0
0.0400834085841
0.0431655850127
1.0
1.0
0.0400834085841
0.00802288178095
1.0
0.0439020959972
0.00802288178095
0.0431655850127
1.0
1.0
1.0
0.0400834085841
0.0400834085841
1.0
1.0
0.0431655850127
1.0
1.0
1.0
1.0
1.0
1.0
0.0416532142936
0.0416532142936
1.0
1.0
1.0
1.0
1.0
1.0
1.0
0.138735822663
1.0
1.0
1.0
1.0
1.0
1.0
1.0
1.0
0.00802288178095
1.0
1.0
1.0
0.00802288178095
0.0384491336401
0.0384491336401
1.0
1.0
1.0
1.0
1.0
1.0
1.0
1.0
1.0
1.0
0.12583210687
1.0
0.12583210687
1.0
0.119472402417
1.0
1.0
1.0
1.0
1.0
1.0
1.0
1.0
1.0
1.0
1.0
1.0
1.0
1.0
0.0384491336401
0.0384491336401
1.0
1.0
1.0
1.0
1.0
1.0
1.0
1.0
1.0
1.0
1.0
1.0
1.0
1.0
1.0
1.0
0.00802288178095
1.0
1.0
1.0
1.0
1.0
1.0
1.0
1.0
1.0
1.0
1.0
1.0
1.0
1.0
1.0
1.0
1.0
1.0
1.0
1.0
1.0
1.0
1.0
1.0
1.0
1.0
1.0
1.0
1.0
1.0
1.0
1.0
1.0
1.0
1.0
1.0
1.0
1.0
1.0
1.0
1.0
1.0
1.0
1.0
1.0
0.00802288178095
0.00802288178095
1.0
1.0
1.0
1.0
1.0
1.0
1.0
1.0
1.0
1.0
1.0
1.0
1.0
1.0
1.0
1.0
1.0
1.0
1.0
1.0
1.0
1.0
1.0
1.0
1.0
1.0
1.0
1.0
1.0
1.0
1.0
1.0
1.0
1.0
1.0
1.0
1.0
1.0
1.0
1.0
1.0
1.0
1.0
1.0
1.0
1.0
1.0
1.0
1.0
1.0
1.0
1.0
1.0
1.0
1.0
1.0
1.0
1.0
1.0
1.0
1.0
1.0
1.0
1.0
1.0
1.0
1.0
1.0
1.0
1.0
1.0
1.0
1.0
1.0
1.0
1.0
1.0
1.0
1.0
1.0
1.0
1.0
1.0
1.0
1.0
1.0
1.0
1.0
1.0
1.0
1.0
1.0
1.0
1.0
1.0
1.0
1.0
1.0
1.0
1.0
1.0
1.0
1.0
1.0
1.0
1.0
1.0
0.0446263604747
1.0
1.0
1.0
1.0
1.0
1.0
1.0
1.0
1.0
1.0
1.0
1.0
1.0
1.0
1.0
1.0
1.0
1.0
1.0
1.0
1.0
1.0
0.215704538707
0.0384491336401
1.0
1.0
1.0
1.0
1.0
1.0
1.0
1.0
1.0
1.0
1.0
1.0
1.0
1.0
0.0349506637885
1.0
1.0
0.01604421407
1.0
0.0815459595988
1.0
1.0
1.0
0.194380174521
0.147359173454
0.150250050152
0.102510333935
0.0588552390014
0.0358574688824
0.0635524423727
0.07022807374
0.0240624468763
1.0
0.0392748253248
1.0
0.135118750819
1.0
1.0
1.0
1.0
1.0
1.0
0.213945799537
0.112173829456
0.141164450599
1.0
1.0
1.0
1.0
1.0
1.0
1.0
1.0
1.0
1.0
1.0
1.0
1.0
1.0
1.0
1.0
1.0
1.0
1.0
1.0
1.0
1.0
1.0
1.0
1.0
1.0
1.0
1.0
1.0
1.0
1.0
1.0
1.0
1.0
1.0
1.0
1.0
1.0
1.0
1.0
1.0
1.0
1.0
1.0
1.0
1.0
1.0
1.0
1.0
1.0
1.0
1.0
0.0615097708017
0.0577587746502
1.0
0.196049818099
1.0
1.0
1.0
1.0
1.0
1.0
1.0
0.0376052066057
1.0
0.00802288178095
0.00802288178095
0.00802288178095
0.00802288178095
0.00802288178095
0.00802288178095
0.0289157364739
0.135804885261
1.0
1.0
0.00802288178095
0.00802288178095
0.00802288178095
0.216107908815
0.00802288178095
0.00802288178095
1.0
1.0
1.0
0.0767270484149
1.0
1.0
1.0
1.0
1.0
1.0
1.0
1.0
1.0
1.0
1.0
1.0
1.0
1.0
1.0
0.0439020959972
1.0
1.0
1.0
1.0
1.0
1.0
1.0
1.0
1.0
1.0
1.0
1.0
1.0
1.0
1.0
1.0
0.173737713294
1.0
0.171462578106
0.171462578106
1.0
1.0
1.0
1.0
1.0
1.0
0.177851176226
0.165160458408
0.0669750003556
1.0
1.0
1.0
1.0
1.0
1.0
1.0
0.00802288178095
0.0113457030169
1.0
1.0
1.0
1.0
1.0
1.0
0.0767270484149
0.170932664742
0.16237512532
0.104938698692
0.122823184758
1.0
1.0
1.0
1.0
1.0
1.0
1.0
1.0
1.0
1.0
1.0
1.0
1.0
1.0
1.0
1.0
1.0
1.0
1.0
1.0
1.0
1.0
1.0
1.0
1.0
1.0
1.0
1.0
1.0
1.0
1.0
1.0
1.0
1.0
1.0
1.0
1.0
1.0
1.0
1.0
1.0
1.0
1.0
0.103427952881
1.0
0.103427952881
1.0
1.0
1.0
1.0
1.0
1.0
1.0
1.0
1.0
1.0
1.0
1.0
0.246551415266
1.0
0.0113457030169
0.0113457030169
0.0113457030169
0.0113457030169
1.0
0.0113457030169
0.0113457030169
1.0
1.0
1.0
1.0
0.0741973090199
1.0
1.0
1.0
1.0
1.0
1.0
1.0
1.0
1.0
1.0
1.0
1.0
1.0
1.0
1.0
1.0
1.0
1.0
1.0
1.0
1.0
1.0
1.0
1.0
1.0
1.0
1.0
1.0
1.0
1.0
1.0
1.0
1.0
1.0
1.0
1.0
1.0
1.0
1.0
1.0
1.0
1.0
1.0
1.0
1.0
1.0
1.0
1.0
1.0
1.0
1.0
1.0
1.0
1.0
1.0
1.0
1.0
1.0
1.0
1.0
1.0
1.0
1.0
1.0
1.0
1.0
1.0
1.0
1.0
1.0
1.0
1.0
1.0
1.0
1.0
1.0
1.0
1.0
1.0
1.0
1.0
1.0
1.0
