0.0
0.0
0.0
0.0
0.0
0.0
0.0
0.0
0.0
0.0
0.0
0.0
0.0
0.0
0.0
0.0
-1.10985398468e-05
-1.06468653338e-16
-1.73472347598e-17
1.60982338571e-15
2.22044604925e-16
0.0
0.0
-5.42101086243e-20
0.0
-9.03702276882e-06
-8.27180612553e-25
0.0
0.0
0.0
0.196116021609
-9.39897168035e-06
0.0
0.0
0.0
0.0
0.0
0.0
0.0
0.0
0.0
0.0
-1.69014618897e-05
-6.01248655146e-05
-1.69014618897e-05
0.0
0.0
0.0
0.0
0.0
0.0
0.0
0.0
0.0
0.0
0.0
0.0
0.0
0.0
0.0
0.0
0.0
0.0
0.0
0.0
0.0
0.0
0.0
0.0
0.0
0.0
0.0
0.0
0.0
0.0
0.0
0.0
0.0
0.0
0.0
0.0
0.0
0.0
0.0
0.0
0.0
0.0
0.0
0.0
0.0
0.0
0.0
0.0
0.0
0.0
0.0
0.0
0.0
0.0
0.0
0.0
0.0
0.0
0.0
0.0
0.0
0.0
0.0
0.0
0.0
0.0
0.0
0.0
0.0
0.0
0.0
0.0
0.0
0.0
0.0
0.0
0.0
0.0
0.0
0.0
0.0
0.0
0.0
0.0
0.0
0.0
0.0
0.0
0.0
0.0
0.0
0.0
0.0
0.0
0.0
0.0
0.0
0.0
0.0
0.0
0.0
0.0
0.0
0.0
0.0
0.0
0.0
0.0
0.0
0.0
0.0
0.0
0.0
0.0
0.0
0.0
0.0
0.0
0.0
0.0
0.0
0.0
0.0
0.0
0.0
0.0
0.0
0.0
0.0
0.0
0.0
-2.18311477092e-05
0.0
0.0
0.0
0.0
0.0
0.0
-2.28235607869e-05
0.0
0.0
0.0
0.0
0.0
0.0
0.0
0.0
0.0
0.0
0.0
0.0
0.0
0.0
0.0
0.0
0.0
0.0
0.0
0.0
0.0
0.0
0.0
0.0
0.196116021609
0.0
0.0
0.0
-1.16987448449e-05
-9.66186889237e-06
-1.18820382706e-05
0.0
0.0
0.196116021609
0.196116021609
0.0
0.0
0.0
0.0
0.0
0.196116021609
-1.05534283442e-05
0.0
0.0
0.196116021609
0.0
-1.18820382706e-05
0.0
0.0
0.196116021609
0.196116021609
0.0
0.0
0.0
0.0
0.0
0.0
0.0
0.0
0.0
0.0
0.0
0.0
0.0
0.0
0.0
0.0
0.0
0.0
0.0
0.0
0.0
0.0
0.0
0.0
0.0
0.0
0.0
0.0
0.0
0.0
0.0
0.0
0.0
0.0
0.0
0.0
0.0
0.0
0.0
0.0
0.0
0.0
0.0
0.0
0.0
0.0
0.0
0.0
0.0
0.0
0.0
0.0
0.0
0.0
0.0
0.0
0.0
0.0
0.0
0.0
0.0
-9.20590176929e-05
0.0
-6.22942573758e-05
-1.69014618897e-05
-7.12884369656e-05
-5.8540819706e-05
-8.6419627981e-05
-1.09593956553e-05
0.0
0.0
0.196116021609
0.0
0.0
-1.02855502542e-05
-1.1869536986e-05
-1.44044387115e-05
0.0
0.0
0.0
0.0
0.0
0.0
0.0
0.0
0.0
0.0
0.0
0.0
0.0
0.0
0.0
-1.02487457138e-05
0.196116021609
0.0
0.0
0.196116021609
-9.60162609505e-06
0.0
0.0
0.0
0.0
0.0
0.0
0.0
0.0
0.0
0.0
0.0
0.0
0.0
0.0
0.0
0.0
0.0
0.0
0.0
0.0
0.0
0.0
-9.25011475195e-06
0.0
0.0
0.0
0.0
0.0
0.196116021609
0.0
-9.6213381113e-06
0.0
0.0
0.0
0.0
0.0
0.0
0.0
0.0
0.0
0.0
0.0
0.0
0.0
0.0
0.0
0.0
0.0
0.0
0.0
-2.50683740639e-05
0.0
-1.00204967682e-05
0.0
0.0
0.0
0.196116021609
-1.75968335257e-05
0.0
0.0
0.0
0.0
0.0
0.0
0.0
0.0
-4.19309680928e-05
-2.68162322437e-05
-2.6899103463e-05
0.0
0.0
0.0
0.0
0.0
0.0
-1.21991856774e-05
-2.68883940068e-05
-7.34346826585e-05
-0.000115483396426
0.0
0.0
0.0
0.0
0.196116021609
0.196116021609
0.196116021609
0.0
0.0
0.0
0.0
0.0
0.0
0.0
0.0
0.0
0.0
0.0
0.0
0.0
0.0
0.0
0.0
0.0
0.0
0.0
0.0
0.0
0.0
0.0
0.196116021609
0.0
0.0
-1.02855502542e-05
-1.1869536986e-05
-1.44044387115e-05
-4.46575684746e-05
0.0
-1.12399613681e-05
-2.5857648607e-05
0.196116021609
0.0
-2.95530750804e-06
-2.95530750804e-06
0.0
0.0
0.0
0.0
-1.16563768086e-05
0.0
0.0
0.0
0.0
0.0
-3.0897597007e-05
0.0
0.0
0.0
0.0
0.0
0.0
0.0
0.0
0.0
0.0
0.0
0.0
0.0
0.0
0.0
-1.71811896902e-05
-6.04054993937e-05
-1.71811896902e-05
0.0
0.0
0.0
-0.000104794804973
-6.9287098416e-05
-6.4543236246e-05
0.0
-8.34054193881e-05
0.0
0.0
0.0
0.0
0.0
0.0
0.0
0.0
0.0
0.0
0.0
0.0
0.0
0.0
0.0
0.0
0.0
0.0
0.0
0.0
0.0
0.0
0.0
0.0
0.0
0.0
0.0
0.0
0.0
0.0
0.0
0.0
0.0
0.0
0.0
-6.6162531752e-05
-6.6162531752e-05
-6.6162531752e-05
-6.6162531752e-05
-6.6162531752e-05
-6.6162531752e-05
-6.6162531752e-05
-6.6162531752e-05
0.0
0.0
0.0
0.0
0.0
0.0
0.0
0.0
0.0
0.0
0.0
0.0
0.0
0.0
0.0
0.0
0.0
0.0
0.0
0.0
0.0
-2.72117718945e-06
0.0
0.0
-4.711925837e-05
0.0
0.0
0.0
0.0
0.0
0.0
0.0
0.0
0.0
0.0
0.0
0.0
0.0
0.0
0.0
-6.04054993937e-05
0.0
0.0
0.0
0.0
0.0
0.0
0.0
-1.21816920349e-05
-9.83175017754e-06
-8.75563846979e-06
-1.21816920349e-05
0.0
-1.78896800214e-05
-1.71811896902e-05
0.0
-9.85384442111e-06
-2.55058963773e-05
-9.75637746394e-06
-1.79117482917e-05
-1.63902717583e-05
-9.14082117825e-06
-9.14082117825e-06
-1.07481386939e-05
0.0
0.0
0.0
0.0
0.0
0.0
0.0
0.0
0.0
0.0
0.0
0.0
0.0
0.0
0.0
0.0
0.0
0.0
0.0
0.0
0.0
0.0
0.0
0.0
0.0
0.0
0.0
0.0
0.0
0.0
0.0
0.0
0.0
0.0
0.0
0.0
0.0
0.0
0.0
0.0
0.0
0.0
0.0
0.0
0.0
0.0
0.0
0.0
0.0
0.0
0.0
0.0
0.0
0.0
0.0
0.0
0.0
0.0
0.0
0.0
0.0
0.0
0.0
0.0
0.0
0.0
0.0
0.0
0.0
0.0
0.0
0.0
0.0
0.0
0.0
0.0
0.0
0.0
0.0
0.0
0.0
0.0
0.0
0.0
-0.000144062959283
0.0
-5.05756203033e-05
0.0
0.0
0.0
0.0
0.0
0.0
0.0
0.0
0.0
0.0
-7.97130348138e-06
-7.97130348138e-06
-7.97130348138e-06
0.0
0.0
0.0
0.0
0.0
-0.00012132340195
-9.29959250861e-05
-7.48561284866e-05
-6.1247437924e-05
-5.2576406572e-05
-4.8156192268e-05
-4.62903969817e-05
0.0
0.0
0.0
0.0
0.0
0.0
0.0
0.0
0.0
0.0
0.0
0.0
0.0
0.0
0.0
0.0
0.0
0.0
0.0
0.0
0.0
0.0
0.0
0.0
0.0
0.0
0.0
0.0
0.0
0.0
0.0
0.0
0.0
0.0
0.0
0.0
0.0
0.0
0.0
0.0
-7.38916102592e-06
0.0
0.0
0.0
0.0
0.0
0.0
0.0
-9.69145530619e-06
-8.37117390637e-06
-8.73628723776e-06
-2.77630203533e-05
-4.65726164203e-05
-0.000133420084537
0.0
-2.82847599335e-05
0.0
0.0
0.0
0.0
-4.43000573419e-05
-4.43000573419e-05
-4.43000573419e-05
-4.43000573419e-05
0.0
0.0
0.0
0.0
0.0
0.0
0.0
0.0
0.0
0.0
0.0
0.0
0.0
0.0
0.0
0.0
0.0
0.0
-6.68636732508e-05
-8.1973507129e-06
-6.73406379965e-05
0.0
0.0
0.0
-1.71811896902e-05
0.0
0.0
0.0
-6.04054993937e-05
0.0
0.0
0.0
0.0
-2.82675075574e-05
-8.65635991759e-06
-1.79843564562e-05
-9.83175017754e-06
-9.94770721551e-06
-1.83611764909e-05
-1.71811896902e-05
0.0
0.0
0.0
0.0
-8.70820685216e-05
0.0
-6.04054993937e-05
-1.25664443851e-05
0.0
0.0
0.0
0.0
0.0
0.0
0.0
0.0
0.0
0.0
0.0
0.0
0.0
0.0
0.0
0.0
0.0
0.0
0.0
0.0
0.0
0.0
0.0
0.0
0.0
0.0
0.0
0.0
0.0
0.0
0.0
0.0
0.0
0.0
0.0
0.0
0.0
0.0
0.0
0.0
0.0
0.0
0.0
0.0
0.0
0.0
0.0
0.0
0.0
0.0
0.0
0.0
0.0
0.0
0.0
0.0
0.0
0.0
0.0
0.0
0.0
0.0
0.0
0.0
0.0
0.0
0.0
0.0
0.0
0.0
0.0
0.0
0.0
0.0
0.0
0.0
0.0
0.0
0.0
0.0
0.0
0.0
0.0
0.0
0.0
0.0
0.0
0.0
0.0
0.0
0.0
0.0
0.0
0.0
0.0
0.0
0.0
0.0
0.0
0.0
0.0
0.0
0.0
0.0
0.0
0.0
0.0
0.0
0.0
0.0
0.0
0.0
0.0
0.196116021609
0.196116021609
0.196116021609
0.196116021609
0.0
0.0
0.0
0.0
-1.13420951418e-05
-1.16687331095e-05
-1.18874888519e-05
-1.87328227863e-05
0.0
0.0
0.0
0.0
0.0
0.0
0.0
0.0
0.0
0.0
0.0
0.0
0.0
0.0
0.0
0.0
0.0
0.0
0.0
0.0
-1.13287871118e-05
-0.000131499863529
0.0
0.0
0.0
0.0
0.0
0.0
0.0
0.0
0.0
0.0
0.0
0.0
0.0
0.0
0.0
0.0
0.0
0.0
0.0
0.0
0.0
0.0
0.0
0.0
0.0
0.0
0.0
0.0
0.0
0.0
0.0
0.0
0.0
0.0
0.0
0.0
0.0
0.0
0.0
0.0
0.0
0.0
0.0
0.0
0.0
0.0
0.0
0.0
0.0
0.0
0.0
0.0
0.0
0.0
0.0
0.0
0.0
0.0
0.0
0.0
0.0
0.0
0.0
0.0
0.0
0.0
0.0
0.0
0.0
-3.10081510688e-05
0.0
-1.95479107584e-05
-1.04501847028e-05
0.0
0.0
0.0
0.0
-8.82842661479e-06
-1.08941255477e-05
0.0
0.0
-1.08678627792e-05
0.0
-7.70005105195e-06
-1.01022602672e-05
0.0
0.0
0.0
0.0
0.0
0.0
0.0
0.0
0.0
0.0
0.0
0.0
0.0
0.0
0.0
0.0
0.0
0.0
0.0
0.0
0.0
0.0
0.0
0.0
0.0
0.0
0.0
0.0
0.0
0.0
0.0
0.0
0.0
0.0
0.0
0.0
0.0
0.0
0.0
0.0
0.0
0.0
0.0
0.0
0.0
0.0
0.0
0.0
0.0
0.0
0.0
0.0
0.0
0.0
0.0
0.0
0.0
0.0
0.0
0.0
0.0
0.0
0.0
0.0
0.0
0.0
0.0
0.0
0.0
0.0
0.0
0.0
0.0
0.0
0.0
0.0
0.0
0.0
0.0
0.0
0.0
0.0
0.0
0.0
0.0
0.0
0.0
0.0
0.0
0.0
0.0
0.0
0.0
0.0
0.0
0.0
0.0
0.0
0.0
0.0
0.0
0.0
0.0
0.0
0.0
0.0
0.0
0.0
0.0
0.0
0.0
0.0
0.0
0.0
0.0
0.0
0.0
0.0
0.0
0.0
0.0
0.0
0.0
0.0
0.0
0.0
0.0
0.0
0.0
0.0
0.0
0.0
0.0
0.0
0.0
0.0
0.0
0.0
0.0
0.0
0.0
0.0
0.0
0.0
-2.25887776164e-05
0.0
0.0
0.0
0.0
0.0
-1.15840492734e-05
-2.55189178367e-05
0.0
0.0
0.0
0.0
0.0
0.0
0.0
0.0
0.0
0.0
0.0
0.0
0.0
0.0
0.0
-1.85503660861e-05
0.0
0.0
0.0
0.0
0.0
0.0
0.0
0.0
-7.70005105195e-06
-9.27987574705e-06
0.196116021609
0.0
-0.000130329192131
-1.16600747223e-05
-2.81924128907e-05
0.0
-1.70932414195e-05
-7.70005105195e-06
-7.70005105195e-06
0.196116021609
0.0
0.0
0.0
0.0
-7.70005105195e-06
-1.26857854172e-05
0.0
-2.10274172374e-05
-7.70005105195e-06
-9.95853690953e-06
-1.23335292569e-05
0.0
-1.70932414195e-05
-7.70005105195e-06
-7.70005105195e-06
0.196116021609
0.0
0.0
0.0
0.0
0.0
0.0
0.0
0.0
0.0
0.0
0.0
0.0
0.196116021609
0.0
0.0
0.0
0.0
0.0
0.0
0.0
-1.75860870022e-05
-8.71317945485e-06
-0.000185992804028
-0.000185992804028
-0.000185992804028
0.0
-0.000185992804028
0.0
-0.000185992804028
-0.000185992804028
0.0
0.0
0.0
0.0
0.0
0.0
0.0
0.0
0.0
0.0
0.0
0.0
0.0
0.0
0.0
0.0
0.0
0.0
0.0
0.0
0.0
0.0
-1.69959718764e-05
-1.69959718764e-05
-1.69959718764e-05
-1.69959718764e-05
-1.69959718764e-05
-1.69959718764e-05
-1.69959718764e-05
-1.69959718764e-05
-7.28057223953e-05
-1.58078429769e-05
-5.62234948665e-05
-1.10958490197e-05
-6.4085218179e-05
-5.32921693423e-05
-9.03636447966e-05
-1.08087095855e-05
0.0
0.0
-7.70005105195e-06
-8.45123505633e-06
0.0
-7.24980284866e-06
-2.4217462168e-05
-6.77262301691e-06
0.0
0.0
0.0
0.0
-1.1208260401e-05
0.0
-0.000146591712658
0.0
-2.85332033181e-05
0.0
-5.21369899927e-05
-1.20911381284e-05
-7.46842584839e-06
-2.89616441668e-05
-2.89616441668e-05
-2.88579286161e-05
-7.70005105195e-06
-9.19488303175e-06
-1.00812033605e-05
-7.70005105195e-06
-0.000155846280437
0.0
0.0
0.0
-9.91359140201e-06
-1.08864842121e-05
-1.03739998921e-05
0.0
0.0
0.0
0.0
0.0
0.0
0.0
0.0
0.0
0.0
0.0
0.0
0.0
-0.000150036387199
-0.000162864606019
-0.000163712868107
-1.02736079315e-05
0.0
0.0
0.0
0.0
0.0
-7.70005105195e-06
0.0
-0.000141896240252
0.0
0.0
0.0
0.0
0.0
0.0
0.0
0.0
0.0
0.0
0.0
0.0
0.0
0.0
0.0
0.0
0.0
0.0
0.0
-2.10169352479e-05
-8.15501365959e-06
-1.13281441762e-05
0.0
0.0
0.0
-7.70005105195e-06
-0.000119374591131
0.0
-1.5015201252e-05
-1.75860870022e-05
-9.06147456126e-05
0.0
0.0
0.0
-1.39826742296e-05
-2.75882252401e-05
-1.16266389796e-05
-1.15666087597e-05
0.0
0.0
0.0
0.0
0.0
0.0
-1.16780317819e-05
-2.68826181388e-05
-0.000141251239828
-0.000100806740078
0.0
0.0
0.0
0.0
-7.84819555238e-06
-7.70005105195e-06
-7.70005105195e-06
0.0
0.0
0.0
0.0
0.0
0.0
0.0
0.0
0.0
0.0
0.0
0.0
0.0
0.0
0.0
0.0
0.0
0.0
0.0
0.0
0.0
0.0
0.0
-7.70005105195e-06
-8.45123505633e-06
0.0
-7.24980284866e-06
-2.4217462168e-05
-6.77262301691e-06
-1.97768870653e-05
-7.63412610136e-06
-1.26016850143e-05
-1.12097945108e-05
-7.70005105195e-06
-0.000150977869639
-3.4695059551e-06
-3.4695059551e-06
0.0
0.0
0.0
-0.000185992804028
-0.000134040035141
0.0
0.0
0.0
0.0
0.0
-2.6201354711e-05
0.0
-1.85503660861e-05
-1.85503660861e-05
0.0
0.0
0.0
0.0
0.0
0.0
0.0
0.0
0.0
0.0
0.0
0.0
0.0
0.0
0.0
0.0
0.0
0.0
-7.31033380757e-05
-5.5670008323e-05
-4.33616271166e-05
0.0
-4.33616271166e-05
0.0
0.0
0.0
0.0
0.0
-1.20911381284e-05
-6.6307604157e-06
0.0
0.0
0.0
0.0
0.0
0.0
0.0
0.0
0.0
0.0
0.0
0.0
0.0
0.0
0.0
0.0
0.0
0.0
0.0
0.0
0.0
0.0
0.0
0.0
0.0
0.0
0.0
0.0
0.0
0.0
0.0
0.0
0.0
0.0
0.0
0.0
-6.27840119413e-05
-4.39735774385e-05
0.0
0.0
0.0
0.0
0.0
0.0
0.0
0.0
0.0
0.0
0.0
0.0
0.0
0.0
0.0
0.0
0.0
0.0
-0.00013598657464
-7.7502334557e-05
-7.72997721307e-05
0.0
-3.7977203502e-05
0.0
0.0
0.0
0.0
0.0
0.0
0.0
0.0
-0.000147549990919
-0.000105693568627
0.0
0.0
0.0
0.0
0.0
0.0
0.0
0.0
0.0
0.0
0.0
0.0
0.0
-9.15577490601e-05
-6.28366189432e-05
-5.33831043483e-05
-5.6028074642e-05
-5.35235691188e-05
0.0
0.0
0.0
-1.23644793247e-05
-0.000134726684704
-9.79371510919e-05
-0.000100297153337
-7.32449569083e-05
-4.72379585267e-05
-4.18144475552e-05
-4.56668701095e-05
0.0
-3.98504437776e-05
-3.98504437776e-05
-3.98504437776e-05
0.0
0.0
0.0
0.0
0.0
0.0
0.0
0.0
0.0
0.0
0.0
0.0
0.0
0.0
0.0
0.0
0.0
0.0
0.0
0.0
0.0
0.0
0.0
0.0
0.0
0.0
0.0
0.0
0.0
0.0
-8.1973507129e-06
-8.1973507129e-06
-8.1973507129e-06
0.0
0.0
0.0
0.0
0.0
0.0
0.0
0.0
0.0
0.0
0.0
0.0
0.0
0.0
0.0
0.0
0.0
0.0
0.0
0.0
0.0
0.0
0.0
0.0
0.0
0.0
0.0
0.0
0.0
0.0
0.0
0.0
0.0
0.0
0.0
0.0
0.0
0.0
0.0
0.0
0.0
0.0
0.0
0.0
0.0
0.0
0.0
-0.000119830395604
0.0
-4.83573101897e-05
0.0
0.0
0.0
0.0
0.0
0.0
0.0
0.0
0.0
0.0
-7.11256606761e-06
-7.11256606761e-06
-7.11256606761e-06
0.0
0.0
0.0
0.0
0.0
-0.000128844305326
-9.70047839569e-05
-7.55476830537e-05
-5.83927407214e-05
-4.68076287922e-05
-3.32496301637e-05
-3.22385099411e-05
0.0
0.0
0.0
0.0
0.0
0.0
0.0
0.0
0.0
0.0
0.0
0.0
0.0
0.0
0.0
0.0
0.0
0.0
0.0
0.0
0.0
0.0
0.0
0.0
0.0
-1.39131425362e-05
-0.000120521195429
-0.000105881457533
-0.000105531175221
0.0
0.0
0.0
0.0
0.0
0.0
0.0
0.0
0.0
0.0
0.0
-7.61646663893e-06
0.0
0.0
-8.32842493397e-06
0.0
0.0
0.0
0.0
-6.96139046092e-06
-7.15237546382e-06
-1.66622213212e-05
-3.57795259225e-05
-0.000119075084262
-0.000121609162906
0.0
-0.000117601507409
0.0
0.0
0.0
0.0
-3.65404581916e-05
-3.65404581916e-05
-3.65404581916e-05
-3.65404581916e-05
0.0
0.0
0.0
0.0
0.0
0.0
0.0
0.0
0.0
0.0
0.0
0.0
0.0
0.0
0.0
0.0
0.0
0.0
-3.35837480464e-05
-5.63701224816e-06
-3.40552712295e-05
0.0
0.0
0.0
0.0
0.0
0.0
0.0
0.0
0.0
0.0
0.0
0.0
0.0
0.0
0.0
0.0
0.0
0.0
0.0
0.0
0.0
0.0
0.0
0.0
0.0
0.0
0.0
0.0
0.0
0.0
0.0
0.0
0.0
0.0
0.0
0.0
0.0
0.0
0.0
0.0
0.0
0.0
0.0
0.0
0.0
0.0
0.0
0.0
0.0
0.0
0.0
0.0
0.0
0.0
0.0
0.0
0.0
0.0
0.0
0.0
0.0
0.0
0.0
0.0
0.0
0.0
0.0
0.0
0.0
0.0
0.0
0.0
0.0
0.0
0.0
0.0
0.0
0.0
0.0
0.0
0.0
0.0
0.0
0.0
0.0
0.0
0.0
0.0
0.0
0.0
0.0
0.0
0.0
0.0
0.0
0.0
0.0
0.0
0.0
0.0
0.0
0.0
0.0
0.0
0.0
0.0
0.0
0.0
0.0
0.0
0.0
0.0
0.0
0.0
0.0
0.0
0.0
0.0
0.0
0.0
0.0
0.0
0.0
0.0
0.0
0.0
0.0
0.0
0.0
0.0
0.0
0.0
0.0
0.0
0.0
0.0
0.0
0.0
0.0
0.0
-7.98254177733e-05
-6.35506488024e-05
-4.33903040475e-05
-4.23839042522e-05
0.0
0.0
0.0
0.0
-7.62134146704e-05
-6.11579068401e-05
-4.03785072724e-05
-3.92445561725e-05
0.0
0.0
0.0
0.0
0.0
0.0
0.0
0.0
0.0
0.0
0.0
0.0
0.0
0.0
0.0
0.0
0.0
0.0
0.0
0.0
-1.08618156862e-05
-9.05618624627e-05
0.0
0.0
0.0
0.0
0.0
0.0
0.0
0.0
0.0
0.0
0.0
0.0
0.0
0.0
0.0
0.0
0.0
0.0
0.0
0.0
0.0
0.0
0.0
0.0
0.0
0.0
0.0
0.0
0.0
0.0
0.0
0.0
0.0
0.0
0.0
0.0
0.0
0.0
0.0
0.0
0.0
0.0
0.0
0.0
0.0
0.0
0.0
0.0
0.0
0.0
0.0
0.0
0.0
