0.0
0.0
0.0
0.0
0.0
0.0
0.0
0.0
0.0
0.0
0.0
0.0
0.0
0.0
0.0
0.0
0.000871040066495
4.59701721134e-17
9.06393016198e-17
-2.29850860567e-17
4.40186082029e-17
-5.20417042793e-17
-1.04083408559e-17
2.35922392733e-16
-2.77555756156e-16
-0.000208055419381
1.11022302463e-16
-2.77555756156e-17
-1.38777878078e-17
0.0
2.8670810614e-05
-0.00036616018582
-4.33680868994e-19
0.0
0.0
0.0
0.0
0.0
2.06795153138e-25
-2.58493941423e-26
0.0
0.0
0.0161982837287
-0.00268324936518
0.0161982837287
1.54074395551e-33
0.0
0.0
0.0
0.0
0.0
0.0
0.0
0.0
0.0
0.0
0.0
0.0
0.0
0.0
0.0
0.0
0.0
0.0
0.0
0.0
0.0
0.0
0.0
0.0
0.0
0.0
0.0
0.0
0.0
0.0
0.0
0.0
0.0
0.0
0.0
0.0
0.0
0.0
0.0
0.0
0.0
0.0
0.0
0.0
0.0
0.0
0.0
0.0
0.0
0.0
0.0
0.0
0.0
0.0
0.0
0.0
0.0
0.0
0.0
0.0
0.0
0.0
0.0
0.0
0.0
0.0
0.0
0.0
0.0
0.0
0.0
0.0
0.0
0.0
0.0
0.0
0.0
0.0
0.0
0.0
0.0
0.0
0.0
0.0
0.0
0.0
0.0
0.0
0.0
0.0
0.0
0.0
0.0
0.0
0.0
0.0
0.0
0.0
0.0
0.0
0.0
0.0
0.0
0.0
0.0
0.0
0.0
0.0
0.0
0.0
0.0
0.0
0.0
0.0
0.0
0.0
0.0
0.0
0.0
0.0
0.0
0.0
0.0
0.0
0.0
0.0
0.0
0.0
0.0
0.0
-0.000860565630083
0.0
0.0
0.0
0.0
0.0
0.0
-0.000904708158874
0.0
0.0
0.0
0.0
0.0
0.0
0.0
0.0
0.0
0.0
0.0
0.0
0.0
0.0
0.0
0.0
0.0
0.0
0.0
0.0
0.0
0.0
0.0
0.0
2.8670810614e-05
0.0
0.0
0.0
-0.000301979241129
-0.000299773779985
-0.00026347594758
0.0
0.0
2.8670810614e-05
2.8670810614e-05
0.0
0.0
0.0
0.0
0.0
2.8670810614e-05
-0.000400072106726
0.0
0.0
2.8670810614e-05
0.0
-0.00026347594758
0.0
0.0
2.8670810614e-05
2.8670810614e-05
0.0
0.0
0.0
0.0
0.0
0.0
0.0
0.0
0.0
0.0
0.0
0.0
0.0
0.0
0.0
0.0
0.0
0.0
0.0
0.0
0.0
0.0
0.0
0.0
0.0
0.0
0.0
0.0
0.0
0.0
0.0
0.0
0.0
0.0
0.0
0.0
0.0
0.0
0.0
0.0
0.0
0.0
0.0
0.0
0.0
0.0
0.0
0.0
0.0
0.0
0.0
0.0
0.0
0.0
0.0
0.0
0.0
0.0
0.0
0.0
0.0
-0.00304137386609
0.0
-0.00209096304267
0.0161982837287
-0.00234324575976
-0.00199917611755
-0.00231977134855
-0.000178460177067
0.0
0.0
2.8670810614e-05
0.0
0.0
-0.000397546642794
-0.00028520205763
-0.000466224854751
0.0
0.0
0.0
0.0
0.0
0.0
0.0
0.0
0.0
0.0
0.0
0.0
0.0
0.0
0.0
-0.000170457442972
2.8670810614e-05
0.0
0.0
2.8670810614e-05
-0.00036467575188
0.0
0.0
0.0
0.0
0.0
0.0
0.0
0.0
0.0
0.0
0.0
0.0
0.0
0.0
0.0
0.0
0.0
0.0
0.0
0.0
0.0
0.0
-0.000337712039473
0.0
0.0
0.0
0.0
0.0
2.8670810614e-05
0.0
-0.000253531801118
0.0
0.0
0.0
0.0
0.0
0.0
0.0
0.0
0.0
0.0
0.0
0.0
0.0
0.0
0.0
0.0
0.0
0.0
0.0
-0.000685082647359
0.0
-0.00014290706267
0.0
0.0
0.0
2.8670810614e-05
-0.000494863486546
0.0
0.0
0.0
0.0
0.0
0.0
0.0
0.0
-0.00124427278566
-0.00120885495522
-0.00119949645218
0.0
0.0
0.0
0.0
0.0
0.0
-0.000313732418374
-0.000852185288695
-0.00216402259072
-0.00320493209261
0.0
0.0
0.0
0.0
2.8670810614e-05
2.8670810614e-05
2.8670810614e-05
0.0
0.0
0.0
0.0
0.0
0.0
0.0
0.0
0.0
0.0
0.0
0.0
0.0
0.0
0.0
0.0
0.0
0.0
0.0
0.0
0.0
0.0
0.0
2.8670810614e-05
0.0
0.0
-0.000397546642794
-0.00028520205763
-0.000466224854751
-0.00265732725261
0.0
-0.000303278286351
-0.00117192436424
2.8670810614e-05
0.0
-0.000106105937063
-0.000106105937063
0.0
0.0
0.0
0.0
-0.000693563506456
0.0
0.0
0.0
0.0
0.0
-0.00150410270263
0.0
0.0
0.0
0.0
0.0
0.0
0.0
0.0
0.0
0.0
0.0
0.0
0.0
0.0
0.0
0.0164613100266
-0.00268946913045
0.0164613100266
0.0
0.0
0.0
0.193315663804
0.00436872258846
0.00673246689979
0.0
0.0104450744882
0.0
0.0
0.0
0.0
0.0
0.0
0.0
0.0
0.0
0.0
0.0
0.0
0.0
0.0
0.0
0.0
0.0
0.0
0.0
0.0
0.0
0.0
0.0
0.0
0.0
0.0
0.0
0.0
0.0
0.0
0.0
0.0
0.0
0.0
0.0
0.345293877104
0.345293877104
0.345293877104
0.345293877104
0.345293877104
0.345293877104
0.345293877104
0.345293877104
0.0
0.0
0.0
0.0
0.0
0.0
0.0
0.0
0.0
0.0
0.0
0.0
0.0
0.0
0.0
0.0
0.0
0.0
0.0
0.0
0.0
-7.94791300038e-05
0.0
0.0
-0.00151238863642
0.0
0.0
0.0
0.0
0.0
0.0
0.0
0.0
0.0
0.0
0.0
0.0
0.0
0.0
0.0
-0.00268946913045
0.0
0.0
0.0
0.0
0.0
0.0
0.0
0.00188556903973
0.000433701861213
-0.000232930468622
0.00188556903973
0.0
0.000336514033115
0.0164613100266
0.0
0.00120138886348
-0.000712761153067
0.000253951029926
0.000225882421353
0.000327047782502
-0.000267694792697
-0.000267694792697
0.00117733444602
0.0
0.0
0.0
0.0
0.0
0.0
0.0
0.0
0.0
0.0
0.0
0.0
0.0
0.0
0.0
0.0
0.0
0.0
0.0
0.0
0.0
0.0
0.0
0.0
0.0
0.0
0.0
0.0
0.0
0.0
0.0
0.0
0.0
0.0
0.0
0.0
0.0
0.0
0.0
0.0
0.0
0.0
0.0
0.0
0.0
0.0
0.0
0.0
0.0
0.0
0.0
0.0
0.0
0.0
0.0
0.0
0.0
0.0
0.0
0.0
0.0
0.0
0.0
0.0
0.0
0.0
0.0
0.0
0.0
0.0
0.0
0.0
0.0
0.0
0.0
0.0
0.0
0.0
0.0
0.0
0.0
0.0
0.0
0.0
-0.00416527666825
0.0
-0.00136071596727
0.0
0.0
0.0
0.0
0.0
0.0
0.0
0.0
0.0
0.0
-1.26542340847e-05
-1.26542340847e-05
-1.26542340847e-05
0.0
0.0
0.0
0.0
0.0
-0.00352472776371
-0.00312479639436
-0.00299119596856
-0.00287646860314
-0.00266888551319
-0.0025528237155
-0.00325255278558
0.0
0.0
0.0
0.0
0.0
0.0
0.0
0.0
0.0
0.0
0.0
0.0
0.0
0.0
0.0
0.0
0.0
0.0
0.0
0.0
0.0
0.0
0.0
0.0
0.0
0.0
0.0
0.0
0.0
0.0
0.0
0.0
0.0
0.0
0.0
0.0
0.0
0.0
0.0
0.0
-0.000279390538359
0.0
0.0
0.0
0.0
0.0
0.0
0.0
0.000774656580582
-0.000269777167379
-0.000124242020652
-0.000880502711246
-0.00140812904435
-0.00420535307107
0.0
-0.000390040014547
0.0
0.0
0.0
0.0
-0.00347249668857
-0.00347249668857
-0.00347249668857
-0.00347249668857
0.0
0.0
0.0
0.0
0.0
0.0
0.0
0.0
0.0
0.0
0.0
0.0
0.0
0.0
0.0
0.0
0.0
0.0
0.00672113859084
-0.000250081891275
0.00666882243049
0.0
0.0
0.0
0.0164613100266
0.0
0.0
0.0
-0.00268946913045
0.0
0.0
0.0
0.0
-0.000765462991493
0.000816862646026
-0.000482556021983
0.000433701861213
-0.000241533961437
-0.000492507295296
0.0164613100266
0.0
0.0
0.0
0.0
-0.00263482653451
0.0
-0.00268946913045
-0.000336100515644
0.0
0.0
0.0
0.0
0.0
0.0
0.0
0.0
0.0
0.0
0.0
0.0
0.0
0.0
0.0
0.0
0.0
0.0
0.0
0.0
0.0
0.0
0.0
0.0
0.0
0.0
0.0
0.0
0.0
0.0
0.0
0.0
0.0
0.0
0.0
0.0
0.0
0.0
0.0
0.0
0.0
0.0
0.0
0.0
0.0
0.0
0.0
0.0
0.0
0.0
0.0
0.0
0.0
0.0
0.0
0.0
0.0
0.0
0.0
0.0
0.0
0.0
0.0
0.0
0.0
0.0
0.0
0.0
0.0
0.0
0.0
0.0
0.0
0.0
0.0
0.0
0.0
0.0
0.0
0.0
0.0
0.0
0.0
0.0
0.0
0.0
0.0
0.0
0.0
0.0
0.0
0.0
0.0
0.0
0.0
0.0
0.0
0.0
0.0
0.0
0.0
0.0
0.0
0.0
0.0
0.0
0.0
0.0
0.0
0.0
0.0
0.0
0.0
2.8670810614e-05
2.8670810614e-05
2.8670810614e-05
2.8670810614e-05
0.0
0.0
0.0
0.0
0.000196046678881
3.52663625932e-05
-4.34183209342e-05
-0.00032620972924
0.0
0.0
0.0
0.0
0.0
0.0
0.0
0.0
0.0
0.0
0.0
0.0
0.0
0.0
0.0
0.0
0.0
0.0
0.0
0.0
0.00244701883619
-0.00370477306197
0.0
0.0
0.0
0.0
0.0
0.0
0.0
0.0
0.0
0.0
0.0
0.0
0.0
0.0
0.0
0.0
0.0
0.0
0.0
0.0
0.0
0.0
0.0
0.0
0.0
0.0
0.0
0.0
0.0
0.0
0.0
0.0
0.0
0.0
0.0
0.0
0.0
0.0
0.0
0.0
0.0
0.0
0.0
0.0
0.0
0.0
0.0
0.0
0.0
0.0
0.0
0.0
0.0
0.0
0.0
0.0
0.0
0.0
0.0
0.0
0.0
0.0
0.0
0.0
0.0
0.0
0.0
0.0
0.0
-0.00106948459932
0.0
-0.000698979777489
-0.000447103338817
0.0
0.0
0.0
0.0
-0.000504138918988
0.000363589141625
0.0
0.0
0.0004613544273
0.0
6.21449561749e-05
0.000396561497842
0.0
0.0
0.0
0.0
0.0
0.0
0.0
0.0
0.0
0.0
0.0
0.0
0.0
0.0
0.0
0.0
0.0
0.0
0.0
0.0
0.0
0.0
0.0
0.0
0.0
0.0
0.0
0.0
0.0
0.0
0.0
0.0
0.0
0.0
0.0
0.0
0.0
0.0
0.0
0.0
0.0
0.0
0.0
0.0
0.0
0.0
0.0
0.0
0.0
0.0
0.0
0.0
0.0
0.0
0.0
0.0
0.0
0.0
0.0
0.0
0.0
0.0
0.0
0.0
0.0
0.0
0.0
0.0
0.0
0.0
0.0
0.0
0.0
0.0
0.0
0.0
0.0
0.0
0.0
0.0
0.0
0.0
0.0
0.0
0.0
0.0
0.0
0.0
0.0
0.0
0.0
0.0
0.0
0.0
0.0
0.0
0.0
0.0
0.0
0.0
0.0
0.0
0.0
0.0
0.0
0.0
0.0
0.0
0.0
0.0
0.0
0.0
0.0
0.0
0.0
0.0
0.0
0.0
0.0
0.0
0.0
0.0
0.0
0.0
0.0
0.0
0.0
0.0
0.0
0.0
0.0
0.0
0.0
0.0
0.0
0.0
0.0
0.0
0.0
0.0
0.0
0.0
0.0
0.0
-0.00121692414014
0.0
0.0
0.0
0.0
0.0
-0.00033691894914
-0.00167329797349
0.0
0.0
0.0
0.0
0.0
0.0
0.0
0.0
0.0
0.0
0.0
0.0
0.0
0.0
0.0
-0.000813311737958
0.0
0.0
0.0
0.0
0.0
0.0
0.0
0.0
6.21449561749e-05
-0.000463258324504
2.8670810614e-05
0.0
-0.00380427140811
-0.000470636913519
-0.00100213498069
0.0
-0.00103778020713
6.21449561749e-05
6.21449561749e-05
2.8670810614e-05
0.0
0.0
0.0
0.0
6.21449561749e-05
0.000162267575124
0.0
-0.00335502875386
6.21449561749e-05
-0.000550101706456
-0.000575223451101
0.0
-0.00103778020713
6.21449561749e-05
6.21449561749e-05
2.8670810614e-05
0.0
0.0
0.0
0.0
0.0
0.0
0.0
0.0
0.0
0.0
0.0
0.0
2.8670810614e-05
0.0
0.0
0.0
0.0
0.0
0.0
0.0
-0.000987948735004
-0.000375181072317
-0.0266663750349
-0.0266663750349
-0.0266663750349
0.0
-0.0266663750349
0.0
-0.0266663750349
-0.0266663750349
0.0
0.0
0.0
0.0
0.0
0.0
0.0
0.0
0.0
0.0
0.0
0.0
0.0
0.0
0.0
0.0
0.0
0.0
0.0
0.0
0.0
0.0
0.00639308817459
0.00639308817459
0.00639308817459
0.00639308817459
0.00639308817459
0.00639308817459
0.00639308817459
0.00639308817459
-0.00111331348246
0.00353722432934
-0.00165805288676
-0.00029532363489
-0.00187026987472
-0.00153800884896
-0.00241292885379
-0.000289372842186
0.0
0.0
6.21449561749e-05
-0.000327829422821
0.0
-0.000217178197454
-0.000767820481051
-0.000211062789205
0.0
0.0
0.0
0.0
0.000417777734522
0.0
-0.00404919948256
0.0
-0.000850144442946
0.0
-0.00153289296273
0.000485978151626
-0.000427314623738
-0.00099305553835
-0.00099305553835
-0.000698386092706
6.21449561749e-05
-0.000456543130657
0.000714738433806
6.21449561749e-05
-0.00465305529065
0.0
0.0
0.0
-0.000451670056557
-0.00052297613151
-0.000497026502354
0.0
0.0
0.0
0.0
0.0
0.0
0.0
0.0
0.0
0.0
0.0
0.0
0.0
-0.00644373550576
-0.00679479645915
-0.00668457594801
-0.00028130969658
0.0
0.0
0.0
0.0
0.0
6.21449561749e-05
0.0
-0.00394700737849
0.0
0.0
0.0
0.0
0.0
0.0
0.0
0.0
0.0
0.0
0.0
0.0
0.0
0.0
0.0
0.0
0.0
0.0
0.0
-0.000567076303899
-0.000361259127183
0.000335234598027
0.0
0.0
0.0
6.21449561749e-05
-0.00335475577872
0.0
-0.000514658732592
-0.000987948735004
-0.00246474051405
0.0
0.0
0.0
-0.00156539195759
-0.00129822754686
-0.000493597960833
-0.000485276942476
0.0
0.0
0.0
0.0
0.0
0.0
-0.000336711138586
-0.000729826656541
-0.0038793970352
-0.00282224911811
0.0
0.0
0.0
0.0
-6.67774139479e-05
6.21449561749e-05
6.21449561749e-05
0.0
0.0
0.0
0.0
0.0
0.0
0.0
0.0
0.0
0.0
0.0
0.0
0.0
0.0
0.0
0.0
0.0
0.0
0.0
0.0
0.0
0.0
0.0
6.21449561749e-05
-0.000327829422821
0.0
-0.000217178197454
-0.000767820481051
-0.000211062789205
-0.00111936223299
-0.000443968306546
-0.000598955396847
-0.000364866664113
6.21449561749e-05
-0.00671903026349
-0.000196511094933
-0.000196511094933
0.0
0.0
0.0
-0.0266663750349
-0.0031264892283
0.0
0.0
0.0
0.0
0.0
-0.00321550399899
0.0
-0.000813311737958
-0.000813311737958
0.0
0.0
0.0
0.0
0.0
0.0
0.0
0.0
0.0
0.0
0.0
0.0
0.0
0.0
0.0
0.0
0.0
0.0
-0.00307357225316
-0.00324367203923
-0.00374428463567
0.0
-0.00374428463567
0.0
0.0
0.0
0.0
0.0
0.000485978151626
-0.000190227288823
0.0
0.0
0.0
0.0
0.0
0.0
0.0
0.0
0.0
0.0
0.0
0.0
0.0
0.0
0.0
0.0
0.0
0.0
0.0
0.0
0.0
0.0
0.0
0.0
0.0
0.0
0.0
0.0
0.0
0.0
0.0
0.0
0.0
0.0
0.0
0.0
-0.00167469410624
-0.00117421208758
0.0
0.0
0.0
0.0
0.0
0.0
0.0
0.0
0.0
0.0
0.0
0.0
0.0
0.0
0.0
0.0
0.0
0.0
-0.0036512168651
-0.00210124540033
-0.00209853695632
0.0
-0.00101275792178
0.0
0.0
0.0
0.0
0.0
0.0
0.0
0.0
-0.0042760479244
-0.00324516780989
0.0
0.0
0.0
0.0
0.0
0.0
0.0
0.0
0.0
0.0
0.0
0.0
0.0
-0.00287811768778
-0.00214055306131
-0.00168170293915
-0.00170037067872
-0.00125751107386
0.0
0.0
0.0
-0.000336646122397
-0.00366925817919
-0.00272824923323
-0.00272886190488
-0.00210730356889
-0.00159053139913
-0.00152759029082
-0.00128844748422
0.0
0.00133316572265
0.00133316572265
0.00133316572265
0.0
0.0
0.0
0.0
0.0
0.0
0.0
0.0
0.0
0.0
0.0
0.0
0.0
0.0
0.0
0.0
0.0
0.0
0.0
0.0
0.0
0.0
0.0
0.0
0.0
0.0
0.0
0.0
0.0
0.0
-0.000250081891275
-0.000250081891275
-0.000250081891275
0.0
0.0
0.0
0.0
0.0
0.0
0.0
0.0
0.0
0.0
0.0
0.0
0.0
0.0
0.0
0.0
0.0
0.0
0.0
0.0
0.0
0.0
0.0
0.0
0.0
0.0
0.0
0.0
0.0
0.0
0.0
0.0
0.0
0.0
0.0
0.0
0.0
0.0
0.0
0.0
0.0
0.0
0.0
0.0
0.0
0.0
0.0
-0.00324124048482
0.0
-0.0014371470613
0.0
0.0
0.0
0.0
0.0
0.0
0.0
0.0
0.0
0.0
-0.000254828512753
-0.000254828512753
-0.000254828512753
0.0
0.0
0.0
0.0
0.0
-0.00537959944896
-0.00476928192148
-0.00446831133363
-0.00405799981251
-0.00376867786459
-0.00204127458207
-0.00200108371358
0.0
0.0
0.0
0.0
0.0
0.0
0.0
0.0
0.0
0.0
0.0
0.0
0.0
0.0
0.0
0.0
0.0
0.0
0.0
0.0
0.0
0.0
0.0
0.0
0.0
-0.000522509551918
-0.00410019415528
-0.0036105426948
-0.00366365297803
0.0
0.0
0.0
0.0
0.0
0.0
0.0
0.0
0.0
0.0
0.0
-0.00031329916351
0.0
0.0
-0.000266818034472
0.0
0.0
0.0
0.0
-0.000188383777579
-0.00016600630827
-0.000463585580799
-0.000966033441982
-0.00321865352544
-0.00350018577903
0.0
-0.00266195441474
0.0
0.0
0.0
0.0
-0.00152196465897
-0.00152196465897
-0.00152196465897
-0.00152196465897
0.0
0.0
0.0
0.0
0.0
0.0
0.0
0.0
0.0
0.0
0.0
0.0
0.0
0.0
0.0
0.0
0.0
0.0
-0.00112376203237
-0.00016506425939
-0.00113570164681
0.0
0.0
0.0
0.0
0.0
0.0
0.0
0.0
0.0
0.0
0.0
0.0
0.0
0.0
0.0
0.0
0.0
0.0
0.0
0.0
0.0
0.0
0.0
0.0
0.0
0.0
0.0
0.0
0.0
0.0
0.0
0.0
0.0
0.0
0.0
0.0
0.0
0.0
0.0
0.0
0.0
0.0
0.0
0.0
0.0
0.0
0.0
0.0
0.0
0.0
0.0
0.0
0.0
0.0
0.0
0.0
0.0
0.0
0.0
0.0
0.0
0.0
0.0
0.0
0.0
0.0
0.0
0.0
0.0
0.0
0.0
0.0
0.0
0.0
0.0
0.0
0.0
0.0
0.0
0.0
0.0
0.0
0.0
0.0
0.0
0.0
0.0
0.0
0.0
0.0
0.0
0.0
0.0
0.0
0.0
0.0
0.0
0.0
0.0
0.0
0.0
0.0
0.0
0.0
0.0
0.0
0.0
0.0
0.0
0.0
0.0
0.0
0.0
0.0
0.0
0.0
0.0
0.0
0.0
0.0
0.0
0.0
0.0
0.0
0.0
0.0
0.0
0.0
0.0
0.0
0.0
0.0
0.0
0.0
0.0
0.0
0.0
0.0
0.0
0.0
-0.00271811385057
-0.00276141590707
-0.0023380641621
-0.00232490393655
0.0
0.0
0.0
0.0
-0.00119819227545
-0.0021447781707
-0.00155335770624
-0.00150642552187
0.0
0.0
0.0
0.0
0.0
0.0
0.0
0.0
0.0
0.0
0.0
0.0
0.0
0.0
0.0
0.0
0.0
0.0
0.0
0.0
-0.00029409716566
-0.00243616110418
0.0
0.0
0.0
0.0
0.0
0.0
0.0
0.0
0.0
0.0
0.0
0.0
0.0
0.0
0.0
0.0
0.0
0.0
0.0
0.0
0.0
0.0
0.0
0.0
0.0
0.0
0.0
0.0
0.0
0.0
0.0
0.0
0.0
0.0
0.0
0.0
0.0
0.0
0.0
0.0
0.0
0.0
0.0
0.0
0.0
0.0
0.0
0.0
0.0
0.0
0.0
0.0
0.0
