0.0
0.0
0.0
0.0
0.0
0.0
0.0
0.0
0.0
0.0
0.0
0.0
0.0
0.0
0.0
0.0
8.32882188814e-05
0.0
0.0
0.0
0.0
0.0
0.0
0.0
0.0
9.7169588695e-05
0.0
0.0
0.0
0.0
1.38813698136e-05
0.000138813698136
0.0
0.0
0.0
0.0
0.0
0.0
0.0
0.0
0.0
0.0
0.000249864656644
0.00456697066867
0.000249864656644
0.0
0.0
0.0
0.0
0.0
0.0
0.0
0.0
0.0
0.0
0.0
0.0
0.0
0.0
0.0
0.0
0.0
0.0
0.0
0.0
0.0
0.0
0.0
0.0
0.0
0.0
0.0
0.0
0.0
0.0
0.0
0.0
0.0
0.0
0.0
0.0
0.0
0.0
0.0
0.0
0.0
0.0
0.0
0.0
0.0
0.0
0.0
0.0
0.0
0.0
0.0
0.0
0.0
0.0
0.0
0.0
0.0
0.0
0.0
0.0
0.0
0.0
0.0
0.0
0.0
0.0
0.0
0.0
0.0
0.0
0.0
0.0
0.0
0.0
0.0
0.0
0.0
0.0
0.0
0.0
0.0
0.0
0.0
0.0
0.0
0.0
0.0
0.0
0.0
0.0
0.0
0.0
0.0
0.0
0.0
0.0
0.0
0.0
0.0
0.0
0.0
0.0
0.0
0.0
0.0
0.0
0.0
0.0
0.0
0.0
0.0
0.0
0.0
0.0
0.0
0.0
0.0
0.0
0.0
0.0
0.0
0.0
0.0
0.0
0.0
0.0
0.0
0.0
0.0
0.0
0.0
0.000749593969933
0.0
0.0
0.0
0.0
0.0
0.0
0.000819000819001
0.0
0.0
0.0
0.0
0.0
0.0
0.0
0.0
0.0
0.0
0.0
0.0
0.0
0.0
0.0
0.0
0.0
0.0
0.0
0.0
0.0
0.0
0.0
0.0
1.38813698136e-05
0.0
0.0
0.0
0.000152695067949
9.7169588695e-05
0.000138813698136
0.0
0.0
1.38813698136e-05
1.38813698136e-05
0.0
0.0
0.0
0.0
0.0
1.38813698136e-05
9.7169588695e-05
0.0
0.0
1.38813698136e-05
0.0
0.000138813698136
0.0
0.0
1.38813698136e-05
1.38813698136e-05
0.0
0.0
0.0
0.0
0.0
0.0
0.0
0.0
0.0
0.0
0.0
0.0
0.0
0.0
0.0
0.0
0.0
0.0
0.0
0.0
0.0
0.0
0.0
0.0
0.0
0.0
0.0
0.0
0.0
0.0
0.0
0.0
0.0
0.0
0.0
0.0
0.0
0.0
0.0
0.0
0.0
0.0
0.0
0.0
0.0
0.0
0.0
0.0
0.0
0.0
0.0
0.0
0.0
0.0
0.0
0.0
0.0
0.0
0.0
0.0
0.0
0.0146032010439
0.0
0.00624661641611
0.000249864656644
0.00805119449187
0.00556642929524
0.0148253029609
0.000235983286831
0.0
0.0
1.38813698136e-05
0.0
0.0
9.7169588695e-05
0.000138813698136
0.000360915615153
0.0
0.0
0.0
0.0
0.0
0.0
0.0
0.0
0.0
0.0
0.0
0.0
0.0
0.0
0.0
9.7169588695e-05
1.38813698136e-05
0.0
0.0
1.38813698136e-05
0.000138813698136
0.0
0.0
0.0
0.0
0.0
0.0
0.0
0.0
0.0
0.0
0.0
0.0
0.0
0.0
0.0
0.0
0.0
0.0
0.0
0.0
0.0
0.0
0.000138813698136
0.0
0.0
0.0
0.0
0.0
1.38813698136e-05
0.0
0.000180457807576
0.0
0.0
0.0
0.0
0.0
0.0
0.0
0.0
0.0
0.0
0.0
0.0
0.0
0.0
0.0
0.0
0.0
0.0
0.0
0.00124932328322
0.0
9.7169588695e-05
0.0
0.0
0.0
1.38813698136e-05
0.000596898901984
0.0
0.0
0.0
0.0
0.0
0.0
0.0
0.0
0.00334541012507
0.00108274684546
0.00109662821527
0.0
0.0
0.0
0.0
0.0
0.0
0.000235983286831
0.00126320465304
0.00989741667708
0.025611127306
0.0
0.0
0.0
0.0
1.38813698136e-05
1.38813698136e-05
1.38813698136e-05
0.0
0.0
0.0
0.0
0.0
0.0
0.0
0.0
0.0
0.0
0.0
0.0
0.0
0.0
0.0
0.0
0.0
0.0
0.0
0.0
0.0
0.0
0.0
1.38813698136e-05
0.0
0.0
9.7169588695e-05
0.000138813698136
0.000360915615153
0.00292896903066
0.0
9.7169588695e-05
0.000999458626577
1.38813698136e-05
0.0
1.38813698136e-05
1.38813698136e-05
0.0
0.0
0.0
0.0
0.000235983286831
0.0
0.0
0.0
0.0
0.0
0.00134649287192
0.0
0.0
0.0
0.0
0.0
0.0
0.0
0.0
0.0
0.0
0.0
0.0
0.0
0.0
0.0
0.000249864656644
0.00456697066867
0.000249864656644
0.0
0.0
0.0
0.0162689654215
0.00796790627299
0.00660753203126
0.0
0.0101889254432
0.0
0.0
0.0
0.0
0.0
0.0
0.0
0.0
0.0
0.0
0.0
0.0
0.0
0.0
0.0
0.0
0.0
0.0
0.0
0.0
0.0
0.0
0.0
0.0
0.0
0.0
0.0
0.0
0.0
0.0
0.0
0.0
0.0
0.0
0.0
0.00416441094407
0.00416441094407
0.00416441094407
0.00416441094407
0.00416441094407
0.00416441094407
0.00416441094407
0.00416441094407
0.0
0.0
0.0
0.0
0.0
0.0
0.0
0.0
0.0
0.0
0.0
0.0
0.0
0.0
0.0
0.0
0.0
0.0
0.0
0.0
0.0
1.38813698136e-05
0.0
0.0
0.00385902080817
0.0
0.0
0.0
0.0
0.0
0.0
0.0
0.0
0.0
0.0
0.0
0.0
0.0
0.0
0.0
0.00456697066867
0.0
0.0
0.0
0.0
0.0
0.0
0.0
9.7169588695e-05
0.000138813698136
0.000138813698136
9.7169588695e-05
0.0
0.000596898901984
0.000249864656644
0.0
0.000124932328322
0.00122156054359
8.32882188814e-05
0.000541373422729
0.000485847943475
0.000152695067949
0.000152695067949
8.32882188814e-05
0.0
0.0
0.0
0.0
0.0
0.0
0.0
0.0
0.0
0.0
0.0
0.0
0.0
0.0
0.0
0.0
0.0
0.0
0.0
0.0
0.0
0.0
0.0
0.0
0.0
0.0
0.0
0.0
0.0
0.0
0.0
0.0
0.0
0.0
0.0
0.0
0.0
0.0
0.0
0.0
0.0
0.0
0.0
0.0
0.0
0.0
0.0
0.0
0.0
0.0
0.0
0.0
0.0
0.0
0.0
0.0
0.0
0.0
0.0
0.0
0.0
0.0
0.0
0.0
0.0
0.0
0.0
0.0
0.0
0.0
0.0
0.0
0.0
0.0
0.0
0.0
0.0
0.0
0.0
0.0
0.0
0.0
0.0
0.0
0.0387012590402
0.0
0.00512222546121
0.0
0.0
0.0
0.0
0.0
0.0
0.0
0.0
0.0
0.0
8.32882188814e-05
8.32882188814e-05
8.32882188814e-05
0.0
0.0
0.0
0.0
0.0
0.0280542483932
0.015338913644
0.00914782270714
0.00558031066506
0.00395619039687
0.00323435916656
0.00267910437402
0.0
0.0
0.0
0.0
0.0
0.0
0.0
0.0
0.0
0.0
0.0
0.0
0.0
0.0
0.0
0.0
0.0
0.0
0.0
0.0
0.0
0.0
0.0
0.0
0.0
0.0
0.0
0.0
0.0
0.0
0.0
0.0
0.0
0.0
0.0
0.0
0.0
0.0
0.0
0.0
8.32882188814e-05
0.0
0.0
0.0
0.0
0.0
0.0
0.0
9.7169588695e-05
9.7169588695e-05
9.7169588695e-05
0.00130484876248
0.00390066491761
0.0289010119519
0.0
0.00126320465304
0.0
0.0
0.0
0.0
0.00213773095129
0.00213773095129
0.00213773095129
0.00213773095129
0.0
0.0
0.0
0.0
0.0
0.0
0.0
0.0
0.0
0.0
0.0
0.0
0.0
0.0
0.0
0.0
0.0
0.0
0.00635766737462
5.55254792543e-05
0.00641319285387
0.0
0.0
0.0
0.000249864656644
0.0
0.0
0.0
0.00456697066867
0.0
0.0
0.0
0.0
0.00159635752856
8.32882188814e-05
0.000652424381238
0.000138813698136
0.00019433917739
0.000680187120865
0.000249864656644
0.0
0.0
0.0
0.0
0.0138674884438
0.0
0.00456697066867
0.000319271505712
0.0
0.0
0.0
0.0
0.0
0.0
0.0
0.0
0.0
0.0
0.0
0.0
0.0
0.0
0.0
0.0
0.0
0.0
0.0
0.0
0.0
0.0
0.0
0.0
0.0
0.0
0.0
0.0
0.0
0.0
0.0
0.0
0.0
0.0
0.0
0.0
0.0
0.0
0.0
0.0
0.0
0.0
0.0
0.0
0.0
0.0
0.0
0.0
0.0
0.0
0.0
0.0
0.0
0.0
0.0
0.0
0.0
0.0
0.0
0.0
0.0
0.0
0.0
0.0
0.0
0.0
0.0
0.0
0.0
0.0
0.0
0.0
0.0
0.0
0.0
0.0
0.0
0.0
0.0
0.0
0.0
0.0
0.0
0.0
0.0
0.0
0.0
0.0
0.0
0.0
0.0
0.0
0.0
0.0
0.0
0.0
0.0
0.0
0.0
0.0
0.0
0.0
0.0
0.0
0.0
0.0
0.0
0.0
0.0
0.0
0.0
0.0
0.0
1.38813698136e-05
1.38813698136e-05
1.38813698136e-05
1.38813698136e-05
0.0
0.0
0.0
0.0
8.32882188814e-05
9.7169588695e-05
0.000124932328322
0.000541373422729
0.0
0.0
0.0
0.0
0.0
0.0
0.0
0.0
0.0
0.0
0.0
0.0
0.0
0.0
0.0
0.0
0.0
0.0
0.0
0.0
9.7169588695e-05
0.0316217604353
0.0
0.0
0.0
0.0
0.0
0.0
0.0
0.0
0.0
0.0
0.0
0.0
0.0
0.0
0.0
0.0
0.0
0.0
0.0
0.0
0.0
0.0
0.0
0.0
0.0
0.0
0.0
0.0
0.0
0.0
0.0
0.0
0.0
0.0
0.0
0.0
0.0
0.0
0.0
0.0
0.0
0.0
0.0
0.0
0.0
0.0
0.0
0.0
0.0
0.0
0.0
0.0
0.0
0.0
0.0
0.0
0.0
0.0
0.0
0.0
0.0
0.0
0.0
0.0
0.0
0.0
0.0
0.0
0.0
0.001638001638
0.0
0.000624661641611
0.000124932328322
0.0
0.0
0.0
0.0
6.94068490679e-05
0.000124932328322
0.0
0.0
8.32882188814e-05
0.0
1.38813698136e-05
0.000138813698136
0.0
0.0
0.0
0.0
0.0
0.0
0.0
0.0
0.0
0.0
0.0
0.0
0.0
0.0
0.0
0.0
0.0
0.0
0.0
0.0
0.0
0.0
0.0
0.0
0.0
0.0
0.0
0.0
0.0
0.0
0.0
0.0
0.0
0.0
0.0
0.0
0.0
0.0
0.0
0.0
0.0
0.0
0.0
0.0
0.0
0.0
0.0
0.0
0.0
0.0
0.0
0.0
0.0
0.0
0.0
0.0
0.0
0.0
0.0
0.0
0.0
0.0
0.0
0.0
0.0
0.0
0.0
0.0
0.0
0.0
0.0
0.0
0.0
0.0
0.0
0.0
0.0
0.0
0.0
0.0
0.0
0.0
0.0
0.0
0.0
0.0
0.0
0.0
0.0
0.0
0.0
0.0
0.0
0.0
0.0
0.0
0.0
0.0
0.0
0.0
0.0
0.0
0.0
0.0
0.0
0.0
0.0
0.0
0.0
0.0
0.0
0.0
0.0
0.0
0.0
0.0
0.0
0.0
0.0
0.0
0.0
0.0
0.0
0.0
0.0
0.0
0.0
0.0
0.0
0.0
0.0
0.0
0.0
0.0
0.0
0.0
0.0
0.0
0.0
0.0
0.0
0.0
0.0
0.0
0.000721831230306
0.0
0.0
0.0
0.0
0.0
0.000235983286831
0.000791238079374
0.0
0.0
0.0
0.0
0.0
0.0
0.0
0.0
0.0
0.0
0.0
0.0
0.0
0.0
0.0
0.000499729313289
0.0
0.0
0.0
0.0
0.0
0.0
0.0
0.0
1.38813698136e-05
9.7169588695e-05
1.38813698136e-05
0.0
0.0315801163259
0.000166576437763
0.00131873013229
0.0
0.000263746026458
1.38813698136e-05
1.38813698136e-05
1.38813698136e-05
0.0
0.0
0.0
0.0
1.38813698136e-05
0.000166576437763
0.0
0.000305390135899
1.38813698136e-05
6.94068490679e-05
0.00019433917739
0.0
0.000263746026458
1.38813698136e-05
1.38813698136e-05
1.38813698136e-05
0.0
0.0
0.0
0.0
0.0
0.0
0.0
0.0
0.0
0.0
0.0
0.0
1.38813698136e-05
0.0
0.0
0.0
0.0
0.0
0.0
0.0
0.000305390135899
8.32882188814e-05
0.0375907494552
0.0375907494552
0.0375907494552
0.0
0.0375907494552
0.0
0.0375907494552
0.0375907494552
0.0
0.0
0.0
0.0
0.0
0.0
0.0
0.0
0.0
0.0
0.0
0.0
0.0
0.0
0.0
0.0
0.0
0.0
0.0
0.0
0.0
0.0
0.000180457807576
0.000180457807576
0.000180457807576
0.000180457807576
0.000180457807576
0.000180457807576
0.000180457807576
0.000180457807576
0.0106192479074
0.000235983286831
0.00588570080096
0.000249864656644
0.00770416024653
0.00538597148767
0.0162689654215
0.000235983286831
0.0
0.0
1.38813698136e-05
8.32882188814e-05
0.0
9.7169588695e-05
0.0010272213662
8.32882188814e-05
0.0
0.0
0.0
0.0
9.7169588695e-05
0.0
0.0409083968406
0.0
0.00151306930968
0.0
0.00513610683102
6.94068490679e-05
5.55254792543e-05
0.00136037424173
0.00136037424173
0.00138813698136
1.38813698136e-05
6.94068490679e-05
5.55254792543e-05
1.38813698136e-05
0.0424908729993
0.0
0.0
0.0
8.32882188814e-05
9.7169588695e-05
6.94068490679e-05
0.0
0.0
0.0
0.0
0.0
0.0
0.0
0.0
0.0
0.0
0.0
0.0
0.0
0.0330237787865
0.0392842765724
0.0401588028707
0.00019433917739
0.0
0.0
0.0
0.0
0.0
1.38813698136e-05
0.0
0.0379794278099
0.0
0.0
0.0
0.0
0.0
0.0
0.0
0.0
0.0
0.0
0.0
0.0
0.0
0.0
0.0
0.0
0.0
0.0
0.0
0.000888407668069
9.7169588695e-05
0.000124932328322
0.0
0.0
0.0
1.38813698136e-05
0.0270131456572
0.0
0.000360915615153
0.000305390135899
0.0161440330932
0.0
0.0
0.0
0.000208220547204
0.00106886547565
0.000208220547204
0.000208220547204
0.0
0.0
0.0
0.0
0.0
0.0
0.000263746026458
0.00144366246061
0.0381460042477
0.0195172059579
0.0
0.0
0.0
0.0
5.55254792543e-05
1.38813698136e-05
1.38813698136e-05
0.0
0.0
0.0
0.0
0.0
0.0
0.0
0.0
0.0
0.0
0.0
0.0
0.0
0.0
0.0
0.0
0.0
0.0
0.0
0.0
0.0
0.0
0.0
1.38813698136e-05
8.32882188814e-05
0.0
9.7169588695e-05
0.0010272213662
8.32882188814e-05
0.000513610683102
5.55254792543e-05
0.000166576437763
0.000222101917017
1.38813698136e-05
0.033134829745
1.38813698136e-05
1.38813698136e-05
0.0
0.0
0.0
0.0375907494552
0.0348838823415
0.0
0.0
0.0
0.0
0.0
0.000596898901984
0.0
0.000499729313289
0.000499729313289
0.0
0.0
0.0
0.0
0.0
0.0
0.0
0.0
0.0
0.0
0.0
0.0
0.0
0.0
0.0
0.0
0.0
0.0
0.00816224545038
0.00408112272519
0.00202667999278
0.0
0.00202667999278
0.0
0.0
0.0
0.0
0.0
6.94068490679e-05
8.32882188814e-05
0.0
0.0
0.0
0.0
0.0
0.0
0.0
0.0
0.0
0.0
0.0
0.0
0.0
0.0
0.0
0.0
0.0
0.0
0.0
0.0
0.0
0.0
0.0
0.0
0.0
0.0
0.0
0.0
0.0
0.0
0.0
0.0
0.0
0.0
0.0
0.0
0.00792626216355
0.00390066491761
0.0
0.0
0.0
0.0
0.0
0.0
0.0
0.0
0.0
0.0
0.0
0.0
0.0
0.0
0.0
0.0
0.0
0.0
0.0359388664473
0.0119935035189
0.0119102153
0.0
0.00291508766085
0.0
0.0
0.0
0.0
0.0
0.0
0.0
0.0
0.0401032773914
0.020030816641
0.0
0.0
0.0
0.0
0.0
0.0
0.0
0.0
0.0
0.0
0.0
0.0
0.0
0.013256708172
0.00601063312928
0.0044975638196
0.00516386957065
0.00519163231028
0.0
0.0
0.0
0.000305390135899
0.0349810519302
0.0185038659615
0.0196976637655
0.010202806813
0.00374796984966
0.00269298574383
0.00403947861575
0.0
0.00191562903427
0.00191562903427
0.00191562903427
0.0
0.0
0.0
0.0
0.0
0.0
0.0
0.0
0.0
0.0
0.0
0.0
0.0
0.0
0.0
0.0
0.0
0.0
0.0
0.0
0.0
0.0
0.0
0.0
0.0
0.0
0.0
0.0
0.0
0.0
5.55254792543e-05
5.55254792543e-05
5.55254792543e-05
0.0
0.0
0.0
0.0
0.0
0.0
0.0
0.0
0.0
0.0
0.0
0.0
0.0
0.0
0.0
0.0
0.0
0.0
0.0
0.0
0.0
0.0
0.0
0.0
0.0
0.0
0.0
0.0
0.0
0.0
0.0
0.0
0.0
0.0
0.0
0.0
0.0
0.0
0.0
0.0
0.0
0.0
0.0
0.0
0.0
0.0
0.0
0.027998722914
0.0
0.00433098738183
0.0
0.0
0.0
0.0
0.0
0.0
0.0
0.0
0.0
0.0
8.32882188814e-05
8.32882188814e-05
8.32882188814e-05
0.0
0.0
0.0
0.0
0.0
0.0267632810006
0.0141034717306
0.00775968572579
0.00424769916295
0.00248476519663
0.0014297810908
0.0013326115021
0.0
0.0
0.0
0.0
0.0
0.0
0.0
0.0
0.0
0.0
0.0
0.0
0.0
0.0
0.0
0.0
0.0
0.0
0.0
0.0
0.0
0.0
0.0
0.0
0.0
0.000319271505712
0.0244589736115
0.0188092560974
0.0185455100709
0.0
0.0
0.0
0.0
0.0
0.0
0.0
0.0
0.0
0.0
0.0
8.32882188814e-05
0.0
0.0
0.000111050958509
0.0
0.0
0.0
0.0
9.7169588695e-05
9.7169588695e-05
0.000541373422729
0.0025541720457
0.0276655700385
0.0275128749705
0.0
0.0269298574383
0.0
0.0
0.0
0.0
0.00208220547204
0.00208220547204
0.00208220547204
0.00208220547204
0.0
0.0
0.0
0.0
0.0
0.0
0.0
0.0
0.0
0.0
0.0
0.0
0.0
0.0
0.0
0.0
0.0
0.0
0.0020405613626
5.55254792543e-05
0.00209608684185
0.0
0.0
0.0
0.0
0.0
0.0
0.0
0.0
0.0
0.0
0.0
0.0
0.0
0.0
0.0
0.0
0.0
0.0
0.0
0.0
0.0
0.0
0.0
0.0
0.0
0.0
0.0
0.0
0.0
0.0
0.0
0.0
0.0
0.0
0.0
0.0
0.0
0.0
0.0
0.0
0.0
0.0
0.0
0.0
0.0
0.0
0.0
0.0
0.0
0.0
0.0
0.0
0.0
0.0
0.0
0.0
0.0
0.0
0.0
0.0
0.0
0.0
0.0
0.0
0.0
0.0
0.0
0.0
0.0
0.0
0.0
0.0
0.0
0.0
0.0
0.0
0.0
0.0
0.0
0.0
0.0
0.0
0.0
0.0
0.0
0.0
0.0
0.0
0.0
0.0
0.0
0.0
0.0
0.0
0.0
0.0
0.0
0.0
0.0
0.0
0.0
0.0
0.0
0.0
0.0
0.0
0.0
0.0
0.0
0.0
0.0
0.0
0.0
0.0
0.0
0.0
0.0
0.0
0.0
0.0
0.0
0.0
0.0
0.0
0.0
0.0
0.0
0.0
0.0
0.0
0.0
0.0
0.0
0.0
0.0
0.0
0.0
0.0
0.0
0.0
0.0106331292772
0.00595510765002
0.00230430738905
0.00216549369092
0.0
0.0
0.0
0.0
0.00906453448826
0.00559419203487
0.00220713780036
0.00206832410222
0.0
0.0
0.0
0.0
0.0
0.0
0.0
0.0
0.0
0.0
0.0
0.0
0.0
0.0
0.0
0.0
0.0
0.0
0.0
0.0
0.000235983286831
0.0162550840517
0.0
0.0
0.0
0.0
0.0
0.0
0.0
0.0
0.0
0.0
0.0
0.0
0.0
0.0
0.0
0.0
0.0
0.0
0.0
0.0
0.0
0.0
0.0
0.0
0.0
0.0
0.0
0.0
0.0
0.0
0.0
0.0
0.0
0.0
0.0
0.0
0.0
0.0
0.0
0.0
0.0
0.0
0.0
0.0
0.0
0.0
0.0
0.0
0.0
0.0
0.0
0.0
0.0
