0.0
0.0
0.0
0.0
0.0
0.0
0.0
0.0
0.0
0.0
0.0
0.0
0.0
0.0
0.0
0.0
2.00126339637e-05
-6.79794762148e-17
-1.47451495458e-17
-2.22044604925e-16
2.28983498829e-16
2.22044604925e-16
-2.22044604925e-16
6.93889390391e-18
4.33680868994e-19
1.3828019151e-05
1.69406589451e-21
-1.5881867761e-22
0.0
0.0
-6.06045831097e-06
1.29269966396e-05
2.52435489671e-29
0.0
0.0
9.62964972194e-35
1.50463276905e-36
0.0
0.0
0.0
-3.58732406867e-43
4.7644147787e-44
2.82943208043e-05
8.65213027435e-05
2.82943208043e-05
1.7165906188e-44
0.0
0.0
0.0
0.0
0.0
0.0
0.0
0.0
0.0
0.0
0.0
0.0
0.0
0.0
0.0
0.0
0.0
0.0
0.0
0.0
0.0
0.0
0.0
0.0
0.0
0.0
0.0
0.0
0.0
0.0
0.0
0.0
0.0
0.0
0.0
0.0
0.0
0.0
0.0
0.0
0.0
0.0
0.0
0.0
0.0
0.0
0.0
0.0
0.0
0.0
0.0
0.0
0.0
0.0
0.0
0.0
0.0
0.0
0.0
0.0
0.0
0.0
0.0
0.0
0.0
0.0
0.0
0.0
0.0
0.0
0.0
0.0
0.0
0.0
0.0
0.0
0.0
0.0
0.0
0.0
0.0
0.0
0.0
0.0
0.0
0.0
0.0
0.0
0.0
0.0
0.0
0.0
0.0
0.0
0.0
0.0
0.0
0.0
0.0
0.0
0.0
0.0
0.0
0.0
0.0
0.0
0.0
0.0
0.0
0.0
0.0
0.0
0.0
0.0
0.0
0.0
0.0
0.0
0.0
0.0
0.0
0.0
0.0
0.0
0.0
0.0
0.0
0.0
0.0
0.0
2.92926529647e-05
0.0
0.0
0.0
0.0
0.0
0.0
3.06311014784e-05
0.0
0.0
0.0
0.0
0.0
0.0
0.0
0.0
0.0
0.0
0.0
0.0
0.0
0.0
0.0
0.0
0.0
0.0
0.0
0.0
0.0
0.0
0.0
0.0
-6.06045831097e-06
0.0
0.0
0.0
1.82758390648e-05
1.54814556105e-05
1.91254544033e-05
0.0
0.0
-6.06045831097e-06
-6.06045831097e-06
0.0
0.0
0.0
0.0
0.0
-6.06045831097e-06
1.77560509672e-05
0.0
0.0
-6.06045831097e-06
0.0
1.91254544033e-05
0.0
0.0
-6.06045831097e-06
-6.06045831097e-06
0.0
0.0
0.0
0.0
0.0
0.0
0.0
0.0
0.0
0.0
0.0
0.0
0.0
0.0
0.0
0.0
0.0
0.0
0.0
0.0
0.0
0.0
0.0
0.0
0.0
0.0
0.0
0.0
0.0
0.0
0.0
0.0
0.0
0.0
0.0
0.0
0.0
0.0
0.0
0.0
0.0
0.0
0.0
0.0
0.0
0.0
0.0
0.0
0.0
0.0
0.0
0.0
0.0
0.0
0.0
0.0
0.0
0.0
0.0
0.0
0.0
0.000120947228816
0.0
8.29892795216e-05
2.82943208043e-05
9.51242706114e-05
7.75226088624e-05
0.000107880609691
1.38718856734e-05
0.0
0.0
-6.06045831097e-06
0.0
0.0
1.69398905904e-05
1.93328439035e-05
1.87137582222e-05
0.0
0.0
0.0
0.0
0.0
0.0
0.0
0.0
0.0
0.0
0.0
0.0
0.0
0.0
0.0
1.70040992788e-05
-6.06045831097e-06
0.0
0.0
-6.06045831097e-06
1.32353537803e-05
0.0
0.0
0.0
0.0
0.0
0.0
0.0
0.0
0.0
0.0
0.0
0.0
0.0
0.0
0.0
0.0
0.0
0.0
0.0
0.0
0.0
0.0
1.24044357634e-05
0.0
0.0
0.0
0.0
0.0
-6.06045831097e-06
0.0
1.21416314175e-05
0.0
0.0
0.0
0.0
0.0
0.0
0.0
0.0
0.0
0.0
0.0
0.0
0.0
0.0
0.0
0.0
0.0
0.0
0.0
3.13950963192e-05
0.0
1.65172548584e-05
0.0
0.0
0.0
-6.06045831097e-06
2.22801850724e-05
0.0
0.0
0.0
0.0
0.0
0.0
0.0
0.0
5.31958833558e-05
3.64920716995e-05
3.65378238938e-05
0.0
0.0
0.0
0.0
0.0
0.0
1.65437616566e-05
3.49274627897e-05
9.37818609455e-05
0.000145066221783
0.0
0.0
0.0
0.0
-6.06045831097e-06
-6.06045831097e-06
-6.06045831097e-06
0.0
0.0
0.0
0.0
0.0
0.0
0.0
0.0
0.0
0.0
0.0
0.0
0.0
0.0
0.0
0.0
0.0
0.0
0.0
0.0
0.0
0.0
0.0
-6.06045831097e-06
0.0
0.0
1.69398905904e-05
1.93328439035e-05
1.87137582222e-05
6.17334424593e-05
0.0
1.94578817443e-05
3.52489563466e-05
-6.06045831097e-06
0.0
3.93050012558e-06
3.93050012558e-06
0.0
0.0
0.0
0.0
1.54716118623e-05
0.0
0.0
0.0
0.0
0.0
4.275802887e-05
0.0
0.0
0.0
0.0
0.0
0.0
0.0
0.0
0.0
0.0
0.0
0.0
0.0
0.0
0.0
2.89221677763e-05
8.7166484623e-05
2.89221677763e-05
0.0
0.0
0.0
0.000147521861746
9.20515207452e-05
8.69829841308e-05
0.0
0.000115077317482
0.0
0.0
0.0
0.0
0.0
0.0
0.0
0.0
0.0
0.0
0.0
0.0
0.0
0.0
0.0
0.0
0.0
0.0
0.0
0.0
0.0
0.0
0.0
0.0
0.0
0.0
0.0
0.0
0.0
0.0
0.0
0.0
0.0
0.0
0.0
0.000107850370965
0.000107850370965
0.000107850370965
0.000107850370965
0.000107850370965
0.000107850370965
0.000107850370965
0.000107850370965
0.0
0.0
0.0
0.0
0.0
0.0
0.0
0.0
0.0
0.0
0.0
0.0
0.0
0.0
0.0
0.0
0.0
0.0
0.0
0.0
0.0
3.46071052964e-06
0.0
0.0
6.11380500639e-05
0.0
0.0
0.0
0.0
0.0
0.0
0.0
0.0
0.0
0.0
0.0
0.0
0.0
0.0
0.0
8.7166484623e-05
0.0
0.0
0.0
0.0
0.0
0.0
0.0
2.24710236458e-05
1.4103351242e-05
1.13108412546e-05
2.24710236458e-05
0.0
2.29337603891e-05
2.89221677763e-05
0.0
1.49412643799e-05
3.24816013525e-05
1.65843639534e-05
2.41374430769e-05
2.1709081069e-05
1.17305021401e-05
1.17305021401e-05
1.94317499589e-05
0.0
0.0
0.0
0.0
0.0
0.0
0.0
0.0
0.0
0.0
0.0
0.0
0.0
0.0
0.0
0.0
0.0
0.0
0.0
0.0
0.0
0.0
0.0
0.0
0.0
0.0
0.0
0.0
0.0
0.0
0.0
0.0
0.0
0.0
0.0
0.0
0.0
0.0
0.0
0.0
0.0
0.0
0.0
0.0
0.0
0.0
0.0
0.0
0.0
0.0
0.0
0.0
0.0
0.0
0.0
0.0
0.0
0.0
0.0
0.0
0.0
0.0
0.0
0.0
0.0
0.0
0.0
0.0
0.0
0.0
0.0
0.0
0.0
0.0
0.0
0.0
0.0
0.0
0.0
0.0
0.0
0.0
0.0
0.0
0.000181928212163
0.0
6.31385526193e-05
0.0
0.0
0.0
0.0
0.0
0.0
0.0
0.0
0.0
0.0
1.18844514734e-05
1.18844514734e-05
1.18844514734e-05
0.0
0.0
0.0
0.0
0.0
0.000152879215726
0.000120202332144
9.9437326408e-05
8.36944397499e-05
7.27338828049e-05
6.70968969189e-05
6.66611774717e-05
0.0
0.0
0.0
0.0
0.0
0.0
0.0
0.0
0.0
0.0
0.0
0.0
0.0
0.0
0.0
0.0
0.0
0.0
0.0
0.0
0.0
0.0
0.0
0.0
0.0
0.0
0.0
0.0
0.0
0.0
0.0
0.0
0.0
0.0
0.0
0.0
0.0
0.0
0.0
0.0
1.02388573929e-05
0.0
0.0
0.0
0.0
0.0
0.0
0.0
1.56269856501e-05
1.19401283772e-05
1.28122238271e-05
3.64298206472e-05
6.00208681495e-05
0.00017607538596
0.0
3.83231239842e-05
0.0
0.0
0.0
0.0
6.77136719981e-05
6.77136719981e-05
6.77136719981e-05
6.77136719981e-05
0.0
0.0
0.0
0.0
0.0
0.0
0.0
0.0
0.0
0.0
0.0
0.0
0.0
0.0
0.0
0.0
0.0
0.0
9.31606453429e-05
1.32521534092e-05
9.39960982918e-05
0.0
0.0
0.0
2.89221677763e-05
0.0
0.0
0.0
8.7166484623e-05
0.0
0.0
0.0
0.0
3.53584882119e-05
1.39052400631e-05
2.24388456389e-05
1.4103351242e-05
1.25338897572e-05
2.29073841884e-05
2.89221677763e-05
0.0
0.0
0.0
0.0
0.00011201013404
0.0
8.7166484623e-05
1.56681547224e-05
0.0
0.0
0.0
0.0
0.0
0.0
0.0
0.0
0.0
0.0
0.0
0.0
0.0
0.0
0.0
0.0
0.0
0.0
0.0
0.0
0.0
0.0
0.0
0.0
0.0
0.0
0.0
0.0
0.0
0.0
0.0
0.0
0.0
0.0
0.0
0.0
0.0
0.0
0.0
0.0
0.0
0.0
0.0
0.0
0.0
0.0
0.0
0.0
0.0
0.0
0.0
0.0
0.0
0.0
0.0
0.0
0.0
0.0
0.0
0.0
0.0
0.0
0.0
0.0
0.0
0.0
0.0
0.0
0.0
0.0
0.0
0.0
0.0
0.0
0.0
0.0
0.0
0.0
0.0
0.0
0.0
0.0
0.0
0.0
0.0
0.0
0.0
0.0
0.0
0.0
0.0
0.0
0.0
0.0
0.0
0.0
0.0
0.0
0.0
0.0
0.0
0.0
0.0
0.0
0.0
0.0
0.0
0.0
0.0
0.0
0.0
0.0
0.0
-6.06045831097e-06
-6.06045831097e-06
-6.06045831097e-06
-6.06045831097e-06
0.0
0.0
0.0
0.0
2.06547697592e-05
2.06931555093e-05
2.0057555657e-05
2.6231875864e-05
0.0
0.0
0.0
0.0
0.0
0.0
0.0
0.0
0.0
0.0
0.0
0.0
0.0
0.0
0.0
0.0
0.0
0.0
0.0
0.0
2.02710891586e-05
0.00016754722308
0.0
0.0
0.0
0.0
0.0
0.0
0.0
0.0
0.0
0.0
0.0
0.0
0.0
0.0
0.0
0.0
0.0
0.0
0.0
0.0
0.0
0.0
0.0
0.0
0.0
0.0
0.0
0.0
0.0
0.0
0.0
0.0
0.0
0.0
0.0
0.0
0.0
0.0
0.0
0.0
0.0
0.0
0.0
0.0
0.0
0.0
0.0
0.0
0.0
0.0
0.0
0.0
0.0
0.0
0.0
0.0
0.0
0.0
0.0
0.0
0.0
0.0
0.0
0.0
0.0
0.0
0.0
0.0
0.0
4.09116642439e-05
0.0
2.59127938574e-05
1.59852265532e-05
0.0
0.0
0.0
0.0
1.43629681578e-05
1.6995509991e-05
0.0
0.0
1.90500410347e-05
0.0
-0.240609562803
1.49298979975e-05
0.0
0.0
0.0
0.0
0.0
0.0
0.0
0.0
0.0
0.0
0.0
0.0
0.0
0.0
0.0
0.0
0.0
0.0
0.0
0.0
0.0
0.0
0.0
0.0
0.0
0.0
0.0
0.0
0.0
0.0
0.0
0.0
0.0
0.0
0.0
0.0
0.0
0.0
0.0
0.0
0.0
0.0
0.0
0.0
0.0
0.0
0.0
0.0
0.0
0.0
0.0
0.0
0.0
0.0
0.0
0.0
0.0
0.0
0.0
0.0
0.0
0.0
0.0
0.0
0.0
0.0
0.0
0.0
0.0
0.0
0.0
0.0
0.0
0.0
0.0
0.0
0.0
0.0
0.0
0.0
0.0
0.0
0.0
0.0
0.0
0.0
0.0
0.0
0.0
0.0
0.0
0.0
0.0
0.0
0.0
0.0
0.0
0.0
0.0
0.0
0.0
0.0
0.0
0.0
0.0
0.0
0.0
0.0
0.0
0.0
0.0
0.0
0.0
0.0
0.0
0.0
0.0
0.0
0.0
0.0
0.0
0.0
0.0
0.0
0.0
0.0
0.0
0.0
0.0
0.0
0.0
0.0
0.0
0.0
0.0
0.0
0.0
0.0
0.0
0.0
0.0
0.0
0.0
0.0
3.14840036923e-05
0.0
0.0
0.0
0.0
0.0
1.51979397716e-05
3.70398239136e-05
0.0
0.0
0.0
0.0
0.0
0.0
0.0
0.0
0.0
0.0
0.0
0.0
0.0
0.0
0.0
2.54595969446e-05
0.0
0.0
0.0
0.0
0.0
0.0
0.0
0.0
-0.240609562803
1.39756871989e-05
-6.06045831097e-06
0.0
0.00016520447032
1.73591189678e-05
3.74771534825e-05
0.0
2.75047746699e-05
-0.240609562803
-0.240609562803
-6.06045831097e-06
0.0
0.0
0.0
0.0
-0.240609562803
2.0010902534e-05
0.0
3.50354284401e-05
-0.240609562803
1.71239470449e-05
1.80152021177e-05
0.0
2.75047746699e-05
-0.240609562803
-0.240609562803
-6.06045831097e-06
0.0
0.0
0.0
0.0
0.0
0.0
0.0
0.0
0.0
0.0
0.0
0.0
-6.06045831097e-06
0.0
0.0
0.0
0.0
0.0
0.0
0.0
2.77589003897e-05
1.31662422932e-05
0.00028347750971
0.00028347750971
0.00028347750971
0.0
0.00028347750971
0.0
0.00028347750971
0.00028347750971
0.0
0.0
0.0
0.0
0.0
0.0
0.0
0.0
0.0
0.0
0.0
0.0
0.0
0.0
0.0
0.0
0.0
0.0
0.0
0.0
0.0
0.0
3.21993344702e-05
3.21993344702e-05
3.21993344702e-05
3.21993344702e-05
3.21993344702e-05
3.21993344702e-05
3.21993344702e-05
3.21993344702e-05
9.07684719526e-05
2.66377138962e-05
7.15924888511e-05
1.38198483921e-05
8.14085250457e-05
6.75349318455e-05
0.000112622325495
1.34795211519e-05
0.0
0.0
-0.240609562803
1.30616761622e-05
0.0
9.26765661278e-06
3.16342017255e-05
8.70735745506e-06
0.0
0.0
0.0
0.0
1.95521121398e-05
0.0
0.000183795776922
0.0
3.63961156515e-05
0.0
6.61939012628e-05
2.29512035688e-05
1.16702179798e-05
3.85901727705e-05
3.85901727705e-05
3.85684322262e-05
-0.240609562803
1.53980608078e-05
1.8974455748e-05
-0.240609562803
0.000200347223398
0.0
0.0
0.0
1.68063423679e-05
1.84403149028e-05
1.858190774e-05
0.0
0.0
0.0
0.0
0.0
0.0
0.0
0.0
0.0
0.0
0.0
0.0
0.0
0.000204232608773
0.000220669493868
0.000221083972431
1.32761693337e-05
0.0
0.0
0.0
0.0
0.0
-0.240609562803
0.0
0.000178582436635
0.0
0.0
0.0
0.0
0.0
0.0
0.0
0.0
0.0
0.0
0.0
0.0
0.0
0.0
0.0
0.0
0.0
0.0
0.0
2.62424902505e-05
1.13834118291e-05
1.83236811699e-05
0.0
0.0
0.0
-0.240609562803
0.000150438817345
0.0
2.02561655092e-05
2.77589003897e-05
0.000113454629826
0.0
0.0
0.0
2.17732723495e-05
3.82597478898e-05
1.572791067e-05
1.56059359557e-05
0.0
0.0
0.0
0.0
0.0
0.0
1.47961864943e-05
3.36419015756e-05
0.000177047260524
0.000126870094325
0.0
0.0
0.0
0.0
-0.125767537245
-0.240609562803
-0.240609562803
0.0
0.0
0.0
0.0
0.0
0.0
0.0
0.0
0.0
0.0
0.0
0.0
0.0
0.0
0.0
0.0
0.0
0.0
0.0
0.0
0.0
0.0
0.0
-0.240609562803
1.30616761622e-05
0.0
9.26765661278e-06
3.16342017255e-05
8.70735745506e-06
2.79880217862e-05
1.23372825371e-05
1.94164144528e-05
1.4525575796e-05
-0.240609562803
0.000206144535219
5.04305506315e-06
5.04305506315e-06
0.0
0.0
0.0
0.00028347750971
0.000167451887069
0.0
0.0
0.0
0.0
0.0
4.14889388679e-05
0.0
2.54595969446e-05
2.54595969446e-05
0.0
0.0
0.0
0.0
0.0
0.0
0.0
0.0
0.0
0.0
0.0
0.0
0.0
0.0
0.0
0.0
0.0
0.0
0.000100566240798
8.03671651406e-05
6.64081802858e-05
0.0
6.64081802858e-05
0.0
0.0
0.0
0.0
0.0
2.29512035688e-05
8.41566172078e-06
0.0
0.0
0.0
0.0
0.0
0.0
0.0
0.0
0.0
0.0
0.0
0.0
0.0
0.0
0.0
0.0
0.0
0.0
0.0
0.0
0.0
0.0
0.0
0.0
0.0
0.0
0.0
0.0
0.0
0.0
0.0
0.0
0.0
0.0
0.0
0.0
7.82315608597e-05
5.48060795702e-05
0.0
0.0
0.0
0.0
0.0
0.0
0.0
0.0
0.0
0.0
0.0
0.0
0.0
0.0
0.0
0.0
0.0
0.0
0.000169726463826
9.66791163759e-05
9.64809832744e-05
0.0
4.73196576614e-05
0.0
0.0
0.0
0.0
0.0
0.0
0.0
0.0
0.000186779720324
0.000135473286311
0.0
0.0
0.0
0.0
0.0
0.0
0.0
0.0
0.0
0.0
0.0
0.0
0.0
0.000122272808248
8.48333670552e-05
7.15169737853e-05
7.42677110258e-05
6.91788189358e-05
0.0
0.0
0.0
1.5472990612e-05
0.000168630057686
0.000123178522858
0.000125538946341
9.2756086798e-05
6.20541944231e-05
5.61389319212e-05
5.76097763208e-05
0.0
5.80079424857e-05
5.80079424857e-05
5.80079424857e-05
0.0
0.0
0.0
0.0
0.0
0.0
0.0
0.0
0.0
0.0
0.0
0.0
0.0
0.0
0.0
0.0
0.0
0.0
0.0
0.0
0.0
0.0
0.0
0.0
0.0
0.0
0.0
0.0
0.0
0.0
1.32521534092e-05
1.32521534092e-05
1.32521534092e-05
0.0
0.0
0.0
0.0
0.0
0.0
0.0
0.0
0.0
0.0
0.0
0.0
0.0
0.0
0.0
0.0
0.0
0.0
0.0
0.0
0.0
0.0
0.0
0.0
0.0
0.0
0.0
0.0
0.0
0.0
0.0
0.0
0.0
0.0
0.0
0.0
0.0
0.0
0.0
0.0
0.0
0.0
0.0
0.0
0.0
0.0
0.0
0.000149746949067
0.0
6.16690751322e-05
0.0
0.0
0.0
0.0
0.0
0.0
0.0
0.0
0.0
0.0
9.40695554312e-06
9.40695554312e-06
9.40695554312e-06
0.0
0.0
0.0
0.0
0.0
0.000171264339873
0.000132342804566
0.000106275318121
8.43258509019e-05
6.9343864799e-05
4.75135414058e-05
4.61822331313e-05
0.0
0.0
0.0
0.0
0.0
0.0
0.0
0.0
0.0
0.0
0.0
0.0
0.0
0.0
0.0
0.0
0.0
0.0
0.0
0.0
0.0
0.0
0.0
0.0
0.0
1.84456007025e-05
0.000157428585575
0.000138547319052
0.000138419876876
0.0
0.0
0.0
0.0
0.0
0.0
0.0
0.0
0.0
0.0
0.0
1.06984726532e-05
0.0
0.0
1.14028592244e-05
0.0
0.0
0.0
0.0
8.7031403713e-06
9.13148212463e-06
2.11069161079e-05
4.4761718141e-05
0.000148795585565
0.000154022685463
0.0
0.000147071632589
0.0
0.0
0.0
0.0
4.92341201708e-05
4.92341201708e-05
4.92341201708e-05
4.92341201708e-05
0.0
0.0
0.0
0.0
0.0
0.0
0.0
0.0
0.0
0.0
0.0
0.0
0.0
0.0
0.0
0.0
0.0
0.0
4.33198660858e-05
7.34976307606e-06
4.39408840466e-05
0.0
0.0
0.0
0.0
0.0
0.0
0.0
0.0
0.0
0.0
0.0
0.0
0.0
0.0
0.0
0.0
0.0
0.0
0.0
0.0
0.0
0.0
0.0
0.0
0.0
0.0
0.0
0.0
0.0
0.0
0.0
0.0
0.0
0.0
0.0
0.0
0.0
0.0
0.0
0.0
0.0
0.0
0.0
0.0
0.0
0.0
0.0
0.0
0.0
0.0
0.0
0.0
0.0
0.0
0.0
0.0
0.0
0.0
0.0
0.0
0.0
0.0
0.0
0.0
0.0
0.0
0.0
0.0
0.0
0.0
0.0
0.0
0.0
0.0
0.0
0.0
0.0
0.0
0.0
0.0
0.0
0.0
0.0
0.0
0.0
0.0
0.0
0.0
0.0
0.0
0.0
0.0
0.0
0.0
0.0
0.0
0.0
0.0
0.0
0.0
0.0
0.0
0.0
0.0
0.0
0.0
0.0
0.0
0.0
0.0
0.0
0.0
0.0
0.0
0.0
0.0
0.0
0.0
0.0
0.0
0.0
0.0
0.0
0.0
0.0
0.0
0.0
0.0
0.0
0.0
0.0
0.0
0.0
0.0
0.0
0.0
0.0
0.0
0.0
0.0
0.000105313550073
8.70830078905e-05
6.25941524534e-05
6.13418348201e-05
0.0
0.0
0.0
0.0
0.000102830818631
8.32407297154e-05
5.65343283515e-05
5.50590695774e-05
0.0
0.0
0.0
0.0
0.0
0.0
0.0
0.0
0.0
0.0
0.0
0.0
0.0
0.0
0.0
0.0
0.0
0.0
0.0
0.0
1.35830529335e-05
0.000113040230294
0.0
0.0
0.0
0.0
0.0
0.0
0.0
0.0
0.0
0.0
0.0
0.0
0.0
0.0
0.0
0.0
0.0
0.0
0.0
0.0
0.0
0.0
0.0
0.0
0.0
0.0
0.0
0.0
0.0
0.0
0.0
0.0
0.0
0.0
0.0
0.0
0.0
0.0
0.0
0.0
0.0
0.0
0.0
0.0
0.0
0.0
0.0
0.0
0.0
0.0
0.0
0.0
0.0
