0.0
0.0
0.0
0.0
0.0
0.0
0.0
0.0
0.0
0.0
0.0
0.0
0.0
0.0
0.0
0.0
-0.101902386287
-6.66133814775e-16
1.11022302463e-16
-2.22044604925e-16
-2.22044604925e-16
-6.93889390391e-18
-1.38777878078e-17
1.73472347598e-18
-1.30104260698e-18
-0.0286155687635
0.0
-8.13151629364e-20
-1.01643953671e-20
0.0
-1.54707216163e-05
-0.00777504733206
0.0
-1.65436122511e-24
0.0
1.29246970711e-26
-8.07793566946e-28
5.04870979341e-29
3.15544362088e-30
0.0
0.0
0.0
0.00142274055544
0.00144109958051
0.00142274055544
5.87747175411e-38
0.0
0.0
0.0
0.0
0.0
0.0
0.0
0.0
0.0
0.0
0.0
0.0
0.0
0.0
0.0
0.0
0.0
0.0
0.0
0.0
0.0
0.0
0.0
0.0
0.0
0.0
0.0
0.0
0.0
0.0
0.0
0.0
0.0
0.0
0.0
0.0
0.0
0.0
0.0
0.0
0.0
0.0
0.0
0.0
0.0
0.0
0.0
0.0
0.0
0.0
0.0
0.0
0.0
0.0
0.0
0.0
0.0
0.0
0.0
0.0
0.0
0.0
0.0
0.0
0.0
0.0
0.0
0.0
0.0
0.0
0.0
0.0
0.0
0.0
0.0
0.0
0.0
0.0
0.0
0.0
0.0
0.0
0.0
0.0
0.0
0.0
0.0
0.0
0.0
0.0
0.0
0.0
0.0
0.0
0.0
0.0
0.0
0.0
0.0
0.0
0.0
0.0
0.0
0.0
0.0
0.0
0.0
0.0
0.0
0.0
0.0
0.0
0.0
0.0
0.0
0.0
0.0
0.0
0.0
0.0
0.0
0.0
0.0
0.0
0.0
0.0
0.0
0.0
0.0
0.0
0.000369178485773
0.0
0.0
0.0
0.0
0.0
0.0
0.000386919657454
0.0
0.0
0.0
0.0
0.0
0.0
0.0
0.0
0.0
0.0
0.0
0.0
0.0
0.0
0.0
0.0
0.0
0.0
0.0
0.0
0.0
0.0
0.0
0.0
-1.54707216163e-05
0.0
0.0
0.0
-0.0393992076921
-0.0386800357329
-0.0461101103076
0.0
0.0
-1.54707216163e-05
-1.54707216163e-05
0.0
0.0
0.0
0.0
0.0
-1.54707216163e-05
-0.0509078339318
0.0
0.0
-1.54707216163e-05
0.0
-0.0461101103076
0.0
0.0
-1.54707216163e-05
-1.54707216163e-05
0.0
0.0
0.0
0.0
0.0
0.0
0.0
0.0
0.0
0.0
0.0
0.0
0.0
0.0
0.0
0.0
0.0
0.0
0.0
0.0
0.0
0.0
0.0
0.0
0.0
0.0
0.0
0.0
0.0
0.0
0.0
0.0
0.0
0.0
0.0
0.0
0.0
0.0
0.0
0.0
0.0
0.0
0.0
0.0
0.0
0.0
0.0
0.0
0.0
0.0
0.0
0.0
0.0
0.0
0.0
0.0
0.0
0.0
0.0
0.0
0.0
0.00151926600213
0.0
-0.00810244526958
0.00142274055544
-0.00961604219485
-0.00150350077174
0.00101016871939
-0.00500721282091
0.0
0.0
-1.54707216163e-05
0.0
0.0
-0.0430471420815
-0.0532835643459
0.000204286694491
0.0
0.0
0.0
0.0
0.0
0.0
0.0
0.0
0.0
0.0
0.0
0.0
0.0
0.0
0.0
-0.0529476346945
-1.54707216163e-05
0.0
0.0
-1.54707216163e-05
-0.0054659823999
0.0
0.0
0.0
0.0
0.0
0.0
0.0
0.0
0.0
0.0
0.0
0.0
0.0
0.0
0.0
0.0
0.0
0.0
0.0
0.0
0.0
0.0
-0.0023342448695
0.0
0.0
0.0
0.0
0.0
-1.54707216163e-05
0.0
-0.000722543459032
0.0
0.0
0.0
0.0
0.0
0.0
0.0
0.0
0.0
0.0
0.0
0.0
0.0
0.0
0.0
0.0
0.0
0.0
0.0
0.000313207938428
0.0
-0.0522298466996
0.0
0.0
0.0
-1.54707216163e-05
-0.000761236354914
0.0
0.0
0.0
0.0
0.0
0.0
0.0
0.0
0.000555954787441
0.000437836135807
0.000430568116427
0.0
0.0
0.0
0.0
0.0
0.0
-0.0110362816734
-0.00161799600772
-0.00094370422819
0.00124666973223
0.0
0.0
0.0
0.0
-1.54707216163e-05
-1.54707216163e-05
-1.54707216163e-05
0.0
0.0
0.0
0.0
0.0
0.0
0.0
0.0
0.0
0.0
0.0
0.0
0.0
0.0
0.0
0.0
0.0
0.0
0.0
0.0
0.0
0.0
0.0
-1.54707216163e-05
0.0
0.0
-0.0430471420815
-0.0532835643459
0.000204286694491
0.000887609337055
0.0
-0.0617167612817
0.000413877936184
-1.54707216163e-05
0.0
4.43303947679e-05
4.43303947679e-05
0.0
0.0
0.0
0.0
-0.000149608010312
0.0
0.0
0.0
0.0
0.0
0.000602378667374
0.0
0.0
0.0
0.0
0.0
0.0
0.0
0.0
0.0
0.0
0.0
0.0
0.0
0.0
0.0
0.00144978955586
0.00144618615531
0.00144978955586
0.0
0.0
0.0
0.00451141174868
0.00129539104628
0.00131593612072
0.0
0.00174898274017
0.0
0.0
0.0
0.0
0.0
0.0
0.0
0.0
0.0
0.0
0.0
0.0
0.0
0.0
0.0
0.0
0.0
0.0
0.0
0.0
0.0
0.0
0.0
0.0
0.0
0.0
0.0
0.0
0.0
0.0
0.0
0.0
0.0
0.0
0.0
0.00619040622909
0.00619040622909
0.00619040622909
0.00619040622909
0.00619040622909
0.00619040622909
0.00619040622909
0.00619040622909
0.0
0.0
0.0
0.0
0.0
0.0
0.0
0.0
0.0
0.0
0.0
0.0
0.0
0.0
0.0
0.0
0.0
0.0
0.0
0.0
0.0
3.60261509366e-05
0.0
0.0
0.000676547130188
0.0
0.0
0.0
0.0
0.0
0.0
0.0
0.0
0.0
0.0
0.0
0.0
0.0
0.0
0.0
0.00144618615531
0.0
0.0
0.0
0.0
0.0
0.0
0.0
-0.146113754348
-0.0355946794973
-0.00179591431558
-0.146113754348
0.0
0.000243819331474
0.00144978955586
0.0
-0.066970642964
-0.00176335601635
-0.0682255391194
-0.0356550630837
-0.0342921322457
-0.000360784539882
-0.000360784539882
-0.113463214289
0.0
0.0
0.0
0.0
0.0
0.0
0.0
0.0
0.0
0.0
0.0
0.0
0.0
0.0
0.0
0.0
0.0
0.0
0.0
0.0
0.0
0.0
0.0
0.0
0.0
0.0
0.0
0.0
0.0
0.0
0.0
0.0
0.0
0.0
0.0
0.0
0.0
0.0
0.0
0.0
0.0
0.0
0.0
0.0
0.0
0.0
0.0
0.0
0.0
0.0
0.0
0.0
0.0
0.0
0.0
0.0
0.0
0.0
0.0
0.0
0.0
0.0
0.0
0.0
0.0
0.0
0.0
0.0
0.0
0.0
0.0
0.0
0.0
0.0
0.0
0.0
0.0
0.0
0.0
0.0
0.0
0.0
0.0
0.0
0.00179432241899
0.0
0.000617734793326
0.0
0.0
0.0
0.0
0.0
0.0
0.0
0.0
0.0
0.0
-0.0280994721035
-0.0280994721035
-0.0280994721035
0.0
0.0
0.0
0.0
0.0
0.00158253092904
0.0013603796494
0.00124559503192
0.00115314543036
0.00104763385397
0.000987347919225
0.0011007303054
0.0
0.0
0.0
0.0
0.0
0.0
0.0
0.0
0.0
0.0
0.0
0.0
0.0
0.0
0.0
0.0
0.0
0.0
0.0
0.0
0.0
0.0
0.0
0.0
0.0
0.0
0.0
0.0
0.0
0.0
0.0
0.0
0.0
0.0
0.0
0.0
0.0
0.0
0.0
0.0
-0.00697439140859
0.0
0.0
0.0
0.0
0.0
0.0
0.0
-0.0661652136047
-0.0117661576604
-0.0197457560419
-0.00340494057947
-0.00245717195488
-0.0175842224457
0.0
-0.0288408390233
0.0
0.0
0.0
0.0
0.00168720709764
0.00168720709764
0.00168720709764
0.00168720709764
0.0
0.0
0.0
0.0
0.0
0.0
0.0
0.0
0.0
0.0
0.0
0.0
0.0
0.0
0.0
0.0
0.0
0.0
0.00139168104923
0.000136247923457
0.0013984002257
0.0
0.0
0.0
0.00144978955586
0.0
0.0
0.0
0.00144618615531
0.0
0.0
0.0
0.0
0.000204020983347
-0.0628106074793
0.000195367969773
-0.0355946794973
-0.0013055677844
0.000200504803014
0.00144978955586
0.0
0.0
0.0
0.0
0.00127218497916
0.0
0.00144618615531
0.000150019429985
0.0
0.0
0.0
0.0
0.0
0.0
0.0
0.0
0.0
0.0
0.0
0.0
0.0
0.0
0.0
0.0
0.0
0.0
0.0
0.0
0.0
0.0
0.0
0.0
0.0
0.0
0.0
0.0
0.0
0.0
0.0
0.0
0.0
0.0
0.0
0.0
0.0
0.0
0.0
0.0
0.0
0.0
0.0
0.0
0.0
0.0
0.0
0.0
0.0
0.0
0.0
0.0
0.0
0.0
0.0
0.0
0.0
0.0
0.0
0.0
0.0
0.0
0.0
0.0
0.0
0.0
0.0
0.0
0.0
0.0
0.0
0.0
0.0
0.0
0.0
0.0
0.0
0.0
0.0
0.0
0.0
0.0
0.0
0.0
0.0
0.0
0.0
0.0
0.0
0.0
0.0
0.0
0.0
0.0
0.0
0.0
0.0
0.0
0.0
0.0
0.0
0.0
0.0
0.0
0.0
0.0
0.0
0.0
0.0
0.0
0.0
0.0
0.0
-1.54707216163e-05
-1.54707216163e-05
-1.54707216163e-05
-1.54707216163e-05
0.0
0.0
0.0
0.0
-0.0910621378862
-0.0802762578636
-0.0680689441068
-0.0359534827538
0.0
0.0
0.0
0.0
0.0
0.0
0.0
0.0
0.0
0.0
0.0
0.0
0.0
0.0
0.0
0.0
0.0
0.0
0.0
0.0
-0.142973357841
-0.00684838838614
0.0
0.0
0.0
0.0
0.0
0.0
0.0
0.0
0.0
0.0
0.0
0.0
0.0
0.0
0.0
0.0
0.0
0.0
0.0
0.0
0.0
0.0
0.0
0.0
0.0
0.0
0.0
0.0
0.0
0.0
0.0
0.0
0.0
0.0
0.0
0.0
0.0
0.0
0.0
0.0
0.0
0.0
0.0
0.0
0.0
0.0
0.0
0.0
0.0
0.0
0.0
0.0
0.0
0.0
0.0
0.0
0.0
0.0
0.0
0.0
0.0
0.0
0.0
0.0
0.0
0.0
0.0
0.0
0.0
-0.00650528329887
0.0
-0.000395462718416
-0.0235522588929
0.0
0.0
0.0
0.0
-0.0246413885409
-0.0466266342171
0.0
0.0
-0.0749363836786
0.0
-3.49377699365e-05
-0.0410702103884
0.0
0.0
0.0
0.0
0.0
0.0
0.0
0.0
0.0
0.0
0.0
0.0
0.0
0.0
0.0
0.0
0.0
0.0
0.0
0.0
0.0
0.0
0.0
0.0
0.0
0.0
0.0
0.0
0.0
0.0
0.0
0.0
0.0
0.0
0.0
0.0
0.0
0.0
0.0
0.0
0.0
0.0
0.0
0.0
0.0
0.0
0.0
0.0
0.0
0.0
0.0
0.0
0.0
0.0
0.0
0.0
0.0
0.0
0.0
0.0
0.0
0.0
0.0
0.0
0.0
0.0
0.0
0.0
0.0
0.0
0.0
0.0
0.0
0.0
0.0
0.0
0.0
0.0
0.0
0.0
0.0
0.0
0.0
0.0
0.0
0.0
0.0
0.0
0.0
0.0
0.0
0.0
0.0
0.0
0.0
0.0
0.0
0.0
0.0
0.0
0.0
0.0
0.0
0.0
0.0
0.0
0.0
0.0
0.0
0.0
0.0
0.0
0.0
0.0
0.0
0.0
0.0
0.0
0.0
0.0
0.0
0.0
0.0
0.0
0.0
0.0
0.0
0.0
0.0
0.0
0.0
0.0
0.0
0.0
0.0
0.0
0.0
0.0
0.0
0.0
0.0
0.0
0.0
0.0
0.000472001456473
0.0
0.0
0.0
0.0
0.0
-0.00469354569147
0.000623591074781
0.0
0.0
0.0
0.0
0.0
0.0
0.0
0.0
0.0
0.0
0.0
0.0
0.0
0.0
0.0
0.000343540546774
0.0
0.0
0.0
0.0
0.0
0.0
0.0
0.0
-3.49377699365e-05
-0.0134615799797
-1.54707216163e-05
0.0
-0.000218818102786
-0.020385207125
-0.00679517474956
0.0
-0.0366671795077
-3.49377699365e-05
-3.49377699365e-05
-1.54707216163e-05
0.0
0.0
0.0
0.0
-3.49377699365e-05
-0.0520582357009
0.0
0.000866619281524
-3.49377699365e-05
-0.0375602436174
-0.0154836695354
0.0
-0.0366671795077
-3.49377699365e-05
-3.49377699365e-05
-1.54707216163e-05
0.0
0.0
0.0
0.0
0.0
0.0
0.0
0.0
0.0
0.0
0.0
0.0
-1.54707216163e-05
0.0
0.0
0.0
0.0
0.0
0.0
0.0
-0.0347509049611
-0.0132550501188
0.00723504236139
0.00723504236139
0.00723504236139
0.0
0.00723504236139
0.0
0.00723504236139
0.00723504236139
0.0
0.0
0.0
0.0
0.0
0.0
0.0
0.0
0.0
0.0
0.0
0.0
0.0
0.0
0.0
0.0
0.0
0.0
0.0
0.0
0.0
0.0
-0.302300901822
-0.302300901822
-0.302300901822
-0.302300901822
-0.302300901822
-0.302300901822
-0.302300901822
-0.302300901822
0.000906380452234
-0.177676442497
0.000669293199288
0.000136014651843
0.000640357671498
0.000617572952314
0.00111093317904
0.0001329693435
0.0
0.0
-3.49377699365e-05
-0.0239640640932
0.0
5.19554299338e-05
-0.0045373265611
8.28353974869e-05
0.0
0.0
0.0
0.0
-0.0778384136428
0.0
0.00156104443247
0.0
0.000338964652509
0.0
0.00057816140907
-0.102025137038
-0.0145051079287
-0.00595637039293
-0.00595637039293
-0.0191588930598
-3.49377699365e-05
-0.0331469928396
-0.0953005737765
-3.49377699365e-05
-0.005772560934
0.0
0.0
0.0
-0.0429017491588
-0.0441686831472
-0.0545857650453
0.0
0.0
0.0
0.0
0.0
0.0
0.0
0.0
0.0
0.0
0.0
0.0
0.0
-0.00356074904281
-0.00397099435482
-0.00591391566944
-0.00290405802335
0.0
0.0
0.0
0.0
0.0
-3.49377699365e-05
0.0
0.00131368176375
0.0
0.0
0.0
0.0
0.0
0.0
0.0
0.0
0.0
0.0
0.0
0.0
0.0
0.0
0.0
0.0
0.0
0.0
0.0
0.000252290298685
-0.0054281973877
-0.0565778766035
0.0
0.0
0.0
-3.49377699365e-05
0.000988318430787
0.0
-0.0068448680188
-0.0347509049611
-0.000267154864209
0.0
0.0
0.0
-0.0144778978076
-4.43576058915e-05
0.000168001355754
0.000166784310978
0.0
0.0
0.0
0.0
0.0
0.0
-0.00088364793197
-6.50347575201e-05
0.00107053561064
0.000937742139606
0.0
0.0
0.0
0.0
2.76182454724e-05
-3.49377699365e-05
-3.49377699365e-05
0.0
0.0
0.0
0.0
0.0
0.0
0.0
0.0
0.0
0.0
0.0
0.0
0.0
0.0
0.0
0.0
0.0
0.0
0.0
0.0
0.0
0.0
0.0
-3.49377699365e-05
-0.0239640640932
0.0
5.19554299338e-05
-0.0045373265611
8.28353974869e-05
0.000288355407411
-0.0229079626306
-0.0240547778163
0.000107967484276
-3.49377699365e-05
-0.00347392066047
5.35944568255e-05
5.35944568255e-05
0.0
0.0
0.0
0.00723504236139
0.00167150288009
0.0
0.0
0.0
0.0
0.0
0.000894093141127
0.0
0.000343540546774
0.000343540546774
0.0
0.0
0.0
0.0
0.0
0.0
0.0
0.0
0.0
0.0
0.0
0.0
0.0
0.0
0.0
0.0
0.0
0.0
0.0017071005669
0.00164432006078
0.00164970315511
0.0
0.00164970315511
0.0
0.0
0.0
0.0
0.0
-0.102025137038
7.40249445352e-05
0.0
0.0
0.0
0.0
0.0
0.0
0.0
0.0
0.0
0.0
0.0
0.0
0.0
0.0
0.0
0.0
0.0
0.0
0.0
0.0
0.0
0.0
0.0
0.0
0.0
0.0
0.0
0.0
0.0
0.0
0.0
0.0
0.0
0.0
0.0
0.0
0.000770729027853
0.000537110310531
0.0
0.0
0.0
0.0
0.0
0.0
0.0
0.0
0.0
0.0
0.0
0.0
0.0
0.0
0.0
0.0
0.0
0.0
0.00165005573945
0.000955100622366
0.000941178938348
0.0
0.000466134733723
0.0
0.0
0.0
0.0
0.0
0.0
0.0
0.0
0.00192549943924
0.0014412171744
0.0
0.0
0.0
0.0
0.0
0.0
0.0
0.0
0.0
0.0
0.0
0.0
0.0
-0.0183304327848
-0.0101922233497
-0.011466256562
-0.011963849126
-0.0166041340542
0.0
0.0
0.0
0.000112002164539
0.00128247214298
0.000621873302872
0.000722351225891
0.00018866053212
-0.000823915549503
-0.00122288989319
0.000199293418897
0.0
0.000789032424457
0.000789032424457
0.000789032424457
0.0
0.0
0.0
0.0
0.0
0.0
0.0
0.0
0.0
0.0
0.0
0.0
0.0
0.0
0.0
0.0
0.0
0.0
0.0
0.0
0.0
0.0
0.0
0.0
0.0
0.0
0.0
0.0
0.0
0.0
0.000136247923457
0.000136247923457
0.000136247923457
0.0
0.0
0.0
0.0
0.0
0.0
0.0
0.0
0.0
0.0
0.0
0.0
0.0
0.0
0.0
0.0
0.0
0.0
0.0
0.0
0.0
0.0
0.0
0.0
0.0
0.0
0.0
0.0
0.0
0.0
0.0
0.0
0.0
0.0
0.0
0.0
0.0
0.0
0.0
0.0
0.0
0.0
0.0
0.0
0.0
0.0
0.0
0.00147829289148
0.0
0.000641177219434
0.0
0.0
0.0
0.0
0.0
0.0
0.0
0.0
0.0
0.0
0.000111791899641
0.000111791899641
0.000111791899641
0.0
0.0
0.0
0.0
0.0
0.00218190122704
0.00184682131474
0.00163932371199
0.00141443293668
0.00125147583326
0.00076798760006
0.000752115783426
0.0
0.0
0.0
0.0
0.0
0.0
0.0
0.0
0.0
0.0
0.0
0.0
0.0
0.0
0.0
0.0
0.0
0.0
0.0
0.0
0.0
0.0
0.0
0.0
0.0
-0.00016402690526
0.00128636413287
0.00151174100596
0.00152859031019
0.0
0.0
0.0
0.0
0.0
0.0
0.0
0.0
0.0
0.0
0.0
-0.00742646641216
0.0
0.0
-0.00797015328604
0.0
0.0
0.0
0.0
3.19346285248e-05
-0.00223526617594
-0.00262393394516
-7.11435012219e-06
0.00136280902589
0.000918278762443
0.0
0.00144050499118
0.0
0.0
0.0
0.0
0.000639252742285
0.000639252742285
0.000639252742285
0.000639252742285
0.0
0.0
0.0
0.0
0.0
0.0
0.0
0.0
0.0
0.0
0.0
0.0
0.0
0.0
0.0
0.0
0.0
0.0
0.000499407983529
8.82285859145e-05
0.000507137176438
0.0
0.0
0.0
0.0
0.0
0.0
0.0
0.0
0.0
0.0
0.0
0.0
0.0
0.0
0.0
0.0
0.0
0.0
0.0
0.0
0.0
0.0
0.0
0.0
0.0
0.0
0.0
0.0
0.0
0.0
0.0
0.0
0.0
0.0
0.0
0.0
0.0
0.0
0.0
0.0
0.0
0.0
0.0
0.0
0.0
0.0
0.0
0.0
0.0
0.0
0.0
0.0
0.0
0.0
0.0
0.0
0.0
0.0
0.0
0.0
0.0
0.0
0.0
0.0
0.0
0.0
0.0
0.0
0.0
0.0
0.0
0.0
0.0
0.0
0.0
0.0
0.0
0.0
0.0
0.0
0.0
0.0
0.0
0.0
0.0
0.0
0.0
0.0
0.0
0.0
0.0
0.0
0.0
0.0
0.0
0.0
0.0
0.0
0.0
0.0
0.0
0.0
0.0
0.0
0.0
0.0
0.0
0.0
0.0
0.0
0.0
0.0
0.0
0.0
0.0
0.0
0.0
0.0
0.0
0.0
0.0
0.0
0.0
0.0
0.0
0.0
0.0
0.0
0.0
0.0
0.0
0.0
0.0
0.0
0.0
0.0
0.0
0.0
0.0
0.0
-0.00620411238157
-0.00384925110174
-0.00586718334575
-0.00541159357044
0.0
0.0
0.0
0.0
-0.00130145359197
-0.0088101116773
-0.0124012786169
-0.0126425886961
0.0
0.0
0.0
0.0
0.0
0.0
0.0
0.0
0.0
0.0
0.0
0.0
0.0
0.0
0.0
0.0
0.0
0.0
0.0
0.0
0.000108992888611
0.00107893300787
0.0
0.0
0.0
0.0
0.0
0.0
0.0
0.0
0.0
0.0
0.0
0.0
0.0
0.0
0.0
0.0
0.0
0.0
0.0
0.0
0.0
0.0
0.0
0.0
0.0
0.0
0.0
0.0
0.0
0.0
0.0
0.0
0.0
0.0
0.0
0.0
0.0
0.0
0.0
0.0
0.0
0.0
0.0
0.0
0.0
0.0
0.0
0.0
0.0
0.0
0.0
0.0
0.0
