1.0
1.0
1.0
1.0
1.0
1.0
1.0
1.0
1.0
1.0
1.0
1.0
1.0
1.0
1.0
1.0
0.00912585787497
1.0
1.0
1.0
1.0
1.0
1.0
1.0
1.0
0.00985698466906
1.0
1.0
1.0
1.0
0.00372574517662
0.0117811047399
1.0
1.0
1.0
1.0
1.0
1.0
1.0
1.0
1.0
1.0
0.0158051328465
0.0674248726182
0.0158051328465
1.0
1.0
1.0
1.0
1.0
1.0
1.0
1.0
1.0
1.0
1.0
1.0
1.0
1.0
1.0
1.0
1.0
1.0
1.0
1.0
1.0
1.0
1.0
1.0
1.0
1.0
1.0
1.0
1.0
1.0
1.0
1.0
1.0
1.0
1.0
1.0
1.0
1.0
1.0
1.0
1.0
1.0
1.0
1.0
1.0
1.0
1.0
1.0
1.0
1.0
1.0
1.0
1.0
1.0
1.0
1.0
1.0
1.0
1.0
1.0
1.0
1.0
1.0
1.0
1.0
1.0
1.0
1.0
1.0
1.0
1.0
1.0
1.0
1.0
1.0
1.0
1.0
1.0
1.0
1.0
1.0
1.0
1.0
1.0
1.0
1.0
1.0
1.0
1.0
1.0
1.0
1.0
1.0
1.0
1.0
1.0
1.0
1.0
1.0
1.0
1.0
1.0
1.0
1.0
1.0
1.0
1.0
1.0
1.0
1.0
1.0
1.0
1.0
1.0
1.0
1.0
1.0
1.0
1.0
1.0
1.0
1.0
1.0
1.0
1.0
1.0
1.0
1.0
1.0
1.0
1.0
0.0273684504277
1.0
1.0
1.0
1.0
1.0
1.0
0.0286064687904
1.0
1.0
1.0
1.0
1.0
1.0
1.0
1.0
1.0
1.0
1.0
1.0
1.0
1.0
1.0
1.0
1.0
1.0
1.0
1.0
1.0
1.0
1.0
1.0
0.00372574517662
1.0
1.0
1.0
0.0123560411202
0.00985698466906
0.0117811047399
1.0
1.0
0.00372574517662
0.00372574517662
1.0
1.0
1.0
1.0
1.0
0.00372574517662
0.00985698466906
1.0
1.0
0.00372574517662
1.0
0.0117811047399
1.0
1.0
0.00372574517662
0.00372574517662
1.0
1.0
1.0
1.0
1.0
1.0
1.0
1.0
1.0
1.0
1.0
1.0
1.0
1.0
1.0
1.0
1.0
1.0
1.0
1.0
1.0
1.0
1.0
1.0
1.0
1.0
1.0
1.0
1.0
1.0
1.0
1.0
1.0
1.0
1.0
1.0
1.0
1.0
1.0
1.0
1.0
1.0
1.0
1.0
1.0
1.0
1.0
1.0
1.0
1.0
1.0
1.0
1.0
1.0
1.0
1.0
1.0
1.0
1.0
1.0
1.0
0.119958107534
1.0
0.0787882998894
0.0158051328465
0.0893665080392
0.0744005655902
0.120853272
0.015359934854
1.0
1.0
0.00372574517662
1.0
1.0
0.00985698466906
0.0117811047399
0.0189943506094
1.0
1.0
1.0
1.0
1.0
1.0
1.0
1.0
1.0
1.0
1.0
1.0
1.0
1.0
1.0
0.00985698466906
0.00372574517662
1.0
1.0
0.00372574517662
0.0117811047399
1.0
1.0
1.0
1.0
1.0
1.0
1.0
1.0
1.0
1.0
1.0
1.0
1.0
1.0
1.0
1.0
1.0
1.0
1.0
1.0
1.0
1.0
0.0117811047399
1.0
1.0
1.0
1.0
1.0
0.00372574517662
1.0
0.0134322463705
1.0
1.0
1.0
1.0
1.0
1.0
1.0
1.0
1.0
1.0
1.0
1.0
1.0
1.0
1.0
1.0
1.0
1.0
1.0
0.0353236814978
1.0
0.00985698466906
1.0
1.0
1.0
0.00372574517662
0.0244242218644
1.0
1.0
1.0
1.0
1.0
1.0
1.0
1.0
0.0577426909328
0.0328873000523
0.0330972147141
1.0
1.0
1.0
1.0
1.0
1.0
0.015359934854
0.0355191352238
0.0989922109067
0.157972141418
1.0
1.0
1.0
1.0
0.00372574517662
0.00372574517662
0.00372574517662
1.0
1.0
1.0
1.0
1.0
1.0
1.0
1.0
1.0
1.0
1.0
1.0
1.0
1.0
1.0
1.0
1.0
1.0
1.0
1.0
1.0
1.0
1.0
0.00372574517662
1.0
1.0
0.00985698466906
0.0117811047399
0.0189943506094
0.0540406344438
1.0
0.00985698466906
0.0315984130777
0.00372574517662
1.0
0.00372574517663
0.00372574517663
1.0
1.0
1.0
1.0
0.015359934854
1.0
1.0
1.0
1.0
1.0
0.0366698763137
1.0
1.0
1.0
1.0
1.0
1.0
1.0
1.0
1.0
1.0
1.0
1.0
1.0
1.0
1.0
0.0158051328465
0.0674248726182
0.0158051328465
1.0
1.0
1.0
0.126508047909
0.0889067980675
0.0810177298603
1.0
0.10042465455
1.0
1.0
1.0
1.0
1.0
1.0
1.0
1.0
1.0
1.0
1.0
1.0
1.0
1.0
1.0
1.0
1.0
1.0
1.0
1.0
1.0
1.0
1.0
1.0
1.0
1.0
1.0
1.0
1.0
1.0
1.0
1.0
1.0
1.0
1.0
0.0643977377363
0.0643977377363
0.0643977377363
0.0643977377363
0.0643977377363
0.0643977377363
0.0643977377363
0.0643977377363
1.0
1.0
1.0
1.0
1.0
1.0
1.0
1.0
1.0
1.0
1.0
1.0
1.0
1.0
1.0
1.0
1.0
1.0
1.0
1.0
1.0
0.00372574517662
1.0
1.0
0.0620010384314
1.0
1.0
1.0
1.0
1.0
1.0
1.0
1.0
1.0
1.0
1.0
1.0
1.0
1.0
1.0
0.0674248726182
1.0
1.0
1.0
1.0
1.0
1.0
1.0
0.00985698466906
0.0117811047399
0.0117811047399
0.00985698466906
1.0
0.0244242218644
0.0158051328465
1.0
0.0111766148827
0.0349294765697
0.00912585787497
0.0232611336256
0.0220366035325
0.0123560411202
0.0123560411202
0.00912585787497
1.0
1.0
1.0
1.0
1.0
1.0
1.0
1.0
1.0
1.0
1.0
1.0
1.0
1.0
1.0
1.0
1.0
1.0
1.0
1.0
1.0
1.0
1.0
1.0
1.0
1.0
1.0
1.0
1.0
1.0
1.0
1.0
1.0
1.0
1.0
1.0
1.0
1.0
1.0
1.0
1.0
1.0
1.0
1.0
1.0
1.0
1.0
1.0
1.0
1.0
1.0
1.0
1.0
1.0
1.0
1.0
1.0
1.0
1.0
1.0
1.0
1.0
1.0
1.0
1.0
1.0
1.0
1.0
1.0
1.0
1.0
1.0
1.0
1.0
1.0
1.0
1.0
1.0
1.0
1.0
1.0
1.0
1.0
1.0
0.192882014685
1.0
0.0713861910143
1.0
1.0
1.0
1.0
1.0
1.0
1.0
1.0
1.0
1.0
0.00912585787497
0.00912585787497
0.00912585787497
1.0
1.0
1.0
1.0
1.0
0.165127852103
0.12289683223
0.0952057773817
0.0744927566811
0.062773712288
0.0567793808292
0.0516906836265
1.0
1.0
1.0
1.0
1.0
1.0
1.0
1.0
1.0
1.0
1.0
1.0
1.0
1.0
1.0
1.0
1.0
1.0
1.0
1.0
1.0
1.0
1.0
1.0
1.0
1.0
1.0
1.0
1.0
1.0
1.0
1.0
1.0
1.0
1.0
1.0
1.0
1.0
1.0
1.0
0.00912585787497
1.0
1.0
1.0
1.0
1.0
1.0
1.0
0.00985698466906
0.00985698466906
0.00985698466906
0.0360991153934
0.0623333757374
0.16752833629
1.0
0.0355191352238
1.0
1.0
1.0
1.0
0.0461861565588
0.0461861565588
0.0461861565588
0.0461861565588
1.0
1.0
1.0
1.0
1.0
1.0
1.0
1.0
1.0
1.0
1.0
1.0
1.0
1.0
1.0
1.0
1.0
1.0
0.0794811137326
0.00745133519414
0.0798252078688
1.0
1.0
1.0
0.0158051328465
1.0
1.0
1.0
0.0674248726182
1.0
1.0
1.0
1.0
0.0399225396387
0.00912585787497
0.0255342656771
0.0117811047399
0.0139392040545
0.0260715259689
0.0158051328465
1.0
1.0
1.0
1.0
0.116940930422
1.0
0.0674248726182
0.0178653175571
1.0
1.0
1.0
1.0
1.0
1.0
1.0
1.0
1.0
1.0
1.0
1.0
1.0
1.0
1.0
1.0
1.0
1.0
1.0
1.0
1.0
1.0
1.0
1.0
1.0
1.0
1.0
1.0
1.0
1.0
1.0
1.0
1.0
1.0
1.0
1.0
1.0
1.0
1.0
1.0
1.0
1.0
1.0
1.0
1.0
1.0
1.0
1.0
1.0
1.0
1.0
1.0
1.0
1.0
1.0
1.0
1.0
1.0
1.0
1.0
1.0
1.0
1.0
1.0
1.0
1.0
1.0
1.0
1.0
1.0
1.0
1.0
1.0
1.0
1.0
1.0
1.0
1.0
1.0
1.0
1.0
1.0
1.0
1.0
1.0
1.0
1.0
1.0
1.0
1.0
1.0
1.0
1.0
1.0
1.0
1.0
1.0
1.0
1.0
1.0
1.0
1.0
1.0
1.0
1.0
1.0
1.0
1.0
1.0
1.0
1.0
1.0
1.0
0.00372574517662
0.00372574517662
0.00372574517662
0.00372574517662
1.0
1.0
1.0
1.0
0.00912585787497
0.00985698466906
0.0111766148827
0.0232611336256
1.0
1.0
1.0
1.0
1.0
1.0
1.0
1.0
1.0
1.0
1.0
1.0
1.0
1.0
1.0
1.0
1.0
1.0
1.0
1.0
0.00985698466906
0.174990927486
1.0
1.0
1.0
1.0
1.0
1.0
1.0
1.0
1.0
1.0
1.0
1.0
1.0
1.0
1.0
1.0
1.0
1.0
1.0
1.0
1.0
1.0
1.0
1.0
1.0
1.0
1.0
1.0
1.0
1.0
1.0
1.0
1.0
1.0
1.0
1.0
1.0
1.0
1.0
1.0
1.0
1.0
1.0
1.0
1.0
1.0
1.0
1.0
1.0
1.0
1.0
1.0
1.0
1.0
1.0
1.0
1.0
1.0
1.0
1.0
1.0
1.0
1.0
1.0
1.0
1.0
1.0
1.0
1.0
0.0404390725491
1.0
0.02498542454
0.0111766148827
1.0
1.0
1.0
1.0
0.00833078818345
0.0111766148827
1.0
1.0
0.00912585787497
1.0
0.00372574517662
0.0117811047399
1.0
1.0
1.0
1.0
1.0
1.0
1.0
1.0
1.0
1.0
1.0
1.0
1.0
1.0
1.0
1.0
1.0
1.0
1.0
1.0
1.0
1.0
1.0
1.0
1.0
1.0
1.0
1.0
1.0
1.0
1.0
1.0
1.0
1.0
1.0
1.0
1.0
1.0
1.0
1.0
1.0
1.0
1.0
1.0
1.0
1.0
1.0
1.0
1.0
1.0
1.0
1.0
1.0
1.0
1.0
1.0
1.0
1.0
1.0
1.0
1.0
1.0
1.0
1.0
1.0
1.0
1.0
1.0
1.0
1.0
1.0
1.0
1.0
1.0
1.0
1.0
1.0
1.0
1.0
1.0
1.0
1.0
1.0
1.0
1.0
1.0
1.0
1.0
1.0
1.0
1.0
1.0
1.0
1.0
1.0
1.0
1.0
1.0
1.0
1.0
1.0
1.0
1.0
1.0
1.0
1.0
1.0
1.0
1.0
1.0
1.0
1.0
1.0
1.0
1.0
1.0
1.0
1.0
1.0
1.0
1.0
1.0
1.0
1.0
1.0
1.0
1.0
1.0
1.0
1.0
1.0
1.0
1.0
1.0
1.0
1.0
1.0
1.0
1.0
1.0
1.0
1.0
1.0
1.0
0.0268572185824
1.0
1.0
1.0
1.0
1.0
0.015359934854
0.0281178239143
1.0
1.0
1.0
1.0
1.0
1.0
1.0
1.0
1.0
1.0
1.0
1.0
1.0
1.0
1.0
0.0223490398877
1.0
1.0
1.0
1.0
1.0
1.0
1.0
1.0
0.00372574517662
0.00985698466906
0.00372574517662
1.0
0.174879422971
0.0129053744639
0.036290371769
1.0
0.01623811764
0.00372574517662
0.00372574517662
0.00372574517662
1.0
1.0
1.0
1.0
0.00372574517662
0.0129053744639
1.0
0.0174727465718
0.00372574517662
0.00833078818345
0.0139392040545
1.0
0.01623811764
0.00372574517662
0.00372574517662
0.00372574517662
1.0
1.0
1.0
1.0
1.0
1.0
1.0
1.0
1.0
1.0
1.0
1.0
0.00372574517662
1.0
1.0
1.0
1.0
1.0
1.0
1.0
0.0174727465719
0.00912585787497
0.190204324374
0.190204324374
0.190204324374
1.0
0.190204324374
1.0
0.190204324374
0.190204324374
1.0
1.0
1.0
1.0
1.0
1.0
1.0
1.0
1.0
1.0
1.0
1.0
1.0
1.0
1.0
1.0
1.0
1.0
1.0
1.0
1.0
1.0
0.0134322463705
0.0134322463705
0.0134322463705
0.0134322463705
0.0134322463705
0.0134322463705
0.0134322463705
0.0134322463705
0.102501119415
0.015359934854
0.0764922174279
0.0158051328465
0.0874345821826
0.0731912754281
0.126508047909
0.015359934854
1.0
1.0
0.00372574517662
0.00912585787497
1.0
0.00985698466906
0.03203382872
0.00912585787497
1.0
1.0
1.0
1.0
0.00985698466906
1.0
0.198078014703
1.0
0.0388687526291
1.0
0.0714823561284
0.00833078818345
0.00745133519413
0.0368581554564
0.0368581554564
0.0372318419781
0.00372574517662
0.00833078818345
0.00745133519413
0.00372574517662
0.201706218821
1.0
1.0
1.0
0.00912585787497
0.00985698466906
0.00833078818345
1.0
1.0
1.0
1.0
1.0
1.0
1.0
1.0
1.0
1.0
1.0
1.0
1.0
0.178698653663
0.194270487173
0.196331539551
0.0139392040545
1.0
1.0
1.0
1.0
1.0
0.00372574517662
1.0
0.19114651677
1.0
1.0
1.0
1.0
1.0
1.0
1.0
1.0
1.0
1.0
1.0
1.0
1.0
1.0
1.0
1.0
1.0
1.0
1.0
0.0297929253328
0.00985698466906
0.0111766148827
1.0
1.0
1.0
0.00372574517662
0.162121669184
1.0
0.0189943506093
0.0174727465719
0.126029374706
1.0
1.0
1.0
0.0144283468009
0.032676031005
0.0144283468009
0.0144283468009
1.0
1.0
1.0
1.0
1.0
1.0
0.01623811764
0.0379681221462
0.191548653369
0.138333960507
1.0
1.0
1.0
1.0
0.00745133519413
0.00372574517662
0.00372574517662
1.0
1.0
1.0
1.0
1.0
1.0
1.0
1.0
1.0
1.0
1.0
1.0
1.0
1.0
1.0
1.0
1.0
1.0
1.0
1.0
1.0
1.0
1.0
0.00372574517662
0.00912585787497
1.0
0.00985698466906
0.03203382872
0.00912585787497
0.022657159733
0.00745133519413
0.0129053744639
0.0149014290508
0.00372574517662
0.178988582884
0.00372574517663
0.00372574517663
1.0
1.0
1.0
0.190204324374
0.183485686347
1.0
1.0
1.0
1.0
1.0
0.0244242218644
1.0
0.0223490398877
0.0223490398877
1.0
1.0
1.0
1.0
1.0
1.0
1.0
1.0
1.0
1.0
1.0
1.0
1.0
1.0
1.0
1.0
1.0
1.0
0.0899756811566
0.0637531737445
0.0449730203676
1.0
0.0449730203676
1.0
1.0
1.0
1.0
1.0
0.00833078818345
0.00912585787497
1.0
1.0
1.0
1.0
1.0
1.0
1.0
1.0
1.0
1.0
1.0
1.0
1.0
1.0
1.0
1.0
1.0
1.0
1.0
1.0
1.0
1.0
1.0
1.0
1.0
1.0
1.0
1.0
1.0
1.0
1.0
1.0
1.0
1.0
1.0
1.0
0.0886760200485
0.0623333757374
1.0
1.0
1.0
1.0
1.0
1.0
1.0
1.0
1.0
1.0
1.0
1.0
1.0
1.0
1.0
1.0
1.0
1.0
0.186137756314
0.108856140811
0.108482081799
1.0
0.0539127992668
1.0
1.0
1.0
1.0
1.0
1.0
1.0
1.0
0.196201438664
0.140105613826
1.0
1.0
1.0
1.0
1.0
1.0
1.0
1.0
1.0
1.0
1.0
1.0
1.0
0.114372058915
0.0772949249217
0.0669128966589
0.0716742912187
0.0718657029759
1.0
1.0
1.0
0.0174727465719
0.18373180981
0.134764509074
0.138959223543
0.100492335758
0.0611058309139
0.0518240636347
0.0634283944954
1.0
0.0437259579618
0.0437259579618
0.0437259579618
1.0
1.0
1.0
1.0
1.0
1.0
1.0
1.0
1.0
1.0
1.0
1.0
1.0
1.0
1.0
1.0
1.0
1.0
1.0
1.0
1.0
1.0
1.0
1.0
1.0
1.0
1.0
1.0
1.0
1.0
0.00745133519414
0.00745133519414
0.00745133519414
1.0
1.0
1.0
1.0
1.0
1.0
1.0
1.0
1.0
1.0
1.0
1.0
1.0
1.0
1.0
1.0
1.0
1.0
1.0
1.0
1.0
1.0
1.0
1.0
1.0
1.0
1.0
1.0
1.0
1.0
1.0
1.0
1.0
1.0
1.0
1.0
1.0
1.0
1.0
1.0
1.0
1.0
1.0
1.0
1.0
1.0
1.0
0.164969071129
1.0
0.0656675713738
1.0
1.0
1.0
1.0
1.0
1.0
1.0
1.0
1.0
1.0
0.00912585787497
0.00912585787497
0.00912585787497
1.0
1.0
1.0
1.0
1.0
0.161390854111
0.117917614527
0.0877466409798
0.065035807174
0.0497854510731
0.0377854048123
0.0364806201796
1.0
1.0
1.0
1.0
1.0
1.0
1.0
1.0
1.0
1.0
1.0
1.0
1.0
1.0
1.0
1.0
1.0
1.0
1.0
1.0
1.0
1.0
1.0
1.0
1.0
0.0178653175571
0.154469195057
0.135850903503
0.13491320961
1.0
1.0
1.0
1.0
1.0
1.0
1.0
1.0
1.0
1.0
1.0
0.00912585787497
1.0
1.0
0.0105374867114
1.0
1.0
1.0
1.0
0.00985698466906
0.00985698466906
0.0232611336256
0.0504742335341
0.164012762531
0.163572359161
1.0
0.161878473605
1.0
1.0
1.0
1.0
0.0455836581728
0.0455836581728
0.0455836581728
0.0455836581728
1.0
1.0
1.0
1.0
1.0
1.0
1.0
1.0
1.0
1.0
1.0
1.0
1.0
1.0
1.0
1.0
1.0
1.0
0.0451264608841
0.00745133519414
0.0457350331999
1.0
1.0
1.0
1.0
1.0
1.0
1.0
1.0
1.0
1.0
1.0
1.0
1.0
1.0
1.0
1.0
1.0
1.0
1.0
1.0
1.0
1.0
1.0
1.0
1.0
1.0
1.0
1.0
1.0
1.0
1.0
1.0
1.0
1.0
1.0
1.0
1.0
1.0
1.0
1.0
1.0
1.0
1.0
1.0
1.0
1.0
1.0
1.0
1.0
1.0
1.0
1.0
1.0
1.0
1.0
1.0
1.0
1.0
1.0
1.0
1.0
1.0
1.0
1.0
1.0
1.0
1.0
1.0
1.0
1.0
1.0
1.0
1.0
1.0
1.0
1.0
1.0
1.0
1.0
1.0
1.0
1.0
1.0
1.0
1.0
1.0
1.0
1.0
1.0
1.0
1.0
1.0
1.0
1.0
1.0
1.0
1.0
1.0
1.0
1.0
1.0
1.0
1.0
1.0
1.0
1.0
1.0
1.0
1.0
1.0
1.0
1.0
1.0
1.0
1.0
1.0
1.0
1.0
1.0
1.0
1.0
1.0
1.0
1.0
1.0
1.0
1.0
1.0
1.0
1.0
1.0
1.0
1.0
1.0
1.0
1.0
1.0
1.0
1.0
1.0
0.102567372195
0.0769392249955
0.0479478628983
0.0464844525405
1.0
1.0
1.0
1.0
0.094775359154
0.074584831235
0.0469283106779
0.0454317745376
1.0
1.0
1.0
1.0
1.0
1.0
1.0
1.0
1.0
1.0
1.0
1.0
1.0
1.0
1.0
1.0
1.0
1.0
1.0
1.0
0.015359934854
0.12645495757
1.0
1.0
1.0
1.0
1.0
1.0
1.0
1.0
1.0
1.0
1.0
1.0
1.0
1.0
1.0
1.0
1.0
1.0
1.0
1.0
1.0
1.0
1.0
1.0
1.0
1.0
1.0
1.0
1.0
1.0
1.0
1.0
1.0
1.0
1.0
1.0
1.0
1.0
1.0
1.0
1.0
1.0
1.0
1.0
1.0
1.0
1.0
1.0
1.0
1.0
1.0
1.0
1.0
