0.0
0.0
0.0
0.0
0.0
0.0
0.0
0.0
0.0
0.0
0.0
0.0
0.0
0.0
0.0
0.0
-0.000103713542592
-2.32019264912e-17
-2.74946894679e-17
-1.40946282423e-17
8.66358850979e-16
1.62630325873e-17
2.50450701844e-17
-5.72458747072e-17
-7.6327832943e-17
-0.000226171396085
-2.60208521397e-17
1.73472347598e-17
2.22044604925e-16
3.33066907388e-16
8.4212591438e-06
-0.000174577140142
-5.55111512313e-17
-3.46944695195e-18
-4.33680868994e-19
-2.71050543121e-20
-3.38813178902e-21
4.23516473627e-22
0.0
-3.30872245021e-24
0.0
0.0
0.345850615361
0.000585215837746
0.345850615361
7.88860905221e-31
0.0
0.0
0.0
0.0
0.0
0.0
0.0
0.0
0.0
0.0
0.0
0.0
0.0
0.0
0.0
0.0
0.0
0.0
0.0
0.0
0.0
0.0
0.0
0.0
0.0
0.0
0.0
0.0
0.0
0.0
0.0
0.0
0.0
0.0
0.0
0.0
0.0
0.0
0.0
0.0
0.0
0.0
0.0
0.0
0.0
0.0
0.0
0.0
0.0
0.0
0.0
0.0
0.0
0.0
0.0
0.0
0.0
0.0
0.0
0.0
0.0
0.0
0.0
0.0
0.0
0.0
0.0
0.0
0.0
0.0
0.0
0.0
0.0
0.0
0.0
0.0
0.0
0.0
0.0
0.0
0.0
0.0
0.0
0.0
0.0
0.0
0.0
0.0
0.0
0.0
0.0
0.0
0.0
0.0
0.0
0.0
0.0
0.0
0.0
0.0
0.0
0.0
0.0
0.0
0.0
0.0
0.0
0.0
0.0
0.0
0.0
0.0
0.0
0.0
0.0
0.0
0.0
0.0
0.0
0.0
0.0
0.0
0.0
0.0
0.0
0.0
0.0
0.0
0.0
0.0
-0.000290296174896
0.0
0.0
0.0
0.0
0.0
0.0
-0.000306409153613
0.0
0.0
0.0
0.0
0.0
0.0
0.0
0.0
0.0
0.0
0.0
0.0
0.0
0.0
0.0
0.0
0.0
0.0
0.0
0.0
0.0
0.0
0.0
0.0
8.42125914337e-06
0.0
0.0
0.0
-0.000302624627103
-0.000333603801657
-0.000290436051188
0.0
0.0
8.42125914337e-06
8.42125914337e-06
0.0
0.0
0.0
0.0
0.0
8.42125914337e-06
-0.000453619267511
0.0
0.0
8.42125914337e-06
0.0
-0.000290436051188
0.0
0.0
8.42125914337e-06
8.42125914337e-06
0.0
0.0
0.0
0.0
0.0
0.0
0.0
0.0
0.0
0.0
0.0
0.0
0.0
0.0
0.0
0.0
0.0
0.0
0.0
0.0
0.0
0.0
0.0
0.0
0.0
0.0
0.0
0.0
0.0
0.0
0.0
0.0
0.0
0.0
0.0
0.0
0.0
0.0
0.0
0.0
0.0
0.0
0.0
0.0
0.0
0.0
0.0
0.0
0.0
0.0
0.0
0.0
0.0
0.0
0.0
0.0
0.0
0.0
0.0
0.0
0.0
-0.000158188752503
0.0
-0.000679854806941
0.345850615361
-0.000770256210319
-0.00040728068794
-0.000692609918822
-6.64238846231e-05
0.0
0.0
8.42125914337e-06
0.0
0.0
-0.000399997175793
-0.000402235883723
-0.000152298567983
0.0
0.0
0.0
0.0
0.0
0.0
0.0
0.0
0.0
0.0
0.0
0.0
0.0
0.0
0.0
-0.000359260191004
8.42125914337e-06
0.0
0.0
8.42125914337e-06
-0.000148799590761
0.0
0.0
0.0
0.0
0.0
0.0
0.0
0.0
0.0
0.0
0.0
0.0
0.0
0.0
0.0
0.0
0.0
0.0
0.0
0.0
0.0
0.0
-0.000122890029264
0.0
0.0
0.0
0.0
0.0
8.42125914337e-06
0.0
-8.36873216592e-05
0.0
0.0
0.0
0.0
0.0
0.0
0.0
0.0
0.0
0.0
0.0
0.0
0.0
0.0
0.0
0.0
0.0
0.0
0.0
-0.000220200769749
0.0
-0.000345159220004
0.0
0.0
0.0
8.42125914337e-06
-0.000163752659498
0.0
0.0
0.0
0.0
0.0
0.0
0.0
0.0
-0.000400711642871
-0.000435488849278
-0.000430905235797
0.0
0.0
0.0
0.0
0.0
0.0
-0.000158468717745
-0.000289524318559
-0.000709978423151
-0.00103282659511
0.0
0.0
0.0
0.0
8.42125914337e-06
8.42125914337e-06
8.42125914337e-06
0.0
0.0
0.0
0.0
0.0
0.0
0.0
0.0
0.0
0.0
0.0
0.0
0.0
0.0
0.0
0.0
0.0
0.0
0.0
0.0
0.0
0.0
0.0
8.42125914337e-06
0.0
0.0
-0.000399997175793
-0.000402235883723
-0.000152298567983
-0.00111286866922
0.0
-0.000446623679723
-0.000421799981826
8.42125914337e-06
0.0
-3.50314301121e-05
-3.50314301121e-05
0.0
0.0
0.0
0.0
-0.000323689237852
0.0
0.0
0.0
0.0
0.0
-0.000544973663448
0.0
0.0
0.0
0.0
0.0
0.0
0.0
0.0
0.0
0.0
0.0
0.0
0.0
0.0
0.0
0.351373940722
0.000890058045045
0.351373940722
0.0
0.0
0.0
0.0119492802558
0.0252805024839
0.0280941717163
0.0
0.0631526392169
0.0
0.0
0.0
0.0
0.0
0.0
0.0
0.0
0.0
0.0
0.0
0.0
0.0
0.0
0.0
0.0
0.0
0.0
0.0
0.0
0.0
0.0
0.0
0.0
0.0
0.0
0.0
0.0
0.0
0.0
0.0
0.0
0.0
0.0
0.0
-0.018847425138
-0.018847425138
-0.018847425138
-0.018847425138
-0.018847425138
-0.018847425138
-0.018847425138
-0.018847425138
0.0
0.0
0.0
0.0
0.0
0.0
0.0
0.0
0.0
0.0
0.0
0.0
0.0
0.0
0.0
0.0
0.0
0.0
0.0
0.0
0.0
-2.57052119351e-05
0.0
0.0
-0.000468398478107
0.0
0.0
0.0
0.0
0.0
0.0
0.0
0.0
0.0
0.0
0.0
0.0
0.0
0.0
0.0
0.000890058045045
0.0
0.0
0.0
0.0
0.0
0.0
0.0
0.000122775865765
6.67259100846e-05
-7.9662098176e-05
0.000122775865765
0.0
0.00144032523141
0.351373940722
0.0
0.00025517872101
-0.000238530366226
-0.000244523365507
-7.04146948312e-06
3.95206452391e-05
-8.80315064952e-05
-8.80315064952e-05
-4.81165826999e-05
0.0
0.0
0.0
0.0
0.0
0.0
0.0
0.0
0.0
0.0
0.0
0.0
0.0
0.0
0.0
0.0
0.0
0.0
0.0
0.0
0.0
0.0
0.0
0.0
0.0
0.0
0.0
0.0
0.0
0.0
0.0
0.0
0.0
0.0
0.0
0.0
0.0
0.0
0.0
0.0
0.0
0.0
0.0
0.0
0.0
0.0
0.0
0.0
0.0
0.0
0.0
0.0
0.0
0.0
0.0
0.0
0.0
0.0
0.0
0.0
0.0
0.0
0.0
0.0
0.0
0.0
0.0
0.0
0.0
0.0
0.0
0.0
0.0
0.0
0.0
0.0
0.0
0.0
0.0
0.0
0.0
0.0
0.0
0.0
-0.00135944806916
0.0
-0.000436639954807
0.0
0.0
0.0
0.0
0.0
0.0
0.0
0.0
0.0
0.0
-0.000139066135263
-0.000139066135263
-0.000139066135263
0.0
0.0
0.0
0.0
0.0
-0.00115908339158
-0.00105429411159
-0.00105226276772
-0.00104571870614
-0.000988941664025
-0.000959148707428
-0.00137281381296
0.0
0.0
0.0
0.0
0.0
0.0
0.0
0.0
0.0
0.0
0.0
0.0
0.0
0.0
0.0
0.0
0.0
0.0
0.0
0.0
0.0
0.0
0.0
0.0
0.0
0.0
0.0
0.0
0.0
0.0
0.0
0.0
0.0
0.0
0.0
0.0
0.0
0.0
0.0
0.0
-0.000140879486878
0.0
0.0
0.0
0.0
0.0
0.0
0.0
4.64716894668e-05
-0.000153969546998
-0.000126028448353
-0.000303472711681
-0.000470472911447
-0.00137967518599
0.0
-0.000196601509612
0.0
0.0
0.0
0.0
0.0321335603198
0.0321335603198
0.0321335603198
0.0321335603198
0.0
0.0
0.0
0.0
0.0
0.0
0.0
0.0
0.0
0.0
0.0
0.0
0.0
0.0
0.0
0.0
0.0
0.0
0.0526643613762
0.00272212455977
0.052691445109
0.0
0.0
0.0
0.351373940722
0.0
0.0
0.0
0.000890058045045
0.0
0.0
0.0
0.0
-0.000245784433591
9.52259396356e-05
-0.000154688311432
6.67259100846e-05
-7.92750272996e-05
-0.000157878894984
0.351373940722
0.0
0.0
0.0
0.0
-0.000446024422162
0.0
0.000890058045045
-0.000107676162399
0.0
0.0
0.0
0.0
0.0
0.0
0.0
0.0
0.0
0.0
0.0
0.0
0.0
0.0
0.0
0.0
0.0
0.0
0.0
0.0
0.0
0.0
0.0
0.0
0.0
0.0
0.0
0.0
0.0
0.0
0.0
0.0
0.0
0.0
0.0
0.0
0.0
0.0
0.0
0.0
0.0
0.0
0.0
0.0
0.0
0.0
0.0
0.0
0.0
0.0
0.0
0.0
0.0
0.0
0.0
0.0
0.0
0.0
0.0
0.0
0.0
0.0
0.0
0.0
0.0
0.0
0.0
0.0
0.0
0.0
0.0
0.0
0.0
0.0
0.0
0.0
0.0
0.0
0.0
0.0
0.0
0.0
0.0
0.0
0.0
0.0
0.0
0.0
0.0
0.0
0.0
0.0
0.0
0.0
0.0
0.0
0.0
0.0
0.0
0.0
0.0
0.0
0.0
0.0
0.0
0.0
0.0
0.0
0.0
0.0
0.0
0.0
0.0
8.42125914337e-06
8.42125914337e-06
8.42125914337e-06
8.42125914337e-06
0.0
0.0
0.0
0.0
-0.000382246093875
-0.000357425143744
-0.000329130621136
-0.000280411117251
0.0
0.0
0.0
0.0
0.0
0.0
0.0
0.0
0.0
0.0
0.0
0.0
0.0
0.0
0.0
0.0
0.0
0.0
0.0
0.0
0.000432950903538
-0.00100207408517
0.0
0.0
0.0
0.0
0.0
0.0
0.0
0.0
0.0
0.0
0.0
0.0
0.0
0.0
0.0
0.0
0.0
0.0
0.0
0.0
0.0
0.0
0.0
0.0
0.0
0.0
0.0
0.0
0.0
0.0
0.0
0.0
0.0
0.0
0.0
0.0
0.0
0.0
0.0
0.0
0.0
0.0
0.0
0.0
0.0
0.0
0.0
0.0
0.0
0.0
0.0
0.0
0.0
0.0
0.0
0.0
0.0
0.0
0.0
0.0
0.0
0.0
0.0
0.0
0.0
0.0
0.0
0.0
0.0
-0.000359057852361
0.0
-0.00022729115518
-0.000251476416229
0.0
0.0
0.0
0.0
-0.000325649219825
-3.97125353862e-06
0.0
0.0
-0.000112436918664
0.0
1.79276756686e-05
2.81946937646e-05
0.0
0.0
0.0
0.0
0.0
0.0
0.0
0.0
0.0
0.0
0.0
0.0
0.0
0.0
0.0
0.0
0.0
0.0
0.0
0.0
0.0
0.0
0.0
0.0
0.0
0.0
0.0
0.0
0.0
0.0
0.0
0.0
0.0
0.0
0.0
0.0
0.0
0.0
0.0
0.0
0.0
0.0
0.0
0.0
0.0
0.0
0.0
0.0
0.0
0.0
0.0
0.0
0.0
0.0
0.0
0.0
0.0
0.0
0.0
0.0
0.0
0.0
0.0
0.0
0.0
0.0
0.0
0.0
0.0
0.0
0.0
0.0
0.0
0.0
0.0
0.0
0.0
0.0
0.0
0.0
0.0
0.0
0.0
0.0
0.0
0.0
0.0
0.0
0.0
0.0
0.0
0.0
0.0
0.0
0.0
0.0
0.0
0.0
0.0
0.0
0.0
0.0
0.0
0.0
0.0
0.0
0.0
0.0
0.0
0.0
0.0
0.0
0.0
0.0
0.0
0.0
0.0
0.0
0.0
0.0
0.0
0.0
0.0
0.0
0.0
0.0
0.0
0.0
0.0
0.0
0.0
0.0
0.0
0.0
0.0
0.0
0.0
0.0
0.0
0.0
0.0
0.0
0.0
0.0
-0.000455282514651
0.0
0.0
0.0
0.0
0.0
-0.000133457404657
-0.000646523875528
0.0
0.0
0.0
0.0
0.0
0.0
0.0
0.0
0.0
0.0
0.0
0.0
0.0
0.0
0.0
-0.000276793708908
0.0
0.0
0.0
0.0
0.0
0.0
0.0
0.0
1.79276756686e-05
-0.000237741263115
8.42125914337e-06
0.0
-0.00111978279844
-0.000245240101494
-0.000351225066569
0.0
-0.000570956146363
1.79276756686e-05
1.79276756686e-05
8.42125914337e-06
0.0
0.0
0.0
0.0
1.79276756686e-05
-9.6584199494e-05
0.0
-0.00168867874814
1.79276756686e-05
-0.000409526975259
-0.000274539765885
0.0
-0.000570956146363
1.79276756686e-05
1.79276756686e-05
8.42125914337e-06
0.0
0.0
0.0
0.0
0.0
0.0
0.0
0.0
0.0
0.0
0.0
0.0
8.42125914337e-06
0.0
0.0
0.0
0.0
0.0
0.0
0.0
-0.000510757980668
-0.000198705102383
-0.0142132490384
-0.0142132490384
-0.0142132490384
0.0
-0.0142132490384
0.0
-0.0142132490384
-0.0142132490384
0.0
0.0
0.0
0.0
0.0
0.0
0.0
0.0
0.0
0.0
0.0
0.0
0.0
0.0
0.0
0.0
0.0
0.0
0.0
0.0
0.0
0.0
0.00152464559525
0.00152464559525
0.00152464559525
0.00152464559525
0.00152464559525
0.00152464559525
0.00152464559525
0.00152464559525
-0.000666273001638
0.00082559701169
-0.000537223728619
-9.46770309166e-05
-0.000606257381363
-0.000497423063118
-0.000772371084439
-9.28208800223e-05
0.0
0.0
1.79276756686e-05
-0.000241489007096
0.0
-7.06252277646e-05
-0.000253725822635
-6.85679051508e-05
0.0
0.0
0.0
0.0
-0.000143368977883
0.0
-0.00130894239583
0.0
-0.000274157001648
0.0
-0.000497227521769
-0.000184822837723
-0.000248114584341
-0.000360050356369
-0.000360050356369
-0.000217831593049
1.79276756686e-05
-0.000345065086023
-0.000111898897829
1.79276756686e-05
-0.00140019160194
0.0
0.0
0.0
-0.000394069155503
-0.000395833293242
-0.000477914562521
0.0
0.0
0.0
0.0
0.0
0.0
0.0
0.0
0.0
0.0
0.0
0.0
0.0
-0.00218393205438
-0.00216238657814
-0.002192574851
-0.000102680390752
0.0
0.0
0.0
0.0
0.0
1.79276756686e-05
0.0
-0.000984709923168
0.0
0.0
0.0
0.0
0.0
0.0
0.0
0.0
0.0
0.0
0.0
0.0
0.0
0.0
0.0
0.0
0.0
0.0
0.0
-0.000181809043617
-0.000163169751517
-3.87189547114e-06
0.0
0.0
0.0
1.79276756686e-05
-0.00106751169184
0.0
-0.000208379543896
-0.000510757980668
-0.000799130528841
0.0
0.0
0.0
-0.000877748461814
-0.00044495554877
-0.000170457574161
-0.000167348795453
0.0
0.0
0.0
0.0
0.0
0.0
-0.00011570271617
-0.000236512169973
-0.00124572662692
-0.000905088552185
0.0
0.0
0.0
0.0
-2.23797355838e-05
1.79276756686e-05
1.79276756686e-05
0.0
0.0
0.0
0.0
0.0
0.0
0.0
0.0
0.0
0.0
0.0
0.0
0.0
0.0
0.0
0.0
0.0
0.0
0.0
0.0
0.0
0.0
0.0
1.79276756686e-05
-0.000241489007096
0.0
-7.06252277646e-05
-0.000253725822635
-6.85679051508e-05
-0.000424776639282
-0.000310193213399
-0.000321326469626
-0.000119915891966
1.79276756686e-05
-0.00232960370758
-7.05250642492e-05
-7.05250642492e-05
0.0
0.0
0.0
-0.0142132490384
-0.00114732118223
0.0
0.0
0.0
0.0
0.0
-0.00154283379452
0.0
-0.000276793708908
-0.000276793708908
0.0
0.0
0.0
0.0
0.0
0.0
0.0
0.0
0.0
0.0
0.0
0.0
0.0
0.0
0.0
0.0
0.0
0.0
0.0174506032319
0.0211507652932
0.0251862905331
0.0
0.0251862905331
0.0
0.0
0.0
0.0
0.0
-0.000184822837723
-6.20399300439e-05
0.0
0.0
0.0
0.0
0.0
0.0
0.0
0.0
0.0
0.0
0.0
0.0
0.0
0.0
0.0
0.0
0.0
0.0
0.0
0.0
0.0
0.0
0.0
0.0
0.0
0.0
0.0
0.0
0.0
0.0
0.0
0.0
0.0
0.0
0.0
0.0
-0.000537011193147
-0.00037652892058
0.0
0.0
0.0
0.0
0.0
0.0
0.0
0.0
0.0
0.0
0.0
0.0
0.0
0.0
0.0
0.0
0.0
0.0
-0.00112748683829
-0.000670935272779
-0.000676764450791
0.0
-0.000324422730632
0.0
0.0
0.0
0.0
0.0
0.0
0.0
0.0
-0.00127308919548
-0.000969452189905
0.0
0.0
0.0
0.0
0.0
0.0
0.0
0.0
0.0
0.0
0.0
0.0
0.0
-0.000854338729111
-0.000635638454725
-0.000523998946985
-0.000553749729175
-0.000334033464495
0.0
0.0
0.0
-0.000108235534249
-0.00117843011199
-0.000877972646107
-0.000877511218741
-0.00067940337866
-0.000517017112866
-0.000497783703735
-0.000414410569358
0.0
0.0257954716441
0.0257954716441
0.0257954716441
0.0
0.0
0.0
0.0
0.0
0.0
0.0
0.0
0.0
0.0
0.0
0.0
0.0
0.0
0.0
0.0
0.0
0.0
0.0
0.0
0.0
0.0
0.0
0.0
0.0
0.0
0.0
0.0
0.0
0.0
0.00272212455977
0.00272212455977
0.00272212455977
0.0
0.0
0.0
0.0
0.0
0.0
0.0
0.0
0.0
0.0
0.0
0.0
0.0
0.0
0.0
0.0
0.0
0.0
0.0
0.0
0.0
0.0
0.0
0.0
0.0
0.0
0.0
0.0
0.0
0.0
0.0
0.0
0.0
0.0
0.0
0.0
0.0
0.0
0.0
0.0
0.0
0.0
0.0
0.0
0.0
0.0
0.0
-0.0010428434456
0.0
-0.000466102205838
0.0
0.0
0.0
0.0
0.0
0.0
0.0
0.0
0.0
0.0
-8.37702930481e-05
-8.37702930481e-05
-8.37702930481e-05
0.0
0.0
0.0
0.0
0.0
-0.00195250450881
-0.00180287378857
-0.00176523165854
-0.00167070168103
-0.00160910847516
-0.000783602206121
-0.000768391842168
0.0
0.0
0.0
0.0
0.0
0.0
0.0
0.0
0.0
0.0
0.0
0.0
0.0
0.0
0.0
0.0
0.0
0.0
0.0
0.0
0.0
0.0
0.0
0.0
0.0
-0.000175681247701
-0.00135195271913
-0.00118960896203
-0.00121557668688
0.0
0.0
0.0
0.0
0.0
0.0
0.0
0.0
0.0
0.0
0.0
-0.000157083061973
0.0
0.0
-0.000126997148683
0.0
0.0
0.0
0.0
-6.08218976612e-05
-6.13087468825e-05
-0.000167099285528
-0.000312227021863
-0.00103364048813
-0.00113441948715
0.0
-0.00105104858247
0.0
0.0
0.0
0.0
-0.000529204262552
-0.000529204262552
-0.000529204262552
-0.000529204262552
0.0
0.0
0.0
0.0
0.0
0.0
0.0
0.0
0.0
0.0
0.0
0.0
0.0
0.0
0.0
0.0
0.0
0.0
-2.71850921996e-05
0.000192752659806
4.58068275768e-06
0.0
0.0
0.0
0.0
0.0
0.0
0.0
0.0
0.0
0.0
0.0
0.0
0.0
0.0
0.0
0.0
0.0
0.0
0.0
0.0
0.0
0.0
0.0
0.0
0.0
0.0
0.0
0.0
0.0
0.0
0.0
0.0
0.0
0.0
0.0
0.0
0.0
0.0
0.0
0.0
0.0
0.0
0.0
0.0
0.0
0.0
0.0
0.0
0.0
0.0
0.0
0.0
0.0
0.0
0.0
0.0
0.0
0.0
0.0
0.0
0.0
0.0
0.0
0.0
0.0
0.0
0.0
0.0
0.0
0.0
0.0
0.0
0.0
0.0
0.0
0.0
0.0
0.0
0.0
0.0
0.0
0.0
0.0
0.0
0.0
0.0
0.0
0.0
0.0
0.0
0.0
0.0
0.0
0.0
0.0
0.0
0.0
0.0
0.0
0.0
0.0
0.0
0.0
0.0
0.0
0.0
0.0
0.0
0.0
0.0
0.0
0.0
0.0
0.0
0.0
0.0
0.0
0.0
0.0
0.0
0.0
0.0
0.0
0.0
0.0
0.0
0.0
0.0
0.0
0.0
0.0
0.0
0.0
0.0
0.0
0.0
0.0
0.0
0.0
0.0
-0.000845368062579
-0.000939336124601
-0.000765852961039
-0.000818199310172
0.0
0.0
0.0
0.0
0.012899990063
0.00050522967728
-0.00041811208956
-0.000399588496243
0.0
0.0
0.0
0.0
0.0
0.0
0.0
0.0
0.0
0.0
0.0
0.0
0.0
0.0
0.0
0.0
0.0
0.0
0.0
0.0
-9.45564150331e-05
-0.000780527529992
0.0
0.0
0.0
0.0
0.0
0.0
0.0
0.0
0.0
0.0
0.0
0.0
0.0
0.0
0.0
0.0
0.0
0.0
0.0
0.0
0.0
0.0
0.0
0.0
0.0
0.0
0.0
0.0
0.0
0.0
0.0
0.0
0.0
0.0
0.0
0.0
0.0
0.0
0.0
0.0
0.0
0.0
0.0
0.0
0.0
0.0
0.0
0.0
0.0
0.0
0.0
0.0
0.0
