0.0
0.0
0.0
0.0
0.0
0.0
0.0
0.0
0.0
0.0
0.0
0.0
0.0
0.0
0.0
0.0
0.0
0.0
0.0
0.0
0.0
0.0
0.0
0.0
0.0
0.0
0.0
0.0
0.0
0.0
0.0
0.0
0.0
0.0
0.0
0.0
0.0
0.0
0.0
0.0
0.0
0.0
0.0
0.0
0.0
0.0
0.0
0.0
0.0
0.0
0.0
0.0487602366724
1.11022302463e-16
5.55111512313e-16
-5.55111512313e-17
6.93889390391e-18
4.33680868994e-19
-1.08420217249e-19
3.38813178902e-21
0.0
0.0
0.0
-5.16987882846e-26
-4.84676140168e-27
0.0
0.0
9.86076131526e-32
0.0
1.92592994439e-34
6.01853107621e-36
-1.88079096132e-37
0.0
-1.83670992316e-40
2.86985925494e-42
0.0
1.54142831076e-44
1.99685031166e-44
0.0
0.0
0.0
0.0
0.0
0.0
0.0
0.0
0.0
0.0
0.0
0.0
0.0
0.0
0.0
0.0
0.0
0.0
0.0
0.0
0.0
0.0
0.0
0.0
0.0
0.0
0.0
0.0
0.0
0.0
0.0
0.0
0.0
0.0
0.0
0.0
0.0
0.0
0.0
0.0
0.0
0.0
0.0
0.0
0.0
0.0
0.0
0.0
0.0
0.0
0.0
-0.00304362437003
-0.0030214759031
0.0
0.0
0.0
0.0
0.0
0.0
0.0
0.0
0.0
0.0
0.0
0.0
0.0
0.0
0.0
0.0
0.0
0.0
0.0
0.0
0.0
0.0
0.0
0.0
0.0112954598377
0.0
0.0221377209209
0.0267669355722
0.0
0.0
0.0
0.0
0.0
0.0
0.0
0.0
0.0
0.0
0.0244405728368
0.0252403941529
0.0287729796812
0.0
0.0309291064891
0.0
0.0
0.0
0.0
0.0
0.0
0.0
0.0
0.0
0.0
0.0
0.0251097006601
0.0
0.0266496327397
0.0273115618467
0.0303496079991
0.0
0.0
0.0
0.0
0.0
0.0
0.0
0.0
0.0
0.0
0.0
0.0458877677644
0.0368052531279
0.0
0.0
0.0
0.0
0.0
0.0
0.0
0.0
0.0
0.0
0.0
0.0
0.0
0.0
0.0
0.0
0.0
0.0
0.0
0.000105574320837
0.0458209709171
0.0367754938168
0.0
0.0
0.0
0.0
0.0
0.0
0.0
0.0
0.0
0.0
0.0
0.0
0.0
0.0
0.0
0.0
0.0
0.0
0.0
0.0
0.0
0.0
0.0
0.0
0.0
0.0
0.0
0.0
0.0
0.0
0.0
0.0
0.0
0.0
0.0
0.0
0.0
0.0
0.0
0.0
0.0470579574753
0.0472378759545
0.0559988785867
0.0455710185004
0.0518376123101
0.0450827959658
0.0
0.0
0.0
0.0
0.0
0.0
0.0
0.0
0.0
0.0
-0.0128935987193
-0.015272182762
-0.0103757740172
-0.00230863406499
-0.00360843653769
0.0
0.0
0.0
0.0667900420495
0.0287729796812
0.0221377209209
0.0251097006601
0.0303496079991
0.0
0.0
0.0
-0.00196247489932
-0.00198355209451
-0.00250694904895
-0.00279440140974
0.0
0.0
0.0
0.0
0.0
0.0
0.0
0.0
0.0
0.0
0.0
0.0
0.0
0.0
0.0
0.0
0.0
0.0
0.0
0.0
0.00615594603497
-0.00507488431699
-0.00188642585864
-0.000268100911708
0.0
0.0
0.0
0.0
0.0
0.0
0.0
0.0
-0.00315706403973
0.0
0.0
0.0
0.0
0.0
0.0
0.0
0.0
0.0
0.0
0.0
0.0
0.0
0.0
0.0
0.0
0.0
0.0
0.0
0.0458877677644
0.0
0.0
0.0
0.0
0.0
0.0
0.0368052531279
0.0
0.0
0.0
0.0
0.0
0.0
0.0
0.0
0.0
0.0
0.0
0.0
0.0
0.0
0.0
0.0
-0.00138384516196
-0.00100294522701
-0.000717741068704
-0.000798977419355
0.0400497187066
-0.000178397253831
-0.000178397253831
-0.000178397253831
0.00410346455445
0.0734125061315
-0.00101397353574
-0.000931505679394
0.0927684165608
0.0
0.0
0.0
0.0129668727215
-0.000253671000985
0.0192537898169
0.0588883384484
0.0
0.0
0.0
0.0
-0.00364003675626
0.0166061120732
0.0800461385103
-0.00119447438091
0.0
0.0
0.0
0.0
-0.00395736765427
-0.00317210545115
-0.00322032073504
-0.00322550194994
0.107969809635
-7.63420020429e-05
-7.63420020429e-05
-7.63420020429e-05
-0.000433889767349
0.0192491679088
-0.000117912006746
0.0588883384484
0.0
0.0
0.0
0.0
0.0400255117131
-0.00661305213293
-0.00615640748865
0.0547256742548
0.0
0.0
0.0
0.0
0.0166869498599
0.0777882485427
-0.000376512577607
0.0
0.0
0.0
0.0
0.0
0.0138509203989
-0.00315572259983
0.0995254502196
0.0
0.0
0.0
0.0
0.0
0.0192695352715
0.0588883384484
0.0
0.0
0.0
0.0
0.0
0.0
-0.000105399720884
-0.00059822464692
-0.000347895933031
-0.000360882026255
-0.000360882026255
-0.000360882026255
-0.000360882026255
-0.000360882026255
-0.00330284692624
-0.00506540917047
-0.00386423346736
-0.00422662759198
-0.00422662759198
-0.00422662759198
-0.00422662759198
-0.00422662759198
0.00030734312069
-0.000612862152907
-0.000250473547676
-0.00030554510576
-0.00030554510576
-0.00030554510576
-0.00030554510576
-0.00030554510576
-0.00283000018251
-0.00559645364942
-0.00772073390626
-0.00772073390626
-0.00772073390626
-0.00772073390626
-0.00772073390626
-0.00772073390626
-0.00344486074231
-0.00397019296197
-0.00434050398626
-0.00434050398626
-0.00434050398626
-0.00434050398626
-0.00434050398626
-0.00434050398626
-0.000672968348599
-0.000736780730588
-0.00078219399041
-0.00078219399041
-0.00078219399041
-0.00078219399041
-0.00078219399041
-0.00078219399041
-0.00671766870826
-0.00778128960395
-0.00778128960395
-0.00778128960395
-0.00778128960395
-0.00778128960395
-0.00778128960395
-0.00778128960395
-0.00643284933802
-0.00821420081684
-0.00821420081684
-0.00821420081684
-0.00821420081684
-0.00821420081684
-0.00821420081684
-0.00821420081684
-0.00281711460419
-0.00353566021292
-0.00353566021292
-0.00353566021292
-0.00353566021292
-0.00353566021292
-0.00353566021292
-0.00353566021292
-2.48054249713e-05
-0.000261105043767
-0.000261105043767
-0.000261105043767
-0.000261105043767
-0.000261105043767
-0.000261105043767
-0.000261105043767
-0.000950650394617
-0.000950650394617
-0.000950650394617
-0.000950650394617
-0.000503096084682
-0.000407166185498
-0.000360882026255
-0.000360882026255
-0.00314508690827
-0.00313666460436
-0.00313666460436
-0.00313666460436
-0.00318262115331
-0.00430397460593
-0.00422662759198
-0.00422662759198
-0.000565938095379
-0.000565938095379
-0.000565938095379
-0.000565938095379
-0.000585827534302
-0.000285655666837
-0.00030554510576
-0.00030554510576
-0.00636380386739
-0.00632375994666
-0.00640153615125
-0.00640153615125
-0.00638457432005
-0.00663807444063
-0.00772073390626
-0.00772073390626
-0.00346577562906
-0.00346577562906
-0.00346577562906
-0.00346577562906
-0.0034938612117
-0.00430184570356
-0.00434050398626
-0.00434050398626
-0.000603188746178
-0.000603188746178
-0.000603188746178
-0.000603188746178
-0.000633437324859
-0.00075194541173
-0.00078219399041
-0.00078219399041
-0.00788950322754
-0.00766665104066
-0.00767368858162
-0.00767368858162
-0.00707843023329
-0.00476250601041
-0.00778128960395
-0.00778128960395
-0.00688245137945
-0.00687308875345
-0.00687308875345
-0.00687308875345
-0.00703965810944
-0.00800664292053
-0.00821420081684
-0.00821420081684
-0.00217747316315
-0.00217747316315
-0.00217747316315
-0.00217747316315
-0.00240335430266
-0.00330977907342
-0.00353566021292
-0.00353566021292
-0.000545460803004
-0.000545460803004
-0.000545460803004
-0.000545460803004
-0.000568259808735
-0.000238306038036
-0.000261105043767
-0.000261105043767
0.00350027538086
0.0
0.0
0.0
0.0
0.0
0.0
0.0
0.00350027538086
0.0
0.0
0.0
0.0
0.0
0.0
0.0
0.00350027538086
0.0
0.0
0.0
0.0
0.0
0.0
0.0
0.00350027538086
0.0
0.0
0.0
0.0
0.0
0.0
0.0
0.00350027538086
0.0
0.0
0.0
0.0
0.0
0.0
0.0
0.00350027538086
0.0
0.0
0.0
0.0
0.0
0.0
0.0
0.0
0.0
0.0
0.0
0.0
0.0
0.0
0.0
0.0
0.0
0.0
0.0
0.0
0.0
0.0
0.0
0.0
0.0
0.0
0.0
0.0
0.0
0.0
0.0
0.0
0.0
0.0
0.0
0.0
0.0
0.0
0.0
0.0
0.0
0.0
0.0
0.0
0.0
0.0
0.0
-0.00273182246032
-0.00507319791338
-0.00668462576384
-0.00334405482666
-0.00287755947165
-0.000565938095379
-0.000489591877498
0.0
0.0
-0.00159861054183
-0.00159861054183
0.0
0.0
0.0
0.0
-0.00159861054183
0.0
0.0
0.0
-0.000165078166978
0.0
0.0
0.0
-0.000702375134569
0.0
0.0
0.0
-0.000165078166978
0.0
0.0
0.0
-0.000666695241429
0.0
0.0
0.0
-0.000165078166978
0.0
0.0
0.0
-0.000704985345117
0.0
0.0
0.0
-9.41237372667e-06
0.0
0.0
0.0
-0.000529063968506
0.0
0.0
0.0
-0.000165078166978
0.0
0.0
0.0
-0.0007058554153
0.0
0.0
0.0
-0.00014455620257
0.0
0.0
0.0
-0.000664849321917
0.000612351986661
0.0
0.0
-0.000165078166978
0.0
0.0
0.0
-0.000707161376451
0.000612351986661
0.0676310260104
0.0
-1.79202022553e-05
0.0
0.0
0.0
-1.90731323677e-05
-0.000117912006746
0.0676310260104
0.0
-0.00016558380047
0.0
0.0
0.0
-0.000736999390362
-0.000334192375788
-0.000545460803004
-0.000422106213648
-0.000145456264756
0.0
0.0
0.0
-0.000666270466471
-0.000105077172345
0.000879537547331
-0.000422106213648
0.0633747290117
0.0
0.0
0.0
-0.000735847511573
0.0
0.000626266964242
-0.000468446456936
0.0634265933439
0.0
0.0
0.0
-0.000596179562711
-0.00301091263749
0.000203363795288
-0.000291177181003
-0.00066372783191
-0.000427307568883
0.0
0.0
-0.000929238970388
-0.00301091263749
0.108217836042
0.0
-0.000626603716973
-0.000427307568883
0.0676310260104
0.0
-0.00078266632509
-0.0026692872759
0.108217836042
0.0
-0.000435421952436
-0.00037897693177
0.0676310260104
0.0
-0.000717926099137
-0.00260721045103
-0.00217747316315
-0.00307592837689
-0.000366997041853
0.0
-0.000565938095379
-0.000489591877498
-0.000801430566007
0.0
-0.00123958777651
-0.00307592837689
0.109685413187
0.0
-0.000334242830085
-0.000489591877498
0.0658867890475
0.0
-0.000899641895817
-0.00275424820597
0.109685413187
0.0
0.0
0.0
0.0658867890475
-0.0064031597125
-0.000899641895817
0.0
-0.00341979031077
-0.00288783353716
0.0
0.0
0.0
-0.00640499089965
0.0834903417047
-0.000141328807622
-0.00140990819917
-0.00289544008145
0.109685413187
0.0
0.0
-0.0058451114218
0.0834903417047
-0.00058184749926
-0.000167972290711
-0.00020825425101
0.109685413187
0.0
0.0
0.0
-0.00688062205747
-0.00660888959567
0.0
0.0
0.0
0.0
0.0
0.0
-0.0029323669715
-0.00660964003211
0.0834903417047
0.0
0.0
0.0
0.0
-0.000926414035186
0.0
0.0
0.0834903417047
0.0
0.0
0.0
0.0
-0.00586336909455
0.0
-0.000364019099589
0.0
0.0
0.0
0.0
0.0
-0.00580429873644
0.0677259102912
-0.000364019099589
0.0
0.0
0.0
0.0
0.0
0.0
0.0677259102912
0.0
0.0
0.0
0.0
0.0
0.0
-0.000486049336102
-0.000346749024513
0.0
0.0
0.0
0.0
0.0
0.0
-0.000486049336102
0.0
0.0
0.0
0.0
0.0
0.0
0.0
-0.000434560892644
0.0
0.0
0.0
0.0
0.0
0.0
0.0
0.0
0.0
0.0
0.0
0.0
0.0
0.0
0.0
0.0
0.0
0.0
0.0
0.0
0.0
0.0
0.0
0.0
0.0
0.0
0.0
0.0
0.0
0.0
0.0
0.0
0.0
0.0
0.0
0.0
0.0
0.0
0.0
0.0
0.00235945604978
0.000105574320837
-0.0142072229893
-0.0142072229893
0.0881436733548
0.000105574320837
0.0881436733548
0.0
0.0
0.0
0.0
0.0
0.0
0.0
0.0
0.0
0.0
0.0
-0.00236983043809
0.0
0.0
0.0
-0.0043015871738
-9.53477287162e-05
-9.53477287162e-05
0.0
0.0
0.0
0.0
0.0
0.0
0.0
0.0
0.0
0.0
0.0
0.0
0.0
0.0
0.0458877677644
0.0458877677644
0.0458877677644
0.0458877677644
0.0458877677644
0.0458877677644
0.0458877677644
0.0458877677644
0.0
0.0
0.0
0.0
0.0
0.0
0.0
0.0
0.0
0.0
0.0
0.0
0.0
0.0
0.0
0.0
0.0
0.0
0.0
0.0
0.0
0.0
0.0
0.0
0.0
0.0
0.0
0.0
0.0
0.0
0.0
0.0
0.0
0.0
0.0458877677644
0.0
0.0
0.0
0.0
0.0
0.0
0.0
0.0
0.0
0.0
0.0
0.0
0.0
0.0
0.0
0.0
0.0
0.0
0.0
0.0
0.0
0.0
0.0
0.0
0.0
0.0
0.0
0.0
0.0
0.0
0.0
0.0
0.0
0.0
0.0
0.0
0.0
0.0
0.0
0.0
0.0
0.0
0.0
0.0
0.0
0.0
0.0
0.0
0.0
0.0
0.0
0.0
0.0
0.0
0.0
0.0
0.0
0.0
0.0
0.0
0.0
0.0
0.0
0.0
0.0
0.0
0.0
0.0
0.0
0.0
0.0
0.0
0.0
0.0
0.0
0.0
0.0
-0.00380562846559
-0.00356531597697
0.0
0.0
0.0
0.0
0.0
0.0
0.0
0.0
0.0
0.0
0.0
0.0
0.0
0.0
0.000222605354862
0.0
0.0
0.0
0.0
0.0
0.0
0.0
0.0
0.0
0.0
0.0
0.0
0.0
0.0
0.0
0.0
0.0
0.0
0.0
0.0
0.0
0.0
0.0
0.0
0.0
0.0
0.0
0.0
0.0
0.0
0.0
0.0
0.0
0.0
0.0
0.0
0.0
0.0
0.0
0.0
0.0
0.0
0.0
0.0
0.0
0.0
0.0
0.0
0.0
0.0
0.0
0.0
0.0
0.0
0.0
0.0
0.0
0.0
0.0
0.0
0.0
0.0
0.0
0.0
0.0
0.0
0.0
0.0
0.0
0.0
0.0
0.0
0.0
0.0
0.0
0.0
0.00235945604978
0.000105574320837
0.000302490282847
0.0
0.0
0.0
0.0
0.0
0.0
0.0
0.0
0.0
0.0
0.0
0.0
0.0
0.0
0.0
0.0
0.0
0.0
0.0
0.0
0.0
0.0
0.0
0.0
0.0
0.0
0.0
0.0
0.0
0.0
0.0
0.0
0.0
0.0
0.0
0.0
0.0
0.0
0.0
0.0
0.046034109746
0.0515095303928
0.0523521562565
0.0458423304317
0.0452645304104
0.0
0.0
0.0
0.0
0.0
0.0
0.0
0.0
0.0
0.0
0.0
0.0682384419117
0.098535810255
0.101588310803
0.0336196826013
0.0587545387974
0.0
0.0
0.0
0.0542133813298
0.0336202006762
0.0251097006601
0.0303496079991
0.0
0.0
0.0
0.0
-0.00181216628819
-0.00194905027713
-0.00229300796236
-0.00250694904895
0.0
0.0
0.0
0.0
0.0
0.0
0.0
0.0
0.0
0.0
0.0
0.0
0.0
0.0
0.0
0.0
0.0
0.0
0.0
0.0
-0.00494077687553
0.0129339013595
0.00203906327574
-0.000236661523829
0.0
0.0
0.0
0.0
0.0
0.0
0.0
0.0
-0.00334867304172
0.0
0.0
0.0
0.0
0.0
0.0
0.0
0.0
0.0
0.0
0.0
0.0
0.0
0.0
0.0
0.0
0.0
0.0
0.0
0.0
0.0
0.0
0.0
0.0
0.0
0.0
0.0
0.0
0.0
0.0
0.0
0.0
0.0
0.0
0.0
0.0
0.0
0.0
0.0
0.0
0.0
0.0
0.0
-0.00148942010655
0.00756402576777
0.0190751446978
0.0483526911046
-0.000993760153991
0.0347399649869
0.0347399649869
0.0347399649869
-0.00458886589781
-0.00476909329619
0.103337160181
0.0942340577502
-0.000931505679394
0.0
0.0
0.0
-0.000843964207579
0.0524453952385
-0.000284637135698
-0.000126571596988
0.0
0.0
0.0
0.0
-0.00404858266545
-0.00656018962431
-0.00592028691062
0.0503508432569
0.0
0.0
0.0
0.0
-0.00409486546381
0.0144416790848
0.111045661338
0.111229866078
-0.00322700983277
0.0253119804454
0.0253119804454
0.0253119804454
-0.00086010149005
-0.000506255533135
0.0588883384484
-0.000117912006746
0.0
0.0
0.0
0.0
-0.00754622544486
0.0754977905274
0.0590154415255
-0.00614122607227
0.0
0.0
0.0
0.0
-0.00647233568389
-0.00809060949525
0.0507788121119
0.0
0.0
0.0
0.0
0.0
-0.003385011764
0.100596639544
-0.00316381229413
0.0
0.0
0.0
0.0
0.0
0.000345258272779
-0.000105077172345
0.0
0.0
0.0
0.0
0.0
0.0
-0.000572625211886
-0.00030096282541
-0.000608968163074
0.0652823645497
0.0652823645497
0.0652823645497
0.0652823645497
0.0652823645497
-0.0042582695756
0.0734054652609
-0.00347160923203
0.111445703702
0.111445703702
0.111445703702
0.111445703702
0.111445703702
-0.000662488063897
0.048633887752
-0.000603188746178
0.0676310260104
0.0676310260104
0.0676310260104
0.0676310260104
0.0676310260104
-0.0042334723726
-0.0068854647117
0.104066961611
0.104066961611
0.104066961611
0.104066961611
0.104066961611
0.104066961611
-0.0038967120706
-0.00217747316315
0.111445703702
0.111445703702
0.111445703702
0.111445703702
0.111445703702
0.111445703702
-0.000347814918769
-0.000545460803004
0.0676310260104
0.0676310260104
0.0676310260104
0.0676310260104
0.0676310260104
0.0676310260104
-0.00630894576741
0.096932627462
0.096932627462
0.096932627462
0.096932627462
0.096932627462
0.096932627462
0.096932627462
-0.00639717127955
0.104066961611
0.104066961611
0.104066961611
0.104066961611
0.104066961611
0.104066961611
0.104066961611
-0.00301091263749
0.110068218858
0.110068218858
0.110068218858
0.110068218858
0.110068218858
0.110068218858
0.110068218858
0.000612351986661
0.0676310260104
0.0676310260104
0.0676310260104
0.0676310260104
0.0676310260104
0.0676310260104
0.0676310260104
-0.00502033643937
-0.00502033643937
-0.00502033643937
-0.00502033643937
-0.00470032664409
-0.00491625343465
-0.00502033643937
-0.00502033643937
-0.010947301574
-0.010947301574
-0.010947301574
-0.010947301574
-0.010947301574
-0.0104404069998
-0.010947301574
-0.010947301574
-0.00428395534975
-0.00428395534975
-0.00428395534975
-0.00428395534975
-0.00428395534975
-0.00428395534975
-0.00428395534975
-0.00428395534975
-0.0156621661693
-0.0153125142937
-0.0156621661693
-0.0156621661693
-0.0156621661693
-0.0127111019909
-0.0156621661693
-0.0156621661693
-0.010947301574
-0.010947301574
-0.010947301574
-0.010947301574
-0.010947301574
-0.0109410424249
-0.010947301574
-0.010947301574
-0.00428395534975
-0.00428395534975
-0.00428395534975
-0.00428395534975
-0.00428395534975
-0.00428395534975
-0.00428395534975
-0.00428395534975
-0.013146735822
-0.0139374449366
-0.0139374449366
-0.0139374449366
-0.0139374449366
-0.00724324281195
-0.0139374449366
-0.0139374449366
-0.015546740746
-0.0156621661693
-0.0156621661693
-0.0156621661693
-0.0156621661693
-0.0156475306917
-0.0156621661693
-0.0156621661693
-0.0108602963015
-0.0108602963015
-0.0108602963015
-0.0108602963015
-0.0108602963015
-0.0108602963015
-0.0108602963015
-0.0108602963015
-0.00428395534975
-0.00428395534975
-0.00428395534975
-0.00428395534975
-0.00428395534975
-0.00428395534975
-0.00428395534975
-0.00428395534975
0.0
0.0
0.0
0.0458877677644
0.0
0.0
0.0
0.0
0.0
0.0
0.0
0.0458877677644
0.0
0.0
0.0
0.0
0.0
0.0
0.0
0.0
0.0
0.0
0.0
0.0
0.0
0.0
0.0
0.0
0.0
0.0
0.0
0.0
0.0
0.0
0.0
0.0458877677644
0.0
0.0
0.0
0.0
0.0
0.0
0.0
0.0
0.0
0.0
0.0
0.0
0.0
0.0
0.0
0.0
0.0
0.0
0.0
0.0
0.0
0.0
0.0
0.0
0.0
0.0
0.0
0.0
0.0
0.0
0.0
0.0
0.0
0.0
0.0
0.0
0.0
0.0
0.0
0.0
0.0
0.0
0.0
0.0
0.0
0.0
0.0
0.0458877677644
0.0
0.0
0.0
0.0
-0.0023491043407
-0.00417342238238
-0.00557272758184
-0.00253384924948
-0.00236015283137
-0.000427243267519
-0.000364885348002
0.0
0.0
-0.0043015871738
-0.0043015871738
0.0
0.0
0.0
0.0
-0.0043015871738
0.0
0.0
0.0
-7.63420020429e-05
0.0
0.0
0.0
-0.000178397253831
0.0
0.0
0.0
-7.63420020429e-05
0.0
0.0
0.0
-0.000178397253831
0.0
0.0
0.0
-0.000165078166978
0.0
0.0
0.0
-0.000702375134569
0.0
0.0
0.0
-0.000165078166978
0.0
0.0
0.0
-0.000666695241429
0.0
0.0
0.0
-0.000165078166978
0.0
0.0
0.0
-0.000704985345117
0.0
0.0
0.0
-9.41237372667e-06
0.0
0.0
0.0
-0.000529063968506
-0.000105077172345
0.0
0.0
-0.000165078166978
0.0
0.0
0.0
-0.0007058554153
-0.000105077172345
0.000345258272779
0.0
-0.00014455620257
0.0
0.0
0.0
-0.000664849321917
-0.00064140382454
0.000345258272779
0.0
-0.000165078166978
0.0
0.0
0.0
-0.000707161376451
-0.000126571596988
-0.000339744403803
-0.000468492601186
-1.79202022553e-05
0.0
0.0
0.0
-1.90731323677e-05
-0.000233290272211
-0.000522542217677
-0.000468492601186
-0.000532119621732
0.0
0.0
0.0
-0.000736999390362
0.0
-0.000287378252002
0.00121751864021
-0.000525002435897
0.0
0.0
0.0
-0.000666270466471
-0.00316381229413
-0.000371448726548
0.000612351986661
-0.000158275685055
-0.000465399824049
0.0
0.0
-0.000735847511573
-0.00316381229413
-0.00339410165425
0.0
3.37409862198e-05
-0.000465399824049
-0.000570993586715
0.0
-0.000596179562711
-0.00406063069102
-0.00339410165425
0.0
-0.000425604417948
-0.000472237840284
-0.000570993586715
0.0
-0.000929238970388
-0.00395102821504
-0.00305299988882
-0.00194410614293
-0.000356159766135
0.0
-0.000530145058268
-0.000458192560041
-0.00078266632509
0.0
-0.00299732269411
-0.00194410614293
-0.00323452901203
0.0
-0.000392530250976
-0.000458192560041
-0.000922894027814
0.0
-0.00140989418418
-0.000931505679394
-0.00322700983277
0.0
0.0
0.0
-0.000993760153991
-0.00809555174825
-0.00140989418418
0.0
-0.00288985748648
-0.00312215100014
0.0
0.0
0.0
-0.00810265699333
-0.0064740525976
0.000618358107619
-0.000910620735671
-0.00312643042596
-0.00325894745089
0.0
0.0
-0.00769370253809
-0.0064740525976
-0.000275518142584
-0.000141328807622
-0.000167972290711
-0.00325894745089
0.0
0.0
0.0
-0.0057323337158
-0.00696503417145
0.0
0.0
0.0
0.0
0.0
0.0
-0.00299321209544
-0.00696547898164
-0.00653893663008
0.0
0.0
0.0
0.0
-0.00114071132597
0.0
0.0
-0.00653893663008
0.0
0.0
0.0
0.0
-0.00622902867473
0.0
-0.000346749024513
0.0
0.0
0.0
0.0
0.0
-0.00614122607227
-0.00753670575792
-0.000346749024513
0.0
0.0
0.0
0.0
0.0
0.0
-0.00753670575792
0.0
0.0
0.0
0.0
0.0
0.0
-0.000482474601357
-0.000434560892644
0.0
0.0
0.0
0.0
0.0
0.0
-0.000482474601357
0.0
0.0
0.0
0.0
0.0
0.0
0.0
-0.000416073725505
0.0
0.0
0.0
0.0
0.0
0.0
0.0
0.0
0.0
0.0
0.0
0.0
0.0
0.0
0.0
0.0
0.0
0.0
0.0
0.0
0.0
0.0
0.0
0.0
0.0
0.0
0.0
0.0
0.0
0.0
0.0
0.0
0.0
0.0
0.0
0.0
0.0
0.0
0.0
0.0
0.000105574320837
0.00235945604978
0.0985119916645
0.0984463851007
-0.0156969173502
0.00235945604978
-0.0156969173502
0.0
0.0
0.0
0.0
0.0
0.0
0.0
0.0
0.0
0.0
0.0
-0.00180522906462
0.0
0.0
0.0
-0.0027996267008
-0.00248602643125
-0.00248602643125
0.0
0.0
0.0
0.0
0.0
0.0
