0.0
0.0
0.0
0.0
0.0
0.0
0.0
0.0
-0.0628584468245
-0.0713333293562
-0.0636349516912
-0.0535389442417
-0.0711506088446
-0.0663273051341
-0.0568830530276
-0.0580514569848
-0.00359874096142
-0.00305995747521
-0.00375324020848
-0.00311476096427
-0.00313328886201
-0.00494892504279
-0.00407213492034
-0.00400668880253
-0.000253822171586
0.000805831297693
0.000403182374729
0.000453705644923
0.0
0.0
0.0
0.0
0.0
0.0
0.0
0.0
0.0
0.0
0.0
0.000547464045849
0.0
0.0
0.0
0.0
0.0
0.0
0.00144590957445
0.00140789637675
0.0
0.0
0.0
0.0
0.0
0.00144590957445
-0.000366134117492
0.00274319418134
0.0
0.0
0.0
0.0
0.0
0.0
0.0
0.0
0.0
0.0
0.0
0.0
0.0
0.0
0.0
0.0
0.0
0.0
0.0
0.0
0.0
0.0
0.0
0.0
0.0
0.0
0.0
0.0
0.0
0.0
0.0
0.0
0.0
0.0
0.0
0.0
0.0
0.0
0.0
0.0
0.0
0.0
0.0
0.0
0.0
0.0
0.0
0.0
0.0
0.0
0.0
0.0
0.0
0.0
0.0
0.0
0.0
0.0
0.0
0.0
0.0
0.0
0.0
0.0
0.0
0.0
0.0
0.0
0.0
0.0
0.0
0.0
0.0
0.0
0.0
0.0
0.0
0.0
0.0
0.0
0.0
0.0
-0.0614265552958
0.0
0.0
-0.0614265552958
0.0
-0.0614265552958
-0.00219245638606
-0.00172529858955
-0.000559016300891
-2.02242616134e-05
-0.000473527737801
0.0
0.0
0.0
-0.0628584468245
-0.0713333293562
-0.0636349516912
0.0
0.0
0.0
0.0
0.0
-0.0535389442417
-0.0711506088446
-0.0663273051341
0.0
0.0
0.0
0.0
0.0
0.0
0.0
0.0
0.0
-0.0234281039915
-0.0274770662286
-0.0374778346895
0.00258003200076
0.0
0.0
0.0
0.0
-0.0161686585382
-0.011883357512
-0.00938843529336
0.00591934571366
0.0
0.0
0.0
0.0
-0.0180967764932
-0.00244779970577
-0.026380103457
0.00270494924378
-0.0566169650979
0.00190608262268
0.00166787102176
-0.0681398242003
0.0
0.0
0.0
0.0
0.00433867958958
0.00388391513595
-0.0181472845233
-0.0572502832199
0.0
0.0
0.0
0.0
-0.0386742127997
0.00152879868916
-0.0692009086046
-0.0518362207489
0.0
0.0
0.0
0.0
-0.0620766637705
-0.0620766637705
-0.0580514569848
0.0
-0.0580514569848
-0.0580514569848
-0.0395645707795
-0.0568830530276
0.0
-0.0620766637705
0.0
0.0
-0.0620766637705
-0.0620766637705
-0.0395645707795
-0.040300509387
-0.067504667207
-0.067504667207
-0.067504667207
-0.067504667207
-0.067504667207
-0.067504667207
-0.067504667207
-0.067504667207
0.0156062474299
0.0124988508366
0.0101013644239
0.00801631987947
0.00614397590818
0.0045874084523
0.00324173045157
0.00280901391904
-0.0395645707795
-0.0395645707795
-0.0395645707795
0.0
0.0
0.0
0.0
-0.0662643673293
-0.0524360156189
-0.05182041333
-0.0501103069351
-0.0455107483233
-0.0456654219447
-0.0456654219447
-0.0456654219447
-0.0407101228478
-0.0395645707795
-0.0524360156189
-0.05182041333
-0.0462311171901
-0.0455107483233
-0.0455107483233
-0.0455107483233
-0.0418163967384
-0.0395645707795
-0.0395645707795
-0.0524360156189
-0.0460269284093
-0.0462311171901
-0.0462311171901
-0.0462311171901
-0.0438860241997
0.0
0.0
0.0
0.0
-0.0460269284093
-0.0460269284093
-0.0460269284093
-0.0462311171901
0.0
0.0
0.0
0.0
0.0
0.0
0.0
-0.0460269284093
0.0
0.0
0.0
0.0
0.0
0.0
0.0
0.0
0.0
0.0
0.0
0.0
0.0
0.0
0.0
0.0
0.0
-0.0637805755321
-0.0404673404054
-0.0404673404054
-0.0532551810186
-0.0404673404054
-0.0495495647727
-0.0495495647727
0.0
-0.0637805755321
-0.0404673404054
-0.0404673404054
-0.0532551810186
-0.0404673404054
-0.0495495647727
-0.0495495647727
0.0
-0.0637805755321
-0.0404673404054
-0.0404673404054
-0.0532551810186
-0.0404673404054
-0.0495495647727
-0.0495495647727
0.0
-0.0637805755321
-0.0404673404054
-0.0404673404054
-0.0532551810186
-0.0404673404054
-0.0495495647727
-0.0495495647727
0.0
-0.0637805755321
-0.0404673404054
-0.0404673404054
-0.0532551810186
-0.0404673404054
-0.0495495647727
-0.0495495647727
0.0
-0.0637805755321
-0.0404673404054
-0.0404673404054
-0.0532551810186
-0.0404673404054
-0.0495495647727
-0.0495495647727
0.0
-0.055396418989
-0.0404673404054
-0.0404673404054
-0.0532551810186
-0.0404673404054
-0.0595865731915
-0.0495495647727
-0.0495495647727
-0.0352548645644
-0.0368325915615
-0.0325847635698
-0.0323150429802
-0.0088125111008
-0.0435665330053
-0.0255081225194
-0.0302458781349
-0.0352548645644
-0.034210174043
-0.0154847976896
-0.0448037820804
-0.0560144916185
-0.0560144916185
0.0
0.0
-0.05718379095
-0.0182268768865
-0.029318863345
-0.0637805755321
-0.0408836402286
-0.0749182063381
0.0
0.0
-0.05718379095
-0.0464407145533
-0.029318863345
-0.0306698496461
-0.00835943721388
-0.0749182063381
-0.0302458781349
0.0
-0.0476879999876
-0.0589734997061
-0.00696791909615
-0.0385167178162
-0.0281886841814
-0.0384089939547
-0.0302458781349
0.0
0.0
-0.0428141984379
-0.0589734997061
-0.046543199541
-0.0356758763926
0.0
-0.0302458781349
0.0
0.0
0.0
-0.0428141984379
-0.0411354058517
0.0
-0.00800077725154
-0.00496392536983
0.0
-0.000822897690507
0.00111159125952
0.000608342410594
-0.00451276419188
0.0029264601456
0.000167774621215
0.00232714798168
0.0
0.0
0.0
0.0
0.0
0.0
0.0
0.0
0.00208026565345
0.0
0.0
0.0
-0.00610810348593
-0.0633336212044
-0.0595865731915
0.0
0.0
0.0
0.0
0.0
0.0
0.0
0.0
0.0
0.0
0.00216241633511
0.0
0.00216241633511
0.0
0.00241655697463
0.0
0.0
0.0
0.0
0.0
0.0
0.0
0.0
0.0
0.0
0.0
0.0
0.0
0.0
-0.0633336212044
-0.0595865731915
0.0
0.0
0.0
0.0
0.0
0.0
0.0
0.0
0.0
0.0
0.0
0.0
0.0
0.0
0.0
0.0
-0.0662643673293
0.0
0.0
0.0
0.0
0.0
0.0
0.0
0.0
0.0
0.0
0.0
0.0
0.0
0.0
0.0
0.0
0.0
0.0
0.0
0.0
0.0
0.0
0.0
0.0
0.0
0.0
0.0
0.0
0.0
-0.0167818939743
-0.0122619929348
0.0
0.0
0.0
0.0
0.0
0.0
0.0
0.0
0.0
0.0
0.0
0.0
0.0
0.0
-0.0662643673293
-0.067504667207
0.0
0.0
0.0
0.0
0.0
0.0
0.0
0.0
0.0
0.0
0.0
0.0
0.0
0.0
0.0
0.0
0.0
0.0
0.0
0.0
0.0
0.0
0.0
0.0
0.0
0.0
0.0
0.0
0.0
0.0
0.0
0.0
0.0
0.0
0.0
0.0
0.0
0.0
0.0
0.0
0.0
0.0
0.0
0.0
0.0
0.0
0.0
0.0
0.0
0.0
0.0
0.0
0.0
0.0
0.0
0.0
0.0
0.0
0.0
0.0
0.0
0.0
0.0
0.0
0.0
0.0
0.0
0.0
0.0
0.0
0.0
0.0
0.0
0.0
0.0
0.0
0.0
0.0
0.0
0.0
0.0
0.0
0.0
0.0
0.0
0.0
0.0
0.0
0.0
0.0
0.0
0.0
0.0
0.0
0.0
0.0
0.0
0.0
0.0
0.0
0.0
0.0
0.0
0.0
0.0
0.0
0.00119481551988
0.000712791711564
0.0
0.0
0.0
0.0
0.0
0.0
0.00209548968302
-0.00355657906164
0.000667492891904
0.000633958197769
0.000601640878667
0.000748756309894
-0.000117231828799
-0.000892938844991
0.01060800293
-0.0166209778093
-0.00629206127746
-0.00197374976576
-0.00168378915413
-0.000441926912417
-0.000400967407001
-0.00269871787974
-0.0451606981098
-0.0495845424283
0.0
0.0
0.0
0.0
0.0
0.0
0.0
0.0
0.0
0.0
0.0
0.0
0.0
0.0
0.00290822130308
0.00181771890247
0.00154118281534
0.00182833019102
0.00171940050326
0.0
0.0
0.0
0.00719369956439
0.00397941634259
0.00285690256344
0.00505081307256
0.00429079166529
0.00276845612595
0.00203791186933
0.00242370527217
0.00173722843061
0.00126985629742
0.00111297930622
0.000424640572768
0.0
0.0
0.0
0.0
0.00648406792912
1.51956566243e-05
6.81042465082e-06
0.00732329701867
0.00551485211702
0.00340164300595
0.00287271497898
0.0
-0.0168684439389
-0.00513430508862
-0.00515342040454
0.00210336468708
0.00443919673848
0.0055475902852
0.0
0.0
-0.00412562425354
-0.00383272584241
-0.00332362918088
-0.00222302815699
-0.00373803461253
-0.00264891689121
-0.00410717802826
-0.00280259157815
-0.00412562425354
-0.00134259736877
-0.00134259736877
-0.00222302815699
-0.00221318085902
-0.0020603288241
9.40262855315e-05
0.0
0.0
0.0
0.0
0.0
0.0
7.05354165375e-05
7.05354165375e-05
7.05354165375e-05
0.0
0.0
-0.00310347468341
-0.00120830968158
-0.0019367035595
-0.000854552399869
0.00109435465343
-0.00096688467674
-0.00332892180318
-0.00478153796556
-0.0026316768908
-0.00407681756218
-0.00581805582165
-0.00458352317889
-0.00383955947413
-0.00396326357924
0.00445442915928
0.00364740865342
0.00034622366437
0.00477169157259
0.00483256761898
0.00269234337349
0.00434391276771
0.0
0.00804655362315
0.00498972033643
-0.0410462487913
-0.0463437088116
-0.0552991137367
0.00141565076252
0.0012769809024
-0.0690893334189
-0.012434545392
-0.0181362106273
-0.00763153003667
-0.0113846716459
-0.0127143290945
-0.0240506454126
-0.048308069805
0.00214509652389
-0.008458572082
-0.00224047135098
-0.0401052954503
-0.0402700033705
-0.0116751659122
0.00124822061394
-0.068922834749
-0.0531560354939
-0.000822897690507
-0.000732293091209
0.00263373766373
0.00404099147698
0.0
0.0
0.0
0.0
0.0
0.0
0.0
-0.00399091168957
0.0
0.0
0.0
0.0
0.0
0.0
0.0
-0.0226943203039
0.0
0.0
0.0
0.0
-0.00943898263677
-0.00908854310227
-0.00540537079289
-0.00379024130722
-0.00269625942141
-0.00119377715258
0.0
0.0
0.00190632297977
0.00148481643597
0.00182765829145
0.00197122787691
0.00348080121074
0.0
0.00270496488078
0.00270496488078
-0.00449554290517
-0.00286693027301
0.00110252272215
0.0015181769566
0.00142988096535
0.00411218214395
0.0036271285039
0.00245263550919
0.00119098210861
0.0
0.0
0.0
0.0
0.0
0.0
0.0
-0.0568830530276
-0.0580514569848
0.0
0.0
0.0
0.0
0.0
0.0
0.00404099147698
0.00332114253748
0.00377412592463
0.00304691861602
0.0029704523226
0.0
0.0
0.0
0.0
0.0
0.0
0.0
0.0
0.0
0.0
0.0
0.0
0.0
0.0
0.0
0.0
0.0
0.0
0.0
0.0
0.0
0.0
0.0
0.0
0.0
0.0
0.0
0.0
0.0
0.0
0.0
0.0
0.0
0.0
0.0
0.0
0.0
0.0
0.0
0.0
0.0
0.0
0.0
0.00276662032284
0.0
0.00276662032284
0.0
0.0
0.0
0.0
0.0
-0.00124210315435
0.00826432037552
0.00277716662153
0.00145781191608
3.20650029685e-05
0.0013006849888
0.00067955139816
0.00414580280648
0.0
-0.0407101228478
-0.00287172073557
-0.00250533629823
-0.0438860241997
0.0
-0.0407101228478
-0.0407101228478
0.0
0.0
0.0
0.0
0.0013837696502
0.0
0.0
0.0
0.0
0.0
0.0
0.0
0.0
0.0
0.0
0.0
0.0
0.0
0.0
0.0
0.0
0.0
0.0
0.0
0.0
0.0
0.0
0.0
0.0
0.0
0.0
0.0
0.0
0.0
0.0
0.0
0.0
0.0
0.0
0.0
0.0
0.0
0.0
0.0
0.0
0.0
0.0
0.0
0.0
0.0
0.0
0.0
0.0
0.0
0.0
0.0
0.0
0.0
0.0
0.0
0.0
0.0
0.0
0.0
0.0
0.0
0.0
0.0
0.0
0.0
0.0
0.0
0.0
0.0
0.0
0.0
0.0
0.0
0.0
0.0
0.0
0.0
0.0
0.0
0.0
0.0
0.0
0.0
0.0
0.0
0.0
0.0
0.0
0.00168818393854
0.0
0.00210655128223
-0.0591543719211
-0.0749182063381
-0.0611754851018
-0.0557736748668
-0.0684841017918
-0.0676949506241
-0.0552400113135
-0.0620766637705
-0.0025313057332
-0.00397132959266
-0.00246873538318
-0.0037837480774
-0.00343357220541
-0.00437381490855
-0.00364584960186
-0.00441304874498
0.000782168355148
0.000125932925042
-0.000535385394843
-0.000852646905784
0.0
0.0
0.0
0.0
0.0
0.0
0.0
0.0
0.0
0.0
0.0
0.00144424709051
0.0
0.0
0.0
0.0
0.0
0.0
0.00130084747925
0.00151364280115
0.0
0.0
0.0
0.0
0.0
0.00130084747925
0.000225376089853
0.00290150259189
0.0
0.0
0.0
0.0
0.0
0.0
0.0
0.0
0.0
0.0
0.0
0.0
0.0
0.0
0.0
0.0
0.0
0.0
0.0
0.0
0.0
0.0
0.0
0.0
0.0
0.0
0.0
0.0
0.0
0.0
0.0
0.0
0.0
0.0
0.0
0.0
0.0
0.0
0.0
0.0
0.0
0.0
0.0
0.0
0.0
0.0
0.0
0.0
0.0
0.0
0.0
0.0
0.0
0.0
0.0
0.0
0.0
0.0
0.0
0.0
0.0
0.0
0.0
0.0
0.0
0.0
0.0
0.0
0.0
0.0
0.0
0.0
0.0
0.0
0.0
0.0
0.0
0.0
0.0
0.0
0.0
0.0
-0.0664628371573
0.0
0.0
-0.0664628371573
0.0
-0.0664628371573
-0.00154733154536
-0.0011440676644
-0.00172688486093
-0.000473527737801
-2.02242616134e-05
0.0
0.0
0.0
-0.0591543719211
-0.0749182063381
-0.0611754851018
0.0
0.0
0.0
0.0
0.0
-0.0557736748668
-0.0684841017918
-0.0676949506241
0.0
0.0
0.0
0.0
0.0
0.0
0.0
0.0
0.0
-0.0200883205465
-0.0313357729217
-0.0422549275717
0.00269245099039
0.0
0.0
0.0
0.0
-0.0044511540093
0.00828053125276
-0.0225742381787
-0.0182511922409
0.0
0.0
0.0
0.0
-0.0109604808801
-0.0221877285813
0.00329526867129
-0.0332091878738
-0.0536382889947
0.00184376627949
0.00195355124748
-0.0621771393962
0.0
0.0
0.0
0.0
-0.0219969705515
-0.0287199163965
-0.0536940965909
-0.0155445992291
0.0
0.0
0.0
0.0
0.00227388998823
-0.0342654820045
-0.0492853677911
-0.0556090260554
0.0
0.0
0.0
0.0
-0.0580514569848
-0.0580514569848
-0.0620766637705
0.0
-0.0620766637705
-0.0620766637705
-0.0376429117731
-0.0552400113135
0.0
-0.0580514569848
0.0
0.0
-0.0580514569848
-0.0580514569848
-0.0376429117731
-0.0406672038431
-0.0662643673293
-0.0662643673293
-0.0662643673293
-0.0662643673293
-0.0662643673293
-0.0662643673293
-0.0662643673293
-0.0662643673293
0.00662223404311
0.00838001485847
0.00623135949192
0.00588269106655
0.00502405573196
0.00403695261295
0.00323188437947
0.0032452463791
-0.0376429117731
-0.0376429117731
-0.0376429117731
0.0
0.0
0.0
0.0
-0.067504667207
-0.0492193459784
-0.0484775398989
-0.0458620089589
-0.0422079280195
-0.0420565406939
-0.0420565406939
-0.0420565406939
-0.0362327588848
-0.0376429117731
-0.0492193459784
-0.0484775398989
-0.0439009665984
-0.0422079280195
-0.0422079280195
-0.0422079280195
-0.0379635667884
-0.0376429117731
-0.0376429117731
-0.0492193459784
-0.0438205711186
-0.0439009665984
-0.0439009665984
-0.0439009665984
-0.0403995036758
0.0
0.0
0.0
0.0
-0.0438205711186
-0.0438205711186
-0.0438205711186
-0.0439009665984
0.0
0.0
0.0
0.0
0.0
0.0
0.0
-0.0438205711186
0.0
0.0
0.0
0.0
0.0
0.0
0.0
0.0
0.0
0.0
0.0
0.0
0.0
0.0
0.0
0.0
0.0
-0.0595865731915
-0.0399198501965
-0.0399198501965
-0.0541680721906
-0.0399198501965
-0.055396418989
-0.055396418989
0.0
-0.0595865731915
-0.0399198501965
-0.0399198501965
-0.0541680721906
-0.0399198501965
-0.055396418989
-0.055396418989
0.0
-0.0595865731915
-0.0399198501965
-0.0399198501965
-0.0541680721906
-0.0399198501965
-0.055396418989
-0.055396418989
0.0
-0.0595865731915
-0.0399198501965
-0.0399198501965
-0.0541680721906
-0.0399198501965
-0.055396418989
-0.055396418989
0.0
-0.0595865731915
-0.0399198501965
-0.0399198501965
-0.0541680721906
-0.0399198501965
-0.055396418989
-0.055396418989
0.0
-0.0595865731915
-0.0399198501965
-0.0399198501965
-0.0541680721906
-0.0399198501965
-0.055396418989
-0.055396418989
0.0
-0.0495495647727
-0.0399198501965
-0.0399198501965
-0.0541680721906
-0.0399198501965
-0.0637805755321
-0.055396418989
-0.055396418989
-0.0350550245019
-0.0209616943244
-0.0302458781349
-0.0208179283384
-0.0328809028159
-0.0440195979907
-0.029318863345
-0.0325847635698
-0.0350550245019
-0.031750936708
-0.0372822667209
-0.0274799702209
-0.0540706292952
-0.0540706292952
0.0
0.0
-0.0555478750414
-0.00481751792293
-0.0255081225194
-0.0595865731915
-0.0404303553741
-0.0713096509199
0.0
0.0
-0.0555478750414
-0.0300871768289
-0.0255081225194
-0.017995235686
-0.0313120610066
-0.0713096509199
-0.0325847635698
0.0
-0.035758587309
-0.0551738136833
-0.0281683850904
-0.0219167594136
-0.0267934281244
-0.0267388822626
-0.0325847635698
0.0
0.0
-0.0304363512213
-0.0551738136833
-0.043691276282
-0.0233753113457
0.0
-0.0325847635698
0.0
0.0
0.0
-0.0304363512213
-0.0300866279899
0.0
-0.00675052877372
-0.00522908147198
0.0
-0.00113779347386
-0.00186760377786
-0.00021417538486
-0.00167709450259
-0.000977443233215
0.000138940530028
0.00267665191797
0.0
0.0
0.0
0.0
0.0
0.0
0.0
0.0
-0.0127872396055
0.0
0.0
0.0
-0.026855348131
-0.068106034189
-0.0637805755321
0.0
0.0
0.0
0.0
0.0
0.0
0.0
0.0
0.0
0.0
0.00241655697463
0.0
0.00241655697463
0.0
0.00216241633511
0.0
0.0
0.0
0.0
0.0
0.0
0.0
0.0
0.0
0.0
0.0
0.0
0.0
0.0
-0.068106034189
-0.0637805755321
0.0
0.0
0.0
0.0
0.0
0.0
0.0
0.0
0.0
0.0
0.0
0.0
0.0
0.0
0.0
0.0
-0.067504667207
0.0
0.0
0.0
0.0
0.0
0.0
0.0
0.0
0.0
0.0
0.0
0.0
0.0
0.0
0.0
0.0
0.0
0.0
0.0
0.0
0.0
0.0
0.0
0.0
0.0
0.0
0.0
0.0
0.0
-0.00580728940037
-0.0235577121435
0.0
0.0
0.0
0.0
0.0
0.0
0.0
0.0
0.0
0.0
0.0
0.0
0.0
0.0
-0.067504667207
-0.0662643673293
0.0
0.0
0.0
0.0
0.0
0.0
0.0
0.0
0.0
0.0
0.0
0.0
0.0
0.0
0.0
0.0
0.0
0.0
0.0
0.0
0.0
0.0
0.0
0.0
0.0
0.0
0.0
0.0
0.0
0.0
0.0
0.0
0.0
0.0
0.0
0.0
0.0
0.0
0.0
0.0
0.0
0.0
0.0
0.0
0.0
0.0
0.0
0.0
0.0
0.0
0.0
0.0
0.0
0.0
0.0
0.0
0.0
0.0
0.0
0.0
0.0
0.0
0.0
0.0
0.0
0.0
0.0
0.0
0.0
0.0
0.0
0.0
0.0
0.0
0.0
0.0
0.0
0.0
0.0
0.0
0.0
0.0
0.0
0.0
0.0
0.0
0.0
0.0
0.0
0.0
0.0
0.0
0.0
0.0
0.0
0.0
0.0
0.0
0.0
0.0
0.0
0.0
0.0
0.0
0.0
0.0
-0.0028792461034
0.000815078575389
0.0
0.0
0.0
0.0
0.0
0.0
-0.00209548968302
0.00112860889255
0.000749634497958
0.00037628497563
-9.15451809341e-05
-0.000839698642269
-0.00101578571912
-0.000551830572196
-0.0222882241883
-0.0083367997645
-0.00390897423222
-0.00313882813642
-0.00263644785704
-0.00315233238555
-0.00376275687502
-0.00260061575092
-0.0468270937565
-0.055396418989
0.0
0.0
0.0
0.0
0.0
0.0
0.0
0.0
0.0
0.0
0.0
0.0
0.0
0.0
0.00252875797073
0.00133171271857
0.000963789367821
0.00154118281534
0.000621084859925
0.00171940050326
0.0
0.0
0.00352512442466
0.00294652376446
0.00274523159525
0.00286118282044
0.00262490454426
0.0021634547529
0.00187427047096
0.00203791186933
0.00228568140714
0.00111571259394
0.000615270947429
0.00111297930622
0.000424640572768
0.0
0.0
0.0
-0.000775249005955
-0.00231047395092
1.4487325162e-05
6.81042465082e-06
0.00465606285501
0.00315323021657
0.00340164300595
0.0
0.00368566908421
-0.0144736579981
-0.00583045820458
-0.0039344236693
-0.00285201078438
-0.00107303878769
0.0
0.0
-0.00390805193318
-0.00454357773688
-0.00264775135493
-0.00345495550536
-0.00334862553261
-0.00242621683221
-0.00368993178455
-0.00299323068088
-0.00390805193318
-0.000865200208257
-0.000865200208257
-0.00345495550536
-0.00177308595849
-0.00092956741534
-0.000794436078345
0.0
0.0
0.0
0.0
0.0
0.0
-0.00130612480821
-0.00130612480821
-0.00130612480821
0.0
0.0
-0.00202802608224
-0.00158850845971
-0.000234747779292
0.000496882503473
-0.000520555396366
0.00021076562864
-0.00515524744393
-0.00410947889413
-0.00309556808702
-0.00434542340415
-0.00462586426836
-0.00471827938207
-0.00381324201892
-0.00368820082584
0.00560052217302
0.00643490001262
0.00345490942533
0.00493100001064
0.00498803506043
-0.000748963183592
0.00390465838047
0.0
0.00805156949145
0.00510393947547
-0.0384332410407
-0.0522772617267
-0.0516924345417
0.0027348734115
0.00247142461096
-0.0625629729824
-0.00462448510218
-0.0102465857714
-0.0379763203638
0.00395379430897
0.0032487115268
0.00304531999521
-0.0269708121146
-0.00750847386136
-0.0186695504203
-0.0240202801195
-0.0224739538541
-0.0052046695895
-0.0478557996066
-0.0348378754492
-0.0454712010466
-0.0549521084477
-0.00113779347386
0.00309576233586
0.000979432492063
0.0035692710795
0.0
0.0
0.0
0.0
0.0
0.0
0.0
-0.00270564672039
0.0
0.0
0.0
0.0
0.0
0.0
0.0
-0.0319228413345
0.0
0.0
0.0
0.0
-0.0126726149219
-0.00782852915809
-0.00531466246298
-0.00362233579678
-0.00167911216904
0.000687037971702
0.0
0.0
0.00178690359122
0.00120280060584
0.00117587751026
0.000616260843491
0.0036778067644
0.0
0.00245343840792
0.00245343840792
-0.00572166843092
-0.00137146117698
0.000991541989969
0.00282837760763
0.00422336737062
0.00382122750705
0.00342966081592
0.00183893389344
0.0013837696502
0.0
0.0
0.0
0.0
0.0
0.0
0.0
-0.0552400113135
-0.0620766637705
0.0
0.0
0.0
0.0
0.0
0.0
0.0035692710795
0.00291212668644
0.00343750333759
0.00285712521741
0.0033404942753
0.0
0.0
0.0
0.0
0.0
0.0
0.0
0.0
0.0
0.0
0.0
0.0
0.0
0.0
0.0
0.0
0.0
0.0
0.0
0.0
0.0
0.0
0.0
0.0
0.0
0.0
0.0
0.0
0.0
0.0
0.0
0.0
0.0
0.0
0.0
0.0
0.0
0.0
0.0
0.0
0.0
0.0
0.0
0.00252587862065
0.0
0.00252587862065
0.0
0.0
0.0
0.0
0.0
0.0113847465526
0.00618864295017
0.00541611294096
0.00537530624452
0.00599942046468
0.00590348374778
0.00595093015356
0.00419145790209
0.0
-0.0362327588848
-0.00331444051939
-0.00296138105377
-0.0403995036758
0.0
-0.0362327588848
-0.0362327588848
0.0
0.0
0.0
0.0
0.00117723917695
0.0
0.0
0.0
0.0
0.0
0.0
0.0
0.0
0.0
0.0
0.0
0.0
0.0
0.0
0.0
0.0
0.0
0.0
0.0
0.0
0.0
0.0
0.0
0.0
0.0
0.0
0.0
0.0
0.0
0.0
0.0
0.0
0.0
0.0
0.0
0.0
0.0
0.0
0.0
0.0
0.0
0.0
0.0
0.0
0.0
0.0
0.0
0.0
0.0
0.0
0.0
0.0
0.0
0.0
0.0
0.0
0.0
0.0
0.0
0.0
0.0
0.0
0.0
0.0
0.0
0.0
0.0
0.0
0.0
0.0
0.0
0.0
0.0
0.0
0.0
0.0
0.0
0.0
0.0
0.0
0.0
0.0
0.0
