0.0
0.0
0.0
0.0
0.0
0.0
0.0
0.0
-0.0119864629973
-0.0107637613415
-0.012542192402
-0.0141786762657
-0.0153988490846
-0.0146539709382
-0.0133819352936
-0.00911238087005
-0.0426156929564
-0.0350730223714
-0.0363602053946
-0.0379951718497
-0.0351729212666
-0.034946002506
-0.0356085064788
-0.0373035325678
0.00277325586909
0.00229038319644
0.0012505266603
0.00366277528476
0.0
0.0
0.0
0.0
0.0
0.0
0.0
0.0
0.0
0.0
0.0
-0.00230399743675
0.0
0.0
0.0
0.0
0.0
0.0
0.000384078037847
-0.00104000448619
0.0
0.0
0.0
0.0
0.0
0.000384078037847
-0.00218842723145
-0.00117279045407
0.0
0.0
0.0
0.0
0.0
0.0
0.0
0.0
0.0
0.0
0.0
0.0
0.0
0.0
0.0
0.0
0.0
0.0
0.0
0.0
0.0
0.0
0.0
0.0
0.0
0.0
0.0
0.0
0.0
0.0
0.0
0.0
0.0
0.0
0.0
0.0
0.0
0.0
0.0
0.0
0.0
0.0
0.0
0.0
0.0
0.0
0.0
0.0
0.0
0.0
0.0
0.0
0.0
0.0
0.0
0.0
0.0
0.0
0.0
0.0
0.0
0.0
0.0
0.0
0.0
0.0
0.0
0.0
0.0
0.0
0.0
0.0
0.0
0.0
0.0
0.0
0.0
0.0
0.0
0.0
0.0
0.0
-0.0137795427731
0.0
0.0
-0.0137795427731
0.0
-0.0137795427731
-0.0173777498539
-0.00825669711821
-0.00471264856493
-0.00108025584337
-0.0019268952759
0.0
0.0
0.0
-0.0119864629973
-0.0107637613415
-0.012542192402
0.0
0.0
0.0
0.0
0.0
-0.0141786762657
-0.0153988490846
-0.0146539709382
0.0
0.0
0.0
0.0
0.0
0.0
0.0
0.0
0.0
-0.0983200155942
-0.0664613080926
-0.0416828395496
-0.0129602757879
0.0
0.0
0.0
0.0
-0.100699592954
-0.0548933901351
-0.0307576702535
-0.0315620089962
0.0
0.0
0.0
0.0
-0.0721176568101
-0.0405478981753
-0.0320160596418
-0.018552191858
-0.0272217269146
-0.00473143076472
-0.00377698824257
-0.023013560344
0.0
0.0
0.0
0.0
-0.0174322337033
-0.0151948689433
-0.0108166998276
-0.0222002425292
0.0
0.0
0.0
0.0
-0.0143497999231
-0.00804474921087
-0.0172741257272
-0.00930348348866
0.0
0.0
0.0
0.0
-0.0117844264021
-0.0117844264021
-0.00911238087005
0.0
-0.00911238087005
-0.00911238087005
-0.00577943055567
-0.0133819352936
0.0
-0.0117844264021
0.0
0.0
-0.0117844264021
-0.0117844264021
-0.00577943055567
-0.00903666163527
-0.01313256358
-0.01313256358
-0.01313256358
-0.01313256358
-0.01313256358
-0.01313256358
-0.01313256358
-0.01313256358
0.149383545046
0.102951220806
0.0668738896115
0.0425718257313
0.0249897454563
0.0138294444527
0.00687449156195
0.00845855425382
-0.00577943055567
-0.00577943055567
-0.00577943055567
0.0
0.0
0.0
0.0
-0.0146414617737
-0.0155487343236
-0.0178044543101
-0.0159267389197
-0.0130681977547
-0.0160227982682
-0.0160227982682
-0.0160227982682
-0.0132594410959
-0.00577943055567
-0.0155487343236
-0.0178044543101
-0.0146776653683
-0.0130681977547
-0.0130681977547
-0.0130681977547
-0.0166529568708
-0.00577943055567
-0.00577943055567
-0.0155487343236
-0.0121714970065
-0.0146776653683
-0.0146776653683
-0.0146776653683
-0.01445002315
0.0
0.0
0.0
0.0
-0.0121714970065
-0.0121714970065
-0.0121714970065
-0.0146776653683
0.0
0.0
0.0
0.0
0.0
0.0
0.0
-0.0121714970065
0.0
0.0
0.0
0.0
0.0
0.0
0.0
0.0
0.0
0.0
0.0
0.0
0.0
0.0
0.0
0.0
0.0
-0.00939722227476
-0.00212772029899
-0.00212772029899
-0.0062548125013
-0.00212772029899
-0.00526088946341
-0.00526088946341
0.0
-0.00939722227476
-0.00212772029899
-0.00212772029899
-0.0062548125013
-0.00212772029899
-0.00526088946341
-0.00526088946341
0.0
-0.00939722227476
-0.00212772029899
-0.00212772029899
-0.0062548125013
-0.00212772029899
-0.00526088946341
-0.00526088946341
0.0
-0.00939722227476
-0.00212772029899
-0.00212772029899
-0.0062548125013
-0.00212772029899
-0.00526088946341
-0.00526088946341
0.0
-0.00939722227476
-0.00212772029899
-0.00212772029899
-0.0062548125013
-0.00212772029899
-0.00526088946341
-0.00526088946341
0.0
-0.00939722227476
-0.00212772029899
-0.00212772029899
-0.0062548125013
-0.00212772029899
-0.00526088946341
-0.00526088946341
0.0
-0.00615687638288
-0.00212772029899
-0.00212772029899
-0.0062548125013
-0.00212772029899
-0.00861195507459
-0.00526088946341
-0.00526088946341
-0.00392722408527
-0.000379326574077
-0.00494067250008
0.00586837356699
0.025548973339
-0.00730329562831
-0.00385369441706
-0.0045512818666
-0.00392722408527
-0.00481770943833
0.0232620928808
-0.000826792514908
-0.0080486088849
-0.0080486088849
0.0
0.0
-0.0101442125781
0.0136745171102
-0.00436029070305
-0.00939722227476
-0.006590973834
-0.011601847629
0.0
0.0
-0.0101442125781
-0.000379989615993
-0.00436029070305
0.0064940350764
0.0278666002905
-0.011601847629
-0.0045512818666
0.0
0.0034688185092
-0.00927425921301
0.0287844962353
0.00310349908856
-0.00301167731319
0.00463901846412
-0.0045512818666
0.0
0.0
0.00569290048066
-0.00927425921301
-0.00480826299302
0.00908890510966
0.0
-0.0045512818666
0.0
0.0
0.0
0.00569290048066
0.00677595495591
0.0
-0.000412022978419
0.000123729689796
0.0
-0.020000420115
-0.00926368470634
-0.0256112896928
-0.0247611262145
-0.0141488428723
-0.0120892018074
0.00117173384494
0.0
0.0
0.0
0.0
0.0
0.0
0.0
0.0
0.0170390643404
0.0
0.0
0.0
0.0289072151776
-0.0073886097624
-0.00861195507459
0.0
0.0
0.0
0.0
0.0
0.0
0.0
0.0
0.0
0.0
0.00075042606208
0.0
0.00075042606208
0.0
-0.00302637446714
0.0
0.0
0.0
0.0
0.0
0.0
0.0
0.0
0.0
0.0
0.0
0.0
0.0
0.0
-0.0073886097624
-0.00861195507459
0.0
0.0
0.0
0.0
0.0
0.0
0.0
0.0
0.0
0.0
0.0
0.0
0.0
0.0
0.0
0.0
-0.0146414617737
0.0
0.0
0.0
0.0
0.0
0.0
0.0
0.0
0.0
0.0
0.0
0.0
0.0
0.0
0.0
0.0
0.0
0.0
0.0
0.0
0.0
0.0
0.0
0.0
0.0
0.0
0.0
0.0
0.0
-0.0777001653423
-0.0646437139251
0.0
0.0
0.0
0.0
0.0
0.0
0.0
0.0
0.0
0.0
0.0
0.0
0.0
0.0
-0.0146414617737
-0.01313256358
0.0
0.0
0.0
0.0
0.0
0.0
0.0
0.0
0.0
0.0
0.0
0.0
0.0
0.0
0.0
0.0
0.0
0.0
0.0
0.0
0.0
0.0
0.0
0.0
0.0
0.0
0.0
0.0
0.0
0.0
0.0
0.0
0.0
0.0
0.0
0.0
0.0
0.0
0.0
0.0
0.0
0.0
0.0
0.0
0.0
0.0
0.0
0.0
0.0
0.0
0.0
0.0
0.0
0.0
0.0
0.0
0.0
0.0
0.0
0.0
0.0
0.0
0.0
0.0
0.0
0.0
0.0
0.0
0.0
0.0
0.0
0.0
0.0
0.0
0.0
0.0
0.0
0.0
0.0
0.0
0.0
0.0
0.0
0.0
0.0
0.0
0.0
0.0
0.0
0.0
0.0
0.0
0.0
0.0
0.0
0.0
0.0
0.0
0.0
0.0
0.0
0.0
0.0
0.0
0.0
0.0
0.00290823515256
-0.000399280135886
0.0
0.0
0.0
0.0
0.0
0.0
0.187773783252
-0.0309950752221
-0.0530241946022
-0.0477712231039
-0.0284500711733
-0.0124430979608
-0.006493353533
-0.00402334681847
0.134768125359
-0.0362492887389
-0.0902136235386
-0.0814564603902
-0.0494028638612
-0.0202736172413
-0.00990348840967
-0.00611143183524
-0.00744224561073
-0.00528497543131
0.0
0.0
0.0
0.0
0.0
0.0
0.0
0.0
0.0
0.0
0.0
0.0
0.0
0.0
0.0034071240706
0.00123946421012
0.000866257005879
0.00144963472844
0.00128171564912
0.0
0.0
0.0
0.0189799848269
0.00640933424097
0.00327821327784
0.00912761058581
0.0065678532764
0.00283540310063
0.00159982141053
0.00202881791074
-0.00189293383231
-0.00126208801737
-0.00100517961999
-6.50312092602e-05
0.0
0.0
0.0
0.0
-0.0303784072642
-0.00187558418328
-0.000931526890228
-0.0267664208622
-0.0139289535404
-0.00517441187914
-0.00410569221622
0.0
-0.2969780663
-0.25486512288
-0.109092549297
-0.0905709666198
-0.058304390622
-0.0419966528216
0.0
0.0
-0.045774994971
-0.0467176449711
-0.0243685491523
-0.0252075706656
-0.0358734048443
-0.0187541878741
-0.0404244785975
-0.0291015269501
-0.045774994971
-0.00101557766051
-0.00101557766051
-0.0252075706656
-0.0121207401254
-0.00601419508239
-0.00195291125559
0.0
0.0
0.0
0.0
0.0
0.0
-0.000484653303494
-0.000484653303494
-0.000484653303494
0.0
0.0
-0.0191184229903
-0.0122875209784
-0.00666113514687
-0.00305559325016
-0.00145360004245
-0.000885951968755
-0.0421324957341
-0.0445459643623
-0.0227366326405
-0.0473688591786
-0.041992285785
-0.0479831066757
-0.0486985554019
-0.040303917909
0.0280304913408
0.0149103666803
0.00537455462804
0.0135664628858
0.0167642451855
0.0117218461792
0.0104682678151
0.0
-0.089724296887
-0.0466665844317
-0.0425486612496
-0.0320893623315
-0.0257443793874
-0.00532000238402
-0.00381374744832
-0.0233660975012
-0.118810515595
-0.085360996071
-0.0537807488749
-0.0394947269764
-0.0262330260521
-0.0146518450736
-0.0145533825706
-0.0044599731414
-0.0642775499309
-0.0417137808387
-0.0358004543515
-0.0231952829937
-0.0159140763483
-0.00833500162909
-0.0162914973697
-0.00930842811071
-0.020000420115
-0.014435403228
-0.0142150141161
-0.00490854178185
0.0
0.0
0.0
0.0
0.0
0.0
0.0
-0.0104403964195
0.0
0.0
0.0
0.0
0.0
0.0
0.0
-0.00426360535023
0.0
0.0
0.0
0.0
-0.0418704687291
-0.0369034161727
-0.0224271316467
-0.0119346626396
-0.00463888303388
-0.004204299669
0.0
0.0
0.00111501667473
0.000621710426373
0.000895877742677
0.00186329613252
0.00290904163573
0.0
0.00554533237413
0.00554533237413
-0.0296959291334
-0.00966502116535
-0.0109093874403
-0.003348733234
-0.00717232019541
-0.00247371910451
0.00166639919247
0.00345837261986
0.000174964571721
0.0
0.0
0.0
0.0
0.0
0.0
0.0
-0.0133819352936
-0.00911238087005
0.0
0.0
0.0
0.0
0.0
0.0
-0.00490854178185
-0.00560063312807
-0.00400191988561
-0.00392039052922
-0.00194970840772
0.0
0.0
0.0
0.0
0.0
0.0
0.0
0.0
0.0
0.0
0.0
0.0
0.0
0.0
0.0
0.0
0.0
0.0
0.0
0.0
0.0
0.0
0.0
0.0
0.0
0.0
0.0
0.0
0.0
0.0
0.0
0.0
0.0
0.0
0.0
0.0
0.0
0.0
0.0
0.0
0.0
0.0
0.0
0.00343893689809
0.0
0.00343893689809
0.0
0.0
0.0
0.0
0.0
-0.013025625859
0.0990895750457
0.0206812905375
0.00937786098827
0.00507909167152
0.00296660682176
0.00127438474403
0.00740609079657
0.0
-0.0132594410959
-0.0223835562313
-0.022941039719
-0.01445002315
0.0
-0.0132594410959
-0.0132594410959
0.0
0.0
0.0
0.0
0.000653957271155
0.0
0.0
0.0
0.0
0.0
0.0
0.0
0.0
0.0
0.0
0.0
0.0
0.0
0.0
0.0
0.0
0.0
0.0
0.0
0.0
0.0
0.0
0.0
0.0
0.0
0.0
0.0
0.0
0.0
0.0
0.0
0.0
0.0
0.0
0.0
0.0
0.0
0.0
0.0
0.0
0.0
0.0
0.0
0.0
0.0
0.0
0.0
0.0
0.0
0.0
0.0
0.0
0.0
0.0
0.0
0.0
0.0
0.0
0.0
0.0
0.0
0.0
0.0
0.0
0.0
0.0
0.0
0.0
0.0
0.0
0.0
0.0
0.0
0.0
0.0
0.0
0.0
0.0
0.0
0.0
0.0
0.0
0.0
0.0
0.0
0.0
0.0
0.0
0.00202741332402
0.0
0.00351791905012
-0.0105889874788
-0.011601847629
-0.0140085880514
-0.013090102364
-0.0129939639713
-0.0131907214731
-0.0146725986234
-0.0117844264021
-0.0316900610045
-0.0370341817766
-0.03627116491
-0.0370045282793
-0.0333307958533
-0.0366003652443
-0.0367238851306
-0.039167762533
0.00240053209561
0.00262728337016
0.00153858540931
0.00180436480466
0.0
0.0
0.0
0.0
0.0
0.0
0.0
0.0
0.0
0.0
0.0
0.00341565379998
0.0
0.0
0.0
0.0
0.0
0.0
0.000224960959299
-0.000944187304231
0.0
0.0
0.0
0.0
0.0
0.000224960959299
-0.000730213060542
-0.000935255801187
0.0
0.0
0.0
0.0
0.0
0.0
0.0
0.0
0.0
0.0
0.0
0.0
0.0
0.0
0.0
0.0
0.0
0.0
0.0
0.0
0.0
0.0
0.0
0.0
0.0
0.0
0.0
0.0
0.0
0.0
0.0
0.0
0.0
0.0
0.0
0.0
0.0
0.0
0.0
0.0
0.0
0.0
0.0
0.0
0.0
0.0
0.0
0.0
0.0
0.0
0.0
0.0
0.0
0.0
0.0
0.0
0.0
0.0
0.0
0.0
0.0
0.0
0.0
0.0
0.0
0.0
0.0
0.0
0.0
0.0
0.0
0.0
0.0
0.0
0.0
0.0
0.0
0.0
0.0
0.0
0.0
0.0
-0.0134675481913
0.0
0.0
-0.0134675481913
0.0
-0.0134675481913
-0.0170139076861
-0.00938622737812
-0.00535310245331
-0.0019268952759
-0.00108025584337
0.0
0.0
0.0
-0.0105889874788
-0.011601847629
-0.0140085880514
0.0
0.0
0.0
0.0
0.0
-0.013090102364
-0.0129939639713
-0.0131907214731
0.0
0.0
0.0
0.0
0.0
0.0
0.0
0.0
0.0
-0.0976312812328
-0.0685682562739
-0.044988262983
-0.0116834154273
0.0
0.0
0.0
0.0
-0.0953171910574
-0.0738926125808
-0.0577186000167
-0.0232200389498
0.0
0.0
0.0
0.0
-0.0530561456891
-0.0509137785509
-0.0280720069445
-0.0208453335855
-0.0255832490563
-0.00368494013001
-0.00331163138911
-0.0209598768617
0.0
0.0
0.0
0.0
-0.0176088055125
-0.0161052170916
-0.0179881032436
-0.0103891241422
0.0
0.0
0.0
0.0
-0.0112676335691
-0.00716323285631
-0.0152409689185
-0.0112472009204
0.0
0.0
0.0
0.0
-0.00911238087005
-0.00911238087005
-0.0117844264021
0.0
-0.0117844264021
-0.0117844264021
-0.00566002295601
-0.0146725986234
0.0
-0.00911238087005
0.0
0.0
-0.00911238087005
-0.00911238087005
-0.00566002295601
-0.00762659070578
-0.0146414617737
-0.0146414617737
-0.0146414617737
-0.0146414617737
-0.0146414617737
-0.0146414617737
-0.0146414617737
-0.0146414617737
0.0243875972626
0.0466356557482
0.0276652426493
0.0243274639981
0.0176074803929
0.0111857011215
0.00698035300858
0.00687882608889
-0.00566002295601
-0.00566002295601
-0.00566002295601
0.0
0.0
0.0
0.0
-0.01313256358
-0.0157200706677
-0.0179613449425
-0.0162416064267
-0.0135024728614
-0.0168954913858
-0.0168954913858
-0.0168954913858
-0.0124936297901
-0.00566002295601
-0.0157200706677
-0.0179613449425
-0.0149539636004
-0.0135024728614
-0.0135024728614
-0.0135024728614
-0.0160167517946
-0.00566002295601
-0.00566002295601
-0.0157200706677
-0.0124622409503
-0.0149539636004
-0.0149539636004
-0.0149539636004
-0.013375400063
0.0
0.0
0.0
0.0
-0.0124622409503
-0.0124622409503
-0.0124622409503
-0.0149539636004
0.0
0.0
0.0
0.0
0.0
0.0
0.0
-0.0124622409503
0.0
0.0
0.0
0.0
0.0
0.0
0.0
0.0
0.0
0.0
0.0
0.0
0.0
0.0
0.0
0.0
0.0
-0.00861195507459
-0.00220462535428
-0.00220462535428
-0.0062886271653
-0.00220462535428
-0.00615687638288
-0.00615687638288
0.0
-0.00861195507459
-0.00220462535428
-0.00220462535428
-0.0062886271653
-0.00220462535428
-0.00615687638288
-0.00615687638288
0.0
-0.00861195507459
-0.00220462535428
-0.00220462535428
-0.0062886271653
-0.00220462535428
-0.00615687638288
-0.00615687638288
0.0
-0.00861195507459
-0.00220462535428
-0.00220462535428
-0.0062886271653
-0.00220462535428
-0.00615687638288
-0.00615687638288
0.0
-0.00861195507459
-0.00220462535428
-0.00220462535428
-0.0062886271653
-0.00220462535428
-0.00615687638288
-0.00615687638288
0.0
-0.00861195507459
-0.00220462535428
-0.00220462535428
-0.0062886271653
-0.00220462535428
-0.00615687638288
-0.00615687638288
0.0
-0.00526088946341
-0.00220462535428
-0.00220462535428
-0.0062886271653
-0.00220462535428
-0.00939722227476
-0.00615687638288
-0.00615687638288
-0.00320337636982
0.00615590454505
-0.0045512818666
0.0098806570705
0.0149752992035
-0.00778228709358
-0.00436029070305
-0.00494067250008
-0.00320337636982
-0.0035937513701
0.0129163441171
0.00621503489021
-0.00802100406418
-0.00802100406418
0.0
0.0
-0.00967143095615
0.0182426971343
-0.00385369441706
-0.00861195507459
-0.00695275964675
-0.0107396753736
0.0
0.0
-0.00967143095615
0.00749640522387
-0.00385369441706
0.0106235242324
0.016652469428
-0.0107396753736
-0.00494067250008
0.0
0.00806460335399
-0.00765442457809
0.0196627055397
0.00949838383351
-0.00326274340666
0.00884541267543
-0.00494067250008
0.0
0.0
0.0110463477049
-0.00765442457809
-0.00466993845301
0.012960842239
0.0
-0.00494067250008
0.0
0.0
0.0
0.0110463477049
0.010537172366
0.0
-0.000244673569281
6.70999999515e-05
0.0
-0.0273157319853
-0.0101944556419
-0.0192009655184
-0.0125745939797
-0.0199214651447
-0.00766991526746
-0.00256581911972
0.0
0.0
0.0
0.0
0.0
0.0
0.0
0.0
0.013305451751
0.0
0.0
0.0
0.019111478787
-0.00836150173716
-0.00939722227476
0.0
0.0
0.0
0.0
0.0
0.0
0.0
0.0
0.0
0.0
-0.00302637446714
0.0
-0.00302637446714
0.0
0.00075042606208
0.0
0.0
0.0
0.0
0.0
0.0
0.0
0.0
0.0
0.0
0.0
0.0
0.0
0.0
-0.00836150173716
-0.00939722227476
0.0
0.0
0.0
0.0
0.0
0.0
0.0
0.0
0.0
0.0
0.0
0.0
0.0
0.0
0.0
0.0
-0.01313256358
0.0
0.0
0.0
0.0
0.0
0.0
0.0
0.0
0.0
0.0
0.0
0.0
0.0
0.0
0.0
0.0
0.0
0.0
0.0
0.0
0.0
0.0
0.0
0.0
0.0
0.0
0.0
0.0
0.0
-0.0630695849793
-0.0807831924818
0.0
0.0
0.0
0.0
0.0
0.0
0.0
0.0
0.0
0.0
0.0
0.0
0.0
0.0
-0.01313256358
-0.0146414617737
0.0
0.0
0.0
0.0
0.0
0.0
0.0
0.0
0.0
0.0
0.0
0.0
0.0
0.0
0.0
0.0
0.0
0.0
0.0
0.0
0.0
0.0
0.0
0.0
0.0
0.0
0.0
0.0
0.0
0.0
0.0
0.0
0.0
0.0
0.0
0.0
0.0
0.0
0.0
0.0
0.0
0.0
0.0
0.0
0.0
0.0
0.0
0.0
0.0
0.0
0.0
0.0
0.0
0.0
0.0
0.0
0.0
0.0
0.0
0.0
0.0
0.0
0.0
0.0
0.0
0.0
0.0
0.0
0.0
0.0
0.0
0.0
0.0
0.0
0.0
0.0
0.0
0.0
0.0
0.0
0.0
0.0
0.0
0.0
0.0
0.0
0.0
0.0
0.0
0.0
0.0
0.0
0.0
0.0
0.0
0.0
0.0
0.0
0.0
0.0
0.0
0.0
0.0
0.0
0.0
0.0
-0.00475068078026
0.00033227397424
0.0
0.0
0.0
0.0
0.0
0.0
-0.187773783252
-0.15677870803
-0.103754513428
-0.0559832903239
-0.0275332191506
-0.0150901211898
-0.0085967676568
-0.00457342083832
-0.300254743161
-0.264005454422
-0.173791830883
-0.0923353704931
-0.0429325066319
-0.0226588893906
-0.0127554009809
-0.00664396914566
-0.00720791743051
-0.00615687638288
0.0
0.0
0.0
0.0
0.0
0.0
0.0
0.0
0.0
0.0
0.0
0.0
0.0
0.0
0.00262366448593
0.000718025132042
0.000373207204241
0.000866257005879
0.000167919079317
0.00128171564912
0.0
0.0
-0.000723841749108
0.0034430400001
0.00313112096313
0.00329201925125
0.00257852022403
0.00171743823844
0.00124053863131
0.00159982141053
-0.00221275838391
-0.000565814605672
-0.000256908397385
-0.00100517961999
-6.50312092602e-05
0.0
0.0
0.0
-0.0116182455574
-0.00173640221875
-0.000944057293055
-0.000931526890228
-0.0128374673218
-0.00464884944508
-0.00517441187914
0.0
0.127455693096
-0.0421129434204
-0.103775920761
-0.0605182354993
-0.0322665759978
-0.0163077378004
0.0
0.0
-0.0513470421154
-0.0524365192044
-0.0244054899057
-0.0252614764578
-0.0361268588138
-0.0166887751885
-0.0415204959868
-0.0293541780091
-0.0513470421154
-0.00123628625624
-0.00123628625624
-0.0252614764578
-0.0108453596367
-0.00518600792874
-0.00220872371307
0.0
0.0
0.0
0.0
0.0
0.0
-0.00075163295275
-0.00075163295275
-0.00075163295275
0.0
0.0
-0.0249718277805
-0.0126843068021
-0.00602317165527
-0.00296757840511
-0.00151397836266
-0.000628026393906
-0.0478499205475
-0.0442097073701
-0.0228906748532
-0.0461903414092
-0.0437123198128
-0.0506529791377
-0.0456271147291
-0.0433924724638
0.0403329573266
0.0368574737331
0.0190804690699
0.0125176026911
0.0135582960503
0.00119268006549
0.0071883079389
0.0
-0.0785779172918
-0.0394170130909
-0.042629813812
-0.0293788564107
-0.0270156816489
0.00118657184316
-0.000671504016711
-0.0214311425266
-0.104619684846
-0.0407987119746
-0.0383319364997
-0.0156152460882
-0.0123105801666
-0.00745490576359
-0.00835422898739
-0.00478549669332
-0.0778131624321
-0.0461927152235
-0.0327406905726
-0.0197061655603
-0.016837285215
-0.00524788360344
-0.0156458631809
-0.0109990493657
-0.0273157319853
-0.00670536421202
-0.0147834847878
-0.00650821444328
0.0
0.0
0.0
0.0
0.0
0.0
0.0
-0.00707732417813
0.0
0.0
0.0
0.0
0.0
0.0
0.0
-0.00585037468584
0.0
0.0
0.0
0.0
-0.0811312408173
-0.0439324583711
-0.0214139649832
-0.00963997341041
-0.00427787512322
-0.00266719186132
0.0
0.0
8.42729834035e-07
0.00192450173639
0.000931430855783
0.00112019978409
0.00447591386722
0.0
0.00211354194828
0.00211354194828
-0.0405415616085
-0.0113645513973
-0.0097454439926
-0.0062085402532
0.00169930131686
0.00242298966403
-0.00354887368532
0.000563993158415
0.000653957271155
0.0
0.0
0.0
0.0
0.0
0.0
0.0
-0.0146725986234
-0.0117844264021
0.0
0.0
0.0
0.0
0.0
0.0
-0.00650821444328
-0.00364800214664
-0.00671752067692
-0.00381689011184
-0.00583000935432
0.0
0.0
0.0
0.0
0.0
0.0
0.0
0.0
0.0
0.0
0.0
0.0
0.0
0.0
0.0
0.0
0.0
0.0
0.0
0.0
0.0
0.0
0.0
0.0
0.0
0.0
0.0
0.0
0.0
0.0
0.0
0.0
0.0
0.0
0.0
0.0
0.0
0.0
0.0
0.0
0.0
0.0
0.0
0.00531944142315
0.0
0.00531944142315
0.0
0.0
0.0
0.0
0.0
0.155195565982
0.0561059909368
0.0354247003992
0.026046839411
0.0209677477394
0.0180011409177
0.0167267561736
0.00932066537707
0.0
-0.0124936297901
-0.0225276081727
-0.0229126690741
-0.013375400063
0.0
-0.0124936297901
-0.0124936297901
0.0
0.0
0.0
0.0
0.000454854734523
0.0
0.0
0.0
0.0
0.0
0.0
0.0
0.0
0.0
0.0
0.0
0.0
0.0
0.0
0.0
0.0
0.0
0.0
0.0
0.0
0.0
0.0
0.0
0.0
0.0
0.0
0.0
0.0
0.0
0.0
0.0
0.0
0.0
0.0
0.0
0.0
0.0
0.0
0.0
0.0
0.0
0.0
0.0
0.0
0.0
0.0
0.0
0.0
0.0
0.0
0.0
0.0
0.0
0.0
0.0
0.0
0.0
0.0
0.0
0.0
0.0
0.0
0.0
0.0
0.0
0.0
0.0
0.0
0.0
0.0
0.0
0.0
0.0
0.0
0.0
0.0
0.0
0.0
0.0
0.0
0.0
0.0
0.0
