0.0
0.0
0.0
0.0
0.0
0.0
0.0
0.0
-0.0630392780781
-0.0647327571655
-0.0511268585141
-0.0821810427092
-0.111737881684
-0.120094732635
-0.073364202187
-0.0379657927765
0.0
0.0
0.0
0.0
0.0
0.0
0.0
0.0
0.0
0.0
0.0
0.0
0.0
0.0
0.0
0.0
0.0
0.0
0.0
0.0
0.0
0.0
0.0
0.0
0.0
0.0
0.0
0.0
0.0
0.0
0.000731285908188
0.000241689977269
0.0
0.0
0.0
0.0
0.0
0.000731285908188
3.44654544625e-05
0.00302815068173
0.0
0.0
0.0
0.0
0.0
0.0
0.0
0.0
0.0
0.0
0.0
0.0
0.0
0.0
0.0
0.0
0.0
0.0
0.0
0.0
0.0
0.0
0.0
0.0
0.0
0.0
0.0
0.0
0.0
0.0
0.0
0.0
0.0
0.0
0.0
0.0
0.0
0.0
0.0
0.0
0.0
0.0
0.0
0.0
0.0
0.0
0.0
0.0
0.0
0.0
0.0
0.0
0.0
0.0
0.0
0.0
0.0
0.0
0.0
0.0
0.0
0.0
0.0
0.0
0.0
0.0
0.0
0.0
0.0
0.0
0.0
0.0
0.0
0.0
0.0
0.0
0.0
0.0
0.0
0.0
0.0
0.0
-0.0828493794085
0.0
0.0
-0.0828493794085
0.0
-0.0828493794085
0.0
0.0
0.0
0.0
0.0
0.0
0.0
0.0
-0.0630392780781
-0.0647327571655
-0.0511268585141
0.0
0.0
0.0
0.0
0.0
-0.0821810427092
-0.111737881684
-0.120094732635
0.0
0.0
0.0
0.0
0.0
0.0
0.0
0.0
0.0
0.0
0.0
0.0
0.0
0.0
0.0
0.0
0.0
-0.0185731623542
0.00177702417545
-0.0183617047899
0.00455047982174
0.0
0.0
0.0
0.0
-0.00106795227576
0.0017934276857
-0.00948979913564
0.00382424526635
0.0
2.30039190958e-05
0.000992255690319
-0.0282138803019
0.0
0.0
0.0
0.0
0.00458973442734
0.00427994635435
-0.0271046023831
-0.0338715985652
0.0
0.0
0.0
0.0
-0.0293271473555
0.00195961450077
-0.120510222106
-0.037216686015
0.0
0.0
0.0
0.0
-0.0835246681628
-0.0835246681628
-0.0379657927765
0.0
-0.0379657927765
-0.0379657927765
-0.0415752008146
-0.073364202187
0.0
-0.0835246681628
0.0
0.0
-0.0835246681628
-0.0835246681628
-0.0415752008146
-0.0615927857651
-0.058725598921
-0.058725598921
-0.058725598921
-0.058725598921
-0.058725598921
-0.058725598921
-0.058725598921
-0.058725598921
0.00993525249484
0.0102342851914
0.00986156850871
0.00849602505002
0.00604160905574
0.00382183292443
0.0023984710894
0.00326093282765
-0.0415752008146
-0.0415752008146
-0.0415752008146
0.0
0.0
0.0
0.0
-0.120176825567
-0.047759000965
-0.0473448943358
-0.047807959263
-0.0325676927673
-0.032649067559
-0.032649067559
-0.032649067559
-0.0639168003986
-0.0415752008146
-0.047759000965
-0.0473448943358
-0.0304071823
-0.0325676927673
-0.0325676927673
-0.0325676927673
-0.0647472245543
-0.0415752008146
-0.0415752008146
-0.047759000965
-0.029170788739
-0.0304071823
-0.0304071823
-0.0304071823
-0.0690662902923
0.0
0.0
0.0
0.0
-0.029170788739
-0.029170788739
-0.029170788739
-0.0304071823
0.0
0.0
0.0
0.0
0.0
0.0
0.0
-0.029170788739
0.0
0.0
0.0
0.0
0.0
0.0
0.0
0.0
0.0
0.0
0.0
0.0
0.0
0.0
0.0
0.0
0.0
-0.0404880782116
-0.0150130689476
-0.0150130689476
-0.0563922024175
-0.0150130689476
-0.0336253679221
-0.0336253679221
0.0
-0.0404880782116
-0.0150130689476
-0.0150130689476
-0.0563922024175
-0.0150130689476
-0.0336253679221
-0.0336253679221
0.0
-0.0404880782116
-0.0150130689476
-0.0150130689476
-0.0563922024175
-0.0150130689476
-0.0336253679221
-0.0336253679221
0.0
-0.0404880782116
-0.0150130689476
-0.0150130689476
-0.0563922024175
-0.0150130689476
-0.0336253679221
-0.0336253679221
0.0
-0.0404880782116
-0.0150130689476
-0.0150130689476
-0.0563922024175
-0.0150130689476
-0.0336253679221
-0.0336253679221
0.0
-0.0404880782116
-0.0150130689476
-0.0150130689476
-0.0563922024175
-0.0150130689476
-0.0336253679221
-0.0336253679221
0.0
-0.015501609325
-0.0150130689476
-0.0150130689476
-0.0563922024175
-0.0150130689476
-0.0498619741652
-0.0336253679221
-0.0336253679221
-0.0439242146655
-0.00308777089631
-0.00712994483065
-0.00371366926664
-0.00694522630291
-0.0420832574367
-0.0148870960776
-0.0176486278136
-0.0439242146655
-0.0169275796618
-0.00949097332773
-0.00825014307691
-0.0460115372804
-0.0460115372804
0.0
0.0
-0.0574103419086
0.00185803010508
-0.00707622938963
-0.0404880782116
-0.0405770267738
-0.0629342917766
0.0
0.0
-0.0574103419086
-0.00825014307691
-0.00707622938963
-0.00296117182921
-0.00949097332773
-0.0629342917766
-0.0176486278136
0.0
-0.00850813557782
-0.0502762213347
0.00250286032645
-0.00825014307691
-0.0125796546043
-0.00296117182921
-0.0176486278136
0.0
0.0
-0.00850813557782
-0.0502762213347
-0.0210250683939
-0.00850813557782
0.0
-0.0176486278136
0.0
0.0
0.0
-0.00850813557782
-0.00850813557782
0.0
-0.00230775725579
-0.000363961436924
0.0
0.0
0.0
0.0
0.0
0.0
0.0
0.00115106687851
0.0
0.0
0.0
0.0
0.0
0.0
0.0
0.0
0.00301466107162
0.0
0.0
0.0
-0.00694522630291
-0.0483311764905
-0.0498619741652
0.0
0.0
0.0
0.0
0.0
0.0
0.0
0.0
0.0
0.0
0.000780214255558
0.0
0.000780214255558
0.0
0.000330493671558
0.0
0.0
0.0
0.0
0.0
0.0
0.0
0.0
0.0
0.0
0.0
0.0
0.0
0.0
-0.0483311764905
-0.0498619741652
0.0
0.0
0.0
0.0
0.0
0.0
0.0
0.0
0.0
0.0
0.0
0.0
0.0
0.0
0.0
0.0
-0.120176825567
0.0
0.0
0.0
0.0
0.0
0.0
0.0
0.0
0.0
0.0
0.0
0.0
0.0
0.0
0.0
0.0
0.0
0.0
0.0
0.0
0.0
0.0
0.0
0.0
0.0
0.0
0.0
0.0
0.0
-0.00120597196922
0.000350888187001
0.0
0.0
0.0
0.0
0.0
0.0
0.0
0.0
0.0
0.0
0.0
0.0
0.0
0.0
-0.120176825567
-0.058725598921
0.0
0.0
0.0
0.0
0.0
0.0
0.0
0.0
0.0
0.0
0.0
0.0
0.0
0.0
0.0
0.0
0.0
0.0
0.0
0.0
0.0
0.0
0.0
0.0
0.0
0.0
0.0
0.0
0.0
0.0
0.0
0.0
0.0
0.0
0.0
0.0
0.0
0.0
0.0
0.0
0.0
0.0
0.0
0.0
0.0
0.0
0.0
0.0
0.0
0.0
0.0
0.0
0.0
0.0
0.0
0.0
0.0
0.0
0.0
0.0
0.0
0.0
0.0
0.0
0.0
0.0
0.0
0.0
0.0
0.0
0.0
0.0
0.0
0.0
0.0
0.0
0.0
0.0
0.0
0.0
0.0
0.0
0.0
0.0
0.0
0.0
0.0
0.0
0.0
0.0
0.0
0.0
0.0
0.0
0.0
0.0
0.0
0.0
0.0
0.0
0.0
0.0
0.0
0.0
0.0
0.0
0.0
0.00023189052284
0.0
0.0
0.0
0.0
0.0
0.0
0.0
0.0
0.0
0.0
0.0
0.0
0.0
0.0
0.0
0.0
0.0
0.0
0.0
0.0
0.0
0.0
-0.0542615524836
-0.033790342354
0.0
0.0
0.0
0.0
0.0
0.0
0.0
0.0
0.0
0.0
0.0
0.0
0.0
0.0
0.00239770409007
0.000926175030611
0.000636427840351
0.00104642207124
0.000942045953156
0.0
0.0
0.0
0.00260138049568
0.002416194304
0.00243452354385
0.00250916182852
0.00247391827569
0.0017565008566
0.00134865483982
0.00154095807927
0.000929419908046
0.000506184806704
0.000372620465989
4.84317815325e-05
0.0
0.0
0.0
0.0
0.0
0.0
0.0
0.0
0.00556020114037
0.00395617307975
0.00251352479253
0.0
0.0
0.0
0.0
0.0
0.0
0.0
0.0
0.0
0.0
0.0
0.0
0.0
0.0
0.0
0.0
0.0
0.0
0.0
0.0
0.0
0.0
0.0
0.0
0.0
0.0
0.0
0.0
0.0
0.0
0.0
0.0
0.0
0.0
0.0
0.0
0.0
0.0
0.0
0.0
0.0
0.0
0.0
0.0
0.0
0.0
0.0
0.0
0.0
0.0
0.0
0.0
0.00559781563558
0.00639503929286
0.0
0.00467322026348
0.0
0.0
0.0
0.0
0.0
0.0
3.48069274474e-05
0.000800306055283
-0.0255109625665
-0.0187140826349
-0.0221702724655
-0.000828234465277
-0.00280965275146
-0.00457349431112
-0.0140863448991
-0.0263365039283
0.00286940941391
-0.00388854037211
0.0016833377867
-0.0534457709405
-0.0361570888948
-0.0131196448104
0.00173821443565
-0.119985497801
-0.0375613160646
0.0
0.0
0.0
0.00049192803994
0.0
0.0
0.0
0.0
0.0
0.0
0.0
0.0
0.0
0.0
0.0
0.0
0.0
0.0
0.0
-0.00440711972377
0.0
0.0
0.0
0.0
0.0
0.0
0.0
0.0
0.0
0.0
0.0
0.0
2.42275429272e-06
1.72268052596e-05
0.0
0.0
0.0043699232564
0.0
0.00172203899178
0.00172203899178
0.0
0.0
0.0
0.0
0.0
0.0
0.00248422879849
0.001108795322
0.000603343223794
0.0
0.0
0.0
0.0
0.0
0.0
0.0
-0.073364202187
-0.0379657927765
0.0
0.0
0.0
0.0
0.0
0.0
0.00049192803994
0.000671595087856
0.000491188523875
0.00150896816967
0.000828240336777
0.0
0.0
0.0
0.0
0.0
0.0
0.0
0.0
0.0
0.0
0.0
0.0
0.0
0.0
0.0
0.0
0.0
0.0
0.0
0.0
0.0
0.0
0.0
0.0
0.0
0.0
0.0
0.0
0.0
0.0
0.0
0.0
0.0
0.0
0.0
0.0
0.0
0.0
0.0
0.0
0.0
0.0
0.0
0.00240226694069
0.0
0.00240226694069
0.0
0.0
0.0
0.0
0.0
0.0
0.0
0.0
0.0
0.0
0.0
7.46751192144e-05
0.00519931597506
0.0
-0.0639168003986
-0.00827292150272
-0.00788214187879
-0.0690662902923
0.0
-0.0639168003986
-0.0639168003986
0.0
0.0
0.0
0.0
0.000607777173697
0.0
0.0
0.0
0.0
0.0
0.0
0.0
0.0
0.0
0.0
0.0
0.0
0.0
0.0
0.0
0.0
0.0
0.0
0.0
0.0
0.0
0.0
0.0
0.0
0.0
0.0
0.0
0.0
0.0
0.0
0.0
0.0
0.0
0.0
0.0
0.0
0.0
0.0
0.0
0.0
0.0
0.0
0.0
0.0
0.0
0.0
0.0
0.0
0.0
0.0
0.0
0.0
0.0
0.0
0.0
0.0
0.0
0.0
0.0
0.0
0.0
0.0
0.0
0.0
0.0
0.0
0.0
0.0
0.0
0.0
0.0
0.0
0.0
0.0
0.0
0.0
0.0
0.0
0.0
0.0
0.0
0.0
0.0
0.0
0.0
0.0
0.0
0.0
0.00098467819633
0.0
0.00127540735206
-0.0527945597646
-0.0679031834208
-0.101632129845
-0.0746657232034
-0.0625289740762
-0.063579726053
-0.0874586747816
-0.0835246681628
0.0
0.0
0.0
0.0
0.0
0.0
0.0
0.0
0.0
0.0
0.0
0.0
0.0
0.0
0.0
0.0
0.0
0.0
0.0
0.0
0.0
0.0
0.0
0.0
0.0
0.0
0.0
0.0
0.0
0.0
0.000734580890848
0.000241603772492
0.0
0.0
0.0
0.0
0.0
0.000734580890848
3.40886570617e-05
0.00302960628519
0.0
0.0
0.0
0.0
0.0
0.0
0.0
0.0
0.0
0.0
0.0
0.0
0.0
0.0
0.0
0.0
0.0
0.0
0.0
0.0
0.0
0.0
0.0
0.0
0.0
0.0
0.0
0.0
0.0
0.0
0.0
0.0
0.0
0.0
0.0
0.0
0.0
0.0
0.0
0.0
0.0
0.0
0.0
0.0
0.0
0.0
0.0
0.0
0.0
0.0
0.0
0.0
0.0
0.0
0.0
0.0
0.0
0.0
0.0
0.0
0.0
0.0
0.0
0.0
0.0
0.0
0.0
0.0
0.0
0.0
0.0
0.0
0.0
0.0
0.0
0.0
0.0
0.0
0.0
0.0
0.0
0.0
-0.0480009073149
0.0
0.0
-0.0480009073149
0.0
-0.0480009073149
0.0
0.0
0.0
0.0
0.0
0.0
0.0
0.0
-0.0527945597646
-0.0679031834208
-0.101632129845
0.0
0.0
0.0
0.0
0.0
-0.0746657232034
-0.0625289740762
-0.063579726053
0.0
0.0
0.0
0.0
0.0
0.0
0.0
0.0
0.0
0.0
0.0
0.0
0.0
0.0
0.0
0.0
0.0
0.00184839068675
0.00347573509773
-0.0124955986078
-0.000959745964678
0.0
0.0
0.0
0.0
-0.00416971700563
-0.00445608370131
0.0036398348886
-0.023368856239
0.0
4.02940113243e-05
0.00170576346164
-0.0140067972293
0.0
0.0
0.0
0.0
-0.00631508315652
-0.0135007173773
-0.0328842865945
-0.0264159639655
0.0
0.0
0.0
0.0
0.00361883596795
-0.0187536174274
-0.0533271133052
-0.0894304892233
0.0
0.0
0.0
0.0
-0.0400148381685
-0.0400148381685
-0.0835246681628
0.0
-0.0835246681628
-0.0835246681628
-0.0271098612014
-0.0874586747816
0.0
-0.0400148381685
0.0
0.0
-0.0400148381685
-0.0400148381685
-0.0271098612014
-0.0337279610561
-0.120176825567
-0.120176825567
-0.120176825567
-0.120176825567
-0.120176825567
-0.120176825567
-0.120176825567
-0.120176825567
0.00893983734347
0.00938840330217
0.00911401451996
0.00801877270018
0.00573419454925
0.00360845446284
0.00223086690904
0.0023989647739
-0.0271098612014
-0.0271098612014
-0.0271098612014
0.0
0.0
0.0
0.0
-0.0633769528505
-0.0692714617442
-0.069729223087
-0.0690129980616
-0.0705019789745
-0.0709548979066
-0.0709548979066
-0.0709548979066
-0.0348010650819
-0.0271098612014
-0.0692714617442
-0.069729223087
-0.0692420235936
-0.0705019789745
-0.0705019789745
-0.0705019789745
-0.037655461985
-0.0271098612014
-0.0271098612014
-0.0692714617442
-0.0667525789306
-0.0692420235936
-0.0692420235936
-0.0692420235936
-0.0415353729288
0.0
0.0
0.0
0.0
-0.0667525789306
-0.0667525789306
-0.0667525789306
-0.0692420235936
0.0
0.0
0.0
0.0
0.0
0.0
0.0
-0.0667525789306
0.0
0.0
0.0
0.0
0.0
0.0
0.0
0.0
0.0
0.0
0.0
0.0
0.0
0.0
0.0
0.0
0.0
-0.0498619741652
-0.0230860460758
-0.0230860460758
-0.039392975117
-0.0230860460758
-0.0196313174248
-0.0196313174248
0.0
-0.0498619741652
-0.0230860460758
-0.0230860460758
-0.039392975117
-0.0230860460758
-0.0196313174248
-0.0196313174248
0.0
-0.0498619741652
-0.0230860460758
-0.0230860460758
-0.039392975117
-0.0230860460758
-0.0196313174248
-0.0196313174248
0.0
-0.0498619741652
-0.0230860460758
-0.0230860460758
-0.039392975117
-0.0230860460758
-0.0196313174248
-0.0196313174248
0.0
-0.0498619741652
-0.0230860460758
-0.0230860460758
-0.039392975117
-0.0230860460758
-0.0196313174248
-0.0196313174248
0.0
-0.0498619741652
-0.0230860460758
-0.0230860460758
-0.039392975117
-0.0230860460758
-0.0196313174248
-0.0196313174248
0.0
-0.0336253679221
-0.0230860460758
-0.0230860460758
-0.039392975117
-0.0230860460758
-0.045213791696
-0.0196313174248
-0.0196313174248
-0.0326363353808
-0.0100940948
-0.0176486278136
-0.0110360312142
-0.00361703291762
-0.0451447639764
-0.00812917655398
-0.00812644747607
-0.0326363353808
-0.0257228743942
-0.00378020734289
-0.0187497410979
-0.0567406995827
-0.0567406995827
0.0
0.0
-0.0487869953641
0.00301466107162
-0.0148870960776
-0.0498619741652
-0.0409988127656
-0.0645677827336
0.0
0.0
-0.0487869953641
-0.0187497410979
-0.0148870960776
-0.00830084147049
-0.00378020734289
-0.0645677827336
-0.00812644747607
0.0
-0.0197201674466
-0.0579343408191
0.00186423341083
-0.0187497410979
-0.021744645507
-0.00830084147049
-0.00812644747607
0.0
0.0
-0.0197201674466
-0.0579343408191
-0.0405040933396
-0.0197201674466
0.0
-0.00812644747607
0.0
0.0
0.0
-0.0197201674466
-0.0197201674466
0.0
0.000429653390271
0.00215453097157
0.0
0.0
0.0
0.0
0.0
0.0
0.0
0.00133860831971
0.0
0.0
0.0
0.0
0.0
0.0
0.0
0.0
0.00276774849151
0.0
0.0
0.0
-0.00361703291762
-0.0423207091497
-0.045213791696
0.0
0.0
0.0
0.0
0.0
0.0
0.0
0.0
0.0
0.0
0.000959792114768
0.0
0.000959792114768
0.0
0.000780214255558
0.0
0.0
0.0
0.0
0.0
0.0
0.0
0.0
0.0
0.0
0.0
0.0
0.0
0.0
-0.0423207091497
-0.045213791696
0.0
0.0
0.0
0.0
0.0
0.0
0.0
0.0
0.0
0.0
0.0
0.0
0.0
0.0
0.0
0.0
-0.0633769528505
0.0
0.0
0.0
0.0
0.0
0.0
0.0
0.0
0.0
0.0
0.0
0.0
0.0
0.0
0.0
0.0
0.0
0.0
0.0
0.0
0.0
0.0
0.0
0.0
0.0
0.0
0.0
0.0
0.0
-0.00388854037211
-0.0126724433149
0.0
0.0
0.0
0.0
0.0
0.0
0.0
0.0
0.0
0.0
0.0
0.0
0.0
0.0
-0.0633769528505
-0.120176825567
0.0
0.0
0.0
0.0
0.0
0.0
0.0
0.0
0.0
0.0
0.0
0.0
0.0
0.0
0.0
0.0
0.0
0.0
0.0
0.0
0.0
0.0
0.0
0.0
0.0
0.0
0.0
0.0
0.0
0.0
0.0
0.0
0.0
0.0
0.0
0.0
0.0
0.0
0.0
0.0
0.0
0.0
0.0
0.0
0.0
0.0
0.0
0.0
0.0
0.0
0.0
0.0
0.0
0.0
0.0
0.0
0.0
0.0
0.0
0.0
0.0
0.0
0.0
0.0
0.0
0.0
0.0
0.0
0.0
0.0
0.0
0.0
0.0
0.0
0.0
0.0
0.0
0.0
0.0
0.0
0.0
0.0
0.0
0.0
0.0
0.0
0.0
0.0
0.0
0.0
0.0
0.0
0.0
0.0
0.0
0.0
0.0
0.0
0.0
0.0
0.0
0.0
0.0
0.0
0.0
0.0
0.0
0.000246803104277
0.0
0.0
0.0
0.0
0.0
0.0
0.0
0.0
0.0
0.0
0.0
0.0
0.0
0.0
0.0
0.0
0.0
0.0
0.0
0.0
0.0
0.0
-0.0288445434999
-0.0196313174248
0.0
0.0
0.0
0.0
0.0
0.0
0.0
0.0
0.0
0.0
0.0
0.0
0.0
0.0
0.00188038829568
0.000561467892358
0.00028974719026
0.000636427840351
0.000104376118079
0.000942045953156
0.0
0.0
0.00240858421105
0.00234580375307
0.00236599143098
0.00243452354385
0.00228723451211
0.00148829240882
0.000976662728219
0.00134865483982
0.00158410488448
0.000374803319809
0.000133564340716
0.000372620465989
4.84317815325e-05
0.0
0.0
0.0
0.0
0.0
0.0
0.0
0.00772012212767
0.00313821699642
0.00395617307975
0.0
0.0
0.0
0.0
0.0
0.0
0.0
0.0
0.0
0.0
0.0
0.0
0.0
0.0
0.0
0.0
0.0
0.0
0.0
0.0
0.0
0.0
0.0
0.0
0.0
0.0
0.0
0.0
0.0
0.0
0.0
0.0
0.0
0.0
0.0
0.0
0.0
0.0
0.0
0.0
0.0
0.0
0.0
0.0
0.0
0.0
0.0
0.0
0.0
0.0
0.0
0.0
0.00588942071066
0.00540608980498
0.0
0.00423463152343
0.0
0.0
0.0
0.0
0.0
0.0
3.44846290796e-05
0.00123486759249
-0.0115573336049
0.00209591214254
0.001989347083
-0.0266853386829
0.00496723615911
0.00532222052593
0.0046669467193
-0.0300540469535
-0.00287386243486
-0.00119738970318
-0.00424071507696
-0.0123864155696
-0.00283745442073
-0.0507276239001
-0.0201068487949
-0.0502409045194
-0.0892413108685
0.0
0.0
0.0
0.000488725207236
0.0
0.0
0.0
0.0
0.0
0.0
0.0
0.0
0.0
0.0
0.0
0.0
0.0
0.0
0.0
-0.0128566375592
0.0
0.0
0.0
0.0
0.0
0.0
0.0
0.0
0.0
0.0
0.0
0.0
2.31324078319e-05
4.02013980573e-05
1.72268052596e-05
1.14841426846e-05
0.00458964050455
0.0
0.00220413246092
0.00220413246092
0.0
0.0
0.0
0.0
0.0
0.0
0.0028466310534
0.0010607958878
0.000607777173697
0.0
0.0
0.0
0.0
0.0
0.0
0.0
-0.0874586747816
-0.0835246681628
0.0
0.0
0.0
0.0
0.0
0.0
0.000488725207236
0.000683914114549
0.000504784367959
0.00153077056659
0.000886442865573
0.0
0.0
0.0
0.0
0.0
0.0
0.0
0.0
0.0
0.0
0.0
0.0
0.0
0.0
0.0
0.0
0.0
0.0
0.0
0.0
0.0
0.0
0.0
0.0
0.0
0.0
0.0
0.0
0.0
0.0
0.0
0.0
0.0
0.0
0.0
0.0
0.0
0.0
0.0
0.0
0.0
0.0
0.0
0.00236789406717
0.0
0.00236789406717
0.0
0.0
0.0
0.0
0.0
0.0
0.0
0.0
0.0
0.0
0.0
0.000159772045058
0.00553608309738
0.0
-0.0348010650819
-0.00803222767987
-0.00872107410014
-0.0415353729288
0.0
-0.0348010650819
-0.0348010650819
0.0
0.0
0.0
0.0
0.000599084423896
0.0
0.0
0.0
0.0
0.0
0.0
0.0
0.0
0.0
0.0
0.0
0.0
0.0
0.0
0.0
0.0
0.0
0.0
0.0
0.0
0.0
0.0
0.0
0.0
0.0
0.0
0.0
0.0
0.0
0.0
0.0
0.0
0.0
0.0
0.0
0.0
0.0
0.0
0.0
0.0
0.0
0.0
0.0
0.0
0.0
0.0
0.0
0.0
0.0
0.0
0.0
0.0
0.0
0.0
0.0
0.0
0.0
0.0
0.0
0.0
0.0
0.0
0.0
0.0
0.0
0.0
0.0
0.0
0.0
0.0
0.0
0.0
0.0
0.0
0.0
0.0
0.0
0.0
0.0
0.0
0.0
0.0
0.0
