0.0
0.0
0.0
0.0
0.0
0.0
0.0
0.0
0.0
0.0
0.0
0.0
0.0
0.0
0.0
0.0
-0.108893482201
-0.0186574531303
0.00806671630871
0.0353333128852
0.00357271111018
-0.0212560105474
-0.00913814662527
-0.0764532861048
-0.0569648915542
-0.13823394512
-0.0145785790347
-0.0226811351015
-0.115985455199
-0.0818019648258
-0.0369811184789
0.000261946238598
7.70371977755e-34
0.0
0.0
0.0
0.0
0.0
0.0
0.0
0.0
0.0
0.0
0.0
0.0
0.0
0.0
0.0
0.0
0.0
0.0
0.0
0.0
0.0
0.0
0.0
0.0
0.0
0.0
0.0
0.0
0.0
0.0
0.0
0.0
0.0
0.0
0.0
0.0
0.0
0.0
0.0
0.0
0.0
0.0
0.0
0.0
0.0
0.0
0.0
0.0
0.0
0.0
0.0
0.0
0.0
0.0
0.0
0.0
0.0
0.0
0.0
0.0
0.0
0.0
0.0
0.0
0.0
0.0
0.0
0.0
0.0
0.0
0.0
0.0
0.0
0.0
0.0
0.0
0.0
0.0
0.0
0.0
0.0
0.0
0.0
0.0
0.0
0.0
0.0
0.0
0.0
0.0
0.0
0.0
0.0
0.0
0.0
0.0
0.0
0.0
0.0
0.0
0.0
0.0
0.0
0.0
0.0
0.0
0.0
0.0
0.0
0.0
0.0
0.0
0.0
0.0
0.0
0.0
0.0
0.0
0.0
0.0
0.0
0.0
0.0
0.0
0.0
0.0
0.0
0.0
0.0
0.0
0.0
0.0
0.0
0.0
0.0
0.0
0.0
0.0
0.0
0.0
0.0
0.0
0.0
0.00346367246743
0.0
0.0
0.0
0.0
0.0
0.00628960734709
0.00347248670165
0.0
0.0
0.0
0.0
0.0
0.0
0.0
0.0
0.0
0.0
0.0
0.0
0.0
0.0
0.0
0.00296078281096
0.0
0.0
0.0
0.0
0.0
0.0
0.0
0.0
0.0120191770492
0.0491307143323
-0.0688704469366
-0.029071269257
0.0338297071774
0.0323575491966
0.033886652289
-0.0122759776291
-0.147365335397
0.0210585630222
0.0184581276228
-0.0775232200397
0.0
0.0
0.0
0.0
0.0184655853201
0.0317513382567
-0.0251121911828
0.000101853498888
0.020908111219
-0.11689535974
0.00861326991713
0.010269472513
-0.147365335397
0.0210585630222
0.0184581276228
-0.0775232200397
0.0
0.0
0.0
0.0
0.0
0.0
0.0
0.0
0.0
0.0
0.0
0.0
-0.0650607567902
0.0111790776296
-0.0326282869561
0.0
0.0
0.0
0.0
0.0
-0.148195317021
0.0496133309159
0.00069097334466
0.00069097334466
0.00069097334466
0.0
0.00069097334466
0.0
0.00069097334466
0.00069097334466
-0.0125550155481
0.0
0.0
0.0
0.0
0.0
0.0
0.0
0.0
0.0
0.0
0.0
0.0
0.0
0.0
0.0
0.0
0.0
0.0
0.0
0.0
0.0
0.0017273611603
0.00776179420833
0.00776179420833
0.00776179420833
0.00776179420833
0.00776179420833
0.00776179420833
0.00776179420833
0.0
0.00764862749601
0.000305524174806
0.000317335093739
0.00144129579611
0.000851570540675
0.00784234111842
0.00362018460457
-0.026071017299
-0.0283171188243
0.0209187088498
-0.0705735275601
-0.0123327472337
-0.000433474310163
-0.00130544781438
0.0
0.0254972519227
0.0380201281084
0.0380042251717
-0.00763787065927
-0.0420351735885
-0.0265720539448
0.0100454544344
0.0
0.0497894011492
-0.0078667242043
-0.0815634522347
-0.0458160550962
0.0495440244858
1.91962783903e-06
1.91962783903e-06
-0.00338580003899
0.0183706553293
-0.144857054303
-0.148065886996
0.0150087328572
0.00323378067001
0.0
0.0
0.0
-0.147277323428
-0.147984224671
-0.14781036748
0.0380357775415
-0.000148132060984
0.0
0.0
0.0
-0.0118493494644
-0.0329677567655
-0.0673657360701
0.0230517202396
0.0102975554901
0.0
0.0
0.0
-0.148168120476
-0.148045032785
-0.148108938021
0.0324767248209
0.0
0.0
0.0
0.0
0.0
0.0140402301263
-0.0245496675795
-0.00188964475064
0.0
0.0
0.0
0.0
0.0
-0.0911775606828
-0.0918165649994
0.0
0.0
0.0
0.0
0.0
0.0110803058412
0.0298546747863
0.0189443145203
0.0364544715599
-0.0333808226555
-0.0580470322465
0.0142367671581
0.000881013791778
0.00969952012711
-0.00325289349296
0.0254859199888
-0.012169257435
0.00220228262465
-0.0389427078495
-0.00328110431354
0.0
0.0102218540847
-0.148195317021
0.000280566478079
-0.012661361426
-0.00973687974958
0.0149904058808
-0.0408952123015
-0.138888453419
-0.000192259833371
-0.000192259833371
0.0
0.0
0.0
0.0
0.0
0.0
0.00156276889183
0.00153661157821
0.00121114533445
0.00131583569225
0.0
0.0
0.0
0.0
0.00453724248984
0.00394671818883
0.00693539292508
0.0
0.0
0.0
0.0
0.0
0.0
0.0
0.0
0.0
0.0
0.0
0.000600596563136
0.0
0.0
0.0
0.0
0.0
0.0
0.0
0.0
0.0
-0.026071017299
-0.028329110317
0.0209187088498
-0.0705735275601
-0.0123327472337
-0.000433474310163
-0.00130544781438
0.0
-7.81073259239e-05
0.047006800297
0.00962203726868
0.000289638457886
0.0180413698686
-0.148195317021
0.0
0.0
0.0
0.0
0.0
0.00069097334466
-0.00730373206189
0.0
0.0
0.0
0.0
0.0
0.00167334837442
0.0
0.00296078281096
0.00296078281096
0.0
0.0
0.0
0.0
0.0
0.0
0.0
0.0
0.0
0.0
0.0
0.0
0.0
0.0
0.0
0.0
0.0
0.0
0.00422082437126
0.0
0.0
0.0
0.0
0.0
0.0
0.0
-0.0244302575023
-0.0577295803378
-0.147943977214
-0.0918083730127
-0.0116483141899
0.0
0.0
0.0
0.0
0.0
0.0
0.0
0.0
0.0
0.0
0.000848039521852
0.0
0.0
0.0
0.0
0.0
0.0
0.0
0.0
0.0
0.0
0.0
0.0
0.0
0.0
0.0
0.0
0.00422082437126
0.00422082437126
0.00422082437126
0.00422082437126
0.00422082437126
0.00422082437126
0.00422082437126
0.00422082437126
0.00343265586074
0.0
0.0
0.0
0.0
0.0
0.0
0.0
0.0
0.0
0.0
0.0
0.0
0.0
0.0
0.0
0.0
0.0
0.0
0.0
0.00677110748904
0.00577530360686
0.00487901063444
0.0
0.00255966179247
0.0
0.0
0.0
0.0
0.0
0.0
0.0
0.0
0.0
0.00623682119661
0.0
0.0
0.0
0.0
0.0
0.0
0.0
0.0
0.0
0.0
0.0
0.0
0.0
0.00395905115742
0.00101745672252
0.000893292619178
0.00150474079982
0.000731296590629
0.0
0.0
0.0
0.00225012755152
0.00200778381315
0.00195955660235
0.00219850773384
0.0021957928006
0.00151005709406
0.00131486369113
0.00165943441701
0.0
0.0
0.0
0.0
0.0
0.0
0.0
0.0
0.0
0.0
0.0
0.0
0.0
0.0
0.0
0.0
0.0
0.0
0.0
0.0
0.0
0.0
0.0
0.0
0.0
0.0
0.0
0.0
0.0
0.0
0.0
0.0
0.0
0.0
0.0
0.0
0.0
0.0
0.0
0.0
0.0
0.0
0.0
0.0
0.0
0.0
0.0
0.0
0.0
0.0
0.0
0.0
0.0
0.0
0.0
0.0
0.0
0.0
0.0
0.0
0.0
0.0
0.0
0.0
0.0
0.0
0.0
0.0
0.0
0.0
0.0
0.0
0.0
0.0
0.0
0.0
0.0
0.0
0.0
0.0
0.0
0.0
0.0
0.0
0.00249455409316
0.0
0.000981103861765
0.0
0.0
0.0
0.0
0.0
0.0
0.0
0.0
0.0
0.0
0.00691353817463
0.00691353817463
0.00691353817463
0.0
0.0
0.0
0.0
0.0
0.00476078530204
0.0047889565736
0.00460844151099
0.00438802625907
0.00414596405123
0.00394664127393
0.00382425316176
0.0
0.0
0.0
0.0
0.0
0.0
0.0
0.0
0.0
0.0
0.0
0.0
0.0
0.0
0.0
0.0
0.0
0.0
0.0
0.0
0.0
0.0
0.0
0.0
-0.0245960590544
0.0300316757651
0.0105235883266
0.00992448311631
0.0109600646502
0.0
0.0
0.0
0.0
0.0
0.0
0.0
0.0
0.0
0.0
0.0
-0.106667385574
-0.0182639979261
0.00827252779105
0.0350731512672
0.00412896082979
-0.0213263038942
-0.00910099864619
-0.0769878892512
0.00750795541912
0.00175535385402
0.00166826860277
0.00162894288431
0.00155233085282
0.00148629072902
0.0
0.00148438134828
0.0
0.0
0.0
0.0
0.0
0.0
0.0
0.0
0.0
0.0
0.0
0.0
0.0
0.0
0.0
0.0
0.0
0.0
0.0
0.0
0.0
0.0
0.0
0.0
0.0
0.0
0.0
0.0
0.0
0.0
0.0
0.0
0.0
0.0
0.0
0.0
0.0
0.0
0.0
0.0
0.0
0.000755568040355
0.00022975095748
0.00016751658967
0.0
0.0
0.0
0.0
0.0
0.0
0.0
0.0
0.000521516365049
0.0
0.0
0.00362018460457
0.0
0.0
0.0
0.0
0.0
0.0
0.0
0.0
0.0
0.0
0.0
0.0
0.0
0.0
0.0
0.0
0.0
0.0
0.0
0.0
0.0
0.0
0.0
0.0
0.0
0.0
0.0
0.0
0.0
0.0
0.0
0.0
0.0
0.0
0.0
0.0
0.0
0.0
0.0
0.0
0.0
0.0
0.0
0.0
0.0
0.0
0.0
0.0
0.0
0.0
0.0
0.0
0.0
0.0
0.0
0.0
0.0
0.0
0.0
0.0
0.0
0.0
0.0
0.0
0.0
0.0
0.0
0.0
0.0
0.0
0.0
0.0
0.0
0.0
0.0
0.0
0.0
0.0
0.0
0.0
0.0
0.0
0.0
0.0
0.0
0.0
0.0
0.0
0.0
0.0
0.0
0.0
0.0
0.0
0.0
0.0
0.0
0.0
0.0
0.0
0.0
0.0
0.0
0.0
0.0
0.0
0.0
0.0
0.0
0.0
0.0
0.0
0.0
0.000405135556294
-0.00176886794644
-0.00185193324983
-0.00185193324983
0.0
0.0
0.0
0.0
0.00332500783466
0.00417209126341
0.00449249154208
0.00449249154208
0.0
0.0
0.0
0.0
0.0
0.0
0.0
0.0
0.0
0.0
-0.000384917191994
0.0
0.0
0.0
0.0
0.0
0.0
0.0
0.0
0.0
0.00709144736299
0.00377971385749
0.0
0.0
0.0
0.0
0.0
0.0
0.0
0.0
0.0
0.0
0.0
0.0
0.0
0.0
0.0
0.0
0.0
0.0
0.0
0.0
0.0
0.000763476386218
0.000489320472426
0.000489320472426
0.000763476386218
0.0
0.0
0.0
0.0
0.000489320472426
0.000489320472426
0.000763476386218
0.0
0.0
0.0
0.0
0.0
0.0
0.0
0.0
0.0
0.0
0.0
0.0
0.0
0.0
0.0
0.0
0.0
0.0
0.0
0.0
0.0
0.0
0.0
0.0
0.0
0.0
0.0
0.0
0.0
0.0
0.0
0.0
0.0
0.0
0.0
0.0
0.0
0.0356564685853
0.00713134916824
-0.0203453123216
-0.108706130618
-0.0204054486359
0.00890097000772
-0.0623542021626
0.0282184229288
0.01134785122
0.0512377471249
-0.00605169793772
0.00233996020209
0.0358645164132
0.0249427726579
-0.00100772318838
0.00038212733953
0.0
0.0
0.0
0.0
0.0
0.0
0.0
0.0
0.0
0.0
0.0
0.0
0.0
0.0
0.0
0.0
0.0
0.0
0.0
0.0
0.0
0.0
0.0
0.0
0.0
0.0
0.0
0.0
0.0
0.0
0.0
0.0
0.0
0.0
0.0
0.0
0.0
0.0
0.0
0.0
0.0
0.0
0.0
0.0
0.0
0.0
0.0
0.0
0.0
0.0
0.0
0.0
0.0
0.0
0.0
0.0
0.0
0.0
0.0
0.0
0.0
0.0
0.0
0.0
0.0
0.0
0.0
0.0
0.0
0.0
0.0
0.0
0.0
0.0
0.0
0.0
0.0
0.0
0.0
0.0
0.0
0.0
0.0
0.0
0.0
0.0
0.0
0.0
0.0
0.0
0.0
0.0
0.0
0.0
0.0
0.0
0.0
0.0
0.0
0.0
0.0
0.0
0.0
0.0
0.0
0.0
0.0
0.0
0.0
0.0
0.0
0.0
0.0
0.0
0.0
0.0
0.0
0.0
0.0
0.0
0.0
0.0
0.0
0.0
0.0
0.0
0.0
0.0
0.0
0.0
0.0
0.0
0.0
0.0
0.0
0.0
0.0
0.0
0.0
0.0
0.0
0.0
0.0
0.0
0.00358244062966
0.0
0.0
0.0
0.0
0.0
0.00732152782279
0.0037922572492
0.0
0.0
0.0
0.0
0.0
0.0
0.0
0.0
0.0
0.0
0.0
0.0
0.0
0.0
0.0
0.00276794718581
0.0
0.0
0.0
0.0
0.0
0.0
0.0
0.0
-0.0764545098581
-0.146877028293
0.0148729735935
-0.010535644535
-0.0667173214007
-0.0630218976234
-0.0670254069362
-0.0243364206888
0.0523022540799
-0.0973895879575
-0.094320343136
0.0184835786994
0.0
0.0
0.0
0.0
-0.0944568227096
-0.0622584113452
-0.0139249377217
-0.000240106398658
-0.0969399205208
0.035695311352
-0.0200473663217
-0.05752947065
0.0523022540799
-0.0973895879575
-0.094320343136
0.0184835786994
0.0
0.0
0.0
0.0
0.0
0.0
0.0
0.0
0.0
0.0
0.0
0.0
0.0114287155665
-0.0586186954692
0.0141995961287
0.0
0.0
0.0
0.0
0.0
0.0527274137529
-0.14841545628
-0.00730373206189
-0.00730373206189
-0.00730373206189
0.0
-0.00730373206189
0.0
-0.00730373206189
-0.00730373206189
-0.00745953182878
0.0
0.0
0.0
0.0
0.0
0.0
0.0
0.0
0.0
0.0
0.0
0.0
0.0
0.0
0.0
0.0
0.0
0.0
0.0
0.0
0.0
0.0021682168753
0.00880625151738
0.00880625151738
0.00880625151738
0.00880625151738
0.00880625151738
0.00880625151738
0.00880625151738
0.0
0.00864671731457
8.17636659634e-05
0.000348110044981
0.00134022413795
0.00132818526415
0.00746882921578
0.0033671938684
0.000477615837531
-0.0111959127746
-0.0971156723364
0.0342173832475
-0.0238842559546
0.000672785985151
0.000364837327271
0.0
-0.0975218768588
-0.107607969793
-0.107605407424
-0.0144282807628
0.0114470132381
0.013211138462
-0.0441038586438
0.0
-0.140684878188
-0.0143358718677
0.0254407173167
0.0117419691802
-0.14779442631
-0.00338580003899
-0.00338580003899
0.000149518073988
-0.0931861133757
0.0502186182113
0.0526707909778
-0.0800408106426
-0.0055975809457
0.0
0.0
0.0
0.0523783692262
0.0525036341732
0.0525277173771
-0.107828160555
0.0
0.0
0.0
0.0
0.00819325739119
0.0106470280962
0.00885317212975
-0.0537708342717
-0.0370233081035
0.0
0.0
0.0
0.0527038982715
0.0526593527247
0.0526822283794
-0.0637268709236
0.0
0.0
0.0
0.0
0.0
-0.078725735747
-0.000852379792758
0.000361374011766
0.0
0.0
0.0
0.0
0.0
0.0370316155937
0.0379628628979
0.0
0.0
0.0
0.0
0.0
-0.0578048077786
-0.0883890893513
-0.0511629195366
-0.104507444135
0.0142367671581
0.0104237588074
-0.0414539260713
0.000841248424805
-0.0422919330102
0.000620471105238
-0.0977442760399
-0.00731550229152
-0.0304704541362
0.00324375784279
0.000463032623248
0.0
-0.045630570978
0.0527274137529
-0.000206086925432
-0.0078667242043
-0.0144887734693
-0.0773370667215
0.00988162330645
0.0511423427661
-4.3425870048e-06
-4.3425870048e-06
0.0
0.0
0.0
0.0
0.0
0.0
0.000542974196169
0.00127339288478
0.000943546977923
0.000785343313476
0.0
0.0
0.0
0.0
0.00186409206355
0.00111923133331
-0.00715223257657
0.0
0.0
0.0
0.0
0.0
0.0
0.0
0.0
0.0
0.0
0.0
0.000257106951993
0.0
0.0
0.0
0.0
0.0
0.0
0.0
0.0
0.0
0.000477615837531
-0.0111959127746
-0.0971156723364
0.0342173832475
-0.0238842559546
0.000672785985151
0.000364837327271
0.0
-0.000229481261143
-0.144112210849
-0.0205582849423
0.000619023262543
-0.0937496960043
0.0527274137529
0.0
0.0
0.0
0.0
0.0
-0.00730373206189
0.00069097334466
0.0
0.0
0.0
0.0
0.0
0.00141816695331
0.0
0.00276794718581
0.00276794718581
0.0
0.0
0.0
0.0
0.0
0.0
0.0
0.0
0.0
0.0
0.0
0.0
0.0
0.0
0.0
0.0
0.0
0.0
0.0
0.0
0.0
0.0
0.0
0.0
0.0
0.0
0.000454604140796
0.0102992386576
0.0525251676495
0.0378639800832
-0.009040449815
0.0
0.0
0.0
0.0
0.0
0.0
0.0
0.0
0.0
0.000406542678986
-0.00538050555
0.0
0.0
0.0
0.0
0.0
0.0
0.0
0.0
0.0
0.0
0.0
0.0
0.0
0.0
0.0
0.0
0.0
0.0
0.0
0.0
0.0
0.0
0.0
0.0
0.00343339049199
0.00343265586074
0.0
0.0
0.0
0.0
0.0
0.0
0.0
0.0
0.0
0.0
0.0
0.0
0.0
0.0
0.0
0.0
0.0
0.0
0.00856222347143
0.00558703765474
0.00577530360686
0.0
0.00245214631973
0.0
0.0
0.0
0.0
0.0
0.0
0.0
0.0
0.00925783825096
0.00737171496302
0.0
0.0
0.0
0.0
0.0
0.0
0.0
0.0
0.0
0.0
0.0
0.0
0.0
0.00146917729326
0.000848748633599
0.000777899617379
0.00107822322637
0.0015491588054
0.0
0.0
0.0
0.00191529459743
0.00192366210053
0.00193104215066
0.00197179244502
0.00184322817295
0.00133188913698
0.00110516260602
0.00131486369113
0.0
0.0
0.0
0.0
0.0
0.0
0.0
0.0
0.0
0.0
0.0
0.0
0.0
0.0
0.0
0.0
0.0
0.0
0.0
0.0
0.0
0.0
0.0
0.0
0.0
0.0
0.0
0.0
0.0
0.0
0.0
0.0
0.0
0.0
0.0
0.0
0.0
0.0
0.0
0.0
0.0
0.0
0.0
0.0
0.0
0.0
0.0
0.0
0.0
0.0
0.0
0.0
0.0
0.0
0.0
0.0
0.0
0.0
0.0
0.0
0.0
0.0
0.0
0.0
0.0
0.0
0.0
0.0
0.0
0.0
0.0
0.0
0.0
0.0
0.0
0.0
0.0
0.0
0.0
0.0
0.0
0.0
0.0
0.0
0.00246504336045
0.0
0.000968990207398
0.0
0.0
0.0
0.0
0.0
0.0
0.0
0.0
0.0
0.0
0.00678078200619
0.00678078200619
0.00678078200619
0.0
0.0
0.0
0.0
0.0
0.00508940077735
0.00504443816306
0.00487857789305
0.00463830896286
0.00436693201372
0.00420547237605
0.00412582534076
0.0
0.0
0.0
0.0
0.0
0.0
0.0
0.0
0.0
0.0
0.0
0.0
0.0
0.0
0.0
0.0
0.0
0.0
0.0
0.0
0.0
0.0
0.0
0.0
-0.000825219702984
-0.0889655271546
-0.0219496785143
-0.0219259309089
-0.0225647368476
0.0
0.0
0.0
0.0
0.0
0.0
0.0
0.0
0.0
0.0
0.0
0.0352207220854
0.00710603293203
-0.0194604991693
-0.107309373668
-0.0199322206387
0.0107031817931
-0.0614371091501
0.0286196711778
0.00695055922897
0.00158246000807
0.00154948604483
0.00151743683787
0.00110422106747
0.00155233085282
0.0
0.00123237639403
0.0
0.0
0.0
0.0
0.0
0.0
0.0
0.0
0.0
0.0
0.0
0.0
0.0
0.0
0.0
0.0
0.0
0.0
0.0
0.0
0.0
0.0
0.0
0.0
0.0
0.0
0.0
0.0
0.0
0.0
0.0
0.0
0.0
0.0
0.0
0.0
0.0
0.0
0.0
0.0
0.0
0.0
0.0
0.0
0.0
0.0
0.0
0.0
0.0
0.0
0.0
0.0
0.0
0.0
0.0
0.0
0.0
0.0
0.0
0.0
0.0
0.0
0.0
0.0
0.0
0.0
0.0
0.0
0.0
0.0
0.0
0.0
0.0
0.0
0.0
0.0
0.0
0.0
0.0
0.0
0.0
0.0
0.0
0.0
0.0
0.0
0.0
0.0
0.0
0.0
0.0
0.0
0.0
0.0
0.0
0.0
0.0
0.0
0.0
0.0
0.0
0.0
0.0
0.0
0.0
0.0
0.0
0.0
0.0
0.0
0.0
0.0
0.0
0.0
0.0
0.0
0.0
0.0
0.0
0.0
0.0
0.0
0.0
0.0
0.0
0.0
0.0
0.0
0.0
0.0
0.0
0.0
0.0
0.0
0.0
0.0
0.0
0.0
0.0
0.0
0.0
0.0
0.0
0.0
0.0
0.0
0.0
0.0
0.0
0.0
0.0
0.0
0.0
0.0
0.0
0.0
0.0
0.0
0.0
0.0
0.0
0.0
0.0
0.0
0.0
0.0
0.0
0.0
0.0
0.00365792313238
0.00427778947654
0.00144186035105
0.00144186035105
0.0
0.0
0.0
0.0
0.000562345621687
0.000257816239395
0.0
0.0
0.0
0.0
0.0
0.0
0.0
0.0
0.0
0.0
0.0
0.000486658889562
-0.00824269709534
0.0
0.0
0.0
0.0
0.0
0.0
0.0
0.0
0.0
0.00627695186177
0.00278411824552
0.0
0.0
0.0
0.0
0.0
0.0
0.0
0.0
0.0
0.0
0.0
0.0
0.0
0.0
0.0
0.0
0.0
0.0
0.0
0.0
0.0
0.000708023576743
0.000763476386218
0.000763476386218
0.000708023576743
0.0
0.0
0.0
0.0
0.000763476386218
0.000763476386218
0.000708023576743
0.0
0.0
0.0
0.0
0.0
0.0
0.0
0.0
0.0
0.0
0.0
0.0
0.0
0.0
0.0
0.0
0.0
0.0
0.0
0.0
0.0
