1.0
1.0
1.0
1.0
1.0
1.0
1.0
1.0
1.0
1.0
1.0
1.0
1.0
1.0
1.0
1.0
1.0
1.0
1.0
1.0
1.0
1.0
1.0
1.0
1.0
1.0
1.0
0.00383046744912
0.0130450874423
0.0201197021946
0.03014763001
0.0306295728823
1.0
1.0
1.0
0.00640951335198
0.0186052606196
0.113877936008
0.102533191692
0.0560254040956
1.0
1.0
0.00856493424573
0.0174670815553
0.0284992388367
0.0409714970285
0.0916370825999
0.0784998914026
0.0596294074369
0.0655818759003
0.0784814296167
0.0813451274238
0.0862140350486
0.098748794347
0.0658695712842
0.0916685580777
0.0917157503372
0.0917157503372
0.0924986200014
0.091762917481
0.0892598651473
0.086163727889
0.0302930209451
0.0837987051213
0.0431949904916
0.0412205754425
0.0330220668363
0.031009714715
0.0290591298087
0.0364359590402
0.026749109844
0.0359100274615
0.0232936692875
0.0201197021945
0.0148338128172
0.0149323555271
0.0150302516034
0.0166063420577
0.00746680230584
0.0166063420577
1.0
1.0
1.0
1.0
1.0
0.00383046744912
0.00383046744912
0.00383046744912
1.0
1.0
1.0
1.0
1.0
1.0
1.0
1.0
1.0
1.0
1.0
1.0
1.0
0.0147346104998
0.0301476300099
0.030533795126
1.0
1.0
1.0
1.0
0.0128182366703
0.117274558361
0.101264455417
0.0586935869379
1.0
1.0
0.00513908119869
0.0128182366704
0.0307726784834
0.043228818664
0.0938293409894
0.0840916287768
0.0619062204771
0.0668121987977
0.083157495259
0.0856083382718
0.0894214552701
0.0983400678755
0.0641010030987
0.0904006941293
0.0990106200947
0.0980763793294
0.0949892534823
0.0933055920226
0.0900808443336
0.0880709796246
0.0288567941994
0.0863647753204
0.0439664043978
0.0381236526045
0.0291597693541
0.0279280883578
0.0261396275896
0.0342408798082
0.0254004297944
0.0338539259519
0.0182069484775
0.0154156147367
0.0121122018173
0.011990485652
0.0121122018173
0.0145341729272
0.00803465588295
0.0145341729272
1.0
1.0
1.0
1.0
1.0
0.00383046744911
0.00383046744911
0.00383046744911
1.0
1.0
1.0
1.0
1.0
1.0
1.0
1.0
0.0995176735397
0.128665670921
0.11231087439
0.109171211073
0.00171304717443
0.0137031105282
0.0246390061946
0.130828087678
0.106930519992
0.130296527158
0.117006661998
0.1174568443
0.00873454055337
0.0200467016074
0.0405769781041
0.130035320189
0.101886785918
0.124116793514
0.113639299215
0.114353634065
0.0204090893582
0.0301961717223
0.0570567654363
0.108579315709
0.104981715134
0.119740382302
0.110474615832
0.113877936008
0.0938446995147
0.097280853198
0.106487217119
0.110759202152
0.0780184292853
0.0854562228838
0.0818242044687
0.0826163240798
0.0927010451308
0.0891141752511
0.0860966045505
0.0834700681015
0.0201924384423
0.0202649131965
0.0189952110282
0.0195280456175
0.0284477914294
0.0242190707057
0.0209758700841
0.0209058642826
0.00998821200288
0.0117432670547
0.00998821200288
0.0104195087437
0.0131570451874
0.0112325092625
0.0111011466559
0.010968210091
1.0
1.0
1.0
1.0
1.0
1.0
1.0
1.0
1.0
1.0
1.0
1.0
1.0
1.0
1.0
1.0
0.0930580649238
0.128124487276
0.115558549299
0.109511664329
1.0
0.0024226109924
0.0206234607089
0.0886593364822
0.096523263977
0.127502980444
0.115632644794
0.112920197799
1.0
0.0186052606196
0.0388835360453
0.070082322529
0.095819583149
0.12290810051
0.111377463867
0.11119751106
0.0190722430299
0.0622813719053
0.086615408236
0.110978584206
0.0899525752467
0.108288708573
0.099748575711
0.103231015687
0.0953827078417
0.102561199843
0.109223661039
0.1166402996
0.0803060713552
0.0923738223786
0.0862307973799
0.0883656635178
0.10547245087
0.100894832712
0.0957444074356
0.0933673675728
0.0561813309516
0.0617413637118
0.0582699957142
0.0593845889936
0.063668197245
0.0622579922062
0.0598732104556
0.0609102834529
0.0131570451874
0.0137031105281
0.013487339611
0.013487339611
0.0160677554412
0.0147346104998
0.0140205374903
0.0142282187097
0.00541705927432
0.00617637067271
0.00640951335195
0.00685203788548
0.00640951335195
0.00617637067271
0.0061763706727
0.00617637067271
1.0
1.0
1.0
1.0
1.0
1.0
1.0
1.0
0.104364900224
0.105757613073
0.108513340345
0.108526538785
0.101646811162
0.0642144064926
0.0507516084851
0.102659165555
0.111685244659
0.113299271942
0.113248805989
0.114914274068
0.112565181402
0.0827038560378
0.0438665604085
0.109707574939
0.114391100293
0.10945935929
0.114216146941
0.113990790602
0.114191130517
0.0937678808141
0.0371518181329
0.107064474523
0.108658430653
0.1052137499
0.105798284856
0.108262249151
0.106028449798
0.106567961348
0.0235440077933
0.10632553596
0.0800893660485
0.0801255253752
0.0796905020568
0.0822652387246
0.0729056910589
0.0838677230468
0.00998821200289
0.0782410199641
0.0208356228557
0.0214595059185
0.0194528213067
0.0201197021946
0.0129321598145
0.0232306622224
0.00342607926777
0.0211151841786
0.00839189974699
0.010968210091
0.010968210091
0.010968210091
0.00541705927433
0.0150302516034
1.0
0.0131570451874
1.0
1.0
1.0
1.0
1.0
1.0
1.0
1.0
1.0
1.0
1.0
1.0
1.0
1.0
1.0
1.0
0.104075744901
0.105390827618
0.106069012859
0.108129850148
0.101250265173
0.0669860816625
0.053386062511
0.100165673129
0.10457092798
0.105893122089
0.104158446339
0.108961146093
0.102659165555
0.0658695712842
0.0443305601808
0.101179282825
0.105703358544
0.107158138279
0.105540419782
0.110526416107
0.101717453283
0.0665505071285
0.0369543669864
0.100122609051
0.10444736232
0.10487233645
0.10417222324
0.108684788869
0.100595257584
0.0653151664125
0.0240368472238
0.0981936651672
0.0908941621249
0.0902409157125
0.0904166559183
0.0953222860834
0.0860798152875
0.0598488754938
0.0125872954762
0.0868320202079
0.0612203075498
0.060718700691
0.0614813961028
0.066067998235
0.0563109359723
0.0298547162882
0.00383046744911
0.0587928057827
0.0144329094396
0.0137031105281
0.0148338128172
0.0151275135997
0.0128182366703
0.010968210091
0.00171304717443
0.0131570451874
0.00640951335195
0.00663446688946
0.00726766235235
0.00685203788548
0.00593407370537
0.00383046744911
0.00171304717443
0.00568145136143
1.0
1.0
1.0
1.0
1.0
1.0
1.0
1.0
1.0
1.0
1.0
1.0
1.0
1.0
0.155361984253
0.110487568294
0.0755831547472
0.0573370954088
0.040576978104
0.0299526736213
0.0175508312477
0.00640951335195
1.0
1.0
1.0
1.0
1.0
1.0
1.0
1.0
1.0
1.0
0.0122327062556
0.0401056918428
0.138457652582
0.11471526673
0.0365161957374
0.0213224456708
1.0
1.0
0.0183673113022
0.00242261099241
1.0
1.0
1.0
1.0
1.0
1.0
0.0542265071575
0.0584447925958
0.0417142403759
0.0522535058234
0.0618826968165
0.0418542106285
0.0290086786605
0.0221981877558
1.0
1.0
1.0
1.0
1.0
1.0
1.0
1.0
1.0
1.0
1.0
1.0
1.0
1.0
1.0
1.0
1.0
1.0
1.0
1.0
1.0
1.0
1.0
1.0
0.079435609433
0.0786842649997
0.10961619576
0.0796905020568
0.0735005259895
0.0982668948814
0.10961619576
0.0698539162697
0.027183763919
0.0468621429801
0.118496222229
0.105540419782
1.0
1.0
1.0
1.0
1.0
1.0
1.0
1.0
1.0
1.0
1.0
1.0
0.101999511413
0.0329332749536
1.0
1.0
0.0440660204038
1.0
1.0
1.0
1.0
1.0
1.0
1.0
1.0
1.0
1.0
1.0
1.0
1.0
1.0
1.0
0.0233565060152
1.0
1.0
1.0
1.0
0.0539027464747
0.148498318992
1.0
1.0
1.0
1.0
1.0
0.081113423933
0.0958496362962
0.069269052252
0.0791615757789
0.0928564458227
0.140948509604
0.121826879024
0.105703358544
0.0340694454343
0.123761249207
0.143862134378
0.134370249729
0.109262981162
0.129039758118
0.148573777029
0.146061088194
0.0192253797595
0.0202649131965
0.0202649131965
0.0200467016074
0.0195280456174
0.0248167981607
0.0333309676129
0.0547351654895
0.0196776302349
0.0214595059184
0.0228489635676
0.0166944154793
0.0137031105281
0.0152241536689
0.0229769025053
0.0407926464125
0.0886104607643
0.140698574183
0.120167871328
0.109026837048
0.107224988459
0.107198253631
0.107198253631
0.107198253631
0.0662219119696
0.140247471285
0.124619581389
0.114128564146
0.112208981611
0.112132498041
0.112132498041
0.112132498041
0.0219324603911
0.017717141549
0.023104131502
0.0258578282907
0.0243397933567
0.0380468245751
0.0454696866812
0.0332430044396
0.0226556976943
0.0164287772386
0.0174670815553
0.0192253797595
0.0249346201352
0.0381620082791
0.0520576522509
0.0228489635676
1.0
1.0
1.0
1.0
1.0
1.0
1.0
1.0
1.0
1.0
1.0
1.0
1.0
1.0
1.0
1.0
0.112323604143
0.106123071686
0.138396540982
0.130860556921
0.0284992388367
0.0332870152117
0.0317101532676
0.0432288186641
0.132098752468
0.0341123851775
0.0703099719812
0.133430617613
0.0138097308624
0.00922466235032
0.00969001740297
0.0137031105281
1.0
1.0
1.0
1.0
1.0
1.0
1.0
1.0
0.0429233981318
0.0616233346693
0.0493515505424
0.0895666289027
0.141347407836
0.124779106468
0.13107679789
0.130002629733
0.0122327062556
0.0161587678959
0.00419606069847
0.00839189974699
0.0489654098318
0.0808989388071
0.0557122244853
0.0569032683779
1.0
1.0
1.0
1.0
1.0
1.0
1.0
1.0
0.0960897101891
0.0941053969333
0.0936140474044
0.0943348038663
0.0476963097066
0.0863145587113
0.13083891172
0.0816293736222
0.13245176468
0.132184424272
0.129631519961
0.128863861983
0.00484517932888
0.013487339611
0.0682119343099
0.111261815072
1.0
1.0
1.0
1.0
1.0
1.0
1.0
1.0
0.0281371251758
0.0903048621476
0.0864149618506
0.0159762239813
0.0159762239813
0.0159762239813
0.0159762239813
0.0159762239813
0.0248757790778
0.108010545467
0.0950044176055
1.0
1.0
1.0
1.0
1.0
1.0
1.0
1.0
0.00453225690676
0.113021415258
0.055344580141
1.0
0.055159827611
0.0852699244505
0.0826338380972
0.0832791947516
0.0842119396567
0.0789232904438
0.0846914242592
0.052169659601
1.0
1.0
1.0
1.0
1.0
1.0
1.0
1.0
1.0
0.00171304717443
0.0024226109924
1.0
1.0
1.0
1.0
1.0
1.0
0.0029670760348
1.0
0.0029670760348
1.0
0.00342607926775
0.00873454055337
0.0108336416269
0.0169558880576
0.030533795126
0.0304377148573
0.0306773492046
0.13670437816
1.0
1.0
0.0287550907014
0.0293600100343
1.0
1.0
1.0
1.0
1.0
1.0
1.0
1.0
0.0286530250083
0.0375045962208
0.0331989350644
0.0950953496658
1.0
1.0
0.0331989350644
0.0292099586568
1.0
1.0
1.0
1.0
1.0
1.0
1.0
1.0
1.0
1.0
1.0
1.0
1.0
1.0
1.0
1.0
1.0
1.0
1.0
1.0
1.0
1.0
1.0
1.0
1.0
1.0
1.0
1.0
1.0
1.0
1.0
1.0
1.0
1.0
1.0
1.0
1.0
1.0
1.0
1.0
1.0
1.0
0.00541705927436
0.00706290862442
0.0672244228353
0.0700201052795
0.0161587678959
1.0
1.0
1.0
1.0
1.0
1.0
1.0
1.0
1.0
1.0
1.0
1.0
1.0
1.0
1.0
1.0
0.00171304717443
1.0
1.0
1.0
1.0
1.0
1.0
1.0
1.0
1.0
1.0
1.0
1.0
0.0254580552143
1.0
1.0
1.0
1.0
1.0
1.0
1.0
1.0
1.0
1.0
1.0
1.0
1.0
1.0
1.0
1.0
0.00342607926776
0.0157915678954
0.0054170592743
0.0179637166608
0.0385054800357
1.0
1.0
1.0
1.0
1.0
1.0
1.0
0.0458855302737
1.0
1.0
0.0509238819372
0.0586190610522
0.0586190610522
0.0586190610522
1.0
1.0
0.052615278458
0.126115125591
0.0261396275896
0.0285505932358
1.0
1.0
1.0
1.0
1.0
1.0
0.00242261099241
0.00296707603481
0.00242261099241
0.00706290862442
0.0275052341373
1.0
1.0
1.0
0.0128182366703
0.081859577071
0.00984024475071
1.0
0.00171304717443
0.00342607926777
0.00663446688947
0.00383046744911
0.0117432670547
0.00484517932888
0.0507803617373
0.0505498730086
1.0
1.0
0.00242261099241
0.00342607926777
0.00342607926777
0.00419606069848
1.0
1.0
1.0
0.00890091464408
1.0
1.0
0.026529104629
0.0350854301067
1.0
1.0
0.00171304717443
0.00171304717443
0.00171304717443
1.0
0.0255155501533
0.0294596182269
0.00171304717443
0.00171304717443
0.0286530250083
0.0692060893065
0.0287041033704
0.0197519970851
0.00171304717443
0.00171304717443
0.115829987972
0.00171304717443
0.0813095248745
0.0516636932506
0.00242261099241
1.0
0.00593407370537
0.0810419936645
0.00685203788548
1.0
1.0
0.10144874024
0.140888569024
0.121464196826
0.101292829686
0.101292829686
0.101292829686
0.121464196826
1.0
0.021045642612
0.158319997168
0.0301476300099
0.0514372043813
0.00171304717443
1.0
0.0175508312477
0.0508378189461
0.0681479757291
0.141536456562
0.0335934690408
0.0238532284623
0.0238532284623
0.120345516213
0.0987050864508
1.0
1.0
1.0
1.0
1.0
1.0
1.0
1.0
1.0
1.0
1.0
1.0
1.0
1.0
1.0
1.0
1.0
1.0
1.0
1.0
1.0
1.0
1.0
1.0
1.0
1.0
1.0
0.00419606069851
0.0125872954761
0.0208356228558
0.031009714715
0.0311040214831
1.0
1.0
1.0
0.00663446688944
0.0184469692482
0.117493265571
0.102868764106
0.0544948210211
1.0
1.0
0.00856493424573
0.0166944154794
0.0278755834522
0.0423749525969
0.0968656840126
0.0768201143684
0.0597026543948
0.0655375010077
0.0783890538179
0.0814162845478
0.0861301729589
0.105159201675
0.0663973687232
0.0971179709725
0.091605595931
0.0915268302238
0.0924518413328
0.0915110686643
0.0891627658692
0.0871807596895
0.0206234607091
0.0849811812592
0.0430933454445
0.0410428175834
0.0328442419811
0.0308202321313
0.0287550907014
0.0257442425545
0.00640951335195
0.0251686053505
0.0232936692875
0.0200467016074
0.0147346104998
0.0148338128172
0.0148338128172
0.0150302516034
1.0
0.0150302516034
1.0
1.0
1.0
1.0
1.0
1.0
1.0
1.0
1.0
1.0
1.0
1.0
1.0
1.0
1.0
1.0
1.0
1.0
1.0
1.0
1.0
0.0156984245295
0.0317562976962
0.0317562976962
1.0
1.0
1.0
1.0
0.0129321598146
0.12333546034
0.101236072855
0.056877644731
1.0
1.0
0.00513908119869
0.0127032912264
0.0301476300099
0.0455980458809
0.0985154523971
0.0829309946042
0.0619532405848
0.0668121987977
0.0841260213826
0.0856252227975
0.0902728947832
0.103175371132
0.0651813952902
0.0950044176055
0.0989670325307
0.0979442581586
0.0948830342171
0.0930425718285
0.0901769224034
0.0883166200119
0.0177997132681
0.0867154523139
0.0438332281465
0.0380083519846
0.0289075113206
0.027717470121
0.0256872608362
0.0240368472238
0.00541705927432
0.0235440077932
0.0182069484775
0.0154156147367
0.0121122018173
0.011990485652
0.0121122018173
0.0121122018173
1.0
0.0121122018173
1.0
1.0
1.0
1.0
1.0
1.0
1.0
1.0
1.0
1.0
1.0
1.0
1.0
1.0
1.0
1.0
0.101632676592
0.130165993958
0.113840291587
0.107891102396
0.00171304717443
0.0137031105282
0.0483652689862
0.138070117706
0.109013702182
0.131109201008
0.119299324856
0.116444407795
0.00873454055337
0.0198260845556
0.052836662896
0.136270016045
0.104694341138
0.124892919928
0.115484403579
0.114278662724
0.0204090893582
0.0297071724816
0.0673540651086
0.119251539339
0.105649074849
0.120274491678
0.110461661773
0.113488308586
0.0938600554349
0.0975762787492
0.108750655075
0.112742836824
0.077888283605
0.0852699244505
0.0815761549616
0.0826163240798
0.0925765300612
0.0890493451615
0.085962195826
0.0832618203111
0.0197519970851
0.0198260845556
0.0186839027245
0.0192253797595
0.0281371251757
0.0240977418475
0.0204807962098
0.0205522524582
0.00969001740298
0.011617684053
0.00984024475077
0.0104195087437
0.0130450874423
0.0111011466559
0.010968210091
0.0108336416269
1.0
1.0
1.0
1.0
1.0
1.0
1.0
1.0
1.0
1.0
1.0
1.0
1.0
1.0
1.0
1.0
0.0951104962405
0.126900586017
0.113953185503
0.1120559595
1.0
0.00171304717443
0.0206234607089
0.10218241361
0.0985884334861
0.127480723813
0.117018853183
0.11283155403
1.0
0.0193014918444
0.0394437855681
0.0783520722348
0.0978119513909
0.123784220384
0.113046704701
0.110189256686
0.0193014918444
0.0639418948021
0.0924362429967
0.118086463303
0.092045395094
0.10987706732
0.101872686081
0.10156197296
0.0991702705711
0.106433351984
0.11078503552
0.117371814812
0.0795267387331
0.0911477744771
0.085100197705
0.0867987315656
0.105716924909
0.100752293682
0.0950044176055
0.0921393551228
0.0533040176812
0.0592126051634
0.0560254040956
0.0566722330124
0.0611965161475
0.0596049714925
0.0572862297099
0.0580193597567
0.0113623525013
0.0122327062556
0.0123520344309
0.0125872954762
0.0151275135997
0.0135956534441
0.0130450874423
0.0129321598145
0.00513908119869
0.00593407370537
0.00640951335195
0.00593407370537
0.00593407370537
0.00593407370537
0.00541705927432
0.00513908119868
1.0
1.0
1.0
1.0
1.0
1.0
1.0
1.0
0.105960808564
0.105186479488
0.110215230519
0.108724313618
0.102308838329
0.0612916255036
0.0507516084851
0.101858584207
0.112958165546
0.115063291122
0.114040910388
0.116823632708
0.111454492918
0.0819302752001
0.0438665604085
0.109629254827
0.113626724743
0.111582750329
0.113815188011
0.116860262826
0.113210940963
0.0925609534819
0.0371518181329
0.106688957665
0.109092486475
0.105567594523
0.105689790356
0.108684788869
0.105594761943
0.107238353253
0.0235440077933
0.106715826218
0.0797086766729
0.079853920803
0.0794720740173
0.0820362050057
0.0727262710892
0.0836777828108
0.00998821200289
0.0781483528261
0.0204807962098
0.0211151841785
0.019148964702
0.0196776302349
0.0127032912264
0.0227847241363
0.00342607926777
0.0209058642826
0.00803465588295
0.0106973796781
0.0108336416269
0.010968210091
0.00541705927433
0.0148338128172
1.0
0.0129321598145
1.0
1.0
1.0
1.0
1.0
1.0
1.0
1.0
1.0
1.0
1.0
1.0
1.0
1.0
1.0
1.0
0.105906663007
0.104502299253
0.108129850148
0.108023808369
0.102112107069
0.0631402392676
0.0534133824598
0.0988797974096
0.105254641657
0.107198253631
0.105145559992
0.110772119628
0.100880588256
0.0634621366247
0.0443305601808
0.0999501594438
0.106446820944
0.106446820944
0.106917114866
0.110474615832
0.101872686081
0.063301395892
0.0369543669864
0.0990832216865
0.10465322033
0.105131916457
0.104364900224
0.109655368061
0.099748575711
0.0605505610609
0.0240368472238
0.0964934286651
0.0892922073375
0.0890493451615
0.0887244608648
0.0943806158765
0.0836086035605
0.055186259166
0.0125872954762
0.0851851046129
0.0587184075866
0.0582199560249
0.0587928057827
0.0638507947974
0.0534679799962
0.0179637166608
0.00383046744911
0.0562591302521
0.0133781482188
0.0124702201105
0.0138097308624
0.0142282187097
0.0122327062556
0.00821522043968
0.00171304717443
0.0121122018173
0.00541705927432
0.00617637067271
0.00663446688946
0.00663446688946
0.00568145136141
1.0
0.00171304717443
0.00484517932889
1.0
1.0
1.0
1.0
1.0
1.0
1.0
1.0
1.0
1.0
1.0
1.0
1.0
1.0
0.153981767453
0.108618880741
0.0784629633765
0.0537401260416
0.0352933948248
0.0186839027245
0.00640951335195
1.0
1.0
1.0
1.0
1.0
1.0
1.0
1.0
1.0
1.0
1.0
0.0135956534442
0.0439996349879
0.142250373454
0.11637085847
0.0416440775885
0.0296578275191
0.0213224456708
1.0
0.00242261099241
1.0
1.0
1.0
1.0
1.0
1.0
1.0
0.0527260881764
0.0596782488756
0.0437330777502
0.0490250159882
0.0584946372975
0.0365161957374
0.0221981877558
0.0185262842252
1.0
1.0
1.0
1.0
1.0
1.0
1.0
1.0
1.0
1.0
1.0
1.0
1.0
1.0
1.0
1.0
1.0
1.0
1.0
1.0
1.0
1.0
1.0
1.0
0.079435609433
0.0786842649997
0.109629254827
0.0797086766729
0.0735005259895
0.098281534014
0.109629254827
0.0698747119434
0.0273984977529
0.0472347188841
0.119048223992
0.101731575567
1.0
1.0
1.0
1.0
1.0
1.0
1.0
1.0
1.0
1.0
1.0
1.0
0.0983839444985
0.0339402987312
1.0
1.0
0.0467997560501
1.0
1.0
1.0
1.0
1.0
1.0
1.0
1.0
1.0
1.0
1.0
1.0
1.0
1.0
1.0
0.0280328022266
1.0
1.0
1.0
1.0
0.0484858971088
0.148583206328
1.0
1.0
1.0
1.0
1.0
0.0794720740173
0.0972216561121
0.0689536513584
0.0757365120831
0.098544651581
0.143225689926
0.123116202549
0.107358557926
0.03631526982
0.125844619124
0.144912875767
0.135636480128
0.109642312261
0.129160537856
0.152898740504
0.154984454691
0.0198260845555
0.0206944235217
0.0207651434128
0.0203371292532
0.0200467016074
0.0251686053506
0.0341552706851
0.0558690365104
0.0201197021946
0.0220657248617
0.0230406050095
0.0173829278723
0.014124760111
0.0161587678959
0.0233565060152
0.042305893326
0.0905283069733
0.141068307765
0.119894939905
0.108803317905
0.106997519227
0.10697072481
0.10697072481
0.10697072481
0.068488384891
0.141088263382
0.124801878015
0.113953185503
0.112043197724
0.111966594908
0.111966594908
0.111966594908
0.0223954102312
0.0186052606196
0.0237917065699
0.0263628924399
0.0250518866103
0.039145989813
0.0467372851065
0.0342836038281
0.0232306622224
0.0166063420577
0.0186052606196
0.0194528213066
0.025630152099
0.03936954912
0.0532218449178
0.023606176701
1.0
1.0
1.0
1.0
1.0
1.0
1.0
1.0
1.0
1.0
1.0
1.0
1.0
1.0
1.0
1.0
0.111864371912
0.111441658633
0.140928532489
0.129991730955
0.0326654448754
0.0387327591198
0.0353348401595
0.0480015485976
0.132899594749
0.0375435880177
0.0817179922627
0.137085798415
0.0165177985112
0.0122327062556
0.0121122018173
0.0173829278723
1.0
1.0
1.0
1.0
1.0
1.0
1.0
1.0
0.0431272539446
0.0620237028689
0.0496759177594
0.090208924923
0.141645780468
0.12603629191
0.133377617728
0.131852112674
0.0124702201105
0.0163392704314
0.00453225690676
0.00873454055337
0.0505209872136
0.095261824554
0.0685732181202
0.0705986246387
1.0
1.0
1.0
1.0
1.0
1.0
1.0
1.0
0.0962095138957
0.0941972292187
0.0936909968311
0.0943958814228
0.0477880879813
0.0868652956968
0.131011965836
0.0816825566599
0.132686545119
0.132237938847
0.129642451213
0.12901778515
0.00484517932888
0.0142282187096
0.0705368719522
0.11136462024
1.0
1.0
1.0
1.0
1.0
1.0
1.0
1.0
0.0277702749013
0.0955034323514
0.0860966045505
0.0159762239813
0.0159762239813
0.0159762239813
0.0159762239813
0.0159762239813
0.0268584347389
0.112412669909
0.0965530897129
1.0
1.0
1.0
1.0
1.0
1.0
1.0
1.0
0.00541705927431
0.120546511178
0.0484256209638
1.0
0.055344580141
0.0834873979667
0.0846401846478
0.0852020755377
0.0821772264707
0.0799988943428
0.0824936189193
0.0528918625918
1.0
1.0
1.0
1.0
1.0
1.0
1.0
1.0
1.0
0.00171304717443
0.00296707603481
1.0
1.0
1.0
1.0
1.0
1.0
0.00342607926776
1.0
0.00342607926776
1.0
0.00453225690676
0.0117432670547
0.011617684053
0.0171279831892
0.0299037352092
0.0297071724816
0.0306295728823
0.13668372807
1.0
1.0
0.0305817216405
0.0306773492046
1.0
1.0
1.0
1.0
1.0
1.0
1.0
1.0
0.0304857929843
0.0402512945821
0.0349600545138
0.100666669279
1.0
1.0
0.0349600545138
0.0311980420737
1.0
1.0
1.0
1.0
1.0
1.0
1.0
1.0
1.0
1.0
1.0
1.0
1.0
1.0
1.0
1.0
1.0
1.0
1.0
1.0
1.0
1.0
1.0
1.0
1.0
1.0
1.0
1.0
1.0
1.0
1.0
1.0
1.0
1.0
1.0
1.0
1.0
1.0
1.0
1.0
1.0
1.0
0.00541705927436
0.00706290862442
0.0673972227612
0.0703099719811
0.0160677554412
1.0
1.0
1.0
1.0
1.0
1.0
1.0
1.0
1.0
1.0
1.0
1.0
1.0
1.0
1.0
1.0
0.00171304717443
1.0
1.0
1.0
1.0
1.0
1.0
1.0
1.0
1.0
1.0
1.0
1.0
0.0256872608362
1.0
1.0
1.0
1.0
1.0
1.0
1.0
1.0
1.0
1.0
1.0
1.0
1.0
1.0
1.0
1.0
0.00342607926776
0.0157915678954
0.0054170592743
0.0181262343365
0.0392951715481
1.0
1.0
1.0
1.0
1.0
1.0
1.0
0.0464551170914
1.0
1.0
0.0509238819372
0.0586190610522
0.0586190610522
0.0586190610522
1.0
1.0
0.052615278458
0.126148895349
0.0261396275896
0.0291597693541
1.0
1.0
0.00171304717443
1.0
1.0
1.0
0.0029670760348
0.00383046744911
0.0051390811987
0.00839189974702
0.0275052341373
1.0
1.0
1.0
0.0128182366703
0.081877257484
0.0145341729271
1.0
0.00171304717443
0.00419606069847
0.00706290862442
0.00453225690676
0.011990485652
0.0054170592743
0.0509811757058
0.0508090985484
0.00171304717443
0.00171304717443
0.00242261099241
0.00342607926777
0.0051390811987
0.00784993797549
0.0024226109924
1.0
1.0
0.00906423450165
1.0
1.0
0.0266942790129
0.0351271220388
1.0
1.0
0.0024226109924
0.0024226109924
0.0024226109924
1.0
0.0255155501533
0.0294596182269
0.0024226109924
0.0024226109924
0.0310569040339
0.0727661812542
0.0297071724817
0.021045642612
0.0024226109924
0.0024226109924
0.119514108977
0.0024226109924
0.093444527508
0.0648905954398
0.00242261099241
0.00171304717443
0.00617637067271
0.0932746883502
0.00726766235231
1.0
0.00171304717443
0.107784814224
0.142822650666
0.131991578644
0.11158275033
0.11158275033
0.11158275033
0.131991578644
1.0
0.0221320556042
0.158776391661
0.0303413292027
0.0514939209939
0.00922466235032
1.0
0.0217983796429
0.0615997013033
0.0707014234867
0.143048898156
0.0453409610621
0.0335934690408
0.0335934690408
0.131798429679
0.109262981162
