0.0
0.0
0.0
0.0
0.0
0.0
0.0
0.0
0.0
0.0
0.0
0.0
0.0
0.0
0.0
0.0
0.0
0.0
0.0
0.0
0.0
0.0
0.0
0.0
0.0
0.0
0.0
0.000856225404351
0.00887825132771
0.0173632983062
0.0211084546494
0.0209079637771
-3.33066907388e-16
-1.11022302463e-16
9.71445146547e-17
3.370406805e-05
0.00323072365274
-0.0048611088385
-0.0331542790805
-0.00624386743202
6.93889390391e-18
-2.60208521397e-18
0.000509231338701
0.00167105173544
0.0215388133275
0.0213499777742
-0.0376820474443
-0.0199198259217
0.000568713335137
0.00118596792724
0.00177059833233
0.009475909712
0.0102628214661
-0.0157409700768
-0.00878379404234
-0.0356952115205
0.00694329173973
0.0110364217062
0.0116081178864
0.0685897702718
0.0795577211808
-0.0342709508999
0.101962020209
-0.0374617942025
0.0192488491976
0.0620138781618
0.0245118246233
0.0925918696234
0.180485817686
0.0671642871291
0.0428268445229
0.0667772376113
0.0147895728545
0.0099046785676
0.00702913426367
0.024152229053
0.0248136948097
0.196813016301
0.0469366733325
0.196813016301
0.0
0.0
0.0
0.0
0.0
0.00976875534598
0.00976875534598
0.00976875534598
0.0
0.0
0.0
0.0
0.0
0.0
0.0
0.0
0.0
0.0
0.0
0.0
0.0
-0.000695835844542
0.000577156169069
0.000890344280644
0.0
0.0
0.0
0.0
0.00220843516879
0.000655872825835
-0.00286592457518
-0.000172047723622
0.0
0.0
-6.53504606491e-05
-0.000219052462217
0.01172821401
0.00574177467279
0.000895214263682
-0.00105669240376
0.00112918998911
0.00103483328136
0.00239391472782
0.00235252877249
0.005595768768
-0.00198141424199
0.011562265827
-0.0025565658681
0.007553675008
0.00142903117922
0.00174595412456
-0.00304409079972
-0.00136455244418
-0.00271139573833
0.00688785164518
-0.000832453228582
0.0131333129204
0.00212964347496
0.00681618364404
0.00219797050177
0.000414484872998
-0.000186765836411
-0.00132929780515
0.0013383010379
-0.00410426650989
-0.0141168833303
-0.00437357902546
0.00182188478622
-0.0189599598165
0.00305595075849
-0.00199848321265
0.00305595075849
0.0
0.0
0.0
0.0
0.0
-0.00791617494095
-0.00791617494095
-0.00791617494095
0.0
0.0
0.0
0.0
0.0
0.0
0.0
0.0
-0.0191898308816
-0.0208924762735
-0.0176972237381
-0.0234005659147
0.000123767858283
-0.000104573250901
0.0124241715142
-0.0124658065246
-0.0198363987722
-0.0197413334692
-0.0213367335593
-0.0210061872896
0.0004876059619
0.00163556557356
0.0179281497106
-0.0095317185192
-0.0149350401752
-0.0154866482089
-0.0170787717628
-0.016798632594
0.000766516913276
0.00715072426086
0.021410391348
-0.00375217443773
0.00506613789619
0.00448319092522
0.00315611706817
0.00235515191866
0.00816207996916
0.0177591587898
0.0107333193362
0.00566115841991
0.0613162327539
0.063356221574
0.0577215182069
0.0594595134579
0.0570624643716
0.0556542982238
0.0598808272784
0.0622057501303
0.115090954353
0.115125806935
0.110343830393
0.115476329541
0.079797551797
0.0861161946678
0.105115781161
0.105850371396
0.0162384951737
0.0199706394509
0.0164207916298
0.0196983864443
0.0204988418398
0.0206571502199
0.021011478608
0.0191123981846
0.0
0.0
0.0
0.0
0.0
0.0
0.0
0.0
0.0
0.0
0.0
0.0
0.0
0.0
0.0
0.0
-0.00326254954318
-0.00269547266365
-0.00321276134534
-0.0022291934378
0.0
0.000821662754058
0.0011340343467
-0.000108347690978
-0.00239883850797
-0.00223949322895
-0.00331686625467
-0.00310431860996
0.0
0.00284360983865
0.00426968496325
0.000810646550024
-0.00210699858259
-0.00246741101478
-0.00303646365745
-0.00243753287091
0.0047632447713
0.00672453168776
0.00318339284552
0.00103659039099
-0.00259232095503
-0.00184204139314
-0.00348661322224
-0.00229768597162
0.00619652850556
0.00615170610096
0.000560513789487
-0.00126568976098
-0.0022412881531
-0.00338245997694
-0.00135437806054
-0.00284807235027
0.00254442566942
-0.000952213510672
-0.00215055136587
-0.0011701953124
-0.00428810904084
-0.00520878645586
-0.0055018067961
-0.00480860462611
-0.00277024456726
-0.00351866129328
-0.0053411685532
-0.00469146653227
-0.0055652581235
-0.00694880889336
-0.00710245651344
-0.00759448384831
-0.00444738164138
-0.00607725799245
-0.00574754022223
-0.005557929035
-0.00949025682621
-0.00907863155137
-0.0107753985673
-0.0116168895742
-0.0106893679871
-0.0107688673551
-0.00964638170906
-0.0111665777784
0.0
0.0
0.0
0.0
0.0
0.0
0.0
0.0
-0.0244609218513
-0.0229939140808
-0.0228221651103
-0.0246408207907
-0.0264468296841
-0.0125748294148
-0.000449849766888
-0.0261325757379
-0.0252323429383
-0.0213637466713
-0.0225605845926
-0.023452933606
-0.0258662787463
-0.0126144318835
-0.000456728822272
-0.025816359179
-0.021534835297
-0.0170236436836
-0.0190863874065
-0.0190984585465
-0.022244372119
-0.0112941943277
-0.000282899234492
-0.0234493086071
0.00122840791885
0.00439322943226
0.00191153074123
0.00298536056831
-0.00118780987158
0.00711087628953
0.00026071165504
-0.0020917798018
0.0626825627385
0.0648138650733
0.0619319624873
0.0644277886696
0.0466599734958
0.0679513009346
0.00086650273979
0.0586556772552
0.117481833185
0.125486732819
0.110948802075
0.120992789217
0.0757671290232
0.10178592187
0.00181868975709
0.107727480323
0.012413669925
0.0190350526863
0.0198852452775
0.0190117632264
0.0106512205244
0.0248136948097
0.0
0.0230109581887
0.0
0.0
0.0
0.0
0.0
0.0
0.0
0.0
0.0
0.0
0.0
0.0
0.0
0.0
0.0
0.0
-0.00114222261191
-0.00215499528942
-0.0021641427535
-0.00123525899584
-0.000465254964177
-0.00243116965428
0.000688990859623
-0.00573362941366
-0.00154780003162
-0.00201645013777
-0.000609287788018
-0.0016627631796
-0.00130243168701
-0.000919413316807
0.000392520639628
-0.00394481596737
-0.00254599466386
-0.00111751929609
-0.00251251857814
-0.00214247939105
-0.00247057518565
0.00717414213173
-0.000149786917488
-0.00247076640996
-0.00136940517892
-0.00314650423143
-0.00154040205738
-0.00269437651302
0.000259360007603
0.000517035121499
-0.000117435902179
-0.00462369808479
-0.00242088859753
-0.0028748116309
-0.00253145885826
-0.00211943760187
-0.0029445618932
-0.00156884003149
0.000561540602826
-0.0037487329367
-0.00510434331466
-0.00522382543315
-0.00580767472236
-0.00617268677378
-0.0039417994226
-0.00246044345869
-9.42523031159e-05
-0.00552353340623
-0.00741713090053
-0.00704293773895
-0.00732477943306
-0.006590818011
-0.00745008544347
-0.00289462199385
-0.000323409950224
-0.00524217667436
-0.010812751384
-0.0114114807461
-0.0112135796798
-0.0108078557314
-0.00879125314124
-0.00782775329826
-0.00305753429618
-0.0093846700204
0.0
0.0
0.0
0.0
0.0
0.0
0.0
0.0
0.0
0.0
0.0
0.0
0.0
0.0
-5.33759694408e-05
-4.78955617266e-05
-4.83365834005e-05
5.77142572206e-06
-6.00601944227e-05
-7.24878640918e-06
-4.52076860428e-06
-2.06864353951e-06
0.0
0.0
0.0
0.0
0.0
0.0
0.0
0.0
0.0
0.0
-1.08511827761e-05
-1.90166638136e-05
-7.91702550722e-05
-3.89090575874e-05
0.000165837041026
8.1558385261e-05
0.0
0.0
-0.000180850050365
-2.31271484645e-06
0.0
0.0
0.0
0.0
0.0
0.0
0.000827349325279
0.00079327483642
-0.000190045732836
5.96995471848e-05
0.000675766417219
-0.000350106629898
-0.000137022507239
-0.0001652812582
0.0
0.0
0.0
0.0
0.0
0.0
0.0
0.0
0.0
0.0
0.0
0.0
0.0
0.0
0.0
0.0
0.0
0.0
0.0
0.0
0.0
0.0
0.0
0.0
-0.000111085952402
0.000528438108335
0.000197915597892
0.000322530613042
-0.000281609557023
0.000129035814469
0.000197915597892
0.000360804456867
-0.000129272788838
-7.15239818405e-05
0.000281959443469
0.000194462281737
0.0
0.0
0.0
0.0
0.0
0.0
0.0
0.0
0.0
0.0
0.0
0.0
0.000248211912155
-5.04535442185e-05
0.0
0.0
-3.88133193425e-05
0.0
0.0
0.0
0.0
0.0
0.0
0.0
0.0
0.0
0.0
0.0
0.0
0.0
0.0
0.0
-2.27160175026e-05
0.0
0.0
0.0
0.0
-0.000245595300947
-7.6420585822e-05
0.0
0.0
0.0
0.0
0.0
0.00045317986113
0.000425210570704
0.000394184823826
0.000348364256954
0.000106021877089
0.00019482299857
0.00031218904159
0.000389266006395
-0.000230671854982
-5.52572141641e-05
-7.95373227443e-05
-0.000490790960772
-6.2498662401e-05
0.000680511294398
0.000849720314557
0.000873405144954
-3.38046014526e-05
-2.69044598081e-05
-2.59114169482e-05
-2.56023854369e-05
-2.03185074569e-05
-2.32652415497e-05
-2.37475513159e-05
-4.46306650105e-05
-2.17946320683e-05
-2.19904097973e-05
-1.96816393204e-05
-2.82717801645e-05
-2.48446009687e-05
-2.80797729596e-05
-5.14980648863e-05
-4.52189482714e-05
-9.66031249184e-05
-9.83266546434e-05
-8.64604056936e-05
-8.98164366613e-05
-8.6053238518e-05
-8.61109648318e-05
-8.61109648318e-05
-8.61109648318e-05
-5.10355203592e-05
-8.00256715555e-05
-7.83045337905e-05
-7.89074022154e-05
-7.38489185506e-05
-7.39911914294e-05
-7.39911914294e-05
-7.39911914294e-05
-2.7820425642e-05
-2.20255074632e-05
-2.9756264461e-05
-2.7867561425e-05
-2.68426579437e-05
-2.93026008071e-05
-4.13485869965e-05
-3.00808089264e-05
-6.43331504482e-05
-2.76789057264e-05
-2.35029701424e-05
-2.51596758483e-05
-2.62105340241e-05
-2.37169060761e-05
-5.46676610609e-05
-4.17525623255e-05
0.0
0.0
0.0
0.0
0.0
0.0
0.0
0.0
0.0
0.0
0.0
0.0
0.0
0.0
0.0
0.0
0.00011548798135
2.42636065914e-05
6.04138870582e-05
6.04389393961e-05
-2.3701207506e-06
-9.74539313382e-07
-6.5242245816e-06
5.41536066363e-05
-0.000111315395795
-6.38786565684e-06
-0.000235486634087
-9.56520137634e-05
2.10272463726e-06
-8.88238113095e-06
-7.0274161126e-06
-3.69362974025e-05
0.0
0.0
0.0
0.0
0.0
0.0
0.0
0.0
-1.21187517268e-05
-2.27327903707e-05
-4.0634317437e-05
-2.33979318139e-05
-3.37353948766e-05
-0.000398417403149
-0.000378089677726
-0.000463013706854
-6.36024777718e-06
-9.06261809789e-06
-6.13871084945e-06
-7.44867817922e-06
-8.14400252897e-06
-0.000407191904733
-0.000329420106347
-0.000371571083946
0.0
0.0
0.0
0.0
0.0
0.0
0.0
0.0
-1.97992108576e-05
-3.10753224828e-05
-3.26691935408e-05
-2.87441858439e-05
-2.20324614124e-07
-2.88083717287e-05
-3.02736499568e-05
-1.41028949929e-05
-8.97244140853e-05
-8.29480719931e-05
-8.91050233843e-05
-0.000100458041845
-4.10192400435e-06
-1.6001229659e-05
-4.66702305937e-05
-0.000111078376753
0.0
0.0
0.0
0.0
0.0
0.0
0.0
0.0
0.0218244505572
-0.0217047850925
0.0646492393941
-0.00264306819815
-0.00264306819815
-0.00264306819815
-0.00264306819815
-0.00264306819815
0.00141818961956
-0.00335429804319
0.00154558928345
0.0
0.0
0.0
0.0
0.0
0.0
0.0
0.0
1.95313320922e-05
0.000685841028919
0.000247637176513
0.0
-0.00024805437647
0.000473707735064
0.000509573512427
0.000531395572837
0.000463948468735
0.000509579796373
0.000485464500436
0.000271962592811
0.0
0.0
0.0
0.0
0.0
0.0
0.0
0.0
0.0
-1.11999534547e-05
-0.000339386355811
0.0
0.0
0.0
0.0
0.0
0.0
-4.38707758251e-06
0.0
-2.44211627326e-06
0.0
-4.11238395534e-06
-7.02788104352e-06
-0.000110520762526
-1.75867350813e-05
0.00274615071699
0.0209462727098
0.0213321397219
0.034798166393
0.0
0.0
0.00156182085521
0.00267423810033
0.0
0.0
0.0
0.0
0.0
0.0
0.0
0.0
0.00661208491459
0.00227894817008
0.00656088918427
5.74395581282e-05
0.0
0.0
0.00656088918427
0.00292423983082
0.0
0.0
0.0
0.0
0.0
0.0
0.0
0.0
0.0
0.0
0.0
0.0
0.0
0.0
0.0
0.0
0.0
0.0
0.0
0.0
0.0
0.0
0.0
0.0
0.0
0.0
0.0
0.0
0.0
0.0
0.0
0.0
0.0
0.0
0.0
0.0
0.0
0.0
0.0
0.0
0.0
0.0
5.01465835982e-05
9.124822935e-07
0.00372740852808
0.00317272758554
0.00331994853882
0.0
0.0
0.0
0.0
0.0
0.0
0.0
0.0
0.0
0.0
0.0
0.0
0.0
0.0
0.0
0.0
-3.21485085486e-06
0.0
0.0
0.0
0.0
0.0
0.0
0.0
0.0
0.0
0.0
0.0
0.0
0.000176506599224
0.0
0.0
0.0
0.0
0.0
0.0
0.0
0.0
0.0
0.0
0.0
0.0
0.0
0.0
0.0
0.0
-2.53181317009e-06
-4.16907519344e-08
-1.351196306e-05
-0.000218736296841
0.00282010694342
0.0
0.0
0.0
0.0
0.0
0.0
0.0
-5.12417417424e-05
0.0
0.0
0.00634641226273
0.00161452080511
0.00161452080511
0.00161452080511
0.0
0.0
-0.000142787355133
-0.000135769240089
-0.000393696157181
2.75260256871e-05
0.0
0.0
0.0
0.0
0.0
0.0
-1.26210718252e-06
-8.97383115549e-06
-7.45714292587e-07
-8.90917433499e-05
-2.79712335696e-05
0.0
0.0
0.0
-0.000204132428271
-0.000813524079083
-0.000273909187158
0.0
-5.74271950828e-05
-1.39425413137e-05
6.26443230115e-06
-6.87191023267e-06
-4.15964148401e-05
-1.96237085222e-06
-0.00022079356638
-0.000148834592731
0.0
0.0
-1.36858844155e-05
-8.34480534256e-06
3.57024972812e-05
4.30658869714e-07
0.0
0.0
0.0
2.19495731439e-05
0.0
0.0
-0.000180970044875
-0.000144260492207
0.0
0.0
-1.09429692749e-05
-1.09429692749e-05
-1.09429692749e-05
0.0
0.00459301677121
0.00306789295518
-1.09429692749e-05
-1.09429692749e-05
-5.59688676623e-05
-0.000100502192965
-0.000171140606837
-0.000112520509113
-1.09429692749e-05
-1.09429692749e-05
0.000474226356382
-1.09429692749e-05
0.000591842561717
0.000329268852899
3.41328737588e-05
0.0
-0.000203255259775
0.000475358726819
-0.000147106288718
0.0
0.0
0.000602803650641
-0.00173451761231
0.000642923444021
-0.000233610490194
-0.000233610490194
-0.000233610490194
0.000642923444021
0.0
0.000310315386529
0.000804374513417
-0.00124642422216
-0.000548820889321
2.63737089635e-06
0.0
-5.92792230879e-05
-0.000684452238406
-0.000689883756001
0.000702583172713
-1.23216860876e-05
-0.000162800508898
-0.000162800508898
0.000675256697293
0.000407205394163
0.0
0.0
0.0
0.0
0.0
0.0
0.0
0.0
0.0
0.0
0.0
0.0
0.0
0.0
0.0
0.0
0.0
0.0
0.0
0.0
0.0
0.0
0.0
0.0
0.0
0.0
0.0
7.41314020514e-05
-0.00151896246177
0.00626134935203
0.0185604970506
0.0155174707422
0.0
0.0
0.0
8.48314937909e-05
0.00348617237413
-0.00689188584127
-0.00120249076124
-0.00314702522737
0.0
0.0
-6.36911393076e-05
0.0010089025792
0.00328153174637
-0.00308438152524
7.14276777465e-05
-0.00601759334054
-0.00380444491088
-0.00681955536972
-0.000890058095289
-0.00337974565193
-0.00188318093587
0.0111986658709
0.00208708363107
0.00608517746025
-0.00735029552336
-0.0156250706091
0.00114297342881
0.0306486642482
-0.011366846436
0.0984282498107
0.00933397847828
0.0662213471009
0.0408522652401
0.0409526896093
0.0270450917414
0.0837599154621
0.0555892389089
0.122280913031
0.00949349297881
0.109368816522
0.108013888443
0.152242559974
0.0346040260788
0.00857734904845
0.196704478168
0.0248136948097
0.0
0.0248136948097
0.0
0.0
0.0
0.0
0.0
0.0
0.0
0.0
0.0
0.0
0.0
0.0
0.0
0.0
0.0
0.0
0.0
0.0
0.0
0.0
0.0
0.00107606940291
0.00242131866118
0.00242131866118
0.0
0.0
0.0
0.0
-0.000144703867872
-0.003172305868
-0.00278542236002
-0.000405565327422
0.0
0.0
0.000156421811501
0.00126378740001
0.00599472011134
0.00819174217567
0.0012614018074
-0.00127050545937
9.10226691411e-05
0.00125715084531
0.00599416708746
0.00854397638378
0.00439770768659
0.00767021155516
-0.00384303436907
0.00154558928345
0.0031284174936
0.00201509510442
0.00361439405288
0.00591430274373
-0.00126218348095
-0.00281478727553
-0.00943746871627
-0.00474663202514
0.010138739925
0.0102110235736
0.0110039380369
0.00784981335879
-0.00381903297348
-0.00433411206521
-0.00952370092756
-0.00443714842527
0.00315965848725
0.00331828439271
0.00174197173011
0.00510563238993
0.00499272077814
-0.0189599598165
0.0
-0.0189599598165
0.0
0.0
0.0
0.0
0.0
0.0
0.0
0.0
0.0
0.0
0.0
0.0
0.0
0.0
0.0
0.0
-0.0213721548178
-0.0201456071194
-0.0211978260179
-0.0195532411343
3.74759873985e-05
0.00043763620195
0.00548839874546
-0.0127983221572
-0.0191887964352
-0.0200726979592
-0.020316673418
-0.0220247217939
0.000312071419405
0.000660871613878
0.0111313511192
-0.0135468904766
-0.0217561609994
-0.0241121734222
-0.0206575382639
-0.0244529200479
0.00136601855978
0.0116198418751
0.0132941488512
-0.0127043348637
-0.0279855072523
-0.027570524581
-0.0252194058685
-0.0282033142766
-0.0038618135518
-0.00360351923942
-0.0134006515552
-0.0224843375185
-0.0170961608617
-0.0169239262943
-0.0154112642634
-0.0174199342823
-0.00530136472929
-0.0110914261934
-0.0122064031565
-0.0169342052711
0.087168690736
0.0813109024156
0.0882471678255
0.0836578753006
0.059051486801
0.078872639054
0.0764614818216
0.0757152362122
0.125485970314
0.148268826287
0.127583061017
0.14118448261
0.138945470608
0.106289264744
0.133160416124
0.135851205268
0.0
0.0
0.0
0.0
0.0
0.0
0.0
0.0
0.0
0.0
0.0
0.0
0.0
0.0
0.0
0.0
-0.000853472718519
-0.0018929807587
-0.0023800943929
-0.00300162203061
0.0
2.71621272023e-05
0.00369565239914
0.000294657182145
-0.00346346134417
-0.00273372578395
-0.00247186382949
-0.00239212415341
0.0
0.00297984952333
0.0069064687281
0.000861917366707
-0.00239630512986
-0.0012635979429
-0.00265498048719
-0.00250930128598
0.00193952160585
0.00599481801018
0.00379111738527
-0.000120370100865
-0.0013118244578
-0.00207499494099
-0.00215939412071
-0.00322819960325
0.00589888250483
0.00456276277821
0.00122624631151
6.46369644229e-05
-0.00231037053305
-0.00251276519838
-0.0031447226898
-0.00267779610986
0.00209782870625
0.000401290233372
-0.00217584570218
-0.00218039690368
-0.00493262515848
-0.0060581076521
-0.00475474070128
-0.00520717171687
-0.00254415480598
-0.00398845126469
-0.00441340212099
-0.00449335525435
-0.0056811461688
-0.00643114125733
-0.00722813177368
-0.00467935504551
-0.00553564659173
-0.00595243975679
-0.00547415254639
-0.0077569152058
-0.00843608329606
-0.00931356353094
-0.0100461863374
-0.00927115204155
-0.0097894158022
-0.00981664496201
-0.00859366963266
-0.00768891581433
0.0
0.0
0.0
0.0
0.0
0.0
0.0
0.0
-0.0270431286167
-0.0220819751602
-0.0252842439528
-0.0247332738089
-0.0280880526853
-0.0165701325608
-0.005197624168
-0.0289095396547
-0.0250605575067
-0.0226963234522
-0.0232385160874
-0.0253628152626
-0.0267026107734
-0.015794277607
-0.00278798763313
-0.0272647259916
-0.0285003141837
-0.0231228339757
-0.0253552337525
-0.0254983470998
-0.0298357587348
-0.0231239374059
6.75721031661e-05
-0.0283688361118
-0.0316747408608
-0.0267083087394
-0.0258235730403
-0.0269249816609
-0.0304819470649
-0.0374545047626
0.0043105833215
-0.0310309812729
-0.0213323586285
-0.0145697127312
-0.0160984896964
-0.0155203059634
-0.016431174636
-0.0376946640947
0.0010472145754
-0.0209906204942
0.0890572235128
0.0921497230025
0.0834820444019
0.09331451215
0.0620443674703
0.0623304515207
0.00781172013653
0.0752041681418
0.111055290483
0.146716171235
0.149009032899
0.150180363366
0.0743134049721
0.196704478168
0.0
0.17275298576
0.0
0.0
0.0
0.0
0.0
0.0
0.0
0.0
0.0
0.0
0.0
0.0
0.0
0.0
0.0
0.0
-0.00226066139521
-0.00235709614043
-0.00207252797398
-0.00237876262636
-0.00219193516747
0.00960492779916
-0.00215632151842
-0.0024260007651
-0.00239557553373
-0.00201301520641
-0.00336948245671
-0.00167752098951
-0.00193868486897
-0.000800691073281
-0.00163604185599
-0.00383388614373
-0.000609970044875
-0.00264871895204
-0.000808408860719
-0.00207222123995
-0.000285628456402
-0.00114663302627
-0.00082266205553
-0.00473648766111
-0.00201495114763
-0.00120185195963
-0.0016376316185
-0.00138720566215
-0.00133041315328
0.00628530569023
-0.00112401422701
-0.00294905278974
-0.00388462639517
-0.00351924586024
-0.00442512452343
-0.00444924655566
-0.00290203042322
-0.000387732735178
-0.000959690548429
-0.00347441493168
-0.00580241978485
-0.00552325631855
-0.00592102699721
-0.00523756129352
-0.00467159634589
0.00496512473407
-0.00164174323007
-0.00461105968911
-0.00661390255326
-0.00694473326354
-0.00917719209303
-0.00666751174867
-0.00698418065127
-0.00198627792818
-0.00305753429618
-0.00641408276943
-0.00859166122879
-0.00909989283856
-0.0104746967824
-0.0101764997935
-0.00981269054069
0.0
-0.00285981865287
-0.00768137475197
0.0
0.0
0.0
0.0
0.0
0.0
0.0
0.0
0.0
0.0
0.0
0.0
0.0
0.0
-7.37825197344e-05
-5.58770133444e-05
-3.07899049631e-05
-5.111234705e-05
-8.77565845601e-06
-4.95625815632e-06
-2.06864353951e-06
0.0
0.0
0.0
0.0
0.0
0.0
0.0
0.0
0.0
0.0
0.0
-6.71246778195e-06
-3.31471941093e-05
-4.48267590369e-05
-1.42033994204e-05
0.000183690890849
0.000145550567017
8.1558385261e-05
0.0
-2.31271484645e-06
0.0
0.0
0.0
0.0
0.0
0.0
0.0
-8.58839545908e-05
-1.5185664247e-05
4.1709002835e-05
0.000914679103555
-0.000438066737061
-0.000209325920443
-0.0001652812582
-0.000179600611867
0.0
0.0
0.0
0.0
0.0
0.0
0.0
0.0
0.0
0.0
0.0
0.0
0.0
0.0
0.0
0.0
0.0
0.0
0.0
0.0
0.0
0.0
0.0
0.0
-0.00467263287548
-0.00299729805144
-0.00442872588734
-0.00286750505568
-0.00545789945373
-0.00746933907581
-0.00442872588734
-0.00515544642879
-0.00023365424106
-1.52436517265e-05
8.57362380786e-06
1.51370370296e-05
0.0
0.0
0.0
0.0
0.0
0.0
0.0
0.0
0.0
0.0
0.0
0.0
4.81818921875e-07
-1.48453769822e-05
0.0
0.0
-3.49325371311e-05
0.0
0.0
0.0
0.0
0.0
0.0
0.0
0.0
0.0
0.0
0.0
0.0
0.0
0.0
0.0
-1.294926036e-05
0.0
0.0
0.0
0.0
0.000335238094918
0.000895336396849
0.0
0.0
0.0
0.0
0.0
0.000441746739513
0.000456081893531
0.000266029767029
0.000467937085059
0.000108662039876
0.0002473226028
0.000329842346877
0.000370173172326
2.59074352685e-05
0.000350826504468
0.00053878850316
0.000606747170016
0.000583783913902
-8.58634754808e-05
-0.0004383483052
-0.000421940722925
-1.01784021687e-06
1.14348430623e-05
4.6783291422e-06
8.55181581873e-08
-1.09540303052e-05
-5.74973591639e-06
1.53887141244e-05
-1.12431649982e-05
-5.41661975156e-06
-9.1284935504e-07
4.25936206568e-06
-2.23581800523e-06
-1.36985592215e-05
-5.6231917815e-06
7.45115902567e-06
-2.3446216027e-05
4.51628816835e-05
0.000359037228516
0.000425822968602
0.000481205835597
0.000508241022697
0.000508363555793
0.000508363555793
0.000508363555793
-6.80781965478e-06
0.000360206463769
0.000475255794495
0.000585391662505
0.000598352223471
0.000598754961453
0.000598754961453
0.000598754961453
-6.75810631139e-06
-1.54185056896e-05
-2.9426977658e-06
-4.55371251203e-07
-9.8942355448e-06
-4.6435550602e-05
1.67886435119e-05
1.2892192165e-05
2.49308404489e-06
-6.39117251307e-06
-5.89556242555e-06
-2.49786010087e-07
-3.59146663701e-05
-1.68562394047e-05
-7.17409559264e-05
-3.97887841579e-05
0.0
0.0
0.0
0.0
0.0
0.0
0.0
0.0
0.0
0.0
0.0
0.0
0.0
0.0
0.0
0.0
7.69574288389e-05
-1.8533256929e-05
0.000206687120639
-1.15057186121e-06
4.78820269804e-06
8.04263174229e-05
5.51389271461e-06
1.32985488594e-06
9.41275527322e-05
-2.51169394484e-05
-3.60752471157e-05
-0.000325185797595
-1.33426053832e-05
-1.10613649521e-05
-3.91359336341e-05
-8.74296405015e-06
0.0
0.0
0.0
0.0
0.0
0.0
0.0
0.0
-7.48769850795e-05
-9.43409893135e-05
-4.48919829423e-05
-0.000234302428308
-0.000196472508806
-1.35646999439e-06
-2.90563235433e-05
-2.11499845833e-05
-6.97230226636e-06
-3.73633333796e-05
-7.35062583859e-06
-5.40629316338e-05
-0.000134664180508
-2.75082410176e-05
-3.35388397493e-05
-3.27966990371e-05
0.0
0.0
0.0
0.0
0.0
0.0
0.0
0.0
9.77809059655e-05
0.000455652769378
3.57074558027e-05
0.000493500840041
-2.17877359595e-05
-2.52087957748e-05
0.000318502671846
-7.68226951509e-06
-4.41413743221e-06
7.87119101487e-05
-5.60252201392e-06
3.91622509867e-05
-4.72345869876e-06
2.84583548603e-06
-5.76578381739e-05
3.35262438098e-05
0.0
0.0
0.0
0.0
0.0
0.0
0.0
0.0
0.00959278585944
0.0510378797408
-0.041160906552
-0.00148520571398
-0.00148520571398
-0.00148520571398
-0.00148520571398
-0.00148520571398
0.00229894951957
0.0019512325617
-0.00272968420994
0.0
0.0
0.0
0.0
0.0
0.0
0.0
0.0
-4.37654298762e-07
-1.84017953519e-05
1.13164768259e-06
0.0
0.000247637176513
0.000478257956027
0.000448422416799
0.000490924615611
0.000509530457225
0.000460296028748
0.00049359856298
0.000298820292405
0.0
0.0
0.0
0.0
0.0
0.0
0.0
0.0
0.0
-3.98044658764e-06
-3.77715846077e-06
0.0
0.0
0.0
0.0
0.0
0.0
-3.84288336521e-06
0.0
-3.39228255117e-05
0.0
-5.01867539125e-06
7.57019885445e-05
0.000185521293845
0.000156577199416
0.00162956943223
0.00162605221849
0.00272473859061
0.00149604818706
0.0
0.0
0.0135855430911
0.0213321397219
0.0
0.0
0.0
0.0
0.0
0.0
0.0
0.0
0.0126005894673
0.0143358603656
0.0211464581581
0.00199499871817
0.0
0.0
0.0211464581581
0.00623989330759
0.0
0.0
0.0
0.0
0.0
0.0
0.0
0.0
0.0
0.0
0.0
0.0
0.0
0.0
0.0
0.0
0.0
0.0
0.0
0.0
0.0
0.0
0.0
0.0
0.0
0.0
0.0
0.0
0.0
0.0
0.0
0.0
0.0
0.0
0.0
0.0
0.0
0.0
0.0
0.0
0.0
0.0
-3.28367174062e-05
5.77384369885e-06
-5.77112070365e-05
5.38226321788e-05
5.5321036438e-05
0.0
0.0
0.0
0.0
0.0
0.0
0.0
0.0
0.0
0.0
0.0
0.0
0.0
0.0
0.0
0.0
-1.54678647103e-07
0.0
0.0
0.0
0.0
0.0
0.0
0.0
0.0
0.0
0.0
0.0
0.0
-0.000135771297294
0.0
0.0
0.0
0.0
0.0
0.0
0.0
0.0
0.0
0.0
0.0
0.0
0.0
0.0
0.0
0.0
4.30929787447e-07
-5.59621435567e-05
-0.000146258044062
-0.000262689110359
0.00248450943948
0.0
0.0
0.0
0.0
0.0
0.0
0.0
-0.000302966862485
0.0
0.0
4.89315625269e-06
8.78543258424e-07
8.78543258424e-07
8.78543258424e-07
0.0
0.0
-9.87195284319e-08
-0.000210920280479
-0.00019380916751
-1.48431328335e-05
0.0
0.0
-8.43820052456e-06
0.0
0.0
0.0
-7.57738624179e-06
-3.49047652218e-06
-1.7553502708e-05
-6.32558879593e-05
3.05892654776e-05
0.0
0.0
0.0
-3.63511135364e-07
-3.56064179517e-06
0.000488291927309
0.0
-1.5742286638e-06
-2.5322377006e-05
0.000216384953357
-2.86629977293e-06
0.000160313195285
2.36668287112e-05
-9.28175025477e-06
-0.000267342248457
-3.99898401241e-07
-3.99898401241e-07
2.36968950054e-06
-4.53837277829e-06
1.3962029182e-05
-5.90642210565e-07
-7.88852371617e-06
0.0
0.0
4.4081401663e-05
0.0
0.0
-0.000111151667762
0.000115128041806
0.0
0.0
-5.12549831029e-06
-5.12549831029e-06
-5.12549831029e-06
0.0
-6.83467297844e-06
4.95233113247e-05
-5.12549831029e-06
-5.12549831029e-06
-0.000353693296109
-0.00060612645564
-5.98834463111e-05
-6.26612284857e-05
-5.12549831029e-06
-5.12549831029e-06
0.000205679260332
-5.12549831029e-06
0.00159634110325
-0.00117314429526
-3.28015308146e-06
-1.11999534547e-05
-1.33477789866e-05
0.00118012288984
-1.09909559029e-05
0.0
-1.11999534547e-05
-0.00194501344779
0.000257036975368
0.000882758996798
0.000383775209264
0.000383775209264
0.000383775209264
0.000882758996798
0.0
-0.000129884843506
0.000573033612076
-0.000910875655507
-0.00016190209241
-2.09737633283e-05
0.0
0.000206376192105
0.000188457250392
-6.78550005214e-05
0.000305106588037
-0.000145255991715
-1.23216860876e-05
-1.23216860876e-05
0.0008832697508
0.000607506337114
