0.0
0.0
0.0
0.0
0.0
0.0
0.0
0.0
0.0
0.0
0.0
0.0
0.0
0.0
0.0
0.0
0.0
0.0
0.0
0.0
0.0
0.0
0.0
0.0
0.0
0.0
0.0
-0.000205318625368
-0.00101783188859
-0.00209282210092
-0.00300306268649
-0.00283875372676
1.66533453694e-16
-1.11022302463e-16
3.33066907388e-16
0.00019901242175
0.000154212210502
0.0042998925113
0.00973998025616
0.000418340957947
1.38777878078e-17
-1.73472347598e-18
-0.00026343982218
0.000820588345756
0.000144900275625
0.000388619934733
0.0137682518899
0.00614082370126
-0.0027455317836
-0.00328066381576
-0.00470186564214
-0.00275430008032
0.00266586939657
0.00679884661162
0.0123693979403
0.0110306752034
-0.00588113548634
-0.00493224315976
-0.00645969806278
-0.00864562397903
-0.00515755480276
0.0152784917514
0.0024879087923
0.0184629305718
-0.00607495421756
-0.00803344735622
-0.0109889970857
-0.00809669852725
-0.00477621452844
0.00185322287385
-0.000582814052922
0.00202152640439
-0.00473368034598
-0.0045021744816
-0.00448821150413
-0.0122978343826
-0.0123600467998
0.00103757842157
-0.00114346049157
0.00103757842157
0.0
0.0
0.0
0.0
0.0
-0.00266867303947
-0.00266867303947
-0.00266867303947
0.0
0.0
0.0
0.0
0.0
0.0
0.0
0.0
0.0
0.0
0.0
0.0
0.0
-0.0382858660698
-0.0325945865493
-0.0324547476199
0.0
0.0
0.0
0.0
-0.00318921830554
-0.000288376353131
-0.00320774913678
-0.0015914977828
0.0
0.0
0.000389913122458
0.000256018984386
-0.00751902327921
-0.00223320535625
-0.00312845679379
-0.00264497607393
0.00475376540907
0.00850516589627
-0.00374475578307
-0.000619088501387
-0.00149383004291
-0.0134724852596
-0.00326579364287
-0.00560880784062
-0.000280409325504
0.00795594223049
-0.00189471491609
-0.0247970161911
0.013414089107
-0.0252865998152
0.00636919928415
-0.00403031952494
-0.0461179153103
-0.0466866107297
-0.0200604491363
-0.0582216630275
-0.05509723854
-0.00866372124772
0.00702214056355
0.00262691684337
-0.0701947418
-0.12046579588
-0.0586716202791
-0.00321796055516
-0.151314212746
-0.0178821808551
-0.0245457226539
-0.0178821808551
0.0
0.0
0.0
0.0
0.0
-0.0611372961211
-0.0611372961211
-0.0611372961211
0.0
0.0
0.0
0.0
0.0
0.0
0.0
0.0
0.0115960338298
0.00968538060372
0.00969599576839
0.0116914576693
0.00059659931713
-0.000733462240211
-0.000561969121575
0.00422857639559
0.011223057076
0.0103804828148
0.0100584495307
0.0108783376718
-9.34772049897e-05
-0.00122107105433
-0.000347306225314
0.00525603925359
0.0101802763443
0.00848885074798
0.00966046775638
0.00934095970061
0.00021873574273
-0.000669170913434
0.000561902512321
0.00443216122115
0.00494229807604
0.00441826468527
0.0059118523213
0.00564859917924
-0.00180992012714
-0.00223330547931
0.000928682795666
0.00290520074969
-0.00210818236833
-0.00382304745688
-0.00245378440069
-0.00168912011045
-0.00422567820001
-0.0059647694592
-0.00472675842335
-0.00281328449695
-0.00452803563702
-0.00389538286214
-0.00363299262818
-0.00376589436451
-0.00756068652967
-0.00515853646648
-0.00337171441771
-0.00428497718536
-0.00701149759197
-0.0102034951815
-0.00974710216803
-0.00731817595777
-0.00634154833015
-0.00824459887577
-0.00763280882585
-0.00886067346903
0.0
0.0
0.0
0.0
0.0
0.0
0.0
0.0
0.0
0.0
0.0
0.0
0.0
0.0
0.0
0.0
0.0154839146825
0.016581072742
0.015945616774
0.0183357441692
0.0
-0.000628660652518
-0.0247886181913
-0.00612309094624
0.0164743963566
0.0147679818789
0.0165483268783
0.0168413385551
0.0
-0.00616566785482
-0.0273934666508
-0.00866686192968
0.0173253968901
0.0158221538653
0.0184845254789
0.0185522263875
-0.00244110343297
-0.00548593224168
-0.00390786082178
0.00804836950256
0.0173680907923
0.0183520664708
0.0182774917265
0.0188100767714
0.0016393021008
0.00893389428369
0.0105501036484
0.0165258207112
0.0154940021532
0.0184126632994
0.0155684083565
0.015802737217
0.0100188569013
0.0119922840842
0.0137531105718
0.0189133347282
0.0011770903151
-0.00226760645645
-0.000330375684226
0.000492991426978
-0.00131469784188
0.000152926871878
-0.00403601721989
0.00083811588503
-0.0630950395412
-0.0750011758916
-0.0710678809415
-0.0724490872043
-0.0716159479123
-0.0658932888031
-0.0648097551412
-0.061504254606
-0.075046500743
-0.0753882369853
-0.0852120801784
-0.0917904340709
-0.0857902481248
-0.0848809202038
-0.0771871762348
-0.0882605674633
0.0
0.0
0.0
0.0
0.0
0.0
0.0
0.0
0.0131338605947
0.0136351546654
0.0113524984965
0.0143001686344
0.0123595478118
0.00643943450051
-0.00485050812974
0.0133244149186
0.0123001929075
0.0125654223161
0.0111080915765
0.0134818549556
0.011390411929
0.00475217316331
-0.00361411156595
0.0125339462662
0.0112564593271
0.0111642614541
0.0105290065866
0.011780128624
0.00980793066013
0.00442649306212
-0.00386093189915
0.0122805618782
0.00673614527841
0.00672949325436
0.00698039386556
0.0068127512817
0.00534572106511
0.00164023764692
-0.00224253823119
0.00773472607953
-0.00210140392393
-0.00234096068409
-0.00189037504757
-0.00230414039546
-0.00205623431143
-0.00297160924456
-0.000819261711185
-0.00162094081908
-0.00405550643722
-0.00385890308269
-0.00369478516093
-0.00417840139804
-0.00192905731387
-0.00579366773265
-0.000582906529295
-0.005361228768
-0.00953094115942
-0.00813645832196
-0.00741444887973
-0.0113813481415
-0.00350066318064
-0.0123600467998
0.0
-0.00919424847029
0.0
0.0
0.0
0.0
0.0
0.0
0.0
0.0
0.0
0.0
0.0
0.0
0.0
0.0
0.0
0.0
0.0213923500704
0.0205023700417
0.0152458758896
0.0209279521192
0.0191700012796
0.0184726596968
-0.00462533637834
0.0216993081179
0.0198424961617
0.0208617238763
0.0162956734762
0.0197716497046
0.0201217317875
0.017048645721
-0.00417436196236
0.0203588211489
0.0209209239308
0.0212991093065
0.0182408870038
0.0208937438624
0.0199266176231
0.0160926619917
-0.00278626441371
0.0193453988867
0.0211865002911
0.0224935092901
0.0191401493739
0.0216074322819
0.0216603011065
0.0177056759408
-0.00144675531444
0.0210502725287
0.0181578589404
0.0169798492898
0.0157986502601
0.0159844185546
0.018454740785
0.0146968878767
-0.00051099398278
0.0178875597628
1.88470636005e-05
0.000115686678457
-0.00317345784474
-0.00243952611888
-0.000169754865496
-0.0060258669986
-0.000168213882092
0.0014300529126
-0.0697418738102
-0.0756030664391
-0.0847850771282
-0.0778541233496
-0.0691524289925
-0.0374836587046
-0.00438498544503
-0.060978723538
-0.0879234087239
-0.0867755906612
-0.0896935288632
-0.0861455418478
-0.0746598518562
-0.0600026597117
-0.0251914890853
-0.0723918940391
0.0
0.0
0.0
0.0
0.0
0.0
0.0
0.0
0.0
0.0
0.0
0.0
0.0
0.0
-0.00492961048586
-0.00309234988227
-0.00271418099957
-0.00263399058211
-0.00175596882735
-0.000805201708743
-0.000892349439666
-0.000480139600413
0.0
0.0
0.0
0.0
0.0
0.0
0.0
0.0
0.0
0.0
-0.000745358411467
-0.00184758040718
-0.00690953666245
-0.00611679176051
0.0239774415388
0.013729658988
0.0
0.0
-0.00193990269008
-0.000273087685666
0.0
0.0
0.0
0.0
0.0
0.0
-0.0047415516589
-0.00527333277856
-0.00383779753584
-0.00442286556399
-0.00572858313973
-0.00360597091478
-0.0027554338292
-0.00250229275127
0.0
0.0
0.0
0.0
0.0
0.0
0.0
0.0
0.0
0.0
0.0
0.0
0.0
0.0
0.0
0.0
0.0
0.0
0.0
0.0
0.0
0.0
0.0
0.0
-0.00746950727862
-0.0070576766524
-0.00999457125358
-0.00708726097834
-0.0068098468062
-0.00892821779701
-0.00999457125358
-0.00663200204366
-0.000350084982758
-0.00247443918979
-0.00817186386787
-0.00983438743693
0.0
0.0
0.0
0.0
0.0
0.0
0.0
0.0
0.0
0.0
0.0
0.0
-0.00951224958397
-0.00183503482323
0.0
0.0
-0.00299527544767
0.0
0.0
0.0
0.0
0.0
0.0
0.0
0.0
0.0
0.0
0.0
0.0
0.0
0.0
0.0
-0.00165809382435
0.0
0.0
0.0
0.0
-0.00689857465186
-0.00777505140749
0.0
0.0
0.0
0.0
0.0
0.0722958327475
0.0706483749265
0.065880250925
0.0527180977439
0.0188966339557
0.0384842470687
0.0499187484171
0.0646315805922
0.000918321537142
-0.00504079366314
-0.00623424039437
-0.00218893010495
-0.0052032070951
0.109423836974
0.134791259023
0.135822446157
-0.000688732124315
-0.000740037786819
-0.000887169564444
-0.000773697893833
-0.000508697759172
-0.000652336717775
-0.000982838405118
-0.00152884006251
-0.000342632072045
-0.000840815155164
-0.000661775630813
-0.00101917489019
-0.000822858591729
-0.00112130883894
-0.0012869921426
-0.00193466741987
-0.00310262858019
-0.00507337194772
-0.00469925024444
-0.00519836550712
-0.00547604695741
-0.00548338757997
-0.00548338757997
-0.00548338757997
-0.00313257427899
-0.00671741555878
-0.00695914060786
-0.00735536401288
-0.0076267809622
-0.00764607490048
-0.00764607490048
-0.00764607490048
-0.00102448757902
-0.000733758159128
-0.000696555106586
-0.00085741370111
-0.000788682296226
-0.00129634215941
-0.00164350675891
-0.000936601999993
-0.00111899883736
-0.00109777160622
-0.000888459778687
-0.000860380339711
-0.000320524710716
-0.00119227611564
-0.00172295525799
-0.00131858408097
0.0
0.0
0.0
0.0
0.0
0.0
0.0
0.0
0.0
0.0
0.0
0.0
0.0
0.0
0.0
0.0
0.0410616407356
0.0192253763619
0.0272048590532
0.0298208590287
0.00377298481602
0.00332610458811
0.00372307287292
0.00634927919991
0.0228554003528
0.00269428278913
0.00484141044875
0.0121845942854
0.00090523632056
0.000171951582514
6.91461941324e-05
0.000484806138969
0.0
0.0
0.0
0.0
0.0
0.0
0.0
0.0
0.000115603871228
6.1467511605e-05
8.10541582727e-05
-0.0013413412555
-0.00345248240207
0.00863036892644
0.00771990424381
0.0115916157149
-0.00046028136074
-0.000766661249975
-0.000278557433235
-0.00058086087774
-0.00115401768436
0.00425163586844
0.00286410630838
0.00482154922068
0.0
0.0
0.0
0.0
0.0
0.0
0.0
0.0
-0.00579555627232
-0.00557250199213
-0.00572722784773
-0.0060061823039
0.000395789216625
-0.00199927187959
-0.0050127362918
-0.00483682443081
-0.00760389650087
-0.00729997646937
-0.00737608194824
-0.0072936506413
-0.000151444773473
-0.000712871178727
-0.00310134591869
-0.00617702295333
0.0
0.0
0.0
0.0
0.0
0.0
0.0
0.0
0.000508040527078
0.00938260954363
-0.00294672613913
0.00224810837901
0.00224810837901
0.00224810837901
0.00224810837901
0.00224810837901
-0.023680136599
-0.0210927690854
0.0341371062678
0.0
0.0
0.0
0.0
0.0
0.0
0.0
0.0
0.0028605484258
0.104141502072
0.0346892066851
0.0
-0.0069863858487
0.0746698037734
0.0801277042163
0.0812785237919
0.0716537472459
0.0751503093461
0.0741253943551
0.0506727417226
0.0
0.0
0.0
0.0
0.0
0.0
0.0
0.0
0.0
-0.000809539526178
7.08745594499e-06
0.0
0.0
0.0
0.0
0.0
0.0
-0.000218919562554
0.0
-0.000192439079899
0.0
-0.000203693885176
-0.000535370619504
0.00106532723789
0.00165063533987
-0.00271513728778
-0.00313196194037
-0.00314439874479
-0.00419947679757
0.0
0.0
-0.00193510350082
-0.00258396147481
0.0
0.0
0.0
0.0
0.0
0.0
0.0
0.0
-0.00329702970861
-0.00453885498305
-0.00450800977047
-0.00721457777118
0.0
0.0
-0.00450800977047
-0.00527039024358
0.0
0.0
0.0
0.0
0.0
0.0
0.0
0.0
0.0
0.0
0.0
0.0
0.0
0.0
0.0
0.0
0.0
0.0
0.0
0.0
0.0
0.0
0.0
0.0
0.0
0.0
0.0
0.0
0.0
0.0
0.0
0.0
0.0
0.0
0.0
0.0
0.0
0.0
0.0
0.0
0.0
0.0
1.7119596214e-05
-0.000469111939321
-0.000595099521441
-0.00135140626215
0.0023802570345
0.0
0.0
0.0
0.0
0.0
0.0
0.0
0.0
0.0
0.0
0.0
0.0
0.0
0.0
0.0
0.0
-4.24784443646e-05
0.0
0.0
0.0
0.0
0.0
0.0
0.0
0.0
0.0
0.0
0.0
0.0
-0.000866333763732
0.0
0.0
0.0
0.0
0.0
0.0
0.0
0.0
0.0
0.0
0.0
0.0
0.0
0.0
0.0
0.0
-3.2759136693e-05
-0.00052359666783
0.000425901497523
-0.000660828904843
0.0014787756442
0.0
0.0
0.0
0.0
0.0
0.0
0.0
-0.00180014923984
0.0
0.0
-0.00203805493036
0.000164516053989
0.000164516053989
0.000164516053989
0.0
0.0
-0.00182295038276
-0.00495608940795
-0.000473974732998
-0.0017921282162
0.0
0.0
0.0
0.0
0.0
0.0
-0.000172750582892
-0.000440405666479
-5.40343351837e-05
0.00225514295101
-0.000445197705844
0.0
0.0
0.0
-0.000346327905905
-0.000491360593178
0.00311308185198
0.0
-5.32446543257e-05
-0.000400326853747
-0.000439667443643
-0.000363030745198
-9.43547569311e-05
-0.000354742226892
-0.00134753621707
-0.00136606789119
0.0
0.0
-0.000457960165298
-0.00044615961526
0.000343965733548
-0.000244450173983
0.0
0.0
0.0
0.000214488063244
0.0
0.0
0.000103224216319
-4.67978794872e-05
0.0
0.0
-0.000496648907691
-0.000496648907691
-0.000496648907691
0.0
0.00243340784499
0.00459349788805
-0.000496648907691
-0.000496648907691
-0.000945700410896
-0.00282622947618
0.00233699242433
-0.00096332804522
-0.000496648907691
-0.000496648907691
-0.00491438557444
-0.000496648907691
-0.00907487453299
-0.00573161495272
-0.000666959613504
0.0
-0.00018847179703
-0.00906570941931
-0.000297572395925
0.0
0.0
-0.00380052120555
0.0374526192653
-0.0127664414263
-0.010442318744
-0.010442318744
-0.010442318744
-0.0127664414263
0.0
0.00080086198155
0.0499019458531
0.00239848061943
0.00417640597076
3.47577551348e-05
0.0
0.000448238515761
-0.0049598953115
0.00691582397634
0.0444655316777
0.011436175494
-0.00167145112871
-0.00167145112871
-0.011553216385
-0.00938005607591
0.0
0.0
0.0
0.0
0.0
0.0
0.0
0.0
0.0
0.0
0.0
0.0
0.0
0.0
0.0
0.0
0.0
0.0
0.0
0.0
0.0
0.0
0.0
0.0
0.0
0.0
0.0
-0.00025667328125
0.000984345921812
0.00287078737377
0.00285796889627
0.00333889442064
0.0
0.0
0.0
-0.000426406814865
-0.000769954803606
-0.00288228217096
-0.00220674434873
0.000526223012567
0.0
0.0
0.00010210948384
-0.00101140784051
-0.00114589964902
0.000823797787108
-0.000549201811403
0.00093087652901
-0.000433516588215
0.000293839111906
-0.00458685875983
0.000262168460759
0.00129219844165
0.00239549776438
-0.00319312254696
0.000295501592357
0.000218256061032
0.00538763266894
6.51763767899e-05
-0.000872838792489
0.0143012345841
-0.00273378606175
-0.0112756303496
-0.00340998360832
-0.00517450788996
-0.00260140976781
-0.00332184195888
-0.00798866173055
-0.00019563739469
-0.00587876601292
-0.000802224214394
-0.00618871929009
-0.000787238660666
0.000146922577105
-0.00159266604415
-0.004315324591
0.00173713770916
-0.0123600467998
0.0
-0.0123600467998
0.0
0.0
0.0
0.0
0.0
0.0
0.0
0.0
0.0
0.0
0.0
0.0
0.0
0.0
0.0
0.0
0.0
0.0
0.0
0.0
0.0
-0.00279245574598
-0.00419735686635
-0.00419735686635
0.0
0.0
0.0
0.0
-0.0149807018034
-0.0030074573166
0.0283101185881
-0.00141008331544
0.0
0.0
-0.000496712193782
-0.00137781351022
-0.0202722112817
-0.0222643716747
0.0322588742366
0.0172757229783
-0.00309532145646
-0.00372591698341
-0.00511425923444
-0.0102294102
-0.00672301375728
0.0141619982729
-0.00229028421287
0.0341371062678
-0.00669145831165
-0.0137425807222
-0.00849477033766
-0.0108755652747
-0.0224164157493
0.0242034309019
-0.105522244535
0.0250282963778
-0.0119412371891
-0.0269466253724
-0.00752267201407
-0.00611404384208
-0.0608490220982
-0.0715083225802
-0.0713854066161
-0.0722452598263
-0.00860481448635
-0.00596562923247
-0.00389586890588
-0.00451054568878
-0.0051754647822
-0.151314212746
0.0
-0.151314212746
0.0
0.0
0.0
0.0
0.0
0.0
0.0
0.0
0.0
0.0
0.0
0.0
0.0
0.0
0.0
0.0
0.012135781261
0.00906210592314
0.0109597853734
0.0105686711443
-8.28633997578e-05
-0.000861186473979
-0.000376012829622
0.00481693591827
0.0104295066059
0.00877013807108
0.0106005593421
0.0110615920132
-0.000102800429328
-0.00107053670253
-0.00180108295082
0.00464373178807
0.0119968845575
0.0108732950119
0.0108773879533
0.0127037318772
-0.00052933584112
-0.00264448089854
0.000460608501371
0.00645685622401
0.0138564451892
0.0136140612867
0.0130398525127
0.0140389608745
-0.00140862806191
0.00335798924649
0.00802665414743
0.0115153880495
0.0154775318127
0.0154499653795
0.0146593272636
0.0152040402656
0.00551676331836
0.0108687480912
0.0134455748482
0.0142665145528
0.00284527692586
0.00238995480908
0.00253590254027
0.00234498354792
-0.00326505996469
-0.00217155729834
0.00125857586256
0.00184882665527
0.00105227933218
0.00118818820927
0.000985498076777
0.00124956624235
0.000669008222489
0.000154964417787
0.000903655349459
0.00072661052274
0.0
0.0
0.0
0.0
0.0
0.0
0.0
0.0
0.0
0.0
0.0
0.0
0.0
0.0
0.0
0.0
0.0174201329473
0.0149291605133
0.0179094559924
0.018712561167
0.0
0.000651117491434
-0.0327035558238
-0.000683446071396
0.0146877654695
0.0156113398867
0.0154946334394
0.0179904856364
0.0
-0.014128517614
-0.0203525688535
-0.00491566119949
0.0160049459576
0.0175379955581
0.0170379186459
0.0184912259689
-0.00109664634184
-0.00363569409761
-0.000914769743569
0.0123860231836
0.0184542393823
0.020304393839
0.0191945799384
0.0174049647756
0.0015041239186
0.0030974446697
0.0109551990125
0.0170368351117
0.016161354786
0.0152551330444
0.0157858023272
0.01517391009
0.0121517803138
0.0134064373136
0.0129361860753
0.0161050611575
-3.13171311814e-05
-0.00340794278616
-0.000567954606739
-0.00130767098328
-0.00702461542512
-0.00139082176269
-0.00106089502614
-0.00128808418878
-0.0641854930659
-0.0655520969663
-0.0755749281973
-0.0688925099555
-0.064437975401
-0.0732556763632
-0.0632982517092
-0.0702912342486
-0.0644452880435
-0.0723859263166
-0.0804754695677
-0.0753501043474
-0.0770518333026
-0.0763133226317
-0.068257571946
-0.0636941346057
0.0
0.0
0.0
0.0
0.0
0.0
0.0
0.0
0.0138642746822
0.0137344574675
0.0143662928878
0.0145687204112
0.0133186335096
0.00675684881636
0.00643768929531
0.0139454576152
0.0122817539001
0.0126168180064
0.0127533732017
0.0137388991934
0.0115807874359
0.00513616352391
0.00381676417505
0.0125719859557
0.0134309709752
0.0136046804202
0.0136290634279
0.0144311574142
0.0131603304493
0.00795989736752
0.00322175009748
0.0134201566164
0.0147597162453
0.0143687054677
0.014480065582
0.0147558459531
0.0137798596639
0.0127021289151
0.00209402636885
0.0146876461081
0.0160550922339
0.0158229155614
0.0156644433462
0.0158971890117
0.0132153048637
0.019369266738
0.00247956362085
0.0157000703056
0.00310818272697
0.00303335355486
0.00253660977763
0.00267948686812
0.00147946349175
0.0037332823298
0.000298789842687
0.00327266074525
0.000843989744177
0.0012855718482
0.001254463998
0.00121331877996
0.000494139813714
0.00173713770916
0.0
0.0015429454137
0.0
0.0
0.0
0.0
0.0
0.0
0.0
0.0
0.0
0.0
0.0
0.0
0.0
0.0
0.0
0.0
0.0219114870681
0.0206457511417
0.0194685114318
0.0197016185826
0.0226253167278
0.0157084038051
0.00942315595212
0.0201348449026
0.0213469201752
0.0215726059606
0.0185115768811
0.0212180739668
0.020467606758
0.0171978342888
0.00539826702786
0.0197479333343
0.0212864308425
0.0213282441032
0.0199986072401
0.0211449124341
0.0212999626581
0.0163300828066
0.00376767088095
0.0203858453513
0.0224271775314
0.0211564263579
0.0197938285814
0.0197458063297
0.0216824054318
0.0146572281654
0.00405912391023
0.0198085990093
0.0168118050302
0.0163456854932
0.0146496615398
0.0158341519273
0.0169830363011
0.0137338012272
-0.00155098756654
0.0177922399526
-0.00309204055206
-0.00135385740477
-0.00506439443806
-0.0029955155922
-0.0014294895847
-0.0140135382596
-0.012981774316
-1.23624804397e-05
-0.0742233132149
-0.0745184231877
-0.0811100052838
-0.0756780742574
-0.0654938638269
-0.0259826771775
-0.0251914890853
-0.0651146787357
-0.0662893397066
-0.0767638600202
-0.0862661364141
-0.0822419951354
-0.0732760451691
0.0
-0.0226543798347
-0.0590691918744
0.0
0.0
0.0
0.0
0.0
0.0
0.0
0.0
0.0
0.0
0.0
0.0
0.0
0.0
-0.00527300570906
-0.00432963879629
-0.00337909946492
-0.00212334426162
-0.00121430312395
-0.00100294547052
-0.000480139600413
0.0
0.0
0.0
0.0
0.0
0.0
0.0
0.0
0.0
0.0
0.0
-0.000426152869265
-0.000633043220732
-0.000565099263794
0.00354469386708
0.025076666152
0.0196513058918
0.013729658988
0.0
-0.000273087685666
0.0
0.0
0.0
0.0
0.0
0.0
0.0
-0.00481892257212
-0.00512366909972
-0.0039178400167
-0.00476636119299
-0.00551666480492
-0.00371007592928
-0.00250229275127
-0.00195896712976
0.0
0.0
0.0
0.0
0.0
0.0
0.0
0.0
0.0
0.0
0.0
0.0
0.0
0.0
0.0
0.0
0.0
0.0
0.0
0.0
0.0
0.0
0.0
0.0
0.0104850844334
0.00917645198694
0.0130336371144
0.00903770978905
0.0120324731197
0.0102802325039
0.0130336371144
0.00766383597833
-1.3502332095e-05
0.00172856728358
-0.00369148743813
-0.00352613231561
0.0
0.0
0.0
0.0
0.0
0.0
0.0
0.0
0.0
0.0
0.0
0.0
-0.00389656833479
-0.00158191127931
0.0
0.0
-0.00134896810154
0.0
0.0
0.0
0.0
0.0
0.0
0.0
0.0
0.0
0.0
0.0
0.0
0.0
0.0
0.0
-0.00141387447584
0.0
0.0
0.0
0.0
0.0533762944345
0.138840272503
0.0
0.0
0.0
0.0
0.0
0.0766409495577
0.0700539850558
0.0428945825266
0.0789381234014
0.0168346694198
0.0406403366449
0.0566033118167
0.0594981196177
0.00790749922078
0.0537852665356
0.0844556055283
0.0913638383362
0.0894941092747
-0.00781908947499
-0.0059371518446
-0.00628658869521
0.00277567737766
0.00374898747727
0.00324689211457
0.00357547195286
0.00136496008754
0.00375528868752
0.00564667953631
0.0124105654285
0.00189303497146
0.00271887262186
0.00260039802432
0.00238827699777
0.000766923253883
0.00113041707745
0.00438744211252
0.0087813886637
0.0282081141456
0.0750790476486
0.0996384307044
0.113733940844
0.11623274264
0.116261328355
0.116261328355
0.116261328355
0.0185018310847
0.0711396684314
0.100943465293
0.116700702155
0.119877489237
0.119963155272
0.119963155272
0.119963155272
0.00288571976564
0.00139168066033
0.00198560205866
0.00329401667102
0.00358712181498
0.00704158357245
0.00895923291769
0.00589954517181
0.00396393849761
0.00119015653269
0.00172668828535
0.0030297020551
0.00390360856036
0.00746958483064
0.00977466462961
0.0036840881833
0.0
0.0
0.0
0.0
0.0
0.0
0.0
0.0
0.0
0.0
0.0
0.0
0.0
0.0
0.0
0.0
0.0398313070117
0.0189660559571
0.0201946924751
0.0373180354409
0.00309824613356
0.00550065567383
0.00356975434362
0.00787569678382
0.0193314970966
0.00190204893691
0.00444825234093
0.0151551059342
0.000406861673366
0.000161452511951
4.14511934396e-05
0.00105736054823
0.0
0.0
0.0
0.0
0.0
0.0
0.0
0.0
0.00150109111311
0.00136729953333
0.000842330017049
0.00170258585988
0.00479778399433
-0.00492671393566
-0.00685540481157
-0.00782815109353
0.000213551158649
0.000255328760932
-0.000447681255812
-0.000308198417178
0.00132923243719
-0.00375491956963
-0.00401548948298
-0.00456846674663
0.0
0.0
0.0
0.0
0.0
0.0
0.0
0.0
0.00591784793433
0.00565461531064
0.00608825589092
0.00600819213728
0.001341645339
-0.000730883790482
-0.000985350024502
-0.000444833488776
0.00394157392466
0.00345389147184
0.00328589878971
0.00400444417136
-0.000160509494584
0.000569123042674
-0.00151297885549
-0.00194733351717
0.0
0.0
0.0
0.0
0.0
0.0
0.0
0.0
-0.000507694557022
0.00171967518144
0.0199107178035
0.00318193030407
0.00318193030407
0.00318193030407
0.00318193030407
0.00318193030407
-0.0121506094294
0.0270829437596
-0.00577168610134
0.0
0.0
0.0
0.0
0.0
0.0
0.0
0.0
-0.000314707887378
-0.0063113375049
-0.00195085016352
0.0
0.0346892066851
0.081122629794
0.0741305958125
0.0750074010322
0.0814060677577
0.0734607004478
0.0789612647925
0.0458158813197
0.0
0.0
0.0
0.0
0.0
0.0
0.0
0.0
0.0
-0.000118157746945
-0.000185430982351
0.0
0.0
0.0
0.0
0.0
0.0
-0.000243672799305
0.0
-0.000146804865292
0.0
-0.000427151873473
-0.000304373251011
-0.00057735648214
-0.000987874037067
-0.00207683022723
-0.00200524675749
-0.00268051120612
-0.00393529543156
0.0
0.0
-0.00307837371414
-0.00314439874479
0.0
0.0
0.0
0.0
0.0
0.0
0.0
0.0
-0.00251595971595
-0.00268409521434
-0.00212380928323
-0.00621666855422
0.0
0.0
-0.00212380928323
-0.00348920960467
0.0
0.0
0.0
0.0
0.0
0.0
0.0
0.0
0.0
0.0
0.0
0.0
0.0
0.0
0.0
0.0
0.0
0.0
0.0
0.0
0.0
0.0
0.0
0.0
0.0
0.0
0.0
0.0
0.0
0.0
0.0
0.0
0.0
0.0
0.0
0.0
0.0
0.0
0.0
0.0
0.0
0.0
-0.000130713605629
-0.000415823746472
-0.0028433208098
-0.0035677417497
-0.000459390317051
0.0
0.0
0.0
0.0
0.0
0.0
0.0
0.0
0.0
0.0
0.0
0.0
0.0
0.0
0.0
0.0
-9.62430219185e-05
0.0
0.0
0.0
0.0
0.0
0.0
0.0
0.0
0.0
0.0
0.0
0.0
-0.000855209317823
0.0
0.0
0.0
0.0
0.0
0.0
0.0
0.0
0.0
0.0
0.0
0.0
0.0
0.0
0.0
0.0
0.000170806095074
-0.000593318740638
0.000267426392026
0.000690722781736
-0.00218238826149
0.0
0.0
0.0
0.0
0.0
0.0
0.0
0.00025377800205
0.0
0.0
-0.00262207483385
-0.00296992523309
-0.00296992523309
-0.00296992523309
0.0
0.0
-0.001310842937
-0.00592195400894
4.56190907809e-05
-0.00123281380296
0.0
0.0
-0.000131555029962
0.0
0.0
0.0
-0.000502402596247
-0.000127851615157
-0.000408176850601
-0.000807309847303
-0.000270454606558
0.0
0.0
0.0
-0.000613240727937
-0.00381768940075
-0.000653117758186
0.0
-8.10111617241e-05
-0.000248767896582
0.000459015452417
-0.000697241952605
-0.000285475557459
-0.00047139947953
0.000395529694468
-5.60348184932e-06
-0.000109116053542
-0.000109116053542
-0.000438104221845
-0.000758234583129
-0.000452989024904
-0.000233798741287
-0.000397578960243
0.0
0.0
-0.000293964238857
0.0
0.0
-0.000926446966152
-0.0017268111566
0.0
0.0
-0.000926252184719
-0.000926252184719
-0.000926252184719
0.0
1.85459586977e-06
-0.000273273794283
-0.000926252184719
-0.000926252184719
0.00221750303398
0.00495122818313
-0.00117962620554
0.00177331025406
-0.000926252184719
-0.000926252184719
0.00519586787759
-0.000926252184719
0.0367431867241
0.026439783034
-0.000154263729083
-0.000809539526178
-0.000248351699015
0.0370978365227
-4.77351723179e-05
0.0
-0.000809539526178
0.0214896104304
-0.00911541607048
0.0504091261984
0.0445092575696
0.0445092575696
0.0445092575696
0.0504091261984
0.0
-0.000550077301439
-0.0107344741205
0.00175287966737
-0.00361425655385
-0.00046125909226
0.0
0.0004130241918
0.0227521866639
-0.00328973631048
-0.00961869035779
-0.00238836854635
0.011436175494
0.011436175494
0.0503704859094
0.0413957635306
