0.0
0.0
0.0
0.0
0.0
0.0
0.0
0.0
0.0
0.0
0.0
0.0
0.0
0.0
0.0
0.0
0.0
0.0
0.0
0.0
0.0
0.0
0.0
0.0
0.0
0.0
0.0
-2.07450411224e-05
0.00207396909137
0.00234364810176
0.00209228846692
0.00188368630589
2.77555756156e-17
-1.73472347598e-18
2.16840434497e-19
0.000718933855936
-0.000555102273934
-0.00306192589259
-0.00770027316418
-0.00263285284866
0.0
0.0
0.000540195376785
0.000975447463649
0.0018225809578
-0.00147153945541
-0.00784295219579
-0.005331028481
-0.000569552558812
-0.000557545807659
0.00136703737857
0.00319582163902
0.00289765011347
-0.00635926817246
-0.0055109557711
-0.00748664667057
0.00242467417653
0.00358828521477
0.00831544707677
0.0108086072222
0.00899618708783
-0.00683409005312
-0.000864912158776
-0.0075662876218
0.00191393898506
0.0025867826593
0.0048071445977
0.00462963710856
0.00287998996874
0.000271389854054
0.0010733111409
0.000276301833756
0.00161756876486
0.00188629078432
0.00245148760401
0.00752952803371
0.00752647311596
-0.000375272955265
0.000321235014314
-0.000375272955265
0.0
0.0
0.0
0.0
0.0
0.00132574131642
0.00132574131642
0.00132574131642
0.0
0.0
0.0
0.0
0.0
0.0
0.0
0.0
0.0
0.0
0.0
0.0
0.0
0.0229591059145
0.0276254867093
0.0292289669782
0.0
0.0
0.0
0.0
0.00483036429484
0.00965438885945
-0.00132777617316
0.000890442040237
0.0
0.0
0.0014581374972
0.00134534841766
0.0176249062307
0.0162691339596
-0.00154603479566
-0.000242249626818
0.0137671933642
0.0240529789567
0.00971314949411
0.0246267688878
0.0464197848008
0.0193528899221
0.000580183119061
-0.000101552410132
0.0289028518085
0.0517936200456
0.0259619636694
0.0123696549921
0.0859148654806
0.0118886821037
0.0179389844567
0.00483275277421
0.0190785090633
0.024535409194
0.00828534569676
0.0155351528333
0.0310815040108
0.0240599721521
0.0278332617846
0.0220224821037
0.014542134216
0.0252932047475
0.012236941887
0.000224227010354
0.0323987349521
0.00806459953765
0.0126628085134
0.00806459953765
0.0
0.0
0.0
0.0
0.0
0.0111505484752
0.0111505484752
0.0111505484752
0.0
0.0
0.0
0.0
0.0
0.0
0.0
0.0
-0.0062549151719
-0.00545370565661
-0.00572425233187
-0.00731790458293
0.000923529723135
0.00156901815612
0.00234996051782
-0.00318922774544
-0.00752669059805
-0.00358661134124
-0.00699440487816
-0.00648163462176
0.000681738214633
0.000851748908281
0.00178777559766
-0.00152716921498
-0.0049915527241
-0.00521417171641
-0.00504561629916
-0.00614302043541
0.00200712222728
0.00298051039182
0.00083437339618
-0.00162688423099
0.000985766075564
0.00128593162872
0.000473335762534
0.000786650984339
0.00544876461174
0.00421946986981
0.00269833394442
0.00169259589908
0.00755396325002
0.00735799872012
0.00633413150074
0.00791859749181
0.0082301237857
0.00754619408861
0.00678134840458
0.00678128001869
0.00250876069324
0.00273371974815
0.00238813704437
0.00193291697764
0.00373294354946
0.00425985945368
0.00292460994645
0.00291327537768
0.00525620419653
0.0056487011306
0.00530329406417
0.00464134633782
0.00334938235504
0.00410085197358
0.00428488848628
0.00519227084364
0.0
0.0
0.0
0.0
0.0
0.0
0.0
0.0
0.0
0.0
0.0
0.0
0.0
0.0
0.0
0.0
0.0695907187585
0.0696405982075
0.0707598545948
0.0774173896975
0.0
0.000127524572781
0.0143170022857
0.0233604796547
0.0705625218109
0.0688119832079
0.0700321041316
0.0752282403843
0.0
0.00530213627103
0.0207272080772
0.0240494355028
0.0735227744253
0.0702333762527
0.0741086901748
0.0781039009922
0.00361605116924
0.0183535177801
0.0341317640728
0.0546862398295
0.0749882095614
0.0777721684285
0.0778862907154
0.0813520130486
0.034437873465
0.0456133717507
0.0567400415975
0.0705438850138
0.0749867556352
0.0819724190082
0.0793325746763
0.0800695885464
0.0625606411188
0.0694236588206
0.0734629361488
0.0784503895964
0.0605472590382
0.0640148277136
0.0613912562103
0.0623001096193
0.0610332229695
0.0618510731835
0.0612957571091
0.0627697223475
0.0253055409838
0.0274028881128
0.0269172160641
0.0269414255264
0.0266264373543
0.0260600709505
0.0255773892282
0.0260992193787
0.0151909536888
0.0163695415027
0.0177021362856
0.0188890323694
0.0176785458985
0.0170042134418
0.0165790316648
0.017506066923
0.0
0.0
0.0
0.0
0.0
0.0
0.0
0.0
-0.00728591760378
-0.00750377126868
-0.00755287874308
-0.00781877544163
-0.00688424860633
-0.00391831678729
-0.00199779096048
-0.00784181057245
-0.00773587520978
-0.00771948898027
-0.00738096596446
-0.00799328112912
-0.00729935276631
-0.00458064070921
-0.00126657866181
-0.00797345789477
-0.00628154334067
-0.00624718118344
-0.00648804854085
-0.00652502613222
-0.00617131946632
-0.00341702100527
-0.0010140670687
-0.00657682174201
0.00184108367688
0.000740249879898
0.00108191268922
-0.000238011505665
-0.000398137072958
0.00592150705245
-0.00101066164274
0.00286117790607
0.00788546344082
0.0067958276519
0.00806392452804
0.00714862258316
0.00548848354602
0.00909087287594
-0.000164651212001
0.00844320854178
0.00230822544007
0.00312412855487
0.00247468411277
0.00235228146492
0.000551056413193
0.00383028601051
-0.000122782319525
0.00324073582446
0.00595746162206
0.0038942728282
0.00443115583436
0.00620045122476
0.00171815973119
0.00752647311596
0.0
0.00511600936944
0.0
0.0
0.0
0.0
0.0
0.0
0.0
0.0
0.0
0.0
0.0
0.0
0.0
0.0
0.0
0.0
0.0850451376837
0.0863713432314
0.0800583958545
0.0896037858292
0.0776525092131
0.0561645208857
-0.000830294460097
0.0810489028452
0.0848377128301
0.0854340474273
0.0798767402834
0.088961426545
0.0780088178064
0.0541386821367
-0.000991176370589
0.0812461193817
0.0859162619388
0.0856526896585
0.0816108011995
0.0905242089666
0.0788331496537
0.053900759226
-0.000153828085459
0.0799721754718
0.0865813837661
0.0872043070395
0.0853479322332
0.0919695577638
0.0808582240531
0.0560629203421
0.000408197493415
0.0810356038426
0.0834763596569
0.0820699462102
0.0829126607597
0.0874586792588
0.0780714534703
0.0540875616319
0.00249248347602
0.079161143116
0.0646088011467
0.0630481749664
0.0644972837488
0.0686203196697
0.0590904424545
0.03622129366
0.00168273508049
0.0612372997227
0.027917922358
0.0277444323005
0.0301598107375
0.0297141397363
0.0258774674955
0.0196926759502
0.00144138388309
0.0254459378562
0.0179166161751
0.0184019389065
0.0191220101333
0.0183919709077
0.0158563209345
0.0111154226729
0.0046283061132
0.0153485344145
0.0
0.0
0.0
0.0
0.0
0.0
0.0
0.0
0.0
0.0
0.0
0.0
0.0
0.0
-0.00596168501573
-0.00439843341734
-0.00311984856164
-0.00243845739835
-0.00177525572282
-0.00137895524335
-0.000845102912848
-0.000303196251368
0.0
0.0
0.0
0.0
0.0
0.0
0.0
0.0
0.0
0.0
-0.000673419741507
-0.00181258875235
-0.00553153337503
-0.00462361126976
-0.0028128031688
-0.00162690921947
0.0
0.0
-0.000754330544908
-5.36898184975e-05
0.0
0.0
0.0
0.0
0.0
0.0
-0.000821559932837
-0.00152306212145
-0.00101903545981
-0.00126631155243
-0.00151409812445
-0.000895544340231
-0.000443037351972
-0.00076097991401
0.0
0.0
0.0
0.0
0.0
0.0
0.0
0.0
0.0
0.0
0.0
0.0
0.0
0.0
0.0
0.0
0.0
0.0
0.0
0.0
0.0
0.0
0.0
0.0
-0.00190901724684
-0.00184769411319
-0.00273960744364
-0.00173025880123
-0.00219037568066
-0.00238989071021
-0.00273960744364
-0.00175363695125
-0.00115888477952
-0.00176909671748
-0.00365321250314
-0.00268887096018
0.0
0.0
0.0
0.0
0.0
0.0
0.0
0.0
0.0
0.0
0.0
0.0
-0.00263595139304
-0.00199725061899
0.0
0.0
-0.00219131988203
0.0
0.0
0.0
0.0
0.0
0.0
0.0
0.0
0.0
0.0
0.0
0.0
0.0
0.0
0.0
-0.00134939012956
0.0
0.0
0.0
0.0
-0.000789403982785
-0.00577810216688
0.0
0.0
0.0
0.0
0.0
-0.00675448946506
-0.0072962418535
-0.00581884513025
-0.00609255982652
-0.00520772970351
-0.00804687073899
-0.00767094161668
-0.00739640702395
-0.00043843269036
-0.00529677992133
-0.00612295706346
-0.00491309911838
-0.00462139251884
-0.0104754431897
-0.0124245118821
-0.0123658008555
-0.00099999025202
-0.00122631575558
-0.00130267300675
-0.00134359386381
-0.00134613471541
-0.00144969687685
-0.00194884561427
-0.00280399188769
-0.00100227064937
-0.00129749588153
-0.00136017979769
-0.00120177013852
-0.000980613271102
-0.00109782739517
-0.00148434067335
-0.00224771265399
-0.00440462735537
-0.00705738240216
-0.00655355193113
-0.00626608277537
-0.00621801700548
-0.00621709306238
-0.00621709306238
-0.00621709306238
-0.00344915611621
-0.00701020809466
-0.00669825772347
-0.00642243139352
-0.00637643943529
-0.00637372785376
-0.00637372785376
-0.00637372785376
-0.00142331937506
-0.00128965188255
-0.00149225517037
-0.0016365575422
-0.00135541090861
-0.00192426159766
-0.00235297032693
-0.00191272843693
-0.00147372540897
-0.00117893088147
-0.00102845936701
-0.00125726389199
-0.00132132835843
-0.00188451097447
-0.00243765270028
-0.00142850185587
0.0
0.0
0.0
0.0
0.0
0.0
0.0
0.0
0.0
0.0
0.0
0.0
0.0
0.0
0.0
0.0
-0.00638382303045
-0.00538208079743
-0.00668277969217
-0.00688887180242
-0.00173342287149
-0.00178088144032
-0.00174937472115
-0.00233599601132
-0.00591412769845
-0.00149752156113
-0.00277143250733
-0.00591978990833
-0.00074504971003
-0.000496485667992
-0.000523032710512
-0.000754943809763
0.0
0.0
0.0
0.0
0.0
0.0
0.0
0.0
-0.00209290912003
-0.00291195916065
-0.0023826308324
-0.00391876019072
-0.00615540489083
-0.00484449391197
-0.00501474031273
-0.00497079523302
-0.000597203479868
-0.000804188787327
-0.000276475821008
-0.00047037490153
-0.00221511741957
-0.00265209562208
-0.00169207801174
-0.0015709624913
0.0
0.0
0.0
0.0
0.0
0.0
0.0
0.0
-0.00460732480613
-0.00453936105811
-0.00449024567375
-0.00452112424412
-0.00241359816708
-0.00410562656974
-0.00598833496165
-0.00386088616831
-0.00565572112145
-0.00558498900163
-0.00552174097427
-0.00560770534111
-0.000283932126838
-0.000745514231939
-0.00310978761584
-0.00468119033032
0.0
0.0
0.0
0.0
0.0
0.0
0.0
0.0
0.000372512404073
-0.00288578599545
0.00886044187956
-0.000397505627014
-0.000397505627014
-0.000397505627014
-0.000397505627014
-0.000397505627014
0.016980091735
0.0121058147248
0.079281935623
0.0
0.0
0.0
0.0
0.0
0.0
0.0
0.0
-0.000308565861149
-0.00938513638126
-0.00416842325091
0.0
-0.000826593117676
-0.00698519917833
-0.00703203832956
-0.00708234299496
-0.00683058494233
-0.00663842056678
-0.00699484092253
-0.00445020443165
0.0
0.0
0.0
0.0
0.0
0.0
0.0
0.0
0.0
-0.000270283777453
-0.000130241023092
0.0
0.0
0.0
0.0
0.0
0.0
-0.000163685090717
0.0
-0.000137029369264
0.0
-0.000153523565661
-0.000230587493027
-0.000490840064945
-0.000578765359369
0.000407169366076
0.00207406783111
0.00204818731129
0.00549088003352
0.0
0.0
7.94327502112e-05
0.00056474003023
0.0
0.0
0.0
0.0
0.0
0.0
0.0
0.0
-0.000412079433949
5.8332808548e-05
0.000124154852079
-0.00170294361772
0.0
0.0
0.000124154852079
0.0006956678276
0.0
0.0
0.0
0.0
0.0
0.0
0.0
0.0
0.0
0.0
0.0
0.0
0.0
0.0
0.0
0.0
0.0
0.0
0.0
0.0
0.0
0.0
0.0
0.0
0.0
0.0
0.0
0.0
0.0
0.0
0.0
0.0
0.0
0.0
0.0
0.0
0.0
0.0
0.0
0.0
0.0
0.0
0.000388689812545
-0.000391019803155
0.00251451582938
0.00025663259848
0.000810020248856
0.0
0.0
0.0
0.0
0.0
0.0
0.0
0.0
0.0
0.0
0.0
0.0
0.0
0.0
0.0
0.0
-0.000128134600193
0.0
0.0
0.0
0.0
0.0
0.0
0.0
0.0
0.0
0.0
0.0
0.0
-0.00053236987068
0.0
0.0
0.0
0.0
0.0
0.0
0.0
0.0
0.0
0.0
0.0
0.0
0.0
0.0
0.0
0.0
0.000121823549552
-0.000592487009111
-0.000181124231442
-0.000576378686811
0.000683041495506
0.0
0.0
0.0
0.0
0.0
0.0
0.0
-0.000987835981854
0.0
0.0
0.00483079979249
0.00571192892518
0.00571192892518
0.00571192892518
0.0
0.0
-0.000197916371655
-0.00480378856576
0.000672541716436
-0.00175749193597
0.0
0.0
0.0
0.0
0.0
0.0
-9.86534363447e-05
-0.00014790349465
-9.49775699459e-05
-0.000411252717646
-0.000597117292112
0.0
0.0
0.0
0.000187637751421
0.00491552618221
-0.000455319420078
0.0
-8.11155079716e-05
-0.000174473754924
9.72690313395e-05
-0.000179158807516
-0.000363617188193
-0.000214451725452
-0.000716486956481
-0.000829892332629
0.0
0.0
-0.000135383134261
-0.000164511817148
-0.000108798355798
-0.000164434542249
0.0
0.0
0.0
-0.000354903066888
0.0
0.0
-9.32361717371e-05
-0.000269747277757
0.0
0.0
-0.000121321418796
-0.000121321418796
-0.000121321418796
0.0
0.00883015786525
0.0117937708388
-0.000121321418796
-0.000121321418796
-0.000359698169251
-0.00132779772516
-0.000143373377063
-0.000334220350474
-0.000121321418796
-0.000121321418796
-0.00207076400501
-0.000121321418796
-0.00190355812919
-0.00108792733537
-0.000226346647832
0.0
-0.000286423590125
-0.00194389706854
-0.000321807870266
0.0
0.0
-0.00115116224511
0.00474044692753
-0.0027461389769
-0.00210431898271
-0.00210431898271
-0.00210431898271
-0.0027461389769
0.0
-0.000759269332542
-0.00866794405061
-0.00113403072667
0.000351220572358
-0.000113189668842
0.0
-0.000251016997729
-0.000739600320877
-0.00259827307552
-0.0075533770176
-0.0021230257336
-0.000607020385456
-0.000607020385456
-0.00283216416807
-0.00269441060988
0.0
0.0
0.0
0.0
0.0
0.0
0.0
0.0
0.0
0.0
0.0
0.0
0.0
0.0
0.0
0.0
0.0
0.0
0.0
0.0
0.0
0.0
0.0
0.0
0.0
0.0
0.0
-5.67616940091e-05
-0.000420356853517
0.000876836834064
0.00047584143015
0.000232533452639
0.0
0.0
0.0
-0.000191027349987
-0.000257440383158
-0.00480476125482
0.0031219610057
-3.08146752412e-05
0.0
0.0
0.000919218158811
-0.000355286248549
-0.000466079898003
-0.00177067671276
0.00644082705741
0.000274869679405
0.000186890935242
-0.00127511155169
-0.00119363793502
-0.000883244280407
-0.00318014616935
0.00220434274638
-0.00169940352639
0.00421601150924
-0.00187170409125
-0.00353638452242
-0.00281680005206
0.00638477139706
-0.00562329095481
0.00866748905975
0.00221593657034
0.00908281187355
0.00254848547035
0.000794670422319
-5.8603858202e-05
0.00320641288694
0.00122682444931
0.00354857585658
6.85946654567e-06
0.00365823954181
-7.39866703573e-05
-0.000485238917626
3.63917153576e-05
0.00240397482128
-0.000581813287798
0.00752647311596
0.0
0.00752647311596
0.0
0.0
0.0
0.0
0.0
0.0
0.0
0.0
0.0
0.0
0.0
0.0
0.0
0.0
0.0
0.0
0.0
0.0
0.0
0.0
0.0
0.00182728122638
0.00237004984529
0.00237004984529
0.0
0.0
0.0
0.0
0.00521896782158
0.0367210793499
0.0660456002219
0.00656857348003
0.0
0.0
-1.36432427714e-05
0.00419439994086
0.0104741900875
0.0225515218177
0.0894584524106
0.0425460255044
-0.00115621106352
-0.000254948014143
-6.15129966955e-05
0.00358714944463
0.0156643856652
0.0671967503251
0.0678420441627
0.079281935623
-0.000692232458942
0.00218576506358
-0.000463970986898
-0.000320834722486
0.00666156171136
0.090844650872
0.0361679982276
0.0924120525383
0.00169595968681
0.00503144418916
0.000964634864264
0.00207503307246
0.0138656984543
0.0405227483812
0.0146634053232
0.0411284451673
0.000889969364858
0.000715327277894
0.000491697143746
0.00101780957152
0.00127730495122
0.0323987349521
0.0
0.0323987349521
0.0
0.0
0.0
0.0
0.0
0.0
0.0
0.0
0.0
0.0
0.0
0.0
0.0
0.0
0.0
0.0
-0.00753746292724
-0.00704333474156
-0.00743302335527
-0.00732917695669
-4.01960784927e-05
0.000818720754006
-0.000434103497261
-0.00334239329602
-0.00719778546359
-0.00715929956881
-0.00494455448746
-0.00750334823168
0.0012027809996
0.00113744927129
0.00386233556504
-0.00424537194014
-0.00755857555325
-0.00755614337377
-0.00692230134913
-0.00804119270504
0.000452547850134
0.00202028996019
-0.000106369534333
-0.00464940590596
-0.00854874198577
-0.00875969247325
-0.00816749339275
-0.00876805182678
0.00106693763528
-0.00267964151822
-0.00516590253801
-0.00647274251311
-0.00688797139205
-0.00680413493725
-0.00672617819224
-0.00719049112414
-0.000970520105214
-0.00406917856246
-0.00540636927652
-0.00592486315615
-0.000740323325805
-0.000375289700355
-0.000642457129979
-0.000599555184485
0.00298946905733
0.00166966501505
0.000664069540137
-8.9642183129e-06
-0.000335742023649
8.89509916803e-05
-0.000332001205936
-0.000430940797183
-0.000177336032889
0.000334203061562
0.000113009017278
-0.000156528738844
0.0
0.0
0.0
0.0
0.0
0.0
0.0
0.0
0.0
0.0
0.0
0.0
0.0
0.0
0.0
0.0
0.0738448149909
0.0684643603572
0.075828832391
0.0772388465592
0.0
0.00122673101588
0.0156286060457
0.033386373989
0.0700301707571
0.0665637674697
0.0727894198723
0.077201999001
0.0
0.00838325779216
0.0161813525747
0.0290145687554
0.0703875145431
0.0743847333238
0.0731113739936
0.0766130782972
0.00438844281815
0.014946173343
0.0339583841577
0.05684607075
0.0752765862864
0.0822415843962
0.0777806712344
0.0796661199542
0.0376966417042
0.044610535483
0.0578444928403
0.0739758232623
0.0743951835239
0.0803951424874
0.0766002547796
0.0794600911564
0.0632438264
0.0682778641635
0.0742203119995
0.077806637537
0.0559336722741
0.0608923967389
0.0580560303664
0.0589871739054
0.0584393356151
0.0574028385076
0.0568454274487
0.0592217819354
0.0234550029022
0.0243679136963
0.0261124020322
0.0255148504703
0.0237929933825
0.0259182562789
0.0248755906554
0.0263020294736
0.0137126741246
0.0156899588257
0.0171830793327
0.0164050438551
0.0162700697442
0.0162273178022
0.0148144909935
0.0135510141259
0.0
0.0
0.0
0.0
0.0
0.0
0.0
0.0
-0.00820533057644
-0.00809599257927
-0.00805906797295
-0.00861211319589
-0.00785129930093
-0.00429869168689
-0.000696586138672
-0.00804383810517
-0.00824909081622
-0.00830817392574
-0.00815085428664
-0.00864470923722
-0.00788983884697
-0.00529082583228
-0.000658193644677
-0.00824694266288
-0.00855661950893
-0.00845656949074
-0.00832375434658
-0.00882349548334
-0.0085118423775
-0.00652939213696
-0.000545399330462
-0.00818623302392
-0.00897362630484
-0.00853554953467
-0.00837822009589
-0.00882127049874
-0.00849749262293
-0.008716084511
7.91976017537e-05
-0.00882859948783
-0.00692269704487
-0.00700915920583
-0.00673376198249
-0.00696748152995
-0.00611661197963
-0.00799024221756
0.000374348790405
-0.00683313399347
-0.000898346048908
-0.000497418924614
-0.000704991108825
-0.000663128108185
-0.000492943624399
-0.000735884588088
2.11232623249e-05
-0.000790244768629
-0.000234469198795
-0.000348232954704
-0.000469134637201
-0.000471365819734
-0.000321517232966
-0.000581813287798
0.0
-0.000489724623604
0.0
0.0
0.0
0.0
0.0
0.0
0.0
0.0
0.0
0.0
0.0
0.0
0.0
0.0
0.0
0.0
0.0875288716903
0.0853460761995
0.0856566038395
0.0890505086693
0.0838053765947
0.0524002062104
0.0192565689286
0.0807524860681
0.0856638216032
0.0862874283442
0.0835220994106
0.0909272745746
0.0822762291659
0.052589640176
0.0113656308253
0.0800060138446
0.0856287970972
0.0852523587921
0.0844599240065
0.0903051141837
0.0811072612629
0.0512123315586
0.0100207906177
0.0795421709024
0.0878281005882
0.0862925629179
0.0868378869847
0.0917395759431
0.083302825248
0.051023194182
0.00828479828966
0.0801120634854
0.0824940694646
0.0808802418354
0.0815532027722
0.086208632816
0.0770817810229
0.0494884301701
0.00735413639749
0.0769840715521
0.0615177999552
0.059954821728
0.0615980240144
0.0652228722693
0.0559438017303
0.0245961478264
0.00401169822227
0.0573879173727
0.0274711348396
0.0257225271874
0.0284203782886
0.0286357752138
0.0246740023391
0.0151666875175
0.0046283061132
0.0243615264807
0.0145732452042
0.016416912165
0.0181796842825
0.0178146784954
0.0155325371025
0.0
0.00454976289249
0.0130031990754
0.0
0.0
0.0
0.0
0.0
0.0
0.0
0.0
0.0
0.0
0.0
0.0
0.0
0.0
-0.00644042342206
-0.00465605579473
-0.00344019089838
-0.00242116119838
-0.00164560523753
-0.000897863753576
-0.000303196251368
0.0
0.0
0.0
0.0
0.0
0.0
0.0
0.0
0.0
0.0
0.0
-0.000725313193953
-0.00192547819895
-0.0058916383262
-0.00504071805841
-0.00307334850476
-0.00229359981257
-0.00162690921947
0.0
-5.36898184975e-05
0.0
0.0
0.0
0.0
0.0
0.0
0.0
-0.00139874962451
-0.0014577542048
-0.000907871416298
-0.000903868382396
-0.00138836142714
-0.000814550984485
-0.00076097991401
-0.000754878491419
0.0
0.0
0.0
0.0
0.0
0.0
0.0
0.0
0.0
0.0
0.0
0.0
0.0
0.0
0.0
0.0
0.0
0.0
0.0
0.0
0.0
0.0
0.0
0.0
0.0118559338657
0.0106799190842
0.0160611945326
0.0112051884955
0.0143731092107
0.00787705271037
0.0160611945326
0.00543066139482
0.000151776792937
-0.00177833207823
-0.0046290979869
-0.00398102888032
0.0
0.0
0.0
0.0
0.0
0.0
0.0
0.0
0.0
0.0
0.0
0.0
-0.00372172763518
-0.00150043700056
0.0
0.0
-0.00169050671975
0.0
0.0
0.0
0.0
0.0
0.0
0.0
0.0
0.0
0.0
0.0
0.0
0.0
0.0
0.0
-0.00136511282753
0.0
0.0
0.0
0.0
-0.00442121986103
-0.0125191972552
0.0
0.0
0.0
0.0
0.0
-0.00677915912535
-0.00745336751318
-0.00506488930904
-0.00666788755934
-0.00526311254883
-0.00816655754809
-0.00789353813603
-0.0075174584525
-0.00234024249285
-0.00797746665532
-0.0100678553801
-0.00997315360229
-0.00871724528812
-0.00529066228626
-0.00559058179834
-0.00565447233033
-0.00118097623029
-0.00136667360849
-0.00133995124477
-0.00112860563261
-0.0012269508596
-0.00145891174438
-0.00177780409428
-0.00280282073259
-0.00109429976619
-0.00120890937848
-0.00139628174188
-0.000945212367024
-0.000710273548711
-0.00100730532893
-0.00136318038991
-0.00190238264047
-0.00486389901081
-0.00884917179939
-0.00903128937884
-0.00913591815548
-0.00914519958558
-0.0091451188986
-0.0091451188986
-0.0091451188986
-0.003634948333
-0.00883321456732
-0.00923674003141
-0.00952445491292
-0.00954104012795
-0.00954055940215
-0.00954055940215
-0.00954055940215
-0.0011369327702
-0.00122400749827
-0.00142413241118
-0.00149525857648
-0.00157210661023
-0.00208213289411
-0.00232449058205
-0.00191990886638
-0.00121407242502
-0.00108272374477
-0.00119981786369
-0.00118592101859
-0.00140664407407
-0.00211814915127
-0.00267358116072
-0.00133263659361
0.0
0.0
0.0
0.0
0.0
0.0
0.0
0.0
0.0
0.0
0.0
0.0
0.0
0.0
0.0
0.0
-0.00645208760881
-0.00553414935365
-0.00690443340528
-0.00680173186471
-0.0019085142804
-0.00210406814644
-0.00191798399281
-0.00253726723839
-0.00629890052627
-0.00161279296605
-0.00348742935786
-0.00594052039526
-0.000752925680129
-0.0006798651724
-0.000652821743985
-0.000814328999642
0.0
0.0
0.0
0.0
0.0
0.0
0.0
0.0
-0.00192840089103
-0.00262960880707
-0.00208105405045
-0.00358429411803
-0.00579209713349
-0.0057473637069
-0.00626104897233
-0.00629405811026
-0.000669675714714
-0.000582309396248
-0.000296675224877
-0.000421539534273
-0.00184338708087
-0.0041348955854
-0.00321272970069
-0.00334307398323
0.0
0.0
0.0
0.0
0.0
0.0
0.0
0.0
-0.00453307145586
-0.00450923324068
-0.00439277034607
-0.00458862950967
-0.00222506459738
-0.00357138151962
-0.00528047631146
-0.00344111161895
-0.00566241052441
-0.00567351427937
-0.0056963973446
-0.00567174012699
-0.00025163628119
-0.000700074297248
-0.00290726982188
-0.00430782079914
0.0
0.0
0.0
0.0
0.0
0.0
0.0
0.0
0.00069183062509
0.0015890457209
-0.00724768063802
0.00378458460682
0.00378458460682
0.00378458460682
0.00378458460682
0.00378458460682
0.0128509546524
0.0677957909476
-0.000363096087432
0.0
0.0
0.0
0.0
0.0
0.0
0.0
0.0
-0.000197498290179
-0.00441250766246
-0.00177287333741
0.0
-0.00416842325091
-0.0071380718512
-0.00696092469588
-0.00706857778424
-0.00708261139283
-0.00674986313801
-0.00698281272246
-0.00427709150872
0.0
0.0
0.0
0.0
0.0
0.0
0.0
0.0
0.0
-4.97289063087e-05
-0.000177146015475
0.0
0.0
0.0
0.0
0.0
0.0
-0.000159288661739
0.0
-0.000212263110278
0.0
-0.000298365723144
-3.34811865734e-05
-0.000466439210573
-0.00061732692525
-6.89391813448e-05
1.51180417881e-05
0.000471977943559
0.00864252770158
0.0
0.0
0.000822806915806
0.00204818731129
0.0
0.0
0.0
0.0
0.0
0.0
0.0
0.0
-0.000627543729197
-0.000948145997009
-0.000825004348924
-0.00293347591488
0.0
0.0
-0.000825004348924
-0.00054533206278
0.0
0.0
0.0
0.0
0.0
0.0
0.0
0.0
0.0
0.0
0.0
0.0
0.0
0.0
0.0
0.0
0.0
0.0
0.0
0.0
0.0
0.0
0.0
0.0
0.0
0.0
0.0
0.0
0.0
0.0
0.0
0.0
0.0
0.0
0.0
0.0
0.0
0.0
0.0
0.0
0.0
0.0
0.000539777921898
-0.000230593524115
-0.001536464228
-0.00252477088883
-0.000223353741249
0.0
0.0
0.0
0.0
0.0
0.0
0.0
0.0
0.0
0.0
0.0
0.0
0.0
0.0
0.0
0.0
-6.11757880883e-05
0.0
0.0
0.0
0.0
0.0
0.0
0.0
0.0
0.0
0.0
0.0
0.0
-0.000319126642358
0.0
0.0
0.0
0.0
0.0
0.0
0.0
0.0
0.0
0.0
0.0
0.0
0.0
0.0
0.0
0.0
-0.000129689845384
7.33585652131e-05
0.000788527500515
0.000260494698801
-0.00035295816396
0.0
0.0
0.0
0.0
0.0
0.0
0.0
-0.000894263410892
0.0
0.0
-0.00199625175005
-0.00238611538858
-0.00238611538858
-0.00238611538858
0.0
0.0
-0.00176408060395
-0.00228331181689
-6.09533287809e-05
-0.00130559807764
0.0
0.0
-7.01231445725e-05
0.0
0.0
0.0
-0.000260657776856
-0.00017920646193
-0.00017635867742
-0.00033648541285
-0.000968293853716
0.0
0.0
0.0
-0.000472407695821
-0.00303827082041
0.00142837017757
0.0
-9.10156074929e-05
-0.000307623441111
0.000180750889543
-0.000273630259491
-8.78644965241e-05
-0.000284469285803
-6.78926488835e-05
-0.000637199137648
-6.43432488694e-05
-6.43432488694e-05
-0.000140469653731
-0.000263402451759
-0.000226886770156
-0.000356696710768
-0.000133793639811
0.0
0.0
0.000114906509466
0.0
0.0
0.000100048241336
0.000277503255821
0.0
0.0
-0.000283019592425
-0.000283019592425
-0.000283019592425
0.0
-0.000412551208788
-0.000586220376216
-0.000283019592425
-0.000283019592425
0.000170391584
-0.00125984063616
-0.000278405583548
-6.24671095661e-05
-0.000283019592425
-0.000283019592425
-0.00129893487182
-0.000283019592425
-0.00212736459242
0.000382537368197
-7.89391571631e-05
-0.000270283777453
-0.000281266043436
-0.00155313143849
-0.000341994637923
0.0
-0.000270283777453
0.00729571828102
-0.0032782234022
-0.00784714711223
-0.00672884238277
-0.00672884238277
-0.00672884238277
-0.00784714711223
0.0
-0.000583954965887
-0.00353927460448
0.00329284443976
-0.00113535004794
0.000216786220982
0.0
0.000806213979756
-0.00341996194267
-0.00164630975373
-0.00297371180834
-0.000784195874311
-0.0021230257336
-0.0021230257336
-0.00783578550901
-0.00646097469655
