0.0
0.0
0.0
0.0
0.0
0.0
0.0
0.0
0.0
0.0
0.0
0.0
0.0
0.0
0.0
0.0
0.0
0.0
0.0
0.0
0.0
0.0
0.0
0.0
0.0
0.0
0.0
1.46726961666e-05
0.000170203275533
0.000404966414198
0.00090970716233
0.000939052554663
0.0
0.0
0.0
4.10835492665e-05
0.000346275629532
0.0131408666868
0.0106259665639
0.00314876059735
0.0
0.0
7.33634808331e-05
0.000305192080266
0.00081286736763
0.00168149098069
0.00846908022737
0.00620068140001
0.00356839970772
0.00431964175145
0.00619774686078
0.00666140405964
0.00748894412344
0.00984831366703
0.00435779076148
0.00847494930583
0.00848375292353
0.00848375292353
0.0086304798852
0.00849255654123
0.0080318338816
0.00748014050574
0.00091851078003
0.00707223955231
0.00186930149163
0.00170203275533
0.0010916485948
0.00096252886853
0.000845147299197
0.00132934627269
0.000716027572931
0.00129119726266
0.000542889758165
0.000404966414198
0.000220090442499
0.000223024981732
0.000225959520966
0.000275846687932
5.57562454331e-05
0.000275846687932
0.0
0.0
0.0
0.0
0.0
1.46726961666e-05
1.46726961666e-05
1.46726961666e-05
0.0
0.0
0.0
0.0
0.0
0.0
0.0
0.0
0.0
0.0
0.0
0.0
0.0
0.000217155903266
0.00090970716233
0.000933183476196
0.0
0.0
0.0
0.0
0.000164334197066
0.013947864976
0.0103618580329
0.00345688721685
0.0
0.0
2.64108530999e-05
0.000164334197066
0.000947856172363
0.00187223603086
0.00888285025927
0.00712212671927
0.00384718093489
0.00448397594852
0.00696366160067
0.00738330071104
0.00806117927394
0.0097661465685
0.00412596216205
0.00824018616717
0.00990113537323
0.0097133248623
0.009105875241
0.00878307592533
0.0081814953825
0.00781761251757
0.000833409142264
0.00751535497654
0.00193679589399
0.00145553145973
0.000851016377663
0.000780587436064
0.000683747641364
0.00117381569333
0.000645598631331
0.00114740484023
0.000331602933365
0.000237697677899
0.000146726961666
0.000143792422433
0.000146726961666
0.000211286824799
6.45598631331e-05
0.000211286824799
0.0
0.0
0.0
0.0
0.0
1.46726961666e-05
1.46726961666e-05
1.46726961666e-05
0.0
0.0
0.0
0.0
0.0
0.0
0.0
0.0
0.0100038442464
0.0168383861208
0.0127769838219
0.0120638907882
2.93453923332e-06
0.000187810510933
0.000607449621298
0.017419424889
0.0115679536578
0.0172756324666
0.0138833051128
0.0139918830645
7.62980200664e-05
0.000402031874965
0.00164921104913
0.017205203525
0.0104909777591
0.0156498977313
0.0130851104414
0.0132523791777
0.000416704571132
0.000912641701563
0.00326614216669
0.0119318365227
0.0111453800082
0.0145494455188
0.0123573447115
0.0131408666868
0.0088857847985
0.0095548597437
0.0114711138631
0.0124219045747
0.00612438337994
0.00735688985794
0.00674063661894
0.00687269088444
0.00866862889523
0.0080054230285
0.00746840234881
0.00701648330687
0.000407900953432
0.000410835492665
0.000360948325699
0.000381490100332
0.000809932828397
0.000586907846664
0.000440180884998
0.000437246345765
9.9774333933e-05
0.000137923343966
9.9774333933e-05
0.000108577951633
0.000173137814766
0.000126185187033
0.0001232506478
0.000120316108566
0.0
0.0
0.0
0.0
0.0
0.0
0.0
0.0
0.0
0.0
0.0
0.0
0.0
0.0
0.0
0.0
0.0087361232976
0.0166945936984
0.0135370294833
0.0121401888083
0.0
5.86907846664e-06
0.000425508188832
0.00792325592997
0.0094051982428
0.0165302595013
0.0135546367187
0.0129178417051
0.0
0.000346275629532
0.00151422224439
0.00493589499045
0.00926727489883
0.0153417711118
0.0125627624579
0.0125216789086
0.000363882864932
0.00389413356262
0.00755937306504
0.0124717917416
0.00815801906864
0.0118672766596
0.0100507968741
0.0107726935255
0.00918217326107
0.0106318356423
0.0120756289451
0.0137952689358
0.00649120078411
0.00860700357133
0.00749187866267
0.00787043422377
0.0112510234206
0.0102855600128
0.00925260220267
0.00879481408227
0.00316636783275
0.00382663916025
0.00340700004989
0.00353905431539
0.00407020591662
0.00389119902339
0.00359774510005
0.00372393028709
0.000173137814766
0.000187810510933
0.000181941432466
0.000181941432466
0.000258239452532
0.000217155903266
0.000196614128633
0.000202483207099
2.93453923332e-05
3.81490100332e-05
4.10835492665e-05
4.69526277332e-05
4.10835492665e-05
3.81490100332e-05
3.81490100332e-05
3.81490100332e-05
0.0
0.0
0.0
0.0
0.0
0.0
0.0
0.0
0.0110133257427
0.0113126487445
0.0119171638265
0.0119200983658
0.0104410905922
0.00414063485822
0.00258239452532
0.010652377417
0.0126331913995
0.0130058778821
0.0129941397252
0.0133844334432
0.0128356746066
0.00688736358061
0.00192799227629
0.0121842068968
0.0132611827954
0.0121284506513
0.0132200992461
0.0131672775399
0.0132142301677
0.00887111210233
0.00138216797889
0.0115972990501
0.0119494437581
0.0111952671751
0.0113214523622
0.0118614075811
0.0113713395291
0.0114887210985
0.000554627915098
0.0114358993923
0.00645598631331
0.00646185539178
0.00639142645018
0.00681400009977
0.00534379594388
0.00708397770924
9.9774333933e-05
0.00615959785074
0.000434311806532
0.000460722659632
0.000378555561099
0.000404966414198
0.000167268736299
0.000539955218931
1.17381569333e-05
0.000446049963465
7.04289415997e-05
0.000120316108566
0.000120316108566
0.000120316108566
2.93453923332e-05
0.000225959520966
0.0
0.000173137814766
0.0
0.0
0.0
0.0
0.0
0.0
0.0
0.0
0.0
0.0
0.0
0.0
0.0
0.0
0.0
0.0
0.0109517004188
0.0112334161852
0.0113801431468
0.0118320621888
0.0103589234936
0.00450745226238
0.00285824121326
0.0101358985119
0.0110573438312
0.0113419941368
0.0109693076542
0.0120169381605
0.010652377417
0.00435779076148
0.00196907582556
0.0103442507975
0.0113009105875
0.0116178408247
0.0112656961167
0.0123690828685
0.0104557632883
0.00444876147772
0.00136749528273
0.0101270948942
0.0110309329781
0.0111219036943
0.0109722421934
0.0119553128366
0.0102239346889
0.00428442728065
0.000578104228964
0.00973680117616
0.0083311568834
0.00821084077484
0.0082431207064
0.00917043510413
0.00746546780957
0.00359481056082
0.000158465118599
0.00759752207507
0.00376207929712
0.00370045397322
0.00379435922869
0.00438420161458
0.00318104052892
0.00089209992693
1.46726961666e-05
0.00346862537379
0.000208352285566
0.000187810510933
0.000220090442499
0.000228894060199
0.000164334197066
0.000120316108566
2.93453923332e-06
0.000173137814766
4.10835492665e-05
4.40180884998e-05
5.28217061998e-05
4.69526277332e-05
3.52144707999e-05
1.46726961666e-05
2.93453923332e-06
3.22799315665e-05
0.0
0.0
0.0
0.0
0.0
0.0
0.0
0.0
0.0
0.0
0.0
0.0
0.0
0.0
0.0247499038938
0.0123602792508
0.00574582781885
0.00329842209825
0.00164921104913
0.000897969005397
0.000308126619499
4.10835492665e-05
0.0
0.0
0.0
0.0
0.0
0.0
0.0
0.0
0.0
0.0
0.000149661500899
0.00161106203909
0.0195528349116
0.0133374808154
0.00133521535116
0.000454853581165
0.0
0.0
0.000337472011832
5.86907846664e-06
0.0
0.0
0.0
0.0
0.0
0.0
0.00294921192949
0.00342754182452
0.00174311630459
0.00273792510469
0.00384424639565
0.00175485446153
0.000842212759963
0.000493002591198
0.0
0.0
0.0
0.0
0.0
0.0
0.0
0.0
0.0
0.0
0.0
0.0
0.0
0.0
0.0
0.0
0.0
0.0
0.0
0.0
0.0
0.0
0.0
0.0
0.00635034290091
0.00623002679234
0.0121636651221
0.00639142645018
0.00543183212088
0.00975147387233
0.0121636651221
0.00490361505888
0.000739503886797
0.00220090442499
0.0142442534385
0.0112656961167
0.0
0.0
0.0
0.0
0.0
0.0
0.0
0.0
0.0
0.0
0.0
0.0
0.010514454073
0.00108577951633
0.0
0.0
0.00194559951169
0.0
0.0
0.0
0.0
0.0
0.0
0.0
0.0
0.0
0.0
0.0
0.0
0.0
0.0
0.0
0.000545824297398
0.0
0.0
0.0
0.0
0.00291399745869
0.0225607376258
0.0
0.0
0.0
0.0
0.0
0.00662325504961
0.0092731439773
0.00482144796035
0.00630632481241
0.00869797428757
0.0202776661023
0.0150688589631
0.0113009105875
0.0011620775364
0.0155589270151
0.0211433551761
0.0183936919145
0.0120844325628
0.0169381604547
0.0225842139396
0.0218094955821
0.000369751943399
0.000410835492665
0.000410835492665
0.000402031874965
0.000381490100332
0.000616253238998
0.00111219036943
0.00300496817492
0.000387359178799
0.000460722659632
0.000522347983531
0.000278781227166
0.000187810510933
0.000231828599432
0.000528217061998
0.00166681828453
0.00791445231227
0.0202043026214
0.0146550889312
0.0120316108566
0.0116325135209
0.0116266444424
0.0116266444424
0.0116266444424
0.00440474338922
0.0200722483559
0.0157790174576
0.0131995574715
0.012753507508
0.0127359002726
0.0127359002726
0.0127359002726
0.000481264434265
0.000313995697965
0.000534086140465
0.000669074945197
0.000592776925131
0.00144966238126
0.00207178469873
0.00110632129096
0.000513544365831
0.000269977609466
0.000305192080266
0.000369751943399
0.000622122317464
0.00145846599896
0.00271738333006
0.000522347983531
0.0
0.0
0.0
0.0
0.0
0.0
0.0
0.0
0.0
0.0
0.0
0.0
0.0
0.0
0.0
0.0
0.0127799183611
0.0113918813038
0.0195352276762
0.0174282285067
0.00081286736763
0.0011092558302
0.00100654695703
0.00187223603086
0.0177657005185
0.00116501207563
0.00496817492201
0.0181325179227
0.000190745050166
8.51016377663e-05
9.39052554663e-05
0.000187810510933
0.0
0.0
0.0
0.0
0.0
0.0
0.0
0.0
0.00184582517776
0.00381196646409
0.00244153664212
0.00808759012704
0.0203950476716
0.0158201010068
0.0174869192914
0.0171963999073
0.000149661500899
0.000261173991766
1.76072353999e-05
7.04289415997e-05
0.00240338763209
0.00658804057881
0.00311354612655
0.00324853493129
0.0
0.0
0.0
0.0
0.0
0.0
0.0
0.0
0.00932009660503
0.00893567196547
0.00884176671
0.00897969005397
0.00228013698429
0.00750655135884
0.0174223594282
0.00670835668737
0.0178625403132
0.0177891768324
0.0170966255733
0.016891207827
2.34763138666e-05
0.000181941432466
0.00467472099868
0.0125363516048
0.0
0.0
0.0
0.0
0.0
0.0
0.0
0.0
0.000792325592997
0.00822257893177
0.00752415859424
0.000255304913299
0.000255304913299
0.000255304913299
0.000255304913299
0.000255304913299
0.000619187778231
0.0118056513357
0.00910880978023
0.0
0.0
0.0
0.0
0.0
0.0
0.0
0.0
2.05417746333e-05
0.012941318019
0.00307246257729
0.0
0.00305192080266
0.00732460992637
0.00687562542367
0.00698420337531
0.00714266849391
0.00626817580238
0.00722483559244
0.00272912148699
0.0
0.0
0.0
0.0
0.0
0.0
0.0
0.0
0.0
2.93453923332e-06
5.86907846664e-06
0.0
0.0
0.0
0.0
0.0
0.0
8.80361769997e-06
0.0
8.80361769997e-06
0.0
1.17381569333e-05
7.62980200664e-05
0.000117381569333
0.000287584844866
0.000933183476196
0.00092731439773
0.000941987093896
0.0190510287027
0.0
0.0
0.000827540063797
0.000862754534597
0.0
0.0
0.0
0.0
0.0
0.0
0.0
0.0
0.00082167098533
0.00140857883199
0.00110338675173
0.00912641701563
0.0
0.0
0.00110338675173
0.000853950916897
0.0
0.0
0.0
0.0
0.0
0.0
0.0
0.0
0.0
0.0
0.0
0.0
0.0
0.0
0.0
0.0
0.0
0.0
0.0
0.0
0.0
0.0
0.0
0.0
0.0
0.0
0.0
0.0
0.0
0.0
0.0
0.0
0.0
0.0
0.0
0.0
0.0
0.0
0.0
0.0
0.0
0.0
2.93453923332e-05
4.98871669665e-05
0.00453973219395
0.00492709137275
0.000261173991766
0.0
0.0
0.0
0.0
0.0
0.0
0.0
0.0
0.0
0.0
0.0
0.0
0.0
0.0
0.0
0.0
2.93453923332e-06
0.0
0.0
0.0
0.0
0.0
0.0
0.0
0.0
0.0
0.0
0.0
0.0
0.000648533170564
0.0
0.0
0.0
0.0
0.0
0.0
0.0
0.0
0.0
0.0
0.0
0.0
0.0
0.0
0.0
0.0
1.17381569333e-05
0.000249435834832
2.93453923332e-05
0.000322799315665
0.00148487685206
0.0
0.0
0.0
0.0
0.0
0.0
0.0
0.00210993370876
0.0
0.0
0.00260000176072
0.00344808359915
0.00344808359915
0.00344808359915
0.0
0.0
0.00277607411472
0.0161663766364
0.000683747641364
0.000815801906864
0.0
0.0
0.0
0.0
0.0
0.0
5.86907846664e-06
8.80361769997e-06
5.86907846664e-06
4.98871669665e-05
0.000757111122197
0.0
0.0
0.0
0.000164334197066
0.00674650569741
9.68397946996e-05
0.0
2.93453923332e-06
1.17381569333e-05
4.40180884998e-05
1.46726961666e-05
0.000137923343966
2.34763138666e-05
0.00258532906456
0.00256185275069
0.0
0.0
5.86907846664e-06
1.17381569333e-05
1.17381569333e-05
1.76072353999e-05
0.0
0.0
0.0
7.92325592997e-05
0.0
0.0
0.000704289415997
0.001232506478
0.0
0.0
2.93453923332e-06
2.93453923332e-06
2.93453923332e-06
0.0
0.000651467709798
0.000868623613063
2.93453923332e-06
2.93453923332e-06
0.00082167098533
0.00481264434265
0.000824605524564
0.000390293718032
2.93453923332e-06
2.93453923332e-06
0.0136015893464
2.93453923332e-06
0.00665553498117
0.00267629978079
5.86907846664e-06
0.0
3.52144707999e-05
0.00661151689268
4.69526277332e-05
0.0
0.0
0.0104000070429
0.0202600588669
0.0149778882469
0.0103677271113
0.0103677271113
0.0103677271113
0.0149778882469
0.0
0.000443115424232
0.0257271054585
0.00090970716233
0.00265282346692
2.93453923332e-06
0.0
0.000308126619499
0.00259119814302
0.00466591738098
0.020450803917
0.00112979760483
0.000569300611265
0.000569300611265
0.0146991070197
0.00983951004933
0.0
0.0
0.0
0.0
0.0
0.0
0.0
0.0
0.0
0.0
0.0
0.0
0.0
0.0
0.0
0.0
0.0
0.0
0.0
0.0
0.0
0.0
0.0
0.0
0.0
0.0
0.0
1.76072353999e-05
0.000158465118599
0.000434311806532
0.00096252886853
0.000968397946996
0.0
0.0
0.0
4.40180884998e-05
0.000340406551065
0.0140006866822
0.0106963955055
0.00297855732182
0.0
0.0
7.33634808331e-05
0.000278781227166
0.00077765289683
0.00179887255003
0.00947269264516
0.00593657286901
0.00357720332542
0.00431377267298
0.00618307416461
0.00667314221657
0.00747427142727
0.0111835290182
0.00442821970308
0.00952257981213
0.0084632111489
0.00844853845273
0.0086216762675
0.0084456039135
0.0080142266462
0.00765914739897
0.000425508188832
0.00727472275941
0.00186049787393
0.00168736005916
0.00107991043786
0.000950790711596
0.000827540063797
0.000663205866731
4.10835492665e-05
0.000633860474398
0.000542889758165
0.000402031874965
0.000217155903266
0.000220090442499
0.000220090442499
0.000225959520966
0.0
0.000225959520966
0.0
0.0
0.0
0.0
0.0
0.0
0.0
0.0
0.0
0.0
0.0
0.0
0.0
0.0
0.0
0.0
0.0
0.0
0.0
0.0
0.0
0.000246501295599
0.00100948149626
0.00100948149626
0.0
0.0
0.0
0.0
0.000167268736299
0.0154503490634
0.0103559889544
0.00324560039205
0.0
0.0
2.64108530999e-05
0.000161399657833
0.00090970716233
0.00208352285566
0.0098013610393
0.00692551259064
0.00385305001335
0.00448397594852
0.00712799579774
0.00738623525027
0.0082167098533
0.0107609553686
0.00426682004525
0.00910880978023
0.00989233175553
0.0096869140092
0.00908533346637
0.00873318875837
0.0081991026179
0.00786163060607
0.000316930237199
0.00757698030044
0.00192505773706
0.00144672784203
0.000836343681497
0.00076884927913
0.000660271327498
0.000578104228964
2.93453923332e-05
0.000554627915098
0.000331602933365
0.000237697677899
0.000146726961666
0.000143792422433
0.000146726961666
0.000146726961666
0.0
0.000146726961666
0.0
0.0
0.0
0.0
0.0
0.0
0.0
0.0
0.0
0.0
0.0
0.0
0.0
0.0
0.0
0.0
0.0104381560529
0.0172404179958
0.0131320630691
0.0117792404826
2.93453923332e-06
0.000187810510933
0.00234469684742
0.0194413224208
0.0120286763174
0.0174957229091
0.0144408675672
0.0137483163081
7.62980200664e-05
0.000393228257265
0.00279955042859
0.0189277780549
0.0110837546843
0.0158494463992
0.0135194222479
0.0132347719423
0.000416704571132
0.00088329630923
0.00455733942935
0.0144291294102
0.0112891724306
0.0146814997843
0.0123544101723
0.0130498959706
0.00888871933773
0.00961355052836
0.0119699855327
0.0128767581558
0.00610384160531
0.00732460992637
0.00669955306967
0.00687269088444
0.00864515258137
0.00799368487157
0.00744492603494
0.00698126883607
0.000390293718032
0.000393228257265
0.000349210168765
0.000369751943399
0.000792325592997
0.000581038768198
0.000419639110365
0.000422573649598
9.39052554663e-05
0.000134988804733
9.68397946996e-05
0.000108577951633
0.000170203275533
0.0001232506478
0.000120316108566
0.000117381569333
0.0
0.0
0.0
0.0
0.0
0.0
0.0
0.0
0.0
0.0
0.0
0.0
0.0
0.0
0.0
0.0
0.00912935155487
0.0163717943827
0.0131584739222
0.0127182930372
0.0
2.93453923332e-06
0.000425508188832
0.010552603083
0.00981603373546
0.0165243904228
0.0138862396521
0.0128972999305
0.0
0.000372686482632
0.00155824033289
0.00617720508614
0.0096605031561
0.0155647960935
0.0129471870974
0.0122927848484
0.000372686482632
0.00410542038742
0.00861874172827
0.0141444791046
0.00854537824743
0.0122223559068
0.0104880432199
0.0104234833568
0.0099334153048
0.0114593757061
0.0124277736531
0.0139713412898
0.00636501559708
0.00837810951114
0.00729526453404
0.0075916529966
0.0113038451268
0.0102562146205
0.00910880978023
0.00856298548283
0.00284943759556
0.00351851254075
0.00314876059735
0.00322212407819
0.00375914475789
0.00356546516849
0.00329255301979
0.00337765465755
0.000129119726266
0.000149661500899
0.000152596040133
0.000158465118599
0.000228894060199
0.000184875971699
0.000170203275533
0.000167268736299
2.64108530999e-05
3.52144707999e-05
4.10835492665e-05
3.52144707999e-05
3.52144707999e-05
3.52144707999e-05
2.93453923332e-05
2.64108530999e-05
0.0
0.0
0.0
0.0
0.0
0.0
0.0
0.0
0.011356666833
0.0111893980967
0.0122986539269
0.0119641164543
0.0105790139361
0.00377088291482
0.00258239452532
0.0104851086807
0.0129266453228
0.013419647914
0.0131790156969
0.0138392870243
0.0125803696933
0.00675824385434
0.00192799227629
0.0121665996614
0.0130821759022
0.0126097150856
0.0131261939907
0.013848090642
0.0129853361075
0.00864221804213
0.00138216797889
0.0115151319516
0.0120462835528
0.0112715651952
0.0112979760483
0.0119553128366
0.0112774342737
0.0116354480601
0.000554627915098
0.01152100103
0.00639436098941
0.00641783730328
0.00635621197938
0.00677585108974
0.00531738509078
0.00705169777767
9.9774333933e-05
0.00614492515458
0.000419639110365
0.000446049963465
0.000366817404165
0.000387359178799
0.000161399657833
0.000519413444298
1.17381569333e-05
0.000437246345765
6.45598631331e-05
0.0001144470301
0.000117381569333
0.000120316108566
2.93453923332e-05
0.000220090442499
0.0
0.000167268736299
0.0
0.0
0.0
0.0
0.0
0.0
0.0
0.0
0.0
0.0
0.0
0.0
0.0
0.0
0.0
0.0
0.011344928676
0.011042671135
0.0118320621888
0.0118085858749
0.0105379303869
0.00400271151425
0.00286117575249
0.00987472452013
0.0112040707928
0.0116266444424
0.011180594479
0.0124248391139
0.0102826254736
0.00404379506352
0.00196907582556
0.0100918804234
0.0114623102454
0.0114623102454
0.0115650191185
0.0123573447115
0.0104880432199
0.00402325328888
0.00136749528273
0.0099158080694
0.0110749510666
0.0111776599397
0.0110133257427
0.0121724687398
0.0100507968741
0.00367991219859
0.000578104228964
0.00939932916433
0.00803770296007
0.00799368487157
0.0079349940869
0.00898849367167
0.00703995962074
0.00305485534189
0.000158465118599
0.00730993723021
0.00345982175609
0.00340113097142
0.00346862537379
0.00409368223048
0.00286704483096
0.000322799315665
1.46726961666e-05
0.00317517145045
0.000179006893233
0.000155530579366
0.000190745050166
0.000202483207099
0.000149661500899
6.74944023664e-05
2.93453923332e-06
0.000146726961666
2.93453923332e-05
3.81490100332e-05
4.40180884998e-05
4.40180884998e-05
3.22799315665e-05
0.0
2.93453923332e-06
2.34763138666e-05
0.0
0.0
0.0
0.0
0.0
0.0
0.0
0.0
0.0
0.0
0.0
0.0
0.0
0.0
0.0243009193911
0.0119406401404
0.00619481232154
0.00289639022329
0.00124717917416
0.000349210168765
4.10835492665e-05
0.0
0.0
0.0
0.0
0.0
0.0
0.0
0.0
0.0
0.0
0.0
0.000184875971699
0.00193973043323
0.0206620907418
0.0137307090727
0.00173724722613
0.000880361769997
0.000454853581165
0.0
5.86907846664e-06
0.0
0.0
0.0
0.0
0.0
0.0
0.0
0.00278781227166
0.00357426878619
0.00191625411936
0.00240925671056
0.00343341090299
0.00133521535116
0.000493002591198
0.000343341090299
0.0
0.0
0.0
0.0
0.0
0.0
0.0
0.0
0.0
0.0
0.0
0.0
0.0
0.0
0.0
0.0
0.0
0.0
0.0
0.0
0.0
0.0
0.0
0.0
0.00635034290091
0.00623002679234
0.0121665996614
0.00639436098941
0.00543183212088
0.00975440841156
0.0121665996614
0.00490654959811
0.000751242043731
0.00223611889579
0.0143792422433
0.0104586978276
0.0
0.0
0.0
0.0
0.0
0.0
0.0
0.0
0.0
0.0
0.0
0.0
0.0097749501862
0.0011532739187
0.0
0.0
0.00219503534653
0.0
0.0
0.0
0.0
0.0
0.0
0.0
0.0
0.0
0.0
0.0
0.0
0.0
0.0
0.0
0.00078645651453
0.0
0.0
0.0
0.0
0.00235643500436
0.0225871484789
0.0
0.0
0.0
0.0
0.0
0.00635621197938
0.00954312158676
0.00477742987185
0.00576930413271
0.00980723011776
0.0209526101259
0.015394592818
0.0116618589132
0.001320542655
0.0160959476948
0.0214602854133
0.0187487711617
0.0121695342006
0.0169704403863
0.0239517092224
0.024626653246
0.000393228257265
0.000428442728065
0.000431377267298
0.000413770031898
0.000402031874965
0.000633860474398
0.00116794661486
0.00313115336195
0.000404966414198
0.000487133512731
0.000531151601231
0.000302257541032
0.000199548667866
0.000261173991766
0.000545824297398
0.00179300347156
0.00826366248104
0.0203128805731
0.0145875945288
0.0119817236897
0.0115826263539
0.0115767572755
0.0115767572755
0.0115767572755
0.00471287000872
0.0203187496515
0.0158259700853
0.0131584739222
0.012715358498
0.0126977512626
0.0126977512626
0.0126977512626
0.000501806208898
0.000346275629532
0.000566366072031
0.000695485798297
0.000627991395931
0.00153476401903
0.00218916626806
0.00117675023256
0.000539955218931
0.000275846687932
0.000346275629532
0.000378555561099
0.000657336788264
0.00155237125443
0.00284063397786
0.000557562454331
0.0
0.0
0.0
0.0
0.0
0.0
0.0
0.0
0.0
0.0
0.0
0.0
0.0
0.0
0.0
0.0
0.0126742749487
0.012577435154
0.0202717970238
0.017193465368
0.00106817228093
0.00150248408746
0.0012501137134
0.00230948237662
0.017985790961
0.00141151337123
0.00672302938354
0.0191596066544
0.000272912148699
0.000149661500899
0.000146726961666
0.000302257541032
0.0
0.0
0.0
0.0
0.0
0.0
0.0
0.0
0.00186343241316
0.00386185363105
0.00247381657369
0.00820497169637
0.0204830838486
0.0161458348617
0.0181178452265
0.0176982061162
0.000155530579366
0.000267043070232
2.05417746333e-05
7.62980200664e-05
0.00255891821146
0.0091586969472
0.00472460816565
0.00500925847128
0.0
0.0
0.0
0.0
0.0
0.0
0.0
0.0
0.0093435729189
0.00895327920087
0.00885643940617
0.0089914282109
0.00228894060199
0.00760339115354
0.017469312056
0.00671716030507
0.0179271001764
0.0178038495286
0.0170995601126
0.0169322913763
2.34763138666e-05
0.000202483207099
0.00500045485358
0.0125598279186
0.0
0.0
0.0
0.0
0.0
0.0
0.0
0.0
0.000771783818364
0.00920564957493
0.00746840234881
0.000255304913299
0.000255304913299
0.000255304913299
0.000255304913299
0.000255304913299
0.000721896651397
0.0128004601358
0.00941106732126
0.0
0.0
0.0
0.0
0.0
0.0
0.0
0.0
2.93453923332e-05
0.0147489941867
0.00235056592589
0.0
0.00307246257729
0.00701941784611
0.00721603197474
0.00731287176944
0.00679932740361
0.00644131361714
0.00685214910981
0.00280541950706
0.0
0.0
0.0
0.0
0.0
0.0
0.0
0.0
0.0
2.93453923332e-06
8.80361769997e-06
0.0
0.0
0.0
0.0
0.0
0.0
1.17381569333e-05
0.0
1.17381569333e-05
0.0
2.05417746333e-05
0.000137923343966
0.000134988804733
0.000293453923332
0.000895034466163
0.00088329630923
0.000939052554663
0.0190451596243
0.0
0.0
0.00093611801543
0.000941987093896
0.0
0.0
0.0
0.0
0.0
0.0
0.0
0.0
0.000930248936963
0.00162280019603
0.0012237028603
0.0102386073851
0.0
0.0
0.0012237028603
0.000974267025463
0.0
0.0
0.0
0.0
0.0
0.0
0.0
0.0
0.0
0.0
0.0
0.0
0.0
0.0
0.0
0.0
0.0
0.0
0.0
0.0
0.0
0.0
0.0
0.0
0.0
0.0
0.0
0.0
0.0
0.0
0.0
0.0
0.0
0.0
0.0
0.0
0.0
0.0
0.0
0.0
0.0
0.0
2.93453923332e-05
4.98871669665e-05
0.00456320850782
0.00496817492201
0.000258239452532
0.0
0.0
0.0
0.0
0.0
0.0
0.0
0.0
0.0
0.0
0.0
0.0
0.0
0.0
0.0
0.0
2.93453923332e-06
0.0
0.0
0.0
0.0
0.0
0.0
0.0
0.0
0.0
0.0
0.0
0.0
0.000660271327498
0.0
0.0
0.0
0.0
0.0
0.0
0.0
0.0
0.0
0.0
0.0
0.0
0.0
0.0
0.0
0.0
1.17381569333e-05
0.000249435834832
2.93453923332e-05
0.000328668394132
0.00154650217596
0.0
0.0
0.0
0.0
0.0
0.0
0.0
0.00216275541496
0.0
0.0
0.00260000176072
0.00344808359915
0.00344808359915
0.00344808359915
0.0
0.0
0.00277607411472
0.0161751802541
0.000683747641364
0.000851016377663
0.0
0.0
2.93453923332e-06
0.0
0.0
0.0
8.80361769997e-06
1.46726961666e-05
2.64108530999e-05
7.04289415997e-05
0.000757111122197
0.0
0.0
0.0
0.000164334197066
0.00674944023664
0.000211286824799
0.0
2.93453923332e-06
1.76072353999e-05
4.98871669665e-05
2.05417746333e-05
0.000143792422433
2.93453923332e-05
0.00260587083919
0.00258826360379
2.93453923332e-06
2.93453923332e-06
5.86907846664e-06
1.17381569333e-05
2.64108530999e-05
6.16253238998e-05
5.86907846664e-06
0.0
0.0
8.2167098533e-05
0.0
0.0
0.000713093033697
0.00123544101723
0.0
0.0
5.86907846664e-06
5.86907846664e-06
5.86907846664e-06
0.0
0.000651467709798
0.000868623613063
5.86907846664e-06
5.86907846664e-06
0.000965463407763
0.00532325416925
0.00088329630923
0.000443115424232
5.86907846664e-06
5.86907846664e-06
0.0144936892734
5.86907846664e-06
0.00880948677843
0.00422867103522
5.86907846664e-06
2.93453923332e-06
3.81490100332e-05
0.00877720684687
5.28217061998e-05
0.0
2.93453923332e-06
0.0117557641687
0.0208322940174
0.0177363551262
0.0126097150856
0.0126097150856
0.0126097150856
0.0177363551262
0.0
0.000490068051965
0.0258797014987
0.000921445319263
0.00265869254539
8.51016377663e-05
0.0
0.000475395355798
0.00380903192485
0.00502393116745
0.0208997884197
0.00206004654179
0.00112979760483
0.00112979760483
0.01768353342
0.0120844325628
