0.0
0.0
0.0
0.0
0.0
0.0
0.0
0.0
0.0
0.0
0.0
0.0
0.0
0.0
0.0
0.0
0.0
0.0
0.0
0.0
0.0
0.0
0.0
0.0
0.0
0.0
0.0
5.41926031713e-05
0.00105542503834
0.000895892906481
0.000439138252401
0.000490893684191
-9.71445146547e-17
5.55111512313e-17
0.0
0.00021622196955
-0.000769370355435
-0.00201866220832
-0.00530356947902
0.000355606975208
0.0
-3.46944695195e-18
0.000288391887248
-0.000607993701417
-0.00273075367764
-0.00295502271328
-0.00935306687956
-0.00290803395896
0.00293183068212
0.0029060875896
0.00246207342954
0.00215470141824
0.00188354785835
-0.00579950501266
-0.0098673440132
-0.00721107746166
0.00232114959693
0.00256638102116
0.00106371292592
0.00670234751423
0.00754587007861
-0.0146343381536
-0.00894193655647
-0.0126545450857
-0.00263739984522
-0.00876704313201
-0.00937343532551
-0.00909253494749
-0.0142310858403
-0.0045130560128
0.00134416532752
-0.00448053207455
-0.00300658907926
-0.00279556407022
-0.00328552481342
-0.010477076541
-0.0105906939729
-0.0155592404843
-0.00351901545668
-0.0155592404843
0.0
0.0
0.0
0.0
0.0
-0.00230179950653
-0.00230179950653
-0.00230179950653
0.0
0.0
0.0
0.0
0.0
0.0
0.0
0.0
0.0
0.0
0.0
0.0
0.0
-0.0385874785438
-0.0330795353534
-0.0329349989603
0.0
0.0
0.0
0.0
-0.00329918934603
0.0087383129325
0.00396638549186
0.00344203087438
0.0
0.0
-1.58659550116e-06
0.000378149981335
-0.00905903066579
-0.0012779993453
0.00239782980467
0.00392116176589
0.00634510722067
0.00895774118188
0.0021200665472
0.00198799525042
-0.00330320545421
-0.00824152474137
0.002099999187
0.00227782809439
0.0011768285108
0.00453605457252
0.00100560998482
-0.0198293120997
0.000105071655623
-0.0184410990287
0.00487851875829
0.00263432669548
-0.0443134892648
-0.045446168338
-0.0177803630319
-0.0558971897668
-0.0566733061689
-0.0119250566656
0.00151431619824
-0.00108661735349
-0.0664397162611
-0.115478929242
-0.0558664461826
-0.00213008655412
-0.145969497308
-0.0185466627601
-0.0255908269747
-0.0185466627601
0.0
0.0
0.0
0.0
0.0
-0.0587670356274
-0.0587670356274
-0.0587670356274
0.0
0.0
0.0
0.0
0.0
0.0
0.0
0.0
-0.00787146483399
-0.0058630671437
-0.0061569424326
-0.00785192901331
0.000167099605557
-0.00114057580261
-0.00316294637858
-0.00127107842967
-0.00765463897999
-0.00486334371997
-0.00634833904113
-0.00659758161373
0.00014627241462
-0.00151742707959
-0.00351964284351
-0.00227152807404
-0.00586527365746
-0.00431761026442
-0.00550502004029
-0.00560961243649
6.60967203472e-05
-0.00279665827496
-0.00286495776481
-0.00137899361074
0.00092206490702
0.00126473873536
0.00015438261557
0.000614897499456
0.00241816087087
4.5823921054e-05
0.00150416484536
0.0017261142106
0.00815353192362
0.00745682027992
0.00765752235301
0.00824314688349
0.00512342157694
0.00474448472854
0.00577815601815
0.00788925567628
-0.00954316536684
-0.00929893233742
-0.00878925598364
-0.00901301561088
-0.00966904179855
-0.00810617950817
-0.00828394658799
-0.00824179220813
-0.00601157285946
-0.00876906887098
-0.0086068354311
-0.00637693713502
-0.0053569929399
-0.00709171042713
-0.0066420094367
-0.00775068147359
0.0
0.0
0.0
0.0
0.0
0.0
0.0
0.0
0.0
0.0
0.0
0.0
0.0
0.0
0.0
0.0
0.00789034470524
0.0115708017222
0.00943471055037
0.0108760121178
0.0
-0.000205014778197
-0.0243927400827
-0.00326784807424
0.00869794250093
0.0105200327854
0.00996586166394
0.00929119596456
0.0
-0.00553472971992
-0.0270380222162
-0.00723521662219
0.00899002033423
0.010341037955
0.0106058700811
0.0106548398812
-0.00140906734633
-0.00355139688627
-0.0030020940043
0.00569010651248
0.00821661780387
0.0101059982059
0.00899490364922
0.00965267999151
0.00248477437842
0.00740925224151
0.0071438718475
0.0103005836469
0.00591374943635
0.00762077950579
0.00517259105832
0.00576835345621
0.0051485530419
0.00508891334692
0.00525562250431
0.00933880514557
-0.00773966703527
-0.0111564075321
-0.00887161741137
-0.008340282198
-0.00960967966039
-0.00870925041329
-0.0122370624794
-0.00811521315798
-0.0631111372289
-0.0744644203162
-0.0706508359952
-0.0722830163999
-0.0713576876833
-0.0657925851465
-0.064682104182
-0.0617037463751
-0.0722994308175
-0.0727254558835
-0.0821845060904
-0.0883742302878
-0.0826975577184
-0.0816355241163
-0.0745228078813
-0.0849897707781
0.0
0.0
0.0
0.0
0.0
0.0
0.0
0.0
-0.00865590740252
-0.00921471033317
-0.0076609905672
-0.0097023918238
-0.00758821676314
-0.00483965477703
0.00291774978277
-0.00898271736184
-0.00790214433587
-0.008398517377
-0.00756139601506
-0.00933691589673
-0.00697283688827
-0.00280828016506
0.00242149021087
-0.00811442459596
-0.00662161966486
-0.00683075476227
-0.00637946696116
-0.00726038702677
-0.00563220816982
-0.00101719401378
0.00222192468972
-0.00737309573661
0.000795215213539
-0.000422368122058
-0.000164169776934
-0.000834334718377
0.000196069587171
0.00674712996712
0.00141886068306
0.000628377670509
0.00872958262888
0.00796446481439
0.00796431182149
0.00809603669462
0.00701068390544
0.0115508096096
0.000572129057887
0.00871329633217
-0.00915598441763
-0.00976921484253
-0.0087287135954
-0.0100672549292
-0.00574757146706
-0.00815536896614
3.02058018325e-05
-0.00893552338707
-0.00875312232654
-0.00660393485844
-0.00591770024831
-0.0101182208741
-0.00298212358123
-0.0105906939729
0.0
-0.00737517582805
0.0
0.0
0.0
0.0
0.0
0.0
0.0
0.0
0.0
0.0
0.0
0.0
0.0
0.0
0.0
0.0
0.0114196878376
0.0103337950518
0.00844787262924
0.0101378009055
0.0105740666386
0.0104534738803
0.0035645129455
0.0110996186638
0.0100396494248
0.0106105555054
0.00875376383946
0.00946256439326
0.0112115271058
0.0092531169576
0.00312352343593
0.010027106737
0.0104550123374
0.0113226045449
0.00979856764221
0.0101426565209
0.0104354205677
0.010271924642
0.00243978569299
0.0102606703426
0.0110138301193
0.0118678827659
0.00956455215653
0.0106094705104
0.0122071083172
0.0104280014258
0.00160299493909
0.0109092128338
0.0075225927505
0.00653114600867
0.00561923052162
0.00470330922615
0.00857670299085
0.00707090894883
0.00123894573377
0.00723345871319
-0.00898635409371
-0.00878300255407
-0.012116755669
-0.0118386717661
-0.00861831269292
-0.0116516773523
-9.01390386112e-05
-0.00742271031112
-0.0699711894213
-0.0751687072864
-0.0840417748767
-0.0774082405089
-0.0687699281461
-0.038109453187
-0.0048190382256
-0.0609175930057
-0.0846267024437
-0.0837527482346
-0.0864582531599
-0.0830300613039
-0.0719365077812
-0.0576961976416
-0.0241261621035
-0.0698754157593
0.0
0.0
0.0
0.0
0.0
0.0
0.0
0.0
0.0
0.0
0.0
0.0
0.0
0.0
0.00286829314938
0.00148484082957
0.00152774366019
0.0016778530122
0.00104275245046
0.000196526697149
0.000493033464944
0.000341776625903
0.0
0.0
0.0
0.0
0.0
0.0
0.0
0.0
0.0
0.0
0.000298425292716
0.000939142255357
0.00461520300415
0.00426565522097
-0.0258766096581
-0.0148119604266
0.0
0.0
0.00133293461045
0.000227582276047
0.0
0.0
0.0
0.0
0.0
0.0
0.00349817037737
0.00323444629231
0.00222026432304
0.00322752521792
0.00397435757416
0.00262986559049
0.00206636958988
0.00149467058104
0.0
0.0
0.0
0.0
0.0
0.0
0.0
0.0
0.0
0.0
0.0
0.0
0.0
0.0
0.0
0.0
0.0
0.0
0.0
0.0
0.0
0.0
0.0
0.0
0.00482999018201
0.00520448395991
0.00684298825282
0.00523606864959
0.0046120738788
0.00626470149388
0.00684298825282
0.00433087174747
-9.37034592217e-05
0.00154185162284
0.00529977447755
0.00690928817111
0.0
0.0
0.0
0.0
0.0
0.0
0.0
0.0
0.0
0.0
0.0
0.0
0.00693662820197
0.000243707604175
0.0
0.0
0.00181402563876
0.0
0.0
0.0
0.0
0.0
0.0
0.0
0.0
0.0
0.0
0.0
0.0
0.0
0.0
0.0
0.000810427212741
0.0
0.0
0.0
0.0
0.00584192989193
0.00573299120993
0.0
0.0
0.0
0.0
0.0
-0.0769882512221
-0.0755476025704
-0.0699535651344
-0.0568846913837
-0.0219087062128
-0.0430905952654
-0.0546097156117
-0.0694413458236
-0.000934742377679
0.00279707194633
0.00375217469062
0.000306101285489
0.0033726635655
-0.116617262418
-0.143398920893
-0.144431988841
-8.39993225182e-05
-0.000164288030293
-0.000141298472596
-0.000287245227386
-0.000560616953011
-0.000400324865027
-0.000340309293948
-0.000155145369509
-0.00033353116685
-0.000124614177083
-0.000294625354974
-3.20198450193e-05
-1.75041188674e-05
0.000138586238395
7.92528321569e-05
0.000413244678667
0.000591946017855
0.000809027652517
0.000264432575897
0.000710497607146
0.000977409356239
0.000984789836918
0.000984789836918
0.000984789836918
0.00101341776268
0.0026905879405
0.00272496461362
0.00308072867241
0.00334989084559
0.00336958252255
0.00336958252255
0.00336958252255
-8.02350814766e-05
-0.000379875561605
-0.000447817660855
-0.000369410125262
-0.00019495297872
0.000146078164397
0.000227090159751
-0.000387353217172
-1.43950448996e-05
6.39175082924e-05
4.25985339326e-05
-0.000125965962917
-0.000544808893351
7.67345080452e-06
0.000443323749129
0.000161124116395
0.0
0.0
0.0
0.0
0.0
0.0
0.0
0.0
0.0
0.0
0.0
0.0
0.0
0.0
0.0
0.0
-0.0447586484387
-0.0219249811948
-0.0305667595431
-0.0334199741139
-0.00486342369555
-0.00433127225334
-0.00470804635613
-0.00759350761438
-0.0255589886814
-0.00342459801681
-0.00588357271959
-0.0149050459519
-0.0013471996067
-0.00045496014606
-0.000373918660414
-0.000970992805374
0.0
0.0
0.0
0.0
0.0
0.0
0.0
0.0
-0.00115875244536
-0.00144764399179
-0.00123841534696
-0.000415083826604
0.000843362162775
-0.0105379000483
-0.00951079507697
-0.0134811660557
0.000140696944295
0.00029090171437
6.43178880311e-05
0.000286790243795
0.000119748743761
-0.00500945938008
-0.00324787465412
-0.00511574212261
0.0
0.0
0.0
0.0
0.0
0.0
0.0
0.0
0.00358045699179
0.00338381396196
0.00357295273553
0.00383019763943
-0.00162252955247
4.08291427664e-05
0.00231782615021
0.00300114744231
0.005193095064
0.00494604058132
0.00502913285619
0.00483770316752
-3.78827112777e-05
0.000254003756553
0.0016231496595
0.00423998821503
0.0
0.0
0.0
0.0
0.0
0.0
0.0
0.0
-0.00208511249796
-0.00689228365213
0.0118508637919
-0.00056255501348
-0.00056255501348
-0.00056255501348
-0.00056255501348
-0.00056255501348
-0.0230555707841
-0.0131299338492
0.0248648634487
0.0
0.0
0.0
0.0
0.0
0.0
0.0
0.0
-0.00305566193177
-0.110654218371
-0.0374833643006
0.0
0.00591372038161
-0.0795139300256
-0.0850642731305
-0.0862442700356
-0.0763442673678
-0.0797967817259
-0.0789933845178
-0.0537830272738
0.0
0.0
0.0
0.0
0.0
0.0
0.0
0.0
0.0
0.000213647968975
-7.56551237752e-06
0.0
0.0
0.0
0.0
0.0
0.0
0.000107223678268
0.0
0.000124523042114
0.0
0.000112675013259
0.000448423662321
-0.00124449141373
-0.00180877296984
0.00106759021706
0.000542407224701
0.000526415963681
0.00926565077127
0.0
0.0
0.00116885340452
0.00102951534427
0.0
0.0
0.0
0.0
0.0
0.0
0.0
0.0
-0.000195877591773
-0.000165133755605
-0.000800346162388
0.0026593598368
0.0
0.0
-0.000800346162388
-0.0018071595251
0.0
0.0
0.0
0.0
0.0
0.0
0.0
0.0
0.0
0.0
0.0
0.0
0.0
0.0
0.0
0.0
0.0
0.0
0.0
0.0
0.0
0.0
0.0
0.0
0.0
0.0
0.0
0.0
0.0
0.0
0.0
0.0
0.0
0.0
0.0
0.0
0.0
0.0
0.0
0.0
0.0
0.0
0.000289804392988
0.000206724952638
0.00385523855963
0.00351985229741
-0.000519788191286
0.0
0.0
0.0
0.0
0.0
0.0
0.0
0.0
0.0
0.0
0.0
0.0
0.0
0.0
0.0
0.0
-5.71638017558e-05
0.0
0.0
0.0
0.0
0.0
0.0
0.0
0.0
0.0
0.0
0.0
0.0
0.000935138555301
0.0
0.0
0.0
0.0
0.0
0.0
0.0
0.0
0.0
0.0
0.0
0.0
0.0
0.0
0.0
0.0
0.000203761705095
0.000322539860759
-0.000472025513052
0.000528845186333
-0.00234029936467
0.0
0.0
0.0
0.0
0.0
0.0
0.0
0.00173537584122
0.0
0.0
-0.00039881492838
0.000329517936818
0.000329517936818
0.000329517936818
0.0
0.0
0.00233082885237
0.00313956244208
0.00154100489091
0.000417021492132
0.0
0.0
0.0
0.0
0.0
0.0
0.000134544501285
0.000356508279501
1.99641594962e-05
-0.0024539964366
0.000442660117465
0.0
0.0
0.0
0.000529250004762
0.00465517855617
-0.00318681318083
0.0
4.36470014093e-05
0.000295653266919
0.000405691274811
0.000272511266554
-9.64365818435e-05
0.000262148889507
0.00152498064194
0.00145033673054
0.0
0.0
0.000370131191055
0.000358527397406
-0.000402078913065
0.000184399703687
0.0
0.0
0.0
-0.000276264772591
0.0
0.0
0.000484169255272
0.000451081754621
0.0
0.0
0.000398843419193
0.000398843419193
0.000398843419193
0.0
-0.00274730970438
-0.00210370437615
0.000398843419193
0.000398843419193
0.000624925303218
0.00272961114381
-0.00247945402356
0.000928088667413
0.000398843419193
0.000398843419193
0.00349980699742
0.000398843419193
0.00774404624668
0.00530951374797
0.000213365569885
0.0
0.000113960769895
0.00775904396109
0.000187364484112
0.0
0.0
0.00173527047101
-0.0323328435448
0.0107155971948
0.0100322445291
0.0100322445291
0.0100322445291
0.0107155971948
0.0
-0.00107626549986
-0.0548088907365
-0.00302940020247
-0.00337745076939
-0.000101119798376
0.0
-0.000381168950929
0.00482292651258
-0.00789998227287
-0.0487024032287
-0.0126767018409
0.00152830597748
0.00152830597748
0.00952949605646
0.00802908763729
0.0
0.0
0.0
0.0
0.0
0.0
0.0
0.0
0.0
0.0
0.0
0.0
0.0
0.0
0.0
0.0
0.0
0.0
0.0
0.0
0.0
0.0
0.0
0.0
0.0
0.0
0.0
0.000213612892169
-0.00122697927705
-0.0041215440649
-0.00439318148581
-0.0046408214019
0.0
0.0
0.0
0.000212361243969
-0.00127999713527
0.00242190044998
0.00547142950485
0.00120180392169
0.0
0.0
0.000466084336114
0.000766481563866
-0.00119197456165
-0.00156176503326
0.00511806677518
0.00234770642464
0.00197765258531
0.000606867552407
0.000431718793599
0.000657589227526
-0.00549496939886
0.00282328630594
0.00183866619599
0.00645065462402
-0.00257064407052
-0.0081832346117
-0.00314661212065
0.00162451903332
-0.0176160206313
0.00877734593061
-0.0097733306525
0.0121546487911
-0.00762153869194
-0.00576573309265
-0.00257406520633
-0.0133907485076
-0.00911061939905
-0.00957521330711
-0.000724787603697
-0.00858298322596
-0.00843197360066
-0.0120867236691
-0.00294703370454
-0.00328137495498
-0.015647108385
-0.0105906939729
0.0
-0.0105906939729
0.0
0.0
0.0
0.0
0.0
0.0
0.0
0.0
0.0
0.0
0.0
0.0
0.0
0.0
0.0
0.0
0.0
0.0
0.0
0.0
0.0
-0.001742044519
-0.00160821099908
-0.00160821099908
0.0
0.0
0.0
0.0
-0.0137325535617
-0.000987221381475
0.0222137093236
0.00231839183702
0.0
0.0
-4.37941502513e-05
-0.000721344205131
-0.0182931241508
-0.0212522246063
0.0198382345702
0.0151036589187
0.00282571532493
0.00285632948696
0.00215563053958
-0.00294989788285
-0.00198856642158
0.00939682784128
-0.0118868507658
0.0248648634487
0.00187373759128
-0.00580731742471
-0.00262255178779
-0.00329636527762
-0.0149590191239
0.00975190651406
-0.104165665337
0.0100863502821
-0.00798810429629
-0.0235741373823
-0.00633120537952
-0.00551787556021
-0.058151808001
-0.0734392521777
-0.0688322818567
-0.0742884292872
-0.00655923977831
-0.00440622109302
-0.00283748133885
-0.00459693981633
-0.00527954506041
-0.145969497308
0.0
-0.145969497308
0.0
0.0
0.0
0.0
0.0
0.0
0.0
0.0
0.0
0.0
0.0
0.0
0.0
0.0
0.0
0.0
-0.00819298251955
-0.00553491249025
-0.00725724062808
-0.00758208736096
1.59922894246e-05
-0.00109728169178
-0.000627745663564
-0.00191232390412
-0.00698278658042
-0.0060435847195
-0.00561265302301
-0.00734468052877
0.00031888731676
-0.00152647019962
-0.00268533475603
-0.00219294035498
-0.00794317652513
-0.00684336679139
-0.00670899168072
-0.00825710960887
-4.95187574454e-05
-0.00398571738336
-0.00317853486926
-0.00397257873106
-0.00979781955052
-0.00921412395405
-0.00920273630967
-0.00967618634923
-0.00474178778667
-0.00596449363948
-0.00642653412966
-0.0083651471752
-0.0115532408114
-0.0116823727983
-0.0109862714276
-0.0112122758204
-0.0101270626917
-0.0102539168728
-0.0103978708994
-0.0125270662876
-0.00949039555182
-0.00916888164073
-0.00953554144265
-0.00921203073053
-0.0104150124063
-0.0114544552331
-0.00848321218654
-0.00911375583025
-0.00994066692628
-0.0119324998204
-0.0101415416061
-0.0112431625935
-0.0110620550407
-0.00867358193571
-0.0106170361686
-0.0108424287641
0.0
0.0
0.0
0.0
0.0
0.0
0.0
0.0
0.0
0.0
0.0
0.0
0.0
0.0
0.0
0.0
0.00941589128734
0.0108649502661
0.011129825085
0.0106930424854
0.0
0.00012172031646
-0.0325604715007
0.00118879542153
0.00721133647052
0.0109746319781
0.00948210108326
0.0103473054176
0.0
-0.0135341468392
-0.0191840442646
-0.00401710673652
0.00840899837761
0.0117145437234
0.0103952467374
0.0101235932916
-0.000399025030321
-0.00174248676302
-0.000209854779382
0.00959518799847
0.0100023291406
0.0115388691521
0.0106362166695
0.00825777784379
0.00215690366029
0.00241483399761
0.00717902859892
0.010658779042
0.00620759456226
0.00528996550009
0.00608024113925
0.00460837742207
0.00642254077717
0.00653856856683
0.00479628160515
0.00663786389183
-0.00793070610348
-0.0114286780811
-0.00861109030272
-0.00944517223225
-0.0144765875274
-0.0089074977371
-0.00862702813439
-0.00932418382745
-0.0637218421082
-0.0651798952438
-0.0746917075863
-0.0682647374077
-0.0636800587953
-0.0723138582383
-0.0629710018799
-0.0696621208044
-0.0621599384647
-0.0698403477389
-0.0775837094693
-0.0727589066063
-0.0743144683378
-0.0736060991867
-0.0659296794831
-0.0614321469063
0.0
0.0
0.0
0.0
0.0
0.0
0.0
0.0
-0.00932100784998
-0.00950295752859
-0.00956054647074
-0.0103516435252
-0.00912283198928
-0.00441738073328
-0.00253193093133
-0.00912876662089
-0.00804096412176
-0.0084344291985
-0.00845506945978
-0.00939354911687
-0.00719944188851
-0.00294379513362
-0.00112997913744
-0.00806482311609
-0.00868775587629
-0.00935641879899
-0.00921267309295
-0.00969839220548
-0.00827921845575
-0.00498133361999
-0.00131805258167
-0.00887009821659
-0.0101539698704
-0.0100266320563
-0.0100585510359
-0.0105720411521
-0.00946055554256
-0.00786037357452
-0.000940427717636
-0.00985718429929
-0.011591864846
-0.0118934521226
-0.0116908253891
-0.0118722887409
-0.00971354054167
-0.0135700785727
-0.00138585667005
-0.0114293447084
-0.00992815482208
-0.0102085090202
-0.00937521731822
-0.0100191859276
-0.00691751393039
-0.00833190909618
-0.00090727395936
-0.00872059405827
-0.00898818892667
-0.0115829699117
-0.011688459467
-0.0119475540784
-0.00612527431297
-0.015647108385
0.0
-0.0136160286692
0.0
0.0
0.0
0.0
0.0
0.0
0.0
0.0
0.0
0.0
0.0
0.0
0.0
0.0
0.0
0.0
0.011451544369
0.0103348067332
0.00902507666943
0.00929511854208
0.0118968742302
0.0104370383926
0.00244912842993
0.0104031395124
0.0109518033186
0.011514634455
0.00825671886265
0.0103629200693
0.0102184291186
0.0103322190734
0.00201441776231
0.0100923439618
0.0114133744521
0.0110238302174
0.0101747532099
0.0103986385133
0.0118300609234
0.00914155317637
0.000594809297119
0.0103548278839
0.0119702170312
0.0109651722579
0.00962308932455
0.00888940978587
0.011800632707
0.0097758182711
0.000699124135998
0.0102461037322
0.00593965393352
0.00607521332256
0.00411934688404
0.00482608632285
0.00635080791365
0.00724753114755
-0.00384990078834
0.00786626587255
-0.0114359317756
-0.00937719224682
-0.0131649125523
-0.0116618812532
-0.00907508064359
-0.0169373306935
-0.0131163780629
-0.00779062421918
-0.0735355485389
-0.0738288693769
-0.0801928239293
-0.0753095807023
-0.0649334024072
-0.0266763183097
-0.0241261621035
-0.0646155420791
-0.0640097928539
-0.0739886093279
-0.083113542872
-0.0793906597196
-0.0707264529499
0.0
-0.0217317096279
-0.0570633441919
0.0
0.0
0.0
0.0
0.0
0.0
0.0
0.0
0.0
0.0
0.0
0.0
0.0
0.0
0.00282353798009
0.00249235597196
0.00197857975176
0.00109865786902
0.000474033996741
0.000580380295791
0.000341776625903
0.0
0.0
0.0
0.0
0.0
0.0
0.0
0.0
0.0
0.0
0.0
-2.6429994637e-05
-0.000243564492859
-0.00178362203728
-0.00568422453426
-0.0271247625498
-0.0212115375415
-0.0148119604266
0.0
0.000227582276047
0.0
0.0
0.0
0.0
0.0
0.0
0.0
0.00304312795714
0.00370542358639
0.0029963144621
0.00301104706331
0.00390166272962
0.00255014597597
0.00149467058104
0.00135125683892
0.0
0.0
0.0
0.0
0.0
0.0
0.0
0.0
0.0
0.0
0.0
0.0
0.0
0.0
0.0
0.0
0.0
0.0
0.0
0.0
0.0
0.0
0.0
0.0
0.000166754496277
-0.000513321504172
-0.000470961617624
-0.000490977636678
-0.000165297825897
0.000179971799643
-0.000470961617624
-5.03747379548e-05
0.000796427702196
-0.00240227475019
0.00205072203152
0.0020416088966
0.0
0.0
0.0
0.0
0.0
0.0
0.0
0.0
0.0
0.0
0.0
0.0
0.00262843569454
0.000806037680568
0.0
0.0
0.000758451310701
0.0
0.0
0.0
0.0
0.0
0.0
0.0
0.0
0.0
0.0
0.0
0.0
0.0
0.0
0.0
0.000640745616282
0.0
0.0
0.0
0.0
-0.0565706944094
-0.147541627832
0.0
0.0
0.0
0.0
0.0
-0.081377878639
-0.0751366038912
-0.0462991848988
-0.083684268094
-0.0198615466583
-0.0453345188941
-0.0614883900477
-0.064397286362
-0.00948526517517
-0.0586735396289
-0.0909205408348
-0.0979313330619
-0.095448198584
0.00584941767819
0.00395238225193
0.0042863194783
-0.00361859354571
-0.0047208225817
-0.00419041224213
-0.00437952487469
-0.00221178962357
-0.00470615536622
-0.00666263783021
-0.0138992452794
-0.00263432803741
-0.00353024742219
-0.00352760773247
-0.00305028645895
-0.00125829724844
-0.00184025835909
-0.00527310982497
-0.00977982349427
-0.0309131607837
-0.0804704257111
-0.105711047047
-0.120189080193
-0.122756284816
-0.122785378603
-0.122785378603
-0.122785378603
-0.0205176724201
-0.0766434063124
-0.107336748113
-0.123636006915
-0.126894671906
-0.126981557935
-0.126981557935
-0.126981557935
-0.00362088506715
-0.00228231532956
-0.00292470928111
-0.00425761915132
-0.00465608586906
-0.00824737491271
-0.0102634093649
-0.00706711139147
-0.00474375950823
-0.00198808348549
-0.00258599123543
-0.00387870483709
-0.00482186191935
-0.00870668336666
-0.0112165150961
-0.00454630556995
0.0
0.0
0.0
0.0
0.0
0.0
0.0
0.0
0.0
0.0
0.0
0.0
0.0
0.0
0.0
0.0
-0.0433710269575
-0.0217034181544
-0.0235529038662
-0.0409611123009
-0.00428720235604
-0.0066756531061
-0.0046373047922
-0.00930959330372
-0.0223393414983
-0.00262125336787
-0.00593863750747
-0.0176035274771
-0.000847635271776
-0.00063010332794
-0.00047466029613
-0.00151272688827
0.0
0.0
0.0
0.0
0.0
0.0
0.0
0.0
-0.00238328018999
-0.00243906024712
-0.00177047638039
-0.00304619070882
-0.00704258547813
0.00234993713493
0.0039463747673
0.0048398372634
-0.000653576798326
-0.000495430918481
9.66455892466e-05
0.000107879674316
-0.00200132808421
0.00195704571078
0.00243723360678
0.00290416218466
0.0
0.0
0.0
0.0
0.0
0.0
0.0
0.0
-0.00853204867437
-0.00805788940593
-0.00868165744972
-0.00850903061974
-0.00239718884101
-0.000757171178949
-0.0012724048131
-0.00104680671863
-0.00700137691367
-0.00635785978747
-0.00638416617391
-0.00712595226766
1.37845238486e-05
-0.000944239549329
0.000218992042272
-4.31602517684e-05
0.0
0.0
0.0
0.0
0.0
0.0
0.0
0.0
-0.00185267564739
0.0029931763793
-0.0134283897588
-0.00028097699123
-0.00028097699123
-0.00028097699123
-0.00028097699123
-0.00028097699123
-0.0112170658435
0.0218371027882
0.00259022824893
0.0
0.0
0.0
0.0
0.0
0.0
0.0
0.0
0.000251225191446
0.00491206346753
0.00137246929441
0.0
-0.0374833643006
-0.0861266238485
-0.0789426273032
-0.079919615263
-0.0864033887632
-0.0781791905341
-0.0838415457896
-0.0487692136502
0.0
0.0
0.0
0.0
0.0
0.0
0.0
0.0
0.0
9.02341793844e-05
6.19969627493e-05
0.0
0.0
0.0
0.0
0.0
0.0
0.000164071113023
0.0
1.18782652081e-05
0.0
7.00484685346e-05
0.000445591932877
0.000436077003509
0.000800757439722
0.00119571794769
0.00121068147665
0.00108642338558
0.00752594060041
0.0
0.0
0.000946985499994
0.000526415963681
0.0
0.0
0.0
0.0
0.0
0.0
0.0
0.0
-0.00112912196108
-0.000542461389918
-0.00141003881679
0.00402365531131
0.0
0.0
-0.00141003881679
-6.65367507011e-05
0.0
0.0
0.0
0.0
0.0
0.0
0.0
0.0
0.0
0.0
0.0
0.0
0.0
0.0
0.0
0.0
0.0
0.0
0.0
0.0
0.0
0.0
0.0
0.0
0.0
0.0
0.0
0.0
0.0
0.0
0.0
0.0
0.0
0.0
0.0
0.0
0.0
0.0
0.0
0.0
0.0
0.0
0.000288147739116
0.000346414876614
0.00264402672395
0.0027078378646
0.000431919817519
0.0
0.0
0.0
0.0
0.0
0.0
0.0
0.0
0.0
0.0
0.0
0.0
0.0
0.0
0.0
0.0
7.71755455668e-05
0.0
0.0
0.0
0.0
0.0
0.0
0.0
0.0
0.0
0.0
0.0
0.0
0.00107916077502
0.0
0.0
0.0
0.0
0.0
0.0
0.0
0.0
0.0
0.0
0.0
0.0
0.0
0.0
0.0
0.0
-0.000205198768491
0.000841177311111
0.000475436390486
-0.000296930622626
0.000825086022428
0.0
0.0
0.0
0.0
0.0
0.0
0.0
-0.000180674752288
0.0
0.0
0.00189337189163
0.0020699690089
0.0020699690089
0.0020699690089
0.0
0.0
0.000838492844315
0.0057926348293
0.000553393739465
0.000508517424752
0.0
0.0
0.000108460210388
0.0
0.0
0.0
7.68908244916e-05
3.62104157111e-05
0.000391620769067
0.0007005966059
-3.05733961034e-05
0.0
0.0
0.0
0.000457660642119
0.00281247191301
0.0017778318305
0.0
2.61848555134e-05
-0.000188487426052
-0.000191368536503
0.000306593143706
0.000410142825615
0.00018480565017
0.000257287378895
0.000210387813827
8.83180431692e-05
8.83180431692e-05
0.000207730751766
0.000284892125149
0.00027279694291
1.99003154105e-05
0.00030787230543
0.0
0.0
0.000528312157414
0.0
0.0
0.00142575115946
0.00114719067908
0.0
0.0
0.000298000999805
0.000298000999805
0.000298000999805
0.0
-0.00122810058461
-0.00125223104284
0.000298000999805
0.000298000999805
-0.00481725197476
-0.00467014015915
0.000893988564144
-0.00178087046713
0.000298000999805
0.000298000999805
-0.00558593317005
0.000298000999805
-0.0394972362965
-0.0250850570926
0.000120919116736
0.000213647968975
0.000119616547394
-0.0391443970347
-0.000113790333323
0.0
0.000213647968975
-0.0169977313293
0.0070362682835
-0.0551586179968
-0.048469529592
-0.048469529592
-0.048469529592
-0.0551586179968
0.0
0.000424998265188
0.00936268239453
0.000759979476447
0.00290703610112
0.00075473794503
0.0
0.000708370906087
-0.0248199032777
0.0030272612906
0.00867768788368
0.00235636013841
-0.0126767018409
-0.0126767018409
-0.0551146305792
-0.0452980921108
