0.0
0.0
0.0
0.0
0.0
0.0
0.0
0.0
0.0
0.0
0.0
0.0
0.0
0.0
0.0
0.0
0.0
0.0
0.0
0.0
0.0
0.0
0.0
0.0
0.0
0.0
0.0
-0.00108701970447
-0.00281493573931
-0.00495386205666
-0.00848873637031
-0.00876481641993
-1.38777878078e-17
0.0
-6.50521303491e-19
-0.00144038471017
-0.00901083827255
-0.0477233715027
-0.0743446518865
-0.0135948357915
3.30872245021e-24
0.0
-0.000995469956408
-0.0101291413556
-0.0155653411862
-0.0214326628414
-0.0944052468035
-0.04813559911
0.000118030009431
-0.00132522645239
-0.0014035553762
-0.0134950606074
-0.030193851398
-0.0670702842832
-0.0806443668337
-0.0816493519545
-0.000892509291157
-0.00327978909585
-0.00119061321272
-0.00776806118516
-0.0158540169757
-0.106826101678
-0.0388075132072
-0.109062094006
-0.00290201854465
-0.0120263249893
-0.00418300515312
-0.00925224783153
-0.0282521273837
-0.0377148682143
-0.0101356916639
-0.0380995281902
-0.00195461507813
-0.0012693704
-0.00103074921398
-0.00374293087445
-0.00394657080468
-0.0424407754582
-0.00774215413595
-0.0424407754582
0.0
0.0
0.0
0.0
0.0
-0.00183473330902
-0.00183473330902
-0.00183473330902
0.0
0.0
0.0
0.0
0.0
0.0
0.0
0.0
0.0
0.0
0.0
0.0
0.0
-0.0027044784466
-0.00261447831563
-0.00299084219109
0.0
0.0
0.0
0.0
-0.00202988795592
0.00365209048049
-0.00172801482864
0.00169018486412
0.0
0.0
-0.00174456924201
-0.00194681032564
-0.00568949293909
-0.00113136310642
-0.00599342566823
0.00129446826341
-0.0036084338839
-0.00225662215442
0.000855760541736
-0.00285727409365
-0.00279255681384
-0.0040469350003
0.000395437544917
-0.00351850784442
-0.00379390258651
-0.0018030705273
0.000476191726534
-0.00926153815716
-0.00502577339448
-0.00513267221352
-0.00289027320141
-0.00424044051174
-0.00607921341902
-0.0037000882393
-0.00165032346079
-0.00607919455033
-0.00678981517814
-0.0046273314633
-0.00128218048146
-0.00435603227882
-0.00241146014187
-0.00378068578881
-0.00221828353853
-0.00128050397387
-0.00490056663018
-0.00590204948453
-0.0024613862263
-0.00590204948453
0.0
0.0
0.0
0.0
0.0
-0.00200558203193
-0.00200558203193
-0.00200558203193
0.0
0.0
0.0
0.0
0.0
0.0
0.0
0.0
-0.0835062333295
-0.0795593230371
-0.0768693257707
-0.0870740455915
-0.000929897426471
-0.00557094151234
-0.01458080403
-0.0506406057017
-0.0850441309631
-0.0790523011834
-0.0804109724518
-0.0831517228593
-0.00221819639434
-0.0089949314927
-0.0217598584596
-0.0556281600862
-0.0733559185033
-0.0706370930935
-0.0741358611853
-0.0743854086355
-0.00673935071163
-0.0154832893319
-0.0256600286477
-0.0453587006642
-0.0426618361154
-0.0433006843323
-0.0475583819163
-0.0465357621597
-0.0138360765777
-0.0220621965605
-0.0288719773584
-0.0361027210128
-0.00988291238755
-0.00980771839461
-0.00943384992269
-0.00965873780318
-0.0110566710914
-0.0101979107577
-0.0104520298676
-0.0107064584682
-0.0160444538842
-0.0167517009675
-0.0162964973158
-0.0166866408198
-0.0127031940026
-0.0124654286361
-0.0158417145922
-0.0137201596061
-0.00246678978641
-0.00314135873492
-0.00273781112613
-0.00327396251478
-0.00367260216702
-0.00343158387309
-0.00350816373286
-0.00314030754848
0.0
0.0
0.0
0.0
0.0
0.0
0.0
0.0
0.0
0.0
0.0
0.0
0.0
0.0
0.0
0.0
-0.00199824982235
-0.00431594981236
-0.00467729860044
-0.00197589104881
0.0
-0.000708924848954
-0.00392624372875
-0.00162029003853
-0.00364885518468
-0.00195861643949
-0.00532643951091
-0.00469230798481
0.0
-0.00281555081415
-0.00573781437528
-0.00294181670026
-0.00323408573726
-0.00320400491981
-0.00481355327741
-0.00270369609453
-0.00228127429678
-0.00424324126769
-0.00421671786744
-0.00404122349149
-0.00184087947142
-0.0037948805518
-0.00304543657134
-0.0023129754817
-0.00487696005813
-0.00579878152243
-0.00435388970102
-0.00438124855355
-0.00235648597434
-0.00275021649296
-0.0028812525417
-0.00261826395906
-0.00517025950426
-0.00457332638013
-0.00348266835816
-0.00305307336532
-0.00203602925723
-0.00204762719512
-0.00183585939
-0.00197772874287
-0.00284571148431
-0.00268100125397
-0.00242994080822
-0.00214980291004
-0.00365367319797
-0.00392604721392
-0.00365278867638
-0.00361550358534
-0.00463443397005
-0.00388033765726
-0.00378673272196
-0.00375259430387
-0.00234272900901
-0.0024904475446
-0.00278275290964
-0.00293482629158
-0.00275779394839
-0.00264914903532
-0.00262633411732
-0.00280054587777
0.0
0.0
0.0
0.0
0.0
0.0
0.0
0.0
-0.0907878289039
-0.0950134395865
-0.0874496286677
-0.0988745168019
-0.0837768290218
-0.0508881175015
0.00271832251818
-0.0918470126469
-0.0901474271261
-0.0920036238367
-0.0871804075705
-0.0981854719126
-0.0838694749121
-0.0470131313334
0.00238770066092
-0.0904487019926
-0.0819875745765
-0.0809616456732
-0.0814612215512
-0.0847748778392
-0.074784686238
-0.0421075501286
0.00196193138762
-0.0854943209061
-0.0476185964581
-0.0499221794908
-0.0507709935189
-0.053236126933
-0.0447120762054
-0.0167953205258
0.00146649041226
-0.0490912373939
-0.00930676048867
-0.010784389785
-0.0104792049216
-0.0107485311372
-0.0068756771595
-0.00859659170946
0.000657895531123
-0.00932116859498
-0.0163271837883
-0.0181769385344
-0.0157399488068
-0.0178489029483
-0.0113594787045
-0.0105049093137
7.14404029243e-05
-0.0130320940549
-0.00209525470412
-0.00290849771949
-0.00293276268236
-0.00323096992691
-0.00180956818684
-0.00394657080468
0.0
-0.00350549223861
0.0
0.0
0.0
0.0
0.0
0.0
0.0
0.0
0.0
0.0
0.0
0.0
0.0
0.0
0.0
0.0
-0.00257838643812
-0.00339974514087
-0.00131435977762
-0.00365482895607
-0.00238346161483
-0.00204382600154
0.00378094381814
-0.00127079327621
-0.00339985542671
-0.0028489781669
-0.0024236387515
-0.0032340456376
-0.00304897708666
-0.00218684567639
0.00299662590442
-0.00210726387211
-0.0030280217503
-0.00319455856971
-0.00225612828512
-0.00337832754532
-0.00196407840551
-0.00514987845176
0.00255443431898
-0.00208900513119
-0.00276334403184
-0.00251297540101
-0.00264870793241
-0.00294386112128
-0.00328449669676
-0.00230711389648
0.00178170777143
-0.00145879393732
-0.00285491727483
-0.00226021370015
-0.00248968334966
-0.00268974685448
-0.00237947863203
-0.00155729338698
-2.58190651093e-05
-0.00208523817037
-0.00190436813842
-0.0018057986427
-0.00202731705451
-0.00202702314124
-0.00180899054753
-0.00241371553583
0.000114383245991
-0.001827484261
-0.00384914870923
-0.00416432243997
-0.00400781302779
-0.0038587461206
-0.00333192376688
-0.00242206967777
-0.000229390387328
-0.00306509085533
-0.00291380191701
-0.00261893786294
-0.00286918216722
-0.00277653564214
-0.00254124176998
-0.00190336516311
-0.000888973091324
-0.00224407930977
0.0
0.0
0.0
0.0
0.0
0.0
0.0
0.0
0.0
0.0
0.0
0.0
0.0
0.0
0.00856965595017
0.00640047926042
0.00445997285001
0.00345691953322
0.00250974542311
0.00219804377604
0.00133927946324
0.000460884489112
0.0
0.0
0.0
0.0
0.0
0.0
0.0
0.0
0.0
0.0
0.00121088007281
0.00299546277674
0.0079508789936
0.00677467324035
0.00672058136124
0.00386173008784
0.0
0.0
0.00134353778161
0.000208528109367
0.0
0.0
0.0
0.0
0.0
0.0
0.0033314375999
0.00331924973697
0.00224557406275
0.00376285600241
0.00379512940525
0.0024682375576
0.00176802216316
0.00153249907119
0.0
0.0
0.0
0.0
0.0
0.0
0.0
0.0
0.0
0.0
0.0
0.0
0.0
0.0
0.0
0.0
0.0
0.0
0.0
0.0
0.0
0.0
0.0
0.0
0.00572794013898
0.00471541214641
0.00697745079529
0.00468904760143
0.00485725193637
0.00626956226118
0.00697745079529
0.00472282929574
0.00164430375514
0.00293263468584
0.0071829886793
0.00665835261303
0.0
0.0
0.0
0.0
0.0
0.0
0.0
0.0
0.0
0.0
0.0
0.0
0.00647335066669
0.00419846996084
0.0
0.0
0.00374005951609
0.0
0.0
0.0
0.0
0.0
0.0
0.0
0.0
0.0
0.0
0.0
0.0
0.0
0.0
0.0
0.00244367357136
0.0
0.0
0.0
0.0
0.00264544067382
0.00808915011167
0.0
0.0
0.0
0.0
0.0
0.0172745707129
0.0179330765106
0.015211640312
0.0146579385113
0.0102559917734
0.0164222479197
0.0167975864976
0.0176949460073
0.00241455169615
0.00816788581255
0.00917738297576
0.00789705807283
0.00687692026582
0.0265324526278
0.0318788619509
0.031886665074
0.0023335916412
0.0024370439022
0.00260186014015
0.00272104932496
0.0027071492612
0.00300499024163
0.00361116608881
0.00497794248711
0.00211599985622
0.00253599194791
0.00259523315444
0.00250875382908
0.00204475261752
0.00230131972656
0.00309011954176
0.00425382540669
0.0073476324081
0.0120886327178
0.0117100300792
0.011334336228
0.0112661037516
0.0112645638424
0.0112645638424
0.0112645638424
0.00602157689898
0.0117892667065
0.0116129476912
0.0113137769253
0.0112496386558
0.0112450591416
0.0112450591416
0.0112450591416
0.00281090108914
0.00265530654244
0.00298532612586
0.00315478318994
0.00278315214213
0.00349242797492
0.0040586951259
0.0037259155633
0.00279766108495
0.00243925776837
0.00227054952095
0.0025302426809
0.00260241441496
0.00358355662653
0.00411226206855
0.00300332398712
0.0
0.0
0.0
0.0
0.0
0.0
0.0
0.0
0.0
0.0
0.0
0.0
0.0
0.0
0.0
0.0
0.0140805522563
0.010350837361
0.0132791315031
0.013759642045
0.00336860422959
0.00346906260292
0.00335269229773
0.00430172392072
0.0116593763857
0.00305318445988
0.00502369111363
0.0105682361997
0.00140594611104
0.000899771499705
0.000939328490084
0.001412052988
0.0
0.0
0.0
0.0
0.0
0.0
0.0
0.0
0.00358900195141
0.00481586832977
0.00396551308022
0.0065517350376
0.00960947271373
0.00894176068657
0.00917630295274
0.00954505796327
0.0010156944466
0.00136808177554
0.000524923525442
0.000828895308163
0.00353725921565
0.00540353459144
0.00377327011343
0.00420637907894
0.0
0.0
0.0
0.0
0.0
0.0
0.0
0.0
0.00721746374058
0.00709626775842
0.00700609858973
0.00704388542368
0.00413485849295
0.00663537667905
0.00929838885362
0.00602829312069
0.00849268059947
0.00837265609883
0.00830761144558
0.0083906960518
0.000527103130908
0.00135785514259
0.00496723830284
0.00693247535466
0.0
0.0
0.0
0.0
0.0
0.0
0.0
0.0
-0.0196464222934
-0.0694376834613
-0.00801568807096
-0.00744276760141
-0.00744276760141
-0.00744276760141
-0.00744276760141
-0.00744276760141
-0.00315458217374
-0.00480172117122
-0.00236034570274
0.0
0.0
0.0
0.0
0.0
0.0
0.0
0.0
0.000737693032735
0.0242518504631
0.00982807991359
0.0
0.00276824863809
0.0178701304102
0.0184221062825
0.0185575982027
0.0171837158478
0.0173121665006
0.0178990923611
0.0115031269093
0.0
0.0
0.0
0.0
0.0
0.0
0.0
0.0
0.0
0.000748262827723
-0.00076876458026
0.0
0.0
0.0
0.0
0.0
0.0
0.000297289646779
0.0
0.00021454125295
0.0
0.000265838978848
0.000499637340781
0.000449009953134
0.000742027113418
0.000374465232334
-0.0081840699642
-0.00832224984432
-0.0115575333359
0.0
0.0
0.000384380717641
0.000300721626959
0.0
0.0
0.0
0.0
0.0
0.0
0.0
0.0
-0.000418116462252
0.000362976277409
-0.000890871446681
0.000247517563182
0.0
0.0
-0.000890871446681
-0.00261566092478
0.0
0.0
0.0
0.0
0.0
0.0
0.0
0.0
0.0
0.0
0.0
0.0
0.0
0.0
0.0
0.0
0.0
0.0
0.0
0.0
0.0
0.0
0.0
0.0
0.0
0.0
0.0
0.0
0.0
0.0
0.0
0.0
0.0
0.0
0.0
0.0
0.0
0.0
0.0
0.0
0.0
0.0
-0.000276628141636
0.000691315644791
-0.00644250087515
-0.00704424548862
-0.010032763761
0.0
0.0
0.0
0.0
0.0
0.0
0.0
0.0
0.0
0.0
0.0
0.0
0.0
0.0
0.0
0.0
0.000260325850799
0.0
0.0
0.0
0.0
0.0
0.0
0.0
0.0
0.0
0.0
0.0
0.0
-1.58464918666e-06
0.0
0.0
0.0
0.0
0.0
0.0
0.0
0.0
0.0
0.0
0.0
0.0
0.0
0.0
0.0
0.0
8.89494913363e-05
0.000828793529802
0.000378079824634
0.000508909578609
-0.000407201083433
0.0
0.0
0.0
0.0
0.0
0.0
0.0
0.00185331968724
0.0
0.0
-0.0081955667747
-0.0142748019329
-0.0142748019329
-0.0142748019329
0.0
0.0
-0.000206238352853
0.00693772808692
-0.000248874476857
0.0035355300115
0.0
0.0
0.0
0.0
0.0
0.0
0.000140524309736
0.000248682373523
0.000135335655579
0.000521304863995
0.00131715655575
0.0
0.0
0.0
-0.0001223153002
-0.000728020242065
0.000364587617125
0.0
-0.000245620129298
0.000252230164773
0.000401014069787
0.000290216941451
0.000860325287448
0.000324872665853
0.00208661100071
0.00182263156614
0.0
0.0
0.000237601107438
0.000266858846444
0.000213096065872
0.000236834494781
0.0
0.0
0.0
-4.16182471996e-05
0.0
0.0
0.000515412550345
0.000774738455624
0.0
0.0
0.000231314809055
0.000231314809055
0.000231314809055
0.0
-0.00883002594849
-0.0129650511199
0.000231314809055
0.000231314809055
0.000883185954218
0.00240724404578
0.000802477580862
0.000605239200023
0.000231314809055
0.000231314809055
0.00326953951799
0.000231314809055
0.00337358340863
0.00223260088674
0.000589690191992
0.0
-2.36517583714e-05
0.00347692009678
0.00013910653689
0.0
0.0
0.00218691743857
-0.0030073028007
0.00430946128807
0.00339596885968
0.00339596885968
0.00339596885968
0.00430946128807
0.0
0.00155195833823
0.0187790443071
-0.00161925109927
0.000352066119176
0.000222118583127
0.0
0.000908100926268
0.000737016960507
0.00314524195446
0.0166654295801
0.00423826512541
0.00115250733742
0.00115250733742
0.0045854522856
0.00386470654958
0.0
0.0
0.0
0.0
0.0
0.0
0.0
0.0
0.0
0.0
0.0
0.0
0.0
0.0
0.0
0.0
0.0
0.0
0.0
0.0
0.0
0.0
0.0
0.0
0.0
0.0
0.0
9.65006258475e-05
-0.0108127320661
-0.0270032390551
-0.0293736919647
-0.0323923730287
0.0
0.0
0.0
-0.000285975942912
-0.00794056707305
-0.0173446649946
0.000735319080546
-0.0138263475737
0.0
0.0
-0.000521595691619
-5.78958862137e-05
-0.0113026023697
-0.0203130126574
-0.00107073820599
-0.015741954414
-0.00786818501247
-0.0174378576125
-0.00715945994479
-0.0229600164264
-0.0466959991338
-0.0326362026881
-0.00243765641198
-0.0141803458538
-0.0308521308713
-0.0617117165235
-0.0327431987739
-0.0146112889223
-0.111206419212
-0.0173381818848
-0.00324351032377
-0.00678284368022
-0.0199352831709
-0.0233279215723
-0.007235359697
-0.0213846003284
-0.0363616767562
-0.0142926862353
-0.00132140494783
-0.0110616842296
-0.0230995221647
-0.0329404321908
-0.00697900245366
-0.00126369538445
-0.0436150103869
-0.00394657080468
0.0
-0.00394657080468
0.0
0.0
0.0
0.0
0.0
0.0
0.0
0.0
0.0
0.0
0.0
0.0
0.0
0.0
0.0
0.0
0.0
0.0
0.0
0.0
0.0
-0.00331049382702
-0.00437204869719
-0.00437204869719
0.0
0.0
0.0
0.0
-0.000822745910821
-0.00344567729495
-0.00150877653339
-0.00137867404838
0.0
0.0
-0.000190998754073
-0.000477558190503
-0.00205277633856
-0.0027905834492
-0.00521285817474
-0.00149003965643
0.000119953081882
0.000807785361676
-0.00177929302266
-0.00490147505751
-0.00528286151594
-0.00281875548948
-0.00266682742761
-0.00236034570274
-0.0035151320277
-0.00554128751854
-0.0105390813356
-0.00742246294387
-0.00543512701368
-0.00279780255762
-0.00487572751802
-0.00239108420718
-0.00328024499255
-0.00512095013618
-0.00637244391305
-0.00715947687154
-0.00637398828057
-0.00502262153877
-0.00210205804807
-0.00508406284722
-0.00119739244594
-0.00139951768514
-0.00132016173092
-0.00545172377634
-0.00544946472203
-0.00490056663018
0.0
-0.00490056663018
0.0
0.0
0.0
0.0
0.0
0.0
0.0
0.0
0.0
0.0
0.0
0.0
0.0
0.0
0.0
0.0
-0.0869185946976
-0.0779406851367
-0.0843657883836
-0.0829398787339
-0.000318350901974
-0.00588809570842
-0.0150640872097
-0.0555049366218
-0.0795816267373
-0.0784019902983
-0.0789353785407
-0.085305129126
-0.00119629734808
-0.00791096727525
-0.0172616615
-0.055831721444
-0.0868193428839
-0.0861493973961
-0.0831290059071
-0.0926870505093
-0.0064198591974
-0.0141308856449
-0.0295306494705
-0.0624262904587
-0.0995919712715
-0.101203334001
-0.0965333975628
-0.101375267596
-0.0369999085098
-0.0562313767684
-0.0737926896571
-0.0903644324481
-0.0965846754467
-0.0983770878256
-0.0937111355731
-0.0968504633475
-0.0676468067647
-0.0829708898335
-0.0898291762481
-0.0969221551417
-0.0414127052705
-0.0394863353716
-0.0400834784404
-0.0388836603851
-0.0298203339497
-0.0336795752916
-0.0338092119182
-0.038303132888
-0.0276048163296
-0.0327769275299
-0.0279562766857
-0.031315963624
-0.0303214416195
-0.0230774930024
-0.0289252986169
-0.0291490598243
0.0
0.0
0.0
0.0
0.0
0.0
0.0
0.0
0.0
0.0
0.0
0.0
0.0
0.0
0.0
0.0
-0.00257968433483
-0.00202592920607
-0.00208008817431
-0.0050937558371
0.0
-0.00129158248433
-0.00523028821006
-0.00211544446475
-0.00225320817285
-0.00517819568931
-0.00251652541161
-0.00194258236534
0.0
-0.00352531553467
-0.0048729576452
-0.00219144794592
-0.00199370478339
-0.0037835434278
-0.00177162847149
-0.00384519538806
-0.00217955322543
-0.00515506078923
-0.00489157107512
-0.00378089613077
-0.00208160481214
-0.0025548141808
-0.00243582347675
-0.00340347468431
-0.00623222975179
-0.00588834524708
-0.00477453605206
-0.00349427715023
-0.00228906441741
-0.00252041801555
-0.00218606309376
-0.0025568477381
-0.00498709907893
-0.00389904046927
-0.00321493502353
-0.00270036773615
-0.00169205003495
-0.00173074493071
-0.00184880949264
-0.0015892777439
-0.00325265113198
-0.00223783178118
-0.00202163342099
-0.00203478242704
-0.00313728359689
-0.00321342865208
-0.00345019610819
-0.00343979525693
-0.00335490408923
-0.00364088421702
-0.00335141719667
-0.00325047073872
-0.00205517877632
-0.00220158657287
-0.00261843005203
-0.00244135717183
-0.00253306751703
-0.00231769556126
-0.00225215916888
-0.00212937105404
0.0
0.0
0.0
0.0
0.0
0.0
0.0
0.0
-0.0959393459046
-0.0959411306936
-0.0970985372423
-0.101670094782
-0.0928744715834
-0.0507917540924
-0.0238537710016
-0.0947971201503
-0.0897764929525
-0.0926798510897
-0.0915203415639
-0.0987876826865
-0.0846473779125
-0.0468777972366
-0.0150374441574
-0.0900401107028
-0.0960288500746
-0.0969008851111
-0.0960359368199
-0.101814476559
-0.0934491607218
-0.0650746722856
-0.0111951710733
-0.0941722614391
-0.103917078312
-0.100732480673
-0.101029726016
-0.104367482948
-0.0979288187879
-0.0920399828416
-0.00933363086354
-0.101003497239
-0.098926866779
-0.0993563268655
-0.0977870137594
-0.0997242298561
-0.0846959846466
-0.113401675314
-0.00867134654338
-0.0966234262702
-0.0442853932179
-0.04453502527
-0.040096205996
-0.0420711561573
-0.0274758737658
-0.0445784753817
-0.00199483115154
-0.0422811453591
-0.0245377316676
-0.0320642062432
-0.0322282282635
-0.0328721993454
-0.0164584301485
-0.0436150103869
0.0
-0.0379485923167
0.0
0.0
0.0
0.0
0.0
0.0
0.0
0.0
0.0
0.0
0.0
0.0
0.0
0.0
0.0
0.0
-0.00336263607072
-0.00238100200623
-0.00352024588556
-0.00276519059589
-0.00365399771613
-0.00795187608646
-0.00238495634573
-0.00323555559932
-0.00282635653751
-0.00322785782719
-0.00332776732791
-0.00365400576896
-0.00324880641426
-0.00386368185365
-0.00207680135379
-0.00251569312437
-0.00352083301309
-0.00284326467981
-0.00336219297146
-0.00326230803137
-0.00385186969079
-0.0040813770347
-0.00163126282461
-0.00215434378399
-0.00278480160913
-0.00288225975361
-0.00269021093633
-0.00296035186783
-0.00256334490574
-0.00449290340046
-0.00184905583936
-0.0020994838929
-0.00219109125041
-0.00220445795967
-0.00244871372736
-0.00251103264066
-0.00197812962631
-0.00156692975398
-0.0015996494519
-0.00177807093464
-0.00175462574107
-0.00153904359372
-0.00177099556466
-0.00190106950287
-0.00169535213239
-0.0029860462775
-0.000660626840922
-0.00154194279395
-0.00349904772541
-0.00329206653408
-0.00368779567961
-0.00366308896471
-0.00310046796663
-0.00177843502285
-0.000888973091324
-0.00317096717685
-0.00212026694625
-0.00255865516915
-0.00282206896113
-0.00258546811681
-0.00220418995137
0.0
-0.000660410565664
-0.00191629984068
0.0
0.0
0.0
0.0
0.0
0.0
0.0
0.0
0.0
0.0
0.0
0.0
0.0
0.0
0.00932978392441
0.00671562093313
0.00500037717493
0.00361247172919
0.0026151295852
0.00141616628654
0.000460884489112
0.0
0.0
0.0
0.0
0.0
0.0
0.0
0.0
0.0
0.0
0.0
0.00129938051024
0.00309282009174
0.00906175272269
0.00807551029207
0.00716838766135
0.00549833039382
0.00386173008784
0.0
0.000208528109367
0.0
0.0
0.0
0.0
0.0
0.0
0.0
0.00351836831371
0.0039789892032
0.00290577458577
0.00297775204459
0.00365495355778
0.00233613297308
0.00153249907119
0.00135927738476
0.0
0.0
0.0
0.0
0.0
0.0
0.0
0.0
0.0
0.0
0.0
0.0
0.0
0.0
0.0
0.0
0.0
0.0
0.0
0.0
0.0
0.0
0.0
0.0
-0.0179954970905
-0.01685289705
-0.0231893862801
-0.0167199799889
-0.0220358994764
-0.0180382287185
-0.0231893862801
-0.0139388581573
0.000208652064658
0.00288042572493
0.00660202845985
0.00572976278897
0.0
0.0
0.0
0.0
0.0
0.0
0.0
0.0
0.0
0.0
0.0
0.0
0.00517056789237
0.00265220824873
0.0
0.0
0.00288415630923
0.0
0.0
0.0
0.0
0.0
0.0
0.0
0.0
0.0
0.0
0.0
0.0
0.0
0.0
0.0
0.00230017546926
0.0
0.0
0.0
0.0
0.011890036468
0.0323997334469
0.0
0.0
0.0
0.0
0.0
0.0175833787847
0.0183343909493
0.0121151747416
0.0177327988585
0.01043419458
0.0168496750625
0.0177625164527
0.0175146954272
0.00485805036069
0.0176475887856
0.0237452175245
0.024195297208
0.0219687804373
0.00756295431922
0.00849668019012
0.0085834994359
0.00270839819079
0.00292741406196
0.00279947551681
0.00289167722749
0.00249018638379
0.00312076183054
0.00379753483752
0.00587711394174
0.00249321093579
0.00277996833352
0.00280532672941
0.00231051771819
0.00166704362592
0.002030760775
0.00298412898382
0.00452974272873
0.0104897436946
0.0209235060824
0.0234222600838
0.0248503556693
0.0251610792346
0.0251635552101
0.0251635552101
0.0251635552101
0.00754459462877
0.0204533782558
0.0240443780117
0.0259027602103
0.0262636019837
0.0262699711348
0.0262699711348
0.0262699711348
0.0026782000153
0.00248332425509
0.00280295174438
0.00316623070523
0.00324700433167
0.00430881366337
0.00509580470792
0.00400037819584
0.00290099761498
0.00222568684606
0.00245322463234
0.00270301150713
0.00317180279295
0.00447167599321
0.0053100754459
0.00281896401772
0.0
0.0
0.0
0.0
0.0
0.0
0.0
0.0
0.0
0.0
0.0
0.0
0.0
0.0
0.0
0.0
0.0136888646565
0.0106323280218
0.0126985729271
0.0144131839415
0.00371340097135
0.00414415657268
0.00363446496427
0.00506370639984
0.011424867685
0.00307706745139
0.0061237079005
0.0105817650896
0.00171006189251
0.00132743163092
0.00120939980854
0.00177078586825
0.0
0.0
0.0
0.0
0.0
0.0
0.0
0.0
0.00348036019747
0.00430058899528
0.00383324321891
0.005969485731
0.00963128096862
0.00898248600971
0.00978078634351
0.00982808950758
0.00124212607653
0.00132281533082
0.000628089723796
0.000573133815273
0.00344865995406
0.00630358472555
0.00512445174156
0.00533835272813
0.0
0.0
0.0
0.0
0.0
0.0
0.0
0.0
0.00866144405291
0.00823700250414
0.00850299985092
0.00839730332947
0.00385549618031
0.00578954470031
0.00818343334522
0.00544690342266
0.0102420533632
0.0101577455365
0.00995301720924
0.0100815430239
0.000443427582218
0.00125983875928
0.00458281983011
0.00661176883522
0.0
0.0
0.0
0.0
0.0
0.0
0.0
0.0
-0.0179987227457
-0.0378181085931
-0.1137987835
-0.00555918495934
-0.00555918495934
-0.00555918495934
-0.00555918495934
-0.00555918495934
-0.00252574775657
-0.00221876281635
-0.00365703593573
0.0
0.0
0.0
0.0
0.0
0.0
0.0
0.0
0.000262828591752
0.00589051704349
0.00241611109073
0.0
0.00982807991359
0.0185250271947
0.0177031893442
0.0180104328368
0.0186157451863
0.0173227256932
0.0181941026426
0.0110156246542
0.0
0.0
0.0
0.0
0.0
0.0
0.0
0.0
0.0
9.1328252885e-05
0.000326321926014
0.0
0.0
0.0
0.0
0.0
0.0
0.000254549586171
0.0
0.000204100156568
0.0
0.000616794601094
0.000611000924925
0.000281677597043
0.000673980077782
0.000466829981144
0.000438432991936
0.000372070356651
0.00379507454016
0.0
0.0
-0.00370434542881
-0.00832224984432
0.0
0.0
0.0
0.0
0.0
0.0
0.0
0.0
-0.00613861599295
-0.00556027782556
-0.00816630668051
0.00371026397371
0.0
0.0
-0.00816630668051
-0.000206016262426
0.0
0.0
0.0
0.0
0.0
0.0
0.0
0.0
0.0
0.0
0.0
0.0
0.0
0.0
0.0
0.0
0.0
0.0
0.0
0.0
0.0
0.0
0.0
0.0
0.0
0.0
0.0
0.0
0.0
0.0
0.0
0.0
0.0
0.0
0.0
0.0
0.0
0.0
0.0
0.0
0.0
0.0
0.000190515750329
0.000270577227654
0.00331308023115
0.00362322717471
0.000652176774962
0.0
0.0
0.0
0.0
0.0
0.0
0.0
0.0
0.0
0.0
0.0
0.0
0.0
0.0
0.0
0.0
8.04945374517e-05
0.0
0.0
0.0
0.0
0.0
0.0
0.0
0.0
0.0
0.0
0.0
0.0
0.000479039995627
0.0
0.0
0.0
0.0
0.0
0.0
0.0
0.0
0.0
0.0
0.0
0.0
0.0
0.0
0.0
0.0
0.000224614459692
0.000433625459574
-0.000253400066867
0.00057221696057
-0.000364228541472
0.0
0.0
0.0
0.0
0.0
0.0
0.0
0.00161586734353
0.0
0.0
0.00281946117551
0.00342184117769
0.00342184117769
0.00342184117769
0.0
0.0
0.00250165452235
0.00288269174514
0.000543754905529
0.00240734364259
0.0
0.0
9.69151036286e-05
0.0
0.0
0.0
0.000629118885449
0.000290155290108
7.95288995801e-05
0.000271450592682
0.00120501234014
0.0
0.0
0.0
0.000641086696724
0.0041387906168
0.000499431954705
0.0
0.000156786043008
0.000552836875593
0.000210877594611
0.000572099548682
4.86850358878e-05
0.000475446778011
0.00169287259401
0.00171488068857
8.63526172631e-05
8.63526172631e-05
0.000306118120415
0.000638888999279
0.000364936021285
0.000607028420268
0.000235906864637
0.0
0.0
0.00020833751737
0.0
0.0
0.000709562539636
-2.41801532844e-05
0.0
0.0
0.000763914882546
0.000763914882546
0.000763914882546
0.0
-0.000466986223142
-3.35295445424e-05
0.000763914882546
0.000763914882546
0.000463932449351
0.00231628344237
0.000924321954619
0.00129934389851
0.000763914882546
0.000763914882546
0.00302639912868
0.000763914882546
0.009378318033
0.00310603407876
0.000123664155489
0.000748262827723
0.000433463376221
0.00858623969829
0.000555188599417
0.0
0.000748262827723
-0.00934228010539
0.00456436726328
0.0176869273129
0.0154221624718
0.0154221624718
0.0154221624718
0.0176869273129
0.0
0.00104851987952
0.00511289631759
-0.00428308202976
0.00172832339519
0.000415916303328
0.0
0.000191000117993
0.00779022431683
0.00266869870251
0.00482877559643
0.00164834632031
0.00423826512541
0.00423826512541
0.0176658364257
0.0146099274387
