0.0
0.0
0.0
0.0
0.0
0.0
0.0
0.0
0.0
0.0
0.0
0.0
0.0
0.0
0.0
0.0
0.0
0.0
0.0
0.0
0.0
0.0
0.0
0.0
0.0
0.0
0.0
0.0
0.0
0.0
0.0
0.0
0.0
0.0
0.0
0.0
0.0
0.0
0.0
0.0
0.0
0.0
0.0
0.0
0.0
0.0
0.0
0.0
0.0
0.0
0.0
0.027864524319
8.32667268469e-17
-1.02695629778e-15
4.4408920985e-16
4.16333634234e-16
-6.66133814775e-16
-5.55111512313e-17
-6.93889390391e-18
6.93889390391e-18
-8.67361737988e-19
5.42101086243e-20
-6.77626357803e-21
-2.11758236814e-22
-2.64697796017e-23
-1.65436122511e-24
2.06795153138e-25
0.0
2.42338070084e-27
1.51461293802e-28
-6.31088724177e-30
0.0
-4.93038065763e-32
7.70371977755e-34
0.0
0.0
0.0
0.0
0.0
0.0
0.0
0.0
0.0
0.0
0.0
0.0
0.0
0.0
0.0
0.0
0.0
0.0
0.0
0.0
0.0
0.0
0.0
0.0
0.0
0.0
0.0
0.0
0.0
0.0
0.0
0.0
0.0
0.0
0.0
0.0
0.0
0.0
0.0
0.0
0.0
0.0
0.0
0.0
0.0
0.0
0.0
0.0
0.0
0.0
0.0
0.0
0.0
0.0
-0.0035675086941
-0.00354154097319
0.0
0.0
0.0
0.0
0.0
0.0
0.0
0.0
0.0
0.0
0.0
0.0
0.0
0.0
0.0
0.0
0.0
0.0
0.0
0.0
0.0
0.0
0.0
0.0
0.00347205725311
0.0
0.0065989328459
-0.0331994363981
0.0
0.0
0.0
0.0
0.0
0.0
0.0
0.0
0.0
0.0
0.0093051987787
-0.0343142582898
0.0155064944528
0.0
0.0132966746873
0.0
0.0
0.0
0.0
0.0
0.0
0.0
0.0
0.0
0.0
0.0
0.0135317137631
0.0
0.0138911042279
-0.0327050364078
0.0141056482573
0.0
0.0
0.0
0.0
0.0
0.0
0.0
0.0
0.0
0.0
0.0
0.0315964401307
-0.044156612517
0.0
0.0
0.0
0.0
0.0
0.0
0.0
0.0
0.0
0.0
0.0
0.0
0.0
0.0
0.0
0.0
0.0
0.0
0.0
-9.7638954126e-08
-0.0549375069096
-0.0477403757252
0.0
0.0
0.0
0.0
0.0
0.0
0.0
0.0
0.0
0.0
0.0
0.0
0.0
0.0
0.0
0.0
0.0
0.0
0.0
0.0
0.0
0.0
0.0
0.0
0.0
0.0
0.0
0.0
0.0
0.0
0.0
0.0
0.0
0.0
0.0
0.0
0.0
0.0
0.0
0.0
0.0316817864841
0.0279231909464
0.0280908154786
0.0248939006256
0.0204893574257
0.0187443942075
0.0
0.0
0.0
0.0
0.0
0.0
0.0
0.0
0.0
0.0
0.0362174925979
0.057303770713
0.0862675592989
0.048835052095
0.0785719244845
0.0
0.0
0.0
0.0328875847688
0.0155064944528
0.0065989328459
0.0135317137631
0.0141056482573
0.0
0.0
0.0
-0.00260147200634
-0.00260546940699
-0.00324504681083
-0.00391272234408
0.0
0.0
0.0
0.0
0.0
0.0
0.0
0.0
0.0
0.0
0.0
0.0
0.0
0.0
0.0
0.0
0.0
0.0
0.0
0.0
0.00295260240849
-0.00600215777626
-0.0022609647597
-0.000322096099027
0.0
0.0
0.0
0.0
0.0
0.0
0.0
0.0
-0.00373902420585
0.0
0.0
0.0
0.0
0.0
0.0
0.0
0.0
0.0
0.0
0.0
0.0
0.0
0.0
0.0
0.0
0.0
0.0
0.0
0.0315964401307
0.0
0.0
0.0
0.0
0.0
0.0
-0.044156612517
0.0
0.0
0.0
0.0
0.0
0.0
0.0
0.0
0.0
0.0
0.0
0.0
0.0
0.0
0.0
0.0
-0.00285344022187
-0.00280018725917
-0.00265829157819
-0.00266469319753
-0.0529403675
-0.00339346893354
-0.00339346893354
-0.00339346893354
-0.00595271855899
0.00492091569566
-0.00545158015839
-0.00515791130979
0.0269721910357
0.0
0.0
0.0
-0.0201060413025
-0.00374405401382
-0.0265030636664
-0.0741280692044
0.0
0.0
0.0
0.0
-0.00505990711283
0.00418732166125
0.0469694172116
-0.00226132634299
0.0
0.0
0.0
0.0
-0.00632797725097
-0.00518307987596
-0.00515636804885
-0.00515435135219
0.0138921303033
-0.000371625636539
-0.000371625636539
-0.000371625636539
-0.00137123299934
-0.0251831225774
-0.00125784338925
-0.0741280692044
0.0
0.0
0.0
0.0
0.020914001461
-0.00908379429403
-0.00837553778173
0.0333881299767
0.0
0.0
0.0
0.0
-0.00101311524826
0.0456311300536
-0.000516096120889
0.0
0.0
0.0
0.0
0.0
-0.00653768079771
-0.00550927565866
0.0170466494074
0.0
0.0
0.0
0.0
0.0
-0.0257466864363
-0.0741280692044
0.0
0.0
0.0
0.0
0.0
0.0
-0.00320600751357
-0.00277226911953
-0.00243002496829
-0.00422753742073
-0.00422753742073
-0.00422753742073
-0.00422753742073
-0.00422753742073
-0.00769636839851
-0.00865750741933
-0.00700070765256
-0.00755960511764
-0.00755960511764
-0.00755960511764
-0.00755960511764
-0.00755960511764
-0.00432929018345
-0.00366318553947
-0.00315906918226
-0.00322088432545
-0.00322088432545
-0.00322088432545
-0.00322088432545
-0.00322088432545
-0.00402290296108
-0.00411313453976
-0.0110948121415
-0.0110948121415
-0.0110948121415
-0.0110948121415
-0.0110948121415
-0.0110948121415
-0.00801550534873
-0.00696806206672
-0.00755883276163
-0.00755883276163
-0.00755883276163
-0.00755883276163
-0.00755883276163
-0.00755883276163
-0.00115324522695
-0.00141364934872
-0.0015187270721
-0.0015187270721
-0.0015187270721
-0.0015187270721
-0.0015187270721
-0.0015187270721
0.00761023270024
-0.0121459335207
-0.0121459335207
-0.0121459335207
-0.0121459335207
-0.0121459335207
-0.0121459335207
-0.0121459335207
-0.00893087051257
-0.0132329817169
-0.0132329817169
-0.0132329817169
-0.0132329817169
-0.0132329817169
-0.0132329817169
-0.0132329817169
-0.00504967191603
-0.00615944405308
-0.00615944405308
-0.00615944405308
-0.00615944405308
-0.00615944405308
-0.00615944405308
-0.00615944405308
-0.00197051118924
-0.00228451953722
-0.00228451953722
-0.00228451953722
-0.00228451953722
-0.00228451953722
-0.00228451953722
-0.00228451953722
-0.00131699304318
-0.00131699304318
-0.00131699304318
-0.00131699304318
-0.00327813120808
-0.00395770834792
-0.00422753742073
-0.00422753742073
-0.00440223831823
-0.00431709481213
-0.00431709481213
-0.00431709481213
-0.00388517639768
-0.00744935748588
-0.00755960511764
-0.00755960511764
-0.000975091347576
-0.000975091347576
-0.000975091347576
-0.000975091347576
-0.00137994858079
-0.00281602709224
-0.00322088432545
-0.00322088432545
-0.00887529133796
-0.00888437981444
-0.00895411302318
-0.00895411302318
-0.00845167293793
-0.00977053099723
-0.0110948121415
-0.0110948121415
-0.00540937134288
-0.00540937134288
-0.00540937134288
-0.00540937134288
-0.00545166940404
-0.0074951680363
-0.00755883276163
-0.00755883276163
-0.00206667255215
-0.00206667255215
-0.00206667255215
-0.00206667255215
-0.00205860527983
-0.00152679434442
-0.0015187270721
-0.0015187270721
-0.0118932413957
-0.0119973239112
-0.0120165226102
-0.0120165226102
-0.0103144708224
-0.00762850655314
-0.0121459335207
-0.0121459335207
-0.0100587866509
-0.0100595116377
-0.0100595116377
-0.0100595116377
-0.00999011374191
-0.0133188158161
-0.0132329817169
-0.0132329817169
-0.00651967247887
-0.00651967247887
-0.00651967247887
-0.00651967247887
-0.00653422800762
-0.00614488852432
-0.00615944405308
-0.00615944405308
-0.000823984617643
-0.000823984617643
-0.000823984617643
-0.000823984617643
-0.00113876522947
-0.0019697389254
-0.00228451953722
-0.00228451953722
0.00294310227088
0.0
0.0
0.0
0.0
0.0
0.0
0.0
0.00294310227088
0.0
0.0
0.0
0.0
0.0
0.0
0.0
0.00294310227088
0.0
0.0
0.0
0.0
0.0
0.0
0.0
0.00294310227088
0.0
0.0
0.0
0.0
0.0
0.0
0.0
0.00294310227088
0.0
0.0
0.0
0.0
0.0
0.0
0.0
0.00294310227088
0.0
0.0
0.0
0.0
0.0
0.0
0.0
0.0
0.0
0.0
0.0
0.0
0.0
0.0
0.0
0.0
0.0
0.0
0.0
0.0
0.0
0.0
0.0
0.0
0.0
0.0
0.0
0.0
0.0
0.0
0.0
0.0
0.0
0.0
0.0
0.0
0.0
0.0
0.0
0.0
0.0
0.0
0.0
0.0
0.0
0.0
0.0
-0.00387809996136
-0.00779362922114
-0.00868036362109
-0.00545228766696
-0.00343039983701
-0.000975091347576
-0.000296719309433
0.0
0.0
-0.001980540908
-0.001980540908
0.0
0.0
0.0
0.0
-0.001980540908
0.0
0.0
0.0
-0.000195310132238
0.0
0.0
0.0
-0.000834542818865
0.0
0.0
0.0
-0.000195310132238
0.0
0.0
0.0
-0.000849835521871
0.0
0.0
0.0
-0.000195310132238
0.0
0.0
0.0
-0.000842918981263
0.0
0.0
0.0
-0.000170738002833
0.0
0.0
0.0
-0.00100691228254
0.0
0.0
0.0
-0.000195310132238
0.0
0.0
0.0
-0.000845711035395
0.0
0.0
0.0
-0.000206581503753
0.0
0.0
0.0
-0.000861703097505
-0.0029844501978
0.0
0.0
-0.000195310132238
0.0
0.0
0.0
-0.000848442056348
-0.0029844501978
-0.0849998700807
0.0
-0.000191555589658
0.0
0.0
0.0
-0.00184773245565
-0.00125784338925
-0.0849998700807
0.0
-0.000197732611166
0.0
0.0
0.0
-0.000930943713337
-0.0013135611322
-0.000823984617643
-0.000578845436463
-0.000208695672008
0.0
0.0
0.0
-0.0010094456285
-0.00202093488432
-0.00351557777569
-0.000578845436463
-0.079894593529
0.0
0.0
0.0
-0.000905228966867
0.0
-0.00343075160208
-0.00101163285441
-0.0798878329896
0.0
0.0
0.0
-0.00142282752307
-0.00407688151914
-0.00169914858825
-0.000817956016144
-0.0021158365528
-0.000646552290226
0.0
0.0
-0.00135058837505
-0.00407688151914
0.0139485467194
0.0
-0.00165646336034
-0.000646552290226
-0.0849998700807
0.0
-0.00124055455868
-0.00406185319222
0.0139485467194
0.0
-0.000882085127372
-0.000608789995073
-0.0849998700807
0.0
-0.000878911881019
-0.00351859490746
-0.00651967247887
-0.00434137394017
-0.00162601711037
0.0
-0.000975091347576
-0.000296719309433
-0.000881943537124
0.0
-0.00580710614118
-0.00434137394017
0.0116883335316
0.0
-0.000617292116037
-0.000296719309433
-0.0512190311198
0.0
-0.00222230810802
-0.00359336633173
0.0116883335316
0.0
0.0
0.0
-0.0512190311198
-0.0080649031746
-0.00222230810802
0.0
-0.00522615187274
-0.00340593403153
0.0
0.0
0.0
-0.00807923548585
0.0452515196758
-0.000428894161501
-0.00227431235378
-0.00342271118553
0.0116883335316
0.0
0.0
-0.00735129827417
0.0452515196758
-0.00218466038619
-0.000812351517632
-0.000358777294453
0.0116883335316
0.0
0.0
0.0
-0.00992116632347
-0.00871464098528
0.0
0.0
0.0
0.0
0.0
0.0
-0.00521746635076
-0.0086522283724
0.0452515196758
0.0
0.0
0.0
0.0
-0.00118138275333
0.0
0.0
0.0452515196758
0.0
0.0
0.0
0.0
-0.00747751221823
0.0
-0.00199400096883
0.0
0.0
0.0
0.0
0.0
-0.00739704822862
0.0376979469735
-0.00199400096883
0.0
0.0
0.0
0.0
0.0
0.0
0.0376979469735
0.0
0.0
0.0
0.0
0.0
0.0
-0.000732296680489
-0.000530097732407
0.0
0.0
0.0
0.0
0.0
0.0
-0.000732296680489
0.0
0.0
0.0
0.0
0.0
0.0
0.0
-0.000730113076546
0.0
0.0
0.0
0.0
0.0
0.0
0.0
0.0
0.0
0.0
0.0
0.0
0.0
0.0
0.0
0.0
0.0
0.0
0.0
0.0
0.0
0.0
0.0
0.0
0.0
0.0
0.0
0.0
0.0
0.0
0.0
0.0
0.0
0.0
0.0
0.0
0.0
0.0
0.0
0.0
0.00178685706573
-9.7638954126e-08
0.0565639904464
0.0565639904464
0.0483908060442
-9.7638954126e-08
0.0483908060442
0.0
0.0
0.0
0.0
0.0
0.0
0.0
0.0
0.0
0.0
0.0
-0.00326359202869
0.0
0.0
0.0
-0.00726408789257
-0.000487598454223
-0.000487598454223
0.0
0.0
0.0
0.0
0.0
0.0
0.0
0.0
0.0
0.0
0.0
0.0
0.0
0.0
0.0315964401307
0.0315964401307
0.0315964401307
0.0315964401307
0.0315964401307
0.0315964401307
0.0315964401307
0.0315964401307
0.0
0.0
0.0
0.0
0.0
0.0
0.0
0.0
0.0
0.0
0.0
0.0
0.0
0.0
0.0
0.0
0.0
0.0
0.0
0.0
0.0
0.0
0.0
0.0
0.0
0.0
0.0
0.0
0.0
0.0
0.0
0.0
0.0
0.0
0.0315964401307
0.0
0.0
0.0
0.0
0.0
0.0
0.0
0.0
0.0
0.0
0.0
0.0
0.0
0.0
0.0
0.0
0.0
0.0
0.0
0.0
0.0
0.0
0.0
0.0
0.0
0.0
0.0
0.0
0.0
0.0
0.0
0.0
0.0
0.0
0.0
0.0
0.0
0.0
0.0
0.0
0.0
0.0
0.0
0.0
0.0
0.0
0.0
0.0
0.0
0.0
0.0
0.0
0.0
0.0
0.0
0.0
0.0
0.0
0.0
0.0
0.0
0.0
0.0
0.0
0.0
0.0
0.0
0.0
0.0
0.0
0.0
0.0
0.0
0.0
0.0
0.0
0.0
-0.00446295708095
-0.00418226697628
0.0
0.0
0.0
0.0
0.0
0.0
0.0
0.0
0.0
0.0
0.0
0.0
0.0
0.0
2.74236451187e-05
0.0
0.0
0.0
0.0
0.0
0.0
0.0
0.0
0.0
0.0
0.0
0.0
0.0
0.0
0.0
0.0
0.0
0.0
0.0
0.0
0.0
0.0
0.0
0.0
0.0
0.0
0.0
0.0
0.0
0.0
0.0
0.0
0.0
0.0
0.0
0.0
0.0
0.0
0.0
0.0
0.0
0.0
0.0
0.0
0.0
0.0
0.0
0.0
0.0
0.0
0.0
0.0
0.0
0.0
0.0
0.0
0.0
0.0
0.0
0.0
0.0
0.0
0.0
0.0
0.0
0.0
0.0
0.0
0.0
0.0
0.0
0.0
0.0
0.0
0.0
0.0
0.00178685706573
-9.7638954126e-08
9.55590107742e-05
0.0
0.0
0.0
0.0
0.0
0.0
0.0
0.0
0.0
0.0
0.0
0.0
0.0
0.0
0.0
0.0
0.0
0.0
0.0
0.0
0.0
0.0
0.0
0.0
0.0
0.0
0.0
0.0
0.0
0.0
0.0
0.0
0.0
0.0
0.0
0.0
0.0
0.0
0.0
0.0
0.0294251225372
0.027069647466
0.0286183679366
0.0238920840892
0.0188258371803
0.0
0.0
0.0
0.0
0.0
0.0
0.0
0.0
0.0
0.0
0.0
0.0532181942591
0.0599800060079
0.0268328841167
-0.0439803817258
-0.0727516977208
0.0
0.0
0.0
0.0253523039482
0.014324514568
0.0135317137631
0.0141056482573
0.0
0.0
0.0
0.0
-0.00235065374795
-0.00262840308137
-0.00288985385275
-0.00324504681083
0.0
0.0
0.0
0.0
0.0
0.0
0.0
0.0
0.0
0.0
0.0
0.0
0.0
0.0
0.0
0.0
0.0
0.0
0.0
0.0
-0.00585666695651
0.00572705220456
0.000540251195097
-0.00030051162448
0.0
0.0
0.0
0.0
0.0
0.0
0.0
0.0
-0.00392641850427
0.0
0.0
0.0
0.0
0.0
0.0
0.0
0.0
0.0
0.0
0.0
0.0
0.0
0.0
0.0
0.0
0.0
0.0
0.0
0.0
0.0
0.0
0.0
0.0
0.0
0.0
0.0
0.0
0.0
0.0
0.0
0.0
0.0
0.0
0.0
0.0
0.0
0.0
0.0
0.0
0.0
0.0
0.0
-0.00333044282678
-0.00238545820762
-0.0108291423613
-0.0388542936287
-0.00105589313579
-0.00276356941995
-0.00276356941995
-0.00276356941995
-0.00620936275188
-0.00829926187458
0.0133932213886
0.0267210998165
-0.00515791130979
0.0
0.0
0.0
-0.0020348823744
-0.0674118907533
-0.00250309058342
-0.00294139679093
0.0
0.0
0.0
0.0
-0.005782823526
-0.00926356023523
-0.00752101245685
-0.0203043641312
0.0
0.0
0.0
0.0
-0.00910200258334
-0.00552709188695
0.0122144062219
0.0123032848861
-0.00514092251476
-0.0329844650018
-0.0329844650018
-0.0329844650018
-0.00149276839718
-0.000750900620069
-0.0741280692044
-0.00125784338925
0.0
0.0
0.0
0.0
-0.0112744514277
0.0405264062896
0.0306897394329
-0.00834547002956
0.0
0.0
0.0
0.0
-0.00856454283398
-0.0126347565453
-0.0647193215044
0.0
0.0
0.0
0.0
0.0
-0.00480681095057
0.0174666472572
-0.00552037231058
0.0
0.0
0.0
0.0
0.0
-0.00309887219308
-0.00202093488432
0.0
0.0
0.0
0.0
0.0
0.0
-0.00150596996521
-0.00252402654543
-0.00167199670103
-0.0473397156072
-0.0473397156072
-0.0473397156072
-0.0473397156072
-0.0473397156072
-0.00562937809195
0.00328171605857
-0.00554452734334
0.0123390701075
0.0123390701075
0.0123390701075
0.0123390701075
0.0123390701075
-0.00142771530503
-0.0630562352898
-0.00206667255215
-0.0849998700807
-0.0849998700807
-0.0849998700807
-0.0849998700807
-0.0849998700807
-0.00560430642197
-0.00993479828556
0.0538966668087
0.0538966668087
0.0538966668087
0.0538966668087
0.0538966668087
0.0538966668087
-0.00570494600001
-0.00651967247887
0.0123390701075
0.0123390701075
0.0123390701075
0.0123390701075
0.0123390701075
0.0123390701075
-0.00128511467312
-0.000823984617643
-0.0849998700807
-0.0849998700807
-0.0849998700807
-0.0849998700807
-0.0849998700807
-0.0849998700807
-0.00821233971893
0.0514319474789
0.0514319474789
0.0514319474789
0.0514319474789
0.0514319474789
0.0514319474789
0.0514319474789
-0.00807398577258
0.0538966668087
0.0538966668087
0.0538966668087
0.0538966668087
0.0538966668087
0.0538966668087
0.0538966668087
-0.00407688151914
0.0144394541783
0.0144394541783
0.0144394541783
0.0144394541783
0.0144394541783
0.0144394541783
0.0144394541783
-0.0029844501978
-0.0849998700807
-0.0849998700807
-0.0849998700807
-0.0849998700807
-0.0849998700807
-0.0849998700807
-0.0849998700807
0.079451381132
0.079451381132
0.079451381132
0.079451381132
0.0745383981141
0.0765143508945
0.079451381132
0.079451381132
0.10049474657
0.10049474657
0.10049474657
0.10049474657
0.10049474657
0.0913156796969
0.10049474657
0.10049474657
0.0925142604387
0.0925142604387
0.0925142604387
0.0925142604387
0.0925142604387
0.0925142604387
0.0925142604387
0.0925142604387
0.0632701974739
0.0593069942526
0.0632701974739
0.0632701974739
0.0632701974739
0.0455652714589
0.0632701974739
0.0632701974739
0.10049474657
0.10049474657
0.10049474657
0.10049474657
0.10049474657
0.100290145671
0.10049474657
0.10049474657
0.0925142604387
0.0925142604387
0.0925142604387
0.0925142604387
0.0925142604387
0.0925142604387
0.0925142604387
0.0925142604387
0.0398243164083
0.0529609809396
0.0529609809396
0.0529609809396
0.0529609809396
0.0251797535282
0.0529609809396
0.0529609809396
0.0607228610892
0.0632701974739
0.0632701974739
0.0632701974739
0.0632701974739
0.0631296411165
0.0632701974739
0.0632701974739
0.0985105679911
0.0985105679911
0.0985105679911
0.0985105679911
0.0985105679911
0.0985105679911
0.0985105679911
0.0985105679911
0.0925142604387
0.0925142604387
0.0925142604387
0.0925142604387
0.0925142604387
0.0925142604387
0.0925142604387
0.0925142604387
0.0
0.0
0.0
0.0315964401307
0.0
0.0
0.0
0.0
0.0
0.0
0.0
0.0315964401307
0.0
0.0
0.0
0.0
0.0
0.0
0.0
0.0
0.0
0.0
0.0
0.0
0.0
0.0
0.0
0.0
0.0
0.0
0.0
0.0
0.0
0.0
0.0
0.0315964401307
0.0
0.0
0.0
0.0
0.0
0.0
0.0
0.0
0.0
0.0
0.0
0.0
0.0
0.0
0.0
0.0
0.0
0.0
0.0
0.0
0.0
0.0
0.0
0.0
0.0
0.0
0.0
0.0
0.0
0.0
0.0
0.0
0.0
0.0
0.0
0.0
0.0
0.0
0.0
0.0
0.0
0.0
0.0
0.0
0.0
0.0
0.0
0.0315964401307
0.0
0.0
0.0
0.0
-0.00287448469874
-0.00520974508144
-0.00663311587608
-0.00305621334883
-0.00277364635453
-0.000500716176999
-0.000430182695638
0.0
0.0
-0.00726408789257
-0.00726408789257
0.0
0.0
0.0
0.0
-0.00726408789257
0.0
0.0
0.0
-0.000371625636539
0.0
0.0
0.0
-0.00339346893354
0.0
0.0
0.0
-0.000371625636539
0.0
0.0
0.0
-0.00339346893354
0.0
0.0
0.0
-0.000195310132238
0.0
0.0
0.0
-0.000834542818865
0.0
0.0
0.0
-0.000195310132238
0.0
0.0
0.0
-0.000849835521871
0.0
0.0
0.0
-0.000195310132238
0.0
0.0
0.0
-0.000842918981263
0.0
0.0
0.0
-0.000170738002833
0.0
0.0
0.0
-0.00100691228254
-0.00202093488432
0.0
0.0
-0.000195310132238
0.0
0.0
0.0
-0.000845711035395
-0.00202093488432
-0.00309887219308
0.0
-0.000206581503753
0.0
0.0
0.0
-0.000861703097505
-0.00124810598918
-0.00309887219308
0.0
-0.000195310132238
0.0
0.0
0.0
-0.000848442056348
-0.00294139679093
-0.00152695701665
-0.000665316021813
-0.000191555589658
0.0
0.0
0.0
-0.00184773245565
-0.00214278533823
-0.00157404904655
-0.000665316021813
-0.000772336827797
0.0
0.0
0.0
-0.000930943713337
0.0
-0.00244291994048
-0.00384992063603
-0.0007762134147
0.0
0.0
0.0
-0.0010094456285
-0.00552037231058
-0.00137463254981
-0.0029844501978
-0.00203235058398
-0.00188687215127
0.0
0.0
-0.000905228966867
-0.00552037231058
-0.0048211258114
0.0
-0.00187246558595
-0.00188687215127
-0.0010183677055
0.0
-0.00142282752307
-0.00710196206079
-0.0048211258114
0.0
-0.00117862156322
-0.00141990464808
-0.0010183677055
0.0
-0.00135058837505
-0.0069589913824
-0.00472915485468
-0.0059276948577
-0.00103137322102
0.0
-0.000986451424644
-0.000763262086801
-0.00124055455868
0.0
-0.00422941582655
-0.0059276948577
-0.00505917220061
0.0
-0.000882769395817
-0.000763262086801
-0.00105332031864
0.0
-0.00250153804421
-0.00515791130979
-0.00514092251476
0.0
0.0
0.0
-0.00105589313579
-0.0126325919173
-0.00250153804421
0.0
-0.00416473689007
-0.00475743550727
0.0
0.0
0.0
-0.0126465877247
-0.00857920592179
-0.00166163206015
-0.00226292323379
-0.00480233746277
-0.00427565684476
0.0
0.0
-0.0107016977859
-0.00857920592179
-0.00159947134817
-0.000428894161501
-0.000812351517632
-0.00427565684476
0.0
0.0
0.0
-0.00745964116779
-0.00941990251533
0.0
0.0
0.0
0.0
0.0
0.0
-0.00421165393104
-0.00940671209651
-0.00921065861343
0.0
0.0
0.0
0.0
-0.00163737590268
0.0
0.0
-0.00921065861343
0.0
0.0
0.0
0.0
-0.00848062849045
0.0
-0.000530097732407
0.0
0.0
0.0
0.0
0.0
-0.00834547002956
-0.0112748281041
-0.000530097732407
0.0
0.0
0.0
0.0
0.0
0.0
-0.0112748281041
0.0
0.0
0.0
0.0
0.0
0.0
-0.00075862981962
-0.000730113076546
0.0
0.0
0.0
0.0
0.0
0.0
-0.00075862981962
0.0
0.0
0.0
0.0
0.0
0.0
0.0
-0.000622993227623
0.0
0.0
0.0
0.0
0.0
0.0
0.0
0.0
0.0
0.0
0.0
0.0
0.0
0.0
0.0
0.0
0.0
0.0
0.0
0.0
0.0
0.0
0.0
0.0
0.0
0.0
0.0
0.0
0.0
0.0
0.0
0.0
0.0
0.0
0.0
0.0
0.0
0.0
0.0
0.0
-9.7638954126e-08
0.00178685706573
0.0516112329119
0.0515592177789
0.0551537003812
0.00178685706573
0.0551537003812
0.0
0.0
0.0
0.0
0.0
0.0
0.0
0.0
0.0
0.0
0.0
-0.00221155826354
0.0
0.0
0.0
-0.00338626200916
-0.00335419898284
-0.00335419898284
0.0
0.0
0.0
0.0
0.0
0.0
