0.0
0.0
0.0
0.0
0.0
0.0
0.0
0.0
0.0
0.0
0.0
0.0
0.0
0.0
0.0
0.0
0.0
0.0
0.0
0.0
0.0
0.0
0.0
0.0
0.0
0.0
0.0
0.0
0.0
0.0
0.0
0.0
0.0
0.0
0.0
0.0
0.0
0.0
0.0
0.0
0.0
0.0
0.0
0.0
0.0
0.0
0.0
0.0
0.0
0.0
0.0
-0.00518260074202
8.32667268469e-17
2.77555756156e-16
1.38777878078e-16
0.0
-6.93889390391e-17
-6.93889390391e-16
1.11022302463e-16
-1.11022302463e-16
-1.66533453694e-16
6.93889390391e-18
-2.60208521397e-18
-4.33680868994e-19
5.42101086243e-20
-6.77626357803e-21
2.54109884176e-21
-1.05879118407e-22
7.94093388051e-23
1.32348898008e-23
-1.24077091883e-24
0.0
-1.93870456067e-26
8.07793566946e-28
-5.04870979341e-29
3.15544362088e-30
-1.97215226305e-31
0.0
0.0
0.0
0.0
0.0
0.0
0.0
0.0
0.0
0.0
0.0
0.0
0.0
0.0
0.0
0.0
0.0
0.0
0.0
0.0
0.0
0.0
0.0
0.0
0.0
0.0
0.0
0.0
0.0
0.0
0.0
0.0
0.0
0.0
0.0
0.0
0.0
0.0
0.0
0.0
0.0
0.0
0.0
0.0
0.0
0.0
0.0
0.0
0.0
0.0
0.0
-0.00270343873144
-0.00268375491863
0.0
0.0
0.0
0.0
0.0
0.0
0.0
0.0
0.0
0.0
0.0
0.0
0.0
0.0
0.0
0.0
0.0
0.0
0.0
0.0
0.0
0.0
0.0
0.0
-0.000929863119806
0.0
-0.000906479243735
-0.00476503200161
0.0
0.0
0.0
0.0
0.0
0.0
0.0
0.0
0.0
0.0
-0.00139154879964
-0.00463905730859
-0.00118037186964
0.0
-0.000982211482447
0.0
0.0
0.0
0.0
0.0
0.0
0.0
0.0
0.0
0.0
0.0
-0.00142038081533
0.0
-0.000829376458479
-0.00483733501039
-0.00219989225604
0.0
0.0
0.0
0.0
0.0
0.0
0.0
0.0
0.0
0.0
0.0
-0.00465656811122
-0.00658973596077
0.0
0.0
0.0
0.0
0.0
0.0
0.0
0.0
0.0
0.0
0.0
0.0
0.0
0.0
0.0
0.0
0.0
0.0
0.0
-0.000192337212111
-0.00817355968266
-0.00664983243914
0.0
0.0
0.0
0.0
0.0
0.0
0.0
0.0
0.0
0.0
0.0
0.0
0.0
0.0
0.0
0.0
0.0
0.0
0.0
0.0
0.0
0.0
0.0
0.0
0.0
0.0
0.0
0.0
0.0
0.0
0.0
0.0
0.0
0.0
0.0
0.0
0.0
0.0
0.0
0.0
-0.00826628808239
-0.00321870376754
0.000331167521881
-0.000554330674712
0.00323175500887
0.00183676534537
0.0
0.0
0.0
0.0
0.0
0.0
0.0
0.0
0.0
0.0
0.102947680863
0.131158592232
0.0621207927803
-0.0710886333783
-0.112772342964
0.0
0.0
0.0
-0.0042705473067
-0.00118037186964
-0.000906479243735
-0.00142038081533
-0.00219989225604
0.0
0.0
0.0
-0.00231909284222
-0.00228730422752
-0.00280327152786
-0.00376008333282
0.0
0.0
0.0
0.0
0.0
0.0
0.0
0.0
0.0
0.0
0.0
0.0
0.0
0.0
0.0
0.0
0.0
0.0
0.0
0.0
-0.00441727368838
-0.00459626221226
-0.00181140538226
-0.000263785352078
0.0
0.0
0.0
0.0
0.0
0.0
0.0
0.0
-0.00283060028434
0.0
0.0
0.0
0.0
0.0
0.0
0.0
0.0
0.0
0.0
0.0
0.0
0.0
0.0
0.0
0.0
0.0
0.0
0.0
-0.00465656811122
0.0
0.0
0.0
0.0
0.0
0.0
-0.00658973596077
0.0
0.0
0.0
0.0
0.0
0.0
0.0
0.0
0.0
0.0
0.0
0.0
0.0
0.0
0.0
0.0
-0.00287943025547
-0.00270914843915
-0.00251482078364
-0.00270932756736
-0.00913458154563
-0.00232113870734
-0.00232113870734
-0.00232113870734
-0.00614628186091
0.0121437473207
-0.00496767096795
-0.00464586566108
0.0241775558653
0.0
0.0
0.0
-0.00510750419053
-0.00317149611885
-0.00543455720767
-0.0111258154132
0.0
0.0
0.0
0.0
-0.0043659241946
-0.00121193126387
-0.00590397401451
-0.00224044401142
0.0
0.0
0.0
0.0
-0.00560393309721
-0.00468835544996
-0.00471116084489
-0.00471335959659
0.0230341896717
-0.000410861219769
-0.000410861219769
-0.000410861219769
-0.000912826201566
-0.00399851598526
-0.00070396479859
-0.0111258154132
0.0
0.0
0.0
0.0
-0.00275013187743
-0.00912281889693
-0.00833786765859
-0.00748312881829
0.0
0.0
0.0
0.0
-0.0075015676104
-0.00692448011688
-0.000507188959033
0.0
0.0
0.0
0.0
0.0
-0.00250949915902
-0.00569200827436
0.0225382272642
0.0
0.0
0.0
0.0
0.0
-0.0046126375429
-0.0111258154132
0.0
0.0
0.0
0.0
0.0
0.0
-0.0022694144305
-0.00271222505771
-0.00224657363986
-0.00323243315942
-0.00323243315942
-0.00323243315942
-0.00323243315942
-0.00323243315942
-0.00813906092718
-0.0099592477954
-0.00880875936553
-0.00947997918553
-0.00947997918553
-0.00947997918553
-0.00947997918553
-0.00947997918553
-0.00296680814067
-0.00356160908199
-0.00287447576019
-0.00296653468639
-0.00296653468639
-0.00296653468639
-0.00296653468639
-0.00296653468639
-0.00397199202639
-0.00568535785425
-0.011343186185
-0.011343186185
-0.011343186185
-0.011343186185
-0.011343186185
-0.011343186185
-0.00908878404191
-0.00891335177773
-0.00962451901958
-0.00962451901958
-0.00962451901958
-0.00962451901958
-0.00962451901958
-0.00962451901958
-0.00132410596456
-0.00181150356621
-0.00193473449731
-0.00193473449731
-0.00193473449731
-0.00193473449731
-0.00193473449731
-0.00193473449731
0.0133477450687
-0.0140548448356
-0.0140548448356
-0.0140548448356
-0.0140548448356
-0.0140548448356
-0.0140548448356
-0.0140548448356
-0.0141909399469
-0.0156181182462
-0.0156181182462
-0.0156181182462
-0.0156181182462
-0.0156181182462
-0.0156181182462
-0.0156181182462
-0.00521062347121
-0.00645170960732
-0.00645170960732
-0.00645170960732
-0.00645170960732
-0.00645170960732
-0.00645170960732
-0.00645170960732
-0.00144272348014
-0.00187509166791
-0.00187509166791
-0.00187509166791
-0.00187509166791
-0.00187509166791
-0.00187509166791
-0.00187509166791
-0.0012469333625
-0.0012469333625
-0.0012469333625
-0.0012469333625
-0.00287349966604
-0.00295590623519
-0.00323243315942
-0.00323243315942
-0.00401709910233
-0.00391976432337
-0.00391976432337
-0.00391976432337
-0.00382680034016
-0.00901597327771
-0.00947997918553
-0.00947997918553
-0.00095393470402
-0.00095393470402
-0.00095393470402
-0.00095393470402
-0.00141700110882
-0.00250346828159
-0.00296653468639
-0.00296653468639
-0.0078178950149
-0.00780500119637
-0.007923217803
-0.007923217803
-0.0069336525482
-0.00984229345964
-0.011343186185
-0.011343186185
-0.00551507327499
-0.00551507327499
-0.00551507327499
-0.00551507327499
-0.00573576803727
-0.00937374899389
-0.00962451901958
-0.00962451901958
-0.00219175204932
-0.00219175204932
-0.00219175204932
-0.00219175204932
-0.00223652369333
-0.0018899628533
-0.00193473449731
-0.00193473449731
-0.0131336663292
-0.0137481715982
-0.0137828302347
-0.0137828302347
-0.0110511887773
-0.00901190683102
-0.0140548448356
-0.0140548448356
-0.00954428686053
-0.00955705266875
-0.00955705266875
-0.00955705266875
-0.00964417952118
-0.015507693323
-0.0156181182462
-0.0156181182462
-0.00632405416387
-0.00632405416387
-0.00632405416387
-0.00632405416387
-0.00652528329623
-0.00625048047496
-0.00645170960732
-0.00645170960732
-0.000756227267141
-0.000756227267141
-0.000756227267141
-0.000756227267141
-0.00111154547497
-0.00151977346007
-0.00187509166791
-0.00187509166791
-0.000693408317847
0.0
0.0
0.0
0.0
0.0
0.0
0.0
-0.000693408317847
0.0
0.0
0.0
0.0
0.0
0.0
0.0
-0.000693408317847
0.0
0.0
0.0
0.0
0.0
0.0
0.0
-0.000693408317847
0.0
0.0
0.0
0.0
0.0
0.0
0.0
-0.000693408317847
0.0
0.0
0.0
0.0
0.0
0.0
0.0
-0.000693408317847
0.0
0.0
0.0
0.0
0.0
0.0
0.0
0.0
0.0
0.0
0.0
0.0
0.0
0.0
0.0
0.0
0.0
0.0
0.0
0.0
0.0
0.0
0.0
0.0
0.0
0.0
0.0
0.0
0.0
0.0
0.0
0.0
0.0
0.0
0.0
0.0
0.0
0.0
0.0
0.0
0.0
0.0
0.0
0.0
0.0
0.0
0.0
-0.00351781669522
-0.00773851158529
-0.00724284167557
-0.00548602041361
-0.00309619403209
-0.00095393470402
-0.00131295053986
0.0
0.0
-0.00161953144291
-0.00161953144291
0.0
0.0
0.0
0.0
-0.00161953144291
0.0
0.0
0.0
-0.00014950333567
0.0
0.0
0.0
-0.000640814288675
0.0
0.0
0.0
-0.00014950333567
0.0
0.0
0.0
-0.000645204414218
0.0
0.0
0.0
-0.00014950333567
0.0
0.0
0.0
-0.000650211557549
0.0
0.0
0.0
-8.60457521296e-05
0.0
0.0
0.0
-0.000681684709779
0.0
0.0
0.0
-0.00014950333567
0.0
0.0
0.0
-0.000653343980507
0.0
0.0
0.0
-0.000151309526643
0.0
0.0
0.0
-0.000658649567523
-0.00127893477884
0.0
0.0
-0.00014950333567
0.0
0.0
0.0
-0.000657235053949
-0.00127893477884
-0.0125833148005
0.0
-0.000111195299867
0.0
0.0
0.0
-0.000946674898223
-0.00070396479859
-0.0125833148005
0.0
-0.000152591966906
0.0
0.0
0.0
-0.000760168969953
-0.00111936491501
-0.000756227267141
-0.000474867006075
-0.000154333047315
0.0
0.0
0.0
-0.000835874612107
-0.00153695566277
-0.00137129668055
-0.000474867006075
-0.0118972941683
0.0
0.0
0.0
-0.0007208465603
0.0
-0.00157730929926
-0.00106814613377
-0.0118757513297
0.0
0.0
0.0
-0.00123226821073
-0.00378992827929
-0.000928522897771
-0.000679071258386
-0.00228322203693
-0.000607581186179
0.0
0.0
-0.00141356670092
-0.00378992827929
0.0231138265718
0.0
-0.00176783345091
-0.000607581186179
-0.0125833148005
0.0
-0.00115120516778
-0.00341947593681
0.0231138265718
0.0
-0.00101562072722
-0.000547337271877
-0.0125833148005
0.0
-0.000709768129163
-0.00294913358251
-0.00632405416387
-0.00394176786521
-0.00167076867043
0.0
-0.00095393470402
-0.00131295053986
-0.0013244921382
0.0
-0.00526730076781
-0.00394176786521
0.0226710231766
0.0
-0.000648374638866
-0.00131295053986
-0.00220124021726
0.0
-0.00217871899769
-0.00307584593817
0.0226710231766
0.0
0.0
0.0
-0.00220124021726
-0.00667977889749
-0.00217871899769
0.0
-0.0053405351987
-0.00307791024811
0.0
0.0
0.0
-0.00668978214759
-0.00416450676269
-0.000374325915831
-0.00236104531517
-0.00309523149611
0.0226710231766
0.0
0.0
-0.00605769308856
-0.00416450676269
-0.00228084149404
-0.000787507689282
-0.000355535032729
0.0226710231766
0.0
0.0
0.0
-0.00938445981976
-0.0071356841426
0.0
0.0
0.0
0.0
0.0
0.0
-0.00504246925684
-0.00706368404735
-0.00416450676269
0.0
0.0
0.0
0.0
-0.000993947297467
0.0
0.0
-0.00416450676269
0.0
0.0
0.0
0.0
-0.00658666160516
0.0
-0.00198852514906
0.0
0.0
0.0
0.0
0.0
-0.00651811136558
-0.00436540474544
-0.00198852514906
0.0
0.0
0.0
0.0
0.0
0.0
-0.00436540474544
0.0
0.0
0.0
0.0
0.0
0.0
-0.000777774607699
-0.00046501114143
0.0
0.0
0.0
0.0
0.0
0.0
-0.000777774607699
0.0
0.0
0.0
0.0
0.0
0.0
0.0
-0.000875434798542
0.0
0.0
0.0
0.0
0.0
0.0
0.0
0.0
0.0
0.0
0.0
0.0
0.0
0.0
0.0
0.0
0.0
0.0
0.0
0.0
0.0
0.0
0.0
0.0
0.0
0.0
0.0
0.0
0.0
0.0
0.0
0.0
0.0
0.0
0.0
0.0
0.0
0.0
0.0
0.0
-0.000434235918289
-0.000192337212111
0.116825039554
0.116825039554
-0.00429560934424
-0.000192337212111
-0.00429560934424
0.0
0.0
0.0
0.0
0.0
0.0
0.0
0.0
0.0
0.0
0.0
-0.00313745261676
0.0
0.0
0.0
-0.00893396644771
-0.000952346591527
-0.000952346591527
0.0
0.0
0.0
0.0
0.0
0.0
0.0
0.0
0.0
0.0
0.0
0.0
0.0
0.0
-0.00465656811122
-0.00465656811122
-0.00465656811122
-0.00465656811122
-0.00465656811122
-0.00465656811122
-0.00465656811122
-0.00465656811122
0.0
0.0
0.0
0.0
0.0
0.0
0.0
0.0
0.0
0.0
0.0
0.0
0.0
0.0
0.0
0.0
0.0
0.0
0.0
0.0
0.0
0.0
0.0
0.0
0.0
0.0
0.0
0.0
0.0
0.0
0.0
0.0
0.0
0.0
-0.00465656811122
0.0
0.0
0.0
0.0
0.0
0.0
0.0
0.0
0.0
0.0
0.0
0.0
0.0
0.0
0.0
0.0
0.0
0.0
0.0
0.0
0.0
0.0
0.0
0.0
0.0
0.0
0.0
0.0
0.0
0.0
0.0
0.0
0.0
0.0
0.0
0.0
0.0
0.0
0.0
0.0
0.0
0.0
0.0
0.0
0.0
0.0
0.0
0.0
0.0
0.0
0.0
0.0
0.0
0.0
0.0
0.0
0.0
0.0
0.0
0.0
0.0
0.0
0.0
0.0
0.0
0.0
0.0
0.0
0.0
0.0
0.0
0.0
0.0
0.0
0.0
0.0
0.0
-0.00338479706576
-0.00317635169818
0.0
0.0
0.0
0.0
0.0
0.0
0.0
0.0
0.0
0.0
0.0
0.0
0.0
0.0
-0.000352871625556
0.0
0.0
0.0
0.0
0.0
0.0
0.0
0.0
0.0
0.0
0.0
0.0
0.0
0.0
0.0
0.0
0.0
0.0
0.0
0.0
0.0
0.0
0.0
0.0
0.0
0.0
0.0
0.0
0.0
0.0
0.0
0.0
0.0
0.0
0.0
0.0
0.0
0.0
0.0
0.0
0.0
0.0
0.0
0.0
0.0
0.0
0.0
0.0
0.0
0.0
0.0
0.0
0.0
0.0
0.0
0.0
0.0
0.0
0.0
0.0
0.0
0.0
0.0
0.0
0.0
0.0
0.0
0.0
0.0
0.0
0.0
0.0
0.0
0.0
0.0
0.0
-0.000434235918289
-0.000192337212111
-0.00034219572747
0.0
0.0
0.0
0.0
0.0
0.0
0.0
0.0
0.0
0.0
0.0
0.0
0.0
0.0
0.0
0.0
0.0
0.0
0.0
0.0
0.0
0.0
0.0
0.0
0.0
0.0
0.0
0.0
0.0
0.0
0.0
0.0
0.0
0.0
0.0
0.0
0.0
0.0
0.0
0.0
-0.00852988671444
-0.00206885606912
-0.000980607413127
-0.000161979053366
0.00186747528554
0.0
0.0
0.0
0.0
0.0
0.0
0.0
0.0
0.0
0.0
0.0
-0.0121882287857
-0.00637318971836
0.0262863961376
-0.00687864781114
-0.0105374567421
0.0
0.0
0.0
-0.00290873811023
-0.00165574119208
-0.00142038081533
-0.00219989225604
0.0
0.0
0.0
0.0
-0.00204959190253
-0.00244232284064
-0.00239466027163
-0.00280327152786
0.0
0.0
0.0
0.0
0.0
0.0
0.0
0.0
0.0
0.0
0.0
0.0
0.0
0.0
0.0
0.0
0.0
0.0
0.0
0.0
-0.00450486279366
-0.00502496913371
-0.00199297934138
-0.00025325488039
0.0
0.0
0.0
0.0
0.0
0.0
0.0
0.0
-0.00297714603957
0.0
0.0
0.0
0.0
0.0
0.0
0.0
0.0
0.0
0.0
0.0
0.0
0.0
0.0
0.0
0.0
0.0
0.0
0.0
0.0
0.0
0.0
0.0
0.0
0.0
0.0
0.0
0.0
0.0
0.0
0.0
0.0
0.0
0.0
0.0
0.0
0.0
0.0
0.0
0.0
0.0
0.0
0.0
-0.00280980510293
-0.000472071843754
-0.000364856647727
-0.00225928686279
-0.00189491795198
0.00664742539587
0.00664742539587
0.00664742539587
-0.00571500901119
-0.00951664938673
0.0228074214024
0.0250046110705
-0.00464586566108
0.0
0.0
0.0
-0.00210864919103
-0.0104904878126
-0.00212372342917
-0.00255192794304
0.0
0.0
0.0
0.0
-0.00571503513373
-0.00799661403289
-0.00625529276661
0.00269201343825
0.0
0.0
0.0
0.0
-0.0103310267817
-0.00066605132489
0.0237212300392
0.0237838657808
-0.00469657297509
-0.0057851728267
-0.0057851728267
-0.0057851728267
-0.00176521616341
-0.000622107687426
-0.0111258154132
-0.00070396479859
0.0
0.0
0.0
0.0
-0.0123387205637
-0.00347575419343
-0.00814693921281
-0.00829659519489
0.0
0.0
0.0
0.0
-0.00769429066429
-0.014502014091
-0.00909252643195
0.0
0.0
0.0
0.0
0.0
-0.00466108535875
0.0234813893903
-0.00570356484061
0.0
0.0
0.0
0.0
0.0
-0.00165701522516
-0.00153695566277
0.0
0.0
0.0
0.0
0.0
0.0
-0.00180999118035
-0.00175112197348
-0.00180194681261
-0.00101959523189
-0.00101959523189
-0.00101959523189
-0.00101959523189
-0.00101959523189
-0.00497143624295
0.0114293212367
-0.00567535031744
0.0238367633127
0.0238367633127
0.0238367633127
0.0238367633127
0.0238367633127
-0.00138508656294
-0.0100637407436
-0.00219175204932
-0.0125833148005
-0.0125833148005
-0.0125833148005
-0.0125833148005
-0.0125833148005
-0.00465625834351
-0.0093996385614
-0.00360805118243
-0.00360805118243
-0.00360805118243
-0.00360805118243
-0.00360805118243
-0.00360805118243
-0.0050467819431
-0.00632405416387
0.0238367633127
0.0238367633127
0.0238367633127
0.0238367633127
0.0238367633127
0.0238367633127
-0.000814429832155
-0.000756227267141
-0.0125833148005
-0.0125833148005
-0.0125833148005
-0.0125833148005
-0.0125833148005
-0.0125833148005
-0.00747220747562
-0.0050931341375
-0.0050931341375
-0.0050931341375
-0.0050931341375
-0.0050931341375
-0.0050931341375
-0.0050931341375
-0.00669148264938
-0.00360805118243
-0.00360805118243
-0.00360805118243
-0.00360805118243
-0.00360805118243
-0.00360805118243
-0.00360805118243
-0.00378992827929
0.0242471526511
0.0242471526511
0.0242471526511
0.0242471526511
0.0242471526511
0.0242471526511
0.0242471526511
-0.00127893477884
-0.0125833148005
-0.0125833148005
-0.0125833148005
-0.0125833148005
-0.0125833148005
-0.0125833148005
-0.0125833148005
-0.0738138313657
-0.0738138313657
-0.0738138313657
-0.0738138313657
-0.0733173757883
-0.0713723839799
-0.0738138313657
-0.0738138313657
0.0390690009858
0.0390690009858
0.0390690009858
0.0390690009858
0.0390690009858
0.0354865396773
0.0390690009858
0.0390690009858
-0.133316348018
-0.133316348018
-0.133316348018
-0.133316348018
-0.133316348018
-0.133316348018
-0.133316348018
-0.133316348018
0.128883442039
0.127148844454
0.128883442039
0.128883442039
0.128883442039
0.0987414913322
0.128883442039
0.128883442039
0.0390690009858
0.0390690009858
0.0390690009858
0.0390690009858
0.0390690009858
0.0389778623916
0.0390690009858
0.0390690009858
-0.133316348018
-0.133316348018
-0.133316348018
-0.133316348018
-0.133316348018
-0.133316348018
-0.133316348018
-0.133316348018
0.0958583086844
0.115542132024
0.115542132024
0.115542132024
0.115542132024
0.0376763002975
0.115542132024
0.115542132024
0.131431852769
0.128883442039
0.128883442039
0.128883442039
0.128883442039
0.128787377913
0.128883442039
0.128883442039
0.0422085352891
0.0422085352891
0.0422085352891
0.0422085352891
0.0422085352891
0.0422085352891
0.0422085352891
0.0422085352891
-0.133316348018
-0.133316348018
-0.133316348018
-0.133316348018
-0.133316348018
-0.133316348018
-0.133316348018
-0.133316348018
0.0
0.0
0.0
-0.00465656811122
0.0
0.0
0.0
0.0
0.0
0.0
0.0
-0.00465656811122
0.0
0.0
0.0
0.0
0.0
0.0
0.0
0.0
0.0
0.0
0.0
0.0
0.0
0.0
0.0
0.0
0.0
0.0
0.0
0.0
0.0
0.0
0.0
-0.00465656811122
0.0
0.0
0.0
0.0
0.0
0.0
0.0
0.0
0.0
0.0
0.0
0.0
0.0
0.0
0.0
0.0
0.0
0.0
0.0
0.0
0.0
0.0
0.0
0.0
0.0
0.0
0.0
0.0
0.0
0.0
0.0
0.0
0.0
0.0
0.0
0.0
0.0
0.0
0.0
0.0
0.0
0.0
0.0
0.0
0.0
0.0
0.0
-0.00465656811122
0.0
0.0
0.0
0.0
-0.00228768027732
-0.00426158224712
-0.00508549509312
-0.00232281183263
-0.00211044341063
-0.000379386334974
-0.000328606502421
0.0
0.0
-0.00893396644771
-0.00893396644771
0.0
0.0
0.0
0.0
-0.00893396644771
0.0
0.0
0.0
-0.000410861219769
0.0
0.0
0.0
-0.00232113870734
0.0
0.0
0.0
-0.000410861219769
0.0
0.0
0.0
-0.00232113870734
0.0
0.0
0.0
-0.00014950333567
0.0
0.0
0.0
-0.000640814288675
0.0
0.0
0.0
-0.00014950333567
0.0
0.0
0.0
-0.000645204414218
0.0
0.0
0.0
-0.00014950333567
0.0
0.0
0.0
-0.000650211557549
0.0
0.0
0.0
-8.60457521296e-05
0.0
0.0
0.0
-0.000681684709779
-0.00153695566277
0.0
0.0
-0.00014950333567
0.0
0.0
0.0
-0.000653343980507
-0.00153695566277
-0.00165701522516
0.0
-0.000151309526643
0.0
0.0
0.0
-0.000658649567523
-0.00156836696546
-0.00165701522516
0.0
-0.00014950333567
0.0
0.0
0.0
-0.000657235053949
-0.00255192794304
-0.00120415119421
-0.000633552887387
-0.000111195299867
0.0
0.0
0.0
-0.000946674898223
-0.0018641098178
-0.0015552428513
-0.000633552887387
-0.000635897654164
0.0
0.0
0.0
-0.000760168969953
0.0
-0.00210869116227
-0.00136128281424
-0.000636513307913
0.0
0.0
0.0
-0.000835874612107
-0.00570356484061
-0.00151460323281
-0.00127893477884
-0.0014352530164
-0.00192543402936
0.0
0.0
-0.0007208465603
-0.00570356484061
-0.00467774523385
0.0
-0.00110610044921
-0.00192543402936
-0.00107791717004
0.0
-0.00123226821073
-0.00909576053966
-0.00467774523385
0.0
-0.00126031530933
-0.00146422927716
-0.00107791717004
0.0
-0.00141356670092
-0.00886033417099
-0.00435099345748
-0.00578664470896
-0.00101416427162
0.0
-0.00102699966938
-0.000718570711371
-0.00115120516778
0.0
-0.003921529982
-0.00578664470896
-0.00462457909474
0.0
-0.00105577966995
-0.000718570711371
-0.00137323197731
0.0
-0.0029553454795
-0.00464586566108
-0.00469657297509
0.0
0.0
0.0
-0.00189491795198
-0.0144882860793
-0.0029553454795
0.0
-0.00366970029272
-0.00484069544954
0.0
0.0
0.0
-0.0145076166778
-0.00770419125667
-0.000545760675981
-0.00221073026034
-0.00488368877943
-0.00403075067311
0.0
0.0
-0.010650458675
-0.00770419125667
-0.00127780933523
-0.000374325915831
-0.000787507689282
-0.00403075067311
0.0
0.0
0.0
-0.00638310384412
-0.00863552965071
0.0
0.0
0.0
0.0
0.0
0.0
-0.00382209394937
-0.00861045944975
-0.00791340188949
0.0
0.0
0.0
0.0
-0.00161707807726
0.0
0.0
-0.00791340188949
0.0
0.0
0.0
0.0
-0.00843254531363
0.0
-0.00046501114143
0.0
0.0
0.0
0.0
0.0
-0.00829659519489
-0.0123586274231
-0.00046501114143
0.0
0.0
0.0
0.0
0.0
0.0
-0.0123586274231
0.0
0.0
0.0
0.0
0.0
0.0
-0.000871654241479
-0.000875434798542
0.0
0.0
0.0
0.0
0.0
0.0
-0.000871654241479
0.0
0.0
0.0
0.0
0.0
0.0
0.0
-0.000661342830111
0.0
0.0
0.0
0.0
0.0
0.0
0.0
0.0
0.0
0.0
0.0
0.0
0.0
0.0
0.0
0.0
0.0
0.0
0.0
0.0
0.0
0.0
0.0
0.0
0.0
0.0
0.0
0.0
0.0
0.0
0.0
0.0
0.0
0.0
0.0
0.0
0.0
0.0
0.0
0.0
-0.000192337212111
-0.000434235918289
-0.00457926145821
-0.00457222020902
0.108205611427
-0.000434235918289
0.108205611427
0.0
0.0
0.0
0.0
0.0
0.0
0.0
0.0
0.0
0.0
0.0
-0.00178231610412
0.0
0.0
0.0
-0.00267922055021
-0.00311351973532
-0.00311351973532
0.0
0.0
0.0
0.0
0.0
0.0
