0.0
0.0
0.0
0.0
0.0
0.0
0.0
0.0
0.0
0.0
0.0
0.0
0.0
0.0
0.0
0.0
0.0
0.0
0.0
0.0
0.0
0.0
0.0
0.0
0.0
0.0
0.0
0.0
0.0
0.0
0.0
0.0
0.0
0.0
0.0
0.0
0.0
0.0
0.0
0.0
0.0
0.0
0.0
0.0
0.0
0.0
0.0
0.0
0.0
0.0
0.0
0.0123711340206
0.0
0.0
0.0
0.0
0.0
0.0
0.0
0.0
0.0
0.0
0.0
0.0
0.0
0.0
0.0
0.0
0.0
0.0
0.0
0.0
0.0
0.0
0.0
0.0
0.0
0.0
0.0
0.0
0.0
0.0
0.0
0.0
0.0
0.0
0.0
0.0
0.0
0.0
0.0
0.0
0.0
0.0
0.0
0.0
0.0
0.0
0.0
0.0
0.0
0.0
0.0
0.0
0.0
0.0
0.0
0.0
0.0
0.0
0.0
0.0
0.0
0.0
0.0
0.0
0.0
0.0
0.0
0.0
0.0
0.0
0.0
0.0
0.0
0.0
0.0
0.0
0.0144329896907
0.0142268041237
0.0
0.0
0.0
0.0
0.0
0.0
0.0
0.0
0.0
0.0
0.0
0.0
0.0
0.0
0.0
0.0
0.0
0.0
0.0
0.0
0.0
0.0
0.0
0.0
0.0123711340206
0.0
0.0123711340206
4.12371134021e-05
0.0
0.0
0.0
0.0
0.0
0.0
0.0
0.0
0.0
0.0
0.0123711340206
4.12371134021e-05
0.0123711340206
0.0
0.0123711340206
0.0
0.0
0.0
0.0
0.0
0.0
0.0
0.0
0.0
0.0
0.0
0.0123711340206
0.0
0.0123298969072
4.12371134021e-05
0.0123711340206
0.0
0.0
0.0
0.0
0.0
0.0
0.0
0.0
0.0
0.0
0.0
0.0122886597938
8.24742268041e-05
0.0
0.0
0.0
0.0
0.0
0.0
0.0
0.0
0.0
0.0
0.0
0.0
0.0
0.0
0.0
0.0
0.0
0.0
0.0
4.12371134021e-05
0.000123711340206
8.24742268041e-05
0.0
0.0
0.0
0.0
0.0
0.0
0.0
0.0
0.0
0.0
0.0
0.0
0.0
0.0
0.0
0.0
0.0
0.0
0.0
0.0
0.0
0.0
0.0
0.0
0.0
0.0
0.0
0.0
0.0
0.0
0.0
0.0
0.0
0.0
0.0
0.0
0.0
0.0
0.0
0.0
0.0358350515464
0.0216494845361
0.027587628866
0.0186804123711
0.0142680412371
0.00944329896907
0.0
0.0
0.0
0.0
0.0
0.0
0.0
0.0
0.0
0.0
0.0458556701031
0.0459381443299
0.0102268041237
8.24742268041e-05
0.00020618556701
0.0
0.0
0.0
0.0493195876289
0.0123711340206
0.0123711340206
0.0123711340206
0.0123711340206
0.0
0.0
0.0
0.0039175257732
0.0040824742268
0.00688659793814
0.00688659793814
0.0
0.0
0.0
0.0
0.0
0.0
0.0
0.0
0.0
0.0
0.0
0.0
0.0
0.0
0.0
0.0
0.0
0.0
0.0
0.0
0.0240824742268
0.0376494845361
0.0059381443299
0.000123711340206
0.0
0.0
0.0
0.0
0.0
0.0
0.0
0.0
0.0155463917526
0.0
0.0
0.0
0.0
0.0
0.0
0.0
0.0
0.0
0.0
0.0
0.0
0.0
0.0
0.0
0.0
0.0
0.0
0.0
0.0122886597938
0.0
0.0
0.0
0.0
0.0
0.0
8.24742268041e-05
0.0
0.0
0.0
0.0
0.0
0.0
0.0
0.0
0.0
0.0
0.0
0.0
0.0
0.0
0.0
0.0
0.00338144329897
0.00251546391753
0.00181443298969
0.00152577319588
0.000824742268041
0.000742268041237
0.000742268041237
0.000742268041237
0.016412371134
0.0144329896907
0.00894845360825
0.00870103092784
0.00771134020619
0.0
0.0
0.0
0.000577319587629
0.000453608247423
0.000247422680412
0.00020618556701
0.0
0.0
0.0
0.0
0.0129896907216
0.0207835051546
0.0378969072165
0.00119587628866
0.0
0.0
0.0
0.0
0.016824742268
0.0103505154639
0.0104329896907
0.0103917525773
0.00911340206186
4.12371134021e-05
4.12371134021e-05
4.12371134021e-05
0.000453608247423
0.000247422680412
0.00020618556701
0.00020618556701
0.0
0.0
0.0
0.0
0.0160412371134
0.0389278350515
0.036
0.0302680412371
0.0
0.0
0.0
0.0
0.0210309278351
0.0377319587629
0.000164948453608
0.0
0.0
0.0
0.0
0.0
0.00837113402062
0.00882474226804
0.00787628865979
0.0
0.0
0.0
0.0
0.0
0.000247422680412
0.00020618556701
0.0
0.0
0.0
0.0
0.0
0.0
0.000494845360825
0.000453608247423
0.000247422680412
0.00103092783505
0.00103092783505
0.00103092783505
0.00103092783505
0.00103092783505
0.0152989690722
0.0178144329897
0.00845360824742
0.0103505154639
0.0103505154639
0.0103505154639
0.0103505154639
0.0103505154639
0.000412371134021
0.000536082474227
0.000247422680412
0.000288659793814
0.000288659793814
0.000288659793814
0.000288659793814
0.000288659793814
0.00655670103093
0.019793814433
0.0432577319588
0.0432577319588
0.0432577319588
0.0432577319588
0.0432577319588
0.0432577319588
0.0127010309278
0.00841237113402
0.0103505154639
0.0103505154639
0.0103505154639
0.0103505154639
0.0103505154639
0.0103505154639
0.000288659793814
0.000247422680412
0.000288659793814
0.000288659793814
0.000288659793814
0.000288659793814
0.000288659793814
0.000288659793814
0.024412371134
0.035175257732
0.035175257732
0.035175257732
0.035175257732
0.035175257732
0.035175257732
0.035175257732
0.0279587628866
0.0432164948454
0.0432164948454
0.0432164948454
0.0432164948454
0.0432164948454
0.0432164948454
0.0432164948454
0.00721649484536
0.0103092783505
0.0103092783505
0.0103092783505
0.0103092783505
0.0103092783505
0.0103092783505
0.0103092783505
0.000164948453608
0.000288659793814
0.000288659793814
0.000288659793814
0.000288659793814
0.000288659793814
0.000288659793814
0.000288659793814
0.00103092783505
0.00103092783505
0.00103092783505
0.00103092783505
0.00107216494845
0.00111340206186
0.00103092783505
0.00103092783505
0.0103505154639
0.0103505154639
0.0103505154639
0.0103505154639
0.0103505154639
0.0117525773196
0.0103505154639
0.0103505154639
0.000288659793814
0.000288659793814
0.000288659793814
0.000288659793814
0.000288659793814
0.000288659793814
0.000288659793814
0.000288659793814
0.0430515463918
0.0428865979381
0.0430515463918
0.0430515463918
0.0431340206186
0.0347216494845
0.0432577319588
0.0432577319588
0.0103505154639
0.0103505154639
0.0103505154639
0.0103505154639
0.0103505154639
0.0103917525773
0.0103505154639
0.0103505154639
0.000288659793814
0.000288659793814
0.000288659793814
0.000288659793814
0.000288659793814
0.000288659793814
0.000288659793814
0.000288659793814
0.0449072164948
0.0349690721649
0.0349690721649
0.0349690721649
0.0350103092784
0.0137731958763
0.035175257732
0.035175257732
0.0434639175258
0.043175257732
0.043175257732
0.043175257732
0.0432164948454
0.0431340206186
0.0432164948454
0.0432164948454
0.0103092783505
0.0103092783505
0.0103092783505
0.0103092783505
0.0103092783505
0.0103092783505
0.0103092783505
0.0103092783505
0.000288659793814
0.000288659793814
0.000288659793814
0.000288659793814
0.000288659793814
0.000288659793814
0.000288659793814
0.000288659793814
4.12371134021e-05
0.0
0.0
0.0
0.0
0.0
0.0
0.0
4.12371134021e-05
0.0
0.0
0.0
0.0
0.0
0.0
0.0
4.12371134021e-05
0.0
0.0
0.0
0.0
0.0
0.0
0.0
4.12371134021e-05
0.0
0.0
0.0
0.0
0.0
0.0
0.0
4.12371134021e-05
0.0
0.0
0.0
0.0
0.0
0.0
0.0
4.12371134021e-05
0.0
0.0
0.0
0.0
0.0
0.0
0.0
0.0
0.0
0.0
0.0
0.0
0.0
0.0
0.0
0.0
0.0
0.0
0.0
0.0
0.0
0.0
0.0
0.0
0.0
0.0
0.0
0.0
0.0
0.0
0.0
0.0
0.0
0.0
0.0
0.0
0.0
0.0
0.0
0.0
0.0
0.0
0.0
0.0
0.0
0.0
0.0
0.00762886597938
0.0222680412371
0.0458144329897
0.0100618556701
0.00865979381443
0.000288659793814
0.00020618556701
0.0
0.0
0.00313402061856
0.00313402061856
0.0
0.0
0.0
0.0
0.00313402061856
0.0
0.0
0.0
4.12371134021e-05
0.0
0.0
0.0
0.000742268041237
0.0
0.0
0.0
4.12371134021e-05
0.0
0.0
0.0
0.000742268041237
0.0
0.0
0.0
4.12371134021e-05
0.0
0.0
0.0
0.000742268041237
0.0
0.0
0.0
4.12371134021e-05
0.0
0.0
0.0
0.000742268041237
0.0
0.0
0.0
4.12371134021e-05
0.0
0.0
0.0
0.000742268041237
0.0
0.0
0.0
4.12371134021e-05
0.0
0.0
0.0
0.000742268041237
0.00020618556701
0.0
0.0
4.12371134021e-05
0.0
0.0
0.0
0.000742268041237
0.00020618556701
0.000288659793814
0.0
4.12371134021e-05
0.0
0.0
0.0
0.000742268041237
0.00020618556701
0.000288659793814
0.0
4.12371134021e-05
0.0
0.0
0.0
0.000742268041237
0.00020618556701
0.000288659793814
0.00020618556701
4.12371134021e-05
0.0
0.0
0.0
0.000742268041237
0.00020618556701
0.000288659793814
0.00020618556701
0.000329896907216
0.0
0.0
0.0
0.000742268041237
0.0
0.000288659793814
0.00020618556701
0.000329896907216
0.0
0.0
0.0
0.000742268041237
0.00886597938144
8.24742268041e-05
0.00020618556701
0.000329896907216
0.00020618556701
0.0
0.0
0.000742268041237
0.00886597938144
0.00907216494845
0.0
0.000329896907216
0.00020618556701
0.000288659793814
0.0
0.000742268041237
0.00886597938144
0.00907216494845
0.0
0.000123711340206
0.00020618556701
0.000288659793814
0.0
0.000742268041237
0.00870103092784
0.0103092783505
0.00886597938144
0.000123711340206
0.0
0.000288659793814
0.00020618556701
0.000742268041237
0.0
0.0101443298969
0.00886597938144
0.00911340206186
0.0
8.24742268041e-05
0.00020618556701
0.000865979381443
0.0
0.00140206185567
0.00870103092784
0.00911340206186
0.0
0.0
0.0
0.000865979381443
0.0483298969072
0.00140206185567
0.0
0.0100618556701
0.00870103092784
0.0
0.0
0.0
0.0483711340206
0.0296494845361
4.12371134021e-05
0.00144329896907
0.00874226804124
0.00911340206186
0.0
0.0
0.0483711340206
0.0296494845361
0.000288659793814
4.12371134021e-05
4.12371134021e-05
0.00911340206186
0.0
0.0
0.0
0.0432577319588
0.0480824742268
0.0
0.0
0.0
0.0
0.0
0.0
0.00952577319588
0.048206185567
0.0296494845361
0.0
0.0
0.0
0.0
0.00103092783505
0.0
0.0
0.0296494845361
0.0
0.0
0.0
0.0
0.036618556701
0.0
0.000164948453608
0.0
0.0
0.0
0.0
0.0
0.0358762886598
0.0205360824742
0.000164948453608
0.0
0.0
0.0
0.0
0.0
0.0
0.0205360824742
0.0
0.0
0.0
0.0
0.0
0.0
0.00020618556701
0.000164948453608
0.0
0.0
0.0
0.0
0.0
0.0
0.00020618556701
0.0
0.0
0.0
0.0
0.0
0.0
0.0
0.000164948453608
0.0
0.0
0.0
0.0
0.0
0.0
0.0
0.0
0.0
0.0
0.0
0.0
0.0
0.0
0.0
0.0
0.0
0.0
0.0
0.0
0.0
0.0
0.0
0.0
0.0
0.0
0.0
0.0
0.0
0.0
0.0
0.0
0.0
0.0
0.0
0.0
0.0
0.0
0.0
0.0
4.12371134021e-05
4.12371134021e-05
0.0376907216495
0.0376907216495
0.0389278350515
4.12371134021e-05
0.0389278350515
0.0
0.0
0.0
0.0
0.0
0.0
0.0
0.0
0.0
0.0
0.0
0.00432989690722
0.0
0.0
0.0
0.0105567010309
0.000659793814433
0.000659793814433
0.0
0.0
0.0
0.0
0.0
0.0
0.0
0.0
0.0
0.0
0.0
0.0
0.0
0.0
0.0122886597938
0.0122886597938
0.0122886597938
0.0122886597938
0.0122886597938
0.0122886597938
0.0122886597938
0.0122886597938
0.0
0.0
0.0
0.0
0.0
0.0
0.0
0.0
0.0
0.0
0.0
0.0
0.0
0.0
0.0
0.0
0.0
0.0
0.0
0.0
0.0
0.0
0.0
0.0
0.0
0.0
0.0
0.0
0.0
0.0
0.0
0.0
0.0
0.0
0.0122886597938
0.0
0.0
0.0
0.0
0.0
0.0
0.0
0.0
0.0
0.0
0.0
0.0
0.0
0.0
0.0
0.0
0.0
0.0
0.0
0.0
0.0
0.0
0.0
0.0
0.0
0.0
0.0
0.0
0.0
0.0
0.0
0.0
0.0
0.0
0.0
0.0
0.0
0.0
0.0
0.0
0.0
0.0
0.0
0.0
0.0
0.0
0.0
0.0
0.0
0.0
0.0
0.0
0.0
0.0
0.0
0.0
0.0
0.0
0.0
0.0
0.0
0.0
0.0
0.0
0.0
0.0
0.0
0.0
0.0
0.0
0.0
0.0
0.0
0.0
0.0
0.0
0.0
0.0223505154639
0.0197113402062
0.0
0.0
0.0
0.0
0.0
0.0
0.0
0.0
0.0
0.0
0.0
0.0
0.0
0.0
0.000164948453608
0.0
0.0
0.0
0.0
0.0
0.0
0.0
0.0
0.0
0.0
0.0
0.0
0.0
0.0
0.0
0.0
0.0
0.0
0.0
0.0
0.0
0.0
0.0
0.0
0.0
0.0
0.0
0.0
0.0
0.0
0.0
0.0
0.0
0.0
0.0
0.0
0.0
0.0
0.0
0.0
0.0
0.0
0.0
0.0
0.0
0.0
0.0
0.0
0.0
0.0
0.0
0.0
0.0
0.0
0.0
0.0
0.0
0.0
0.0
0.0
0.0
0.0
0.0
0.0
0.0
0.0
0.0
0.0
0.0
0.0
0.0
0.0
0.0
0.0
0.0
0.0
4.12371134021e-05
4.12371134021e-05
0.000164948453608
0.0
0.0
0.0
0.0
0.0
0.0
0.0
0.0
0.0
0.0
0.0
0.0
0.0
0.0
0.0
0.0
0.0
0.0
0.0
0.0
0.0
0.0
0.0
0.0
0.0
0.0
0.0
0.0
0.0
0.0
0.0
0.0
0.0
0.0
0.0
0.0
0.0
0.0
0.0
0.0
0.0378969072165
0.0249072164948
0.0230927835052
0.0161649484536
0.00936082474227
0.0
0.0
0.0
0.0
0.0
0.0
0.0
0.0
0.0
0.0
0.0
0.055587628866
0.0549690721649
0.0102680412371
8.24742268041e-05
0.00020618556701
0.0
0.0
0.0
0.0494845360825
0.0247422680412
0.0123711340206
0.0123711340206
0.0
0.0
0.0
0.0
0.0039175257732
0.0040824742268
0.00688659793814
0.00688659793814
0.0
0.0
0.0
0.0
0.0
0.0
0.0
0.0
0.0
0.0
0.0
0.0
0.0
0.0
0.0
0.0
0.0
0.0
0.0
0.0
0.035793814433
0.0427628865979
0.00610309278351
0.000123711340206
0.0
0.0
0.0
0.0
0.0
0.0
0.0
0.0
0.0174020618557
0.0
0.0
0.0
0.0
0.0
0.0
0.0
0.0
0.0
0.0
0.0
0.0
0.0
0.0
0.0
0.0
0.0
0.0
0.0
0.0
0.0
0.0
0.0
0.0
0.0
0.0
0.0
0.0
0.0
0.0
0.0
0.0
0.0
0.0
0.0
0.0
0.0
0.0
0.0
0.0
0.0
0.0
0.0
0.00338144329897
0.00255670103093
0.00185567010309
0.00160824742268
0.00103092783505
0.000742268041237
0.000742268041237
0.000742268041237
0.0216082474227
0.0167010309278
0.00911340206186
0.00886597938144
0.00870103092784
0.0
0.0
0.0
0.000659793814433
0.000494845360825
0.000288659793814
0.00020618556701
0.0
0.0
0.0
0.0
0.0130721649485
0.0429278350515
0.0487835051546
0.00119587628866
0.0
0.0
0.0
0.0
0.016824742268
0.0103505154639
0.0106391752577
0.0105979381443
0.0103505154639
4.12371134021e-05
4.12371134021e-05
4.12371134021e-05
0.000453608247423
0.000288659793814
0.00020618556701
0.00020618556701
0.0
0.0
0.0
0.0
0.0354639175258
0.0451134020619
0.0391340206186
0.0358762886598
0.0
0.0
0.0
0.0
0.043175257732
0.0481237113402
0.000164948453608
0.0
0.0
0.0
0.0
0.0
0.0102680412371
0.00903092783505
0.00886597938144
0.0
0.0
0.0
0.0
0.0
0.000288659793814
0.00020618556701
0.0
0.0
0.0
0.0
0.0
0.0
0.000618556701031
0.000536082474227
0.000288659793814
0.00103092783505
0.00103092783505
0.00103092783505
0.00103092783505
0.00103092783505
0.0198350515464
0.0183505154639
0.0103505154639
0.0105567010309
0.0105567010309
0.0105567010309
0.0105567010309
0.0105567010309
0.000494845360825
0.000577319587629
0.000288659793814
0.000288659793814
0.000288659793814
0.000288659793814
0.000288659793814
0.000288659793814
0.0198350515464
0.043175257732
0.0549278350515
0.0549278350515
0.0549278350515
0.0549278350515
0.0549278350515
0.0549278350515
0.0155463917526
0.0103092783505
0.0105567010309
0.0105567010309
0.0105567010309
0.0105567010309
0.0105567010309
0.0105567010309
0.000371134020619
0.000288659793814
0.000288659793814
0.000288659793814
0.000288659793814
0.000288659793814
0.000288659793814
0.000288659793814
0.0389278350515
0.0514639175258
0.0514639175258
0.0514639175258
0.0514639175258
0.0514639175258
0.0514639175258
0.0514639175258
0.0481649484536
0.0549278350515
0.0549278350515
0.0549278350515
0.0549278350515
0.0549278350515
0.0549278350515
0.0549278350515
0.00886597938144
0.0105154639175
0.0105154639175
0.0105154639175
0.0105154639175
0.0105154639175
0.0105154639175
0.0105154639175
0.00020618556701
0.000288659793814
0.000288659793814
0.000288659793814
0.000288659793814
0.000288659793814
0.000288659793814
0.000288659793814
0.00103092783505
0.00103092783505
0.00103092783505
0.00103092783505
0.00107216494845
0.00111340206186
0.00103092783505
0.00103092783505
0.0105154639175
0.0105154639175
0.0105154639175
0.0105154639175
0.0105154639175
0.011793814433
0.0105154639175
0.0105154639175
0.000288659793814
0.000288659793814
0.000288659793814
0.000288659793814
0.000288659793814
0.000288659793814
0.000288659793814
0.000288659793814
0.0458144329897
0.0454432989691
0.0458144329897
0.0458144329897
0.0458144329897
0.0367010309278
0.0458144329897
0.0458144329897
0.0105154639175
0.0105154639175
0.0105154639175
0.0105154639175
0.0105154639175
0.0105567010309
0.0105154639175
0.0105154639175
0.000288659793814
0.000288659793814
0.000288659793814
0.000288659793814
0.000288659793814
0.000288659793814
0.000288659793814
0.000288659793814
0.0478350515464
0.0379381443299
0.0379381443299
0.0379381443299
0.0379381443299
0.0148453608247
0.0379381443299
0.0379381443299
0.0460618556701
0.0458144329897
0.0458144329897
0.0458144329897
0.0458144329897
0.0457731958763
0.0458144329897
0.0458144329897
0.0104742268041
0.0104742268041
0.0104742268041
0.0104742268041
0.0104742268041
0.0104742268041
0.0104742268041
0.0104742268041
0.000288659793814
0.000288659793814
0.000288659793814
0.000288659793814
0.000288659793814
0.000288659793814
0.000288659793814
0.000288659793814
0.0
0.0
0.0
0.0122886597938
0.0
0.0
0.0
0.0
0.0
0.0
0.0
0.0122886597938
0.0
0.0
0.0
0.0
0.0
0.0
0.0
0.0
0.0
0.0
0.0
0.0
0.0
0.0
0.0
0.0
0.0
0.0
0.0
0.0
0.0
0.0
0.0
0.0122886597938
0.0
0.0
0.0
0.0
0.0
0.0
0.0
0.0
0.0
0.0
0.0
0.0
0.0
0.0
0.0
0.0
0.0
0.0
0.0
0.0
0.0
0.0
0.0
0.0
0.0
0.0
0.0
0.0
0.0
0.0
0.0
0.0
0.0
0.0
0.0
0.0
0.0
0.0
0.0
0.0
0.0
0.0
0.0
0.0
0.0
0.0
0.0
0.0122886597938
0.0
0.0
0.0
0.0
0.00762886597938
0.0222680412371
0.0458556701031
0.0100618556701
0.00865979381443
0.000288659793814
0.00020618556701
0.0
0.0
0.0105567010309
0.0105567010309
0.0
0.0
0.0
0.0
0.0105567010309
0.0
0.0
0.0
4.12371134021e-05
0.0
0.0
0.0
0.000742268041237
0.0
0.0
0.0
4.12371134021e-05
0.0
0.0
0.0
0.000742268041237
0.0
0.0
0.0
4.12371134021e-05
0.0
0.0
0.0
0.000742268041237
0.0
0.0
0.0
4.12371134021e-05
0.0
0.0
0.0
0.000742268041237
0.0
0.0
0.0
4.12371134021e-05
0.0
0.0
0.0
0.000742268041237
0.0
0.0
0.0
4.12371134021e-05
0.0
0.0
0.0
0.000742268041237
0.00020618556701
0.0
0.0
4.12371134021e-05
0.0
0.0
0.0
0.000742268041237
0.00020618556701
0.000288659793814
0.0
4.12371134021e-05
0.0
0.0
0.0
0.000742268041237
0.00020618556701
0.000288659793814
0.0
4.12371134021e-05
0.0
0.0
0.0
0.000742268041237
0.00020618556701
0.000288659793814
0.00020618556701
4.12371134021e-05
0.0
0.0
0.0
0.000742268041237
0.00020618556701
0.000288659793814
0.00020618556701
0.000329896907216
0.0
0.0
0.0
0.000742268041237
0.0
0.000288659793814
0.00020618556701
0.000329896907216
0.0
0.0
0.0
0.000742268041237
0.00886597938144
8.24742268041e-05
0.00020618556701
0.000329896907216
0.00020618556701
0.0
0.0
0.000742268041237
0.00886597938144
0.0103092783505
0.0
0.000329896907216
0.00020618556701
0.000288659793814
0.0
0.000742268041237
0.00886597938144
0.0103092783505
0.0
0.000123711340206
0.00020618556701
0.000288659793814
0.0
0.000742268041237
0.00870103092784
0.0103092783505
0.00886597938144
0.000123711340206
0.0
0.000288659793814
0.00020618556701
0.000742268041237
0.0
0.0101443298969
0.00886597938144
0.0103505154639
0.0
8.24742268041e-05
0.00020618556701
0.00103092783505
0.0
0.00140206185567
0.00870103092784
0.0103505154639
0.0
0.0
0.0
0.00103092783505
0.0483298969072
0.00140206185567
0.0
0.0100618556701
0.00870103092784
0.0
0.0
0.0
0.0483711340206
0.0432164948454
4.12371134021e-05
0.00144329896907
0.00874226804124
0.0103505154639
0.0
0.0
0.0483711340206
0.0432164948454
0.000288659793814
4.12371134021e-05
4.12371134021e-05
0.0103505154639
0.0
0.0
0.0
0.0433402061856
0.048206185567
0.0
0.0
0.0
0.0
0.0
0.0
0.00956701030928
0.0483298969072
0.0430515463918
0.0
0.0
0.0
0.0
0.00103092783505
0.0
0.0
0.0430515463918
0.0
0.0
0.0
0.0
0.036618556701
0.0
0.000164948453608
0.0
0.0
0.0
0.0
0.0
0.0358762886598
0.035175257732
0.000164948453608
0.0
0.0
0.0
0.0
0.0
0.0
0.035175257732
0.0
0.0
0.0
0.0
0.0
0.0
0.00020618556701
0.000164948453608
0.0
0.0
0.0
0.0
0.0
0.0
0.00020618556701
0.0
0.0
0.0
0.0
0.0
0.0
0.0
0.000164948453608
0.0
0.0
0.0
0.0
0.0
0.0
0.0
0.0
0.0
0.0
0.0
0.0
0.0
0.0
0.0
0.0
0.0
0.0
0.0
0.0
0.0
0.0
0.0
0.0
0.0
0.0
0.0
0.0
0.0
0.0
0.0
0.0
0.0
0.0
0.0
0.0
0.0
0.0
0.0
0.0
4.12371134021e-05
4.12371134021e-05
0.0512989690722
0.0512989690722
0.0684948453608
4.12371134021e-05
0.0684948453608
0.0
0.0
0.0
0.0
0.0
0.0
0.0
0.0
0.0
0.0
0.0
0.00432989690722
0.0
0.0
0.0
0.0105567010309
0.00498969072165
0.00498969072165
0.0
0.0
0.0
0.0
0.0
0.0
