1.0
1.0
1.0
1.0
1.0
1.0
1.0
1.0
1.0
1.0
1.0
1.0
1.0
1.0
1.0
1.0
1.0
1.0
1.0
1.0
1.0
1.0
1.0
1.0
1.0
1.0
1.0
1.0
1.0
1.0
1.0
1.0
1.0
1.0
1.0
1.0
1.0
1.0
1.0
1.0
1.0
1.0
1.0
1.0
1.0
1.0
1.0
1.0
1.0
1.0
1.0
0.110535465185
1.0
1.0
1.0
1.0
1.0
1.0
1.0
1.0
1.0
1.0
1.0
1.0
1.0
1.0
1.0
1.0
1.0
1.0
1.0
1.0
1.0
1.0
1.0
1.0
1.0
1.0
1.0
1.0
1.0
1.0
1.0
1.0
1.0
1.0
1.0
1.0
1.0
1.0
1.0
1.0
1.0
1.0
1.0
1.0
1.0
1.0
1.0
1.0
1.0
1.0
1.0
1.0
1.0
1.0
1.0
1.0
1.0
1.0
1.0
1.0
1.0
1.0
1.0
1.0
1.0
1.0
1.0
1.0
1.0
1.0
1.0
1.0
1.0
1.0
1.0
1.0
0.11926725661
0.118424668748
1.0
1.0
1.0
1.0
1.0
1.0
1.0
1.0
1.0
1.0
1.0
1.0
1.0
1.0
1.0
1.0
1.0
1.0
1.0
1.0
1.0
1.0
1.0
1.0
0.110535465185
1.0
0.110535465185
0.00642148058492
1.0
1.0
1.0
1.0
1.0
1.0
1.0
1.0
1.0
1.0
0.110535465185
0.00642148058492
0.110535465185
1.0
0.110535465185
1.0
1.0
1.0
1.0
1.0
1.0
1.0
1.0
1.0
1.0
1.0
0.110535465185
1.0
0.110353389388
0.00642148058492
0.110535465185
1.0
1.0
1.0
1.0
1.0
1.0
1.0
1.0
1.0
1.0
1.0
0.110170997246
0.00908115767984
1.0
1.0
1.0
1.0
1.0
1.0
1.0
1.0
1.0
1.0
1.0
1.0
1.0
1.0
1.0
1.0
1.0
1.0
1.0
0.00642148058492
0.0111218719517
0.00908115767984
1.0
1.0
1.0
1.0
1.0
1.0
1.0
1.0
1.0
1.0
1.0
1.0
1.0
1.0
1.0
1.0
1.0
1.0
1.0
1.0
1.0
1.0
1.0
1.0
1.0
1.0
1.0
1.0
1.0
1.0
1.0
1.0
1.0
1.0
1.0
1.0
1.0
1.0
1.0
1.0
0.18587872559
0.145536196032
0.163788130216
0.135393702087
0.118593693915
0.0967167155856
1.0
1.0
1.0
1.0
1.0
1.0
1.0
1.0
1.0
1.0
0.209172004873
0.209350976175
0.100609227217
0.00908115767984
0.0143576827699
1.0
1.0
1.0
0.216534445077
0.110535465185
0.110535465185
0.110535465185
0.110535465185
1.0
1.0
1.0
0.0624674216293
0.0637636858329
0.0826992908493
0.0826992908493
1.0
1.0
1.0
1.0
1.0
1.0
1.0
1.0
1.0
1.0
1.0
1.0
1.0
1.0
1.0
1.0
1.0
1.0
1.0
1.0
0.153305279302
0.190347053695
0.0768302204332
0.0111218719517
1.0
1.0
1.0
1.0
1.0
1.0
1.0
1.0
0.123712171819
1.0
1.0
1.0
1.0
1.0
1.0
1.0
1.0
1.0
1.0
1.0
1.0
1.0
1.0
1.0
1.0
1.0
1.0
1.0
0.110170997246
1.0
1.0
1.0
1.0
1.0
1.0
0.00908115767984
1.0
1.0
1.0
1.0
1.0
1.0
1.0
1.0
1.0
1.0
1.0
1.0
1.0
1.0
1.0
1.0
0.0580517798193
0.0500912802672
0.0425575001923
0.0390313362829
0.0287064812931
0.0272344832775
0.0272344832775
0.0272344832775
0.127055126649
0.11926725661
0.0941720700965
0.0928726170011
0.0874749989335
1.0
1.0
1.0
0.0240205389141
0.0212932497985
0.0157277290932
0.0143576827699
1.0
1.0
1.0
1.0
0.113229672156
0.142658862564
0.190946934094
0.0345607605322
1.0
1.0
1.0
1.0
0.128614424991
0.101209595857
0.101607787186
0.101408895348
0.0950281430141
0.00642148058492
0.00642148058492
0.00642148058492
0.0212932497985
0.0157277290932
0.0143576827699
0.0143576827699
1.0
1.0
1.0
1.0
0.125634055197
0.193423004603
0.186290096355
0.171323923948
1.0
1.0
1.0
1.0
0.14348737892
0.190547259363
0.0128421667025
1.0
1.0
1.0
1.0
1.0
0.0911101428812
0.0935246822606
0.0883982620686
1.0
1.0
1.0
1.0
1.0
0.0157277290932
0.0143576827699
1.0
1.0
1.0
1.0
1.0
1.0
0.0222396153045
0.0212932497985
0.0157277290932
0.0320915101367
0.0320915101367
0.0320915101367
0.0320915101367
0.0320915101367
0.122739197559
0.132276524625
0.0915540537334
0.101209595857
0.101209595857
0.101209595857
0.101209595857
0.101209595857
0.0203027358764
0.0231472479964
0.0157277290932
0.0169875386486
0.0169875386486
0.0169875386486
0.0169875386486
0.0169875386486
0.0807075628583
0.139291131603
0.203436723785
0.203436723785
0.203436723785
0.203436723785
0.203436723785
0.203436723785
0.111980867746
0.0913323773145
0.101209595857
0.101209595857
0.101209595857
0.101209595857
0.101209595857
0.101209595857
0.0169875386486
0.0157277290932
0.0169875386486
0.0169875386486
0.0169875386486
0.0169875386486
0.0169875386486
0.0169875386486
0.15432565331
0.184222579983
0.184222579983
0.184222579983
0.184222579983
0.184222579983
0.184222579983
0.184222579983
0.164854695003
0.203344115771
0.203344115771
0.203344115771
0.203344115771
0.203344115771
0.203344115771
0.203344115771
0.084642879485
0.1010098863
0.1010098863
0.1010098863
0.1010098863
0.1010098863
0.1010098863
0.1010098863
0.0128421667025
0.0169875386486
0.0169875386486
0.0169875386486
0.0169875386486
0.0169875386486
0.0169875386486
0.0169875386486
0.0320915101367
0.0320915101367
0.0320915101367
0.0320915101367
0.0327263717937
0.0333490989039
0.0320915101367
0.0320915101367
0.101209595857
0.101209595857
0.101209595857
0.101209595857
0.101209595857
0.107770377405
0.101209595857
0.101209595857
0.0169875386486
0.0169875386486
0.0169875386486
0.0169875386486
0.0169875386486
0.0169875386486
0.0169875386486
0.0169875386486
0.202973177403
0.202601425601
0.202973177403
0.202973177403
0.203158747988
0.183073910052
0.203436723785
0.203436723785
0.101209595857
0.101209595857
0.101209595857
0.101209595857
0.101209595857
0.101408895348
0.101209595857
0.101209595857
0.0169875386486
0.0169875386486
0.0169875386486
0.0169875386486
0.0169875386486
0.0169875386486
0.0169875386486
0.0169875386486
0.207100358284
0.18370148654
0.18370148654
0.18370148654
0.183805841916
0.116548251603
0.184222579983
0.184222579983
0.203899007842
0.203251457195
0.203251457195
0.203251457195
0.203344115771
0.203158747988
0.203344115771
0.203344115771
0.1010098863
0.1010098863
0.1010098863
0.1010098863
0.1010098863
0.1010098863
0.1010098863
0.1010098863
0.0169875386486
0.0169875386486
0.0169875386486
0.0169875386486
0.0169875386486
0.0169875386486
0.0169875386486
0.0169875386486
0.00642148058492
1.0
1.0
1.0
1.0
1.0
1.0
1.0
0.00642148058492
1.0
1.0
1.0
1.0
1.0
1.0
1.0
0.00642148058492
1.0
1.0
1.0
1.0
1.0
1.0
1.0
0.00642148058492
1.0
1.0
1.0
1.0
1.0
1.0
1.0
0.00642148058492
1.0
1.0
1.0
1.0
1.0
1.0
1.0
0.00642148058492
1.0
1.0
1.0
1.0
1.0
1.0
1.0
1.0
1.0
1.0
1.0
1.0
1.0
1.0
1.0
1.0
1.0
1.0
1.0
1.0
1.0
1.0
1.0
1.0
1.0
1.0
1.0
1.0
1.0
1.0
1.0
1.0
1.0
1.0
1.0
1.0
1.0
1.0
1.0
1.0
1.0
1.0
1.0
1.0
1.0
1.0
1.0
0.0870095763882
0.14755397513
0.209082449573
0.0998028793702
0.092654205439
0.0169875386486
0.0143576827699
1.0
1.0
0.0558945304419
0.0558945304419
1.0
1.0
1.0
1.0
0.0558945304419
1.0
1.0
1.0
0.00642148058492
1.0
1.0
1.0
0.0272344832775
1.0
1.0
1.0
0.00642148058492
1.0
1.0
1.0
0.0272344832775
1.0
1.0
1.0
0.00642148058492
1.0
1.0
1.0
0.0272344832775
1.0
1.0
1.0
0.00642148058492
1.0
1.0
1.0
0.0272344832775
1.0
1.0
1.0
0.00642148058492
1.0
1.0
1.0
0.0272344832775
1.0
1.0
1.0
0.00642148058492
1.0
1.0
1.0
0.0272344832775
0.0143576827699
1.0
1.0
0.00642148058492
1.0
1.0
1.0
0.0272344832775
0.0143576827699
0.0169875386486
1.0
0.00642148058492
1.0
1.0
1.0
0.0272344832775
0.0143576827699
0.0169875386486
1.0
0.00642148058492
1.0
1.0
1.0
0.0272344832775
0.0143576827699
0.0169875386486
0.0143576827699
0.00642148058492
1.0
1.0
1.0
0.0272344832775
0.0143576827699
0.0169875386486
0.0143576827699
0.0181600681509
1.0
1.0
1.0
0.0272344832775
1.0
0.0169875386486
0.0143576827699
0.0181600681509
1.0
1.0
1.0
0.0272344832775
0.0937409931196
0.00908115767984
0.0143576827699
0.0181600681509
0.0143576827699
1.0
1.0
0.0272344832775
0.0937409931196
0.0948148763201
1.0
0.0181600681509
0.0143576827699
0.0169875386486
1.0
0.0272344832775
0.0937409931196
0.0948148763201
1.0
0.0111218719517
0.0143576827699
0.0169875386486
1.0
0.0272344832775
0.0928726170011
0.1010098863
0.0937409931196
0.0111218719517
1.0
0.0169875386486
0.0143576827699
0.0272344832775
1.0
0.100206898305
0.0937409931196
0.0950281430141
1.0
0.00908115767984
0.0143576827699
0.0294147830377
1.0
0.037417857745
0.0928726170011
0.0950281430141
1.0
1.0
1.0
0.0294147830377
0.214462392909
0.037417857745
1.0
0.0998028793702
0.0928726170011
1.0
1.0
1.0
0.214549219095
0.169618373423
0.00642148058492
0.0379633488665
0.0930904978541
0.0950281430141
1.0
1.0
0.214549219095
0.169618373423
0.0169875386486
0.00642148058492
0.00642148058492
0.0950281430141
1.0
1.0
1.0
0.203436723785
0.213940528884
1.0
1.0
1.0
1.0
1.0
1.0
0.0971340972105
0.214201655549
0.169618373423
1.0
1.0
1.0
1.0
0.0320915101367
1.0
1.0
0.169618373423
1.0
1.0
1.0
1.0
0.187823422411
1.0
0.0128421667025
1.0
1.0
1.0
1.0
1.0
0.1859816673
0.14182507462
0.0128421667025
1.0
1.0
1.0
1.0
1.0
1.0
0.14182507462
1.0
1.0
1.0
1.0
1.0
1.0
0.0143576827699
0.0128421667025
1.0
1.0
1.0
1.0
1.0
1.0
0.0143576827699
1.0
1.0
1.0
1.0
1.0
1.0
1.0
0.0128421667025
1.0
1.0
1.0
1.0
1.0
1.0
1.0
1.0
1.0
1.0
1.0
1.0
1.0
1.0
1.0
1.0
1.0
1.0
1.0
1.0
1.0
1.0
1.0
1.0
1.0
1.0
1.0
1.0
1.0
1.0
1.0
1.0
1.0
1.0
1.0
1.0
1.0
1.0
1.0
1.0
0.00642148058492
0.00642148058492
0.190447187301
0.190447187301
0.193423004603
0.00642148058492
0.193423004603
1.0
1.0
1.0
1.0
1.0
1.0
1.0
1.0
1.0
1.0
1.0
0.0656593397773
1.0
1.0
1.0
0.102202040558
0.0256779766834
0.0256779766834
1.0
1.0
1.0
1.0
1.0
1.0
1.0
1.0
1.0
1.0
1.0
1.0
1.0
1.0
0.110170997246
0.110170997246
0.110170997246
0.110170997246
0.110170997246
0.110170997246
0.110170997246
0.110170997246
1.0
1.0
1.0
1.0
1.0
1.0
1.0
1.0
1.0
1.0
1.0
1.0
1.0
1.0
1.0
1.0
1.0
1.0
1.0
1.0
1.0
1.0
1.0
1.0
1.0
1.0
1.0
1.0
1.0
1.0
1.0
1.0
1.0
1.0
0.110170997246
1.0
1.0
1.0
1.0
1.0
1.0
1.0
1.0
1.0
1.0
1.0
1.0
1.0
1.0
1.0
1.0
1.0
1.0
1.0
1.0
1.0
1.0
1.0
1.0
1.0
1.0
1.0
1.0
1.0
1.0
1.0
1.0
1.0
1.0
1.0
1.0
1.0
1.0
1.0
1.0
1.0
1.0
1.0
1.0
1.0
1.0
1.0
1.0
1.0
1.0
1.0
1.0
1.0
1.0
1.0
1.0
1.0
1.0
1.0
1.0
1.0
1.0
1.0
1.0
1.0
1.0
1.0
1.0
1.0
1.0
1.0
1.0
1.0
1.0
1.0
1.0
1.0
0.147820735766
0.139006486444
1.0
1.0
1.0
1.0
1.0
1.0
1.0
1.0
1.0
1.0
1.0
1.0
1.0
1.0
0.0128421667025
1.0
1.0
1.0
1.0
1.0
1.0
1.0
1.0
1.0
1.0
1.0
1.0
1.0
1.0
1.0
1.0
1.0
1.0
1.0
1.0
1.0
1.0
1.0
1.0
1.0
1.0
1.0
1.0
1.0
1.0
1.0
1.0
1.0
1.0
1.0
1.0
1.0
1.0
1.0
1.0
1.0
1.0
1.0
1.0
1.0
1.0
1.0
1.0
1.0
1.0
1.0
1.0
1.0
1.0
1.0
1.0
1.0
1.0
1.0
1.0
1.0
1.0
1.0
1.0
1.0
1.0
1.0
1.0
1.0
1.0
1.0
1.0
1.0
1.0
1.0
1.0
0.00642148058492
0.00642148058492
0.0128421667025
1.0
1.0
1.0
1.0
1.0
1.0
1.0
1.0
1.0
1.0
1.0
1.0
1.0
1.0
1.0
1.0
1.0
1.0
1.0
1.0
1.0
1.0
1.0
1.0
1.0
1.0
1.0
1.0
1.0
1.0
1.0
1.0
1.0
1.0
1.0
1.0
1.0
1.0
1.0
1.0
0.190946934094
0.1558423789
0.150198225206
0.126109646321
0.0962974542884
1.0
1.0
1.0
1.0
1.0
1.0
1.0
1.0
1.0
1.0
1.0
0.229123644313
0.227919883447
0.100809764241
0.00908115767984
0.0143576827699
1.0
1.0
1.0
0.216877423378
0.155338624345
0.110535465185
0.110535465185
1.0
1.0
1.0
1.0
0.0624674216293
0.0637636858329
0.0826992908493
0.0826992908493
1.0
1.0
1.0
1.0
1.0
1.0
1.0
1.0
1.0
1.0
1.0
1.0
1.0
1.0
1.0
1.0
1.0
1.0
1.0
1.0
0.185775717685
0.202322075236
0.0778835351148
0.0111218719517
1.0
1.0
1.0
1.0
1.0
1.0
1.0
1.0
0.130764024482
1.0
1.0
1.0
1.0
1.0
1.0
1.0
1.0
1.0
1.0
1.0
1.0
1.0
1.0
1.0
1.0
1.0
1.0
1.0
1.0
1.0
1.0
1.0
1.0
1.0
1.0
1.0
1.0
1.0
1.0
1.0
1.0
1.0
1.0
1.0
1.0
1.0
1.0
1.0
1.0
1.0
1.0
1.0
0.0580517798193
0.0504991515846
0.0430375021529
0.040070699556
0.0320915101367
0.0272344832775
0.0272344832775
0.0272344832775
0.145400588259
0.12814876704
0.0950281430141
0.0937409931196
0.0928726170011
1.0
1.0
1.0
0.0256779766834
0.0222396153045
0.0169875386486
0.0143576827699
1.0
1.0
1.0
1.0
0.113583816858
0.202694440055
0.215415121984
0.0345607605322
1.0
1.0
1.0
1.0
0.128614424991
0.101209595857
0.102596214392
0.102399325444
0.101209595857
0.00642148058492
0.00642148058492
0.00642148058492
0.0212932497985
0.0169875386486
0.0143576827699
0.0143576827699
1.0
1.0
1.0
1.0
0.184949258121
0.207552843913
0.193913767043
0.1859816673
1.0
1.0
1.0
1.0
0.203251457195
0.21402761445
0.0128421667025
1.0
1.0
1.0
1.0
1.0
0.100809764241
0.0946011108681
0.0937409931196
1.0
1.0
1.0
1.0
1.0
0.0169875386486
0.0143576827699
1.0
1.0
1.0
1.0
1.0
1.0
0.0248631069788
0.0231472479964
0.0169875386486
0.0320915101367
0.0320915101367
0.0320915101367
0.0320915101367
0.0320915101367
0.139433217981
0.134215401673
0.101209595857
0.102202040558
0.102202040558
0.102202040558
0.102202040558
0.102202040558
0.0222396153045
0.0240205389141
0.0169875386486
0.0169875386486
0.0169875386486
0.0169875386486
0.0169875386486
0.0169875386486
0.139433217981
0.203251457195
0.227839346883
0.227839346883
0.227839346883
0.227839346883
0.227839346883
0.227839346883
0.123712171819
0.1010098863
0.102202040558
0.102202040558
0.102202040558
0.102202040558
0.102202040558
0.102202040558
0.0192612637217
0.0169875386486
0.0169875386486
0.0169875386486
0.0169875386486
0.0169875386486
0.0169875386486
0.0169875386486
0.193423004603
0.220942034748
0.220942034748
0.220942034748
0.220942034748
0.220942034748
0.220942034748
0.220942034748
0.214114656654
0.227839346883
0.227839346883
0.227839346883
0.227839346883
0.227839346883
0.227839346883
0.227839346883
0.0937409931196
0.102004357437
0.102004357437
0.102004357437
0.102004357437
0.102004357437
0.102004357437
0.102004357437
0.0143576827699
0.0169875386486
0.0169875386486
0.0169875386486
0.0169875386486
0.0169875386486
0.0169875386486
0.0169875386486
0.0320915101367
0.0320915101367
0.0320915101367
0.0320915101367
0.0327263717937
0.0333490989039
0.0320915101367
0.0320915101367
0.102004357437
0.102004357437
0.102004357437
0.102004357437
0.102004357437
0.107957030221
0.102004357437
0.102004357437
0.0169875386486
0.0169875386486
0.0169875386486
0.0169875386486
0.0169875386486
0.0169875386486
0.0169875386486
0.0169875386486
0.209082449573
0.208274351632
0.209082449573
0.209082449573
0.209082449573
0.188026767394
0.209082449573
0.209082449573
0.102004357437
0.102004357437
0.102004357437
0.102004357437
0.102004357437
0.102202040558
0.102004357437
0.102004357437
0.0169875386486
0.0169875386486
0.0169875386486
0.0169875386486
0.0169875386486
0.0169875386486
0.0169875386486
0.0169875386486
0.213417101915
0.191046699879
0.191046699879
0.191046699879
0.191046699879
0.120933767355
0.191046699879
0.191046699879
0.209619085778
0.209082449573
0.209082449573
0.209082449573
0.209082449573
0.208992847762
0.209082449573
0.209082449573
0.10180627376
0.10180627376
0.10180627376
0.10180627376
0.10180627376
0.10180627376
0.10180627376
0.10180627376
0.0169875386486
0.0169875386486
0.0169875386486
0.0169875386486
0.0169875386486
0.0169875386486
0.0169875386486
0.0169875386486
1.0
1.0
1.0
0.110170997246
1.0
1.0
1.0
1.0
1.0
1.0
1.0
0.110170997246
1.0
1.0
1.0
1.0
1.0
1.0
1.0
1.0
1.0
1.0
1.0
1.0
1.0
1.0
1.0
1.0
1.0
1.0
1.0
1.0
1.0
1.0
1.0
0.110170997246
1.0
1.0
1.0
1.0
1.0
1.0
1.0
1.0
1.0
1.0
1.0
1.0
1.0
1.0
1.0
1.0
1.0
1.0
1.0
1.0
1.0
1.0
1.0
1.0
1.0
1.0
1.0
1.0
1.0
1.0
1.0
1.0
1.0
1.0
1.0
1.0
1.0
1.0
1.0
1.0
1.0
1.0
1.0
1.0
1.0
1.0
1.0
0.110170997246
1.0
1.0
1.0
1.0
0.0870095763882
0.14755397513
0.209172004873
0.0998028793702
0.092654205439
0.0169875386486
0.0143576827699
1.0
1.0
0.102202040558
0.102202040558
1.0
1.0
1.0
1.0
0.102202040558
1.0
1.0
1.0
0.00642148058492
1.0
1.0
1.0
0.0272344832775
1.0
1.0
1.0
0.00642148058492
1.0
1.0
1.0
0.0272344832775
1.0
1.0
1.0
0.00642148058492
1.0
1.0
1.0
0.0272344832775
1.0
1.0
1.0
0.00642148058492
1.0
1.0
1.0
0.0272344832775
1.0
1.0
1.0
0.00642148058492
1.0
1.0
1.0
0.0272344832775
1.0
1.0
1.0
0.00642148058492
1.0
1.0
1.0
0.0272344832775
0.0143576827699
1.0
1.0
0.00642148058492
1.0
1.0
1.0
0.0272344832775
0.0143576827699
0.0169875386486
1.0
0.00642148058492
1.0
1.0
1.0
0.0272344832775
0.0143576827699
0.0169875386486
1.0
0.00642148058492
1.0
1.0
1.0
0.0272344832775
0.0143576827699
0.0169875386486
0.0143576827699
0.00642148058492
1.0
1.0
1.0
0.0272344832775
0.0143576827699
0.0169875386486
0.0143576827699
0.0181600681509
1.0
1.0
1.0
0.0272344832775
1.0
0.0169875386486
0.0143576827699
0.0181600681509
1.0
1.0
1.0
0.0272344832775
0.0937409931196
0.00908115767984
0.0143576827699
0.0181600681509
0.0143576827699
1.0
1.0
0.0272344832775
0.0937409931196
0.1010098863
1.0
0.0181600681509
0.0143576827699
0.0169875386486
1.0
0.0272344832775
0.0937409931196
0.1010098863
1.0
0.0111218719517
0.0143576827699
0.0169875386486
1.0
0.0272344832775
0.0928726170011
0.1010098863
0.0937409931196
0.0111218719517
1.0
0.0169875386486
0.0143576827699
0.0272344832775
1.0
0.100206898305
0.0937409931196
0.101209595857
1.0
0.00908115767984
0.0143576827699
0.0320915101367
1.0
0.037417857745
0.0928726170011
0.101209595857
1.0
1.0
1.0
0.0320915101367
0.214462392909
0.037417857745
1.0
0.0998028793702
0.0928726170011
1.0
1.0
1.0
0.214549219095
0.203344115771
0.00642148058492
0.0379633488665
0.0930904978541
0.101209595857
1.0
1.0
0.214549219095
0.203344115771
0.0169875386486
0.00642148058492
0.00642148058492
0.101209595857
1.0
1.0
1.0
0.203621788405
0.214201655549
1.0
1.0
1.0
1.0
1.0
1.0
0.097342090706
0.214462392909
0.202973177403
1.0
1.0
1.0
1.0
0.0320915101367
1.0
1.0
0.202973177403
1.0
1.0
1.0
1.0
0.187823422411
1.0
0.0128421667025
1.0
1.0
1.0
1.0
1.0
0.1859816673
0.184222579983
0.0128421667025
1.0
1.0
1.0
1.0
1.0
1.0
0.184222579983
1.0
1.0
1.0
1.0
1.0
1.0
0.0143576827699
0.0128421667025
1.0
1.0
1.0
1.0
1.0
1.0
0.0143576827699
1.0
1.0
1.0
1.0
1.0
1.0
1.0
0.0128421667025
1.0
1.0
1.0
1.0
1.0
1.0
1.0
1.0
1.0
1.0
1.0
1.0
1.0
1.0
1.0
1.0
1.0
1.0
1.0
1.0
1.0
1.0
1.0
1.0
1.0
1.0
1.0
1.0
1.0
1.0
1.0
1.0
1.0
1.0
1.0
1.0
1.0
1.0
1.0
1.0
0.00642148058492
0.00642148058492
0.220606855842
0.220606855842
0.252593154143
0.00642148058492
0.252593154143
1.0
1.0
1.0
1.0
1.0
1.0
1.0
1.0
1.0
1.0
1.0
0.0656593397773
1.0
1.0
1.0
0.102202040558
0.0704612922686
0.0704612922686
1.0
1.0
1.0
1.0
1.0
1.0
