1.0
1.0
1.0
1.0
1.0
1.0
1.0
1.0
1.0
1.0
1.0
1.0
1.0
1.0
0.195225138427
0.154406594991
1.0
1.0
1.0
1.0
1.0
1.0
1.0
1.0
1.0
1.0
1.0
1.0
1.0
1.0
1.0
1.0
1.0
1.0
1.0
1.0
1.0
1.0
1.0
1.0
1.0
1.0
1.0
1.0
1.0
1.0
1.0
1.0
1.0
1.0
1.0
1.0
1.0
1.0
1.0
1.0
1.0
1.0
1.0
1.0
1.0
1.0
1.0
1.0
1.0
1.0
1.0
1.0
1.0
1.0
1.0
1.0
1.0
1.0
1.0
1.0
1.0
1.0
1.0
1.0
1.0
1.0
1.0
1.0
1.0
1.0
1.0
1.0
1.0
1.0
1.0
1.0
1.0
1.0
1.0
1.0
1.0
1.0
1.0
1.0
1.0
1.0
1.0
1.0
1.0
1.0
1.0
1.0
1.0
1.0
1.0
1.0
1.0
1.0
1.0
1.0
1.0
1.0
1.0
1.0
1.0
1.0
1.0
1.0
1.0
1.0
1.0
1.0
1.0
1.0
1.0
1.0
1.0
1.0
1.0
1.0
1.0
1.0
1.0
1.0
0.0744348094418
1.0
0.0276160837474
0.052200572175
1.0
1.0
1.0
1.0
0.0968992595323
1.0
0.0206694571488
0.0645368914998
1.0
1.0
1.0
1.0
0.0856357905366
1.0
0.0349238845255
0.0615340690007
1.0
1.0
1.0
1.0
0.0202971589696
1.0
0.0401924221106
1.0
1.0
1.0
1.0
1.0
1.0
1.0
1.0
1.0
1.0
1.0
1.0
1.0
1.0
1.0
1.0
1.0
1.0
1.0
1.0
1.0
1.0
1.0
1.0
1.0
1.0
1.0
1.0
1.0
1.0
1.0
1.0
1.0
1.0
1.0
1.0
1.0
1.0
1.0
1.0
1.0
1.0
1.0
1.0
1.0
1.0
1.0
1.0
1.0
1.0
1.0
1.0
1.0
1.0
1.0
1.0
1.0
1.0
1.0
1.0
1.0
1.0
1.0
1.0
1.0
1.0
1.0
1.0
1.0
1.0
1.0
1.0
1.0
1.0
1.0
1.0
1.0
1.0
1.0
1.0
1.0
0.0524905819501
0.106663248089
0.185665502555
0.136325095905
0.0999404938458
0.0864223425197
0.0407562797721
0.00390696545179
0.0524905819501
0.101939982201
0.183552303023
0.163024763197
0.127565832282
0.0842187865723
0.0850188436987
0.00676695936697
0.0524905819501
0.106453307556
0.185512755108
0.136594133748
0.0992646677409
0.0844863389149
0.0376509446249
0.0129569494301
0.0524905819501
0.102013252721
0.183474928395
0.162714624124
0.12727622909
0.0822293614174
0.0828676887679
0.00390696545179
1.0
1.0
1.0
0.0567945897591
1.0
1.0
1.0
1.0
1.0
1.0
1.0
0.0567945897591
1.0
1.0
1.0
1.0
1.0
1.0
1.0
0.0567945897591
1.0
1.0
1.0
1.0
1.0
1.0
1.0
0.0567945897591
1.0
1.0
1.0
1.0
1.0
1.0
1.0
1.0
1.0
1.0
1.0
1.0
1.0
1.0
1.0
1.0
1.0
1.0
1.0
1.0
1.0
1.0
1.0
1.0
1.0
1.0
1.0
1.0
1.0
1.0
1.0
1.0
1.0
1.0
1.0
1.0
1.0
1.0
0.0530657942312
1.0
0.054476960323
1.0
1.0
0.054476960323
1.0
1.0
0.0759401485957
1.0
0.0771227782416
1.0
1.0
0.0771227782416
1.0
1.0
0.0860736782955
1.0
0.0858987991974
1.0
1.0
0.0858987991974
1.0
1.0
0.0956546046853
1.0
0.0947099666423
1.0
1.0
0.0947099666423
1.0
1.0
1.0
1.0
1.0
1.0
1.0
1.0
1.0
1.0
1.0
1.0
1.0
1.0
1.0
0.0587627453959
1.0
1.0
1.0
1.0
1.0
1.0
1.0
1.0
1.0
1.0
1.0
1.0
1.0
1.0
1.0
0.121511947803
1.0
1.0
1.0
1.0
1.0
1.0
1.0
0.0253121053907
1.0
1.0
1.0
1.0
1.0
1.0
1.0
0.153226263956
1.0
1.0
1.0
1.0
1.0
1.0
1.0
0.0110499766453
1.0
1.0
1.0
1.0
1.0
1.0
1.0
0.161377904533
1.0
1.0
1.0
1.0
1.0
1.0
1.0
0.0390401219412
0.0103363855839
0.0234355297558
0.0436398413182
0.0436398413182
0.0436398413182
0.0436398413182
0.0436398413182
0.0436398413182
0.150060926912
0.121816183456
0.115698265742
0.115698265742
0.115698265742
0.115698265742
0.115698265742
0.115698265742
1.0
1.0
1.0
1.0
1.0
1.0
1.0
1.0
1.0
1.0
1.0
1.0
1.0
1.0
1.0
1.0
1.0
1.0
1.0
1.0
1.0
1.0
1.0
1.0
1.0
1.0
1.0
1.0
1.0
1.0
1.0
1.0
1.0
1.0
1.0
1.0
1.0
1.0
1.0
1.0
0.00676695936697
1.0
1.0
1.0
1.0
1.0
1.0
1.0
0.0445023788673
0.0445023788673
0.0543375122199
0.0543375122199
0.0594041122522
0.0594041122522
0.0558520661481
0.0558520661481
0.0414960947273
0.0414960947273
0.0481127592843
0.0481127592843
0.0508748474815
0.0508748474815
0.0548931537198
0.0548931537198
0.0370395426079
0.0370395426079
0.0292247764835
0.0292247764835
0.0259073701091
0.0259073701091
0.0210351560346
0.0210351560346
1.0
0.0146170755986
0.0146170755986
0.0146170755986
0.0183223548989
0.0183223548989
0.0183223548989
1.0
1.0
1.0
0.0123540608571
0.0123540608571
0.0123540608571
0.0123540608571
1.0
1.0
0.0985080873313
0.0850188436987
0.0675160192893
1.0
1.0
1.0
1.0
1.0
1.0
1.0
1.0
1.0
1.0
1.0
1.0
1.0
1.0
1.0
1.0
1.0
1.0
1.0
1.0
1.0
1.0
1.0
1.0
1.0
1.0
1.0
1.0
1.0
0.035571865363
0.00390696545179
1.0
1.0
1.0
1.0
1.0
1.0
1.0
1.0
1.0
1.0
0.11336302344
0.0744348094418
0.0583744950355
0.0456823654875
1.0
1.0
1.0
1.0
1.0
1.0
1.0
1.0
0.0675160192893
1.0
1.0
1.0
1.0
1.0
1.0
1.0
0.119172780527
0.088654217516
0.0623896645888
0.0405692037342
0.0165736997132
0.0165736997132
0.0165736997132
0.0165736997132
1.0
1.0
1.0
1.0
1.0
1.0
1.0
1.0
1.0
1.0
1.0
1.0
1.0
1.0
1.0
1.0
1.0
1.0
1.0
1.0
1.0
1.0
1.0
1.0
1.0
1.0
1.0
1.0
1.0
1.0
1.0
1.0
1.0
1.0
1.0
1.0
1.0
1.0
1.0
1.0
1.0
1.0
1.0
1.0
1.0
1.0
1.0
1.0
0.126811392781
0.107637298921
0.0815859000177
0.0588915854744
0.0446728723243
0.0264892262733
0.00873597361717
0.0281625597546
0.114925416095
0.132552135926
0.148253865069
0.118173164858
0.0876314083988
0.0604159383708
0.0380530582752
0.0378525384965
0.161556847834
0.14607298844
0.117164511976
0.0865961320506
0.0629935788878
0.0335902565902
0.0191367833339
0.039427987647
0.107290487639
0.133106084916
0.169136433995
0.135947476473
0.0986598864595
0.0670664588632
0.0380530582752
0.00390696545179
1.0
1.0
1.0
1.0
1.0
1.0
1.0
1.0
1.0
1.0
1.0
1.0
1.0
1.0
1.0
1.0
1.0
1.0
1.0
1.0
1.0
1.0
1.0
1.0
1.0
1.0
1.0
1.0
1.0
1.0
1.0
1.0
1.0
1.0
1.0
1.0
1.0
1.0
1.0
1.0
1.0
1.0
1.0
1.0
1.0
1.0
1.0
1.0
1.0
1.0
1.0
1.0
1.0
1.0
1.0
1.0
1.0
1.0
1.0
1.0
1.0
1.0
1.0
1.0
1.0
0.0727940172788
0.13524316199
0.164434208608
0.121451003464
0.096201198971
0.0868561442289
0.0307491506041
1.0
0.0720641639707
0.135351775549
0.166696090057
0.126578290313
0.10252461655
0.074940026762
0.0570609860313
1.0
0.0727940172788
0.132496603975
0.166480101309
0.120471438103
0.114731344547
0.095025928618
0.0429372400409
1.0
0.0727940172788
0.139569080205
0.161601549094
0.111910616623
0.0945515749268
0.0571937127516
0.0570609860313
1.0
0.00390696545179
1.0
0.00390696545179
0.110572807991
0.188089896825
0.118110391207
0.0620244485276
0.146671294014
0.0900826824806
0.088484596697
0.0496664079649
0.0496664079649
0.0496664079649
0.0432899768808
1.0
0.0284318468992
0.0761385597977
0.14030214715
0.172952000645
0.154969626876
0.149379995788
0.144109733385
1.0
1.0
1.0
1.0
0.0292247764835
0.0970536758561
0.175782609149
0.154594524241
1.0
1.0
1.0
1.0
1.0
1.0
1.0
1.0
1.0
1.0
1.0
1.0
1.0
1.0
1.0
1.0
1.0
1.0
1.0
0.0725862526596
0.114796073548
0.151124152265
1.0
1.0
1.0
0.079623461872
0.146919801498
0.14800781005
0.105042471491
0.10722098425
1.0
1.0
1.0
1.0
1.0
1.0
0.0972848228189
1.0
1.0
1.0
1.0
1.0
1.0
1.0
1.0
1.0
1.0
1.0
1.0
1.0
0.114796073548
0.102232735526
1.0
1.0
1.0
1.0
1.0
1.0
1.0
1.0
1.0
1.0
1.0
1.0
1.0
1.0
1.0
1.0
1.0
1.0
1.0
1.0
1.0
1.0
1.0
1.0
1.0
1.0
0.107706520681
1.0
0.12211961347
0.00390696545179
0.0170277277674
0.0267754001059
0.0267754001059
0.0267754001059
0.0267754001059
0.0267754001059
0.0267754001059
1.0
1.0
0.0706883038716
0.114796073548
1.0
1.0
1.0
0.114796073548
0.094868084083
0.111310696117
0.150109435011
0.157980824942
1.0
1.0
1.0
0.156830257033
0.0930329053528
0.115376909539
0.154735305582
0.151076002365
0.151027835571
1.0
1.0
1.0
0.148548541345
0.148548541345
0.148548541345
0.148548541345
0.148548541345
0.148548541345
0.148548541345
0.148548541345
1.0
1.0
1.0
1.0
1.0
1.0
1.0
1.0
1.0
1.0
1.0
1.0
1.0
1.0
1.0
1.0
1.0
1.0
1.0
1.0
1.0
1.0
1.0
1.0
1.0
1.0
1.0
1.0
1.0
1.0
1.0
1.0
0.0179012316993
0.0179012316993
0.0179012316993
0.0179012316993
0.0179012316993
0.0179012316993
0.0179012316993
0.0179012316993
1.0
1.0
1.0
1.0
1.0
1.0
1.0
1.0
1.0
1.0
1.0
1.0
1.0
1.0
1.0
1.0
1.0
1.0
1.0
1.0
1.0
1.0
1.0
1.0
1.0
1.0
1.0
1.0
1.0
1.0
1.0
1.0
1.0
1.0
1.0
1.0
1.0
1.0
1.0
1.0
1.0
1.0
1.0
1.0
1.0
1.0
0.210392248112
0.146621537207
1.0
1.0
1.0
1.0
1.0
1.0
1.0
1.0
1.0
1.0
1.0
1.0
1.0
1.0
1.0
1.0
1.0
1.0
1.0
1.0
1.0
1.0
1.0
1.0
1.0
1.0
1.0
1.0
1.0
1.0
1.0
1.0
1.0
1.0
1.0
1.0
1.0
1.0
1.0
1.0
1.0
1.0
1.0
1.0
1.0
1.0
1.0
1.0
1.0
1.0
1.0
1.0
1.0
1.0
1.0
1.0
1.0
1.0
1.0
1.0
1.0
1.0
1.0
1.0
1.0
1.0
1.0
1.0
1.0
1.0
1.0
1.0
1.0
1.0
1.0
1.0
1.0
1.0
1.0
1.0
1.0
1.0
1.0
1.0
1.0
1.0
1.0
1.0
1.0
1.0
1.0
1.0
1.0
1.0
1.0
1.0
1.0
1.0
1.0
1.0
1.0
1.0
1.0
1.0
1.0
1.0
1.0
1.0
1.0
1.0
1.0
1.0
1.0
1.0
1.0
1.0
1.0
1.0
1.0
1.0
1.0
1.0
1.0
1.0
0.0735164698525
1.0
0.0270585388941
0.0617797528606
1.0
1.0
1.0
1.0
0.0959673400539
1.0
0.0227755889497
0.0530657942312
1.0
1.0
1.0
1.0
0.0851072609882
1.0
0.0317245868497
0.0707951083322
1.0
1.0
1.0
1.0
0.025009146466
1.0
0.0420423552743
1.0
1.0
1.0
1.0
1.0
1.0
1.0
1.0
1.0
1.0
1.0
1.0
1.0
1.0
1.0
1.0
1.0
1.0
1.0
1.0
1.0
1.0
1.0
1.0
1.0
1.0
1.0
1.0
1.0
1.0
1.0
1.0
1.0
1.0
1.0
1.0
1.0
1.0
1.0
1.0
1.0
1.0
1.0
1.0
1.0
1.0
1.0
1.0
1.0
1.0
1.0
1.0
1.0
1.0
1.0
1.0
1.0
1.0
1.0
1.0
1.0
1.0
1.0
1.0
1.0
1.0
1.0
1.0
1.0
1.0
1.0
1.0
1.0
1.0
1.0
1.0
1.0
1.0
1.0
1.0
1.0
0.0622681676521
0.108670770494
0.187260626523
0.13904289362
0.0963567775043
0.0896649860446
0.0342635903132
1.0
0.0622681676521
0.107012190169
0.188802672942
0.15761365756
0.134261373708
0.0878027305329
0.0840399312664
0.00676695936697
0.0622681676521
0.108396188807
0.187222830832
0.13899015618
0.0951047489705
0.0880590689282
0.0319637768844
0.0110499766453
0.0622681676521
0.106872756594
0.188802672942
0.15761365756
0.133987278035
0.0854599881168
0.0814935507755
0.00390696545179
1.0
1.0
1.0
0.0637105994544
1.0
1.0
1.0
1.0
1.0
1.0
1.0
0.0637105994544
1.0
1.0
1.0
1.0
1.0
1.0
1.0
0.0637105994544
1.0
1.0
1.0
1.0
1.0
1.0
1.0
0.0637105994544
1.0
1.0
1.0
1.0
1.0
1.0
1.0
1.0
1.0
1.0
1.0
1.0
1.0
1.0
1.0
1.0
1.0
1.0
1.0
1.0
1.0
1.0
1.0
1.0
1.0
1.0
1.0
1.0
1.0
1.0
1.0
1.0
1.0
1.0
1.0
1.0
1.0
1.0
0.054476960323
1.0
0.0530657942312
1.0
1.0
0.0530657942312
1.0
1.0
0.0771227782416
1.0
0.0759401485957
1.0
1.0
0.0759401485957
1.0
1.0
0.0858987991974
1.0
0.0860736782955
1.0
1.0
0.0860736782955
1.0
1.0
0.0947099666423
1.0
0.0956546046853
1.0
1.0
0.0956546046853
1.0
1.0
1.0
1.0
1.0
1.0
1.0
1.0
1.0
1.0
1.0
1.0
1.0
1.0
1.0
0.0587627453959
1.0
1.0
1.0
1.0
1.0
1.0
1.0
1.0
1.0
1.0
1.0
1.0
1.0
1.0
1.0
0.122058991629
1.0
1.0
1.0
1.0
1.0
1.0
1.0
0.0234355297558
1.0
1.0
1.0
1.0
1.0
1.0
1.0
0.153746842693
1.0
1.0
1.0
1.0
1.0
1.0
1.0
0.0103363855839
1.0
1.0
1.0
1.0
1.0
1.0
1.0
0.162314899787
1.0
1.0
1.0
1.0
1.0
1.0
1.0
0.035357197849
0.0110499766453
0.0253121053907
0.0477959111108
0.0477959111108
0.0477959111108
0.0477959111108
0.0477959111108
0.0477959111108
0.155903016619
0.124281059129
0.128889043955
0.128889043955
0.128889043955
0.128889043955
0.128889043955
0.128889043955
1.0
1.0
1.0
1.0
1.0
1.0
1.0
1.0
1.0
1.0
1.0
1.0
1.0
1.0
1.0
1.0
1.0
1.0
1.0
1.0
1.0
1.0
1.0
1.0
1.0
1.0
1.0
1.0
1.0
1.0
1.0
1.0
1.0
0.00873597361718
1.0
0.00873597361718
1.0
1.0
1.0
1.0
0.00676695936697
1.0
1.0
1.0
1.0
1.0
1.0
1.0
0.0165736997132
0.0165736997132
0.0259073701091
0.0259073701091
0.0276160837474
0.0276160837474
0.0220959042588
0.0220959042588
0.0179012316993
0.0179012316993
0.0227755889497
0.0227755889497
0.0237586122779
0.0237586122779
0.0256114717587
0.0256114717587
0.0170277277675
0.0170277277675
0.00873597361717
0.00873597361717
0.00781375198387
0.00781375198387
0.00781375198387
0.00781375198387
1.0
0.00552524135819
0.00552524135819
0.00552524135819
0.00676695936697
0.00676695936697
0.00676695936697
1.0
1.0
1.0
0.00676695936697
0.00676695936697
0.00676695936697
0.00676695936697
1.0
1.0
0.109694027854
0.0698278672982
0.0179012316993
1.0
1.0
1.0
1.0
1.0
1.0
1.0
1.0
1.0
1.0
1.0
1.0
1.0
1.0
1.0
1.0
1.0
1.0
1.0
1.0
1.0
1.0
1.0
1.0
1.0
1.0
1.0
1.0
1.0
0.00390696545179
1.0
1.0
1.0
1.0
1.0
1.0
1.0
1.0
1.0
1.0
1.0
0.110438089399
0.0740280964552
0.0456823654875
0.0357852386474
1.0
1.0
1.0
1.0
1.0
1.0
1.0
1.0
0.0900826824806
0.0675160192893
1.0
1.0
1.0
1.0
1.0
1.0
0.123565049845
0.0895812052397
0.0635916666259
0.0476366893934
0.0445023788673
0.0445023788673
0.0445023788673
0.0445023788673
1.0
1.0
1.0
1.0
1.0
1.0
1.0
1.0
1.0
1.0
1.0
1.0
1.0
1.0
1.0
1.0
1.0
1.0
1.0
1.0
1.0
1.0
1.0
1.0
1.0
1.0
1.0
1.0
1.0
1.0
1.0
1.0
1.0
1.0
1.0
1.0
1.0
1.0
1.0
1.0
1.0
1.0
1.0
1.0
1.0
1.0
1.0
1.0
0.126403162005
0.106663248089
0.0788626795867
0.0554431597232
0.0403812552601
0.0210351560346
0.00781375198388
0.0240773502237
0.116593085344
0.134261373708
0.150012401574
0.122724080471
0.0942339631367
0.0540575239224
0.0312406909153
0.0349238845255
0.161198739464
0.146122949577
0.114212118454
0.0823208625726
0.0582444951334
0.0294843321548
0.0156260725281
0.0349238845255
0.108464902618
0.136109451929
0.17157943938
0.139253626925
0.103322851843
0.0615340690007
0.0312406909153
0.00390696545179
1.0
1.0
1.0
1.0
1.0
1.0
1.0
1.0
1.0
1.0
1.0
1.0
1.0
1.0
1.0
1.0
1.0
1.0
1.0
1.0
1.0
1.0
1.0
1.0
1.0
1.0
1.0
1.0
1.0
1.0
1.0
1.0
1.0
1.0
1.0
1.0
1.0
1.0
1.0
1.0
1.0
1.0
1.0
1.0
1.0
1.0
1.0
1.0
1.0
1.0
1.0
1.0
1.0
1.0
1.0
1.0
1.0
1.0
1.0
1.0
1.0
1.0
1.0
1.0
1.0
0.0843080677925
0.143040409241
0.164170970013
0.11773300487
0.100537256763
0.0812158557845
0.0376509446249
1.0
0.0840399312664
0.144767382071
0.172038340423
0.131212392539
0.108807788644
0.0848417244505
0.0665001558179
1.0
0.0843080677925
0.141031079912
0.166436865724
0.123983257334
0.109897478778
0.0887389024032
0.0502742958313
1.0
0.0843080677925
0.147514350287
0.167385147299
0.115569836537
0.0987356949661
0.0665001558179
0.0665001558179
0.0179012316993
0.0179012316993
0.00390696545179
0.0179012316993
0.12727622909
0.188615404668
0.118549067459
0.0605412102971
0.153415790962
0.087029040726
0.0865092822729
0.0451804616642
0.0432899768808
0.0432899768808
0.0496664079649
1.0
0.0331337313344
0.0823208625726
0.149574895011
0.173448058184
0.15251322236
0.146870136812
0.149379995788
1.0
1.0
1.0
1.0
0.0299966832962
0.101204232842
0.179398310196
0.155483758821
1.0
1.0
1.0
1.0
1.0
1.0
1.0
1.0
1.0
1.0
1.0
1.0
1.0
1.0
1.0
1.0
1.0
1.0
1.0
0.0737215560587
0.117227821947
0.152322456082
1.0
1.0
1.0
0.0822293614174
0.156645295644
0.149233637937
0.10722098425
0.112242447622
1.0
1.0
1.0
1.0
1.0
1.0
0.104686652553
1.0
1.0
1.0
1.0
1.0
1.0
1.0
1.0
1.0
1.0
1.0
1.0
1.0
0.117354333468
0.112242447622
1.0
1.0
1.0
1.0
1.0
1.0
1.0
1.0
1.0
1.0
1.0
1.0
1.0
1.0
1.0
1.0
1.0
1.0
1.0
1.0
1.0
1.0
1.0
1.0
1.0
1.0
0.112242447622
1.0
0.107706520681
0.00552524135819
0.0191367833339
0.0319637768844
0.0319637768844
0.0319637768844
0.0319637768844
0.0319637768844
0.0319637768844
1.0
1.0
0.0718542436333
0.115634069977
1.0
1.0
1.0
0.116974364522
0.095025928618
0.111310696117
0.15020639956
0.157567694825
1.0
1.0
1.0
0.156552724073
0.0930329053528
0.115376909539
0.154969626876
0.150545234904
0.151076002365
1.0
1.0
1.0
0.151027835571
0.151027835571
0.151027835571
0.151027835571
0.151027835571
0.151027835571
0.151027835571
0.151027835571
1.0
1.0
1.0
1.0
1.0
1.0
1.0
1.0
1.0
1.0
1.0
1.0
1.0
1.0
1.0
1.0
1.0
1.0
1.0
1.0
1.0
1.0
1.0
1.0
1.0
1.0
1.0
1.0
1.0
1.0
1.0
1.0
0.0179012316993
0.0179012316993
0.0179012316993
0.0179012316993
0.0179012316993
0.0179012316993
0.0179012316993
0.0179012316993
1.0
1.0
1.0
1.0
1.0
1.0
1.0
1.0
1.0
1.0
1.0
1.0
1.0
1.0
1.0
1.0
1.0
1.0
1.0
1.0
1.0
1.0
1.0
1.0
1.0
1.0
1.0
1.0
1.0
1.0
1.0
1.0
