0.0
0.0
0.0
0.0
0.0
0.0
0.0
0.0
0.0
0.0
0.0
0.0
0.0
0.0
0.000684306280911
-0.000117497734433
4.30211422042e-16
-4.51028103754e-17
0.0
1.66533453694e-16
-3.33066907388e-16
0.0
2.77555756156e-17
-1.38777878078e-17
-3.46944695195e-18
-1.30104260698e-18
-2.16840434497e-19
2.71050543121e-20
1.35525271561e-20
1.69406589451e-21
-2.11758236814e-22
-5.29395592034e-23
1.32348898008e-23
8.27180612553e-25
0.0
5.16987882846e-26
0.0
-4.03896783473e-28
5.04870979341e-29
1.26217744835e-29
-1.57772181044e-30
-3.94430452611e-31
0.0
-6.16297582204e-33
0.0
0.0
0.0
0.0
2.35098870164e-38
0.0
1.83670992316e-40
0.0
7.17464813734e-43
8.96831017168e-44
-4.48415508584e-44
8.84569655605e-45
2.03188277327e-44
-1.26116861789e-44
-4.20389539297e-45
1.96181785005e-44
2.74566917854e-44
-2.80259692865e-45
-1.40129846432e-45
0.0
0.0
0.0
0.0
0.0
0.0
0.0
0.0
0.0
0.0
0.0
0.0
0.0
0.0
0.0
0.0
0.0
0.0
0.0
0.0
0.0
0.0
0.0
0.0
0.0
0.0
0.0
0.0
0.0
0.0
0.0
0.0
0.0
0.0
0.0
0.0
0.0
0.0
0.0
0.0
0.0
0.0
0.0
0.0
0.0
0.0
0.0
0.0
0.0
0.0
0.0
0.0
0.0
0.0
0.0
0.0
0.0
0.0
0.0
0.0
0.0
0.0
0.0
0.0
0.0
0.0
0.0
0.0
0.0
0.0
0.0
0.0
0.0
0.0
0.0
0.0
0.0
0.0158930490986
0.0
0.000310192127371
-0.0266282795243
0.0
0.0
0.0
0.0
-0.0357053496652
0.0
0.00399814390979
-0.0353025643662
0.0
0.0
0.0
0.0
-0.0194822470454
0.0
0.000561154090234
-0.0425705437058
0.0
0.0
0.0
0.0
0.11938184175
0.0
-0.00927336691469
0.0
0.0
0.0
0.0
0.0
0.0
0.0
0.0
0.0
0.0
0.0
0.0
0.0
0.0
0.0
0.0
0.0
0.0
0.0
0.0
0.0
0.0
0.0
0.0
0.0
0.0
0.0
0.0
0.0
0.0
0.0
0.0
0.0
0.0
0.0
0.0
0.0
0.0
0.0
0.0
0.0
0.0
0.0
0.0
0.0
0.0
0.0
0.0
0.0
0.0
0.0
0.0
0.0
0.0
0.0
0.0
0.0
0.0
0.0
0.0
0.0
0.0
0.0
0.0
0.0
0.0
0.0
0.0
0.0
0.0
0.0
0.0
0.0
0.0
0.0
0.0
0.0
0.0
0.0
0.0
0.0
0.00801425565911
0.00268827532966
0.00976641918029
-0.000718459613048
-0.0489340582607
-0.0367291130353
-0.0159861203375
7.89270202505e-05
0.00801425565911
0.00233753499071
0.00999232510713
0.00669081764374
-0.0235565803126
0.00217603350944
-0.0173560528842
-0.000673948896975
0.00801425565911
0.00254164543736
0.00880182410097
-0.0013510308418
-0.0499653287736
-0.0363170506133
-0.0163097680642
-0.000816966868888
0.00801425565911
0.00201226834801
0.00864414892149
0.00586240066659
-0.0236762937375
0.00210712515093
-0.0193158841116
-0.00138254089018
0.0
0.0
0.0
0.00592957293189
0.0
0.0
0.0
0.0
0.0
0.0
0.0
0.00592957293189
0.0
0.0
0.0
0.0
0.0
0.0
0.0
0.00592957293189
0.0
0.0
0.0
0.0
0.0
0.0
0.0
0.00592957293189
0.0
0.0
0.0
0.0
0.0
0.0
0.0
0.0
0.0
0.0
0.0
0.0
0.0
0.0
0.0
0.0
0.0
0.0
0.0
0.0
0.0
0.0
0.0
0.0
0.0
0.0
0.0
0.0
0.0
0.0
0.0
0.0
0.0
0.0
0.0
0.0
0.0
0.0
0.00626388287682
0.0
-0.00232763343782
0.0
0.0
-0.00232763343782
0.0
0.0
0.0144799311671
0.0
-0.00297633041367
0.0
0.0
-0.00297633041367
0.0
0.0
-0.00303902406283
0.0
-0.00469508403938
0.0
0.0
-0.00469508403938
0.0
0.0
-0.0313888837861
0.0
-0.00711848765483
0.0
0.0
-0.00711848765483
0.0
0.0
0.0
0.0
0.0
0.0
0.0
0.0
0.0
0.0
0.0
0.0
0.0
0.0
0.0
0.00452364359562
0.0
0.0
0.0
0.0
0.0
0.0
0.0
0.0
0.0
0.0
0.0
0.0
0.0
0.0
0.0
0.00785106328665
0.0
0.0
0.0
0.0
0.0
0.0
0.0
-0.000377427208541
0.0
0.0
0.0
0.0
0.0
0.0
0.0
0.00682670824878
0.0
0.0
0.0
0.0
0.0
0.0
0.0
6.2248888484e-05
0.0
0.0
0.0
0.0
0.0
0.0
0.0
0.00833543419339
0.0
0.0
0.0
0.0
0.0
0.0
0.0
0.00106307700604
0.00134507049831
0.00256383666122
0.00257918028243
0.00257918028243
0.00257918028243
0.00257918028243
0.00257918028243
0.00257918028243
0.00604113954027
0.00306402225474
0.00322470675102
0.00322470675102
0.00322470675102
0.00322470675102
0.00322470675102
0.00322470675102
0.0
0.0
0.0
0.0
0.0
0.0
0.0
0.0
0.0
0.0
0.0
0.0
0.0
0.0
0.0
0.0
0.0
0.0
0.0
0.0
0.0
0.0
0.0
0.0
0.0
0.0
0.0
0.0
0.0
0.0
0.0
0.0
0.0
0.0
0.0
0.0
0.0
0.0
0.0
0.0
-0.00116947165343
0.0
0.0
0.0
0.0
0.0
0.0
0.0
-0.00763265925327
-0.00763265925327
-0.00282814731094
-0.00282814731094
-0.00221920306881
-0.00221920306881
-0.00247692519589
-0.00247692519589
-0.00192498296201
-0.00192498296201
-0.00129542663388
-0.00129542663388
-0.00253782680146
-0.00253782680146
-0.00398033976804
-0.00398033976804
-0.00226593904033
-0.00226593904033
-0.00098955720471
-0.00098955720471
-0.000571069485114
-0.000571069485114
-0.0010073645287
-0.0010073645287
0.0
-0.000722757965646
-0.000722757965646
-0.000722757965646
-0.000674684286189
-0.000674684286189
-0.000674684286189
0.0
0.0
0.0
-0.000658414472996
-0.000658414472996
-0.000658414472996
-0.000658414472996
0.0
0.0
-0.00190019881965
-0.00195917764856
0.000196322959335
0.0
0.0
0.0
0.0
0.0
0.0
0.0
0.0
0.0
0.0
0.0
0.0
0.0
0.0
0.0
0.0
0.0
0.0
0.0
0.0
0.0
0.0
0.0
0.0
0.0
0.0
0.0
0.0
0.0
-0.00171065419852
-0.000233328839054
0.0
0.0
0.0
0.0
0.0
0.0
0.0
0.0
0.0
0.0
-0.00662727685202
-0.00469388714707
-0.00303021798329
-0.00211160957728
0.0
0.0
0.0
0.0
0.0
0.0
0.0
0.0
-0.0257464014264
0.0
0.0
0.0
0.0
0.0
0.0
0.0
-0.00417770937213
-0.00202018754111
-0.00356579119044
-0.00206174220624
1.72626524898e-05
1.72626524898e-05
1.72626524898e-05
1.72626524898e-05
0.0
0.0
0.0
0.0
0.0
0.0
0.0
0.0
0.0
0.0
0.0
0.0
0.0
0.0
0.0
0.0
0.0
0.0
0.0
0.0
0.0
0.0
0.0
0.0
0.0
0.0
0.0
0.0
0.0
0.0
0.0
0.0
0.0
0.0
0.0
0.0
0.0
0.0
0.0
0.0
0.0
0.0
0.0
0.0
0.0
0.0
0.0
0.0
-0.00731716337298
-0.0022543962656
-0.0074166172147
-0.0255087797611
-0.0345068014567
-0.0287124048671
-0.00212837114684
-0.0206663911697
-0.000467098496161
-0.00357167302978
-0.013419329328
-0.0625008821858
-0.0751238722463
-0.0977370995424
-0.0371194651372
-0.0186142839653
-0.00411606541372
-0.00483468269038
-0.0140885542851
-0.0430617613681
-0.0702066350523
-0.0283469636955
-0.00786111311201
-0.0211461077009
0.00271085717187
0.00604619279447
0.00118465663186
-0.0650367571338
-0.0835191173295
-0.105993618589
-0.0366232113232
-0.000816255071346
0.0
0.0
0.0
0.0
0.0
0.0
0.0
0.0
0.0
0.0
0.0
0.0
0.0
0.0
0.0
0.0
0.0
0.0
0.0
0.0
0.0
0.0
0.0
0.0
0.0
0.0
0.0
0.0
0.0
0.0
0.0
0.0
0.0
0.0
0.0
0.0
0.0
0.0
0.0
0.0
0.0
0.0
0.0
0.0
0.0
0.0
0.0
0.0
0.0
0.0
0.0
0.0
0.0
0.0
0.0
0.0
0.0
0.0
0.0
0.0
0.0
0.0
0.0
0.0
0.0
0.00817511260559
-0.00293390940521
-0.0843052614147
-0.0734450593699
-0.0604962605937
-0.0789573887857
0.157940241507
0.0
0.00797415985273
-0.00503026330902
-0.0728677457605
-0.0692789263755
-0.070963136411
0.0110615851804
0.0890158050939
0.0
0.00817511260559
-0.0032806990583
-0.0791061331188
-0.0598071586355
-0.0881665073011
-0.0666743019332
0.140526930536
0.0
0.00817511260559
-0.00227684968566
-0.0800348096597
-0.0569573551458
-0.0729639169242
0.0847885716056
0.0890158050939
0.0
-0.00849539285929
0.0
-0.00849539285929
-0.00566606249052
0.0059773278637
0.00157415694587
0.00469700040677
-0.035034253775
-0.0129370602403
-0.0458453761162
-0.0101078041851
-0.0101078041851
-0.0101078041851
0.136626379393
0.0
0.00210738475322
0.00433020598916
0.00599056065885
0.00683951714701
0.00738396827053
0.00762104542968
-0.0353029197803
0.0
0.0
0.0
0.0
0.00217292083507
0.0064187757973
0.01167884922
-0.0315974846581
0.0
0.0
0.0
0.0
0.0
0.0
0.0
0.0
0.0
0.0
0.0
0.0
0.0
0.0
0.0
0.0
0.0
0.0
0.0
0.00284397920922
0.00324077083281
0.000457593773879
0.0
0.0
0.0
0.00544914969928
0.00965357602119
0.0110784791478
0.00847710445211
0.00889425266402
0.0
0.0
0.0
0.0
0.0
0.0
0.00564358583709
0.0
0.0
0.0
0.0
0.0
0.0
0.0
0.0
0.0
0.0
0.0
0.0
0.0
0.00324077083281
0.00674612933472
0.0
0.0
0.0
0.0
0.0
0.0
0.0
0.0
0.0
0.0
0.0
0.0
0.0
0.0
0.0
0.0
0.0
0.0
0.0
0.0
0.0
0.0
0.0
0.0
0.0
0.0
0.00611513332877
0.0
0.00650945714623
0.0260094787351
0.103265767229
0.159964434147
0.159964434147
0.159964434147
0.159964434147
0.159964434147
0.159964434147
0.0
0.0
0.00276672116811
0.00324077083281
0.0
0.0
0.0
0.00324077083281
0.00140567811795
-0.00262898464544
-0.00456355481869
-0.00876655228211
0.0
0.0
0.0
-0.00891920948103
0.00141504004575
0.0025246143931
0.00393277723981
0.00478915783632
-0.0094857438255
0.0
0.0
0.0
0.0178982025776
0.0178982025776
0.0178982025776
0.0178982025776
0.0178982025776
0.0178982025776
0.0178982025776
0.0178982025776
0.0
0.0
0.0
0.0
0.0
0.0
0.0
0.0
0.0
0.0
0.0
0.0
0.0
0.0
0.0
0.0
0.0
0.0
0.0
0.0
0.0
0.0
0.0
0.0
0.0
0.0
0.0
0.0
0.0
0.0
0.0
0.0
0.00349081005323
0.00349081005323
0.00349081005323
0.00349081005323
0.00349081005323
0.00349081005323
0.00349081005323
0.00349081005323
0.0
0.0
0.0
0.0
0.0
0.0
0.0
0.0
0.0
0.0
0.0
0.0
0.0
0.0
0.0
0.0
0.0
0.0
0.0
0.0
0.0
0.0
0.0
0.0
0.0
0.0
0.0
0.0
0.0
0.0
0.0
0.0
0.0
0.0
0.0
0.0
0.0
0.0
0.0
0.0
0.0
0.0
0.0
0.0
0.0
0.0
-0.00188093286272
-0.00257527833656
0.0
0.0
0.0
0.0
0.0
0.0
0.0
0.0
0.0
0.0
0.0
0.0
0.0
0.0
0.0
0.0
0.0
0.0
0.0
0.0
0.0
0.0
0.0
0.0
0.0
0.0
0.0
0.0
0.0
0.0
0.0
0.0
0.0
0.0
0.0
0.0
0.0
0.0
0.0
0.0
0.0
0.0
0.0
0.0
0.0
0.0
0.0
0.0
0.0
0.0
0.0
0.0
0.0
0.0
0.0
0.0
0.0
0.0
0.0
0.0
0.0
0.0
0.0
0.0
0.0
0.0
0.0
0.0
0.0
0.0
0.0
0.0
0.0
0.0
0.0
0.0
0.0
0.0
0.0
0.0
0.0
0.0
0.0
0.0
0.0
0.0
0.0
0.0
0.0
0.0
0.0
0.0
0.0
0.0
0.0
0.0
0.0
0.0
0.0
0.0
0.0
0.0
0.0
0.0
0.0
0.0
0.0
0.0
0.0
0.0
0.0
0.0
0.0
0.0
0.0
0.0
0.0
0.0
0.0
0.0
0.0
0.0
0.0
0.0
-0.0350739659153
0.0
0.0199728512702
0.00686080524772
0.0
0.0
0.0
0.0
-0.0430885724863
0.0
0.00107858603302
-0.0205752847625
0.0
0.0
0.0
0.0
-0.0556859054515
0.0
0.0272142641895
-0.0178065033626
0.0
0.0
0.0
0.0
0.00147881046693
0.0
6.87284805992e-05
0.0
0.0
0.0
0.0
0.0
0.0
0.0
0.0
0.0
0.0
0.0
0.0
0.0
0.0
0.0
0.0
0.0
0.0
0.0
0.0
0.0
0.0
0.0
0.0
0.0
0.0
0.0
0.0
0.0
0.0
0.0
0.0
0.0
0.0
0.0
0.0
0.0
0.0
0.0
0.0
0.0
0.0
0.0
0.0
0.0
0.0
0.0
0.0
0.0
0.0
0.0
0.0
0.0
0.0
0.0
0.0
0.0
0.0
0.0
0.0
0.0
0.0
0.0
0.0
0.0
0.0
0.0
0.0
0.0
0.0
0.0
0.0
0.0
0.0
0.0
0.0
0.0
0.0
0.0
0.0
0.0
-0.0100025018171
-0.0110395765836
-0.0612274972044
-0.0606202282125
-0.0400436498832
-0.0775024300902
0.135773868029
0.0
-0.0100025018171
-0.0152225420376
-0.0253392286584
-0.0167873801308
0.00868939681442
-0.0740301273931
0.00221158049928
0.0216197624693
-0.0100025018171
-0.0111588605433
-0.0609427870983
-0.0602949129452
-0.0393698965221
-0.0745487121881
0.12750759698
0.027023801798
-0.0100025018171
-0.0157643874379
-0.0263504421818
-0.0176044246562
0.00836121515729
-0.0707858383192
0.00205347520697
0.0107020586287
0.0
0.0
0.0
0.00374983443707
0.0
0.0
0.0
0.0
0.0
0.0
0.0
0.00374983443707
0.0
0.0
0.0
0.0
0.0
0.0
0.0
0.00374983443707
0.0
0.0
0.0
0.0
0.0
0.0
0.0
0.00374983443707
0.0
0.0
0.0
0.0
0.0
0.0
0.0
0.0
0.0
0.0
0.0
0.0
0.0
0.0
0.0
0.0
0.0
0.0
0.0
0.0
0.0
0.0
0.0
0.0
0.0
0.0
0.0
0.0
0.0
0.0
0.0
0.0
0.0
0.0
0.0
0.0
0.0
0.0
-0.00232763343782
0.0
0.00626388287682
0.0
0.0
0.00626388287682
0.0
0.0
-0.00297633041367
0.0
0.0144799311671
0.0
0.0
0.0144799311671
0.0
0.0
-0.00469508403938
0.0
-0.00303902406283
0.0
0.0
-0.00303902406283
0.0
0.0
-0.00711848765483
0.0
-0.0313888837861
0.0
0.0
-0.0313888837861
0.0
0.0
0.0
0.0
0.0
0.0
0.0
0.0
0.0
0.0
0.0
0.0
0.0
0.0
0.0
0.00146467902144
0.0
0.0
0.0
0.0
0.0
0.0
0.0
0.0
0.0
0.0
0.0
0.0
0.0
0.0
0.0
0.00388328782783
0.0
0.0
0.0
0.0
0.0
0.0
0.0
0.00256383666122
0.0
0.0
0.0
0.0
0.0
0.0
0.0
0.0058681931804
0.0
0.0
0.0
0.0
0.0
0.0
0.0
0.00134507049831
0.0
0.0
0.0
0.0
0.0
0.0
0.0
0.00340791922954
0.0
0.0
0.0
0.0
0.0
0.0
0.0
0.00109078159276
6.2248888484e-05
-0.000377427208541
0.000682841412041
0.000682841412041
0.000682841412041
0.000682841412041
0.000682841412041
0.000682841412041
0.00787186122626
0.00836321910686
0.00856667291514
0.00856667291514
0.00856667291514
0.00856667291514
0.00856667291514
0.00856667291514
0.0
0.0
0.0
0.0
0.0
0.0
0.0
0.0
0.0
0.0
0.0
0.0
0.0
0.0
0.0
0.0
0.0
0.0
0.0
0.0
0.0
0.0
0.0
0.0
0.0
0.0
0.0
0.0
0.0
0.0
0.0
0.0
0.0
-0.000138746277319
0.0
-0.000138746277319
0.0
0.0
0.0
0.0
0.000416631220791
0.0
0.0
0.0
0.0
0.0
0.0
0.0
1.72626524898e-05
1.72626524898e-05
0.00050514624287
0.00050514624287
-0.000348074677054
-0.000348074677054
0.00100396362694
0.00100396362694
-8.18857700891e-05
-8.18857700891e-05
0.000563442015485
0.000563442015485
3.42698144374e-05
3.42698144374e-05
0.00104816584089
0.00104816584089
0.000502509865826
0.000502509865826
0.000475725704794
0.000475725704794
0.00036013112119
0.00036013112119
0.000384286163935
0.000384286163935
0.0
-0.00174597817029
-0.00174597817029
-0.00174597817029
0.000627413884615
0.000627413884615
0.000627413884615
0.0
0.0
0.0
0.00046072827122
0.00046072827122
0.00046072827122
0.00046072827122
0.0
0.0
-0.00173579474557
-0.000341400930742
-0.00207216152608
0.0
0.0
0.0
0.0
0.0
0.0
0.0
0.0
0.0
0.0
0.0
0.0
0.0
0.0
0.0
0.0
0.0
0.0
0.0
0.0
0.0
0.0
0.0
0.0
0.0
0.0
0.0
0.0
0.0
-0.000233328839054
0.0
0.0
0.0
0.0
0.0
0.0
0.0
0.0
0.0
0.0
0.0
-0.00620174023748
-0.00369252727258
-0.00211160957728
-0.00172592864767
0.0
0.0
0.0
0.0
0.0
0.0
0.0
0.0
-0.0422405639148
-0.0257464014264
0.0
0.0
0.0
0.0
0.0
0.0
-0.00682120574575
-0.00720865601521
-0.00617235097325
-0.00695083761853
-0.00763265925327
-0.00763265925327
-0.00763265925327
-0.00763265925327
0.0
0.0
0.0
0.0
0.0
0.0
0.0
0.0
0.0
0.0
0.0
0.0
0.0
0.0
0.0
0.0
0.0
0.0
0.0
0.0
0.0
0.0
0.0
0.0
0.0
0.0
0.0
0.0
0.0
0.0
0.0
0.0
0.0
0.0
0.0
0.0
0.0
0.0
0.0
0.0
0.0
0.0
0.0
0.0
0.0
0.0
0.0
0.0
0.00112726168214
0.000483598352819
0.00759932530573
0.0154046934984
0.0482474217726
0.104570150869
0.0250890608397
0.109575406503
-0.0218646213691
-0.0544827623754
-0.102997908796
-0.112244987507
-0.0929978645309
0.0172988797188
0.158463445534
-0.0226232494907
-0.0221048338802
-0.0320835460918
-0.0423738110877
-0.0277974340262
0.0156215046358
0.0585975531119
0.0707315474601
0.0971764221274
-0.0235047252812
-0.0668374624937
-0.137803961278
-0.146533921181
-0.119573226506
-0.0187951551063
0.158392245308
0.0107020586287
0.0
0.0
0.0
0.0
0.0
0.0
0.0
0.0
0.0
0.0
0.0
0.0
0.0
0.0
0.0
0.0
0.0
0.0
0.0
0.0
0.0
0.0
0.0
0.0
0.0
0.0
0.0
0.0
0.0
0.0
0.0
0.0
0.0
0.0
0.0
0.0
0.0
0.0
0.0
0.0
0.0
0.0
0.0
0.0
0.0
0.0
0.0
0.0
0.0
0.0
0.0
0.0
0.0
0.0
0.0
0.0
0.0
0.0
0.0
0.0
0.0
0.0
0.0
0.0
0.0
-0.033866850313
-0.116228920708
-0.109986298646
-0.0940863624198
-0.0767995163216
-0.0317416456884
-0.0351161085994
0.0
-0.0338641293883
-0.0964631038424
-0.111592797357
-0.10472009211
-0.0792229269921
-0.090569107848
-0.0915251029868
0.0
-0.033866850313
-0.106099767429
-0.0905836811246
-0.0879111672198
-0.062524332676
-0.0290761870212
-0.0347601428695
0.0
-0.033866850313
-0.125007406663
-0.162348754272
-0.121203510696
-0.0945174944206
-0.106386216254
-0.106386216254
0.000938212591426
0.00066013785998
-0.00849539285929
0.000949004728521
0.00305670103079
-0.0168947609956
-0.0113210151352
-0.00705203990772
-0.00236177224772
-0.0297955618818
-0.0139239993661
0.0836634930041
0.136626379393
0.136626379393
-0.0101078041851
0.0
-0.00576145923256
-0.0117081218779
-0.0273202041073
-0.0374232372784
-0.029754041418
-0.0354795848952
0.00762104542968
0.0
0.0
0.0
0.0
0.00184811573814
0.00638534662558
0.0115828988984
0.0107475046578
0.0
0.0
0.0
0.0
0.0
0.0
0.0
0.0
0.0
0.0
0.0
0.0
0.0
0.0
0.0
0.0
0.0
0.0
0.0
0.00367957697577
0.00357107158209
0.010922200022
0.0
0.0
0.0
0.00650423440028
0.0301975124359
0.0123571773297
0.00889425266402
-0.0493880698409
0.0
0.0
0.0
0.0
0.0
0.0
-0.013475282455
0.0
0.0
0.0
0.0
0.0
0.0
0.0
0.0
0.0
0.0
0.0
0.0
0.0
0.00478999997785
-0.0493880698409
0.0
0.0
0.0
0.0
0.0
0.0
0.0
0.0
0.0
0.0
0.0
0.0
0.0
0.0
0.0
0.0
0.0
0.0
0.0
0.0
0.0
0.0
0.0
0.0
0.0
0.0
-0.0493880698409
0.0
0.00611513332877
0.000174500749143
0.00061263101812
0.00155400075391
0.00155400075391
0.00155400075391
0.00155400075391
0.00155400075391
0.00155400075391
0.0
0.0
0.00332613134359
0.00349968924859
0.0
0.0
0.0
0.00423563021808
0.00487845043751
0.00284225281165
0.00389184153748
0.00355759034701
0.0
0.0
0.0
0.00744391415169
0.00465903792874
0.00257529350591
0.00373757644047
0.00324029607054
0.00478915783632
0.0
0.0
0.0
-0.0094857438255
-0.0094857438255
-0.0094857438255
-0.0094857438255
-0.0094857438255
-0.0094857438255
-0.0094857438255
-0.0094857438255
0.0
0.0
0.0
0.0
0.0
0.0
0.0
0.0
0.0
0.0
0.0
0.0
0.0
0.0
0.0
0.0
0.0
0.0
0.0
0.0
0.0
0.0
0.0
0.0
0.0
0.0
0.0
0.0
0.0
0.0
0.0
0.0
0.00306338003466
0.00306338003466
0.00306338003466
0.00306338003466
0.00306338003466
0.00306338003466
0.00306338003466
0.00306338003466
0.0
0.0
0.0
0.0
0.0
0.0
0.0
0.0
0.0
0.0
0.0
0.0
0.0
0.0
0.0
0.0
0.0
0.0
0.0
0.0
0.0
0.0
0.0
0.0
0.0
0.0
0.0
0.0
0.0
0.0
0.0
0.0
