0.0
0.0
0.0
0.0
0.0
0.0
0.0
0.0
0.0
0.0
0.0
0.0
0.0
0.0
0.000685589630571
0.00431532090825
2.01227923213e-16
-1.70002900646e-16
6.93889390391e-17
2.56739074445e-16
6.76542155631e-17
1.38777878078e-17
-1.38777878078e-17
-9.71445146547e-17
1.94289029309e-16
-2.22044604925e-16
-2.22044604925e-16
2.22044604925e-16
5.55111512313e-17
0.0
-2.77555756156e-17
-1.38777878078e-17
0.0
8.67361737988e-19
-4.33680868994e-19
3.25260651746e-19
-5.42101086243e-20
-6.77626357803e-21
1.69406589451e-21
8.47032947254e-22
-4.23516473627e-22
-2.11758236814e-22
2.64697796017e-23
-1.32348898008e-23
0.0
0.0
0.0
0.0
1.61558713389e-27
-4.03896783473e-28
5.04870979341e-29
0.0
7.88860905221e-31
1.97215226305e-31
-2.46519032882e-32
-1.54074395551e-33
9.62964972194e-35
6.01853107621e-36
-7.52316384526e-37
2.06887005745e-36
2.92404219767e-36
-4.70197740329e-37
3.76158192263e-37
0.0
0.0
0.0
0.0
0.0
0.0
0.0
0.0
0.0
0.0
0.0
0.0
0.0
0.0
0.0
0.0
0.0
0.0
0.0
0.0
0.0
0.0
0.0
0.0
0.0
0.0
0.0
0.0
0.0
0.0
0.0
0.0
0.0
0.0
0.0
0.0
0.0
0.0
0.0
0.0
0.0
0.0
0.0
0.0
0.0
0.0
0.0
0.0
0.0
0.0
0.0
0.0
0.0
0.0
0.0
0.0
0.0
0.0
0.0
0.0
0.0
0.0
0.0
0.0
0.0
0.0
0.0
0.0
0.0
0.0
0.0
0.0
0.0
0.0
0.0
0.0
0.0
-0.0168411488481
0.0
-0.000940375414244
0.00951106951757
0.0
0.0
0.0
0.0
-0.0176108231325
0.0
-0.00649014442858
0.0356792413482
0.0
0.0
0.0
0.0
-0.0274279833312
0.0
-0.000182385839942
0.014864773216
0.0
0.0
0.0
0.0
0.0278879163196
0.0
-0.00871258393629
0.0
0.0
0.0
0.0
0.0
0.0
0.0
0.0
0.0
0.0
0.0
0.0
0.0
0.0
0.0
0.0
0.0
0.0
0.0
0.0
0.0
0.0
0.0
0.0
0.0
0.0
0.0
0.0
0.0
0.0
0.0
0.0
0.0
0.0
0.0
0.0
0.0
0.0
0.0
0.0
0.0
0.0
0.0
0.0
0.0
0.0
0.0
0.0
0.0
0.0
0.0
0.0
0.0
0.0
0.0
0.0
0.0
0.0
0.0
0.0
0.0
0.0
0.0
0.0
0.0
0.0
0.0
0.0
0.0
0.0
0.0
0.0
0.0
0.0
0.0
0.0
0.0
0.0
0.0
0.0
0.0
0.204770259803
0.0576941660217
0.00258521720945
-0.00899129636192
-0.0240002424027
0.00244613277721
-0.00557512413375
-0.000334433837677
0.204770259803
0.140140922412
0.113952319898
0.129767431401
0.0550995564407
0.0513507043081
-0.0259040031051
0.00128337558645
0.204770259803
0.0586095290572
0.00351808542751
-0.00782599192117
-0.0238494301434
0.00235059018346
-0.00479057842111
0.00241417428308
0.204770259803
0.140158604965
0.113492608603
0.12877445853
0.0540887839569
0.0512606171298
-0.0252654711216
0.000865486766945
0.0
0.0
0.0
0.207102826006
0.0
0.0
0.0
0.0
0.0
0.0
0.0
0.207102826006
0.0
0.0
0.0
0.0
0.0
0.0
0.0
0.207102826006
0.0
0.0
0.0
0.0
0.0
0.0
0.0
0.207102826006
0.0
0.0
0.0
0.0
0.0
0.0
0.0
0.0
0.0
0.0
0.0
0.0
0.0
0.0
0.0
0.0
0.0
0.0
0.0
0.0
0.0
0.0
0.0
0.0
0.0
0.0
0.0
0.0
0.0
0.0
0.0
0.0
0.0
0.0
0.0
0.0
0.0
0.0
-0.0268995530957
0.0
-0.0143466789483
0.0
0.0
-0.0143466789483
0.0
0.0
-0.0293058685133
0.0
-0.0183619741936
0.0
0.0
-0.0183619741936
0.0
0.0
-0.0330658854519
0.0
-0.0170457345643
0.0
0.0
-0.0170457345643
0.0
0.0
-0.0307344765464
0.0
0.0211039183018
0.0
0.0
0.0211039183018
0.0
0.0
0.0
0.0
0.0
0.0
0.0
0.0
0.0
0.0
0.0
0.0
0.0
0.0
0.0
-0.040859653215
0.0
0.0
0.0
0.0
0.0
0.0
0.0
0.0
0.0
0.0
0.0
0.0
0.0
0.0
0.0
-0.0351554091184
0.0
0.0
0.0
0.0
0.0
0.0
0.0
-0.00427443078465
0.0
0.0
0.0
0.0
0.0
0.0
0.0
-0.0327990349759
0.0
0.0
0.0
0.0
0.0
0.0
0.0
-0.00131918516774
0.0
0.0
0.0
0.0
0.0
0.0
0.0
-0.0175875807794
0.0
0.0
0.0
0.0
0.0
0.0
0.0
-0.00534525446324
-0.00403383542023
-0.00679635104
-0.0108957364935
-0.0108957364935
-0.0108957364935
-0.0108957364935
-0.0108957364935
-0.0108957364935
-0.0115114229156
-0.00481572952327
0.0366066553618
0.0366066553618
0.0366066553618
0.0366066553618
0.0366066553618
0.0366066553618
0.0
0.0
0.0
0.0
0.0
0.0
0.0
0.0
0.0
0.0
0.0
0.0
0.0
0.0
0.0
0.0
0.0
0.0
0.0
0.0
0.0
0.0
0.0
0.0
0.0
0.0
0.0
0.0
0.0
0.0
0.0
0.0
0.0
0.0
0.0
0.0
0.0
0.0
0.0
0.0
0.00236728845358
0.0
0.0
0.0
0.0
0.0
0.0
0.0
0.0554748159935
0.0554748159935
-0.00247084814221
-0.00247084814221
-0.00836216101441
-0.00836216101441
-0.0113966949218
-0.0113966949218
-0.0104216406531
-0.0104216406531
-0.0112033005323
-0.0112033005323
-0.0109027955077
-0.0109027955077
-0.00861256716604
-0.00861256716604
-0.00449321271669
-0.00449321271669
-0.00788585970505
-0.00788585970505
-0.00638875445876
-0.00638875445876
-0.00489177623238
-0.00489177623238
0.0
-0.00296931813073
-0.00296931813073
-0.00296931813073
-0.00490333315522
-0.00490333315522
-0.00490333315522
0.0
0.0
0.0
-0.00361762405379
-0.00361762405379
-0.00361762405379
-0.00361762405379
0.0
0.0
0.0218662113043
0.0015607452186
0.00534452215797
0.0
0.0
0.0
0.0
0.0
0.0
0.0
0.0
0.0
0.0
0.0
0.0
0.0
0.0
0.0
0.0
0.0
0.0
0.0
0.0
0.0
0.0
0.0
0.0
0.0
0.0
0.0
0.0
0.0
-0.00831029815288
-0.00181606172511
0.0
0.0
0.0
0.0
0.0
0.0
0.0
0.0
0.0
0.0
0.00346410189542
-0.00523781232979
-0.0124911930551
-0.0137151526478
0.0
0.0
0.0
0.0
0.0
0.0
0.0
0.0
0.00932898097456
0.0
0.0
0.0
0.0
0.0
0.0
0.0
-0.0176078919863
-0.0134978674261
-0.00837623380479
-0.00340738228059
0.00170099364732
0.00170099364732
0.00170099364732
0.00170099364732
0.0
0.0
0.0
0.0
0.0
0.0
0.0
0.0
0.0
0.0
0.0
0.0
0.0
0.0
0.0
0.0
0.0
0.0
0.0
0.0
0.0
0.0
0.0
0.0
0.0
0.0
0.0
0.0
0.0
0.0
0.0
0.0
0.0
0.0
0.0
0.0
0.0
0.0
0.0
0.0
0.0
0.0
0.0
0.0
0.0
0.0
0.0
0.0
0.000452142506692
-0.00068716730736
0.00132173949924
0.012361714246
0.0127574480653
0.00812147755315
0.00416977945215
0.0064547320875
0.000631021088957
-0.00025207533773
0.00171734234236
0.024110047346
0.0201043455333
-0.000316077366429
0.00592615984242
0.010916779452
-0.00440314347811
-0.00369048305092
0.00141362785167
0.0160850762621
0.00472003868874
0.0120431640915
0.0063522178735
0.00290462702924
0.00168243003281
-0.00182427329948
-0.00474815593648
0.024112924904
0.0181988021291
-0.00399042852496
0.00457077694069
0.00132581715324
0.0
0.0
0.0
0.0
0.0
0.0
0.0
0.0
0.0
0.0
0.0
0.0
0.0
0.0
0.0
0.0
0.0
0.0
0.0
0.0
0.0
0.0
0.0
0.0
0.0
0.0
0.0
0.0
0.0
0.0
0.0
0.0
0.0
0.0
0.0
0.0
0.0
0.0
0.0
0.0
0.0
0.0
0.0
0.0
0.0
0.0
0.0
0.0
0.0
0.0
0.0
0.0
0.0
0.0
0.0
0.0
0.0
0.0
0.0
0.0
0.0
0.0
0.0
0.0
0.0
0.121245294135
0.024362007399
0.0502923455836
0.0298116434209
-0.0075016911228
0.0167418731595
0.0337895287748
0.0
0.121128104836
0.0264359992632
0.0430077596337
0.0298046323652
0.0377137834658
0.00283877543953
0.00778935739618
0.0
0.121245294135
0.0264836236082
0.0472118950735
0.00312581672343
-0.0020559899463
0.0183342531125
0.024161001025
0.0
0.121245294135
0.0231927081219
0.0474668737793
0.0166784449737
0.019109335761
0.00710441601766
0.00778935739618
0.0
-0.00158799526756
0.0
-0.00158799526756
-0.00542783393049
-0.00134584095183
-0.00299171445316
-0.0431808595648
0.0128499833256
0.00544722525158
-0.0316277824319
-0.000334092382565
-0.000334092382565
-0.000334092382565
0.022649710151
0.0
0.0053768746369
0.0413849668152
0.0199617639526
0.0167752288536
0.0186244584573
0.0192774630859
0.0213997787542
0.0
0.0
0.0
0.0
-0.00199767620667
-0.00672774415994
-0.011472651095
-0.00282038449176
0.0
0.0
0.0
0.0
0.0
0.0
0.0
0.0
0.0
0.0
0.0
0.0
0.0
0.0
0.0
0.0
0.0
0.0
0.0
0.0403183329979
0.0390822837758
-0.00245124610579
0.0
0.0
0.0
-0.00547489709256
-0.00855834216334
-0.0083882767501
-0.00664634492542
-0.00752015184531
0.0
0.0
0.0
0.0
0.0
0.0
0.0184502947477
0.0
0.0
0.0
0.0
0.0
0.0
0.0
0.0
0.0
0.0
0.0
0.0
0.0
0.0390822837758
-0.0065768539451
0.0
0.0
0.0
0.0
0.0
0.0
0.0
0.0
0.0
0.0
0.0
0.0
0.0
0.0
0.0
0.0
0.0
0.0
0.0
0.0
0.0
0.0
0.0
0.0
0.0
0.0
-0.00781138401993
0.0
-0.0052554711901
0.00588324318813
0.0219198260407
0.0359388067209
0.0359388067209
0.0359388067209
0.0359388067209
0.0359388067209
0.0359388067209
0.0
0.0
0.0343004394724
0.0390822837758
0.0
0.0
0.0
0.0390822837758
0.0310616722213
0.0324628841631
0.0132799971752
-0.00815715693122
0.0
0.0
0.0
-0.0082842085537
0.0310672187184
0.0241048742739
0.0137704351078
0.00950682032877
-0.00864158502934
0.0
0.0
0.0
-0.132159210885
-0.132159210885
-0.132159210885
-0.132159210885
-0.132159210885
-0.132159210885
-0.132159210885
-0.132159210885
0.0
0.0
0.0
0.0
0.0
0.0
0.0
0.0
0.0
0.0
0.0
0.0
0.0
0.0
0.0
0.0
0.0
0.0
0.0
0.0
0.0
0.0
0.0
0.0
0.0
0.0
0.0
0.0
0.0
0.0
0.0
0.0
-0.00746020646179
-0.00746020646179
-0.00746020646179
-0.00746020646179
-0.00746020646179
-0.00746020646179
-0.00746020646179
-0.00746020646179
0.0
0.0
0.0
0.0
0.0
0.0
0.0
0.0
0.0
0.0
0.0
0.0
0.0
0.0
0.0
0.0
0.0
0.0
0.0
0.0
0.0
0.0
0.0
0.0
0.0
0.0
0.0
0.0
0.0
0.0
0.0
0.0
0.0
0.0
0.0
0.0
0.0
0.0
0.0
0.0
0.0
0.0
0.0
0.0
0.0
0.0
0.0158439274917
0.0181905439471
0.0
0.0
0.0
0.0
0.0
0.0
0.0
0.0
0.0
0.0
0.0
0.0
0.0
0.0
0.0
0.0
0.0
0.0
0.0
0.0
0.0
0.0
0.0
0.0
0.0
0.0
0.0
0.0
0.0
0.0
0.0
0.0
0.0
0.0
0.0
0.0
0.0
0.0
0.0
0.0
0.0
0.0
0.0
0.0
0.0
0.0
0.0
0.0
0.0
0.0
0.0
0.0
0.0
0.0
0.0
0.0
0.0
0.0
0.0
0.0
0.0
0.0
0.0
0.0
0.0
0.0
0.0
0.0
0.0
0.0
0.0
0.0
0.0
0.0
0.0
0.0
0.0
0.0
0.0
0.0
0.0
0.0
0.0
0.0
0.0
0.0
0.0
0.0
0.0
0.0
0.0
0.0
0.0
0.0
0.0
0.0
0.0
0.0
0.0
0.0
0.0
0.0
0.0
0.0
0.0
0.0
0.0
0.0
0.0
0.0
0.0
0.0
0.0
0.0
0.0
0.0
0.0
0.0
0.0
0.0
0.0
0.0
0.0
0.0
0.0139687571088
0.0
0.000122116402688
-0.0176213764698
0.0
0.0
0.0
0.0
0.0454971073849
0.0
-5.14751276076e-05
-0.00745624128054
0.0
0.0
0.0
0.0
0.0199249499125
0.0
-0.00136261158189
-0.0249879057457
0.0
0.0
0.0
0.0
-0.00741248293176
0.0
-0.000127776021512
0.0
0.0
0.0
0.0
0.0
0.0
0.0
0.0
0.0
0.0
0.0
0.0
0.0
0.0
0.0
0.0
0.0
0.0
0.0
0.0
0.0
0.0
0.0
0.0
0.0
0.0
0.0
0.0
0.0
0.0
0.0
0.0
0.0
0.0
0.0
0.0
0.0
0.0
0.0
0.0
0.0
0.0
0.0
0.0
0.0
0.0
0.0
0.0
0.0
0.0
0.0
0.0
0.0
0.0
0.0
0.0
0.0
0.0
0.0
0.0
0.0
0.0
0.0
0.0
0.0
0.0
0.0
0.0
0.0
0.0
0.0
0.0
0.0
0.0
0.0
0.0
0.0
0.0
0.0
0.0
0.0
0.118703567296
0.0235068095488
-0.00546161531986
-0.0149156829983
8.95261330986e-05
-0.0383643288603
0.0270407406575
0.0
0.118703567296
0.0456725472492
0.0164100489884
0.0226368553976
0.123102587875
-0.0334427810595
0.0514082248908
0.0026099016019
0.118703567296
0.0238449401609
-0.00516165184322
-0.0145836272493
0.000915236697983
-0.0360559688448
0.0258074129665
0.00362022302647
0.118703567296
0.0461944063127
0.0162412631419
0.022427846775
0.122395563857
-0.031840280561
0.051710319369
0.0012859403961
0.0
0.0
0.0
0.106347097185
0.0
0.0
0.0
0.0
0.0
0.0
0.0
0.106347097185
0.0
0.0
0.0
0.0
0.0
0.0
0.0
0.106347097185
0.0
0.0
0.0
0.0
0.0
0.0
0.0
0.106347097185
0.0
0.0
0.0
0.0
0.0
0.0
0.0
0.0
0.0
0.0
0.0
0.0
0.0
0.0
0.0
0.0
0.0
0.0
0.0
0.0
0.0
0.0
0.0
0.0
0.0
0.0
0.0
0.0
0.0
0.0
0.0
0.0
0.0
0.0
0.0
0.0
0.0
0.0
-0.0143466789483
0.0
-0.0268995530957
0.0
0.0
-0.0268995530957
0.0
0.0
-0.0183619741936
0.0
-0.0293058685133
0.0
0.0
-0.0293058685133
0.0
0.0
-0.0170457345643
0.0
-0.0330658854519
0.0
0.0
-0.0330658854519
0.0
0.0
0.0211039183018
0.0
-0.0307344765464
0.0
0.0
-0.0307344765464
0.0
0.0
0.0
0.0
0.0
0.0
0.0
0.0
0.0
0.0
0.0
0.0
0.0
0.0
0.0
-0.00244367713552
0.0
0.0
0.0
0.0
0.0
0.0
0.0
0.0
0.0
0.0
0.0
0.0
0.0
0.0
0.0
-0.016238598518
0.0
0.0
0.0
0.0
0.0
0.0
0.0
-0.00679635104
0.0
0.0
0.0
0.0
0.0
0.0
0.0
-0.0123329669923
0.0
0.0
0.0
0.0
0.0
0.0
0.0
-0.00403383542023
0.0
0.0
0.0
0.0
0.0
0.0
0.0
0.00381184951272
0.0
0.0
0.0
0.0
0.0
0.0
0.0
-0.00776410074916
-0.00131918516774
-0.00427443078465
-0.00693471860143
-0.00693471860143
-0.00693471860143
-0.00693471860143
-0.00693471860143
-0.00693471860143
-0.0443077545388
-0.0409573691608
-0.0251823430238
-0.0251823430238
-0.0251823430238
-0.0251823430238
-0.0251823430238
-0.0251823430238
0.0
0.0
0.0
0.0
0.0
0.0
0.0
0.0
0.0
0.0
0.0
0.0
0.0
0.0
0.0
0.0
0.0
0.0
0.0
0.0
0.0
0.0
0.0
0.0
0.0
0.0
0.0
0.0
0.0
0.0
0.0
0.0
0.0
-0.00140042661535
0.0
-0.00140042661535
0.0
0.0
0.0
0.0
-0.000336420993009
0.0
0.0
0.0
0.0
0.0
0.0
0.0
0.00170099364732
0.00170099364732
-0.00139292973895
-0.00139292973895
-0.000436463297854
-0.000436463297854
-0.0011623325311
-0.0011623325311
-0.00141629046172
-0.00141629046172
-0.00109625720942
-0.00109625720942
-0.000277661861168
-0.000277661861168
0.000480929252235
0.000480929252235
0.000565876778576
0.000565876778576
-4.01441204452e-05
-4.01441204452e-05
0.00074656934848
0.00074656934848
-6.47758769637e-05
-6.47758769637e-05
0.0
0.000399734039522
0.000399734039522
0.000399734039522
-0.00010454527304
-0.00010454527304
-0.00010454527304
0.0
0.0
0.0
-0.00051218683352
-0.00051218683352
-0.00051218683352
-0.00051218683352
0.0
0.0
0.00467780127534
0.00544817025519
0.00109451957369
0.0
0.0
0.0
0.0
0.0
0.0
0.0
0.0
0.0
0.0
0.0
0.0
0.0
0.0
0.0
0.0
0.0
0.0
0.0
0.0
0.0
0.0
0.0
0.0
0.0
0.0
0.0
0.0
0.0
-0.00181606172511
0.0
0.0
0.0
0.0
0.0
0.0
0.0
0.0
0.0
0.0
0.0
-0.0185067384715
-0.0183134210911
-0.0137151526478
-0.00845902134178
0.0
0.0
0.0
0.0
0.0
0.0
0.0
0.0
-0.00249253971393
0.00932898097456
0.0
0.0
0.0
0.0
0.0
0.0
0.00337576582356
0.019058274656
0.036387544315
0.0520270595255
0.0554748159935
0.0554748159935
0.0554748159935
0.0554748159935
0.0
0.0
0.0
0.0
0.0
0.0
0.0
0.0
0.0
0.0
0.0
0.0
0.0
0.0
0.0
0.0
0.0
0.0
0.0
0.0
0.0
0.0
0.0
0.0
0.0
0.0
0.0
0.0
0.0
0.0
0.0
0.0
0.0
0.0
0.0
0.0
0.0
0.0
0.0
0.0
0.0
0.0
0.0
0.0
0.0
0.0
0.0
0.0
0.00182690769096
0.00986102562819
0.0201308362162
0.0195481434155
0.0202957989912
0.0224891608732
0.0032287335706
0.0250178436901
0.00919215380022
0.0107319488961
0.0150244763558
-0.00168414197275
-0.0168881568748
0.000276825596639
0.034026666551
-0.00184177108545
-0.00339533417675
0.00292697062149
0.0134377840725
0.00964962754248
0.0146098579502
0.0123694549377
0.0145569405417
0.0185512800835
0.010852563618
0.0156741195149
0.0201313983296
-0.00143232038474
-0.0243054041325
-0.00673609179761
0.0338801633027
0.0012859403961
0.0
0.0
0.0
0.0
0.0
0.0
0.0
0.0
0.0
0.0
0.0
0.0
0.0
0.0
0.0
0.0
0.0
0.0
0.0
0.0
0.0
0.0
0.0
0.0
0.0
0.0
0.0
0.0
0.0
0.0
0.0
0.0
0.0
0.0
0.0
0.0
0.0
0.0
0.0
0.0
0.0
0.0
0.0
0.0
0.0
0.0
0.0
0.0
0.0
0.0
0.0
0.0
0.0
0.0
0.0
0.0
0.0
0.0
0.0
0.0
0.0
0.0
0.0
0.0
0.0
0.077185267343
0.0599473157973
0.0210425588106
0.00868971476324
0.0236219932165
-0.0028741333176
0.0095482600331
0.0
0.0762019932607
0.0532026175965
0.00920681671394
-0.0016514992776
-0.0123145921389
0.0257340979755
0.00395857588448
0.0
0.077185267343
0.0588999109215
0.0209727512258
0.0307546736497
0.0188082336586
0.0106350567023
0.00884309165821
0.0
0.077185267343
0.0606886676451
0.0123999344633
0.0133183011035
-0.0205174149414
-0.00383024590142
-0.00383024590142
0.000808972716075
0.01001448299
-0.00158799526756
0.0019550472909
0.00758122015907
-0.00807541008553
-0.0353419437892
-0.00650240513161
0.0328531810718
-0.00954618355188
0.00572550200049
0.0114601120035
0.022649710151
0.022649710151
-0.000334092382565
0.0
0.0255990548991
0.0405520503736
0.0210760298798
0.0155983539401
0.0208911689006
0.0211499697395
0.0192774630859
0.0
0.0
0.0
0.0
-0.00148627087258
-0.00522238686383
-0.00939578129223
-0.00911493718005
0.0
0.0
0.0
0.0
0.0
0.0
0.0
0.0
0.0
0.0
0.0
0.0
0.0
0.0
0.0
0.0
0.0
0.0
0.0
0.045866838485
0.0135392513621
-0.0702436754074
0.0
0.0
0.0
-0.00581314750559
-0.0103641960744
-0.0100812832865
-0.00752015184531
0.00361112043077
0.0
0.0
0.0
0.0
0.0
0.0
0.0211766352686
0.0
0.0
0.0
0.0
0.0
0.0
0.0
0.0
0.0
0.0
0.0
0.0
0.0
-0.00138404093556
0.00361112043077
0.0
0.0
0.0
0.0
0.0
0.0
0.0
0.0
0.0
0.0
0.0
0.0
0.0
0.0
0.0
0.0
0.0
0.0
0.0
0.0
0.0
0.0
0.0
0.0
0.0
0.0
0.00361112043077
0.0
-0.00781138401993
-0.00203275129558
-0.00736018309887
-0.0105576241296
-0.0105576241296
-0.0105576241296
-0.0105576241296
-0.0105576241296
-0.0105576241296
0.0
0.0
0.0201935403155
0.010151822116
0.0
0.0
0.0
0.00864054748351
-0.00105396192132
0.0244959629182
0.00434064440545
0.00201667050705
0.0
0.0
0.0
-0.00684058577112
-0.000934803200027
0.0136892848679
0.00578213932258
0.00200101103111
0.00950682032877
0.0
0.0
0.0
-0.00864158502934
-0.00864158502934
-0.00864158502934
-0.00864158502934
-0.00864158502934
-0.00864158502934
-0.00864158502934
-0.00864158502934
0.0
0.0
0.0
0.0
0.0
0.0
0.0
0.0
0.0
0.0
0.0
0.0
0.0
0.0
0.0
0.0
0.0
0.0
0.0
0.0
0.0
0.0
0.0
0.0
0.0
0.0
0.0
0.0
0.0
0.0
0.0
0.0
-0.00235770426488
-0.00235770426488
-0.00235770426488
-0.00235770426488
-0.00235770426488
-0.00235770426488
-0.00235770426488
-0.00235770426488
0.0
0.0
0.0
0.0
0.0
0.0
0.0
0.0
0.0
0.0
0.0
0.0
0.0
0.0
0.0
0.0
0.0
0.0
0.0
0.0
0.0
0.0
0.0
0.0
0.0
0.0
0.0
0.0
0.0
0.0
0.0
0.0
