0.0
0.0
0.0
0.0
0.0
0.0
0.0
0.0
0.0
0.0
0.0
0.0
0.0
0.0
0.0396879913297
0.0244386438919
0.0
0.0
0.0
0.0
0.0
0.0
0.0
0.0
0.0
0.0
0.0
0.0
0.0
0.0
0.0
0.0
0.0
0.0
0.0
0.0
0.0
0.0
0.0
0.0
0.0
0.0
0.0
0.0
0.0
0.0
0.0
0.0
0.0
0.0
0.0
0.0
0.0
0.0
0.0
0.0
0.0
0.0
0.0
0.0
0.0
0.0
0.0
0.0
0.0
0.0
0.0
0.0
0.0
0.0
0.0
0.0
0.0
0.0
0.0
0.0
0.0
0.0
0.0
0.0
0.0
0.0
0.0
0.0
0.0
0.0
0.0
0.0
0.0
0.0
0.0
0.0
0.0
0.0
0.0
0.0
0.0
0.0
0.0
0.0
0.0
0.0
0.0
0.0
0.0
0.0
0.0
0.0
0.0
0.0
0.0
0.0
0.0
0.0
0.0
0.0
0.0
0.0
0.0
0.0
0.0
0.0
0.0
0.0
0.0
0.0
0.0
0.0
0.0
0.0
0.0
0.0
0.0
0.0
0.0
0.0
0.0
0.0
0.0
0.0
0.00557158339821
0.0
0.000763230602494
0.00273236555693
0.0
0.0
0.0
0.0
0.00947932408298
0.0
0.000427409137397
0.00418250370167
0.0
0.0
0.0
0.0
0.00738807223214
0.0
0.00122116896399
0.00380088840042
0.0
0.0
0.0
0.0
0.000412144525347
0.0
0.00161804887729
0.0
0.0
0.0
0.0
0.0
0.0
0.0
0.0
0.0
0.0
0.0
0.0
0.0
0.0
0.0
0.0
0.0
0.0
0.0
0.0
0.0
0.0
0.0
0.0
0.0
0.0
0.0
0.0
0.0
0.0
0.0
0.0
0.0
0.0
0.0
0.0
0.0
0.0
0.0
0.0
0.0
0.0
0.0
0.0
0.0
0.0
0.0
0.0
0.0
0.0
0.0
0.0
0.0
0.0
0.0
0.0
0.0
0.0
0.0
0.0
0.0
0.0
0.0
0.0
0.0
0.0
0.0
0.0
0.0
0.0
0.0
0.0
0.0
0.0
0.0
0.0
0.0
0.0
0.0
0.0
0.0
0.00276289478103
0.0115095174856
0.0357497214208
0.0189433835539
0.010089908565
0.00752545374059
0.00166384271344
1.52646120499e-05
0.00276289478103
0.0105020530903
0.0349101677581
0.0273236555693
0.0165468394621
0.00714383843935
0.0072812199478
4.57938361497e-05
0.00276289478103
0.0114637236495
0.0356886629726
0.0190197066142
0.00995252705652
0.0071896322755
0.00141960892064
0.000167910732549
0.00276289478103
0.0105173177024
0.034879638534
0.0272168032849
0.0164705164018
0.00680801697425
0.0069148692586
1.52646120499e-05
0.0
0.0
0.0
0.00323609775458
0.0
0.0
0.0
0.0
0.0
0.0
0.0
0.00323609775458
0.0
0.0
0.0
0.0
0.0
0.0
0.0
0.00323609775458
0.0
0.0
0.0
0.0
0.0
0.0
0.0
0.00323609775458
0.0
0.0
0.0
0.0
0.0
0.0
0.0
0.0
0.0
0.0
0.0
0.0
0.0
0.0
0.0
0.0
0.0
0.0
0.0
0.0
0.0
0.0
0.0
0.0
0.0
0.0
0.0
0.0
0.0
0.0
0.0
0.0
0.0
0.0
0.0
0.0
0.0
0.0
0.00282395322923
0.0
0.00297659934973
0.0
0.0
0.00297659934973
0.0
0.0
0.00580055257896
0.0
0.00598372792355
0.0
0.0
0.00598372792355
0.0
0.0
0.00746439529239
0.0
0.00743386606829
0.0
0.0
0.00743386606829
0.0
0.0
0.00923509029018
0.0
0.00905191494558
0.0
0.0
0.00905191494558
0.0
0.0
0.0
0.0
0.0
0.0
0.0
0.0
0.0
0.0
0.0
0.0
0.0
0.0
0.0
0.00346506693532
0.0
0.0
0.0
0.0
0.0
0.0
0.0
0.0
0.0
0.0
0.0
0.0
0.0
0.0
0.0
0.014989849033
0.0
0.0
0.0
0.0
0.0
0.0
0.0
0.000641113706095
0.0
0.0
0.0
0.0
0.0
0.0
0.0
0.0240570285906
0.0
0.0
0.0
0.0
0.0
0.0
0.0
0.000122116896399
0.0
0.0
0.0
0.0
0.0
0.0
0.0
0.0267588649234
0.0
0.0
0.0
0.0
0.0
0.0
0.0
0.00152646120499
0.000106852284349
0.000549526033796
0.00190807650624
0.00190807650624
0.00190807650624
0.00190807650624
0.00190807650624
0.00190807650624
0.0230495641953
0.0150661720932
0.0135702401123
0.0135702401123
0.0135702401123
0.0135702401123
0.0135702401123
0.0135702401123
0.0
0.0
0.0
0.0
0.0
0.0
0.0
0.0
0.0
0.0
0.0
0.0
0.0
0.0
0.0
0.0
0.0
0.0
0.0
0.0
0.0
0.0
0.0
0.0
0.0
0.0
0.0
0.0
0.0
0.0
0.0
0.0
0.0
0.0
0.0
0.0
0.0
0.0
0.0
0.0
4.57938361497e-05
0.0
0.0
0.0
0.0
0.0
0.0
0.0
0.00198439956649
0.00198439956649
0.00296133473768
0.00296133473768
0.00354138999557
0.00354138999557
0.00312924547023
0.00312924547023
0.00172490116164
0.00172490116164
0.00232022103158
0.00232022103158
0.00259498404848
0.00259498404848
0.00302239318588
0.00302239318588
0.00137381508449
0.00137381508449
0.000854818274794
0.000854818274794
0.000671642930195
0.000671642930195
0.000442673749447
0.000442673749447
0.0
0.000213704568698
0.000213704568698
0.000213704568698
0.000335821465097
0.000335821465097
0.000335821465097
0.0
0.0
0.0
0.000152646120499
0.000152646120499
0.000152646120499
0.000152646120499
0.0
0.0
0.00979988093603
0.0072812199478
0.00457938361497
0.0
0.0
0.0
0.0
0.0
0.0
0.0
0.0
0.0
0.0
0.0
0.0
0.0
0.0
0.0
0.0
0.0
0.0
0.0
0.0
0.0
0.0
0.0
0.0
0.0
0.0
0.0
0.0
0.0
0.00126696280014
1.52646120499e-05
0.0
0.0
0.0
0.0
0.0
0.0
0.0
0.0
0.0
0.0
0.0130207140786
0.00557158339821
0.00341927309917
0.00209125185083
0.0
0.0
0.0
0.0
0.0
0.0
0.0
0.0
0.00457938361497
0.0
0.0
0.0
0.0
0.0
0.0
0.0
0.0144097937751
0.00792233365389
0.00390774068477
0.00164857810139
0.000274763016898
0.000274763016898
0.000274763016898
0.000274763016898
0.0
0.0
0.0
0.0
0.0
0.0
0.0
0.0
0.0
0.0
0.0
0.0
0.0
0.0
0.0
0.0
0.0
0.0
0.0
0.0
0.0
0.0
0.0
0.0
0.0
0.0
0.0
0.0
0.0
0.0
0.0
0.0
0.0
0.0
0.0
0.0
0.0
0.0
0.0
0.0
0.0
0.0
0.0
0.0
0.0
0.0
0.0
0.0
0.0163483995054
0.0117232220543
0.0067011646899
0.00348033154737
0.00199966417853
0.000702172154295
7.63230602494e-05
0.000793759826594
0.0133870647677
0.0178901253225
0.0224847735495
0.0141655599823
0.00773915830929
0.00366350689197
0.00145013814474
0.00143487353269
0.0268199233716
0.0218131306193
0.0139213261895
0.00755598296469
0.00398406374502
0.00112958129169
0.000366350689197
0.00155699042909
0.0116468989941
0.018042771443
0.0294759658683
0.0188365312696
0.00983041016013
0.00451832516677
0.00145013814474
1.52646120499e-05
0.0
0.0
0.0
0.0
0.0
0.0
0.0
0.0
0.0
0.0
0.0
0.0
0.0
0.0
0.0
0.0
0.0
0.0
0.0
0.0
0.0
0.0
0.0
0.0
0.0
0.0
0.0
0.0
0.0
0.0
0.0
0.0
0.0
0.0
0.0
0.0
0.0
0.0
0.0
0.0
0.0
0.0
0.0
0.0
0.0
0.0
0.0
0.0
0.0
0.0
0.0
0.0
0.0
0.0
0.0
0.0
0.0
0.0
0.0
0.0
0.0
0.0
0.0
0.0
0.0
0.00532734960541
0.0186380913129
0.0278121231549
0.0149745844209
0.00934194257453
0.00760177680084
0.000946405947093
0.0
0.00522049732106
0.018668620537
0.0286058829815
0.0162873410572
0.0106241699867
0.00564790645846
0.00326662697868
0.0
0.00532734960541
0.0178748607104
0.0285295599212
0.0147303506281
0.0133412709316
0.00911297339378
0.00184701805804
0.0
0.00532734960541
0.0198745248889
0.0268351879837
0.0126848926135
0.00902138572148
0.00328189159073
0.00326662697868
0.0
1.52646120499e-05
0.0
1.52646120499e-05
0.0123796003725
0.036726656592
0.0141502953702
0.00386194684862
0.0219963059639
0.00818183205874
0.00789180442979
0.00247286715208
0.00247286715208
0.00247286715208
0.00187754728214
0.0
0.000809024438644
0.00583108180306
0.0200882294576
0.0308650455649
0.0246218192365
0.0228358596266
0.0212178107493
0.0
0.0
0.0
0.0
0.000854818274794
0.00950985330708
0.0319183037963
0.0244997023401
0.0
0.0
0.0
0.0
0.0
0.0
0.0
0.0
0.0
0.0
0.0
0.0
0.0
0.0
0.0
0.0
0.0
0.0
0.0
0.00529682038131
0.0133565355436
0.0233853856604
0.0
0.0
0.0
0.00638060783685
0.0220726290241
0.0224084504892
0.0111584314085
0.011631634382
0.0
0.0
0.0
0.0
0.0
0.0
0.00955564714323
0.0
0.0
0.0
0.0
0.0
0.0
0.0
0.0
0.0
0.0
0.0
0.0
0.0
0.0133565355436
0.0105631115385
0.0
0.0
0.0
0.0
0.0
0.0
0.0
0.0
0.0
0.0
0.0
0.0
0.0
0.0
0.0
0.0
0.0
0.0
0.0
0.0
0.0
0.0
0.0
0.0
0.0
0.0
0.0117384866664
0.0
0.0151424951535
1.52646120499e-05
0.000290027628948
0.000717436766345
0.000717436766345
0.000717436766345
0.000717436766345
0.000717436766345
0.000717436766345
0.0
0.0
0.00502205736441
0.0133565355436
0.0
0.0
0.0
0.0133565355436
0.00908244416968
0.012547511105
0.0230648288074
0.0256140190197
0.0
0.0
0.0
0.0252324037185
0.00873135809253
0.0134939170521
0.0245454961762
0.0233701210484
0.0233548564363
0.0
0.0
0.0
0.0225763612218
0.0225763612218
0.0225763612218
0.0225763612218
0.0225763612218
0.0225763612218
0.0225763612218
0.0225763612218
0.0
0.0
0.0
0.0
0.0
0.0
0.0
0.0
0.0
0.0
0.0
0.0
0.0
0.0
0.0
0.0
0.0
0.0
0.0
0.0
0.0
0.0
0.0
0.0
0.0
0.0
0.0
0.0
0.0
0.0
0.0
0.0
0.000320556853048
0.000320556853048
0.000320556853048
0.000320556853048
0.000320556853048
0.000320556853048
0.000320556853048
0.000320556853048
0.0
0.0
0.0
0.0
0.0
0.0
0.0
0.0
0.0
0.0
0.0
0.0
0.0
0.0
0.0
0.0
0.0
0.0
0.0
0.0
0.0
0.0
0.0
0.0
0.0
0.0
0.0
0.0
0.0
0.0
0.0
0.0
0.0
0.0
0.0
0.0
0.0
0.0
0.0
0.0
0.0
0.0
0.0
0.0
0.0
0.0
0.0464196852437
0.0219810413518
0.0
0.0
0.0
0.0
0.0
0.0
0.0
0.0
0.0
0.0
0.0
0.0
0.0
0.0
0.0
0.0
0.0
0.0
0.0
0.0
0.0
0.0
0.0
0.0
0.0
0.0
0.0
0.0
0.0
0.0
0.0
0.0
0.0
0.0
0.0
0.0
0.0
0.0
0.0
0.0
0.0
0.0
0.0
0.0
0.0
0.0
0.0
0.0
0.0
0.0
0.0
0.0
0.0
0.0
0.0
0.0
0.0
0.0
0.0
0.0
0.0
0.0
0.0
0.0
0.0
0.0
0.0
0.0
0.0
0.0
0.0
0.0
0.0
0.0
0.0
0.0
0.0
0.0
0.0
0.0
0.0
0.0
0.0
0.0
0.0
0.0
0.0
0.0
0.0
0.0
0.0
0.0
0.0
0.0
0.0
0.0
0.0
0.0
0.0
0.0
0.0
0.0
0.0
0.0
0.0
0.0
0.0
0.0
0.0
0.0
0.0
0.0
0.0
0.0
0.0
0.0
0.0
0.0
0.0
0.0
0.0
0.0
0.0
0.0
0.00543420188976
0.0
0.000732701378394
0.00383141762452
0.0
0.0
0.0
0.0
0.00929614873838
0.0
0.000518996809696
0.00282395322923
0.0
0.0
0.0
0.0
0.00729648455984
0.0
0.00100746439529
0.00503732197646
0.0
0.0
0.0
0.0
0.000625849094045
0.0
0.00177069499779
0.0
0.0
0.0
0.0
0.0
0.0
0.0
0.0
0.0
0.0
0.0
0.0
0.0
0.0
0.0
0.0
0.0
0.0
0.0
0.0
0.0
0.0
0.0
0.0
0.0
0.0
0.0
0.0
0.0
0.0
0.0
0.0
0.0
0.0
0.0
0.0
0.0
0.0
0.0
0.0
0.0
0.0
0.0
0.0
0.0
0.0
0.0
0.0
0.0
0.0
0.0
0.0
0.0
0.0
0.0
0.0
0.0
0.0
0.0
0.0
0.0
0.0
0.0
0.0
0.0
0.0
0.0
0.0
0.0
0.0
0.0
0.0
0.0
0.0
0.0
0.0
0.0
0.0
0.0
0.0
0.0
0.00389247607272
0.0119521912351
0.0363908351269
0.0197218787685
0.00937247179863
0.00810550899849
0.00117537512784
0.0
0.00389247607272
0.0115858405459
0.037016684221
0.0254919021233
0.018363328296
0.00776968753339
0.00711330921525
4.57938361497e-05
0.00389247607272
0.0118911327869
0.0363755705149
0.0197066141564
0.00912823800583
0.00781548136954
0.00102272900734
0.000122116896399
0.00389247607272
0.0115553113218
0.037016684221
0.0254919021233
0.0182870052358
0.00735754300804
0.00668590007785
1.52646120499e-05
0.0
0.0
0.0
0.00407565141732
0.0
0.0
0.0
0.0
0.0
0.0
0.0
0.00407565141732
0.0
0.0
0.0
0.0
0.0
0.0
0.0
0.00407565141732
0.0
0.0
0.0
0.0
0.0
0.0
0.0
0.00407565141732
0.0
0.0
0.0
0.0
0.0
0.0
0.0
0.0
0.0
0.0
0.0
0.0
0.0
0.0
0.0
0.0
0.0
0.0
0.0
0.0
0.0
0.0
0.0
0.0
0.0
0.0
0.0
0.0
0.0
0.0
0.0
0.0
0.0
0.0
0.0
0.0
0.0
0.0
0.00297659934973
0.0
0.00282395322923
0.0
0.0
0.00282395322923
0.0
0.0
0.00598372792355
0.0
0.00580055257896
0.0
0.0
0.00580055257896
0.0
0.0
0.00743386606829
0.0
0.00746439529239
0.0
0.0
0.00746439529239
0.0
0.0
0.00905191494558
0.0
0.00923509029018
0.0
0.0
0.00923509029018
0.0
0.0
0.0
0.0
0.0
0.0
0.0
0.0
0.0
0.0
0.0
0.0
0.0
0.0
0.0
0.00346506693532
0.0
0.0
0.0
0.0
0.0
0.0
0.0
0.0
0.0
0.0
0.0
0.0
0.0
0.0
0.0
0.0151272305414
0.0
0.0
0.0
0.0
0.0
0.0
0.0
0.000549526033796
0.0
0.0
0.0
0.0
0.0
0.0
0.0
0.0242249393232
0.0
0.0
0.0
0.0
0.0
0.0
0.0
0.000106852284349
0.0
0.0
0.0
0.0
0.0
0.0
0.0
0.0270794217765
0.0
0.0
0.0
0.0
0.0
0.0
0.0
0.00125169818809
0.000122116896399
0.000641113706095
0.00228969180748
0.00228969180748
0.00228969180748
0.00228969180748
0.00228969180748
0.00228969180748
0.0249271114775
0.0156920211873
0.0168979255392
0.0168979255392
0.0168979255392
0.0168979255392
0.0168979255392
0.0168979255392
0.0
0.0
0.0
0.0
0.0
0.0
0.0
0.0
0.0
0.0
0.0
0.0
0.0
0.0
0.0
0.0
0.0
0.0
0.0
0.0
0.0
0.0
0.0
0.0
0.0
0.0
0.0
0.0
0.0
0.0
0.0
0.0
0.0
7.63230602494e-05
0.0
7.63230602494e-05
0.0
0.0
0.0
0.0
4.57938361497e-05
0.0
0.0
0.0
0.0
0.0
0.0
0.0
0.000274763016898
0.000274763016898
0.000671642930195
0.000671642930195
0.000763230602494
0.000763230602494
0.000488467585596
0.000488467585596
0.000320556853048
0.000320556853048
0.000518996809696
0.000518996809696
0.000564790645846
0.000564790645846
0.000656378318145
0.000656378318145
0.000290027628948
0.000290027628948
7.63230602494e-05
7.63230602494e-05
6.10584481995e-05
6.10584481995e-05
6.10584481995e-05
6.10584481995e-05
0.0
3.05292240998e-05
3.05292240998e-05
3.05292240998e-05
4.57938361497e-05
4.57938361497e-05
4.57938361497e-05
0.0
0.0
0.0
4.57938361497e-05
4.57938361497e-05
4.57938361497e-05
4.57938361497e-05
0.0
0.0
0.0121811604158
0.00489994046801
0.000320556853048
0.0
0.0
0.0
0.0
0.0
0.0
0.0
0.0
0.0
0.0
0.0
0.0
0.0
0.0
0.0
0.0
0.0
0.0
0.0
0.0
0.0
0.0
0.0
0.0
0.0
0.0
0.0
0.0
0.0
1.52646120499e-05
0.0
0.0
0.0
0.0
0.0
0.0
0.0
0.0
0.0
0.0
0.0
0.0123490711484
0.00551052495001
0.00209125185083
0.00128222741219
0.0
0.0
0.0
0.0
0.0
0.0
0.0
0.0
0.00818183205874
0.00457938361497
0.0
0.0
0.0
0.0
0.0
0.0
0.0155088458427
0.00809024438644
0.00406038680527
0.00227442719543
0.00198439956649
0.00198439956649
0.00198439956649
0.00198439956649
0.0
0.0
0.0
0.0
0.0
0.0
0.0
0.0
0.0
0.0
0.0
0.0
0.0
0.0
0.0
0.0
0.0
0.0
0.0
0.0
0.0
0.0
0.0
0.0
0.0
0.0
0.0
0.0
0.0
0.0
0.0
0.0
0.0
0.0
0.0
0.0
0.0
0.0
0.0
0.0
0.0
0.0
0.0
0.0
0.0
0.0
0.0
0.0
0.0162415472211
0.0115095174856
0.00625849094045
0.00308345163408
0.00163331348934
0.000442673749447
6.10584481995e-05
0.000580055257896
0.013783944681
0.018363328296
0.0230342995833
0.015295141274
0.00896032727328
0.00293080551358
0.000976935171193
0.00122116896399
0.0266978064752
0.0218283952313
0.0132191540352
0.0068232815863
0.00340400848712
0.000870082886843
0.000244233792798
0.00122116896399
0.0119063973989
0.0188823251057
0.0303613133672
0.0197829372167
0.0107920807193
0.00380088840042
0.000976935171193
1.52646120499e-05
0.0
0.0
0.0
0.0
0.0
0.0
0.0
0.0
0.0
0.0
0.0
0.0
0.0
0.0
0.0
0.0
0.0
0.0
0.0
0.0
0.0
0.0
0.0
0.0
0.0
0.0
0.0
0.0
0.0
0.0
0.0
0.0
0.0
0.0
0.0
0.0
0.0
0.0
0.0
0.0
0.0
0.0
0.0
0.0
0.0
0.0
0.0
0.0
0.0
0.0
0.0
0.0
0.0
0.0
0.0
0.0
0.0
0.0
0.0
0.0
0.0
0.0
0.0
0.0
0.0
0.0071591030514
0.0208972538963
0.0277205354826
0.0140587076979
0.0102120254614
0.0066401062417
0.00141960892064
0.0
0.00711330921525
0.021416250706
0.0305292240998
0.0175237746333
0.0119827204592
0.0072506907237
0.00444200210652
0.0
0.0071591030514
0.0203019340263
0.0285142953092
0.015615698127
0.012226954252
0.00793759826594
0.00253392560028
0.0
0.0071591030514
0.0222558043687
0.0288501167743
0.0135397108882
0.00984567477218
0.00444200210652
0.00444200210652
0.000320556853048
0.000320556853048
1.52646120499e-05
0.000320556853048
0.0164705164018
0.0369403611607
0.0142571476546
0.00367877150402
0.0241180870388
0.00763230602494
0.00754071835264
0.00204545801468
0.00187754728214
0.00187754728214
0.00247286715208
0.0
0.00109905206759
0.0068232815863
0.0228969180748
0.0310482209095
0.0238280594099
0.0220573644121
0.0228358596266
0.0
0.0
0.0
0.0
0.000900612110943
0.0103494069698
0.0332921188808
0.024789729969
0.0
0.0
0.0
0.0
0.0
0.0
0.0
0.0
0.0
0.0
0.0
0.0
0.0
0.0
0.0
0.0
0.0
0.0
0.0
0.00546473111386
0.0139365908015
0.0237670009617
0.0
0.0
0.0
0.00680801697425
0.0251713452703
0.0227900657905
0.011631634382
0.0127612156737
0.0
0.0
0.0
0.0
0.0
0.0
0.0110821083482
0.0
0.0
0.0
0.0
0.0
0.0
0.0
0.0
0.0
0.0
0.0
0.0
0.0
0.0139671200256
0.0127612156737
0.0
0.0
0.0
0.0
0.0
0.0
0.0
0.0
0.0
0.0
0.0
0.0
0.0
0.0
0.0
0.0
0.0
0.0
0.0
0.0
0.0
0.0
0.0
0.0
0.0
0.0
0.0127612156737
0.0
0.0117384866664
3.05292240998e-05
0.000366350689197
0.00102272900734
0.00102272900734
0.00102272900734
0.00102272900734
0.00102272900734
0.00102272900734
0.0
0.0
0.00518996809696
0.0135549755003
0.0
0.0
0.0
0.0138755323533
0.00911297339378
0.012547511105
0.0230953580315
0.0254766375113
0.0
0.0
0.0
0.0251408160462
0.00873135809253
0.0134939170521
0.0246218192365
0.0232022103158
0.0233701210484
0.0
0.0
0.0
0.0233548564363
0.0233548564363
0.0233548564363
0.0233548564363
0.0233548564363
0.0233548564363
0.0233548564363
0.0233548564363
0.0
0.0
0.0
0.0
0.0
0.0
0.0
0.0
0.0
0.0
0.0
0.0
0.0
0.0
0.0
0.0
0.0
0.0
0.0
0.0
0.0
0.0
0.0
0.0
0.0
0.0
0.0
0.0
0.0
0.0
0.0
0.0
0.000320556853048
0.000320556853048
0.000320556853048
0.000320556853048
0.000320556853048
0.000320556853048
0.000320556853048
0.000320556853048
0.0
0.0
0.0
0.0
0.0
0.0
0.0
0.0
0.0
0.0
0.0
0.0
0.0
0.0
0.0
0.0
0.0
0.0
0.0
0.0
0.0
0.0
0.0
0.0
0.0
0.0
0.0
0.0
0.0
0.0
0.0
0.0
