0.0
0.0
0.0
0.0
0.0
0.0
0.0
0.0
0.0
0.0
0.0
0.0
0.0
0.0
-0.00237550177726
-0.00184998660069
-5.55111512313e-16
0.0
0.0
0.0
0.0
0.0
0.0
0.0
0.0
5.04870979341e-29
0.0
-4.93038065763e-32
0.0
4.81482486097e-35
3.76158192263e-37
-1.17549435082e-38
-1.83670992316e-40
0.0
0.0
0.0
0.0
0.0
0.0
0.0
0.0
0.0
0.0
0.0
0.0
0.0
0.0
0.0
0.0
0.0
0.0
0.0
0.0
0.0
0.0
0.0
0.0
0.0
0.0
0.0
0.0
0.0
0.0
0.0
0.0
0.0
0.0
0.0
0.0
0.0
0.0
0.0
0.0
0.0
0.0
0.0
0.0
0.0
0.0
0.0
0.0
0.0
0.0
0.0
0.0
0.0
0.0
0.0
0.0
0.0
0.0
0.0
0.0
0.0
0.0
0.0
0.0
0.0
0.0
0.0
0.0
0.0
0.0
0.0
0.0
0.0
0.0
0.0
0.0
0.0
0.0
0.0
0.0
0.0
0.0
0.0
0.0
0.0
0.0
0.0
0.0
0.0
0.0
0.0
0.0
0.0
0.0
0.0
0.0
0.0
0.0
0.0
0.0
0.0
0.0
0.0
0.0
0.0
0.0
0.0
0.152025886822
0.0
-0.000356838865981
0.00424556790066
0.0
0.0
0.0
0.0
0.154952468426
0.0
0.0371661406326
0.000214893136752
0.0
0.0
0.0
0.0
0.161186284699
0.0
-0.00111759384359
0.00514972425311
0.0
0.0
0.0
0.0
0.0701713391375
0.0
0.0587726156172
0.0
0.0
0.0
0.0
0.0
0.0
0.0
0.0
0.0
0.0
0.0
0.0
0.0
0.0
0.0
0.0
0.0
0.0
0.0
0.0
0.0
0.0
0.0
0.0
0.0
0.0
0.0
0.0
0.0
0.0
0.0
0.0
0.0
0.0
0.0
0.0
0.0
0.0
0.0
0.0
0.0
0.0
0.0
0.0
0.0
0.0
0.0
0.0
0.0
0.0
0.0
0.0
0.0
0.0
0.0
0.0
0.0
0.0
0.0
0.0
0.0
0.0
0.0
0.0
0.0
0.0
0.0
0.0
0.0
0.0
0.0
0.0
0.0
0.0
0.0
0.0
0.0
0.0
0.0
0.0
0.0
-0.00196737921469
-0.00248999447746
-0.00453170337173
-0.000676705976425
0.100149194997
0.0057489786855
0.00486421053068
2.05811526392e-05
-0.00196737921469
-0.00184271003008
-0.00206044117383
-0.00156050560008
0.0578294028964
0.00068878033068
0.156801522271
0.00042781850414
-0.00196737921469
-0.0023662053139
-0.0041219757354
-0.000352744096903
0.0955513391478
0.00574860622095
0.00499373590142
0.000241511422816
-0.00196737921469
-0.00180064390981
-0.0019630429201
-0.00141908629673
0.0559322620909
0.000747739621847
0.144905888924
0.000600832211895
0.0
0.0
0.0
-0.00189942787471
0.0
0.0
0.0
0.0
0.0
0.0
0.0
-0.00189942787471
0.0
0.0
0.0
0.0
0.0
0.0
0.0
-0.00189942787471
0.0
0.0
0.0
0.0
0.0
0.0
0.0
-0.00189942787471
0.0
0.0
0.0
0.0
0.0
0.0
0.0
0.0
0.0
0.0
0.0
0.0
0.0
0.0
0.0
0.0
0.0
0.0
0.0
0.0
0.0
0.0
0.0
0.0
0.0
0.0
0.0
0.0
0.0
0.0
0.0
0.0
0.0
0.0
0.0
0.0
0.0
0.0
0.0448149110691
0.0
-0.00389070363548
0.0
0.0
-0.00389070363548
0.0
0.0
0.112722569468
0.0
-0.00584397222721
0.0
0.0
-0.00584397222721
0.0
0.0
0.132464510574
0.0
-0.00654403312768
0.0
0.0
-0.00654403312768
0.0
0.0
0.132631604343
0.0
-0.00814143645797
0.0
0.0
-0.00814143645797
0.0
0.0
0.0
0.0
0.0
0.0
0.0
0.0
0.0
0.0
0.0
0.0
0.0
0.0
0.0
8.92510691097e-05
0.0
0.0
0.0
0.0
0.0
0.0
0.0
0.0
0.0
0.0
0.0
0.0
0.0
0.0
0.0
-0.00292620392892
0.0
0.0
0.0
0.0
0.0
0.0
0.0
0.000193259357525
0.0
0.0
0.0
0.0
0.0
0.0
0.0
-0.00324245988323
0.0
0.0
0.0
0.0
0.0
0.0
0.0
-0.000123692352517
0.0
0.0
0.0
0.0
0.0
0.0
0.0
-0.00406427350892
0.0
0.0
0.0
0.0
0.0
0.0
0.0
-0.000757280076462
-0.000330042289423
-0.000765423922603
-0.000979450548241
-0.000979450548241
-0.000979450548241
-0.000979450548241
-0.000979450548241
-0.000979450548241
-0.00361691209596
-0.00258536283167
-0.00481071597592
-0.00481071597592
-0.00481071597592
-0.00481071597592
-0.00481071597592
-0.00481071597592
0.0
0.0
0.0
0.0
0.0
0.0
0.0
0.0
0.0
0.0
0.0
0.0
0.0
0.0
0.0
0.0
0.0
0.0
0.0
0.0
0.0
0.0
0.0
0.0
0.0
0.0
0.0
0.0
0.0
0.0
0.0
0.0
0.0
0.0
0.0
0.0
0.0
0.0
0.0
0.0
-1.14345474118e-05
0.0
0.0
0.0
0.0
0.0
0.0
0.0
-0.0048152343088
-0.0048152343088
-0.00443725552417
-0.00443725552417
-0.00486531366028
-0.00486531366028
-0.00429814201162
-0.00429814201162
-0.00296776258135
-0.00296776258135
-0.00358326087346
-0.00358326087346
-0.00352660751786
-0.00352660751786
-0.00414940785609
-0.00414940785609
-0.00299416844092
-0.00299416844092
-0.00207798101281
-0.00207798101281
-0.00189316556392
-0.00189316556392
-0.00136944122187
-0.00136944122187
0.0
-0.000987643334807
-0.000987643334807
-0.000987643334807
-0.00142845487405
-0.00142845487405
-0.00142845487405
0.0
0.0
0.0
-0.000888049419091
-0.000888049419091
-0.000888049419091
-0.000888049419091
0.0
0.0
-0.00109803780367
-0.000742622745581
-0.00105545107788
0.0
0.0
0.0
0.0
0.0
0.0
0.0
0.0
0.0
0.0
0.0
0.0
0.0
0.0
0.0
0.0
0.0
0.0
0.0
0.0
0.0
0.0
0.0
0.0
0.0
0.0
0.0
0.0
0.0
-0.00281106657716
-0.000345917941148
0.0
0.0
0.0
0.0
0.0
0.0
0.0
0.0
0.0
0.0
-0.00899996916107
-0.00587003361856
-0.00468027872724
-0.00353934619035
0.0
0.0
0.0
0.0
0.0
0.0
0.0
0.0
0.0823982577541
0.0
0.0
0.0
0.0
0.0
0.0
0.0
-0.0080614822977
-0.00635194726125
-0.00442527966496
-0.00301921297961
-0.000698965055751
-0.000698965055751
-0.000698965055751
-0.000698965055751
0.0
0.0
0.0
0.0
0.0
0.0
0.0
0.0
0.0
0.0
0.0
0.0
0.0
0.0
0.0
0.0
0.0
0.0
0.0
0.0
0.0
0.0
0.0
0.0
0.0
0.0
0.0
0.0
0.0
0.0
0.0
0.0
0.0
0.0
0.0
0.0
0.0
0.0
0.0
0.0
0.0
0.0
0.0
0.0
0.0
0.0
0.0
0.0
0.000218795398267
-5.09634921569e-05
0.00164061002323
0.00434777580199
0.00773145933435
0.0108236874544
0.00220051048853
0.00274064192814
-0.0018872683797
-0.00178087003564
-0.000117140123278
0.00687761318724
0.0110018888084
0.0169433503342
0.00967917247528
0.0016804298431
-0.00136958959206
-0.000552082506901
0.00197098967114
0.00565144639215
0.0150866270726
0.00800681217971
0.00476240772627
0.00239068039842
-0.00213835137811
-0.00343560734568
-0.00324054626692
0.00680912205594
0.0135046501451
0.0194116072033
0.0118827136195
0.00137061987014
0.0
0.0
0.0
0.0
0.0
0.0
0.0
0.0
0.0
0.0
0.0
0.0
0.0
0.0
0.0
0.0
0.0
0.0
0.0
0.0
0.0
0.0
0.0
0.0
0.0
0.0
0.0
0.0
0.0
0.0
0.0
0.0
0.0
0.0
0.0
0.0
0.0
0.0
0.0
0.0
0.0
0.0
0.0
0.0
0.0
0.0
0.0
0.0
0.0
0.0
0.0
0.0
0.0
0.0
0.0
0.0
0.0
0.0
0.0
0.0
0.0
0.0
0.0
0.0
0.0
-0.00254748273334
-0.00297909081412
0.00651546122557
0.00679202282789
0.0899065160113
0.0110391099489
0.0996316374736
0.0
-0.00252240222417
-0.00239130325461
0.00502288444391
0.00741609452648
0.00672779438562
0.105255906878
0.138122210347
0.0
-0.00254748273334
-0.00268849121162
0.00570348859218
0.0668532271183
0.0739982617841
0.00551346790907
0.123409884922
0.0
-0.00254748273334
-0.00317204676844
0.00579189112666
0.0631592594244
0.0093831461797
0.13474656726
0.138122210347
0.0
0.00455061262193
0.0
0.00455061262193
0.00579721848526
-0.0037392893063
-0.000986486885625
0.000224068350485
0.0634024662545
0.00234638264488
0.144142057786
0.00169660417866
0.00169660417866
0.00169660417866
0.1231735004
0.0
-0.000853576846871
-0.00219025292877
-0.00345065552983
-0.00380433882411
-0.00377708235741
-0.0038571262535
0.0455687583669
0.0
0.0
0.0
0.0
-0.000846213783007
-0.00179171179051
-0.00374506946466
0.104114316997
0.0
0.0
0.0
0.0
0.0
0.0
0.0
0.0
0.0
0.0
0.0
0.0
0.0
0.0
0.0
0.0
0.0
0.0
0.0
-0.00276596349865
-0.00568352385576
-0.00668602712669
0.0
0.0
0.0
-0.00225990106011
-0.00418434826324
-0.00337400635956
-0.00245785957318
-0.00290216039776
0.0
0.0
0.0
0.0
0.0
0.0
-0.00287679046565
0.0
0.0
0.0
0.0
0.0
0.0
0.0
0.0
0.0
0.0
0.0
0.0
0.0
-0.00568352385576
-0.0028995886945
0.0
0.0
0.0
0.0
0.0
0.0
0.0
0.0
0.0
0.0
0.0
0.0
0.0
0.0
0.0
0.0
0.0
0.0
0.0
0.0
0.0
0.0
0.0
0.0
0.0
0.0
-0.000649879198293
0.0
-0.00329056344902
0.0135394033801
0.0570411066339
0.0914442821567
0.0914442821567
0.0914442821567
0.0914442821567
0.0914442821567
0.0914442821567
0.0
0.0
-0.00275758466336
-0.00568352385576
0.0
0.0
0.0
-0.00568352385576
-0.00266321285576
-0.00536319929349
-0.00845425363394
-0.0120128662835
0.0
0.0
0.0
-0.0121762289444
-0.00262803627283
-0.00298145392707
-0.00379226083124
-0.00368915157509
-0.0125733643425
0.0
0.0
0.0
-0.00392553342244
-0.00392553342244
-0.00392553342244
-0.00392553342244
-0.00392553342244
-0.00392553342244
-0.00392553342244
-0.00392553342244
0.0
0.0
0.0
0.0
0.0
0.0
0.0
0.0
0.0
0.0
0.0
0.0
0.0
0.0
0.0
0.0
0.0
0.0
0.0
0.0
0.0
0.0
0.0
0.0
0.0
0.0
0.0
0.0
0.0
0.0
0.0
0.0
-0.000626159563986
-0.000626159563986
-0.000626159563986
-0.000626159563986
-0.000626159563986
-0.000626159563986
-0.000626159563986
-0.000626159563986
0.0
0.0
0.0
0.0
0.0
0.0
0.0
0.0
0.0
0.0
0.0
0.0
0.0
0.0
0.0
0.0
0.0
0.0
0.0
0.0
0.0
0.0
0.0
0.0
0.0
0.0
0.0
0.0
0.0
0.0
0.0
0.0
0.0
0.0
0.0
0.0
0.0
0.0
0.0
0.0
0.0
0.0
0.0
0.0
0.0
0.0
-0.00249341025753
-0.00162966547963
0.0
0.0
0.0
0.0
0.0
0.0
0.0
0.0
0.0
0.0
0.0
0.0
0.0
0.0
0.0
0.0
0.0
0.0
0.0
0.0
0.0
0.0
0.0
0.0
0.0
0.0
0.0
0.0
0.0
0.0
0.0
0.0
0.0
0.0
0.0
0.0
0.0
0.0
0.0
0.0
0.0
0.0
0.0
0.0
0.0
0.0
0.0
0.0
0.0
0.0
0.0
0.0
0.0
0.0
0.0
0.0
0.0
0.0
0.0
0.0
0.0
0.0
0.0
0.0
0.0
0.0
0.0
0.0
0.0
0.0
0.0
0.0
0.0
0.0
0.0
0.0
0.0
0.0
0.0
0.0
0.0
0.0
0.0
0.0
0.0
0.0
0.0
0.0
0.0
0.0
0.0
0.0
0.0
0.0
0.0
0.0
0.0
0.0
0.0
0.0
0.0
0.0
0.0
0.0
0.0
0.0
0.0
0.0
0.0
0.0
0.0
0.0
0.0
0.0
0.0
0.0
0.0
0.0
0.0
0.0
0.0
0.0
0.0
0.0
0.00370704889456
0.0
0.0364783554158
0.12457512413
0.0
0.0
0.0
0.0
-0.000196922273546
0.0
-0.000762673082699
0.0854069734187
0.0
0.0
0.0
0.0
0.00601698386829
0.0
0.0635457061317
0.13260873737
0.0
0.0
0.0
0.0
-0.000878882823344
0.0
-0.00136261594713
0.0
0.0
0.0
0.0
0.0
0.0
0.0
0.0
0.0
0.0
0.0
0.0
0.0
0.0
0.0
0.0
0.0
0.0
0.0
0.0
0.0
0.0
0.0
0.0
0.0
0.0
0.0
0.0
0.0
0.0
0.0
0.0
0.0
0.0
0.0
0.0
0.0
0.0
0.0
0.0
0.0
0.0
0.0
0.0
0.0
0.0
0.0
0.0
0.0
0.0
0.0
0.0
0.0
0.0
0.0
0.0
0.0
0.0
0.0
0.0
0.0
0.0
0.0
0.0
0.0
0.0
0.0
0.0
0.0
0.0
0.0
0.0
0.0
0.0
0.0
0.0
0.0
0.0
0.0
0.0
0.0
0.004514819547
0.00449047964003
0.0523623169515
0.0803237784689
0.00706739034563
0.11678759912
0.0985671430993
0.0
0.004514819547
0.00611307143095
0.0369203446421
0.0493555943553
-0.00345303732106
0.116293567796
0.000685250537194
0.0213990139079
0.004514819547
0.00431212008927
0.0529008993672
0.0788486752898
0.0070591315127
0.113457211966
0.0907298109322
0.0292538300097
0.004514819547
0.00597158877374
0.0384831638917
0.05139227909
-0.00308548579601
0.109163625059
0.000764064294085
0.0121458820416
0.0
0.0
0.0
-0.00155951454178
0.0
0.0
0.0
0.0
0.0
0.0
0.0
-0.00155951454178
0.0
0.0
0.0
0.0
0.0
0.0
0.0
-0.00155951454178
0.0
0.0
0.0
0.0
0.0
0.0
0.0
-0.00155951454178
0.0
0.0
0.0
0.0
0.0
0.0
0.0
0.0
0.0
0.0
0.0
0.0
0.0
0.0
0.0
0.0
0.0
0.0
0.0
0.0
0.0
0.0
0.0
0.0
0.0
0.0
0.0
0.0
0.0
0.0
0.0
0.0
0.0
0.0
0.0
0.0
0.0
0.0
-0.00389070363548
0.0
0.0448149110691
0.0
0.0
0.0448149110691
0.0
0.0
-0.00584397222721
0.0
0.112722569468
0.0
0.0
0.112722569468
0.0
0.0
-0.00654403312768
0.0
0.132464510574
0.0
0.0
0.132464510574
0.0
0.0
-0.00814143645797
0.0
0.132631604343
0.0
0.0
0.132631604343
0.0
0.0
0.0
0.0
0.0
0.0
0.0
0.0
0.0
0.0
0.0
0.0
0.0
0.0
0.0
-0.000920850574452
0.0
0.0
0.0
0.0
0.0
0.0
0.0
0.0
0.0
0.0
0.0
0.0
0.0
0.0
0.0
-0.00232439655043
0.0
0.0
0.0
0.0
0.0
0.0
0.0
-0.000765423922603
0.0
0.0
0.0
0.0
0.0
0.0
0.0
-0.00368649891649
0.0
0.0
0.0
0.0
0.0
0.0
0.0
-0.000330042289423
0.0
0.0
0.0
0.0
0.0
0.0
0.0
-0.00531785194562
0.0
0.0
0.0
0.0
0.0
0.0
0.0
-0.000605067944558
-0.000123692352517
0.000193259357525
-0.000544801894234
-0.000544801894234
-0.000544801894234
-0.000544801894234
-0.000544801894234
-0.000544801894234
-0.00296724321736
-0.00280903198573
-0.00353682775649
-0.00353682775649
-0.00353682775649
-0.00353682775649
-0.00353682775649
-0.00353682775649
0.0
0.0
0.0
0.0
0.0
0.0
0.0
0.0
0.0
0.0
0.0
0.0
0.0
0.0
0.0
0.0
0.0
0.0
0.0
0.0
0.0
0.0
0.0
0.0
0.0
0.0
0.0
0.0
0.0
0.0
0.0
0.0
0.0
-0.000590598557697
0.0
-0.000590598557697
0.0
0.0
0.0
0.0
-0.000186156740774
0.0
0.0
0.0
0.0
0.0
0.0
0.0
-0.000698965055751
-0.000698965055751
-0.000585409688274
-0.000585409688274
-0.00042567212966
-0.00042567212966
-0.000637823405503
-0.000637823405503
0.000282775182489
0.000282775182489
-0.000715949100272
-0.000715949100272
0.000312674525918
0.000312674525918
-0.000701587063768
-0.000701587063768
-0.000655149074322
-0.000655149074322
-0.000234091850086
-0.000234091850086
-0.000199500065302
-0.000199500065302
-0.000172634170076
-0.000172634170076
0.0
3.97755486058e-05
3.97755486058e-05
3.97755486058e-05
-0.000154177876867
-0.000154177876867
-0.000154177876867
0.0
0.0
0.0
-0.000266265312455
-0.000266265312455
-0.000266265312455
-0.000266265312455
0.0
0.0
-0.0011922112485
-0.000968689570273
0.000202127352339
0.0
0.0
0.0
0.0
0.0
0.0
0.0
0.0
0.0
0.0
0.0
0.0
0.0
0.0
0.0
0.0
0.0
0.0
0.0
0.0
0.0
0.0
0.0
0.0
0.0
0.0
0.0
0.0
0.0
-0.000345917941148
0.0
0.0
0.0
0.0
0.0
0.0
0.0
0.0
0.0
0.0
0.0
-0.00880526492265
-0.00587472371177
-0.00353934619035
-0.00283207196836
0.0
0.0
0.0
0.0
0.0
0.0
0.0
0.0
0.117695176013
0.0823982577541
0.0
0.0
0.0
0.0
0.0
0.0
-0.00903372188914
-0.00680908229147
-0.00541272185569
-0.00473259339598
-0.0048152343088
-0.0048152343088
-0.0048152343088
-0.0048152343088
0.0
0.0
0.0
0.0
0.0
0.0
0.0
0.0
0.0
0.0
0.0
0.0
0.0
0.0
0.0
0.0
0.0
0.0
0.0
0.0
0.0
0.0
0.0
0.0
0.0
0.0
0.0
0.0
0.0
0.0
0.0
0.0
0.0
0.0
0.0
0.0
0.0
0.0
0.0
0.0
0.0
0.0
0.0
0.0
0.0
0.0
0.0
0.0
0.0112023996902
0.0250423004489
0.0422951034122
0.0499276428981
0.0612513704252
0.0649871646876
0.0249451360937
0.0712618565498
0.00417358269085
0.0161420167582
0.0463941346863
0.0718041558909
0.0919031721633
0.0910336322356
0.0994858549209
0.0365169045686
0.0128383086766
0.0309697643792
0.048696818838
0.0715160298287
0.0643907987121
0.059445638054
0.0495121059733
0.0893806937501
0.00185893656904
0.0135772684311
0.0513277604014
0.0708858315489
0.097231263675
0.0866739475966
0.0995778357811
0.0121458820416
0.0
0.0
0.0
0.0
0.0
0.0
0.0
0.0
0.0
0.0
0.0
0.0
0.0
0.0
0.0
0.0
0.0
0.0
0.0
0.0
0.0
0.0
0.0
0.0
0.0
0.0
0.0
0.0
0.0
0.0
0.0
0.0
0.0
0.0
0.0
0.0
0.0
0.0
0.0
0.0
0.0
0.0
0.0
0.0
0.0
0.0
0.0
0.0
0.0
0.0
0.0
0.0
0.0
0.0
0.0
0.0
0.0
0.0
0.0
0.0
0.0
0.0
0.0
0.0
0.0
0.00573888367678
0.029001438161
0.0591103061623
0.0651151035954
0.0115571872526
0.0821660968407
0.00919805649218
0.0
0.0061577952839
0.0254868636715
0.0616529385257
0.0747931636268
0.0822932949249
0.0114833229052
0.0152285865027
0.0
0.00573888367678
0.0254149019356
0.0615289081669
0.0103088158304
0.00642434872026
0.0758226118987
0.00664442108783
0.0
0.00573888367678
0.0302374156755
0.0671051825221
0.0189414389655
0.105824293843
0.0192734240489
0.0192734240489
-0.000421917053747
-0.000545697050537
0.00455061262193
-0.000475840002566
-0.0026433580591
0.0596472628796
0.061174368358
0.0175279344979
-0.00198465942927
0.0557774534278
0.00139776272691
0.0875073968488
0.1231735004
0.1231735004
0.00169660417866
0.0
0.00270321268624
0.00526986975669
0.0233658757836
0.0433983587435
0.0485659456747
0.0457354660942
-0.0038571262535
0.0
0.0
0.0
0.0
-0.000826337018179
-0.00282235885829
-0.00512536971159
-0.00449487564397
0.0
0.0
0.0
0.0
0.0
0.0
0.0
0.0
0.0
0.0
0.0
0.0
0.0
0.0
0.0
0.0
0.0
0.0
0.0
-0.00196006877133
-0.00276442539923
-0.00369931660917
0.0
0.0
0.0
-0.00204659668599
0.0461876442146
-0.00381517294839
-0.00290216039776
0.144023048968
0.0
0.0
0.0
0.0
0.0
0.0
0.00732038138694
0.0
0.0
0.0
0.0
0.0
0.0
0.0
0.0
0.0
0.0
0.0
0.0
0.0
-0.00295393523975
0.144023048968
0.0
0.0
0.0
0.0
0.0
0.0
0.0
0.0
0.0
0.0
0.0
0.0
0.0
0.0
0.0
0.0
0.0
0.0
0.0
0.0
0.0
0.0
0.0
0.0
0.0
0.0
0.144023048968
0.0
-0.000649879198293
-0.000377449037602
-0.00117671137454
-0.00145740214237
-0.00145740214237
-0.00145740214237
-0.00145740214237
-0.00145740214237
-0.00145740214237
0.0
0.0
-0.00191273693416
-0.00293376780767
0.0
0.0
0.0
-0.00296348251498
-0.00268696891592
-0.00293278069636
-0.00345419987721
-0.00353532833021
0.0
0.0
0.0
-0.00382389175385
-0.00262824952161
-0.00298706429635
-0.00334571365156
-0.00306254421582
-0.00368915157509
0.0
0.0
0.0
-0.0125733643425
-0.0125733643425
-0.0125733643425
-0.0125733643425
-0.0125733643425
-0.0125733643425
-0.0125733643425
-0.0125733643425
0.0
0.0
0.0
0.0
0.0
0.0
0.0
0.0
0.0
0.0
0.0
0.0
0.0
0.0
0.0
0.0
0.0
0.0
0.0
0.0
0.0
0.0
0.0
0.0
0.0
0.0
0.0
0.0
0.0
0.0
0.0
0.0
-0.00043150442998
-0.00043150442998
-0.00043150442998
-0.00043150442998
-0.00043150442998
-0.00043150442998
-0.00043150442998
-0.00043150442998
0.0
0.0
0.0
0.0
0.0
0.0
0.0
0.0
0.0
0.0
0.0
0.0
0.0
0.0
0.0
0.0
0.0
0.0
0.0
0.0
0.0
0.0
0.0
0.0
0.0
0.0
0.0
0.0
0.0
0.0
0.0
0.0
