0.0
0.0
0.0
0.0
0.0
0.0
0.0
0.0
0.0
0.0
0.0
0.0
0.0
0.0
0.00830759234739
0.00683557494756
-8.881784197e-16
1.11022302463e-16
0.0
0.0
1.08420217249e-19
0.0
0.0
0.0
0.0
2.06795153138e-25
0.0
0.0
5.04870979341e-29
3.15544362088e-30
9.86076131526e-32
1.23259516441e-32
-1.92592994439e-34
0.0
0.0
0.0
0.0
0.0
0.0
0.0
0.0
0.0
0.0
0.0
0.0
0.0
0.0
0.0
0.0
0.0
0.0
0.0
0.0
0.0
0.0
0.0
0.0
0.0
0.0
0.0
0.0
0.0
0.0
0.0
0.0
0.0
0.0
0.0
0.0
0.0
0.0
0.0
0.0
0.0
0.0
0.0
0.0
0.0
0.0
0.0
0.0
0.0
0.0
0.0
0.0
0.0
0.0
0.0
0.0
0.0
0.0
0.0
0.0
0.0
0.0
0.0
0.0
0.0
0.0
0.0
0.0
0.0
0.0
0.0
0.0
0.0
0.0
0.0
0.0
0.0
0.0
0.0
0.0
0.0
0.0
0.0
0.0
0.0
0.0
0.0
0.0
0.0
0.0
0.0
0.0
0.0
0.0
0.0
0.0
0.0
0.0
0.0
0.0
0.0
0.0
0.0
0.0
0.0
0.0
0.0
-0.0119291117287
0.0
-0.00347633939311
0.00254422947085
0.0
0.0
0.0
0.0
-0.0098640986908
0.0
-0.00320185424359
0.000822831271879
0.0
0.0
0.0
0.0
-0.01164299678
0.0
-0.00731441274674
0.00298142315496
0.0
0.0
0.0
0.0
-0.00802709935423
0.0
-0.00540421887008
0.0
0.0
0.0
0.0
0.0
0.0
0.0
0.0
0.0
0.0
0.0
0.0
0.0
0.0
0.0
0.0
0.0
0.0
0.0
0.0
0.0
0.0
0.0
0.0
0.0
0.0
0.0
0.0
0.0
0.0
0.0
0.0
0.0
0.0
0.0
0.0
0.0
0.0
0.0
0.0
0.0
0.0
0.0
0.0
0.0
0.0
0.0
0.0
0.0
0.0
0.0
0.0
0.0
0.0
0.0
0.0
0.0
0.0
0.0
0.0
0.0
0.0
0.0
0.0
0.0
0.0
0.0
0.0
0.0
0.0
0.0
0.0
0.0
0.0
0.0
0.0
0.0
0.0
0.0
0.0
0.0
0.00434674887838
0.00476270740628
0.00783996587789
0.00636947188669
-0.00456926165068
0.00489660002456
0.00190533108219
0.000149950537801
0.00434674887838
0.00517645558976
0.00960517325892
0.0090427111738
0.00200882852229
0.00470102673832
-0.0112688634303
0.000315563189248
0.00434674887838
0.00475377522116
0.00789947216228
0.00645668266347
-0.00401761032644
0.00484686346996
0.00177618952509
0.000648423772642
0.00434674887838
0.00519832020979
0.00948186889531
0.00899856747894
0.00220562152393
0.00463028085056
-0.0101489835953
0.000192740449265
0.0
0.0
0.0
0.00421815959652
0.0
0.0
0.0
0.0
0.0
0.0
0.0
0.00421815959652
0.0
0.0
0.0
0.0
0.0
0.0
0.0
0.00421815959652
0.0
0.0
0.0
0.0
0.0
0.0
0.0
0.00421815959652
0.0
0.0
0.0
0.0
0.0
0.0
0.0
0.0
0.0
0.0
0.0
0.0
0.0
0.0
0.0
0.0
0.0
0.0
0.0
0.0
0.0
0.0
0.0
0.0
0.0
0.0
0.0
0.0
0.0
0.0
0.0
0.0
0.0
0.0
0.0
0.0
0.0
0.0
-0.0029914676219
0.0
-0.0632376445132
0.0
0.0
-0.0632376445132
0.0
0.0
-0.00856399360341
0.0
-0.0964429462694
0.0
0.0
-0.0964429462694
0.0
0.0
-0.00964053799239
0.0
-0.110137651922
0.0
0.0
-0.110137651922
0.0
0.0
-0.00846494856478
0.0
-0.14083567293
0.0
0.0
-0.14083567293
0.0
0.0
0.0
0.0
0.0
0.0
0.0
0.0
0.0
0.0
0.0
0.0
0.0
0.0
0.0
0.00361641547821
0.0
0.0
0.0
0.0
0.0
0.0
0.0
0.0
0.0
0.0
0.0
0.0
0.0
0.0
0.0
0.00600457984792
0.0
0.0
0.0
0.0
0.0
0.0
0.0
0.000511941176972
0.0
0.0
0.0
0.0
0.0
0.0
0.0
0.00724387040728
0.0
0.0
0.0
0.0
0.0
0.0
0.0
0.00066683426156
0.0
0.0
0.0
0.0
0.0
0.0
0.0
0.00810928447377
0.0
0.0
0.0
0.0
0.0
0.0
0.0
0.00202685140336
0.000648236247853
0.00120793270419
0.00238305578276
0.00238305578276
0.00238305578276
0.00238305578276
0.00238305578276
0.00238305578276
-0.00289423806257
-0.00587277673702
-0.034622240528
-0.034622240528
-0.034622240528
-0.034622240528
-0.034622240528
-0.034622240528
0.0
0.0
0.0
0.0
0.0
0.0
0.0
0.0
0.0
0.0
0.0
0.0
0.0
0.0
0.0
0.0
0.0
0.0
0.0
0.0
0.0
0.0
0.0
0.0
0.0
0.0
0.0
0.0
0.0
0.0
0.0
0.0
0.0
0.0
0.0
0.0
0.0
0.0
0.0
0.0
0.000451272204924
0.0
0.0
0.0
0.0
0.0
0.0
0.0
-0.0943547554626
-0.0943547554626
-0.0732641874765
-0.0732641874765
-0.0807662207009
-0.0807662207009
-0.0709888168024
-0.0709888168024
-0.0483387143673
-0.0483387143673
-0.0575445148057
-0.0575445148057
-0.0579384969388
-0.0579384969388
-0.0721940387433
-0.0721940387433
-0.0518937531842
-0.0518937531842
-0.0334852903823
-0.0334852903823
-0.0297272169025
-0.0297272169025
-0.0217617072741
-0.0217617072741
0.0
-0.0148232029246
-0.0148232029246
-0.0148232029246
-0.0235629225176
-0.0235629225176
-0.0235629225176
0.0
0.0
0.0
-0.0139204733694
-0.0139204733694
-0.0139204733694
-0.0139204733694
0.0
0.0
0.00473465971116
0.00424365744637
0.00341870050636
0.0
0.0
0.0
0.0
0.0
0.0
0.0
0.0
0.0
0.0
0.0
0.0
0.0
0.0
0.0
0.0
0.0
0.0
0.0
0.0
0.0
0.0
0.0
0.0
0.0
0.0
0.0
0.0
0.0
-0.0472324956807
-0.00607948079216
0.0
0.0
0.0
0.0
0.0
0.0
0.0
0.0
0.0
0.0
-0.152050467878
-0.0992964354369
-0.0789434357257
-0.0596254935006
0.0
0.0
0.0
0.0
0.0
0.0
0.0
0.0
-0.00399180709084
0.0
0.0
0.0
0.0
0.0
0.0
0.0
-0.127770643822
-0.100444296395
-0.0739248310819
-0.0504328861107
-0.00747576893048
-0.00747576893048
-0.00747576893048
-0.00747576893048
0.0
0.0
0.0
0.0
0.0
0.0
0.0
0.0
0.0
0.0
0.0
0.0
0.0
0.0
0.0
0.0
0.0
0.0
0.0
0.0
0.0
0.0
0.0
0.0
0.0
0.0
0.0
0.0
0.0
0.0
0.0
0.0
0.0
0.0
0.0
0.0
0.0
0.0
0.0
0.0
0.0
0.0
0.0
0.0
0.0
0.0
0.0
0.0
0.00414244023581
0.00374791564303
0.00389855983663
0.00330898276474
0.00257626413555
0.00103221894994
0.000386676604265
0.00187992035167
0.00378260688316
0.00367382319433
0.00521097406856
0.00605100746817
0.00401504783231
0.00245804440415
0.0016073020713
0.00162334543056
0.00535510601284
0.00589291332189
0.00459684434645
0.00408566193971
0.00276680836816
0.00178730587811
0.000785319387312
0.00167859711484
0.00343809234317
0.00295269358456
0.00592914033975
0.00642513153981
0.00452220912922
0.00262321145515
0.00132770271728
6.86079097452e-05
0.0
0.0
0.0
0.0
0.0
0.0
0.0
0.0
0.0
0.0
0.0
0.0
0.0
0.0
0.0
0.0
0.0
0.0
0.0
0.0
0.0
0.0
0.0
0.0
0.0
0.0
0.0
0.0
0.0
0.0
0.0
0.0
0.0
0.0
0.0
0.0
0.0
0.0
0.0
0.0
0.0
0.0
0.0
0.0
0.0
0.0
0.0
0.0
0.0
0.0
0.0
0.0
0.0
0.0
0.0
0.0
0.0
0.0
0.0
0.0
0.0
0.0
0.0
0.0
0.0
0.00173027983261
0.00445428151587
0.00562334904263
0.00568675625823
-0.00333253696776
0.00412720539893
-0.0111508582344
0.0
0.00122600474606
0.00417287179536
0.00525475820598
0.00326964928779
0.00370553790784
-0.00718208970985
-0.0125961878294
0.0
0.00173027983261
0.00439662768216
0.00514225834567
-0.000314337876962
-0.000723187915263
0.00410094457171
-0.0126878699302
0.0
0.00173027983261
0.0046925027335
0.00527753931725
-0.000136674593145
0.00395872366722
-0.0121755904409
-0.0125961878294
0.0
-9.55835394696e-05
0.0
-9.55835394696e-05
0.00492833199873
0.00716854536917
0.00422428510755
0.0037717721693
0.00230800955744
0.00481601716921
-0.00931074281807
0.00288392257306
0.00288392257306
0.00288392257306
-0.0126230083728
0.0
0.00105684003712
0.0017343896196
0.00331052755899
0.00441956294879
0.00387979512556
0.00389810761516
0.00168393217813
0.0
0.0
0.0
0.0
0.00115297498027
0.00395464212817
0.00712790542524
-0.00226991138939
0.0
0.0
0.0
0.0
0.0
0.0
0.0
0.0
0.0
0.0
0.0
0.0
0.0
0.0
0.0
0.0
0.0
0.0
0.0
-0.0128153647578
-0.0520860479821
-0.0733253421122
0.0
0.0
0.0
0.00304189220934
0.00554212894061
0.00544041072581
0.00411682334556
0.00440005613328
0.0
0.0
0.0
0.0
0.0
0.0
0.000576244777056
0.0
0.0
0.0
0.0
0.0
0.0
0.0
0.0
0.0
0.0
0.0
0.0
0.0
-0.0520860479821
0.0039160105356
0.0
0.0
0.0
0.0
0.0
0.0
0.0
0.0
0.0
0.0
0.0
0.0
0.0
0.0
0.0
0.0
0.0
0.0
0.0
0.0
0.0
0.0
0.0
0.0
0.0
0.0
0.00441165367091
0.0
0.00452885332576
-0.00160639932082
-0.00663091494663
-0.0105362710454
-0.0105362710454
-0.0105362710454
-0.0105362710454
-0.0105362710454
-0.0105362710454
0.0
0.0
-0.0134842681533
-0.0520860479821
0.0
0.0
0.0
-0.0520860479821
0.00122303488849
-0.060074976539
-0.116553078843
-0.206615159307
0.0
0.0
0.0
-0.208127965695
0.0010225306792
0.00329991285151
0.00390652147977
0.00306184376613
-0.215783996013
0.0
0.0
0.0
0.0100145621717
0.0100145621717
0.0100145621717
0.0100145621717
0.0100145621717
0.0100145621717
0.0100145621717
0.0100145621717
0.0
0.0
0.0
0.0
0.0
0.0
0.0
0.0
0.0
0.0
0.0
0.0
0.0
0.0
0.0
0.0
0.0
0.0
0.0
0.0
0.0
0.0
0.0
0.0
0.0
0.0
0.0
0.0
0.0
0.0
0.0
0.0
0.00107828492707
0.00107828492707
0.00107828492707
0.00107828492707
0.00107828492707
0.00107828492707
0.00107828492707
0.00107828492707
0.0
0.0
0.0
0.0
0.0
0.0
0.0
0.0
0.0
0.0
0.0
0.0
0.0
0.0
0.0
0.0
0.0
0.0
0.0
0.0
0.0
0.0
0.0
0.0
0.0
0.0
0.0
0.0
0.0
0.0
0.0
0.0
0.0
0.0
0.0
0.0
0.0
0.0
0.0
0.0
0.0
0.0
0.0
0.0
0.0
0.0
0.0101283727966
0.00733502928989
0.0
0.0
0.0
0.0
0.0
0.0
0.0
0.0
0.0
0.0
0.0
0.0
0.0
0.0
0.0
0.0
0.0
0.0
0.0
0.0
0.0
0.0
0.0
0.0
0.0
0.0
0.0
0.0
0.0
0.0
0.0
0.0
0.0
0.0
0.0
0.0
0.0
0.0
0.0
0.0
0.0
0.0
0.0
0.0
0.0
0.0
0.0
0.0
0.0
0.0
0.0
0.0
0.0
0.0
0.0
0.0
0.0
0.0
0.0
0.0
0.0
0.0
0.0
0.0
0.0
0.0
0.0
0.0
0.0
0.0
0.0
0.0
0.0
0.0
0.0
0.0
0.0
0.0
0.0
0.0
0.0
0.0
0.0
0.0
0.0
0.0
0.0
0.0
0.0
0.0
0.0
0.0
0.0
0.0
0.0
0.0
0.0
0.0
0.0
0.0
0.0
0.0
0.0
0.0
0.0
0.0
0.0
0.0
0.0
0.0
0.0
0.0
0.0
0.0
0.0
0.0
0.0
0.0
0.0
0.0
0.0
0.0
0.0
0.0
0.00324311020527
0.0
-0.00498570797297
-0.00973843366266
0.0
0.0
0.0
0.0
0.000119637439757
0.0
-0.0039046610049
-0.00539519402623
0.0
0.0
0.0
0.0
0.00424371497868
0.0
-0.00600204881614
-0.00965366357394
0.0
0.0
0.0
0.0
-0.00660247931709
0.0
-0.00997441398079
0.0
0.0
0.0
0.0
0.0
0.0
0.0
0.0
0.0
0.0
0.0
0.0
0.0
0.0
0.0
0.0
0.0
0.0
0.0
0.0
0.0
0.0
0.0
0.0
0.0
0.0
0.0
0.0
0.0
0.0
0.0
0.0
0.0
0.0
0.0
0.0
0.0
0.0
0.0
0.0
0.0
0.0
0.0
0.0
0.0
0.0
0.0
0.0
0.0
0.0
0.0
0.0
0.0
0.0
0.0
0.0
0.0
0.0
0.0
0.0
0.0
0.0
0.0
0.0
0.0
0.0
0.0
0.0
0.0
0.0
0.0
0.0
0.0
0.0
0.0
0.0
0.0
0.0
0.0
0.0
0.0
0.00397800189461
0.00505818913805
0.00567352419324
0.000155920380867
0.00532682901205
-0.00595955555244
-0.010595435008
0.0
0.00397800189461
0.0045970903959
0.00481574551041
0.0029249527871
0.00744327141762
-0.00608498252714
0.00469291573398
-0.00219627566928
0.00397800189461
0.00510400491924
0.00561050196874
0.000303350850478
0.00529717080449
-0.00570000298534
-0.00970805051419
-0.00289509603923
0.00397800189461
0.00471387843392
0.00478131730559
0.00284825565876
0.00735873267655
-0.00553657181147
0.00459958223805
-0.00119809163314
0.0
0.0
0.0
0.00401290878246
0.0
0.0
0.0
0.0
0.0
0.0
0.0
0.00401290878246
0.0
0.0
0.0
0.0
0.0
0.0
0.0
0.00401290878246
0.0
0.0
0.0
0.0
0.0
0.0
0.0
0.00401290878246
0.0
0.0
0.0
0.0
0.0
0.0
0.0
0.0
0.0
0.0
0.0
0.0
0.0
0.0
0.0
0.0
0.0
0.0
0.0
0.0
0.0
0.0
0.0
0.0
0.0
0.0
0.0
0.0
0.0
0.0
0.0
0.0
0.0
0.0
0.0
0.0
0.0
0.0
-0.0632376445132
0.0
-0.0029914676219
0.0
0.0
-0.0029914676219
0.0
0.0
-0.0964429462694
0.0
-0.00856399360341
0.0
0.0
-0.00856399360341
0.0
0.0
-0.110137651922
0.0
-0.00964053799239
0.0
0.0
-0.00964053799239
0.0
0.0
-0.14083567293
0.0
-0.00846494856478
0.0
0.0
-0.00846494856478
0.0
0.0
0.0
0.0
0.0
0.0
0.0
0.0
0.0
0.0
0.0
0.0
0.0
0.0
0.0
-0.00572298437388
0.0
0.0
0.0
0.0
0.0
0.0
0.0
0.0
0.0
0.0
0.0
0.0
0.0
0.0
0.0
-0.0022302965056
0.0
0.0
0.0
0.0
0.0
0.0
0.0
0.00120793270419
0.0
0.0
0.0
0.0
0.0
0.0
0.0
-0.000410467169268
0.0
0.0
0.0
0.0
0.0
0.0
0.0
0.000648236247853
0.0
0.0
0.0
0.0
0.0
0.0
0.0
-0.0320790147486
0.0
0.0
0.0
0.0
0.0
0.0
0.0
0.00195115048052
0.00066683426156
0.000511941176972
0.00208083360427
0.00208083360427
0.00208083360427
0.00208083360427
0.00208083360427
0.00208083360427
0.00777522349715
0.00632255789398
0.0080321415828
0.0080321415828
0.0080321415828
0.0080321415828
0.0080321415828
0.0080321415828
0.0
0.0
0.0
0.0
0.0
0.0
0.0
0.0
0.0
0.0
0.0
0.0
0.0
0.0
0.0
0.0
0.0
0.0
0.0
0.0
0.0
0.0
0.0
0.0
0.0
0.0
0.0
0.0
0.0
0.0
0.0
0.0
0.0
-0.00879998034287
0.0
-0.00879998034287
0.0
0.0
0.0
0.0
0.000244443345356
0.0
0.0
0.0
0.0
0.0
0.0
0.0
-0.00747576893048
-0.00747576893048
-0.00463879785435
-0.00463879785435
-0.0061771395093
-0.0061771395093
-0.00308208813229
-0.00308208813229
-0.00182858520482
-0.00182858520482
-0.00409281954167
-0.00409281954167
-0.00257484173715
-0.00257484173715
-0.00656388950386
-0.00656388950386
-0.00575191965876
-0.00575191965876
-0.000822549680436
-0.000822549680436
-0.00133719499687
-0.00133719499687
-0.000430592780602
-0.000430592780602
0.0
-0.00103090341286
-0.00103090341286
-0.00103090341286
-0.0012648459219
-0.0012648459219
-0.0012648459219
0.0
0.0
0.0
-0.00117464545403
-0.00117464545403
-0.00117464545403
-0.00117464545403
0.0
0.0
0.00555245357972
0.00355560262818
0.000975525005632
0.0
0.0
0.0
0.0
0.0
0.0
0.0
0.0
0.0
0.0
0.0
0.0
0.0
0.0
0.0
0.0
0.0
0.0
0.0
0.0
0.0
0.0
0.0
0.0
0.0
0.0
0.0
0.0
0.0
-0.00607948079216
0.0
0.0
0.0
0.0
0.0
0.0
0.0
0.0
0.0
0.0
0.0
-0.14867469578
-0.0990450536271
-0.0596254935006
-0.0476146132577
0.0
0.0
0.0
0.0
0.0
0.0
0.0
0.0
-0.00617842185405
-0.00399180709084
0.0
0.0
0.0
0.0
0.0
0.0
-0.156107696758
-0.120489963703
-0.099035020207
-0.090202599138
-0.0943547554626
-0.0943547554626
-0.0943547554626
-0.0943547554626
0.0
0.0
0.0
0.0
0.0
0.0
0.0
0.0
0.0
0.0
0.0
0.0
0.0
0.0
0.0
0.0
0.0
0.0
0.0
0.0
0.0
0.0
0.0
0.0
0.0
0.0
0.0
0.0
0.0
0.0
0.0
0.0
0.0
0.0
0.0
0.0
0.0
0.0
0.0
0.0
0.0
0.0
0.0
0.0
0.0
0.0
0.0
0.0
0.00400760355457
0.00268741496836
-0.000178364889421
-0.00215996801863
-0.00469702759513
-0.0072537435229
-0.00256896458704
-0.00776322120281
0.00376575107219
0.00418505715221
0.00416689180668
-0.000104405970405
-0.00330611324577
-0.00681236178128
-0.0111251977608
-0.00142695308725
0.00530574921866
0.00363410240971
0.00122590562311
-0.00227963033227
-0.00345814921658
-0.0055037043562
-0.00537663104966
-0.00885107537046
0.00355836935723
0.00530684263643
0.00520363230594
0.00178817123195
-0.00299762070754
-0.00536941541288
-0.0111393541448
-0.00119809163314
0.0
0.0
0.0
0.0
0.0
0.0
0.0
0.0
0.0
0.0
0.0
0.0
0.0
0.0
0.0
0.0
0.0
0.0
0.0
0.0
0.0
0.0
0.0
0.0
0.0
0.0
0.0
0.0
0.0
0.0
0.0
0.0
0.0
0.0
0.0
0.0
0.0
0.0
0.0
0.0
0.0
0.0
0.0
0.0
0.0
0.0
0.0
0.0
0.0
0.0
0.0
0.0
0.0
0.0
0.0
0.0
0.0
0.0
0.0
0.0
0.0
0.0
0.0
0.0
0.0
0.00148803103265
0.00333405791115
0.00311285154494
0.000559680068684
0.00476493413535
-0.00358546247358
0.00204116592593
0.0
0.00172888520383
0.0036739332061
0.00296176533672
0.000231693393986
-0.00232521479604
0.00198217801952
0.00260428990015
0.0
0.00148803103265
0.00340680530723
0.00281705254983
0.00573029932785
0.00448325014684
-0.00266219709266
0.00235089485065
0.0
0.00148803103265
0.00378813671642
0.00361191604208
0.00476104385943
-0.00446420840122
0.00261080711204
0.00261080711204
0.000685786595823
-0.000182158278247
-9.55835394696e-05
0.000733499690874
0.00381574682319
0.00335123060888
-6.35682237939e-05
-0.000123660006442
0.00756604953975
-0.000913634291472
0.0047586869298
-0.00804406579922
-0.0126230083728
-0.0126230083728
0.00288392257306
0.0
0.00149494704632
0.000682412737846
0.00267220578769
0.00263175230813
0.00163832186598
0.00179040417977
0.00389810761516
0.0
0.0
0.0
0.0
0.00108700466104
0.0037143650546
0.00676816081664
0.00608527344412
0.0
0.0
0.0
0.0
0.0
0.0
0.0
0.0
0.0
0.0
0.0
0.0
0.0
0.0
0.0
0.0
0.0
0.0
0.0
0.00292230973643
0.00478568743311
0.00818166596996
0.0
0.0
0.0
0.0032505594704
0.00115830189174
0.00605908735309
0.00440005613328
-0.00735978015585
0.0
0.0
0.0
0.0
0.0
0.0
0.000744011681256
0.0
0.0
0.0
0.0
0.0
0.0
0.0
0.0
0.0
0.0
0.0
0.0
0.0
0.00520297889868
-0.00735978015585
0.0
0.0
0.0
0.0
0.0
0.0
0.0
0.0
0.0
0.0
0.0
0.0
0.0
0.0
0.0
0.0
0.0
0.0
0.0
0.0
0.0
0.0
0.0
0.0
0.0
0.0
-0.00735978015585
0.0
0.00441165367091
-0.00518860341337
-0.016444512973
-0.0159081870107
-0.0159081870107
-0.0159081870107
-0.0159081870107
-0.0159081870107
-0.0159081870107
0.0
0.0
0.0027869672215
0.00313122430532
0.0
0.0
0.0
0.00471439227647
0.00288562504435
0.00330596808796
0.00432890849213
0.00285413930498
0.0
0.0
0.0
0.00583514177896
0.00281421999728
0.00117722904998
0.00581350466306
0.00595895551302
0.00306184376613
0.0
0.0
0.0
-0.215783996013
-0.215783996013
-0.215783996013
-0.215783996013
-0.215783996013
-0.215783996013
-0.215783996013
-0.215783996013
0.0
0.0
0.0
0.0
0.0
0.0
0.0
0.0
0.0
0.0
0.0
0.0
0.0
0.0
0.0
0.0
0.0
0.0
0.0
0.0
0.0
0.0
0.0
0.0
0.0
0.0
0.0
0.0
0.0
0.0
0.0
0.0
0.00063710120406
0.00063710120406
0.00063710120406
0.00063710120406
0.00063710120406
0.00063710120406
0.00063710120406
0.00063710120406
0.0
0.0
0.0
0.0
0.0
0.0
0.0
0.0
0.0
0.0
0.0
0.0
0.0
0.0
0.0
0.0
0.0
0.0
0.0
0.0
0.0
0.0
0.0
0.0
0.0
0.0
0.0
0.0
0.0
0.0
0.0
0.0
