0.0
0.0
0.0
0.0
0.0
0.0
0.0
0.0
0.0
0.0
0.0
0.0
0.0
0.0
-0.00175736095309
-0.00315474666505
-6.24500451352e-17
9.71445146547e-17
-2.77555756156e-17
-2.77555756156e-16
-5.55111512313e-17
-1.11022302463e-16
0.0
5.55111512313e-17
0.0
-3.46944695195e-17
-3.46944695195e-18
3.46944695195e-18
8.67361737988e-19
0.0
-4.33680868994e-19
-5.42101086243e-20
2.71050543121e-20
3.38813178902e-21
-8.47032947254e-22
6.35274710441e-22
-5.29395592034e-23
-6.61744490042e-24
1.65436122511e-24
0.0
-1.03397576569e-25
-5.16987882846e-26
0.0
-1.61558713389e-27
0.0
0.0
0.0
0.0
9.86076131526e-32
-1.23259516441e-32
1.54074395551e-33
0.0
1.20370621524e-35
1.50463276905e-36
-3.76158192263e-37
0.0
0.0
-3.67341984632e-40
-1.60712118276e-40
6.42848473106e-40
8.69567354246e-40
0.0
-1.95150429336e-40
0.0
0.0
0.0
0.0
0.0
0.0
0.0
0.0
0.0
0.0
0.0
0.0
0.0
0.0
0.0
0.0
0.0
0.0
0.0
0.0
0.0
0.0
0.0
0.0
0.0
0.0
0.0
0.0
0.0
0.0
0.0
0.0
0.0
0.0
0.0
0.0
0.0
0.0
0.0
0.0
0.0
0.0
0.0
0.0
0.0
0.0
0.0
0.0
0.0
0.0
0.0
0.0
0.0
0.0
0.0
0.0
0.0
0.0
0.0
0.0
0.0
0.0
0.0
0.0
0.0
0.0
0.0
0.0
0.0
0.0
0.0
0.0
0.0
0.0
0.0
0.0
0.0
0.0373477823263
0.0
0.000435052423818
-0.0341850758419
0.0
0.0
0.0
0.0
0.0854493384925
0.0
0.0147566616616
-0.0356058068414
0.0
0.0
0.0
0.0
0.0725238226413
0.0
-0.000147874752829
-0.0426465865529
0.0
0.0
0.0
0.0
-0.0894579968506
0.0
0.0296261388021
0.0
0.0
0.0
0.0
0.0
0.0
0.0
0.0
0.0
0.0
0.0
0.0
0.0
0.0
0.0
0.0
0.0
0.0
0.0
0.0
0.0
0.0
0.0
0.0
0.0
0.0
0.0
0.0
0.0
0.0
0.0
0.0
0.0
0.0
0.0
0.0
0.0
0.0
0.0
0.0
0.0
0.0
0.0
0.0
0.0
0.0
0.0
0.0
0.0
0.0
0.0
0.0
0.0
0.0
0.0
0.0
0.0
0.0
0.0
0.0
0.0
0.0
0.0
0.0
0.0
0.0
0.0
0.0
0.0
0.0
0.0
0.0
0.0
0.0
0.0
0.0
0.0
0.0
0.0
0.0
0.0
0.0532456301002
0.0197074336006
0.00856476661416
0.0101050710974
0.0323079228855
-0.0184583056013
0.0038288655255
0.000250167354432
0.0532456301002
0.0368440863724
0.0482362524273
0.0444832399365
0.0785771912416
0.0320761956513
0.0689370557779
-0.000216465363167
0.0532456301002
0.020456199276
0.00876134945086
0.0103113545131
0.0364835275614
-0.0178151444813
0.00363503491269
0.000856502719179
0.0532456301002
0.0366538740716
0.0463061243283
0.0438347406644
0.0776985919441
0.032012400131
0.0672083937902
0.000133932800196
0.0
0.0
0.0
0.0542173929593
0.0
0.0
0.0
0.0
0.0
0.0
0.0
0.0542173929593
0.0
0.0
0.0
0.0
0.0
0.0
0.0
0.0542173929593
0.0
0.0
0.0
0.0
0.0
0.0
0.0
0.0542173929593
0.0
0.0
0.0
0.0
0.0
0.0
0.0
0.0
0.0
0.0
0.0
0.0
0.0
0.0
0.0
0.0
0.0
0.0
0.0
0.0
0.0
0.0
0.0
0.0
0.0
0.0
0.0
0.0
0.0
0.0
0.0
0.0
0.0
0.0
0.0
0.0
0.0
0.0
0.0550171920972
0.0
-0.00154341618151
0.0
0.0
-0.00154341618151
0.0
0.0
0.0621754311311
0.0
-0.0009241334237
0.0
0.0
-0.0009241334237
0.0
0.0
0.0782682717694
0.0
-0.00190520789377
0.0
0.0
-0.00190520789377
0.0
0.0
0.0974690718716
0.0
0.000715124124848
0.0
0.0
0.000715124124848
0.0
0.0
0.0
0.0
0.0
0.0
0.0
0.0
0.0
0.0
0.0
0.0
0.0
0.0
0.0
0.00667769415351
0.0
0.0
0.0
0.0
0.0
0.0
0.0
0.0
0.0
0.0
0.0
0.0
0.0
0.0
0.0
0.00158312595455
0.0
0.0
0.0
0.0
0.0
0.0
0.0
-0.00655953464822
0.0
0.0
0.0
0.0
0.0
0.0
0.0
0.00168699636024
0.0
0.0
0.0
0.0
0.0
0.0
0.0
-0.00260793438151
0.0
0.0
0.0
0.0
0.0
0.0
0.0
0.00281630378766
0.0
0.0
0.0
0.0
0.0
0.0
0.0
-0.00780095085179
-0.000384314217261
-0.00161632138133
-0.00441708198341
-0.00441708198341
-0.00441708198341
-0.00441708198341
-0.00441708198341
-0.00441708198341
0.00138809530895
-0.00154362497878
0.00496277311473
0.00496277311473
0.00496277311473
0.00496277311473
0.00496277311473
0.00496277311473
0.0
0.0
0.0
0.0
0.0
0.0
0.0
0.0
0.0
0.0
0.0
0.0
0.0
0.0
0.0
0.0
0.0
0.0
0.0
0.0
0.0
0.0
0.0
0.0
0.0
0.0
0.0
0.0
0.0
0.0
0.0
0.0
0.0
0.0
0.0
0.0
0.0
0.0
0.0
0.0
-0.00250023572929
0.0
0.0
0.0
0.0
0.0
0.0
0.0
0.00226427238804
0.00226427238804
-0.000231587203596
-0.000231587203596
0.000334443003567
0.000334443003567
-0.000709269004838
-0.000709269004838
-0.00127581866123
-0.00127581866123
1.58009695743e-05
1.58009695743e-05
-0.00148206035942
-0.00148206035942
-0.00202601633301
-0.00202601633301
-0.000595232123501
-0.000595232123501
-0.000468645810691
-0.000468645810691
-6.94321666105e-05
-6.94321666105e-05
-0.000872077203868
-0.000872077203868
0.0
-0.000852281618776
-0.000852281618776
-0.000852281618776
-0.000164636801775
-0.000164636801775
-0.000164636801775
0.0
0.0
0.0
-0.000765639513094
-0.000765639513094
-0.000765639513094
-0.000765639513094
0.0
0.0
0.00188261541999
-0.00230476751121
-0.00134231968749
0.0
0.0
0.0
0.0
0.0
0.0
0.0
0.0
0.0
0.0
0.0
0.0
0.0
0.0
0.0
0.0
0.0
0.0
0.0
0.0
0.0
0.0
0.0
0.0
0.0
0.0
0.0
0.0
0.0
-0.000755785249909
-0.00015721458786
0.0
0.0
0.0
0.0
0.0
0.0
0.0
0.0
0.0
0.0
-0.000164260861947
-0.00136520546752
-0.00105803098274
-0.000919618060331
0.0
0.0
0.0
0.0
0.0
0.0
0.0
0.0
0.0601708208111
0.0
0.0
0.0
0.0
0.0
0.0
0.0
-0.00176168204673
0.000376810398424
-0.0016806170757
-0.000340984232191
0.000495584387085
0.000495584387085
0.000495584387085
0.000495584387085
0.0
0.0
0.0
0.0
0.0
0.0
0.0
0.0
0.0
0.0
0.0
0.0
0.0
0.0
0.0
0.0
0.0
0.0
0.0
0.0
0.0
0.0
0.0
0.0
0.0
0.0
0.0
0.0
0.0
0.0
0.0
0.0
0.0
0.0
0.0
0.0
0.0
0.0
0.0
0.0
0.0
0.0
0.0
0.0
0.0
0.0
0.0
0.0
-0.0228983743896
-0.0199695137266
-0.0300663592813
-0.0561801701616
-0.0742991230983
-0.060957714213
-0.0168541472266
-0.0409018096183
-0.00360925690271
-0.0110131385736
-0.027194404679
-0.08323071953
-0.10326420669
-0.0894729881037
-0.0569499167994
-0.0292401374198
-0.0132119892086
-0.0175588924606
-0.0308570491826
-0.0724542103822
-0.0830637019382
-0.0615176679592
-0.0277041272234
-0.0305200529523
0.00325329524153
0.00262891805615
-0.00773985908895
-0.081256437203
-0.111855040669
-0.0907378113619
-0.0575671039667
-0.00809847725319
0.0
0.0
0.0
0.0
0.0
0.0
0.0
0.0
0.0
0.0
0.0
0.0
0.0
0.0
0.0
0.0
0.0
0.0
0.0
0.0
0.0
0.0
0.0
0.0
0.0
0.0
0.0
0.0
0.0
0.0
0.0
0.0
0.0
0.0
0.0
0.0
0.0
0.0
0.0
0.0
0.0
0.0
0.0
0.0
0.0
0.0
0.0
0.0
0.0
0.0
0.0
0.0
0.0
0.0
0.0
0.0
0.0
0.0
0.0
0.0
0.0
0.0
0.0
0.0
0.0
0.0331852198745
0.00329034960003
-0.103548435944
-0.105247927227
-0.0164261743888
-0.098769128152
-0.11514792524
0.0
0.0329541416279
0.00184985888593
-0.0887239886149
-0.0900475317721
-0.0848748452643
0.0139471805512
-0.0227735389118
0.0
0.0331852198745
0.0042636881879
-0.0959805133234
-0.0466556736416
-0.0185169713525
-0.0815237801529
-0.0831965846347
0.0
0.0331852198745
0.00351689941954
-0.0937250743055
-0.0969108333916
-0.0927089102672
-0.0222315250868
-0.0227735389118
0.0
0.00676360430157
0.0
0.00676360430157
0.0135480595137
0.00224093598367
0.00315380267
0.00694900941034
0.0300791224882
-0.00919745170514
0.0893998447644
-0.0106323257258
-0.0106323257258
-0.0106323257258
-0.0792273944746
0.0
0.00254772066259
0.013248258326
0.00841081030259
0.00700406536697
0.0068233753583
0.00704572073262
0.0720567861731
0.0
0.0
0.0
0.0
0.000460709065289
0.00543744709014
0.0080857148574
0.081093755091
0.0
0.0
0.0
0.0
0.0
0.0
0.0
0.0
0.0
0.0
0.0
0.0
0.0
0.0
0.0
0.0
0.0
0.0
0.0
0.00932200984352
0.00747904634433
-0.000991497103172
0.0
0.0
0.0
0.00109895643545
0.00199334044417
0.00247509107245
0.00199852838569
0.00216455143049
0.0
0.0
0.0
0.0
0.0
0.0
0.0067835944433
0.0
0.0
0.0
0.0
0.0
0.0
0.0
0.0
0.0
0.0
0.0
0.0
0.0
0.00747904634433
0.00149083634549
0.0
0.0
0.0
0.0
0.0
0.0
0.0
0.0
0.0
0.0
0.0
0.0
0.0
0.0
0.0
0.0
0.0
0.0
0.0
0.0
0.0
0.0
0.0
0.0
0.0
0.0
0.00988451986679
0.0
0.000334510960037
-0.0179347458333
-0.0705878751863
-0.115320956015
-0.115320956015
-0.115320956015
-0.115320956015
-0.115320956015
-0.115320956015
0.0
0.0
0.00718116368225
0.00747904634433
0.0
0.0
0.0
0.00747904634433
0.00544722777629
0.00250292341713
-2.81413133419e-05
-0.00109295979469
0.0
0.0
0.0
-0.00133815077027
0.00556351198415
0.00442100505291
0.00134329191687
0.00111152033444
-0.0013743935675
0.0
0.0
0.0
0.0118109872393
0.0118109872393
0.0118109872393
0.0118109872393
0.0118109872393
0.0118109872393
0.0118109872393
0.0118109872393
0.0
0.0
0.0
0.0
0.0
0.0
0.0
0.0
0.0
0.0
0.0
0.0
0.0
0.0
0.0
0.0
0.0
0.0
0.0
0.0
0.0
0.0
0.0
0.0
0.0
0.0
0.0
0.0
0.0
0.0
0.0
0.0
0.00172638225427
0.00172638225427
0.00172638225427
0.00172638225427
0.00172638225427
0.00172638225427
0.00172638225427
0.00172638225427
0.0
0.0
0.0
0.0
0.0
0.0
0.0
0.0
0.0
0.0
0.0
0.0
0.0
0.0
0.0
0.0
0.0
0.0
0.0
0.0
0.0
0.0
0.0
0.0
0.0
0.0
0.0
0.0
0.0
0.0
0.0
0.0
0.0
0.0
0.0
0.0
0.0
0.0
0.0
0.0
0.0
0.0
0.0
0.0
0.0
0.0
-0.00298317214207
-0.000958403557509
0.0
0.0
0.0
0.0
0.0
0.0
0.0
0.0
0.0
0.0
0.0
0.0
0.0
0.0
0.0
0.0
0.0
0.0
0.0
0.0
0.0
0.0
0.0
0.0
0.0
0.0
0.0
0.0
0.0
0.0
0.0
0.0
0.0
0.0
0.0
0.0
0.0
0.0
0.0
0.0
0.0
0.0
0.0
0.0
0.0
0.0
0.0
0.0
0.0
0.0
0.0
0.0
0.0
0.0
0.0
0.0
0.0
0.0
0.0
0.0
0.0
0.0
0.0
0.0
0.0
0.0
0.0
0.0
0.0
0.0
0.0
0.0
0.0
0.0
0.0
0.0
0.0
0.0
0.0
0.0
0.0
0.0
0.0
0.0
0.0
0.0
0.0
0.0
0.0
0.0
0.0
0.0
0.0
0.0
0.0
0.0
0.0
0.0
0.0
0.0
0.0
0.0
0.0
0.0
0.0
0.0
0.0
0.0
0.0
0.0
0.0
0.0
0.0
0.0
0.0
0.0
0.0
0.0
0.0
0.0
0.0
0.0
0.0
0.0
-0.0489217372649
0.0
-0.00189184552341
0.0414517718919
0.0
0.0
0.0
0.0
-0.0443707167474
0.0
0.000801574736795
0.051213037757
0.0
0.0
0.0
0.0
-0.0551243928641
0.0
0.00187667642658
0.0653145266244
0.0
0.0
0.0
0.0
-0.00051660741831
0.0
-0.000870205005778
0.0
0.0
0.0
0.0
0.0
0.0
0.0
0.0
0.0
0.0
0.0
0.0
0.0
0.0
0.0
0.0
0.0
0.0
0.0
0.0
0.0
0.0
0.0
0.0
0.0
0.0
0.0
0.0
0.0
0.0
0.0
0.0
0.0
0.0
0.0
0.0
0.0
0.0
0.0
0.0
0.0
0.0
0.0
0.0
0.0
0.0
0.0
0.0
0.0
0.0
0.0
0.0
0.0
0.0
0.0
0.0
0.0
0.0
0.0
0.0
0.0
0.0
0.0
0.0
0.0
0.0
0.0
0.0
0.0
0.0
0.0
0.0
0.0
0.0
0.0
0.0
0.0
0.0
0.0
0.0
0.0
0.0517752182724
0.0225249165893
0.0375392457916
0.0137398266486
-0.0151377105316
0.106778088633
-0.0954447260281
0.0
0.0517752182724
0.0237734401673
0.0283188730566
0.0589516319633
0.0312548284676
0.111866670121
0.0321207431196
-0.00934926864798
0.0517752182724
0.0218145927308
0.0394603064431
0.0164074624139
-0.0145663048825
0.101028082105
-0.0887596982865
-0.0115591372471
0.0517752182724
0.023194183289
0.0314514459143
0.0599318003119
0.0320940136594
0.105649345726
0.0320804286481
-0.00201553663333
0.0
0.0
0.0
0.0373401227567
0.0
0.0
0.0
0.0
0.0
0.0
0.0
0.0373401227567
0.0
0.0
0.0
0.0
0.0
0.0
0.0
0.0373401227567
0.0
0.0
0.0
0.0
0.0
0.0
0.0
0.0373401227567
0.0
0.0
0.0
0.0
0.0
0.0
0.0
0.0
0.0
0.0
0.0
0.0
0.0
0.0
0.0
0.0
0.0
0.0
0.0
0.0
0.0
0.0
0.0
0.0
0.0
0.0
0.0
0.0
0.0
0.0
0.0
0.0
0.0
0.0
0.0
0.0
0.0
0.0
-0.00154341618151
0.0
0.0550171920972
0.0
0.0
0.0550171920972
0.0
0.0
-0.0009241334237
0.0
0.0621754311311
0.0
0.0
0.0621754311311
0.0
0.0
-0.00190520789377
0.0
0.0782682717694
0.0
0.0
0.0782682717694
0.0
0.0
0.000715124124848
0.0
0.0974690718716
0.0
0.0
0.0974690718716
0.0
0.0
0.0
0.0
0.0
0.0
0.0
0.0
0.0
0.0
0.0
0.0
0.0
0.0
0.0
0.000984428896533
0.0
0.0
0.0
0.0
0.0
0.0
0.0
0.0
0.0
0.0
0.0
0.0
0.0
0.0
0.0
-0.000322097138763
0.0
0.0
0.0
0.0
0.0
0.0
0.0
-0.00161632138133
0.0
0.0
0.0
0.0
0.0
0.0
0.0
0.000291492421842
0.0
0.0
0.0
0.0
0.0
0.0
0.0
-0.000384314217261
0.0
0.0
0.0
0.0
0.0
0.0
0.0
0.0025705490521
0.0
0.0
0.0
0.0
0.0
0.0
0.0
-0.00426812638626
-0.00260793438151
-0.00655953464822
-0.0104486619722
-0.0104486619722
-0.0104486619722
-0.0104486619722
-0.0104486619722
-0.0104486619722
0.00408261304065
0.00281972298763
0.00461675605045
0.00461675605045
0.00461675605045
0.00461675605045
0.00461675605045
0.00461675605045
0.0
0.0
0.0
0.0
0.0
0.0
0.0
0.0
0.0
0.0
0.0
0.0
0.0
0.0
0.0
0.0
0.0
0.0
0.0
0.0
0.0
0.0
0.0
0.0
0.0
0.0
0.0
0.0
0.0
0.0
0.0
0.0
0.0
1.89433900979e-06
0.0
1.89433900979e-06
0.0
0.0
0.0
0.0
9.73582483758e-05
0.0
0.0
0.0
0.0
0.0
0.0
0.0
0.000495584387085
0.000495584387085
-0.00035058547092
-0.00035058547092
-0.00053524624624
-0.00053524624624
0.000174201748918
0.000174201748918
0.000904768575421
0.000904768575421
-0.000589901707403
-0.000589901707403
0.00110468217127
0.00110468217127
0.00060049578105
0.00060049578105
6.73014606365e-05
6.73014606365e-05
0.000511254495136
0.000511254495136
-6.93330550588e-05
-6.93330550588e-05
0.000484043433036
0.000484043433036
0.0
-0.00253397542814
-0.00253397542814
-0.00253397542814
0.000152099299646
0.000152099299646
0.000152099299646
0.0
0.0
0.0
9.25826876318e-05
9.25826876318e-05
9.25826876318e-05
9.25826876318e-05
0.0
0.0
-0.00297167907359
-0.00186210439046
-0.00220089304589
0.0
0.0
0.0
0.0
0.0
0.0
0.0
0.0
0.0
0.0
0.0
0.0
0.0
0.0
0.0
0.0
0.0
0.0
0.0
0.0
0.0
0.0
0.0
0.0
0.0
0.0
0.0
0.0
0.0
-0.00015721458786
0.0
0.0
0.0
0.0
0.0
0.0
0.0
0.0
0.0
0.0
0.0
-0.00210863448384
-0.00140179685362
-0.000919618060331
-0.000768443194898
0.0
0.0
0.0
0.0
0.0
0.0
0.0
0.0
0.0822525344627
0.0601708208111
0.0
0.0
0.0
0.0
0.0
0.0
3.84007352952e-05
-0.000710265319148
0.0014959068953
0.00213934889093
0.00226427238804
0.00226427238804
0.00226427238804
0.00226427238804
0.0
0.0
0.0
0.0
0.0
0.0
0.0
0.0
0.0
0.0
0.0
0.0
0.0
0.0
0.0
0.0
0.0
0.0
0.0
0.0
0.0
0.0
0.0
0.0
0.0
0.0
0.0
0.0
0.0
0.0
0.0
0.0
0.0
0.0
0.0
0.0
0.0
0.0
0.0
0.0
0.0
0.0
0.0
0.0
0.0
0.0
0.0
0.0
-0.0354196187699
-0.0667450223661
-0.0962747968272
-0.10186140269
-0.0916852385815
-0.0751979153276
-0.0117186312225
-0.087473844859
-0.0230157509259
-0.0449664729629
-0.0991196182015
-0.0829403758218
-0.0291422935326
-0.0170725592154
-0.115549962717
-0.00357163077505
-0.028549868663
-0.0570172560194
-0.0932496706704
-0.088774163237
-0.0711665988742
-0.0486900562141
-0.0455933055191
-0.0642669969119
-0.0206917381333
-0.0513213749335
-0.12295421793
-0.104930214911
-0.0198280749544
-8.02114604928e-05
-0.116010474149
-0.00201553663333
0.0
0.0
0.0
0.0
0.0
0.0
0.0
0.0
0.0
0.0
0.0
0.0
0.0
0.0
0.0
0.0
0.0
0.0
0.0
0.0
0.0
0.0
0.0
0.0
0.0
0.0
0.0
0.0
0.0
0.0
0.0
0.0
0.0
0.0
0.0
0.0
0.0
0.0
0.0
0.0
0.0
0.0
0.0
0.0
0.0
0.0
0.0
0.0
0.0
0.0
0.0
0.0
0.0
0.0
0.0
0.0
0.0
0.0
0.0
0.0
0.0
0.0
0.0
0.0
0.0
0.0155283711402
-0.0590661788523
-0.106983018457
-0.0934842287216
-0.100635307846
-0.0111109386409
-0.0694039715737
0.0
0.0163134452686
-0.0354992380282
-0.0643197482555
-0.042895271416
-0.0155414422846
-0.0819390753155
-0.0849420397903
0.0
0.0155283711402
-0.0512993375974
-0.0755947989974
-0.117405741091
-0.0844849723632
-0.0420871742025
-0.0607546647102
0.0
0.0155283711402
-0.0685683791577
-0.114026898706
-0.128504440376
-0.0187723702543
-0.0905542891877
-0.0905542891877
0.00109257469863
0.00230404563643
0.00676360430157
0.00117326981333
0.00380091124517
0.045861097959
0.0404262851124
0.0182824108109
0.00251647490064
0.0263271382733
-0.00845922235342
-0.0434421168721
-0.0792273944746
-0.0792273944746
-0.0106323257258
0.0
0.0162514399178
0.0299972293172
0.0504626086128
0.069219837149
0.0680478951775
0.0726702956052
0.00704572073262
0.0
0.0
0.0
0.0
0.000430010237701
0.00146511679371
0.00279347657696
0.00306256135609
0.0
0.0
0.0
0.0
0.0
0.0
0.0
0.0
0.0
0.0
0.0
0.0
0.0
0.0
0.0
0.0
0.0
0.0
0.0
0.014179204534
0.00515339319993
0.00427925416284
0.0
0.0
0.0
0.00126211209542
0.00519295092303
0.00296190391072
0.00216455143049
0.102207529208
0.0
0.0
0.0
0.0
0.0
0.0
0.0272080555998
0.0
0.0
0.0
0.0
0.0
0.0
0.0
0.0
0.0
0.0
0.0
0.0
0.0
0.00289458628427
0.102207529208
0.0
0.0
0.0
0.0
0.0
0.0
0.0
0.0
0.0
0.0
0.0
0.0
0.0
0.0
0.0
0.0
0.0
0.0
0.0
0.0
0.0
0.0
0.0
0.0
0.0
0.0
0.102207529208
0.0
0.00988451986679
-3.88403907884e-05
-0.0003745500255
-0.000635162605551
-0.000635162605551
-0.000635162605551
-0.000635162605551
-0.000635162605551
-0.000635162605551
0.0
0.0
0.0065222041153
0.0027847067668
0.0
0.0
0.0
0.00321023161772
0.000969729000423
0.00507002015596
0.00071072852671
-0.00101188126337
0.0
0.0
0.0
2.6884379103e-05
0.000833194447568
0.00254422206763
0.00141833711685
-0.000170373024927
0.00111152033444
0.0
0.0
0.0
-0.0013743935675
-0.0013743935675
-0.0013743935675
-0.0013743935675
-0.0013743935675
-0.0013743935675
-0.0013743935675
-0.0013743935675
0.0
0.0
0.0
0.0
0.0
0.0
0.0
0.0
0.0
0.0
0.0
0.0
0.0
0.0
0.0
0.0
0.0
0.0
0.0
0.0
0.0
0.0
0.0
0.0
0.0
0.0
0.0
0.0
0.0
0.0
0.0
0.0
-0.00417195279257
-0.00417195279257
-0.00417195279257
-0.00417195279257
-0.00417195279257
-0.00417195279257
-0.00417195279257
-0.00417195279257
0.0
0.0
0.0
0.0
0.0
0.0
0.0
0.0
0.0
0.0
0.0
0.0
0.0
0.0
0.0
0.0
0.0
0.0
0.0
0.0
0.0
0.0
0.0
0.0
0.0
0.0
0.0
0.0
0.0
0.0
0.0
0.0
