1.0
1.0
1.0
1.0
1.0
1.0
1.0
1.0
0.0391214649258
0.0237337048438
0.0247884108144
1.0
1.0
1.0
1.0
1.0
0.0192699212432
0.0180109786685
1.0
1.0
1.0
1.0
0.0082650626095
0.0475167767327
1.0
1.0
1.0
1.0
1.0
1.0
1.0
1.0
0.042809107407
0.034494055708
1.0
1.0
1.0
1.0
1.0
1.0
1.0
1.0
1.0
1.0
1.0
1.0
0.147175925568
0.106141805543
0.0319951373687
1.0
1.0
1.0
1.0
1.0
1.0
1.0
1.0
1.0
1.0
1.0
1.0
1.0
1.0
1.0
0.0223452602538
0.0265332181561
0.0157347992434
0.00292222825129
0.00292222825129
0.00292222825129
1.0
1.0
1.0
1.0
1.0
1.0
0.0255508177739
1.0
0.0255508177739
1.0
0.00685310104241
1.0
1.0
1.0
1.0
1.0
1.0
1.0
1.0
0.137186178592
0.105609724877
0.104636862132
0.0743525639112
0.0523250307311
0.0381853453705
0.00924054200062
1.0
1.0
1.0
1.0
1.0
1.0
1.0
1.0
1.0
1.0
1.0
1.0
1.0
1.0
1.0
1.0
1.0
1.0
1.0
1.0
1.0
1.0
1.0
1.0
0.0280181359316
0.00826506260949
0.00826506260949
0.0268526775427
0.0268526775427
0.0227238263043
0.00826506260949
0.00826506260949
1.0
1.0
1.0
1.0
1.0
1.0
1.0
1.0
0.0728318069309
0.0617337508472
0.0511346339381
0.067405671202
0.061008764603
0.055014298063
0.0628895500234
0.0622803704403
1.0
1.0
1.0
1.0
1.0
1.0
1.0
1.0
0.127576041104
0.117651313807
0.0912581666168
0.137126305844
0.116996845495
0.0867984728302
0.0919683328821
0.0940655508304
1.0
1.0
1.0
1.0
1.0
1.0
1.0
1.0
0.0593893093534
0.0596030747741
0.0826768184062
0.0605555475223
0.0659138690694
0.0759533677217
0.0814967062217
0.0738968384377
1.0
1.0
1.0
1.0
1.0
1.0
1.0
1.0
0.0672171053008
0.0655274425601
0.0628558640669
0.0636925825519
0.072337095226
0.0570586205864
0.0710997928247
0.0648129051856
1.0
1.0
1.0
1.0
1.0
1.0
1.0
1.0
0.0492298969732
0.0379617071125
0.0274027458857
0.0193803101054
0.0137052363926
1.0
1.0
1.0
0.0820376173968
0.103775264731
0.127656914862
0.099455417955
0.0704728246736
1.0
1.0
1.0
1.0
1.0
1.0
1.0
1.0
1.0
1.0
1.0
1.0
1.0
1.0
1.0
0.0116881643445
0.0952613454525
0.100522328117
0.0736678947454
1.0
1.0
1.0
1.0
1.0
1.0
1.0
1.0
1.0
0.0109333699914
0.0273248446587
0.0675310838878
0.121465709209
0.104537057815
0.0800885574652
0.0569842294449
1.0
0.00462041896591
0.0148989082446
0.0700818332414
0.130737748468
0.0943104140437
0.0736965524683
0.051465799188
1.0
1.0
0.00506140457981
0.0293554882753
0.106240032837
0.0977574009104
0.0712778929351
0.0382966719101
1.0
1.0
1.0
1.0
1.0
0.020346836967
0.117209529227
0.0774931466573
1.0
1.0
1.0
0.00292222825131
0.00546693010374
0.0441301053269
0.111129124178
0.0592463644303
1.0
1.0
0.021168898819
0.119989939387
0.0640572200422
1.0
1.0
1.0
1.0
1.0
1.0
1.0
1.0
1.0
1.0
1.0
1.0
1.0
1.0
1.0
1.0
1.0
1.0
1.0
1.0
1.0
1.0
1.0
1.0
1.0
1.0
1.0
1.0
1.0
1.0
1.0
1.0
1.0
0.11243219912
0.122787910698
0.112042951634
0.108914496502
0.108914496502
0.108914496502
0.108914496502
0.108914496502
0.108914496502
0.108914496502
1.0
1.0
1.0
1.0
1.0
1.0
1.0
1.0
1.0
1.0
1.0
1.0
1.0
0.0317947427587
0.123828181785
0.103210182406
0.0940432577606
0.093551416903
0.093551416903
0.093551416903
0.093551416903
0.093551416903
0.093551416903
0.093551416903
1.0
1.0
1.0
1.0
1.0
1.0
1.0
1.0
1.0
1.0
1.0
1.0
1.0
1.0
1.0
1.0
1.0
1.0
1.0
1.0
1.0
1.0
1.0
1.0
1.0
0.00357897642307
1.0
1.0
1.0
1.0
0.0105357039352
1.0
0.0532898635531
0.0439853019133
0.0434012195212
0.0436455444179
0.0432047572186
0.0438884988079
0.046886401074
0.0487964234775
1.0
1.0
0.0285456880017
0.0285456880017
1.0
0.0224405017107
0.0224405017107
0.0285456880017
0.0285456880017
0.0285456880017
0.00292222825129
1.0
1.0
1.0
1.0
1.0
1.0
1.0
0.0105357039352
1.0
1.0
0.0115041118233
0.0309801515972
0.0254672358894
0.0415482443365
0.0415482443365
1.0
0.0415482443365
0.0848378739181
0.090310039709
0.0909586475183
0.0679992832585
0.0438400164748
0.0306343210986
0.0192699212432
0.0214690443217
0.0237337048438
0.00685310104243
0.0602749254966
0.0438400164748
0.0237337048438
0.0237337048438
1.0
0.0237337048438
0.0577604951331
0.0616650773839
0.0835128639466
0.0699006231602
1.0
1.0
1.0
1.0
1.0
0.00773129115391
0.0542373420456
0.059353605858
0.0659138690694
1.0
0.0710105717955
1.0
0.0237337048438
0.0708616152969
0.0304249288139
0.0697189326744
1.0
1.0
1.0
1.0
1.0
0.00546693010371
0.0443703859927
0.051671688209
0.0213694650906
0.0288428004363
0.0455526318134
0.0455526318134
0.0264527487831
0.0242668021063
0.0265332181561
0.046886401074
1.0
0.0365910178977
0.0298593446034
0.0298593446034
0.0364744557846
0.0244419115263
0.030773121455
0.0298593446034
1.0
0.0257999345996
0.0274804256166
0.0315930718797
0.0256341264239
0.012047832592
0.0127367186303
0.0135486289052
1.0
0.0264527487831
0.0318616815775
0.0318616815775
0.0405635973962
0.0321280365366
0.0315930718797
0.0146096439065
1.0
0.0178921312313
0.00876638529413
0.0298593446034
0.00876638529413
1.0
0.00924054200062
0.00876638529413
1.0
0.00826506260949
0.00773129115391
0.0295724816083
0.0141646660356
0.00745007447603
0.00462041896593
0.00800262954618
1.0
1.0
1.0
1.0
1.0
0.00292222825129
1.0
1.0
1.0
1.0
1.0
1.0
1.0
1.0
1.0
1.0
0.0465679846361
0.0307038000067
0.0307038000067
0.0465679846361
0.0492298969731
0.0307038000067
0.047917599921
0.0465679846361
0.0298593446034
0.0354681318257
0.0419558728795
0.0298593446034
0.0463391929636
0.0419558728795
0.0298593446034
0.0298593446034
1.0
1.0
0.0029222282513
0.0087663852941
0.0137052363926
0.030773121455
0.0844152024584
0.0635927670761
0.0137052363926
0.0318616815775
0.0318616815775
0.0146096439065
0.0294279977892
0.0262910690871
0.0223452602538
0.0226297797179
0.00876638529413
0.0292099273965
0.0292099273965
0.00924054200062
0.0298593446034
0.0292099273965
0.0247022427622
0.00924054200062
0.0162681940679
0.0294279977892
0.0294279977892
0.0176520328976
0.0195992198957
0.0193803101054
0.0272467200358
0.0274804256166
0.0285456880017
0.0285456880017
0.0285456880017
0.0285456880017
0.0285456880017
0.0285456880017
0.0285456880017
0.0285456880017
0.0518767513162
0.0390670237405
0.0398757899684
0.025717164495
0.0872333507576
0.0913271421181
0.0811080718612
0.0597451540406
0.0407728810276
0.0358859360622
0.0270897928656
0.0303548092038
0.0609044798789
0.0603100757151
0.0629904980684
0.051341865205
1.0
0.00292222825129
0.00292222825129
0.0113170647908
0.0155985979602
0.00900658548094
0.0192699212432
0.0180109786685
0.0412398603276
0.04379148005
0.0488399456332
0.0640241584181
0.0449890628416
0.0447045921756
0.0441782668343
0.0447521305454
0.015041452659
0.0143145302899
0.0143145302899
0.0275578857244
0.0155985979602
0.0160037213064
0.0170369712945
0.0258824393086
0.0162681940679
0.0165284311102
0.0177724880345
0.0161365000905
0.0226297797179
0.0127367186303
0.0234626039468
0.0113170647908
1.0
0.00292222825129
1.0
1.0
0.0285456880017
1.0
1.0
0.00292222825129
0.083789639386
0.0867984728302
0.0783321963569
0.0605205419823
0.0399291216116
0.030773121455
0.00876638529413
1.0
1.0
0.0533694700728
0.0545105515738
0.0548984641247
0.0457389323037
0.0389032402655
0.0336184813499
0.0155985979602
1.0
1.0
0.0266934271197
0.0266934271197
1.0
0.00292222825129
0.035166645744
0.0224405017107
1.0
1.0
1.0
0.0144628404706
0.00900658548094
0.0192699212432
1.0
0.0190472214566
1.0
0.0180109786685
0.022153546533
0.0270897928655
0.0155985979602
0.00292222825129
0.00292222825129
0.0239127275262
1.0
0.0285456880017
0.0180109786685
1.0
1.0
0.00292222825129
0.00292222825129
0.0285456880017
1.0
0.0285456880017
1.0
0.00292222825129
0.0285456880017
0.0285456880017
0.0285456880017
1.0
1.0
1.0
1.0
1.0
1.0
1.0
1.0
1.0
0.083789639386
0.0867984728302
0.0814449983637
0.0579437670553
0.0493161300268
0.0349845007676
0.0135486289052
1.0
1.0
0.0534092283257
0.0544326333119
0.0547436329509
0.0501278734093
0.0363575179699
0.0371109927511
0.0246157723381
1.0
1.0
0.0266934271197
0.0333001714221
0.0333001714221
0.0315255604091
1.0
0.0224405017107
1.0
1.0
1.0
0.0246157723381
1.0
0.021269418797
1.0
0.0190472214566
1.0
0.0180109786685
0.022153546533
0.00900658548094
1.0
0.00292222825129
0.00292222825129
0.0285456880017
1.0
0.0285456880017
0.0180109786685
0.00292222825129
0.0180109786685
0.0270897928655
0.0155985979602
1.0
1.0
0.0285456880017
1.0
1.0
1.0
0.0285456880017
0.0285456880017
1.0
1.0
1.0
1.0
1.0
1.0
1.0
1.0
1.0
0.105372341684
0.108473554105
0.104116787165
0.0979285811519
0.00357897642307
0.00357897642307
0.00357897642307
0.00357897642307
0.123443363842
0.12505773504
0.122213436741
0.118913948154
0.108684673865
0.108684673865
0.108684673865
0.108684673865
0.109638932067
0.106436202626
0.105035087673
0.10618110788
0.072161663921
0.072161663921
0.072161663921
0.072161663921
0.107624728802
0.105332723384
0.103614141183
0.103432563696
0.0679992832585
0.0679992832585
0.0679992832585
0.0679992832585
1.0
1.0
1.0
0.0323263566293
0.10192678081
1.0
1.0
1.0
0.0934168126695
0.098291309903
0.11243219912
0.128430531256
0.096028148746
1.0
1.0
1.0
0.0480504578152
0.0494022110819
0.0517948245543
0.0644854529356
0.0781435406006
1.0
1.0
1.0
0.0479619271576
0.0493591895043
0.0520809982658
0.0636260565869
0.0733231090351
1.0
1.0
1.0
0.00800262954618
0.0113170647908
1.0
1.0
0.00206633182405
0.00206633182404
0.0180109786685
0.0082650626095
0.109181981099
0.0946875476886
0.0900772237711
0.0977359814599
0.105233609346
0.109105627186
0.110282875282
0.109201060819
0.0738110696236
0.0483150674214
0.0455059365159
0.0477843692013
0.0500854813406
0.0576502485247
0.0933943590861
0.0748900551396
0.0696279061051
0.0470221993913
0.044799618064
0.046750204787
0.0478288210584
0.0545494684666
0.0923553799584
0.0713963744158
0.0054669301037
1.0
1.0
0.0029222282513
0.0494022110819
0.120300412242
0.101824200252
0.0743525639112
0.105094685371
0.0980567624149
0.103513305885
0.115783830164
0.129994700405
0.103472943018
0.0833867444924
0.0618366158317
0.0587432789232
0.0501702292947
0.0517538120108
0.063957983044
0.0807957818893
0.116052559451
0.131867322992
0.088239471177
0.0548211038641
0.0494451948582
0.0518767513162
0.0634927920992
0.0791354992644
0.115334477574
0.133926991425
0.0899372351937
0.0613550808977
0.0709212362099
0.085209026854
0.102029253767
0.0816258286527
0.0648129051856
0.046886401074
0.034494055708
0.0270897928655
0.0250451318941
1.0
1.0
1.0
1.0
0.0346787893847
1.0
0.0903565284895
0.0897502327293
0.0880964655448
0.062788437066
0.0581629207346
0.0584175467232
0.0599576325475
0.0584538300735
0.0276351280559
0.0210678983764
0.021269418797
0.0245289963443
0.0362402008166
0.0319951373687
0.0141646660356
0.0262098541932
0.0295003284628
0.0359452239235
0.0367651644406
0.0376237427935
0.0396617416744
0.0352875508247
1.0
0.0285456880017
0.00292222825129
1.0
0.0113170647908
1.0
1.0
0.00900658548094
0.0113170647908
0.00900658548094
0.0155985979602
1.0
1.0
0.0285456880017
0.0285456880017
0.0285456880017
1.0
0.0285456880017
0.0239127275262
0.0192699212432
0.0239127275262
0.0113170647908
0.022153546533
0.0155985979602
0.0144628404706
0.00900658548094
0.0155985979602
1.0
1.0
0.0285456880017
0.0285456880017
0.0285456880017
1.0
0.0285456880017
1.0
1.0
0.0210678983764
0.0113170647908
0.0246157723381
0.0180109786685
0.022153546533
1.0
0.0406683747331
0.0405111064299
0.0465223170994
0.0482270270479
0.0438884988079
0.0435967898145
0.0569469969521
0.0369384855367
0.0105357039352
0.0390125061164
0.0250451318941
0.0377931049057
1.0
1.0
1.0
1.0
0.0387936647791
1.0
1.0
0.0387936647791
1.0
0.0387936647791
0.0387936647791
0.0387936647791
0.0387936647791
0.0387936647791
1.0
1.0
1.0
1.0
1.0
1.0
0.0769468481289
0.0483150674214
0.0564607109176
0.0505077846918
0.0756192377056
0.0644854529356
0.0777919356377
0.065171170079
0.055932228659
0.0517948245543
0.0634260531299
0.0592105735089
0.0629232176559
0.0629232176559
0.0629232176559
0.0629232176559
1.0
1.0
1.0
1.0
1.0
1.0
1.0
1.0
0.0213694650906
0.042809107407
0.0249598523184
1.0
1.0
1.0
1.0
1.0
1.0
1.0
1.0
1.0
1.0
1.0
0.0082650626095
0.0475614809872
1.0
0.00292222825129
1.0
1.0
1.0
1.0
1.0
1.0
0.0461553359576
0.0253833780714
0.034494055708
1.0
1.0
1.0
1.0
1.0
1.0
1.0
1.0
1.0
1.0
1.0
0.148842993604
0.106141805543
0.0319951373687
1.0
1.0
1.0
1.0
1.0
1.0
1.0
1.0
1.0
1.0
1.0
1.0
1.0
1.0
1.0
0.00900658548094
0.0158698304865
0.00413263717975
1.0
0.00292222825129
1.0
1.0
1.0
1.0
1.0
1.0
1.0
0.0160037213064
1.0
0.0160037213064
1.0
0.00685310104241
1.0
1.0
1.0
1.0
1.0
1.0
1.0
1.0
0.145347458804
0.108569571043
0.105609724877
0.0752274995721
0.0517948245543
0.0377367358067
0.0369384855366
1.0
1.0
1.0
1.0
1.0
1.0
1.0
1.0
1.0
1.0
1.0
1.0
1.0
1.0
1.0
1.0
1.0
1.0
1.0
1.0
1.0
1.0
1.0
1.0
0.0240904168505
0.00826506260949
0.00826506260949
0.0227238263043
0.0227238263043
0.0268526775427
0.00826506260949
0.00826506260949
1.0
1.0
1.0
1.0
1.0
1.0
1.0
1.0
0.0688952783402
0.0566856757557
0.0566482444618
0.0628558640669
0.0502125490886
0.0598868913602
0.0622803704403
0.0628895500234
1.0
1.0
1.0
1.0
1.0
1.0
1.0
1.0
0.130311446712
0.116979103383
0.0927633724134
0.137619413627
0.11410278089
0.0917856084728
0.0940655508304
0.0919683328821
1.0
1.0
1.0
1.0
1.0
1.0
1.0
1.0
0.0595319061459
0.0658174788801
0.0857749159935
0.0608000135863
0.0666481475648
0.084065477341
0.0851596360403
0.0814967062217
1.0
1.0
1.0
1.0
1.0
1.0
1.0
1.0
0.0659780495802
0.0724829567183
0.0635594598433
0.0638917379876
0.0743241647739
0.0633592427112
0.0735531497198
0.0710997928247
1.0
1.0
1.0
1.0
1.0
1.0
1.0
1.0
0.0492730325495
0.0379617071125
0.0274027458857
0.0193803101054
0.0137052363926
1.0
1.0
1.0
0.0821402331439
0.103956216802
0.127834644484
0.0996445608882
0.0705028093146
1.0
1.0
1.0
1.0
1.0
1.0
1.0
1.0
1.0
1.0
1.0
1.0
1.0
1.0
1.0
0.0122236965638
0.0981634471685
0.103331543268
0.0760366654133
1.0
1.0
1.0
1.0
1.0
1.0
1.0
1.0
0.00357897642308
0.0154611957156
0.0339337921292
0.0731212166789
0.126127207226
0.104297119965
0.0806130390134
0.0566856757557
1.0
0.00653418941458
0.0210678983764
0.077001656654
0.133002066857
0.0939317101379
0.0742957545354
0.0510930857517
1.0
1.0
0.00546693010372
0.0341839371629
0.110697446899
0.10006354567
0.0729477116123
0.038017740729
1.0
1.0
1.0
1.0
1.0
0.0261283861625
0.120730218845
0.0775475596709
1.0
1.0
1.0
0.00357897642308
0.00715781531116
0.046750204787
0.113041022044
0.0591030688505
1.0
1.0
0.0281698764858
0.123844884109
0.0628895500234
1.0
1.0
1.0
1.0
1.0
1.0
1.0
1.0
1.0
1.0
1.0
1.0
1.0
1.0
1.0
1.0
1.0
1.0
1.0
1.0
1.0
1.0
1.0
1.0
1.0
1.0
1.0
1.0
1.0
1.0
1.0
1.0
0.00619888959825
0.121448658522
0.125585459246
0.113701275424
0.110622191736
0.110622191736
0.110622191736
0.110622191736
0.110622191736
0.110622191736
0.110622191736
1.0
1.0
1.0
1.0
1.0
1.0
1.0
1.0
1.0
1.0
1.0
1.0
1.0
0.0406160200759
0.127640744496
0.103714874052
0.0940432577606
0.0935738314354
0.0935738314354
0.0935738314354
0.0935738314354
0.0935738314354
0.0935738314354
0.0935738314354
1.0
1.0
1.0
1.0
1.0
1.0
1.0
1.0
1.0
1.0
1.0
1.0
1.0
1.0
1.0
1.0
1.0
1.0
1.0
1.0
1.0
1.0
1.0
1.0
0.00206633182404
0.00619888959825
1.0
1.0
1.0
0.00357897642306
0.0199230682417
0.0029222282513
0.0577237699752
0.0487092613812
0.0481388241442
0.0485344630851
0.0479619271576
0.0487528620953
0.0520809982658
0.0531702277263
1.0
1.0
0.00292222825129
0.00292222825129
1.0
0.021168898819
0.021168898819
0.00292222825129
0.00292222825129
0.00292222825129
0.0285456880017
1.0
1.0
1.0
1.0
1.0
1.0
1.0
0.0107363791206
1.0
1.0
0.0116881643445
0.0310488537046
0.0255508177739
0.0414970072495
0.0414970072495
1.0
0.0414970072495
0.0881441606956
0.0905190448561
0.0911430874487
0.0679992832585
0.0445616703284
0.0308422865048
0.0185938099556
0.0220570635713
0.0247884108144
0.00685310104243
0.0605555475223
0.04379148005
0.0247884108144
0.0247884108144
1.0
0.0247884108144
0.0614585894654
0.0619734994344
0.0839402120783
0.0702324773498
1.0
1.0
1.0
1.0
1.0
0.00773129115391
0.0546660509145
0.0593893093534
0.0706824446249
1.0
0.0710700651836
1.0
0.0292827985928
0.0712778929351
0.0304249288139
0.0699308581008
1.0
1.0
1.0
1.0
1.0
0.00546693010371
0.0434012195212
0.0515070435401
0.0362989070402
0.0410847943139
0.0485344630851
0.0472026506849
0.0378493895728
0.0362989070402
0.039500439429
0.0402476179357
1.0
0.0460631298874
0.0319951373687
0.030773121455
0.0321942795422
0.0228174844643
0.0298593446034
0.0362989070402
1.0
0.018934887926
0.0132298494737
0.0138600731412
0.0175307490837
0.0269319486193
0.0311174035435
0.00584438163844
1.0
0.0200298523323
0.0148989082446
0.0144628404706
0.0455059365159
0.0319284794866
0.0430073906829
0.00584438163843
1.0
0.0107363791206
1.0
0.00924054200062
0.018934887926
0.00876638529413
0.0298593446034
1.0
0.0285456880017
0.0208644281537
0.00969152082801
0.00826506260949
0.0101224201458
0.00546693010371
0.028916599977
0.024874279637
1.0
1.0
1.0
1.0
1.0
0.0285456880017
1.0
1.0
1.0
1.0
1.0
1.0
1.0
1.0
1.0
1.0
0.0398223864435
0.0307038000067
0.0116881643445
0.048883428667
0.0501702292947
0.0307038000067
0.048883428667
0.0398223864435
0.0362989070402
0.021269418797
0.0300017439028
0.0362989070402
0.0469317112278
0.0300017439028
0.0362989070402
0.0362989070402
1.0
1.0
0.0029222282513
0.00715781531117
0.0138600731412
0.0333001714221
0.085209026854
0.0604504691846
0.00292222825129
0.0144628404706
0.0318616815775
0.00584438163843
0.018934887926
0.0314579034737
0.00292222825129
0.00584438163843
1.0
0.00685310104242
0.0292099273965
0.0285456880017
0.0298593446034
0.00685310104242
0.00292222825129
0.0285456880017
0.00206633182404
0.00773129115391
0.0294279977892
0.0292827985928
0.0288428004363
0.00413263717975
0.0285456880017
0.00685310104242
0.00292222825129
0.00292222825129
0.0285456880017
0.0285456880017
0.0285456880017
0.0285456880017
0.00292222825129
0.0285456880017
0.0492730325495
0.0406683747331
0.0348625394807
0.0321942795422
0.0875940482715
0.0896331514588
0.0779002950201
0.0573182192403
0.0379617071125
0.0319951373687
0.0328493327971
0.0147549855713
0.0571329135887
0.0587432789232
0.0599929714048
0.0490136440784
0.0155985979602
0.0192699212432
0.0113170647908
0.00292222825129
1.0
1.0
0.00292222825129
1.0
0.0462473566149
0.0488399456332
0.0478732312596
0.0640572200422
0.0447521305454
0.0447521305454
0.0441782668343
0.0445616703284
0.024874279637
0.0245289963443
0.0281698764858
0.0160037213064
0.0163988293737
0.0255508177739
0.027941955664
0.00715781531116
0.0219601558812
0.0255508177739
0.0130675417868
0.0318616815775
0.0127367186303
0.00619888959825
0.0204514049641
0.00292222825129
1.0
0.0285456880017
1.0
1.0
0.00292222825129
1.0
1.0
0.0285456880017
0.0870886402704
0.0898671563919
0.0766722035469
0.0630912819932
0.0358859360622
0.0225353398418
0.00619888959825
1.0
1.0
0.0593178805655
0.0607302680571
0.0615274969544
0.0485782221886
0.0340590953643
0.0247022427622
0.0155985979602
1.0
1.0
0.0213694650906
0.0213694650906
1.0
0.0192699212432
0.0213694650906
0.021168898819
0.0190472214566
0.0190472214566
0.0190472214566
0.00292222825129
1.0
0.00292222825129
0.0190472214566
1.0
0.0190472214566
1.0
0.00292222825129
0.00292222825129
1.0
0.0239127275262
0.0239127275262
0.00292222825129
0.00900658548094
0.00292222825129
1.0
0.0180109786685
1.0
0.0239127275262
0.0239127275262
0.00292222825129
1.0
0.00292222825129
1.0
0.0285456880017
0.00292222825129
0.00292222825129
0.00292222825129
1.0
1.0
1.0
1.0
1.0
1.0
1.0
1.0
1.0
0.0870886402704
0.0898671563919
0.0795075258532
0.0628558640669
0.0522844386225
0.0270897928655
0.00990931385188
1.0
1.0
0.0592821334359
0.0609044798789
0.0599929714048
0.0450362985089
0.0455526318134
0.0247884108144
0.0245289963443
1.0
1.0
0.0213694650906
0.021168898819
0.021168898819
0.0213694650906
1.0
0.021168898819
0.0190472214566
0.0190472214566
0.0190472214566
1.0
0.0262098541932
0.00292222825129
0.0190472214566
1.0
0.0190472214566
1.0
0.00292222825129
1.0
0.0180109786685
0.0285456880017
0.0285456880017
0.00292222825129
0.00900658548094
0.00292222825129
1.0
0.022153546533
1.0
0.00292222825129
1.0
1.0
1.0
0.00292222825129
1.0
1.0
1.0
0.00292222825129
0.00292222825129
1.0
1.0
1.0
1.0
1.0
1.0
1.0
1.0
1.0
0.117474810983
0.120145282248
0.115927234375
0.10723656924
0.00745007447604
0.00745007447604
0.00745007447604
0.00745007447604
0.126699085937
0.128189312858
0.125766318738
0.12288899188
0.115406498198
0.115406498198
0.115406498198
0.115406498198
0.11635632641
0.113059417303
0.112024380514
0.112098645561
0.0774386944687
0.0774386944687
0.0774386944687
0.0774386944687
0.114575374105
0.112395189092
0.110093891071
0.109828738975
0.0726285189987
0.0726285189987
0.0726285189987
0.0726285189987
1.0
1.0
1.0
0.0399823816614
0.108165698823
1.0
1.0
1.0
0.0937976714708
0.0989280451912
0.114230220478
0.128863506297
0.0918541742118
1.0
1.0
1.0
0.0482710674953
0.0495739203633
0.0522031586665
0.0688645797297
0.0814449983637
1.0
1.0
1.0
0.0480504578152
0.0495739203633
0.0524061195811
0.0695975369351
0.0798777750335
1.0
1.0
1.0
0.0133901885493
0.0144628404706
1.0
0.00206633182405
0.00357897642307
0.00546693010371
0.0273248446587
0.0146096439065
0.115460482526
0.100958230464
0.096398311676
0.104596952356
0.112413695711
0.115316464995
0.116765975585
0.115370493822
0.0790288759808
0.0534886551519
0.050843076106
0.0535283238582
0.0572071088349
0.0662341387123
0.102723241283
0.0813414813479
0.0742957545354
0.05150704354
0.0494022110819
0.0518358042969
0.0528900130262
0.0621782510234
0.102172535751
0.0766722035468
0.00653418941455
1.0
1.0
0.00546693010372
0.0584175467232
0.12387828156
0.103189941101
0.0742957545354
0.105866261355
0.0986314342982
0.104736566993
0.117138680047
0.130832279759
0.101906273317
0.0807957818893
0.0593178805655
0.0597806203329
0.0506757105811
0.052325030731
0.0667116090895
0.0848130709196
0.120541304393
0.133094870748
0.087881506771
0.0566856757557
0.0499155493895
0.0526889368922
0.0670910948312
0.0848874575292
0.120592857681
0.134034451641
0.0897034191688
0.0614585894654
0.0724246481279
0.0863369844375
0.103593982328
0.0815742048771
0.065430473071
0.0427593918542
0.027788966649
0.0250451318941
0.0130675417868
1.0
1.0
1.0
1.0
0.0410329745313
1.0
0.0923326589749
0.0917627414439
0.0893279981003
0.063858589261
0.0585987357042
0.0585987357042
0.0603803138583
0.0588874623987
0.0143145302899
0.00900658548094
0.00946871767682
0.0111268722315
0.0404585469111
0.0172856255335
0.0200298523323
1.0
0.0372255509943
0.0432047572186
0.0317276621388
0.0316604388161
0.0277121544322
0.0212694187971
1.0
0.00292222825129
0.022153546533
0.0190472214566
0.00292222825129
1.0
1.0
1.0
0.00292222825129
1.0
1.0
1.0
1.0
1.0
1.0
1.0
1.0
1.0
1.0
1.0
1.0
1.0
1.0
1.0
1.0
1.0
1.0
1.0
1.0
1.0
1.0
1.0
1.0
1.0
1.0
1.0
1.0
1.0
1.0
1.0
1.0
1.0
0.0448470548926
0.045645877904
0.0502125490886
0.0469769772912
0.0528498596918
0.0533694700728
0.057244169918
0.0451777067663
0.0109333699914
0.0362989070402
0.041136548376
0.0405111064299
1.0
1.0
1.0
1.0
0.0387936647791
1.0
1.0
0.0387936647791
1.0
0.0387936647791
0.0387936647791
0.0387936647791
0.0387936647791
0.0387936647791
1.0
1.0
1.0
1.0
1.0
1.0
0.0682786330077
0.0582721842737
0.0637258190617
0.0600988614791
0.0752555500675
0.0628895500234
0.079082206053
0.0635927670761
0.0622463495427
0.0527694603256
0.0622123097474
0.0609044798789
0.0722494339553
0.0722494339553
0.0722494339553
0.0722494339553
