0.0
0.0
0.0
0.0
0.0
0.0
0.0
0.0
0.00361348457617
0.145156337185
0.0128158084688
-9.99200722163e-16
4.4408920985e-16
-1.11022302463e-16
-7.77156117238e-16
-2.77555756156e-17
-0.000911212923625
-4.27866553191e-05
-1.30104260698e-18
2.71050543121e-20
-8.47032947254e-22
0.0
0.0624481078029
0.0744043601035
6.46234853557e-27
2.01948391737e-28
6.31088724177e-30
-3.94430452611e-31
-1.23259516441e-32
7.70371977755e-34
-1.20370621524e-35
-7.52316384526e-37
0.0460347904492
0.0420186976323
1.03314933178e-40
-1.20534088707e-40
0.0
0.0
0.0
0.0
0.0
0.0
0.0
0.0
0.0
0.0
-0.000832520407148
1.61678786881e-05
0.00116231608017
0.0
0.0
0.0
0.0
0.0
0.0
0.0
0.0
0.0
0.0
0.0
0.0
0.0
0.0
0.0
0.0020877950294
0.00209795142981
0.00054899575424
0.000625647846219
0.000195857681607
-0.020291156094
0.0
0.0
0.0
0.0
0.0
0.0
0.00140592553252
0.0
0.00140592553252
0.0
0.0018537506543
0.0
0.0
0.0
0.0
0.0
0.0
0.0
0.0
-0.00138057003068
-0.00105718845248
-0.000192845149741
0.000153053564527
-4.10324086244e-05
0.00036346222837
0.000645170888528
0.0
0.0
0.0
0.0
0.0
0.0
0.0
0.0
0.0
0.0
0.0
0.0
0.0
0.0
0.0
0.0
0.0
0.0
0.0
0.0
0.0
0.0
0.0
0.0
0.000431536410084
0.00111794177941
0.000122236876979
0.000104492409548
0.000104492409548
0.0116906568001
0.000122236876979
0.00111794177941
0.0
0.0
0.0
0.0
0.0
0.0
0.0
0.0
0.00434935469598
0.00903586064861
-0.000298134021573
0.0038531514783
0.00411419489777
0.00564767942659
-0.00013827039818
0.01293743885
0.0
0.0
0.0
0.0
0.0
0.0
0.0
0.0
0.000411326043568
0.00674158606609
-0.000873168733374
-0.00018302095424
0.00025920323583
0.00472663228483
-0.000768530301752
0.0115657626686
0.0
0.0
0.0
0.0
0.0
0.0
0.0
0.0
-0.00077921320489
-4.87753480029e-05
-0.000954591995721
-0.000757713062889
-0.000792578165839
-5.47296650864e-05
-0.000898491579168
0.000926479270338
0.0
0.0
0.0
0.0
0.0
0.0
0.0
0.0
-0.000254360224259
-0.000118944234387
-0.00067569776046
-0.00066040281421
-0.000832896408625
-0.000405604548246
-0.000849743827605
0.000574701526533
0.0
0.0
0.0
0.0
0.0
0.0
0.0
0.0
0.000273425860423
0.000807357411951
0.00121687950339
0.00182037057847
0.00265689285829
0.0
0.0
0.0
-0.000212457165534
0.000179281662523
0.000366094412189
0.000873728021802
0.0016090857794
0.0
0.0
0.0
0.0
0.0
0.0
0.0
0.0
0.0
0.0
0.0
0.0
0.0
0.0
0.0
0.0012941950942
0.0292168035628
0.0516856197191
0.0737266090134
0.0
0.0
0.0
0.0
0.0
0.0
0.0
0.0
0.0
-3.52456121847e-05
9.88220096076e-06
-0.000544475468398
0.00166347194549
-0.000643672057699
0.00900937930662
0.00196829171134
0.0
-6.32716561837e-05
0.000388425233727
-0.000558864476955
0.00441960641341
-0.00101466293375
0.04131905123
0.00615726905999
0.0
0.0
-5.78934252678e-05
0.000146361232689
7.26863015874e-05
0.0212463012892
0.035917914713
-0.0016185776681
0.0
0.0
0.0
0.0
0.0
0.00010624356411
-0.000534408286986
-0.000156038452622
0.0
0.0
0.0
-2.20366302813e-05
-5.83513363456e-05
-8.63707361285e-05
0.00060871319675
0.000272036163393
0.0
0.0
2.19037065494e-05
-0.000908919259727
0.00124019745229
0.0
0.0
0.0
0.0
0.0
0.0
0.0
0.0
0.0
0.0
0.0
0.0
0.0
0.0
0.0
0.0
0.0
0.0
0.0
0.0
0.0
0.0
0.0
0.0
0.0
0.0
0.0
0.0
0.0
0.0
0.0
0.0
0.0
0.00067591002124
0.00158538521223
0.00203898683535
0.00209620359675
0.00209620359675
0.00209620359675
0.00209620359675
0.00209620359675
0.00209620359675
0.00209620359675
0.0
0.0
0.0
0.0
0.0
0.0
0.0
0.0
0.0
0.0
0.0
0.0
0.0
-0.000282232657186
-0.000984104907123
-0.00114498664316
-0.00112663761412
-0.00114726229985
-0.00114726229985
-0.00114726229985
-0.00114726229985
-0.00114726229985
-0.00114726229985
-0.00114726229985
0.0
0.0
0.0
0.0
0.0
0.0
0.0
0.0
0.0
0.0
0.0
0.0
0.0
0.0
0.0
0.0
0.0
0.0
0.0
0.0
0.0
0.0
0.0
0.0
0.0
-4.72322117344e-05
0.0
0.0
0.0
0.0
-0.000120570581248
0.0
0.000221985716273
-0.000202797325761
-0.000220239015583
-0.000307510668978
-1.81414143725e-05
-0.000469480044385
-0.000225031047035
-7.83865934912e-05
0.0
0.0
0.0201188839297
0.0201188839297
0.0
0.00610063593756
0.00610063593756
0.0201188839297
-0.00609340934346
-0.00609340934346
-0.020291156094
0.0
0.0
0.0
0.0
0.0
0.0
0.0
0.00407383667228
0.0
0.0
0.00372681803838
-0.000981684651491
0.00386578061058
0.0220172020612
0.0220172020612
0.0
0.0220172020612
0.00117223778278
0.00150662766554
0.000174239339861
0.000789277626225
0.000472968024602
0.00128915944438
-6.94761960458e-05
0.00317709039897
0.00370160316403
-4.93595446981e-05
-0.000400341503306
0.00200482262214
0.00370160316403
0.00370160316403
0.0
0.00370160316403
-0.000155823649652
0.00144100247258
0.00188220641219
0.0016283773424
0.0
0.0
0.0
0.0
0.0
-6.29053904032e-05
0.000215193559883
0.00117423416903
-0.000232544112547
0.0
0.000216431491116
0.0
0.00370160316403
0.00363493647217
0.000259760281035
0.00407296096779
0.0
0.0
0.0
0.0
0.0
-5.78581115269e-05
-7.82793690276e-05
-0.000422699237292
0.15471508941
0.119047970436
0.0935663334748
0.0928805691339
0.126222337336
0.138580731132
0.128196385277
0.0146277396889
0.0
0.100787394581
0.123590746441
0.123590746441
-0.00474614580938
0.00266897286129
0.0105989616666
0.116481239234
0.0
-0.00104814112658
-0.00641006522188
-0.00567155460666
-0.00628096206174
-0.00292505598944
-0.00511137208365
-0.000402490815544
0.0
-0.000294330672377
-0.00557923153871
-0.00558638816186
-0.00042483110724
-0.000391767333472
-0.00222799193985
-2.40735388242e-06
0.0
-0.000373779284
-0.000455441113614
-0.00593242901218
-0.000119513297975
0.0
-0.00679925632296
-0.000271344037483
0.0
-0.00024017466514
-0.000192376171344
-0.00594217884044
-0.00213371708214
-0.00425027812104
-1.8584532618e-05
-0.000166466066108
0.0
0.0
0.0
0.0
0.0
-0.020291156094
0.0
0.0
0.0
0.0
0.0
0.0
0.0
0.0
0.0
0.0
0.0135908564315
0.0255570930654
0.0260205934394
0.0140766838404
0.0185117417993
0.0255570930654
0.018346431098
0.0135908564315
0.119325967802
0.0274226673991
0.027574261942
0.123590746441
0.100626902884
0.0295988111834
0.119325967802
0.119325967802
0.0
0.0
-0.000101280518132
-0.000148110406693
-7.53375796178e-05
0.0270660810064
9.08661767107e-05
0.0019721013903
0.00127883366431
0.0248271415637
0.0243004558158
-0.000253745260283
0.0157779128475
0.0177745074328
0.0152665209993
0.0150797046196
0.000172912431025
0.0266301423443
0.0264853837628
-0.00679907456636
0.0259741737928
0.0266301423443
0.0214575918142
-0.0062528337183
0.015410306842
0.0264670687891
0.0263011870218
0.012354377735
0.0167110155769
0.0168979151935
0.0257381679226
0.0255485077769
0.0271533017966
0.0271533017966
0.0271533017966
0.0271533017966
0.0271533017966
0.0271533017966
0.0271533017966
0.0271533017966
-0.00288906143181
0.000231175116698
0.00466681773139
0.00425374382394
-0.00229340431406
0.00115315346862
0.000713550366738
0.000254548183974
0.00358535622422
0.00470960633731
0.0606891460648
-0.00411763385154
-0.00133646129623
0.00311416868358
0.00142031860791
0.000134118021016
0.0
-0.020291156094
-0.020291156094
-0.0013134028857
-0.000172780638813
0.000213677668189
-0.000911212923625
-4.27866553191e-05
-0.000459651578475
0.00101246643479
-0.00123815525591
-0.000673720741869
-0.000478186055538
-0.000535068430231
-0.000514978992846
-0.00052523814119
0.114126206281
0.108504445225
0.099450494531
-0.00106574606482
0.118170064501
0.120963797984
0.129651395262
-0.00491540183755
0.116986050795
0.118955187767
0.0048154999345
0.115551060374
0.00434089451611
0.000241178343713
0.0107917261687
-0.0013134028857
0.0
-0.020291156094
0.0
0.0
-0.00609340934346
0.0
0.0
-0.020291156094
0.0008291125682
-6.14478169237e-05
-0.000375678179055
0.0581576868062
0.00164960848631
0.000870002517496
0.000396400201501
0.0
0.0
0.00130273841967
0.00385619097543
0.0209236291234
0.039095079447
0.00570585736923
0.000958377908086
0.001392682298
0.0
0.0
0.00960063376478
0.00960063376478
0.0
-0.020291156094
0.0026544501737
0.0119967539293
0.0
0.0
0.0
-0.000894662386431
0.000213677668189
-0.000911212923625
0.0
-0.00831124199697
0.0
-4.27866553191e-05
-0.00781680405849
-0.00649193107685
-0.000172780638813
-0.020291156094
-0.020291156094
-0.00716126698962
0.0
-0.00609340934346
-4.27866553191e-05
0.0
0.0
-0.020291156094
-0.020291156094
-0.00609340934346
0.0
-0.00609340934346
0.0
-0.020291156094
-0.00609340934346
-0.00609340934346
-0.00609340934346
0.0
0.0
0.0
0.0
0.0
0.0
0.0
0.0
0.0
0.0008291125682
-6.14478169237e-05
0.00294414003317
0.0614711544401
0.0715549915373
0.00113240596939
0.000583927948541
0.0
0.0
0.00101113099802
0.00517372276753
0.0175256522105
-0.00176852755942
0.0631519289911
-0.00325040678596
0.00844592991998
0.0
0.0
0.00960063376478
0.00324959211428
0.00324959211428
0.00304651982002
0.0
0.0119967539293
0.0
0.0
0.0
-0.00654057083418
0.0
-0.000735069220243
0.0
-0.00831124199697
0.0
-4.27866553191e-05
-0.00781680405849
0.000213677668189
0.0
-0.020291156094
-0.020291156094
-0.00609340934346
0.0
-0.00609340934346
-4.27866553191e-05
-0.020291156094
-4.27866553191e-05
-0.00649193107685
-0.000172780638813
0.0
0.0
-0.00609340934346
0.0
0.0
0.0
-0.00609340934346
-0.00609340934346
0.0
0.0
0.0
0.0
0.0
0.0
0.0
0.0
0.0
-6.45078337112e-05
0.000995869049964
3.88740724347e-05
0.000117454488801
-5.13893105469e-05
-5.13893105469e-05
-5.13893105469e-05
-5.13893105469e-05
-0.000663968775634
-0.000475879557112
-0.0002036795631
-0.000791932418202
0.00066740994342
0.00066740994342
0.00066740994342
0.00066740994342
0.0077268854976
0.0101637577193
0.00904194700826
0.0119144534133
0.00229579520679
0.00229579520679
0.00229579520679
0.00229579520679
0.00672953982679
0.00866274962287
0.0071885933102
0.0058337297931
0.00212941857671
0.00212941857671
0.00212941857671
0.00212941857671
0.0
0.0
0.0
-0.00028758165663
-0.000945871836218
0.0
0.0
0.0
-0.00121156171866
-0.00134054205411
-0.00156693491013
-0.00177812930063
-0.00139292651514
0.0
0.0
0.0
0.000392364234369
0.000524359623195
-0.000394868587664
0.000382380797511
0.00104845540053
0.0
0.0
0.0
-0.000595571655582
-0.000647889827791
-0.000732235615822
-0.000898549308645
-0.00113069184385
0.0
0.0
0.0
-0.000104809847383
-0.000131432141324
0.0
0.0
-2.13396133936e-05
-1.95690491987e-05
-0.000196149768906
-0.000108441854952
-0.00106854847969
-0.00108636917688
-0.00106204044047
-0.00109855829909
-0.00108212689055
-0.00114296597022
-0.00117723282293
-0.00107470208785
0.000904765408511
5.70381507994e-05
1.60462499392e-05
-6.75123417295e-05
0.000234433798335
2.94491355927e-05
0.00105439837294
0.00102005827757
-0.000160463242733
-0.000262575322445
-0.000555086305117
-0.000411224694372
-0.00044120463852
-0.000455425932374
-0.000459884744697
-0.000481391092134
-6.61289698256e-05
0.0
0.0
-3.86009296804e-05
-0.000560247516444
-0.00139720251864
-0.000960033249586
-0.000900483778748
-0.00127335334225
-0.00123279598668
-0.00128832079505
-0.00148587044373
-0.00169985372185
-0.00133104504654
-0.00111374055631
-0.000735132031268
-0.000340349964671
-0.000158920052518
-2.00989217465e-05
0.000141701473776
0.000331175142323
-6.75506323728e-05
-0.000346242471348
-2.98137022416e-05
-0.000718812347052
-0.000627265323383
-0.000669941248293
-0.000817732239898
-0.00104873003931
-0.0014379429815
-0.00152936870558
-0.00100936180142
-0.000184859820721
0.000282402403832
-8.8349890209e-05
0.000275232985397
0.000975477414725
0.00189828889382
-0.000253016081595
0.00460250215305
-0.00544559737773
0.00429913430258
0.0
0.0
0.0
0.0
-0.000195279119219
0.0
-0.00101796223905
-0.00060033832439
-0.00101490719785
-0.000701693972511
-0.000344543217226
-0.000133880891409
-0.000720559003902
-0.000814498434167
-0.00641948995699
-0.00764518011876
-0.000955400445293
-0.00719826118463
0.00197510910768
-0.00399892524293
0.00191775014403
-0.00606934686698
-3.56548091053e-05
0.0909432127206
-0.00243475264511
0.00077916708475
-0.00341361438312
-0.00378395070942
0.0
-0.00609340934346
-0.020291156094
0.0
-0.0013134028857
0.0
0.0
0.000213677668189
-0.0013134028857
0.000213677668189
-0.000172780638813
0.0
0.0
-0.00609340934346
-0.00609340934346
-0.00609340934346
0.0
-0.00609340934346
-0.00716126698962
-0.000911212923625
-0.00716126698962
-0.0013134028857
-0.00781680405849
-0.000172780638813
-0.000894662386431
0.000213677668189
-0.000172780638813
0.0
0.0
-0.00609340934346
-0.00609340934346
-0.00609340934346
0.0
-0.00609340934346
0.0
0.0
-0.00742274136307
-0.0013134028857
-0.00654057083418
-4.27866553191e-05
-0.00781680405849
0.0
-0.000206310845458
-0.000959661889315
0.00679674607799
0.00621326839722
-0.000207706527491
0.00100609937548
0.0017969703062
0.000919731906189
0.00460057993937
0.0954864950407
0.00627784726754
0.00380341767678
0.0
0.0
0.0
0.0
0.0191570715046
0.0
0.0
0.0191570715046
0.0
0.0179008679213
0.0179008679213
0.0191570715046
0.0179008679213
0.0179008679213
0.0
0.0
0.0
0.0
0.0
0.0
0.0693674691552
0.00634533372511
0.0172351515068
0.00655575340192
0.0706605406513
0.0184105331877
0.0672298697658
0.0276520343643
0.00936014593577
0.0133112790474
0.0279403055925
0.0268741728685
0.00901714239641
0.00901714239641
0.00901714239641
0.00901714239641
0.0
0.0
0.0
0.0
0.0
0.0
0.0
0.0
0.15471508941
0.0175404545759
0.139302544928
0.0
0.0
0.0
0.0
0.0
0.0
0.0
0.0
0.0
0.0
0.0
0.0019641070605
0.00320896614274
0.0
-0.020291156094
0.0
0.0
0.0
0.0
0.0
0.0
0.0606805132674
0.0205375734634
0.0420186976323
0.0
0.0
0.0
0.0
0.0
0.0
0.0
0.0
0.0
0.0
0.0
0.0188323574366
0.0274421247355
-0.000372935673387
0.0
0.0
0.0
0.0
0.0
0.0
0.0
0.0
0.0
0.0
0.0
0.0
0.0
0.0
0.0
0.00264422369292
0.000628116881892
0.000580894609807
0.0
-0.020291156094
0.0
0.0
0.0
0.0
0.0
0.0
0.0
0.000537974305291
0.0
0.000537974305291
0.0
5.05426202212e-05
0.0
0.0
0.0
0.0
0.0
0.0
0.0
0.0
-0.00141566617923
-0.0010728610721
-0.00105718845248
2.69516132806e-05
-4.08973873648e-05
0.000294244074802
-3.58045711793e-05
0.0
0.0
0.0
0.0
0.0
0.0
0.0
0.0
0.0
0.0
0.0
0.0
0.0
0.0
0.0
0.0
0.0
0.0
0.0
0.0
0.0
0.0
0.0
0.0
0.0110712835575
0.000122236876979
0.00111794177941
0.0116906568001
0.0116906568001
0.000104492409548
0.00111794177941
0.000122236876979
0.0
0.0
0.0
0.0
0.0
0.0
0.0
0.0
0.00553895247035
-0.000161326492849
0.0112170116013
0.00637662615104
0.00552897048394
0.00672697547526
0.01293743885
-0.00013827039818
0.0
0.0
0.0
0.0
0.0
0.0
0.0
0.0
0.000822896167859
-0.00101600815761
0.00925227622012
0.000670584967279
0.00360752422921
0.00146767893793
0.0115657626686
-0.000768530301752
0.0
0.0
0.0
0.0
0.0
0.0
0.0
0.0
-0.000227357276505
-0.00081792790453
0.000212338801198
-0.000278688684637
-3.09369647807e-05
-0.000751507496293
0.000867440839208
-0.000898491579168
0.0
0.0
0.0
0.0
0.0
0.0
0.0
0.0
0.0168844560161
-0.000775683834027
-0.000256341039543
-0.000392181541686
2.22661161065e-05
-0.000670894301491
0.000556402176706
-0.000849743827605
0.0
0.0
0.0
0.0
0.0
0.0
0.0
0.0
-0.000366263048791
-0.000425536062272
-0.000123164387922
-9.97665415075e-05
-8.27419785076e-05
0.0
0.0
0.0
-0.000485760005301
-0.00014761483796
-0.000869425664898
-0.000391915579027
-0.000495525979682
0.0
0.0
0.0
0.0
0.0
0.0
0.0
0.0
0.0
0.0
0.0
0.0
0.0
0.0
0.0
-0.000152781211834
-0.00113291571026
-0.000624889049905
0.00040455580495
0.0
0.0
0.0
0.0
0.0
0.0
0.0
0.0
-4.71293586592e-05
-0.000185701633377
-0.000300259557337
0.00128136557694
-0.000222507646957
0.00610243221172
0.000214191940109
0.00414946091375
0.0
-8.2007305733e-05
-0.000196264231239
0.00374157969266
0.00817217073694
0.0218937784772
0.00185852209212
0.0134076352324
0.0
0.0
-4.32906454913e-05
0.000847012939649
0.0133276177934
0.00961503534705
0.0114111283463
0.0343275260104
0.0
0.0
0.0
0.0
0.0
5.75337493043e-05
0.000967820996663
0.00372634921048
0.0
0.0
0.0
-4.39466933134e-05
-7.08840873585e-05
0.00018166980349
0.00322842791576
0.00354123315662
0.0
0.0
0.00262335894541
-0.00161927886263
0.0758701209176
0.0
0.0
0.0
0.0
0.0
0.0
0.0
0.0
0.0
0.0
0.0
0.0
0.0
0.0
0.0
0.0
0.0
0.0
0.0
0.0
0.0
0.0
0.0
0.0
0.0
0.0
0.0
0.0
0.0
0.0
0.0
0.0
-5.41642740225e-06
0.0159752417181
0.0241245948499
0.0218356279679
0.0196096601113
0.0196096601113
0.0196096601113
0.0196096601113
0.0196096601113
0.0196096601113
0.0196096601113
0.0
0.0
0.0
0.0
0.0
0.0
0.0
0.0
0.0
0.0
0.0
0.0
0.0
0.00276999720945
0.0184054881773
0.0273052503675
0.0380630994516
0.0402406012968
0.0402406012968
0.0402406012968
0.0402406012968
0.0402406012968
0.0402406012968
0.0402406012968
0.0
0.0
0.0
0.0
0.0
0.0
0.0
0.0
0.0
0.0
0.0
0.0
0.0
0.0
0.0
0.0
0.0
0.0
0.0
0.0
0.0
0.0
0.0
0.0
-3.65626621294e-05
-4.88389744682e-05
0.0
0.0
0.0
-5.3814516605e-05
-0.000251906944897
-4.52343554657e-05
0.00115055814012
-2.98744843972e-05
0.000257784385563
0.000157476751499
-0.000169499746802
0.000277183822259
-0.000497209481831
0.00126119330309
0.0
0.0
0.000190224515451
0.000190224515451
0.0
0.00285197806599
0.00285197806599
0.000190224515451
-0.020291156094
-0.020291156094
-0.00609340934346
0.0
0.0
0.0
0.0
0.0
0.0
0.0
0.00255947759692
0.0
0.0
0.00233883908685
0.00886857518554
0.00139335008815
0.00761581142085
0.00761581142085
0.0
0.00761581142085
0.00179662595082
0.00311996270471
0.0107326819875
0.00625325934449
0.00354521010669
-0.0001145901926
0.00145609926587
0.0026089740679
0.00725427981645
-6.93017642395e-05
0.00731064651249
5.98270574167e-05
0.00725427981645
0.00725427981645
0.0
0.00725427981645
0.00155241134856
-0.00017378569076
0.00487178563669
0.000840735651161
0.0
0.0
0.0
0.0
0.0
-8.33311380456e-05
0.00158400877893
-0.00026252573184
0.00364760186208
0.0
0.000195617225726
0.0
0.0127375963301
-0.000303391370741
0.00129699423723
-0.000294382705871
0.0
0.0
0.0
0.0
0.0
-6.6485956578e-05
0.000141613522559
-0.000529824950061
0.00262466897369
0.003695846884
0.0111185053204
0.0123060313898
0.00442949691919
0.00441723067867
0.00320014514663
0.00531254434571
0.0
0.00440396620648
0.0102517998369
0.0105989616666
0.0213191434681
0.00490668170061
0.0974077780724
0.00262466897369
0.0
-0.000526883068411
-0.00276278272366
-0.00477125204076
-0.00227393346249
-0.00654697160385
-0.00574908363886
-0.00538584223995
0.0
-0.00022141912284
-0.00426227932977
-0.00437757693622
-0.000402618743235
-0.000237388508107
-0.00409910290941
-0.0103668075674
0.0
-0.000234831884263
0.0
-0.00679925632296
-0.000357736261299
-0.000361996231003
-0.00590499459071
0.0
-0.00609340934346
-0.000188703853267
-0.00337627127035
-0.00741875573324
-0.000205264915136
3.34779878815e-05
-0.00603606903733
-0.00812380708216
0.0
0.0
0.0
0.0
0.0
-0.00609340934346
0.0
0.0
0.0
0.0
0.0
0.0
0.0
0.0
0.0
0.0
-0.00188664214126
-0.00488926928386
-0.00231697574977
-0.00388221059776
-0.00330782520718
-0.00461592264511
-0.00388221059776
-0.00188664214126
0.00262466897369
0.0025051921413
0.121027741252
0.00262466897369
0.00436346700803
0.121027741252
0.00262466897369
0.00262466897369
0.0
0.0
-6.03027403131e-05
-2.52076348506e-06
-0.00248052787813
0.000769904668142
0.0253162647723
0.0403154433304
-0.020291156094
-0.00415905061126
-0.00557923153871
-0.0103999540917
-0.00326700346181
-0.00562462723066
-0.020291156094
-0.0103999540917
0.0
-0.00886736292583
-0.00603333510416
-0.00609340934346
-0.00589917071082
-0.00898689623487
-0.020291156094
-0.00609340934346
-0.0145148343784
-0.00781419250166
-0.00595265943493
-0.00588257194664
-0.0060472728947
-0.0143393563543
-0.00609340934346
-0.00413098706077
-0.020291156094
-0.020291156094
-0.00609340934346
-0.00609340934346
-0.00609340934346
-0.00609340934346
-0.020291156094
-0.00609340934346
0.00270652517594
-0.00247520688432
0.00100499574704
-0.00467137006661
0.00115524856897
0.000488004423502
-3.16970011192e-05
0.00120253921265
0.0416489821135
0.0692441264087
0.00472263276753
0.0904752277081
0.000509988218034
0.00279769312278
0.0205219428626
0.0340555029342
-0.000172780638813
-0.000911212923625
-0.0013134028857
-0.020291156094
0.0
0.0
-0.020291156094
0.0
-0.00127183965409
-0.00123815525591
0.000838105751817
0.00082197400779
-0.000525898392944
-0.00122328048994
-0.00122595273519
-0.00122310541488
-0.000877866896743
-0.00124489057943
-0.00188062548807
0.11349973584
0.00887760568623
-0.000176974458265
0.000854789397079
0.05599856259
0.0061496228584
0.00525953654402
0.0908480239184
-0.00075396294861
0.095620900789
0.0260942050582
0.153750982455
-0.020291156094
0.0
-0.00609340934346
0.0
0.0
-0.020291156094
0.0
0.0
-0.00609340934346
-0.00122056818516
0.00213024068825
0.00460987007846
0.00466568285315
0.00148041430834
0.000462373489625
0.000934243605769
0.0
0.0
0.001578114687
-0.00191183463023
0.000730428648551
0.000537945877549
0.0386596157191
0.0467455162518
0.0678185052922
0.0
0.0
0.15471508941
0.15471508941
0.0
-0.000911212923625
0.15471508941
0.158982010377
-0.00831124199697
-0.00831124199697
-0.00831124199697
-0.020291156094
0.0
-0.020291156094
-0.00831124199697
0.0
-0.00831124199697
0.0
-0.020291156094
-0.020291156094
0.0
-0.00716126698962
-0.00716126698962
-0.020291156094
0.000213677668189
-0.020291156094
0.0
-4.27866553191e-05
0.0
-0.00716126698962
-0.00716126698962
-0.020291156094
0.0
-0.020291156094
0.0
-0.00609340934346
-0.020291156094
-0.020291156094
-0.020291156094
0.0
0.0
0.0
0.0
0.0
0.0
0.0
0.0
0.0
-0.00122056818516
0.00213024068825
0.0467744776208
0.00763769733013
0.00436083719396
0.00154116265774
0.0016811916433
0.0
0.0
5.56079549457e-05
0.000985571904318
0.00466660887396
0.0489368805544
0.000848621749237
0.0465234235714
0.0564806285848
0.0
0.0
0.15471508941
0.158982010377
0.158982010377
0.15471508941
0.0
0.158982010377
-0.00831124199697
-0.00831124199697
-0.00831124199697
0.0
-0.00606934686698
-0.020291156094
-0.00831124199697
0.0
-0.00831124199697
0.0
-0.020291156094
0.0
-4.27866553191e-05
-0.00609340934346
-0.00609340934346
-0.020291156094
0.000213677668189
-0.020291156094
0.0
-0.00781680405849
0.0
-0.020291156094
0.0
0.0
0.0
-0.020291156094
0.0
0.0
0.0
-0.020291156094
-0.020291156094
0.0
0.0
0.0
0.0
0.0
0.0
0.0
0.0
0.0
-0.00109371381862
-0.00111599204886
-0.00101924640814
-0.000960155927
-0.00012230271423
-0.00012230271423
-0.00012230271423
-0.00012230271423
-0.00180123496278
-0.00178853010271
-0.00176549706306
-0.00179532499327
-0.00191996969259
-0.00191996969259
-0.00191996969259
-0.00191996969259
0.000319249369436
0.0010799418152
0.00125128761397
0.000320692914719
0.00172718880044
0.00172718880044
0.00172718880044
0.00172718880044
-0.00143440340305
-0.00141784479086
-0.00137429708305
-0.00137869937412
-0.00112967189129
-0.00112967189129
-0.00112967189129
-0.00112967189129
0.0
0.0
0.0
-0.000368128108804
-0.00115657497718
0.0
0.0
0.0
-0.00103119126948
-0.00109577165827
-0.00131934179972
-0.00140976906319
-0.00109722856816
0.0
0.0
0.0
-0.000122692862052
-0.000303878112437
5.49093084208e-05
-0.000507382598659
-0.000162436930941
0.0
0.0
0.0
-0.000579690534529
-0.000603140722309
-0.000507091579568
-0.000706944086865
-0.000763692280929
0.0
0.0
0.0
-0.000189498679983
-0.000191863168818
0.0
-2.64039386724e-05
-4.24967062426e-05
-8.0262874335e-05
-0.000322046026261
-0.000205794367278
-0.00191955988882
-0.00128118191142
-0.00118097076393
-0.00134756265458
-0.00161456727651
-0.00177987954042
-0.00189675702974
-0.0019031606982
-9.52544474634e-05
0.000141833246589
0.000106474194183
-5.10252030879e-05
-7.54532646381e-05
0.000213634185346
-8.47952809237e-05
-2.42792726346e-05
-0.00113559774716
-0.000677476541432
-0.000640862849296
-0.000714914758574
-0.000771146689381
-0.000894140546926
-0.00122839527697
-0.0011334308924
-7.94312658292e-05
0.0
0.0
-7.32779405797e-05
-0.000696869055735
-0.00120986697341
-0.00125833378961
-0.000683538813767
-0.00126596999296
-0.00114465772187
-0.00128828334067
-0.00145126942721
-0.00163780814506
-0.00125533898802
-0.00101271554621
-0.00071357552057
-0.000512451086741
-0.000294370102654
-0.000305720961213
-0.000362825044434
-0.000570963617202
-0.000191946546304
7.0990016121e-05
-0.000240589679923
-0.000720575425311
-0.000659702820592
-0.00071733690409
-0.00090633572629
-0.00107428165682
-0.00143796954839
-0.00156662727628
-0.000943934146279
-0.000484749868723
-0.000667875742682
0.000595118034157
0.000732420655888
0.00151143038834
0.00269121622496
0.00517690106746
0.00215184679864
0.00429913430258
-0.00272201680289
0.0
0.0
0.0
0.0
0.0862343792718
0.0
0.00131448016203
0.00189184020205
0.0015984930101
-6.72032119382e-05
-0.000701781442506
-0.000743537576701
-0.000500188834487
-0.000334848043316
0.000829303329522
0.00214532785807
0.00209932948367
0.000534877322785
-0.00137348714918
0.000802583048752
-0.00039010153817
0.0
0.000516242911547
0.00656062058556
0.00180257225561
-0.00178533353052
-0.00135927177668
-0.00142757842599
0.0
-0.020291156094
-0.00781680405849
-0.00831124199697
-0.020291156094
0.0
0.0
0.0
-0.020291156094
0.0
0.0
0.0
0.0
0.0
0.0
0.0
0.0
0.0
0.0
0.0
0.0
0.0
0.0
0.0
0.0
0.0
0.0
0.0
0.0
0.0
0.0
0.0
0.0
0.0
0.0
0.0
0.0
0.0
0.0
0.0
0.0
0.0
-0.000501752779839
0.000602670175027
0.00330285172319
5.82533389329e-05
0.00240857197674
0.00352867188831
0.00369779992482
0.00511592976587
0.00737869328759
0.00262466897369
0.00533850378525
0.0939456309878
0.0
0.0
0.0
0.0
0.0179008679213
0.0
0.0
0.0179008679213
0.0
0.0191570715046
0.0191570715046
0.0179008679213
0.0191570715046
0.0191570715046
0.0
0.0
0.0
0.0
0.0
0.0
0.0109097044715
0.0260687935912
0.0179337619527
0.0156958700406
0.0183157785061
0.0209838027369
0.017594073374
0.0113229680783
0.0658002965531
0.0280017044273
0.0635767604147
0.0288924267351
0.0719993919632
0.0719993919632
0.0719993919632
0.0719993919632
