0.0
0.0
0.0
0.0
0.0
0.0
0.0
0.0
-0.00837787151676
0.0310653905836
-0.0170508283045
1.33226762955e-15
-1.60982338571e-15
-5.55111512313e-17
-1.11022302463e-15
-5.55111512313e-17
0.00245629040339
0.0025355608947
-2.08166817117e-17
0.0
-2.71050543121e-20
0.0
0.0127668638728
0.0139489036488
-4.13590306277e-25
-1.29246970711e-26
1.61558713389e-27
5.04870979341e-29
-3.15544362088e-30
0.0
1.54074395551e-33
3.85185988877e-34
0.00810203322578
0.00761702079921
2.93873587706e-39
-3.07648912129e-39
0.0
0.0
0.0
0.0
0.0
0.0
0.0
0.0
0.0
0.0
-0.00134197364842
-0.000665429902221
0.000128462238408
0.0
0.0
0.0
0.0
0.0
0.0
0.0
0.0
0.0
0.0
0.0
0.0
0.0
0.0
0.0
0.000465978599745
9.82374962739e-05
-6.72708613886e-05
0.000170693147786
-1.93783882641e-05
-0.00297606404958
0.0
0.0
0.0
0.0
0.0
0.0
-0.000104196064136
0.0
-0.000104196064136
0.0
0.000244173347501
0.0
0.0
0.0
0.0
0.0
0.0
0.0
0.0
0.000221184433508
0.000177342955282
-0.00384931603499
-0.00266678136221
-0.0020820221044
-0.00136272323138
-0.000448253332712
0.0
0.0
0.0
0.0
0.0
0.0
0.0
0.0
0.0
0.0
0.0
0.0
0.0
0.0
0.0
0.0
0.0
0.0
0.0
0.0
0.0
0.0
0.0
0.0
-0.00245287613757
-0.0036634722406
-0.00139845309453
-0.00143722223013
-0.00143722223013
-0.0643872045137
-0.00139845309453
-0.0036634722406
0.0
0.0
0.0
0.0
0.0
0.0
0.0
0.0
-0.0191180603144
-0.041983747258
-0.00237437877698
-0.0172810692155
-0.017476873384
-0.0320571183307
-0.00280217961866
-0.0553388863877
0.0
0.0
0.0
0.0
0.0
0.0
0.0
0.0
-0.00328063875517
-0.0263791523202
-0.000756377886774
-0.00426032010415
-0.0050437649239
-0.0261006194038
-0.00145483923203
-0.0444819219887
0.0
0.0
0.0
0.0
0.0
0.0
0.0
0.0
-0.00044831490781
-0.00314004844768
0.000132631138128
-0.000373311612479
-0.000214881648995
-0.00325953034497
-6.78156517006e-05
-0.00768209081702
0.0
0.0
0.0
0.0
0.0
0.0
0.0
0.0
-0.00245209717057
-0.00239310197704
-0.000461477170066
-0.000541884355804
-1.67891814854e-05
-0.000987282784132
-0.000124226699643
-0.0064937532285
0.0
0.0
0.0
0.0
0.0
0.0
0.0
0.0
0.000542559169909
0.000517356979633
0.000417944892607
0.000336157482516
0.000283671387889
0.0
0.0
0.0
0.0009028163213
0.000911979021253
0.000924150978784
0.000565416903923
0.000260030324164
0.0
0.0
0.0
0.0
0.0
0.0
0.0
0.0
0.0
0.0
0.0
0.0
0.0
0.0
0.0
-2.08091486704e-05
0.00409522004787
0.00660237064824
0.00872345856724
0.0
0.0
0.0
0.0
0.0
0.0
0.0
0.0
0.0
-0.000279799967136
-0.000958918099465
0.000110088403352
-0.0106366445686
0.000375036583535
-0.0390595215539
-0.0105173912886
0.0
4.88860515462e-05
-0.000383933344261
0.000332981524298
0.00132255570125
0.000338920646022
0.0078449060775
-0.00590958543402
0.0
0.0
6.1729107758e-05
8.60378228105e-05
0.000398102940423
0.00378101582787
0.0078833595683
6.02494517334e-05
0.0
0.0
0.0
0.0
0.0
-0.000830151767191
-0.00144934429414
-0.00234294342467
0.0
0.0
0.0
1.36839894982e-05
5.07374147508e-05
-0.000541111631121
-0.00271668289147
0.000505527710506
0.0
0.0
-0.00124801861932
-0.000624836432012
0.000218284645604
0.0
0.0
0.0
0.0
0.0
0.0
0.0
0.0
0.0
0.0
0.0
0.0
0.0
0.0
0.0
0.0
0.0
0.0
0.0
0.0
0.0
0.0
0.0
0.0
0.0
0.0
0.0
0.0
0.0
0.0
0.0
0.0
0.0
-0.00722024197105
-0.0121841802211
-0.0141317643838
-0.0147360894474
-0.0147360894474
-0.0147360894474
-0.0147360894474
-0.0147360894474
-0.0147360894474
-0.0147360894474
0.0
0.0
0.0
0.0
0.0
0.0
0.0
0.0
0.0
0.0
0.0
0.0
0.0
0.00031967480116
0.000846866624894
0.000417969448726
0.000211546871308
0.000198471854006
0.000198471854006
0.000198471854006
0.000198471854006
0.000198471854006
0.000198471854006
0.000198471854006
0.0
0.0
0.0
0.0
0.0
0.0
0.0
0.0
0.0
0.0
0.0
0.0
0.0
0.0
0.0
0.0
0.0
0.0
0.0
0.0
0.0
0.0
0.0
0.0
0.0
4.013722701e-05
0.0
0.0
0.0
0.0
5.40039817558e-05
0.0
-0.000792980269387
-0.00174246007062
-0.00281711968329
-0.00221026489468
-0.00278570299679
-0.000599895730941
-0.00242312916425
-0.000762324639884
0.0
0.0
-0.111023086957
-0.111023086957
0.0
-0.0329047461618
-0.0329047461618
-0.111023086957
0.00319868024051
0.00319868024051
-0.00297606404958
0.0
0.0
0.0
0.0
0.0
0.0
0.0
-0.00451166488571
0.0
0.0
-0.00414744635507
-0.000431042908197
-0.00121685089847
-0.00141810539622
-0.00141810539622
0.0
-0.00141810539622
-0.000247247199393
0.000874102010659
0.00126686355053
0.000365516681476
-0.00295828326105
-0.00634743904031
-0.000272312528215
-0.0136399813761
-0.0160332005908
-1.52857619215e-05
0.00114064200019
0.000409642464947
-0.0160332005908
-0.0160332005908
0.0
-0.0160332005908
8.38916438323e-06
-0.00945702711632
-0.00737598688956
-0.000541819421876
0.0
0.0
0.0
0.0
0.0
-1.57970872654e-05
0.000525315761961
0.000300229065682
-0.00144941401836
0.0
-0.00400913498858
0.0
-0.0160332005908
-0.020756872932
-0.000535175908902
-0.0175697682497
0.0
0.0
0.0
0.0
0.0
9.82838391143e-06
0.000452811526929
9.34517651515e-05
0.0338232729793
0.025470067877
0.0182338405491
0.0180843611734
0.02762449148
0.030369204313
0.0280362864692
0.00211968804165
0.0
0.0209384771705
0.0261158221226
0.0261158221226
0.00241610223552
3.6210437173e-05
-0.0133919918657
0.0237844770767
0.0
0.00195494186946
0.00188151329097
0.00297446249032
0.00179165665312
-0.000282534250055
-0.000621239802499
0.000199112761806
0.0
0.00115749861454
0.00237786778752
0.00230400933425
-0.00137749992329
0.000258840297673
-8.38743594215e-05
-0.00191067887372
0.0
0.00199771186072
-0.000754432247079
0.00285772342763
-2.08265195964e-05
0.0
-0.000917258199121
-0.000708458374201
0.0
-0.00128107317334
-0.00134931129577
0.00276197277055
-0.000707518312163
-0.000501906881809
-0.000271001300151
-0.000182826456707
0.0
0.0
0.0
0.0
0.0
-0.00297606404958
0.0
0.0
0.0
0.0
0.0
0.0
0.0
0.0
0.0
0.0
-0.0824341859397
-0.154940905716
-0.154157710778
-0.0810185709905
-0.108191805577
-0.154940905716
-0.110961455297
-0.0824341859397
0.0214727079676
-0.134554829467
-0.121805203915
0.0261158221226
-0.0861604797498
-0.123450454168
0.0214727079676
0.0214727079676
0.0
0.0
5.26293156823e-05
0.000109230765804
0.000152236485105
0.00362156293256
-0.00542620915847
-0.0107372312607
-0.00888645971198
-0.151060107513
-0.14796094381
-0.00119271528766
-0.0977305879351
-0.108786741292
-0.0927633349225
-0.0916800945689
-0.00330464181131
-0.161247831202
-0.160526121648
-0.00176976400779
-0.157963096562
-0.161247831202
-0.130070997145
-0.00407622213263
-0.0931409466595
-0.160263238949
-0.15941201511
-0.0860333297543
-0.10154637423
-0.102529222585
-0.155531040908
-0.154452233311
-0.164020829562
-0.164020829562
-0.164020829562
-0.164020829562
-0.164020829562
-0.164020829562
-0.164020829562
-0.164020829562
0.00134078662504
-7.50647263445e-05
1.49291470139e-05
-0.000972482692535
0.00146768219719
0.00140477657424
0.00126379029701
0.000358260511834
-0.0158645062915
-0.0193922018192
0.0133356392268
0.000182918971721
-0.000776251877926
-0.00785950552482
-0.0105686242349
0.000426886272161
0.0
-0.00297606404958
-0.00297606404958
0.000439650756193
0.00271543421009
0.000367616191889
0.00245629040339
0.0025355608947
-0.000194623658673
0.000196265378704
0.000577178524977
0.000581965174763
0.000141714399714
6.50290600855e-05
3.2362590942e-05
0.000113925484601
0.0247775514646
0.0236879714571
0.021817886963
-0.00626466226568
0.0256470703545
0.0262827224391
0.0282659375056
0.00118902086249
0.0256896329018
0.026160332542
-0.00827333404587
0.0253687553102
-0.00452043726347
-0.00175145989767
-0.0160454806658
0.000439650756193
0.0
-0.00297606404958
0.0
0.0
0.00319868024051
0.0
0.0
-0.00297606404958
0.000337502874537
0.000675126861384
0.000773723465119
0.0133266076856
0.000875267405784
0.00187498845405
0.000177788151452
0.0
0.0
-0.00124411372303
0.00118249488381
0.0051365921264
0.00899098893849
-0.00694258680541
-0.0067847497525
0.000534757152851
0.0
0.0
-0.0149391311995
-0.0149391311995
0.0
-0.00297606404958
-0.00907296002783
-0.0181396627358
0.0
0.0
0.0
0.000572952648302
0.000367616191889
0.00245629040339
0.0
0.00213495910549
0.0
0.0025355608947
0.00206019360864
0.00324836597841
0.00271543421009
-0.00297606404958
-0.00297606404958
0.00204709235192
0.0
0.00319868024051
0.0025355608947
0.0
0.0
-0.00297606404958
-0.00297606404958
0.00319868024051
0.0
0.00319868024051
0.0
-0.00297606404958
0.00319868024051
0.00319868024051
0.00319868024051
0.0
0.0
0.0
0.0
0.0
0.0
0.0
0.0
0.0
0.000337502874537
0.000675126861384
-0.00425386065713
0.0132177615969
0.0160823859128
0.00176605135306
0.000194933845792
0.0
0.0
-0.000123348989728
0.00162271312909
0.00442283617817
0.00163387458822
0.0143150452852
0.00295615147421
-0.0112394224166
0.0
0.0
-0.0149391311995
-0.00973091468911
-0.00973091468911
-0.011464428641
0.0
-0.0181396627358
0.0
0.0
0.0
0.00337271584548
0.0
0.00238104716276
0.0
0.00213495910549
0.0
0.0025355608947
0.00206019360864
0.000367616191889
0.0
-0.00297606404958
-0.00297606404958
0.00319868024051
0.0
0.00319868024051
0.0025355608947
-0.00297606404958
0.0025355608947
0.00324836597841
0.00271543421009
0.0
0.0
0.00319868024051
0.0
0.0
0.0
0.00319868024051
0.00319868024051
0.0
0.0
0.0
0.0
0.0
0.0
0.0
0.0
0.0
0.000475242469394
0.00094860858408
0.000439635654813
0.000390951951431
4.31271740778e-05
4.31271740778e-05
4.31271740778e-05
4.31271740778e-05
0.00185793675668
0.00194025332627
0.00200019736224
0.00183368135397
0.00223304307826
0.00223304307826
0.00223304307826
0.00223304307826
0.00112987735214
0.00188196451795
0.00107683357566
0.0017547491962
-0.000668333833163
-0.000668333833163
-0.000668333833163
-0.000668333833163
0.00109917984909
0.00124112138207
0.000345874326169
4.32690736269e-05
-0.00135543631945
-0.00135543631945
-0.00135543631945
-0.00135543631945
0.0
0.0
0.0
0.000268228577632
0.000579112763543
0.0
0.0
0.0
0.00116374876929
0.00135949891614
0.00149336418169
0.00172697061128
0.00125328655845
0.0
0.0
0.0
-0.00663448215509
-0.00724256502276
-0.00160952622659
-0.00734337541889
-0.0126789357366
0.0
0.0
0.0
-0.000405155346074
-0.000250001702767
0.000361420980036
0.000594441292458
0.000300703105379
0.0
0.0
0.0
9.42968447811e-05
8.07810290672e-05
0.0
0.0
2.4895076453e-05
1.00836291385e-05
8.76886019753e-05
9.75119140089e-05
0.00189018735354
0.00119003622377
0.00113822227589
0.0013821805586
0.00162715352098
0.00176442780081
0.00183221601709
0.0018550334608
-0.00559820038725
-0.00341079994445
-0.00388074332835
-0.0030632046064
-0.00409074834875
-0.00272992050343
-0.00757698198936
-0.00684403488752
-0.000810374474396
-0.00113873990518
0.000130950999741
-0.000695769778594
-0.000223900395717
-4.40709515644e-05
-0.000585642071979
0.000215964352946
5.54228319003e-06
0.0
0.0
2.12594986727e-05
0.000485736299475
0.00120308983271
-0.000112131005421
0.000744756702255
0.00130989608258
0.00125007143045
0.00130474586025
0.00152288346483
0.00165207096841
0.00136951350806
0.00102358521012
0.000813724113213
-0.00257733652506
-0.00354073238859
-0.00406889629172
-0.0052023220282
-0.00720970855342
-0.00628877396241
-0.00483408297735
-0.00471253031746
0.00037151204602
-0.000268855691354
-0.000141432734899
0.000575908137447
0.000461006447379
0.00133706336824
0.00122942415227
0.000857896681206
0.000411539472498
0.000497583710855
0.000136068964436
-0.000162340872017
-0.0011047736671
-0.000440130802292
0.000372539906227
-0.00230242143983
0.00163043379709
-0.00109763714386
0.0
0.0
0.0
0.0
-0.00141932294758
0.0
0.000556487500862
0.000698149584599
0.000568721800863
0.000100141425843
-0.000165139301531
7.49723827785e-05
0.00045160739198
-8.72933117077e-05
0.00182213297608
0.00198471406877
0.0022793870632
0.00187105886454
-0.00866522322405
0.00242429146772
-0.00661701497553
0.00329391271823
-0.00145825924949
0.0186620377822
0.00108610389407
0.00120264627878
0.00209339192698
0.00220774568362
0.0
0.00319868024051
-0.00297606404958
0.0
0.000439650756193
0.0
0.0
0.000367616191889
0.000439650756193
0.000367616191889
0.00271543421009
0.0
0.0
0.00319868024051
0.00319868024051
0.00319868024051
0.0
0.00319868024051
0.00204709235192
0.00245629040339
0.00204709235192
0.000439650756193
0.00206019360864
0.00271543421009
0.000572952648302
0.000367616191889
0.00271543421009
0.0
0.0
0.00319868024051
0.00319868024051
0.00319868024051
0.0
0.00319868024051
0.0
0.0
0.00208734657599
0.000439650756193
0.00337271584548
0.0025355608947
0.00206019360864
0.0
-0.000890942841482
-0.0010596184891
0.00148140188053
0.00117962910415
-0.000577785934353
-0.00805484190409
-0.00227908234214
-0.00736023068799
-0.00148066082517
0.0187317899146
-0.0295978049853
-0.00876758893986
0.0
0.0
0.0
0.0
-0.00652921719628
0.0
0.0
-0.00652921719628
0.0
-0.097806491553
-0.097806491553
-0.00652921719628
-0.097806491553
-0.097806491553
0.0
0.0
0.0
0.0
0.0
0.0
0.00440537142018
-0.00251162430393
-0.0754232118087
-0.00525331857769
-0.0559613006021
-0.0114165476148
-0.0483130454928
-0.0110381446689
-0.0344196352371
-0.00444806517063
-0.00199291555635
-0.0753143711801
-0.0298402809281
-0.0298402809281
-0.0298402809281
-0.0298402809281
0.0
0.0
0.0
0.0
0.0
0.0
0.0
0.0
0.0338232729793
-0.00998461549411
0.0295696928472
0.0
0.0
0.0
0.0
0.0
0.0
0.0
0.0
0.0
0.0
0.0
-0.010126524742
-0.0146855468195
0.0
-0.00297606404958
0.0
0.0
0.0
0.0
0.0
0.0
0.0112775714218
0.00331314731095
0.00761702079921
0.0
0.0
0.0
0.0
0.0
0.0
0.0
0.0
0.0
0.0
0.0
0.0018973836414
0.00351977636461
0.000202996369367
0.0
0.0
0.0
0.0
0.0
0.0
0.0
0.0
0.0
0.0
0.0
0.0
0.0
0.0
0.0
0.000624793673456
-3.47655013451e-05
0.000106996149403
0.0
-0.00297606404958
0.0
0.0
0.0
0.0
0.0
0.0
0.0
-6.84806969442e-05
0.0
-6.84806969442e-05
0.0
-0.000508188053
0.0
0.0
0.0
0.0
0.0
0.0
0.0
0.0
0.00014159895164
0.000135443390099
0.000177342955282
-0.00267361781306
-0.00169247782511
-0.00143357173043
-0.00147292170131
0.0
0.0
0.0
0.0
0.0
0.0
0.0
0.0
0.0
0.0
0.0
0.0
0.0
0.0
0.0
0.0
0.0
0.0
0.0
0.0
0.0
0.0
0.0
0.0
-0.0612083588106
-0.00139845309453
-0.0036634722406
-0.0643872045137
-0.0643872045137
-0.00143722223013
-0.0036634722406
-0.00139845309453
0.0
0.0
0.0
0.0
0.0
0.0
0.0
0.0
-0.0318385281008
-0.00278043740148
-0.053748160824
-0.0348433865951
-0.0288017247257
-0.0273710705112
-0.0553388863877
-0.00280217961866
0.0
0.0
0.0
0.0
0.0
0.0
0.0
0.0
-0.00993533275295
-0.000872288331136
-0.0333601653319
-0.00880953133364
-0.0217691449065
-0.00795930935983
-0.0444819219887
-0.00145483923203
0.0
0.0
0.0
0.0
0.0
0.0
0.0
0.0
-0.0026446882199
-0.000118225087003
-0.00495694669535
-0.00247015820471
-0.00358051599229
-0.000592013258689
-0.00780879555107
-6.78156517006e-05
0.0
0.0
0.0
0.0
0.0
0.0
0.0
0.0
-0.0769043719049
-0.000564601969502
-0.0023367480381
-0.0017057111537
-0.00375930318756
-0.000377409867243
-0.00683007595821
-0.000124226699643
0.0
0.0
0.0
0.0
0.0
0.0
0.0
0.0
1.53382987708e-05
0.000315490098355
0.000324697007235
0.000254794758394
0.000191682416221
0.0
0.0
0.0
0.000326949492478
0.00110263345656
0.00109910961007
0.00074685292273
0.000581053086762
0.0
0.0
0.0
0.0
0.0
0.0
0.0
0.0
0.0
0.0
0.0
0.0
0.0
0.0
0.0
0.000120907782749
0.00113749552799
0.00130914120672
0.00108395131095
0.0
0.0
0.0
0.0
0.0
0.0
0.0
0.0
4.08824856377e-05
0.000155099679869
7.91292152439e-05
-0.00905904131954
-0.00266264707077
-0.0293872331875
-0.00325187444688
-0.0167679930595
0.0
5.69540756497e-05
0.000195601364482
0.000450053095182
0.0015056000599
0.00286629899377
-0.00151628772381
0.00192997140691
0.0
0.0
6.67693070746e-05
0.000577848377417
0.00357522467427
0.00189061300182
-0.00163476431492
0.0068401778583
0.0
0.0
0.0
0.0
0.0
-0.000604534958579
-0.00622601579241
-0.0175466063104
0.0
0.0
0.0
1.78172340188e-05
7.80073157623e-05
-0.00137564882634
-0.0118875935852
-0.0149465936084
0.0
0.0
0.000938809269926
0.00138063527602
0.0137918129167
0.0
0.0
0.0
0.0
0.0
0.0
0.0
0.0
0.0
0.0
0.0
0.0
0.0
0.0
0.0
0.0
0.0
0.0
0.0
0.0
0.0
0.0
0.0
0.0
0.0
0.0
0.0
0.0
0.0
0.0
0.0
0.0
9.22123170415e-05
0.00487317199685
0.00666148331868
0.00658116010318
0.0064430332651
0.0064430332651
0.0064430332651
0.0064430332651
0.0064430332651
0.0064430332651
0.0064430332651
0.0
0.0
0.0
0.0
0.0
0.0
0.0
0.0
0.0
0.0
0.0
0.0
0.0
0.00101220849033
0.00520931005426
0.00694979643448
0.00898022612869
0.00941676737257
0.00941676737257
0.00941676737257
0.00941676737257
0.00941676737257
0.00941676737257
0.00941676737257
0.0
0.0
0.0
0.0
0.0
0.0
0.0
0.0
0.0
0.0
0.0
0.0
0.0
0.0
0.0
0.0
0.0
0.0
0.0
0.0
0.0
0.0
0.0
0.0
3.13024172386e-05
-5.69506568647e-05
0.0
0.0
0.0
4.70862042694e-05
0.00018537025776
3.96015918404e-05
-0.0106757786607
-0.00382378877712
-0.00534214125613
-0.00472425407428
-0.00337653679479
-0.005705879527
-0.000926123411932
-0.0115359538929
0.0
0.0
-0.000439052600515
-0.000439052600515
0.0
-0.0128897686248
-0.0128897686248
-0.000439052600515
-0.00297606404958
-0.00297606404958
0.00319868024051
0.0
0.0
0.0
0.0
0.0
0.0
0.0
-0.0100280589474
0.0
0.0
-0.00923867169074
-0.0478394938796
-0.00655840601298
-0.00261379918988
-0.00261379918988
0.0
-0.00261379918988
0.000381691120617
0.00101218217019
-0.0266277221204
-0.000776087477428
-0.0160356918449
-2.97717847288e-05
-0.00687458545923
-0.00617354109074
-0.0317056459936
-5.17334514215e-06
-0.042427710784
-0.00197646424032
-0.0317056459936
-0.0317056459936
0.0
-0.0317056459936
-0.00764429010581
-0.0003828985331
-0.0271439253733
-0.00359377132369
0.0
0.0
0.0
0.0
0.0
1.24332515309e-05
-0.0109064098059
-0.00128121310489
-0.0208068821449
0.0
-0.00375893768441
0.0
-0.0639898105454
-0.00132412039197
-0.0064648035622
-0.00134520097216
0.0
0.0
0.0
0.0
0.0
3.93236465085e-05
-0.00228967125045
0.000163912907809
-0.00869873586393
-0.00873647350628
-0.00876979814978
-0.00976777724172
-0.0106263794819
-0.0110835907907
-0.00928532567026
-0.00172999100208
0.0
-0.00745879386795
-0.0127737087767
-0.0133919918657
0.0024980042626
-0.000896961240497
0.0198987490879
-0.00869873586393
0.0
0.000216279987615
-0.000234995609036
-0.000539686070347
-8.40913442482e-05
0.00190576799228
0.00301186131435
-0.000640873793166
0.0
-0.0017392694603
-0.000688577797065
-0.000542760391213
-0.000576408136421
-0.000693212489825
0.00157695451955
-0.00220151832267
0.0
-0.000656786179321
0.0
-0.000917258199121
0.00191021971996
-0.000780878668181
0.0028499590403
0.0
0.00319868024051
0.00172702471908
-0.00114494717582
-0.00194835775606
-0.000184164900631
-0.00044841131932
0.00311502211728
0.00149775758037
0.0
0.0
0.0
0.0
0.0
0.00319868024051
0.0
0.0
0.0
0.0
0.0
0.0
0.0
0.0
0.0
0.0
4.25419831092e-05
0.00130825609237
-0.00153673050885
0.00208044715093
0.00100775491488
0.00267210273151
0.00208044715093
4.25419831092e-05
-0.00869873586393
-0.00140999766412
0.0257019924046
-0.00869873586393
-0.00725020279859
0.0257019924046
-0.00869873586393
-0.00869873586393
0.0
0.0
4.9460879463e-05
-5.10478837263e-05
-0.000185271081623
-0.00430830085222
0.00649999963749
0.00956610154908
-0.00297606404958
-0.00282750747676
0.00237786778752
-0.00337534585216
-0.00190783950724
0.00239725872434
-0.00297606404958
-0.00337534585216
0.0
-0.00227133241932
0.00289872119172
0.00319868024051
0.00284234811516
-0.00223750254937
-0.00297606404958
0.00319868024051
-0.00196016054822
-0.00230048769814
0.00275201298881
0.0023464367348
0.00312034825397
-0.00287427313733
0.00319868024051
-0.00388855144603
-0.00297606404958
-0.00297606404958
0.00319868024051
0.00319868024051
0.00319868024051
0.00319868024051
-0.00297606404958
0.00319868024051
-0.0011648900284
0.000929551787084
0.000321202772504
0.00269882939219
0.000975341419806
0.000775845388031
-3.2570549719e-05
-1.19021366028e-05
0.00916766125769
0.015125849638
-0.0210935852556
0.0197254113598
0.000552650122431
0.00111606337375
0.0049372479645
0.00746867993162
0.00271543421009
0.00245629040339
0.000439650756193
-0.00297606404958
0.0
0.0
-0.00297606404958
0.0
0.00059717281102
0.000577178524977
0.000154837747349
0.000943085671249
-0.00070885961181
-0.000870334232208
-0.00094866882508
-0.00091795501851
-0.00675573790986
-0.00624007328214
-0.00463509842499
0.0249293525147
-0.0134323864409
-0.00759249964166
-0.0082632263264
0.0121488601249
-0.00978501674502
-0.00714638285091
0.0201023605148
-0.0044784591814
0.0207823375429
0.00644709642922
0.0333874574086
-0.00297606404958
0.0
0.00319868024051
0.0
0.0
-0.00297606404958
0.0
0.0
0.00319868024051
0.00184194771596
0.00158371920131
0.00150710180013
-0.00513076690559
-0.000319311031455
-0.00103759458324
-0.000250343719052
0.0
0.0
-0.00338524982878
-0.00119675417913
-0.00420492563899
-0.000292217701033
0.00870142602756
0.0104927571319
0.0148761713193
0.0
0.0
0.0338232729793
0.0338232729793
0.0
0.00245629040339
0.0338232729793
0.0345545602479
0.00213495910549
0.00213495910549
0.00213495910549
-0.00297606404958
0.0
-0.00297606404958
0.00213495910549
0.0
0.00213495910549
0.0
-0.00297606404958
-0.00297606404958
0.0
0.00204709235192
0.00204709235192
-0.00297606404958
0.000367616191889
-0.00297606404958
0.0
0.0025355608947
0.0
0.00204709235192
0.00204709235192
-0.00297606404958
0.0
-0.00297606404958
0.0
0.00319868024051
-0.00297606404958
-0.00297606404958
-0.00297606404958
0.0
0.0
0.0
0.0
0.0
0.0
0.0
0.0
0.0
0.00184194771596
0.00158371920131
0.0106535173434
-0.00446987566804
-0.00678111876208
-0.000822378458262
-0.00062808363995
0.0
0.0
-0.00260121651058
-0.00315891105298
-0.00326873745947
0.0110069678133
-0.00395702728467
0.0102949950682
0.0126438707358
0.0
0.0
0.0338232729793
0.0345545602479
0.0345545602479
0.0338232729793
0.0
0.0345545602479
0.00213495910549
0.00213495910549
0.00213495910549
0.0
0.00329391271823
-0.00297606404958
0.00213495910549
0.0
0.00213495910549
0.0
-0.00297606404958
0.0
0.0025355608947
0.00319868024051
0.00319868024051
-0.00297606404958
0.000367616191889
-0.00297606404958
0.0
0.00206019360864
0.0
-0.00297606404958
0.0
0.0
0.0
-0.00297606404958
0.0
0.0
0.0
-0.00297606404958
-0.00297606404958
0.0
0.0
0.0
0.0
0.0
0.0
0.0
0.0
0.0
-5.4250796833e-05
0.000326673525714
0.000151911362917
0.000186870812939
0.000103477830194
0.000103477830194
0.000103477830194
0.000103477830194
0.00155970772954
0.00160042771432
0.00156981064863
0.00163276583929
0.00180772037636
0.00180772037636
0.00180772037636
0.00180772037636
-0.00889073958103
-0.0128779855107
-0.0138971503818
-0.00855488781831
-0.016294835543
-0.016294835543
-0.016294835543
-0.016294835543
0.000934106400587
0.000955559620192
0.000860564578298
0.000905316396868
0.000292458768019
0.000292458768019
0.000292458768019
0.000292458768019
0.0
0.0
0.0
0.000288696616708
0.001060832669
0.0
0.0
0.0
0.00101526382119
0.00112551591862
0.00132426086497
0.00146248062911
0.00105011606618
0.0
0.0
0.0
-0.00354082071802
-0.00234551517767
-0.00346828939028
-0.000769740562303
-0.00356664976291
0.0
0.0
0.0
9.64980025087e-05
0.00023471111901
-0.000440543391347
0.000298945553004
-0.000416367569492
0.0
0.0
0.0
0.000166317321871
0.000166965708988
0.0
2.37211339554e-05
-8.37993756466e-06
6.98358721886e-05
0.000172371591224
0.000180327203094
0.00180802152332
0.00132792096444
0.00119159606594
0.00140870256843
0.00155647320845
0.00169081644425
0.0017644435223
0.00177335881465
-0.00637184734654
-0.00559268231656
-0.00471686558378
-0.00374070251531
-0.00455568726205
-0.00663152426222
-0.00521230351952
-0.00682548574306
0.00031944277893
-0.00018226902493
0.00019448767135
0.000364169508481
-3.13255125855e-05
0.00013974672091
0.00114670754781
0.00033871728189
7.01071397832e-05
0.0
0.0
4.0959474648e-05
0.000569174119374
0.000428172360029
0.00107242187614
-3.33967591522e-05
0.00130468371901
0.0011988616212
0.00135190009294
0.001479015167
0.00169210972685
0.00122598495608
0.00105715479546
0.000650079728469
-0.00116862192208
-0.002769134362
-0.00242138005988
-0.00229196478487
-0.00209774137134
-0.00524368468424
-0.00745556161522
-0.00231255919573
0.00039338773704
0.000284379956266
0.000422792529473
0.000660204044862
0.000912988866499
0.00115809554313
0.00121498006491
0.000623177053583
0.00056072810424
0.000641627999727
0.000811074394196
0.00057734809458
7.58074013892e-05
-0.0031609920315
-0.00514141818971
-0.00248099047705
-0.00109763714386
-0.00103157781713
0.0
0.0
0.0
0.0
0.0199873056883
0.0
0.000431558188002
0.000294991930968
-8.35014229423e-05
0.000118389339129
0.000455689592756
0.000334272435783
0.000499948810915
0.000452034691303
-0.00375548536136
-0.00834872745105
-0.00807675780061
-0.00293036633013
-0.000729542706385
-0.00517909551475
0.000561358079737
0.0
0.0011028611022
-0.00830082889405
-0.00105107285322
0.000186318443846
0.000119413933038
-3.14895066492e-05
0.0
-0.00297606404958
0.00206019360864
0.00213495910549
-0.00297606404958
0.0
0.0
0.0
-0.00297606404958
0.0
0.0
0.0
0.0
0.0
0.0
0.0
0.0
0.0
0.0
0.0
0.0
0.0
0.0
0.0
0.0
0.0
0.0
0.0
0.0
0.0
0.0
0.0
0.0
0.0
0.0
0.0
0.0
0.0
0.0
0.0
0.0
0.0
-0.000205592206334
-0.00623596089691
-0.0020387815224
-0.00269956471905
3.31418384029e-05
0.000459779809495
0.000755005432439
0.000199966569564
0.000555523184825
-0.00869873586393
-0.00834085277136
0.0181887851029
0.0
0.0
0.0
0.0
-0.097806491553
0.0
0.0
-0.097806491553
0.0
-0.00652921719628
-0.00652921719628
-0.097806491553
-0.00652921719628
-0.00652921719628
0.0
0.0
0.0
0.0
0.0
0.0
-0.0403078510908
-0.0464602367111
0.00190748755601
0.0015603591975
-0.0174078128994
-0.0796241897379
-0.0172853808258
-0.0338918116265
0.010592123197
-0.0790316802077
-0.0633068207796
0.000643601178945
0.0112116728053
0.0112116728053
0.0112116728053
0.0112116728053
