0.0
0.0
0.0
0.0
0.0
0.0
0.0
0.0
0.000965612639835
0.00459333525812
0.0133663699303
-3.33066907388e-16
-1.31838984174e-16
-6.76542155631e-17
-1.66533453694e-16
-2.58473797921e-16
-0.112935204269
-0.139356838356
-2.77555756156e-16
6.93889390391e-18
-4.33680868994e-19
0.0
0.00234578082738
0.00112735187755
0.0
0.0
0.0
-1.61558713389e-27
3.02922587605e-28
6.31088724177e-30
9.86076131526e-32
-1.84889274661e-32
5.69028533184e-05
0.000245938810067
0.0
-2.46853813673e-37
0.0
0.0
0.0
0.0
0.0
0.0
0.0
0.0
0.0
0.0
1.04527159014e-05
-2.29910301937e-05
-0.00031011442272
0.0
0.0
0.0
0.0
0.0
0.0
0.0
0.0
0.0
0.0
0.0
0.0
0.0
0.0
0.0
-0.000848965339424
-0.000882073156373
-0.000872808080822
-0.000200736066924
-0.000115337537921
-0.000287985677254
0.0
0.0
0.0
0.0
0.0
0.0
-0.000949097913857
0.0
-0.000949097913857
0.0
0.00073516119968
0.0
0.0
0.0
0.0
0.0
0.0
0.0
0.0
-9.24955990976e-06
-1.68653061725e-05
2.58757993282e-05
-2.12742188033e-05
-1.21361085241e-05
-2.41901188129e-05
-0.000385345979857
0.0
0.0
0.0
0.0
0.0
0.0
0.0
0.0
0.0
0.0
0.0
0.0
0.0
0.0
0.0
0.0
0.0
0.0
0.0
0.0
0.0
0.0
0.0
0.0
5.76544294437e-05
5.72194041777e-06
-4.33263425625e-05
5.84246184362e-05
5.84246184362e-05
-0.00378714356287
-4.33263425625e-05
5.72194041777e-06
0.0
0.0
0.0
0.0
0.0
0.0
0.0
0.0
0.000284451631846
-0.000814250418505
0.000654760092259
0.00046589409314
-2.6176187616e-05
-0.00136667949293
0.000143271038269
-0.00123010022398
0.0
0.0
0.0
0.0
0.0
0.0
0.0
0.0
-0.000179713476077
-0.000872258312832
-8.46403833524e-05
-0.000109931704082
2.67572446508e-05
-0.00110672675476
0.000217733037211
-0.0011036789925
0.0
0.0
0.0
0.0
0.0
0.0
0.0
0.0
0.000288272145876
-5.11454046098e-06
0.000388352028799
-0.000161168563974
0.000447802281782
-0.000604396134322
-0.000110740949575
-0.000328360027378
0.0
0.0
0.0
0.0
0.0
0.0
0.0
0.0
0.000573304396644
-3.91378865112e-05
4.38033100481e-05
3.8299204102e-05
-0.000169403277107
-0.000733507265894
-0.0001577715879
3.15991254812e-06
0.0
0.0
0.0
0.0
0.0
0.0
0.0
0.0
0.000132455511167
5.8691949427e-05
6.74727221745e-05
7.06416245032e-05
0.000102451745322
0.0
0.0
0.0
-0.000130754074854
-0.000273087046071
-0.000368172467989
-0.000539577416095
-0.00063037866031
0.0
0.0
0.0
0.0
0.0
0.0
0.0
0.0
0.0
0.0
0.0
0.0
0.0
0.0
0.0
-0.00269000626163
-0.00108550264348
0.00189821955594
0.00147387528977
0.0
0.0
0.0
0.0
0.0
0.0
0.0
0.0
0.0
-6.60948456621e-06
-9.88067473533e-05
-2.75215005828e-05
0.000146309084231
0.000188428180813
0.000432171714447
-0.00172914600538
0.0
7.84747477845e-06
0.00045546310241
6.67716303996e-05
-0.00903572510312
-0.000260660398058
-0.0313715500341
0.00527901357947
0.0
0.0
2.0426350843e-06
0.000290067179578
0.000700892199382
0.00122061756948
0.000578743640916
-0.000144568646783
0.0
0.0
0.0
0.0
0.0
-0.000103675081995
-3.25768449919e-05
-0.000546943625488
0.0
0.0
0.0
-1.77156112415e-05
-2.247522809e-05
-7.94259861874e-05
0.000211448203839
-0.000117731182879
0.0
0.0
9.05836468748e-06
-3.5115855032e-05
-0.000113525523317
0.0
0.0
0.0
0.0
0.0
0.0
0.0
0.0
0.0
0.0
0.0
0.0
0.0
0.0
0.0
0.0
0.0
0.0
0.0
0.0
0.0
0.0
0.0
0.0
0.0
0.0
0.0
0.0
0.0
0.0
0.0
0.0
0.0
3.67578582902e-05
8.63291305432e-06
-1.69610189263e-05
-3.68969471073e-06
-3.68969471073e-06
-3.68969471073e-06
-3.68969471073e-06
-3.68969471073e-06
-3.68969471073e-06
-3.68969471073e-06
0.0
0.0
0.0
0.0
0.0
0.0
0.0
0.0
0.0
0.0
0.0
0.0
0.0
-1.32146553804e-05
-0.000103347898971
3.22213194e-05
3.57830881578e-05
3.92019651019e-05
3.92019651019e-05
3.92019651019e-05
3.92019651019e-05
3.92019651019e-05
3.92019651019e-05
3.92019651019e-05
0.0
0.0
0.0
0.0
0.0
0.0
0.0
0.0
0.0
0.0
0.0
0.0
0.0
0.0
0.0
0.0
0.0
0.0
0.0
0.0
0.0
0.0
0.0
0.0
0.0
1.99150490353e-06
0.0
0.0
0.0
0.0
4.62382552593e-06
0.0
-0.00450538902138
0.000848885298666
-0.000296123090366
0.000286134174138
0.0012514324766
0.00243401676853
0.000179303704413
-0.00443188049485
0.0
0.0
-0.000605040100504
-0.000605040100504
0.0
-0.00625364112485
-0.00625364112485
-0.000605040100504
-0.0108316110521
-0.0108316110521
-0.000287985677254
0.0
0.0
0.0
0.0
0.0
0.0
0.0
8.35841683597e-05
0.0
0.0
7.54164384078e-05
0.0468818604244
0.000127993771705
0.000182095106677
0.000182095106677
0.0
0.000182095106677
0.00122213008541
-0.000739971964806
-0.00180677539922
0.000674474522961
-5.77499903674e-05
-0.000205510582187
5.1082951054e-05
-0.000500843060441
-0.000581979232236
-1.11523006115e-05
-0.00245882050041
-0.00011538422418
-0.000581979232236
-0.000581979232236
0.0
-0.000581979232236
0.000165976268673
-0.00167544664647
-0.00323482795966
-0.000362285438707
0.0
0.0
0.0
0.0
0.0
-1.03524218682e-05
-0.00318521961363
-0.000570343366829
0.000222530059441
0.0
-2.88904578694e-05
0.0
-0.000581979232236
-0.0013732067641
-0.00365877824188
-0.00175357399396
0.0
0.0
0.0
0.0
0.0
-1.79721332225e-06
-0.00489515265289
-9.23793882077e-05
0.00516243934558
0.00461129615991
0.00273512300678
0.00250925026487
0.00422801924609
0.00463764149031
0.00501696667763
0.0409504453091
0.0
0.00342776051819
0.00411602169104
0.00411602169104
-0.000199844832963
-0.0123466306605
0.0113327858766
0.00406805200181
0.0
-0.0850419830172
0.0689824862333
-0.00997838846307
0.0736422893884
-0.00126562148663
-0.00122319465109
0.00113689417222
0.0
-0.0972061336061
-0.0108247825893
-0.0107088544454
1.65726187537e-06
-0.00102210817784
-0.000834768189063
-0.000127910121131
0.0
-0.125119872139
-0.00350895943935
-0.011059359806
-7.06491899571e-05
0.0
-0.00228782866804
-0.00231419866444
0.0
-0.000506739229679
-0.000516861114957
-0.0106436943777
-0.0221903827002
-0.00129216032291
-8.376374208e-05
-0.000637082806494
0.0
0.0
0.0
0.0
0.0
-0.000287985677254
0.0
0.0
0.0
0.0
0.0
0.0
0.0
0.0
0.0
0.0
7.43071188798e-05
6.29206968495e-06
0.000591731562745
7.00881743699e-05
4.185612733e-05
6.29206968495e-06
4.53726665375e-05
7.43071188798e-05
0.00406928765074
0.000294812092107
0.00847875865793
0.00411602169104
0.00287786937333
0.00847963805012
0.00406928765074
0.00406928765074
0.0
0.0
0.000268310211901
-0.000133006735874
-0.000171472746248
0.000825221453031
-2.45752811223e-05
-5.76229484552e-05
-6.46614991005e-05
-2.42402320446e-05
-4.64261843238e-05
-0.00244850901328
-0.00105938616579
1.5263377385e-05
-8.89659705128e-05
-9.10228124379e-05
-2.80160594448e-05
3.18599240043e-06
-0.000359722089294
-0.00134515561101
-0.000377335187898
3.18599240043e-06
5.36076354904e-05
-0.000117651048335
-7.5261765579e-05
-5.51341255097e-05
-0.000220670846381
-0.000312034550978
-0.000186110548356
-0.000149967215404
2.41711280079e-06
2.16704097162e-06
3.8639514471e-06
3.8639514471e-06
3.8639514471e-06
3.8639514471e-06
3.8639514471e-06
3.8639514471e-06
3.8639514471e-06
3.8639514471e-06
0.0378051488142
0.000584628975801
-0.057407189774
-0.00210190652936
0.0230175142502
-0.0249598603223
-0.028349244399
0.000778603371343
-0.00995221049287
-0.0664915617005
0.00182235353508
-0.0123320146084
-0.00334854051418
-0.0325589911909
0.024906981603
-0.00516140229298
0.0
-0.000287985677254
-0.000287985677254
0.00279646624544
-0.141544790574
-0.0335368783264
-0.112935204269
-0.139356838356
-2.24753962683e-05
2.74667615872e-05
-0.0010839323363
9.99755572939e-05
-0.00442767518742
-1.0488402295e-06
-1.13741062139e-05
-0.00348167574501
0.00382012613975
0.00355312801504
0.00337602706738
0.0868792039512
0.00394139899131
0.00401618288495
0.00427089931968
0.000414443765901
0.00393320916317
0.00399115468832
0.00882680716287
0.00393412220881
-0.106336469288
0.00434177472788
0.000835766021619
0.00279646624544
0.0
-0.000287985677254
0.0
0.0
-0.0108316110521
0.0
0.0
-0.000287985677254
-0.000459865410781
0.0005835005649
0.000619209925716
0.000910200791008
0.000994673077898
-0.0731331196986
0.000140876596137
0.0
0.0
0.0010042015598
0.000418473106989
0.000770846014404
0.00166696928809
-0.0585625099654
0.0738924703194
0.000218330397328
0.0
0.0
0.00280627923446
0.00280627923446
0.0
-0.000287985677254
0.00961624705894
0.0153879884862
0.0
0.0
0.0
-0.0186965328336
-0.0335368783264
-0.112935204269
0.0
0.11388062393
0.0
-0.139356838356
0.0993410806714
-0.000263679692016
-0.141544790574
-0.000287985677254
-0.000287985677254
0.0794014187549
0.0
-0.0108316110521
-0.139356838356
0.0
0.0
-0.000287985677254
-0.000287985677254
-0.0108316110521
0.0
-0.0108316110521
0.0
-0.000287985677254
-0.0108316110521
-0.0108316110521
-0.0108316110521
0.0
0.0
0.0
0.0
0.0
0.0
0.0
0.0
0.0
-0.000459865410781
0.0005835005649
0.00483538907665
0.0018626272231
0.00208300825071
-0.0644404914488
7.45213118671e-05
0.0
0.0
0.00136879566695
0.000573463869868
0.00156014216059
0.0383928810312
0.00266194675154
0.00040891324201
0.0106570776665
0.0
0.0
0.00280627923446
0.00920485844166
0.00920485844166
0.0807621308614
0.0
0.0153879884862
0.0
0.0
0.0
-0.00157585215657
0.0
-0.116519650909
0.0
0.11388062393
0.0
-0.139356838356
0.0993410806714
-0.0335368783264
0.0
-0.000287985677254
-0.000287985677254
-0.0108316110521
0.0
-0.0108316110521
-0.139356838356
-0.000287985677254
-0.139356838356
-0.000263679692016
-0.141544790574
0.0
0.0
-0.0108316110521
0.0
0.0
0.0
-0.0108316110521
-0.0108316110521
0.0
0.0
0.0
0.0
0.0
0.0
0.0
0.0
0.0
0.00146868185629
-0.000785692580288
0.000166474029205
0.000390907721871
-1.21171119766e-06
-1.21171119766e-06
-1.21171119766e-06
-1.21171119766e-06
5.46694598797e-05
4.11849891489e-05
3.1538450883e-05
5.11630492544e-05
0.000124835843491
0.000124835843491
0.000124835843491
0.000124835843491
-0.00190117943203
-0.00058426994118
0.00163759378574
-0.00187990177326
-0.00300753481672
-0.00300753481672
-0.00300753481672
-0.00300753481672
-0.00131248797029
-0.00116866625798
-0.000483227362304
-0.00437166596294
-0.00334526265909
-0.00334526265909
-0.00334526265909
-0.00334526265909
0.0
0.0
0.0
-2.9527068648e-05
8.21385154778e-06
0.0
0.0
0.0
0.000138088564809
0.000131307742531
0.000113912817999
0.000100932045459
4.86500730987e-05
0.0
0.0
0.0
3.93763766329e-05
-1.05540322626e-05
-2.25808457425e-05
-0.000115268980156
-0.000382631319278
0.0
0.0
0.0
6.16223390405e-05
5.39214556139e-05
2.81268956336e-05
4.18891126177e-05
0.000115105996199
0.0
0.0
0.0
4.46644594435e-06
4.29331504953e-06
0.0
0.0
6.76369786572e-08
-2.21315257215e-06
-1.95816755543e-06
4.37624494321e-06
5.63173394826e-05
0.000117129917084
9.18639789091e-05
0.000118363047602
9.62036756653e-05
5.07519524224e-05
7.06187529834e-05
6.48399748247e-05
-0.000540420442214
-0.000107091196328
1.79825590152e-05
-5.07371349787e-05
-0.000159401778684
-0.000284014328921
-0.000514036447656
-0.000422578171507
-0.000537480384565
-0.00011838980123
-1.5932289643e-05
-4.92235503276e-05
-0.00012614186528
-0.000164359929022
-0.000264336741788
-0.000387529372591
1.09799459952e-06
0.0
0.0
1.03860917883e-06
2.13113739093e-05
5.82539771523e-05
3.3849670329e-05
3.7345508556e-05
0.000137397240831
0.000113776492208
0.00011208931374
9.84865936234e-05
9.61845315399e-05
8.52859599115e-05
6.82275812828e-05
5.92461962607e-05
-3.33502493404e-05
9.13609917398e-06
-6.37455855756e-06
-2.99196336795e-05
-0.000250237871694
-0.000110269667025
-9.26195466222e-05
-6.26614671436e-06
1.96665540957e-05
7.73214177457e-05
7.73455894012e-05
3.42080512539e-05
9.89876647261e-05
7.91204203622e-05
7.7627733081e-05
3.35250422685e-05
-0.000653058844468
0.000756507518987
-2.01307951658e-06
0.000524774820862
0.0017357692655
0.00105591626304
0.000216289266118
-0.000361019400065
0.0705347031742
-0.00218216772802
0.0
0.0
0.0
0.0
0.0002983749182
0.0
0.000608058256938
0.00040011598055
0.000604363469235
0.00114659311265
0.000692535909217
-0.000306156284968
0.000556487413568
0.0014105376503
0.0695933047398
0.10321470043
-0.102064149311
0.0904996381658
7.9181335349e-05
-0.000825730306693
-0.000482863363735
-0.0130044057789
-0.000243706641397
0.0033701924649
0.0560661200032
-0.0635435463568
-0.007929498876
-0.00861680960574
0.0
-0.0108316110521
-0.000287985677254
0.0
0.00279646624544
0.0
0.0
-0.0335368783264
0.00279646624544
-0.0335368783264
-0.141544790574
0.0
0.0
-0.0108316110521
-0.0108316110521
-0.0108316110521
0.0
-0.0108316110521
0.0794014187549
-0.112935204269
0.0794014187549
0.00279646624544
0.0993410806714
-0.141544790574
-0.0186965328336
-0.0335368783264
-0.141544790574
0.0
0.0
-0.0108316110521
-0.0108316110521
-0.0108316110521
0.0
-0.0108316110521
0.0
0.0
0.0886209278611
0.00279646624544
-0.00157585215657
-0.139356838356
0.0993410806714
0.0
1.07653830979e-05
7.51323621012e-06
0.00318059052057
0.00132040977161
1.26276685727e-05
-4.65927787652e-05
0.00237358900624
-2.97061826666e-05
-0.00132721203115
0.00300985069297
-0.00572245611816
0.000585696235692
0.0
0.0
0.0
0.0
4.95656453655e-07
0.0
0.0
4.95656453655e-07
0.0
-0.00444773387728
-0.00444773387728
4.95656453655e-07
-0.00444773387728
-0.00444773387728
0.0
0.0
0.0
0.0
0.0
0.0
0.0043702409561
-0.00161908834009
-0.000377840619525
-0.00168127011869
0.00579017294408
-0.00377889639601
0.00627040561121
-0.00282161084237
0.000199519453366
-0.0017242140294
-0.000725304506633
7.32522538939e-06
-5.77299690286e-05
-5.77299690286e-05
-5.77299690286e-05
-5.77299690286e-05
0.0
0.0
0.0
0.0
0.0
0.0
0.0
0.0
0.00516243934558
0.00792658531567
0.00439822033234
0.0
0.0
0.0
0.0
0.0
0.0
0.0
0.0
0.0
0.0
0.0
-0.000470584628493
-0.000525916216298
0.0
-0.000287985677254
0.0
0.0
0.0
0.0
0.0
0.0
0.000539115795562
-0.000238245147621
0.000245938810067
0.0
0.0
0.0
0.0
0.0
0.0
0.0
0.0
0.0
0.0
0.0
-0.000195565303025
-0.000221177789187
5.07797114477e-05
0.0
0.0
0.0
0.0
0.0
0.0
0.0
0.0
0.0
0.0
0.0
0.0
0.0
0.0
0.0
1.48608871233e-06
-0.000910174860913
-0.000223498743633
0.0
-0.000287985677254
0.0
0.0
0.0
0.0
0.0
0.0
0.0
-0.000898185871992
0.0
-0.000898185871992
0.0
-1.45555711339e-05
0.0
0.0
0.0
0.0
0.0
0.0
0.0
0.0
0.000127538531775
-9.70660681367e-06
-1.68653061725e-05
5.50404262553e-05
4.63503284418e-07
6.92044140236e-06
2.3009474082e-05
0.0
0.0
0.0
0.0
0.0
0.0
0.0
0.0
0.0
0.0
0.0
0.0
0.0
0.0
0.0
0.0
0.0
0.0
0.0
0.0
0.0
0.0
0.0
0.0
-0.00358720515202
-4.33263425625e-05
5.72194041777e-06
-0.00378714356287
-0.00378714356287
5.84246184362e-05
5.72194041777e-06
-4.33263425625e-05
0.0
0.0
0.0
0.0
0.0
0.0
0.0
0.0
-0.000989279222097
0.000532373209183
-0.00196383719768
-0.0012475488697
-0.00102207632333
0.00029672602969
-0.00123010022398
0.000143271038269
0.0
0.0
0.0
0.0
0.0
0.0
0.0
0.0
-0.000397334055213
7.42355225879e-05
-0.00118271200989
-0.000295241745291
-0.00115289731839
-0.000176122737878
-0.0011036789925
0.000217733037211
0.0
0.0
0.0
0.0
0.0
0.0
0.0
0.0
0.000433543965034
-0.000157300425141
-0.000271159069665
0.00043316742692
-0.000564785648935
0.000372322888023
-0.000337121654654
-0.000110740949575
0.0
0.0
0.0
0.0
0.0
0.0
0.0
0.0
-0.00241751475654
0.000462628667143
-0.000669805297808
-0.000661292400449
-2.33009238769e-05
3.02011302621e-05
5.63783688707e-06
-0.0001577715879
0.0
0.0
0.0
0.0
0.0
0.0
0.0
0.0
2.3851371555e-05
0.000115752603219
1.51286505332e-05
2.47612792639e-05
-2.55878835241e-06
0.0
0.0
0.0
-2.63030617142e-05
4.65825545259e-05
5.08564544616e-06
-3.24515028992e-05
-4.02132483384e-05
0.0
0.0
0.0
0.0
0.0
0.0
0.0
0.0
0.0
0.0
0.0
0.0
0.0
0.0
0.0
5.91809505625e-06
5.90524089991e-05
3.37541441346e-05
7.18244485192e-05
0.0
0.0
0.0
0.0
0.0
0.0
0.0
0.0
1.92339610766e-06
2.99442669271e-06
-2.52587674147e-05
-0.000916329773661
-0.000373281370274
-0.000674325690487
-0.000524636252919
0.000978670079249
0.0
1.86499797504e-06
-1.52042648518e-05
-0.00183343492813
0.00116069280778
0.00767911044416
0.00149019270567
0.00366969379938
0.0
0.0
1.12478354321e-07
-1.56849335547e-05
-0.00218967063472
-0.00963319320346
0.00254367744059
-0.00717732080701
0.0
0.0
0.0
0.0
0.0
-9.97546562426e-05
-0.000667771658144
-5.08829591174e-05
0.0
0.0
0.0
1.31087179786e-06
6.43739660672e-07
0.000117628465446
-0.000651463391299
-3.49721666458e-05
0.0
0.0
-0.00186503942914
-0.00494485984738
0.000434396986677
0.0
0.0
0.0
0.0
0.0
0.0
0.0
0.0
0.0
0.0
0.0
0.0
0.0
0.0
0.0
0.0
0.0
0.0
0.0
0.0
0.0
0.0
0.0
0.0
0.0
0.0
0.0
0.0
0.0
0.0
0.0
0.0
8.0459312682e-06
-0.00147887340466
-0.00191157551169
0.00140784700957
0.00192832143047
0.00192832143047
0.00192832143047
0.00192832143047
0.00192832143047
0.00192832143047
0.00192832143047
0.0
0.0
0.0
0.0
0.0
0.0
0.0
0.0
0.0
0.0
0.0
0.0
0.0
-0.00219853826454
-0.000139024045301
-0.00453966094043
-0.0121915308639
-0.013126526415
-0.013126526415
-0.013126526415
-0.013126526415
-0.013126526415
-0.013126526415
-0.013126526415
0.0
0.0
0.0
0.0
0.0
0.0
0.0
0.0
0.0
0.0
0.0
0.0
0.0
0.0
0.0
0.0
0.0
0.0
0.0
0.0
0.0
0.0
0.0
0.0
1.49057424742e-06
-1.51823247202e-06
0.0
0.0
0.0
2.21447864533e-06
9.53025267605e-06
1.8452743318e-06
-6.10742070012e-05
6.8682558933e-05
-4.34313532729e-06
1.49243175261e-05
7.74036162516e-05
6.27417925769e-05
-8.39831093501e-06
-1.12067272532e-05
0.0
0.0
-2.04232013299e-05
-2.04232013299e-05
0.0
-0.000457030251617
-0.000457030251617
-2.04232013299e-05
-0.000287985677254
-0.000287985677254
-0.0108316110521
0.0
0.0
0.0
0.0
0.0
0.0
0.0
-0.000385390281298
0.0
0.0
-0.000354465615292
-0.000291186094468
-0.000147618370961
-0.00173412733619
-0.00173412733619
0.0
-0.00173412733619
-0.000336006558792
0.000541720222893
0.000689058553028
0.000229015403267
-0.0027500217641
4.61989941595e-05
-0.000254582705827
-0.000702684885173
-0.00562578324819
2.17496978693e-06
-0.000247224975704
4.69710174752e-05
-0.00562578324819
-0.00562578324819
0.0
-0.00562578324819
-0.00109810297407
0.000132093922028
-0.00011233977796
-3.33132322182e-05
0.0
0.0
0.0
0.0
0.0
1.43143725405e-06
-9.19799552211e-05
2.55909182193e-05
-0.00137549302009
0.0
1.34416183911e-05
0.0
-0.00496169344034
0.000241125727017
-6.27563413689e-05
0.000126179520197
0.0
0.0
0.0
0.0
0.0
1.0027666989e-06
-9.76013682184e-05
1.26891227925e-06
0.000995026992355
0.0013557488902
-0.0398773920478
0.00620829567954
0.0605806010711
0.062884877574
0.00163195515906
-0.00183074865927
0.0
0.00762798264011
0.00145730009796
0.0113327858766
0.00103087886211
0.000454136961925
0.00325397459145
0.000995026992355
0.0
0.00148978720925
-0.00096489288882
-0.00097493557812
-0.000124217337425
0.0709901705674
-0.00953158045662
-0.000133853789762
0.0
-8.84450883607e-05
-0.00181783379859
-0.00212137064019
-0.00359912673146
-7.17879237496e-05
-0.00512887136938
-0.000184885770151
0.0
-0.00104663715367
0.0
-0.00228782866804
-0.118700902475
-0.00342428500119
-0.0110345002935
0.0
-0.0108316110521
-0.121315190806
-0.000784885498646
-0.000518880633177
-0.00118437168144
-0.00051004141765
-0.0107803086796
0.0761345344444
0.0
0.0
0.0
0.0
0.0
-0.0108316110521
0.0
0.0
0.0
0.0
0.0
0.0
0.0
0.0
0.0
0.0
-0.000612632910474
-0.00948213840565
-8.17182493527e-05
-0.00680702527116
-0.0062724972617
-0.0100739767074
-0.00680702527116
-0.000612632910474
0.000995026992355
0.000445131083995
0.00406843517435
0.000995026992355
0.00105080322941
0.00406843517435
0.000995026992355
0.000995026992355
0.0
0.0
-0.000116576788664
-3.39638685887e-05
0.00103574458291
8.02235697897e-05
-0.00248708810055
-0.000788416235885
-0.000287985677254
-0.000168091139581
-0.0108247825893
-0.000155679581659
-0.000122823750845
-0.010832657497
-0.000287985677254
-0.000155679581659
0.0
-0.00167213573458
-0.0109742085049
-0.0108316110521
-0.0107308607448
-0.00178045002104
-0.000287985677254
-0.0108316110521
-0.000210390335283
-0.000963068142914
-0.0106381527894
-0.0106185778364
-0.0108729939516
-0.000382992804633
-0.0108316110521
-0.000318195034065
-0.000287985677254
-0.000287985677254
-0.0108316110521
-0.0108316110521
-0.0108316110521
-0.0108316110521
-0.000287985677254
-0.0108316110521
-0.00137434102345
0.0469436490712
0.000861786167161
-0.00928221130112
-0.000322586202412
0.000416351952858
0.000844188630018
5.43648420746e-05
0.000387844420901
0.00176559764547
-0.0815486191641
0.00271812003132
0.00162671055774
0.00150312330038
0.000679120510952
0.000366000432519
-0.141544790574
-0.112935204269
0.00279646624544
-0.000287985677254
0.0
0.0
-0.000287985677254
0.0
0.000462742990991
-0.0010839323363
2.5852667625e-05
6.36050640805e-05
4.75372057648e-05
4.23295208013e-05
4.21850770241e-05
4.14489704039e-05
0.0949039124396
0.0954827289583
0.0733018960363
0.00385855923802
0.0115236664008
0.0930774339051
0.0756919502407
0.00190639882872
-0.00403423212248
-0.0780833327579
0.00309475474829
0.00621228418616
0.00317117024094
0.00098062533942
0.00509694954181
-0.000287985677254
0.0
-0.0108316110521
0.0
0.0
-0.000287985677254
0.0
0.0
-0.0108316110521
0.023202450758
0.000205919218057
-0.000824601826964
0.0355165739815
-0.00137233520271
-0.000505096335773
-0.000131159236938
0.0
0.0
0.0306873891707
0.0315549304305
0.039792469086
-0.00563798408161
0.00191213912239
0.00132670807454
0.0023450615648
0.0
0.0
0.00516243934558
0.00516243934558
0.0
-0.112935204269
0.00516243934558
0.00525110579487
0.11388062393
0.11388062393
0.11388062393
-0.000287985677254
0.0
-0.000287985677254
0.11388062393
0.0
0.11388062393
0.0
-0.000287985677254
-0.000287985677254
0.0
0.0794014187549
0.0794014187549
-0.000287985677254
-0.0335368783264
-0.000287985677254
0.0
-0.139356838356
0.0
0.0794014187549
0.0794014187549
-0.000287985677254
0.0
-0.000287985677254
0.0
-0.0108316110521
-0.000287985677254
-0.000287985677254
-0.000287985677254
0.0
0.0
0.0
0.0
0.0
0.0
0.0
0.0
0.0
0.023202450758
0.000205919218057
0.000602912587496
-0.0305113747181
0.0420718850387
-0.000418380270665
-0.000309342725317
0.0
0.0
0.0281265162768
0.0354225115447
-0.0357296457886
0.00167505655476
0.00597111154354
0.00197356880256
0.00257324554885
0.0
0.0
0.00516243934558
0.00525110579487
0.00525110579487
0.00516243934558
0.0
0.00525110579487
0.11388062393
0.11388062393
0.11388062393
0.0
-0.0130044057789
-0.000287985677254
0.11388062393
0.0
0.11388062393
0.0
-0.000287985677254
0.0
-0.139356838356
-0.0108316110521
-0.0108316110521
-0.000287985677254
-0.0335368783264
-0.000287985677254
0.0
0.0993410806714
0.0
-0.000287985677254
0.0
0.0
0.0
-0.000287985677254
0.0
0.0
0.0
-0.000287985677254
-0.000287985677254
0.0
0.0
0.0
0.0
0.0
0.0
0.0
0.0
0.0
1.6944014099e-05
2.99543135546e-05
3.52692826992e-05
7.56474108955e-06
4.97977639874e-06
4.97977639874e-06
4.97977639874e-06
4.97977639874e-06
9.36553351157e-05
8.40237511143e-05
8.56014004053e-05
9.75672507177e-05
0.000126791486189
0.000126791486189
0.000126791486189
0.000126791486189
-0.000653077109089
-0.000507189389964
-0.000726788899679
-0.000694269446114
-0.000554151010837
-0.000554151010837
-0.000554151010837
-0.000554151010837
0.000116266488914
0.000101979329051
9.89752260217e-05
9.8079110771e-05
0.000114601619683
0.000114601619683
0.000114601619683
0.000114601619683
0.0
0.0
0.0
2.16278862034e-05
3.87373456189e-05
0.0
0.0
0.0
9.5279514756e-05
0.000131741368595
0.000113747075689
6.97090033524e-05
6.14054111507e-05
0.0
0.0
0.0
4.34937279064e-05
2.49869892873e-05
-3.05199278872e-05
-0.000132010395922
-4.37010322779e-05
0.0
0.0
0.0
-3.99671226778e-05
-1.42050994007e-05
-3.83265998598e-05
-9.65688204633e-05
1.54770252852e-06
0.0
0.0
0.0
6.57922023992e-06
7.74809723491e-06
0.0
1.07535020804e-06
1.94858208339e-06
3.25818104236e-06
2.3150574857e-05
7.31270005838e-06
0.000128923977935
0.00012190732868
0.000104866122851
0.000121443014648
0.00012325456327
0.000111543179673
0.000107703623182
0.000116157171766
-9.88296889656e-05
-6.04150622334e-06
2.15561684887e-05
1.87209808224e-05
-4.93428480781e-05
-8.3050803389e-05
-0.000139350980944
-0.000131145366266
0.000113942663508
8.23779604475e-05
-8.39558000929e-06
2.79859099791e-06
8.31562312097e-05
8.85648108894e-05
5.27175638503e-05
0.000112493966592
-1.39270084533e-06
0.0
0.0
2.87279332626e-06
1.17974786624e-05
3.44891145088e-05
3.78555482968e-05
5.44446777704e-05
0.000129407243866
0.000121187023803
0.000101910124877
0.000117089200369
9.85901525386e-05
4.60387717386e-05
5.70810743577e-05
5.69230733595e-05
-6.64406859995e-06
2.73697680959e-05
-2.25610792273e-05
-9.25164057311e-05
-1.30920203173e-06
-0.000431248648785
-0.000381943173959
-0.000131070027817
6.95638616279e-06
-1.47015775262e-05
1.95475191173e-05
3.17979343721e-05
7.54975327212e-05
8.92278742226e-05
7.06799273249e-05
5.77751040011e-05
0.00104961075871
7.3019329385e-05
0.000105705839759
-7.0158357478e-05
0.000762571315585
0.00313234775766
0.00250647757572
0.00249844553628
-0.00218216772802
0.000858956278129
0.0
0.0
0.0
0.0
-0.00709365342233
0.0
-0.000481500148516
-0.000538455673489
-0.000766964046863
0.000327728903043
-0.000891847160113
0.000432281228222
-0.00128692812506
0.000861608574624
-0.000473345912172
-0.000324268070444
-0.000314744768281
0.000371220823002
0.00186597925714
0.0008810974446
-0.0138398315938
0.0
-0.063867153983
-0.0468940310271
7.09142226335e-05
0.000833969637031
-0.000570043229454
-0.000539177945598
0.0
-0.000287985677254
0.0993410806714
0.11388062393
-0.000287985677254
0.0
0.0
0.0
-0.000287985677254
0.0
0.0
0.0
0.0
0.0
0.0
0.0
0.0
0.0
0.0
0.0
0.0
0.0
0.0
0.0
0.0
0.0
0.0
0.0
0.0
0.0
0.0
0.0
0.0
0.0
0.0
0.0
0.0
0.0
0.0
0.0
0.0
0.0
-1.36690477689e-05
-5.0446431462e-06
5.13800768743e-05
-0.000114335477732
6.4133658536e-05
0.00400983128958
0.00013412689666
0.00149059273048
-0.000192438788356
0.000995026992355
0.000595008979123
0.00284657281071
0.0
0.0
0.0
0.0
-0.00444773387728
0.0
0.0
-0.00444773387728
0.0
4.95656453655e-07
4.95656453655e-07
-0.00444773387728
4.95656453655e-07
4.95656453655e-07
0.0
0.0
0.0
0.0
0.0
0.0
-0.00190188904365
0.000399989396047
-0.00505075786773
-0.00521151514819
-0.0034910918597
0.00569889764885
-0.00335238328555
6.02052364209e-05
0.00117198001912
0.000558669059095
0.00118209104782
-0.000641806377976
0.000538449230285
0.000538449230285
0.000538449230285
0.000538449230285
