0.0
0.0
0.0
0.0
0.0
0.0
0.0
0.0
0.00153283861216
0.000563606397787
0.00061484334304
0.0
0.0
0.0
0.0
0.0
0.000371467853087
0.000324500653271
0.0
0.0
0.0
0.0
6.83159270044e-05
0.00226296508202
0.0
0.0
0.0
0.0
0.0
0.0
0.0
0.0
0.00183599053824
0.00119125897714
0.0
0.0
0.0
0.0
0.0
0.0
0.0
0.0
0.0
0.0
0.0
0.0
0.0221514393312
0.0113959505734
0.00102473890507
0.0
0.0
0.0
0.0
0.0
0.0
0.0
0.0
0.0
0.0
0.0
0.0
0.0
0.0
0.0
0.00049956021622
0.000704507997233
0.000247645235391
8.53949087555e-06
8.53949087555e-06
8.53949087555e-06
0.0
0.0
0.0
0.0
0.0
0.0
0.00065327105198
0.0
0.00065327105198
0.0
4.69671998155e-05
0.0
0.0
0.0
0.0
0.0
0.0
0.0
0.0
0.0191882359974
0.0112806674466
0.0110714499202
0.00555920855999
0.00274544631649
0.00146025293972
8.53949087555e-05
0.0
0.0
0.0
0.0
0.0
0.0
0.0
0.0
0.0
0.0
0.0
0.0
0.0
0.0
0.0
0.0
0.0
0.0
0.0
0.0
0.0
0.0
0.0
0.0
0.000785633160551
6.83159270044e-05
6.83159270044e-05
0.000721586978984
0.000721586978984
0.000516639197971
6.83159270044e-05
6.83159270044e-05
0.0
0.0
0.0
0.0
0.0
0.0
0.0
0.0
0.00533291205178
0.00382569191225
0.0026216236988
0.00456435787298
0.00373602725805
0.00303578900626
0.00397086325713
0.00389400783925
0.0
0.0
0.0
0.0
0.0
0.0
0.0
0.0
0.0165495333168
0.0140389229994
0.00839858927611
0.0191711570156
0.0138809424182
0.00759160738837
0.00853095138468
0.00892803771039
0.0
0.0
0.0
0.0
0.0
0.0
0.0
0.0
0.00353961896792
0.00356523744054
0.0068828296457
0.00368052056736
0.00436367983741
0.00580258404994
0.00668642135556
0.00549089263298
0.0
0.0
0.0
0.0
0.0
0.0
0.0
0.0
0.00453873940036
0.00431244289215
0.00396659351169
0.00407333714764
0.00526032637934
0.0032663552599
0.00508099707095
0.00421850849252
0.0
0.0
0.0
0.0
0.0
0.0
0.0
0.0
0.0024294851541
0.00144317395797
0.000751475197049
0.000375737598524
0.000187868799262
0.0
0.0
0.0
0.00677608600975
0.0108878508663
0.016570882044
0.0099912043244
0.00499133241676
0.0
0.0
0.0
0.0
0.0
0.0
0.0
0.0
0.0
0.0
0.0
0.0
0.0
0.0
0.0
0.000136631854009
0.00915860396403
0.0102089613417
0.00545673466948
0.0
0.0
0.0
0.0
0.0
0.0
0.0
0.0
0.0
0.000119552872258
0.000747205451611
0.00458143685473
0.0149782669957
0.011050101193
0.00645585510192
0.00325781576902
0.0
2.13487271889e-05
0.000222026762764
0.00493582572607
0.0173949429135
0.00897500491021
0.00546100441492
0.0026557816623
0.0
0.0
2.56184726267e-05
0.000862488578431
0.0114172993006
0.00964962468938
0.00510661554358
0.0014687924306
0.0
0.0
0.0
0.0
0.0
0.000414165307464
0.0139321793635
0.00604168979445
0.0
0.0
0.0
8.53949087555e-06
2.98882180644e-05
0.00195127366506
0.0125060843872
0.00352253998617
0.0
0.0
0.000448323270967
0.0146110688881
0.00412030434745
0.0
0.0
0.0
0.0
0.0
0.0
0.0
0.0
0.0
0.0
0.0
0.0
0.0
0.0
0.0
0.0
0.0
0.0
0.0
0.0
0.0
0.0
0.0
0.0
0.0
0.0
0.0
0.0
0.0
0.0
0.0
0.0
0.0
0.0128049665679
0.0153113071399
0.0127153019137
0.012006524171
0.012006524171
0.012006524171
0.012006524171
0.012006524171
0.012006524171
0.012006524171
0.0
0.0
0.0
0.0
0.0
0.0
0.0
0.0
0.0
0.0
0.0
0.0
0.0
0.00101192966875
0.015576031357
0.0107682979941
0.00892376796495
0.00882983356532
0.00882983356532
0.00882983356532
0.00882983356532
0.00882983356532
0.00882983356532
0.00882983356532
0.0
0.0
0.0
0.0
0.0
0.0
0.0
0.0
0.0
0.0
0.0
0.0
0.0
0.0
0.0
0.0
0.0
0.0
0.0
0.0
0.0
0.0
0.0
0.0
0.0
1.28092363133e-05
0.0
0.0
0.0
0.0
0.000111013381382
0.0
0.002847920207
0.00193846442875
0.0018872274835
0.00190857621069
0.00187014850175
0.00192992493788
0.00220318864589
0.00238678769972
0.0
0.0
0.000815521378615
0.000815521378615
0.0
0.000503829961658
0.000503829961658
0.000815521378615
0.000815521378615
0.000815521378615
8.53949087555e-06
0.0
0.0
0.0
0.0
0.0
0.0
0.0
0.000111013381382
0.0
0.0
0.000132362108571
0.0009606927235
0.000649001306542
0.0017292469023
0.0017292469023
0.0
0.0017292469023
0.00725002775335
0.00822352971316
0.00834308258542
0.0046454830363
0.00192565519244
0.000939343996311
0.000371467853087
0.00046113250728
0.000563606397787
4.69671998155e-05
0.00364636260386
0.00192565519244
0.000563606397787
0.000563606397787
0.0
0.000563606397787
0.00334748042322
0.00381715242137
0.00702373124514
0.00491020725344
0.0
0.0
0.0
0.0
0.0
5.97764361289e-05
0.0029503940975
0.00353534922248
0.00436367983741
0.0
0.00506818783464
0.0
0.000563606397787
0.00504683910745
0.000926534759998
0.00488458878082
0.0
0.0
0.0
0.0
0.0
2.98882180644e-05
0.00197262239225
0.00267713038949
0.000456862761842
0.000832600360367
0.0020793660282
0.0020793660282
0.000700238251795
0.000589224870413
0.000704507997233
0.00220318864589
0.0
0.00134070006746
0.000892376796495
0.000892376796495
0.00133216057659
0.000597764361289
0.000947883487186
0.000892376796495
0.0
0.000666080288293
0.000755744942487
0.00099912043244
0.000657540797418
0.000145171344884
0.000162250326636
0.000183599053824
0.0
0.000700238251795
0.00101619941419
0.00101619941419
0.00164812173898
0.00103327839594
0.00099912043244
0.000213487271889
0.0
0.000320230907833
7.685541788e-05
0.000892376796495
7.685541788e-05
0.0
8.53949087555e-05
7.685541788e-05
0.0
6.83159270044e-05
5.97764361289e-05
0.000875297814744
0.000200678035576
5.55066906911e-05
2.13487271889e-05
6.40461815667e-05
0.0
0.0
0.0
0.0
0.0
8.53949087555e-06
0.0
0.0
0.0
0.0
0.0
0.0
0.0
0.0
0.0
0.0
0.00217330042783
0.000943613741749
0.000943613741749
0.00217330042783
0.0024294851541
0.000943613741749
0.00230139279096
0.00217330042783
0.000892376796495
0.00125957490414
0.0017634048658
0.000892376796495
0.00215195170064
0.0017634048658
0.000892376796495
0.000892376796495
0.0
0.0
8.53949087555e-06
7.685541788e-05
0.000187868799262
0.000947883487186
0.0071774420809
0.00406052791133
0.000187868799262
0.00101619941419
0.00101619941419
0.000213487271889
0.000866758323869
0.00069169876092
0.00049956021622
0.000512369452533
7.685541788e-05
0.000853949087555
0.000853949087555
8.53949087555e-05
0.000892376796495
0.000853949087555
0.000610573597602
8.53949087555e-05
0.000264724217142
0.000866758323869
0.000866758323869
0.000311691416958
0.0003842770894
0.000375737598524
0.000742935706173
0.000755744942487
0.000815521378615
0.000815521378615
0.000815521378615
0.000815521378615
0.000815521378615
0.000815521378615
0.000815521378615
0.000815521378615
0.00269847911668
0.00152856886672
0.00159261504829
0.000661810542855
0.00766846280625
0.00841139851242
0.00662237517399
0.00358231642229
0.00166520072073
0.00128946312221
0.000734396215298
0.00092226501456
0.00372321802174
0.0036506323493
0.00398367249345
0.00264297242598
0.0
8.53949087555e-06
8.53949087555e-06
0.000128092363133
0.000243375489953
8.11251633178e-05
0.000371467853087
0.000324500653271
0.00170362842967
0.001921385447
0.00239105744516
0.00411603460202
0.00202812908294
0.00200251061032
0.0019555434105
0.00200678035576
0.000226296508202
0.000204947781013
0.000204947781013
0.000760014687924
0.000243375489953
0.000256184726267
0.000290342689769
0.000670350033731
0.000264724217142
0.000273263708018
0.000315961162395
0.000260454471704
0.000512369452533
0.000162250326636
0.000550797161473
0.000128092363133
0.0
8.53949087555e-06
0.0
0.0
0.000815521378615
0.0
0.0
8.53949087555e-06
0.00707069844496
0.00759160738837
0.00617405190303
0.00367625082193
0.00159688479373
0.000947883487186
7.685541788e-05
0.0
0.0
0.00285645969787
0.00298028231557
0.00302297976995
0.00209644500995
0.00151575963041
0.00113148254101
0.000243375489953
0.0
0.0
0.000713047488109
0.000713047488109
0.0
8.53949087555e-06
0.00123822617696
0.000503829961658
0.0
0.0
0.0
0.000209217526451
8.11251633178e-05
0.000371467853087
0.0
0.000362928362211
0.0
0.000324500653271
0.000491020725344
0.000734396215298
0.000243375489953
8.53949087555e-06
8.53949087555e-06
0.000572145888662
0.0
0.000815521378615
0.000324500653271
0.0
0.0
8.53949087555e-06
8.53949087555e-06
0.000815521378615
0.0
0.000815521378615
0.0
8.53949087555e-06
0.000815521378615
0.000815521378615
0.000815521378615
0.0
0.0
0.0
0.0
0.0
0.0
0.0
0.0
0.0
0.00707069844496
0.00759160738837
0.00667788186468
0.00336882915041
0.00243802464497
0.00122541694064
0.000183599053824
0.0
0.0
0.00286072944331
0.00297174282469
0.0030059007882
0.00251914980829
0.00132362108571
0.0013791277764
0.000606303852164
0.0
0.0
0.000713047488109
0.00111013381382
0.00111013381382
0.000994850687002
0.0
0.000503829961658
0.0
0.0
0.0
0.000606303852164
0.0
0.000452593016404
0.0
0.000362928362211
0.0
0.000324500653271
0.000491020725344
8.11251633178e-05
0.0
8.53949087555e-06
8.53949087555e-06
0.000815521378615
0.0
0.000815521378615
0.000324500653271
8.53949087555e-06
0.000324500653271
0.000734396215298
0.000243375489953
0.0
0.0
0.000815521378615
0.0
0.0
0.0
0.000815521378615
0.000815521378615
0.0
0.0
0.0
0.0
0.0
0.0
0.0
0.0
0.0
0.0112294305014
0.011908320026
0.0109604365388
0.00968378265288
1.28092363133e-05
1.28092363133e-05
1.28092363133e-05
1.28092363133e-05
0.0154778272119
0.0158919925194
0.015166135795
0.0143463446709
0.0119552872258
0.0119552872258
0.0119552872258
0.0119552872258
0.0121687744977
0.011459996755
0.0111568448289
0.0114044900643
0.00523470790671
0.00523470790671
0.00523470790671
0.00523470790671
0.0117204512267
0.0112208910105
0.0108536929028
0.0108152651939
0.0046454830363
0.0046454830363
0.0046454830363
0.0046454830363
0.0
0.0
0.0
0.00104608763226
0.0104993040315
0.0
0.0
0.0
0.0088042150927
0.00975636832532
0.0128049665679
0.016775829825
0.00930804505435
0.0
0.0
0.0
0.00231420202728
0.00244656413585
0.0026899396258
0.00417581103815
0.00614416368496
0.0
0.0
0.0
0.0023056625364
0.00244229439041
0.00271982784386
0.00406479765676
0.00540549772423
0.0
0.0
0.0
6.40461815667e-05
0.000128092363133
0.0
0.0
4.26974543778e-06
4.26974543778e-06
0.000324500653271
6.83159270044e-05
0.0120663006072
0.00904759058265
0.00818083225878
0.00964535494394
0.0111995422833
0.0120492216254
0.0123139458425
0.0120705703526
0.00547808339667
0.0023398204999
0.00207509628276
0.00228858355465
0.00251488006285
0.0033346711869
0.00879994534726
0.0056403337233
0.0048717795445
0.00221599788221
0.00201105010119
0.00219037940958
0.00229285330009
0.00298455206101
0.00860353705712
0.00512369452533
2.98882180644e-05
0.0
0.0
8.53949087555e-06
0.00244656413585
0.014687924306
0.0104779553043
0.00555920855999
0.0111696540652
0.0097094011255
0.0108323441756
0.0135905997284
0.0171942648779
0.0108238046848
0.00700238251795
0.00383850114856
0.00346276355004
0.00252341955373
0.00268566988036
0.00410749511114
0.00657113822874
0.01365464591
0.017702364585
0.00784779211463
0.00301444027907
0.00245083388128
0.00269847911668
0.00404771867501
0.00630214426616
0.0134838560925
0.0182702407282
0.00815521378615
0.00377872471243
0.00505537859833
0.00731407393491
0.0105206527587
0.00670777008275
0.00421850849252
0.00220318864589
0.00119125897714
0.000734396215298
0.000627652579353
0.0
0.0
0.0
0.0
0.00120406821345
0.0
0.00823206920403
0.00812105582265
0.00782217364201
0.00395805402082
0.00339444762303
0.0034243358411
0.00360793489492
0.00342860558653
0.000764284433362
0.000444053525529
0.000452593016404
0.000602034106727
0.00131508159484
0.00102473890507
0.000200678035576
0.000687429015482
0.000871028069307
0.00129373286765
0.00135350930378
0.00141755548534
0.00157553606654
0.00124676566783
0.0
0.000815521378615
8.53949087555e-06
0.0
0.000128092363133
0.0
0.0
8.11251633178e-05
0.000128092363133
8.11251633178e-05
0.000243375489953
0.0
0.0
0.000815521378615
0.000815521378615
0.000815521378615
0.0
0.000815521378615
0.000572145888662
0.000371467853087
0.000572145888662
0.000128092363133
0.000491020725344
0.000243375489953
0.000209217526451
8.11251633178e-05
0.000243375489953
0.0
0.0
0.000815521378615
0.000815521378615
0.000815521378615
0.0
0.000815521378615
0.0
0.0
0.000444053525529
0.000128092363133
0.000606303852164
0.000324500653271
0.000491020725344
0.0
0.00165666122986
0.00164385199354
0.00216903068239
0.00233128100903
0.00192992493788
0.00190430646525
0.00325354602359
0.00136631854009
0.000111013381382
0.00152429912129
0.000627652579353
0.00143036472166
0.0
0.0
0.0
0.0
0.00150722013954
0.0
0.0
0.00150722013954
0.0
0.00150722013954
0.00150722013954
0.00150722013954
0.00150722013954
0.00150722013954
0.0
0.0
0.0
0.0
0.0
0.0
0.0059562948857
0.0023398204999
0.00319803933289
0.00255757751723
0.00575134710469
0.00417581103815
0.00608865699427
0.00426547569234
0.00313826289677
0.0026899396258
0.00403917918414
0.00351827024073
0.00397513300257
0.00397513300257
0.00397513300257
0.00397513300257
0.0
0.0
0.0
0.0
0.0
0.0
0.0
0.0
0.000456862761842
0.00183599053824
0.000623382833915
0.0
0.0
0.0
0.0
0.0
0.0
0.0
0.0
0.0
0.0
0.0
6.83159270044e-05
0.00226723482746
0.0
8.53949087555e-06
0.0
0.0
0.0
0.0
0.0
0.0
0.00213487271889
0.000644731561104
0.00119125897714
0.0
0.0
0.0
0.0
0.0
0.0
0.0
0.0
0.0
0.0
0.0
0.0226680785292
0.0113959505734
0.00102473890507
0.0
0.0
0.0
0.0
0.0
0.0
0.0
0.0
0.0
0.0
0.0
0.0
0.0
0.0
0.0
8.11251633178e-05
0.000251914980829
1.70789817511e-05
0.0
8.53949087555e-06
0.0
0.0
0.0
0.0
0.0
0.0
0.0
0.000256184726267
0.0
0.000256184726267
0.0
4.69671998155e-05
0.0
0.0
0.0
0.0
0.0
0.0
0.0
0.0
0.0215921026788
0.0119296687531
0.0112806674466
0.00569157066856
0.0026899396258
0.00142609497622
0.00136631854009
0.0
0.0
0.0
0.0
0.0
0.0
0.0
0.0
0.0
0.0
0.0
0.0
0.0
0.0
0.0
0.0
0.0
0.0
0.0
0.0
0.0
0.0
0.0
0.0
0.000580685379538
6.83159270044e-05
6.83159270044e-05
0.000516639197971
0.000516639197971
0.000721586978984
6.83159270044e-05
6.83159270044e-05
0.0
0.0
0.0
0.0
0.0
0.0
0.0
0.0
0.004769305654
0.00322365780552
0.00321938806008
0.00396659351169
0.00252768929916
0.00359939540405
0.00389400783925
0.00397086325713
0.0
0.0
0.0
0.0
0.0
0.0
0.0
0.0
0.0172796597867
0.0138766726728
0.008680392475
0.0193120586151
0.0131935134027
0.00849679342118
0.00892803771039
0.00853095138468
0.0
0.0
0.0
0.0
0.0
0.0
0.0
0.0
0.00355669794967
0.00435087060109
0.00741227807998
0.00371040878543
0.00446188398248
0.00711766564477
0.00730553444404
0.00668642135556
0.0
0.0
0.0
0.0
0.0
0.0
0.0
0.0
0.00437221932828
0.00528167510653
0.00405625816589
0.00409895562027
0.00555493881455
0.00403063969326
0.00543965568773
0.00508099707095
0.0
0.0
0.0
0.0
0.0
0.0
0.0
0.0
0.00243375489953
0.00144317395797
0.000751475197049
0.000375737598524
0.000187868799262
0.0
0.0
0.0
0.0067931649915
0.0109262785753
0.0166178492438
0.0100296320333
0.0049956021622
0.0
0.0
0.0
0.0
0.0
0.0
0.0
0.0
0.0
0.0
0.0
0.0
0.0
0.0
0.0
0.000149441090322
0.00973074985269
0.0107939164667
0.00581539328625
0.0
0.0
0.0
0.0
0.0
0.0
0.0
0.0
1.28092363133e-05
0.000239105744516
0.0011528312682
0.00537560950616
0.0161695259729
0.0109988642477
0.00654125001067
0.00322365780552
0.0
4.26974543778e-05
0.000444053525529
0.00596483437657
0.018014056002
0.00890241923777
0.00555066906911
0.00261735395336
0.0
0.0
2.98882180644e-05
0.00116991024995
0.0124078802422
0.0101150269421
0.00534999103353
0.00144744370341
0.0
0.0
0.0
0.0
0.0
0.000683159270044
0.0147946679419
0.00605022928533
0.0
0.0
0.0
1.28092363133e-05
5.12369452533e-05
0.00219037940958
0.0129458681673
0.00350546100441
0.0
0.0
0.000794172651427
0.0155803011024
0.00397086325713
0.0
0.0
0.0
0.0
0.0
0.0
0.0
0.0
0.0
0.0
0.0
0.0
0.0
0.0
0.0
0.0
0.0
0.0
0.0
0.0
0.0
0.0
0.0
0.0
0.0
0.0
0.0
0.0
0.0
0.0
0.0
0.0
3.842770894e-05
0.0149739972503
0.0160286243734
0.0130995790031
0.0123908012604
0.0123908012604
0.0123908012604
0.0123908012604
0.0123908012604
0.0123908012604
0.0123908012604
0.0
0.0
0.0
0.0
0.0
0.0
0.0
0.0
0.0
0.0
0.0
0.0
0.0
0.00165239148442
0.0165666122986
0.01087504163
0.00892376796495
0.00883410331076
0.00883410331076
0.00883410331076
0.00883410331076
0.00883410331076
0.00883410331076
0.00883410331076
0.0
0.0
0.0
0.0
0.0
0.0
0.0
0.0
0.0
0.0
0.0
0.0
0.0
0.0
0.0
0.0
0.0
0.0
0.0
0.0
0.0
0.0
0.0
0.0
4.26974543778e-06
3.842770894e-05
0.0
0.0
0.0
1.28092363133e-05
0.000397086325713
8.53949087555e-06
0.00334321067778
0.00237824820884
0.00232274151815
0.00236116922709
0.0023056625364
0.00238251795428
0.00271982784386
0.00283511097068
0.0
0.0
8.53949087555e-06
8.53949087555e-06
0.0
0.000448323270967
0.000448323270967
8.53949087555e-06
8.53949087555e-06
8.53949087555e-06
0.000815521378615
0.0
0.0
0.0
0.0
0.0
0.0
0.0
0.00011528312682
0.0
0.0
0.000136631854009
0.000964962468938
0.00065327105198
0.00172497715686
0.00172497715686
0.0
0.00172497715686
0.00783071313288
0.0082619574221
0.00837724054892
0.0046454830363
0.001989701374
0.000952153232624
0.00034584938046
0.000486750979907
0.00061484334304
4.69671998155e-05
0.00368052056736
0.001921385447
0.00061484334304
0.00061484334304
0.0
0.00061484334304
0.00379153394875
0.00385558013031
0.00709631691759
0.00495717445326
0.0
0.0
0.0
0.0
0.0
5.97764361289e-05
0.00299736129732
0.00353961896792
0.00502122063483
0.0
0.00507672732552
0.0
0.000858218832993
0.00510661554358
0.000926534759998
0.00491447699888
0.0
0.0
0.0
0.0
0.0
2.98882180644e-05
0.0018872274835
0.00266005140774
0.00131935134027
0.00169081919336
0.00236116922709
0.00223307686396
0.00143463446709
0.00131935134027
0.00156272683023
0.00162250326636
0.0
0.00212633322801
0.00102473890507
0.000947883487186
0.00103754814138
0.000520908943409
0.000892376796495
0.00131935134027
0.0
0.000358658616773
0.000175059562949
0.0001921385447
0.00030742167152
0.000725856724422
0.000969232214375
3.41579635022e-05
0.0
0.000401356071151
0.000222026762764
0.000209217526451
0.00207509628276
0.00102046915963
0.00185306952
3.41579635022e-05
0.0
0.00011528312682
0.0
8.53949087555e-05
0.000358658616773
7.685541788e-05
0.000892376796495
0.0
0.000815521378615
0.000435514034653
9.39343996311e-05
6.83159270044e-05
0.000102473890507
2.98882180644e-05
0.000836870105804
0.000619113088478
0.0
0.0
0.0
0.0
0.0
0.000815521378615
0.0
0.0
0.0
0.0
0.0
0.0
0.0
0.0
0.0
0.0
0.00158834530285
0.000943613741749
0.000136631854009
0.00239532719059
0.00252341955373
0.000943613741749
0.00239532719059
0.00158834530285
0.00131935134027
0.000452593016404
0.000900916287371
0.00131935134027
0.00220745839133
0.000900916287371
0.00131935134027
0.00131935134027
0.0
0.0
8.53949087555e-06
5.12369452533e-05
0.0001921385447
0.00111013381382
0.00731407393491
0.00366771133105
8.53949087555e-06
0.000209217526451
0.00101619941419
3.41579635022e-05
0.000358658616773
0.000990580941564
8.53949087555e-06
3.41579635022e-05
0.0
4.69671998155e-05
0.000853949087555
0.000815521378615
0.000892376796495
4.69671998155e-05
8.53949087555e-06
0.000815521378615
4.26974543778e-06
5.97764361289e-05
0.000866758323869
0.000858218832993
0.000832600360367
1.70789817511e-05
0.000815521378615
4.69671998155e-05
8.53949087555e-06
8.53949087555e-06
0.000815521378615
0.000815521378615
0.000815521378615
0.000815521378615
8.53949087555e-06
0.000815521378615
0.00243375489953
0.00165666122986
0.00121687744977
0.00103754814138
0.00773250898781
0.00809970709546
0.00610573597602
0.00329624347796
0.00144317395797
0.00102473890507
0.00108024559576
0.000217757017327
0.00327489475077
0.00346276355004
0.00361220464036
0.00240813642691
0.000243375489953
0.000371467853087
0.000128092363133
8.53949087555e-06
0.0
0.0
8.53949087555e-06
0.0
0.00214341220976
0.00239105744516
0.00229712304552
0.00412030434745
0.00200678035576
0.00200678035576
0.0019555434105
0.001989701374
0.000619113088478
0.000602034106727
0.000794172651427
0.000256184726267
0.00026899396258
0.00065327105198
0.000781363415113
5.12369452533e-05
0.000482481234469
0.00065327105198
0.000170789817511
0.00101619941419
0.000162250326636
3.842770894e-05
0.000418435052902
8.53949087555e-06
0.0
0.000815521378615
0.0
0.0
8.53949087555e-06
0.0
0.0
0.000815521378615
0.00764284433362
0.00814240454984
0.00591359743132
0.00399648172976
0.00128946312221
0.000508099707095
3.842770894e-05
0.0
0.0
0.00353107947704
0.00370186929455
0.00380007343962
0.00236543897253
0.00116137075908
0.000610573597602
0.000243375489953
0.0
0.0
0.000456862761842
0.000456862761842
0.0
0.000371467853087
0.000456862761842
0.000448323270967
0.000362928362211
0.000362928362211
0.000362928362211
8.53949087555e-06
0.0
8.53949087555e-06
0.000362928362211
0.0
0.000362928362211
0.0
8.53949087555e-06
8.53949087555e-06
0.0
0.000572145888662
0.000572145888662
8.53949087555e-06
8.11251633178e-05
8.53949087555e-06
0.0
0.000324500653271
0.0
0.000572145888662
0.000572145888662
8.53949087555e-06
0.0
8.53949087555e-06
0.0
0.000815521378615
8.53949087555e-06
8.53949087555e-06
8.53949087555e-06
0.0
0.0
0.0
0.0
0.0
0.0
0.0
0.0
0.0
0.00764284433362
0.00814240454984
0.00636192070229
0.00396659351169
0.00274117657105
0.000734396215298
9.82041450689e-05
0.0
0.0
0.0035268097316
0.00372321802174
0.00361220464036
0.00203239882838
0.0020793660282
0.00061484334304
0.000602034106727
0.0
0.0
0.000456862761842
0.000448323270967
0.000448323270967
0.000456862761842
0.0
0.000448323270967
0.000362928362211
0.000362928362211
0.000362928362211
0.0
0.000687429015482
8.53949087555e-06
0.000362928362211
0.0
0.000362928362211
0.0
8.53949087555e-06
0.0
0.000324500653271
0.000815521378615
0.000815521378615
8.53949087555e-06
8.11251633178e-05
8.53949087555e-06
0.0
0.000491020725344
0.0
8.53949087555e-06
0.0
0.0
0.0
8.53949087555e-06
0.0
0.0
0.0
8.53949087555e-06
8.53949087555e-06
0.0
0.0
0.0
0.0
0.0
0.0
0.0
0.0
0.0
0.013996225545
0.014649496597
0.0136247576919
0.0116350563179
5.55066906911e-05
5.55066906911e-05
5.55066906911e-05
5.55066906911e-05
0.0163189670632
0.0167117836435
0.0160755915732
0.0153369256125
0.0135009350743
0.0135009350743
0.0135009350743
0.0135009350743
0.0137272315825
0.0129501379128
0.0127110321683
0.01272811115
0.00603315030358
0.00603315030358
0.00603315030358
0.00603315030358
0.0133045267841
0.012796427077
0.0122712483882
0.012211471952
0.00530302383372
0.00530302383372
0.00530302383372
0.00530302383372
0.0
0.0
0.0
0.00160115453917
0.011840004099
0.0
0.0
0.0
0.00887680076514
0.00988446068845
0.0132234016208
0.0168911129518
0.00850960265749
0.0
0.0
0.0
0.00233555075446
0.0024636431176
0.00273263708018
0.00476503590856
0.00667788186468
0.0
0.0
0.0
0.00231420202728
0.0024636431176
0.00275398580737
0.00486750979907
0.00642169713842
0.0
0.0
0.0
0.000179329308387
0.000209217526451
0.0
4.26974543778e-06
1.28092363133e-05
2.98882180644e-05
0.000747205451611
0.000213487271889
0.0135137443106
0.0102986259959
0.0093806307268
0.0110629104293
0.0128006968225
0.0134795863471
0.0138254357275
0.0134923955834
0.00628506528441
0.00286926893419
0.00259173548073
0.00287353867962
0.00328343424165
0.00440637729179
0.0106658241036
0.00666080288293
0.00555066906911
0.00266005140774
0.00244656413585
0.00269420937124
0.00280522275262
0.00388119860294
0.0105505409767
0.00591359743132
4.26974543778e-05
0.0
0.0
2.98882180644e-05
0.0034243358411
0.0155888405933
0.0107640282486
0.00555066906911
0.0113361741373
0.00982468425232
0.0110927986473
0.0139151003817
0.0174205613861
0.0104950342861
0.00657113822874
0.00353107947704
0.00358658616773
0.00257465649898
0.00274544631649
0.00447042347335
0.00724575800791
0.0147477007421
0.0180396744746
0.00778374593307
0.00322365780552
0.0024978010811
0.00278387402543
0.00452166041861
0.00725856724422
0.0147605099784
0.0183001289463
0.00811251633178
0.00379153394875
0.00527313561565
0.00751048222505
0.0108494231574
0.00669923059187
0.00429963365584
0.00183172079281
0.000772823924238
0.000627652579353
0.000170789817511
0.0
0.0
0.0
0.0
0.00168654944792
0.0
0.00859926731168
0.00849252367574
0.00804420040477
0.00409468587483
0.00344568456829
0.00344568456829
0.00365917184017
0.00347984253179
0.000204947781013
8.11251633178e-05
8.96646541933e-05
0.000123822617696
0.00163958224811
0.000298882180644
0.000401356071151
0.0
0.00138766726728
0.00187014850175
0.00100765992332
0.00100339017788
0.0007685541788
0.000452593016404
0.0
8.53949087555e-06
0.000491020725344
0.000362928362211
8.53949087555e-06
0.0
0.0
0.0
8.53949087555e-06
0.0
0.0
0.0
0.0
0.0
0.0
0.0
0.0
0.0
0.0
0.0
0.0
0.0
0.0
0.0
0.0
0.0
0.0
0.0
0.0
0.0
0.0
0.0
0.0
0.0
0.0
0.0
0.0
0.0
0.0
0.0
0.0
0.0
0.00201531984663
0.00208790551907
0.00252768929916
0.00221172813677
0.00280095300718
0.00285645969787
0.00328770398709
0.0020452080647
0.000119552872258
0.00131935134027
0.0016950889388
0.00164385199354
0.0
0.0
0.0
0.0
0.00150722013954
0.0
0.0
0.00150722013954
0.0
0.00150722013954
0.00150722013954
0.00150722013954
0.00150722013954
0.00150722013954
0.0
0.0
0.0
0.0
0.0
0.0
0.00468391074524
0.00340725685935
0.00407760689308
0.00362501387667
0.00569584041399
0.00397086325713
0.00629360477528
0.00406052791133
0.00388973809381
0.00279241351631
0.00388546834838
0.00372321802174
0.00524751714303
0.00524751714303
0.00524751714303
0.00524751714303
