0.0
0.0
0.0
0.0
0.0
0.0
0.0
0.0
-0.0736809202641
-0.00141825016617
-0.0143278264898
-1.62630325873e-19
-6.77626357803e-21
-2.11758236814e-22
-6.61744490042e-24
-1.03397576569e-25
-0.057987405186
-0.0531512615318
0.0
0.0
0.0
0.0
-0.00111960580124
-0.00229932731184
0.0
0.0
0.0
0.0
0.0
0.0
0.0
0.0
-0.00143794266521
-0.00119159642621
0.0
0.0
0.0
0.0
0.0
0.0
0.0
0.0
0.0
0.0
0.0
0.0
0.000517695947922
0.000321580145009
-6.18755281905e-05
0.0
0.0
0.0
0.0
0.0
0.0
0.0
0.0
0.0
0.0
0.0
0.0
0.0
0.0
0.0
-0.000431005555848
-0.00024178489243
-0.000138838162088
-8.85540395186e-06
-2.92095373337e-05
-0.000293152140175
0.0
0.0
0.0
0.0
0.0
0.0
-0.000246451956952
0.0
-0.000246451956952
0.0
-0.000227777646211
0.0
0.0
0.0
0.0
0.0
0.0
0.0
0.0
0.000533523222853
0.000407463510515
0.000348693438572
0.000228091813171
0.000185467746309
5.15300535341e-05
-0.00010994081566
0.0
0.0
0.0
0.0
0.0
0.0
0.0
0.0
0.0
0.0
0.0
0.0
0.0
0.0
0.0
0.0
0.0
0.0
0.0
0.0
0.0
0.0
0.0
0.0
7.93132285789e-05
-1.16250913665e-05
3.31720462276e-05
8.69835788058e-05
8.69835788058e-05
-0.000285018609812
3.31720462276e-05
-1.16250913665e-05
0.0
0.0
0.0
0.0
0.0
0.0
0.0
0.0
-0.000342771588347
-5.24563379859e-05
-0.000402184829048
-0.000378058978269
4.73252029875e-05
-2.22069804024e-05
0.000106748132705
-0.000214125929435
0.0
0.0
0.0
0.0
0.0
0.0
0.0
0.0
0.000294410663837
0.000184268756575
0.000144217174447
7.61729550646e-05
-0.000137651664385
-3.05002546998e-05
-0.000179765491744
-7.68845623988e-05
0.0
0.0
0.0
0.0
0.0
0.0
0.0
0.0
-0.00098468111432
0.000191335801524
-6.69049807043e-05
-0.00049483551774
-0.000235441340398
7.78749680443e-05
-0.000234727415469
6.1454501079e-05
0.0
0.0
0.0
0.0
0.0
0.0
0.0
0.0
-0.000279534519703
0.000208702743077
-3.80447621044e-05
-2.53391806888e-05
-0.000141149548758
-4.29002172222e-05
-0.000159810361461
0.000157389684161
0.0
0.0
0.0
0.0
0.0
0.0
0.0
0.0
2.64647876681e-05
-5.35864030229e-05
-0.000150492237068
-0.000277692460927
-0.00043884365069
0.0
0.0
0.0
6.18155665411e-05
5.65297494083e-05
4.5313869095e-05
-0.000260431642299
-0.000538937774154
0.0
0.0
0.0
0.0
0.0
0.0
0.0
0.0
0.0
0.0
0.0
0.0
0.0
0.0
0.0
-0.00246959918965
-0.0113136404515
-0.0274938978465
-0.0410764650561
0.0
0.0
0.0
0.0
0.0
0.0
0.0
0.0
0.0
4.3353527097e-05
8.7649936398e-05
2.54909554916e-05
8.10324785547e-05
-0.000205745055246
-0.000545964690512
-4.47668865389e-05
0.0
1.7817877728e-05
-0.000350474578543
0.000157377664681
-0.00598714354685
0.000245799489359
-0.0209733645583
-0.0048038399616
0.0
0.0
2.02855951833e-05
-9.80588406439e-05
-0.000290817807745
-0.00101665174746
-0.000460371882966
4.07703921407e-05
0.0
0.0
0.0
0.0
0.0
6.2383031673e-05
0.00040988535421
-0.000327924264314
0.0
0.0
0.0
9.12010750642e-07
-1.21574025912e-05
0.000136331514796
-0.000188862783514
-7.59614306212e-05
0.0
0.0
7.6191452634e-05
0.000408681179826
-0.000357798112673
0.0
0.0
0.0
0.0
0.0
0.0
0.0
0.0
0.0
0.0
0.0
0.0
0.0
0.0
0.0
0.0
0.0
0.0
0.0
0.0
0.0
0.0
0.0
0.0
0.0
0.0
0.0
0.0
0.0
0.0
0.0
0.0
0.0
0.000390560277851
0.000421488642979
0.000392041255744
0.000391133745954
0.000391133745954
0.000391133745954
0.000391133745954
0.000391133745954
0.000391133745954
0.000391133745954
0.0
0.0
0.0
0.0
0.0
0.0
0.0
0.0
0.0
0.0
0.0
0.0
0.0
0.000118824484779
0.000430209343349
0.000407373573345
0.0003851752753
0.000387372304265
0.000387372304265
0.000387372304265
0.000387372304265
0.000387372304265
0.000387372304265
0.000387372304265
0.0
0.0
0.0
0.0
0.0
0.0
0.0
0.0
0.0
0.0
0.0
0.0
0.0
0.0
0.0
0.0
0.0
0.0
0.0
0.0
0.0
0.0
0.0
0.0
0.0
1.48583754858e-05
0.0
0.0
0.0
0.0
4.06202397532e-05
0.0
-0.0061324186089
-0.0014786163309
-0.000501953321339
-0.00082304518607
-0.000872966197692
-0.00179790813627
-0.000442798406354
-0.00479368271696
0.0
0.0
-9.80512163047e-05
-9.80512163047e-05
0.0
-0.000508773497235
-0.000508773497235
-9.80512163047e-05
-0.089060390638
-0.089060390638
-0.000293152140175
0.0
0.0
0.0
0.0
0.0
0.0
0.0
-0.000137204087099
0.0
0.0
-0.00011810753859
-0.024957828984
1.19986219038e-05
-0.00168675881941
-0.00168675881941
0.0
-0.00168675881941
-0.000155206959981
-0.000140581443096
-0.013998706987
-0.000178212562797
0.000116988140115
9.36911358114e-05
5.40999929827e-05
6.86122798122e-05
7.50995700955e-05
2.73294762995e-05
-0.0205443126908
-4.36961666389e-06
7.50995700955e-05
7.50995700955e-05
0.0
7.50995700955e-05
0.000122058677608
-1.52300503198e-05
-0.0124097188017
-4.60071332108e-05
0.0
0.0
0.0
0.0
0.0
3.11283689767e-05
-0.0037048546297
-5.12539051363e-06
0.000140853087858
0.0
0.000126656257325
0.0
7.50995700955e-05
2.81923730451e-05
-0.00204677421146
-7.04554666809e-05
0.0
0.0
0.0
0.0
0.0
2.21929195425e-05
-0.00585838307483
0.00011339193362
-0.00151913884353
-0.00134578594014
-0.00207005526914
-0.00205808538363
-0.00134450871265
-0.0013251491626
-0.00136770159748
-0.0406026052883
0.0
-0.00101521282863
-0.00104249920072
-0.00104249920072
-0.0634592287964
-0.0104273487646
-0.0109320706305
-0.00138219950353
0.0
-0.0437234902504
-0.0669740403224
-0.0807330502638
-0.0557522240267
-0.000142800000933
-0.000197859354568
-0.000475692232023
0.0
-0.036905187019
-0.0803348312301
-0.0803128893946
0.000158119053158
-0.000354656141735
1.03505430296e-05
-0.000105799136789
0.0
-0.0399576312138
-0.000426949367782
-0.0853010237842
-7.26350023637e-05
0.0
-0.000220049437006
-0.000529163585836
0.0
-0.00021035383358
-0.000227650482609
-0.0860853908275
-0.0176043466662
-0.00015413783963
-2.60911208991e-05
-0.000201313449752
0.0
0.0
0.0
0.0
0.0
-0.000293152140175
0.0
0.0
0.0
0.0
0.0
0.0
0.0
0.0
0.0
0.0
6.89768735302e-05
-5.72492228599e-05
-0.000497178325341
3.52668360846e-06
-1.14626952188e-05
-5.72492228599e-05
4.09537026408e-05
6.89768735302e-05
-0.00105185964368
-5.8651362061e-05
-0.00817964779733
-0.00104249920072
-0.000716641680628
-0.00794455003783
-0.00105185964368
-0.00105185964368
0.0
0.0
-0.000115933218332
-0.000154873696907
-0.000246517486568
-0.000156452588288
0.000300175943437
0.000138816117069
3.86530534067e-06
-6.84149006612e-05
-0.000117178159419
-0.0011820339973
-0.000585434149763
-4.50475114084e-05
-4.41294302972e-05
-4.16482897186e-05
1.57794911307e-05
-7.28599897967e-05
-0.000158106987785
-0.000358428633573
-0.000153093608578
-7.28599897967e-05
-5.44340417134e-05
-7.77366053747e-05
-4.52513012267e-05
-0.000115701713397
-0.000188522076665
-0.000160032164979
-0.000131393668257
-0.000109461335502
-7.59674525959e-05
-7.34934792432e-05
-7.98348838085e-05
-7.98348838085e-05
-7.98348838085e-05
-7.98348838085e-05
-7.98348838085e-05
-7.98348838085e-05
-7.98348838085e-05
-7.98348838085e-05
-0.035549004968
-0.000263874305864
-0.0184309321132
-0.000344970637525
-0.0210829082539
-0.00786523259056
-0.00890037746671
-0.000133726353101
-0.0163570745135
-0.0202262276697
-0.000614828056809
-0.0705824502479
-0.023498267814
-0.0103295191432
-0.0215219880804
-0.0129107061269
0.0
-0.000293152140175
-0.000293152140175
-0.0358952042629
-0.0455928398516
-0.02732687759
-0.057987405186
-0.0531512615318
0.000148104350378
0.000146207991642
-0.00626069714332
0.000166463958503
-0.00130690450172
-0.000557122678714
-0.000573243453581
-0.00164856021699
-0.00110223182829
-0.000954332383143
-0.00109515918848
-0.0639812038192
-0.00115201079468
-0.00115244027128
-0.00117775206016
-0.074724301259
-0.00120885450104
-0.00120601384702
-0.0298953940524
-0.00120336813381
-0.0475946542253
-0.0337027861557
-0.023626004404
-0.0358952042629
0.0
-0.000293152140175
0.0
0.0
-0.089060390638
0.0
0.0
-0.000293152140175
7.53055471015e-06
-7.41999139185e-05
7.5396490688e-05
-0.000807950211899
-0.00010733272265
-0.0232913280027
-1.64851660828e-05
0.0
0.0
-0.000290764512001
-0.000131999079753
-0.00023072527942
-0.000453238794439
-0.030751225625
-0.0541216860062
-2.8276474185e-05
0.0
0.0
-0.0368476660598
-0.0368476660598
0.0
-0.000293152140175
-0.0747130835815
-0.0147608231536
0.0
0.0
0.0
-0.045105262178
-0.02732687759
-0.057987405186
0.0
-0.0618859573392
0.0
-0.0531512615318
-0.0715453791768
-0.0847613814148
-0.0455928398516
-0.000293152140175
-0.000293152140175
-0.0765745247483
0.0
-0.089060390638
-0.0531512615318
0.0
0.0
-0.000293152140175
-0.000293152140175
-0.089060390638
0.0
-0.089060390638
0.0
-0.000293152140175
-0.089060390638
-0.089060390638
-0.089060390638
0.0
0.0
0.0
0.0
0.0
0.0
0.0
0.0
0.0
7.53055471015e-06
-7.41999139185e-05
-0.00399452773103
-0.000980541258073
-0.000723723619251
-0.0206469573195
-9.83083149102e-05
0.0
0.0
-0.00030787538793
-0.000185392483611
-0.000312756202803
-0.0288105020625
-0.000802786050547
-0.0622206356367
-0.00945270912362
0.0
0.0
-0.0368476660598
-0.0667017644526
-0.0667017644526
-0.0607831911369
0.0
-0.0147608231536
0.0
0.0
0.0
-0.0767775996317
0.0
-0.0641077503333
0.0
-0.0618859573392
0.0
-0.0531512615318
-0.0715453791768
-0.02732687759
0.0
-0.000293152140175
-0.000293152140175
-0.089060390638
0.0
-0.089060390638
-0.0531512615318
-0.000293152140175
-0.0531512615318
-0.0847613814148
-0.0455928398516
0.0
0.0
-0.089060390638
0.0
0.0
0.0
-0.089060390638
-0.089060390638
0.0
0.0
0.0
0.0
0.0
0.0
0.0
0.0
0.0
-0.00223282781302
-0.00286776773141
-0.00185217767743
-0.00160558866643
1.31971795234e-05
1.31971795234e-05
1.31971795234e-05
1.31971795234e-05
0.000455800132095
0.000460089143264
0.000455621142634
0.000447721499263
0.000381097716027
0.000381097716027
0.000381097716027
0.000381097716027
-0.00931699313309
-0.00787446601138
-0.00985350425322
-0.00899090666607
-0.00967044871102
-0.00967044871102
-0.00967044871102
-0.00967044871102
-0.00879207305736
-0.00850212906247
-0.00935177661721
-0.0103575541911
-0.00835318345061
-0.00835318345061
-0.00835318345061
-0.00835318345061
0.0
0.0
0.0
0.000109725047993
0.000367730847479
0.0
0.0
0.0
0.000313702498312
0.00035686853552
0.000428819664566
0.000514275097031
0.000382986938038
0.0
0.0
0.0
0.000183337040189
0.000194313177627
0.000209009769967
0.00025447163522
0.000298838932556
0.0
0.0
0.0
7.24194355746e-05
0.000101477865405
0.000190598077636
0.000243247741592
0.000258313818497
0.0
0.0
0.0
2.95375646056e-05
4.56226490463e-05
0.0
0.0
7.91861165563e-06
7.64536152355e-06
6.75634836403e-05
3.0842376569e-05
0.000416015571148
0.000338655033238
0.000318629110427
0.000356142917991
0.000400757651299
0.000414827666471
0.000432975358717
0.000418338375792
-0.000126777598308
0.000106414466874
0.000160898716645
0.000156921279422
9.68922529783e-05
7.1484419955e-05
6.6354906333e-05
-2.34757821742e-05
-9.41604385828e-05
5.8023186384e-05
9.69323710994e-05
8.9643101545e-05
7.32772695844e-05
8.04080767846e-05
0.000123456540205
1.14398013429e-05
2.28712595164e-05
0.0
0.0
1.21878606414e-05
0.000198979146235
0.000458504771468
0.000394490207183
0.000290228950409
0.00038030834203
0.000343663195868
0.00037874827254
0.000439300180644
0.000518423360089
0.000411914648725
0.00033239054985
0.000238628626081
0.000230813571234
0.000201458709845
0.000203132165157
0.000248185124275
0.000298870593942
0.000433892189598
0.000484018856417
0.000337530424267
0.000161050408012
9.44100963087e-05
0.000126905274141
0.000227843360627
0.000279344546835
0.000452943608161
0.000530092698535
0.000349477244393
-0.00109575378349
-0.000377148051064
-0.000536352450901
-0.000724949994143
-0.00129739816129
-0.00106591179979
-0.000200060317531
-0.00141264982245
-0.0679154884266
-0.00034075437639
0.0
0.0
0.0
0.0
-9.41313387589e-05
0.0
-6.82099591054e-05
-3.88476976794e-05
-8.59753091023e-05
-0.000939712132951
-0.00212974498904
-0.000223488670715
-0.000526991997519
-0.000830985523301
-0.0668269775291
-0.0562820143861
-0.0528646770641
-0.0649705342722
-0.000360647716348
-0.0726739662641
-0.000319075330868
-0.0814984225549
-0.000141008332027
-0.000949384454656
-0.031100169628
-0.0356830516963
-0.0653183394398
-0.0732621649947
0.0
-0.089060390638
-0.000293152140175
0.0
-0.0358952042629
0.0
0.0
-0.02732687759
-0.0358952042629
-0.02732687759
-0.0455928398516
0.0
0.0
-0.089060390638
-0.089060390638
-0.089060390638
0.0
-0.089060390638
-0.0765745247483
-0.057987405186
-0.0765745247483
-0.0358952042629
-0.0715453791768
-0.0455928398516
-0.045105262178
-0.02732687759
-0.0455928398516
0.0
0.0
-0.089060390638
-0.089060390638
-0.089060390638
0.0
-0.089060390638
0.0
0.0
-0.0676326308385
-0.0358952042629
-0.0767775996317
-0.0531512615318
-0.0715453791768
0.0
0.000148472807783
0.000134906080009
-0.00597999475946
-0.00705062319902
0.000159958234261
0.000157266087907
-0.00203320279883
0.000140486069621
-0.00227073312068
-0.00102771488032
-0.000572071006919
-0.0766662114902
0.0
0.0
0.0
0.0
-0.0616407768851
0.0
0.0
-0.0616407768851
0.0
-0.000323803424293
-0.000323803424293
-0.0616407768851
-0.000323803424293
-0.000323803424293
0.0
0.0
0.0
0.0
0.0
0.0
-0.00604280568785
-0.000675862902825
-0.000138572036239
-0.000632408862326
-0.00600395217507
-0.0010949267064
-0.0123859752583
-0.00146302185907
-0.000293218507732
-0.00081960169414
-0.0012948954004
-0.000775908355563
-7.44217333836e-05
-7.44217333836e-05
-7.44217333836e-05
-7.44217333836e-05
0.0
0.0
0.0
0.0
0.0
0.0
0.0
0.0
-0.00151913884353
-0.00864728841399
-0.00141216244757
0.0
0.0
0.0
0.0
0.0
0.0
0.0
0.0
0.0
0.0
0.0
1.7554176586e-05
0.000171153199192
0.0
-0.000293152140175
0.0
0.0
0.0
0.0
0.0
0.0
-0.00154747259576
-0.00080580482375
-0.00119159642621
0.0
0.0
0.0
0.0
0.0
0.0
0.0
0.0
0.0
0.0
0.0
-0.000168529141851
-0.000597847012387
0.000113746516692
0.0
0.0
0.0
0.0
0.0
0.0
0.0
0.0
0.0
0.0
0.0
0.0
0.0
0.0
0.0
-4.04157468717e-05
-0.000137072584658
-2.69160930346e-05
0.0
-0.000293152140175
0.0
0.0
0.0
0.0
0.0
0.0
0.0
-0.000140964885288
0.0
-0.000140964885288
0.0
2.7575409991e-05
0.0
0.0
0.0
0.0
0.0
0.0
0.0
0.0
0.000341373203786
0.000418331259092
0.000407463510515
0.00018386039726
0.000181412771563
8.84250609957e-05
0.000132651012754
0.0
0.0
0.0
0.0
0.0
0.0
0.0
0.0
0.0
0.0
0.0
0.0
0.0
0.0
0.0
0.0
0.0
0.0
0.0
0.0
0.0
0.0
0.0
0.0
-0.000258193764277
3.31720462276e-05
-1.16250913665e-05
-0.000285018609812
-0.000285018609812
8.69835788058e-05
-1.16250913665e-05
3.31720462276e-05
0.0
0.0
0.0
0.0
0.0
0.0
0.0
0.0
0.000121671205687
-0.000321289537196
-0.000182070629685
5.56128559007e-05
2.30691497306e-05
-0.000477735119191
-0.000214125929435
0.000106748132705
0.0
0.0
0.0
0.0
0.0
0.0
0.0
0.0
0.000337124252852
-0.000110096394016
-0.000194261990699
0.000466714992674
0.000189683714766
6.81777273383e-05
-7.68845623988e-05
-0.000179765491744
0.0
0.0
0.0
0.0
0.0
0.0
0.0
0.0
-5.6796084681e-05
-0.000423638648375
-2.31064256222e-05
-4.9767687824e-05
-0.000181228820235
-5.86615223637e-05
0.000125522614117
-0.000234727415469
0.0
0.0
0.0
0.0
0.0
0.0
0.0
0.0
-0.000275227292952
-0.000190698248362
-3.83537979802e-06
3.17425814966e-08
0.000246366731781
-2.60999777318e-05
0.000193899466663
-0.000159810361461
0.0
0.0
0.0
0.0
0.0
0.0
0.0
0.0
0.000184008418106
0.000124754119474
8.50980821343e-05
6.49043007943e-05
4.61641045258e-05
0.0
0.0
0.0
0.000265668445991
0.000301967166249
0.000383717447329
0.00032150280304
0.000202835777494
0.0
0.0
0.0
0.0
0.0
0.0
0.0
0.0
0.0
0.0
0.0
0.0
0.0
0.0
0.0
5.07585907456e-05
0.000375538929818
0.000360094470627
0.0001184577522
0.0
0.0
0.0
0.0
0.0
0.0
0.0
0.0
1.48396264803e-05
6.15970862179e-05
0.000122218090585
3.01235154515e-05
0.000295725833371
9.71412225602e-05
0.000178773374037
-0.000757082418133
0.0
2.63933559244e-05
7.65808913692e-05
-0.00392783493911
-0.000571339691525
-0.0183019782685
-0.00124823689821
-0.0104278241865
0.0
0.0
2.14255622248e-05
6.61895747699e-05
-0.00433838769603
-0.00700101093326
-0.00735809132864
-0.00982384855108
0.0
0.0
0.0
0.0
0.0
8.12158793102e-05
9.38689844936e-05
0.000144137657475
0.0
0.0
0.0
1.47262589902e-05
2.81306830063e-05
3.02688226598e-05
5.13597218459e-05
-0.000343390230593
0.0
0.0
-0.00135590993894
-0.0068497512968
-0.00211451917677
0.0
0.0
0.0
0.0
0.0
0.0
0.0
0.0
0.0
0.0
0.0
0.0
0.0
0.0
0.0
0.0
0.0
0.0
0.0
0.0
0.0
0.0
0.0
0.0
0.0
0.0
0.0
0.0
0.0
0.0
0.0
0.0
1.36043337761e-05
-0.0071352410728
-0.00843041858631
-0.0121780866481
-0.012223512289
-0.012223512289
-0.012223512289
-0.012223512289
-0.012223512289
-0.012223512289
-0.012223512289
0.0
0.0
0.0
0.0
0.0
0.0
0.0
0.0
0.0
0.0
0.0
0.0
0.0
-0.00069310864636
-0.00842413817011
-0.0136271049324
-0.0155686148216
-0.0158363416332
-0.0158363416332
-0.0158363416332
-0.0158363416332
-0.0158363416332
-0.0158363416332
-0.0158363416332
0.0
0.0
0.0
0.0
0.0
0.0
0.0
0.0
0.0
0.0
0.0
0.0
0.0
0.0
0.0
0.0
0.0
0.0
0.0
0.0
0.0
0.0
0.0
0.0
9.38745040041e-06
2.59899371082e-05
0.0
0.0
0.0
1.5412789908e-05
8.04095923486e-05
1.26873202495e-05
0.000160105433912
9.73452044012e-05
0.000125442393395
0.000135636817597
0.000116013502433
0.000110021210378
0.000154122264085
0.00013345708925
0.0
0.0
6.30968595111e-06
6.30968595111e-06
0.0
7.17954800976e-05
7.17954800976e-05
6.30968595111e-06
-0.000293152140175
-0.000293152140175
-0.089060390638
0.0
0.0
0.0
0.0
0.0
0.0
0.0
2.44551513826e-05
0.0
0.0
3.00880327188e-05
3.39515385041e-06
7.91236274084e-05
-0.000803692992186
-0.000803692992186
0.0
-0.000803692992186
-9.90826819399e-05
-0.000235229003417
-0.000378741681908
-0.000455222461386
-0.000148848876642
8.05537710178e-05
6.55695595469e-05
-0.000121293327354
-0.000518898701161
2.85706561479e-05
0.000124832773749
0.000131421341719
-0.000518898701161
-0.000518898701161
0.0
-0.000518898701161
-4.38993799307e-05
0.000133985927826
0.000190181135407
0.000174425864192
0.0
0.0
0.0
0.0
0.0
3.00150003456e-05
0.000173925250839
0.000180367950466
2.67774926915e-05
0.0
0.000179922702771
0.0
-0.000472341446273
0.000156699603325
5.15903631169e-05
0.00017978070669
0.0
0.0
0.0
0.0
0.0
1.96303996182e-05
0.000162998752612
0.0001884147456
-0.0791630006522
-0.0703330645525
-0.0221354044102
-0.0077808762125
-0.0576773336309
-0.0600421587109
-0.0731663722794
-0.000814010155855
0.0
-0.0575547874498
-0.018206666841
-0.0109320706305
-0.000737745665071
-0.00045919803802
-0.00117520917957
-0.0791630006522
0.0
-0.00044988250936
-0.000210671618887
-0.000285444018379
-0.000455309855742
-0.0682188471331
-0.0818931759904
-0.000183763879899
0.0
-4.44083889275e-05
-0.000176205173461
-0.000259302672984
-0.00109629377099
4.72628606894e-05
-0.0551295907254
-0.000177473817671
0.0
-0.000277197585178
0.0
-0.000220049437006
-0.0378731047285
-0.000415121476316
-0.0852975512413
0.0
-0.089060390638
-0.0461067255551
-0.000342642023747
-0.000259093778394
-0.00019064869966
-0.000158905591012
-0.0879612315158
-0.0737407372255
0.0
0.0
0.0
0.0
0.0
-0.089060390638
0.0
0.0
0.0
0.0
0.0
0.0
0.0
0.0
0.0
0.0
-0.000962923568141
-0.083223459184
-0.000289469570182
-0.0527741087685
-0.051679367228
-0.0828827973852
-0.0527741087685
-0.000962923568141
-0.0791630006522
-0.000494686847555
-0.00106610470553
-0.0791630006522
-0.0617338561303
-0.00106610470553
-0.0791630006522
-0.0791630006522
0.0
0.0
-0.000151472338663
1.94689929978e-05
-0.000331788902956
-0.0012926269494
-0.0163904458478
-0.0202380104483
-0.000293152140175
-0.000159803255041
-0.0803348312301
-0.000131222180395
-8.81419164778e-05
-0.0813256336118
-0.000293152140175
-0.000131222180395
0.0
-0.000466359593327
-0.0871187774527
-0.089060390638
-0.0852458231456
-0.000481489656806
-0.000293152140175
-0.089060390638
-0.000263453506027
-0.000533616307325
-0.0864506447349
-0.0868569050125
-0.0881808499378
-0.000317104110383
-0.089060390638
-0.000243322513479
-0.000293152140175
-0.000293152140175
-0.089060390638
-0.089060390638
-0.089060390638
-0.089060390638
-0.000293152140175
-0.089060390638
-0.000459337091536
-0.0454722120102
-0.000138046467747
-0.0792868612634
-5.72597195066e-05
-4.93299094421e-05
-0.000102457537371
-0.000209768444354
-0.000635042633395
-0.000866022834161
-0.0296561361279
-0.000845404365906
-0.00018967986447
-0.000151126540123
-0.000278542986321
-0.000516247969409
-0.0455928398516
-0.057987405186
-0.0358952042629
-0.000293152140175
0.0
0.0
-0.000293152140175
0.0
-0.00601100000875
-0.00626069714332
0.000165867286738
0.000233886751017
0.000171904812658
0.000163279624553
0.000160613647999
0.000160996150744
-0.0542322703271
-0.0545179171146
-0.0702625843596
-0.00116635074765
-0.0108462485357
-0.0536594719245
-0.0590908532275
-0.000564074920449
-0.0380164883558
-0.0510804050757
-0.000982659370008
-0.0780131826901
-0.000902020190988
-0.000440647747154
-0.00145377091698
-0.000293152140175
0.0
-0.089060390638
0.0
0.0
-0.000293152140175
0.0
0.0
-0.089060390638
-0.0212916972367
-0.000200109787909
-0.000484053086519
-0.0346728689147
-0.000529495286717
-0.000429501589504
-8.06260236987e-05
0.0
0.0
-0.017472873281
-0.0166866935934
-0.0291009597659
-0.013671352348
-0.000445591441828
-0.000563374091905
-0.000727284256659
0.0
0.0
-0.00151913884353
-0.00151913884353
0.0
-0.057987405186
-0.00151913884353
-0.0014930642963
-0.0618859573392
-0.0618859573392
-0.0618859573392
-0.000293152140175
0.0
-0.000293152140175
-0.0618859573392
0.0
-0.0618859573392
0.0
-0.000293152140175
-0.000293152140175
0.0
-0.0765745247483
-0.0765745247483
-0.000293152140175
-0.02732687759
-0.000293152140175
0.0
-0.0531512615318
0.0
-0.0765745247483
-0.0765745247483
-0.000293152140175
0.0
-0.000293152140175
0.0
-0.089060390638
-0.000293152140175
-0.000293152140175
-0.000293152140175
0.0
0.0
0.0
0.0
0.0
0.0
0.0
0.0
0.0
-0.0212916972367
-0.000200109787909
-0.000864319988054
-0.0168458277027
-0.0418726624051
-0.000558952245702
-0.000170363995342
0.0
0.0
-0.0158706056223
-0.0200424375352
-0.0194284960622
-0.000586764341699
-0.0557761118303
-0.000617849876718
-0.000812823488565
0.0
0.0
-0.00151913884353
-0.0014930642963
-0.0014930642963
-0.00151913884353
0.0
-0.0014930642963
-0.0618859573392
-0.0618859573392
-0.0618859573392
0.0
-0.0814984225549
-0.000293152140175
-0.0618859573392
0.0
-0.0618859573392
0.0
-0.000293152140175
0.0
-0.0531512615318
-0.089060390638
-0.089060390638
-0.000293152140175
-0.02732687759
-0.000293152140175
0.0
-0.0715453791768
0.0
-0.000293152140175
0.0
0.0
0.0
-0.000293152140175
0.0
0.0
0.0
-0.000293152140175
-0.000293152140175
0.0
0.0
0.0
0.0
0.0
0.0
0.0
0.0
0.0
0.000452177147022
0.000446363841029
0.000438922029728
0.000405246338121
3.30198993182e-05
3.30198993182e-05
3.30198993182e-05
3.30198993182e-05
0.000519875187935
0.000523848862051
0.000512901513087
0.000508727346742
0.000474732460023
0.000474732460023
0.000474732460023
0.000474732460023
0.000406961900631
0.000397257369025
0.00037726941274
0.000386094495627
0.000275734036025
0.000275734036025
0.000275734036025
0.000275734036025
0.000438123908024
0.000419910203981
0.000414058443911
0.000413497193546
0.000254848635442
0.000254848635442
0.000254848635442
0.000254848635442
0.0
0.0
0.0
0.000147618580316
0.000411114266238
0.0
0.0
0.0
0.000303009643903
0.000341547097394
0.000419958099893
0.000488036894675
0.000359977077727
0.0
0.0
0.0
0.000178627068576
0.000191863732515
0.000169547742831
0.000200432216955
0.000272416539546
0.0
0.0
0.0
7.43081951645e-05
0.000107785000964
0.000148481194389
0.000191351273008
0.000267007937697
0.0
0.0
0.0
5.63534808926e-05
6.01413672463e-05
0.0
8.47973806705e-06
1.53252263734e-05
2.3418482728e-05
0.000109559121883
6.14764284999e-05
0.000475152656782
0.000357974572828
0.000325127336273
0.000381496470988
0.000440526060023
0.000466738731532
0.0004859968465
0.000476184796942
0.000332924575685
0.000216762450252
0.000193580584133
0.000209245479881
0.000235685985991
0.000269258384892
0.000375594583388
0.00033417894291
0.000262286616501
0.000127269380513
0.000109065182092
0.000158198757436
0.00014735895157
0.000198472894657
0.000391109966235
0.000269538287056
2.32975132717e-05
0.0
0.0
2.30086422689e-05
0.000226064689108
0.000478934378857
0.000404767493728
0.000284433728387
0.000383550755106
0.000349772584466
0.000392251560692
0.000452937643114
0.000511577005215
0.000405227011945
0.000325226549364
0.000228594459224
0.000229375864211
0.000200357213279
0.000206253087264
0.000256833315413
0.000332872853861
0.000432496203034
0.000472694823017
0.000305869857522
0.000178259635106
0.000115451302231
0.000164412986104
0.000249981360924
0.000327882001554
0.000465968523088
0.000522242733353
0.000344413968214
-0.000407291157159
0.000150019990491
3.05291170269e-05
-0.000671402364427
-0.000856619296518
-0.00312130357157
-0.00379982272155
-0.00213504759505
-0.00034075437639
-0.000732151900177
0.0
0.0
0.0
0.0
-0.0499015665581
0.0
-0.00025855793811
-0.000313516764126
-0.000406383866523
-0.000117972446753
-0.000564856385228
-0.000113223657973
-0.00030121957174
-0.00115524095997
-0.000257928766282
2.18024255661e-05
2.26856222171e-05
-0.000620443208123
-0.0141479260305
-0.000471923313515
-0.0329705495957
0.0
-0.0349104196761
-0.0374793098879
7.21861506969e-05
-5.74532174207e-06
-0.000138913755119
-0.000367071864467
0.0
-0.000293152140175
-0.0715453791768
-0.0618859573392
-0.000293152140175
0.0
0.0
0.0
-0.000293152140175
0.0
0.0
0.0
0.0
0.0
0.0
0.0
0.0
0.0
0.0
0.0
0.0
0.0
0.0
0.0
0.0
0.0
0.0
0.0
0.0
0.0
0.0
0.0
0.0
0.0
0.0
0.0
0.0
0.0
0.0
0.0
0.0
0.0
4.08145716157e-05
3.79289106582e-05
0.000110925210266
0.000179015927663
1.47182862424e-05
-0.00544817414269
8.89739980297e-05
-0.00525839388769
-0.000192628947377
-0.0791630006522
-0.070689250808
-0.00104168511616
0.0
0.0
0.0
0.0
-0.000323803424293
0.0
0.0
-0.000323803424293
0.0
-0.0616407768851
-0.0616407768851
-0.000323803424293
-0.0616407768851
-0.0616407768851
0.0
0.0
0.0
0.0
0.0
0.0
-0.000423599355495
-0.0111450351078
-0.0415631852056
-0.0445772037815
-0.000854473349976
-0.00567647874861
-0.000786006826963
-0.0373249763584
-0.00996069700603
-0.00062934235998
-0.000973698572953
-0.00139674231791
-0.0020633669983
-0.0020633669983
-0.0020633669983
-0.0020633669983
