0.0
0.0
0.0
0.0
0.0
0.0
0.0
0.0
-0.000510324990488
0.0141104763822
0.000251584943216
1.7763568394e-15
4.4408920985e-16
0.0
-6.93889390391e-18
-2.16840434497e-19
-0.000578549626343
-0.000393828330493
-5.29395592034e-23
1.65436122511e-24
1.29246970711e-26
0.0
0.00607776111955
0.00670984989433
3.08148791102e-33
0.0
3.76158192263e-37
2.93873587706e-39
-2.29588740395e-41
1.79366203434e-43
1.40129846432e-45
-8.75811540203e-47
0.00362403244116
0.00337708912392
5.47382212627e-47
-1.14266036886e-46
0.0
0.0
0.0
0.0
0.0
0.0
0.0
0.0
0.0
0.0
-0.00012418075158
-3.8042027404e-05
0.000305859633212
0.0
0.0
0.0
0.0
0.0
0.0
0.0
0.0
0.0
0.0
0.0
0.0
0.0
0.0
0.0
0.000975840619641
0.00139399059281
0.00106462215665
0.000200220648869
0.000118204330508
0.130554095863
0.0
0.0
0.0
0.0
0.0
0.0
0.00134794348483
0.0
0.00134794348483
0.0
0.000473706869557
0.0
0.0
0.0
0.0
0.0
0.0
0.0
0.0
-0.000206091963919
-0.000157416720852
-0.00013763474366
4.44267733432e-05
-1.60118518292e-05
0.000207571109307
0.000486777286057
0.0
0.0
0.0
0.0
0.0
0.0
0.0
0.0
0.0
0.0
0.0
0.0
0.0
0.0
0.0
0.0
0.0
0.0
0.0
0.0
0.0
0.0
0.0
0.0
-2.88967856949e-05
1.88851466798e-05
-1.17138770983e-05
-3.6293409972e-05
-3.6293409972e-05
0.000416885802951
-1.17138770983e-05
1.88851466798e-05
0.0
0.0
0.0
0.0
0.0
0.0
0.0
0.0
3.28065018225e-05
0.000187277652803
-8.95387066777e-05
2.14786665983e-05
4.65316291193e-05
0.000118335712888
-8.88480982741e-05
0.000318619686718
0.0
0.0
0.0
0.0
0.0
0.0
0.0
0.0
-9.17849384104e-05
0.000161376353374
-0.000147433007656
-0.000171566729222
-0.000134601449852
5.13166393012e-05
-0.000134567030337
0.000348908675581
0.0
0.0
0.0
0.0
0.0
0.0
0.0
0.0
-4.41671292331e-05
-5.16586920478e-05
-0.000118435679949
-5.80498144291e-05
-8.03197508136e-05
-8.31762560772e-05
-0.000120206195127
-5.94629651856e-05
0.0
0.0
0.0
0.0
0.0
0.0
0.0
0.0
-9.47794843477e-05
-6.1066300074e-05
-6.52395805452e-05
-6.30015334461e-05
-0.000101711934058
-4.61737917666e-05
-0.000102138694593
-4.21387343318e-05
0.0
0.0
0.0
0.0
0.0
0.0
0.0
0.0
0.000258406215902
0.000411393285794
0.000589951189407
0.000846225128795
0.00119624230131
0.0
0.0
0.0
7.80588621528e-05
0.000275206229724
0.00196595049133
0.00456952005566
0.00626044444541
0.0
0.0
0.0
0.0
0.0
0.0
0.0
0.0
0.0
0.0
0.0
0.0
0.0
0.0
0.0
6.51728306508e-05
0.00428427537947
0.00788348790315
0.00578240454541
0.0
0.0
0.0
0.0
0.0
0.0
0.0
0.0
0.0
-1.44142432168e-05
-2.22523209595e-05
-8.17956685283e-05
-5.23141378266e-05
-8.31618621341e-05
0.000155274567451
0.000118882800446
0.0
-8.11058507465e-06
7.21937293383e-06
-8.72491917304e-05
0.00166983633156
0.00400949075808
0.0033062388376
0.000202453494062
0.0
0.0
-8.18744315122e-06
-2.11191722658e-05
-8.46697084597e-05
0.00182818303729
0.00322736938727
0.010149291647
0.0
0.0
0.0
0.0
0.0
-1.61561354802e-05
-0.000151970190323
-4.74732954257e-05
0.0
0.0
0.0
-4.81588407824e-06
-5.98356556962e-06
-2.81895626267e-05
-0.000100637816271
0.000117595025137
0.0
0.0
-2.24091610718e-05
-0.000159591400551
0.000170890871499
0.0
0.0
0.0
0.0
0.0
0.0
0.0
0.0
0.0
0.0
0.0
0.0
0.0
0.0
0.0
0.0
0.0
0.0
0.0
0.0
0.0
0.0
0.0
0.0
0.0
0.0
0.0
0.0
0.0
0.0
0.0
0.0
0.0
-0.000117164114403
-0.000121088257629
-0.000107749893483
-0.000118647352551
-0.000118647352551
-0.000118647352551
-0.000118647352551
-0.000118647352551
-0.000118647352551
-0.000118647352551
0.0
0.0
0.0
0.0
0.0
0.0
0.0
0.0
0.0
0.0
0.0
0.0
0.0
-4.1751955037e-05
-0.000149783419481
-0.000156737790002
-0.000149475511009
-0.000151232545906
-0.000151232545906
-0.000151232545906
-0.000151232545906
-0.000151232545906
-0.000151232545906
-0.000151232545906
0.0
0.0
0.0
0.0
0.0
0.0
0.0
0.0
0.0
0.0
0.0
0.0
0.0
0.0
0.0
0.0
0.0
0.0
0.0
0.0
0.0
0.0
0.0
0.0
0.0
-6.0851079204e-06
0.0
0.0
0.0
0.0
-1.2526334413e-05
0.0
-0.000104790755268
2.2017408904e-06
2.52958748573e-06
-3.02342607642e-06
8.29885296374e-06
-5.14832863519e-05
-4.6588482986e-05
-0.000100762003507
0.0
0.0
0.000428859176316
0.000428859176316
0.0
0.000465110054156
0.000465110054156
0.000428859176316
-0.000904524740614
-0.000904524740614
0.130554095863
0.0
0.0
0.0
0.0
0.0
0.0
0.0
0.000341781027169
0.0
0.0
0.000310879196808
-8.11510269343e-05
0.000430695178515
0.00115409732704
0.00115409732704
0.0
0.00115409732704
6.64276082625e-06
0.000364553870567
0.000181978416906
0.000246846198815
-2.27250511071e-05
-7.80065643819e-06
-1.75327834505e-05
3.34492966642e-05
3.98089644198e-05
-9.30939206243e-06
-0.000124439011845
0.000638708387881
3.98089644198e-05
3.98089644198e-05
0.0
3.98089644198e-05
-4.12067135378e-05
8.38703166636e-05
7.38242771266e-05
0.000592233524949
0.0
0.0
0.0
0.0
0.0
-1.10768814794e-05
9.12686420322e-05
0.000723703017138
-5.00704944379e-05
0.0
-2.75627496772e-05
0.0
3.98089644198e-05
0.000135812805401
0.000161448284958
0.000667607553484
0.0
0.0
0.0
0.0
0.0
-8.41618089803e-06
-7.76134038927e-05
-4.63846780356e-05
0.0331439245128
0.0252846126701
0.00844459248437
0.00835144276545
0.0269322404126
0.0294982360947
0.0271453198545
0.000561204162211
0.0
0.0203007690339
0.0118620798287
0.0118620798287
-0.000713377705005
0.000313037469419
0.000357496256194
0.0113742690202
0.0
0.000240547284397
-0.000624993908575
-0.000710772657418
-0.000450010972152
0.0174370871432
0.0314810945449
0.000267528107028
0.0
0.000254335199775
-0.000799990229939
-0.000720407401469
0.000216365353967
0.000387489032377
0.0127382748033
0.000721040124888
0.0
0.00045214129957
0.00173369804411
-0.000573346157864
-7.86627187183e-06
0.0
0.0426727719217
0.000639717462971
0.0
0.00144817783451
0.00131745615083
-0.000550409586194
0.0142849678068
0.0265266557697
0.000737586696853
0.000449139200804
0.0
0.0
0.0
0.0
0.0
0.130554095863
0.0
0.0
0.0
0.0
0.0
0.0
0.0
0.0
0.0
0.0
0.000186983923977
0.000525187750166
0.000539810841362
0.000382300093653
0.000507564673086
0.000525187750166
0.000333092910587
0.000186983923977
0.0112894497693
0.000748020698913
0.000784646337462
0.0118620798287
0.00821604352011
0.000724281790942
0.0112894497693
0.0112894497693
0.0
0.0
8.32740598017e-05
-1.61383268531e-05
-1.13787159468e-05
0.00258453679398
-0.000107768731527
5.24330375845e-05
4.16087015754e-05
0.000846304658511
0.00101126304925
2.15704661158e-05
0.000613139969646
0.00070350742902
0.000405235577959
0.000399428732014
0.00107554737464
0.000661822848063
0.000746686320619
0.042909703409
0.00093908909922
0.000661822848063
0.000493962904136
0.0423067748532
0.000448741568475
0.000659763926992
0.000809670662473
0.0116026978611
0.000780215388199
0.000603182412983
0.00054647204766
0.000546784984448
0.000567314975822
0.000567314975822
0.000567314975822
0.000567314975822
0.000567314975822
0.000567314975822
0.000567314975822
0.000567314975822
-0.000182927437042
0.0103151938896
0.000940282788604
0.000909241169717
-0.000233624794438
0.000173224233091
0.000137980875991
0.000203988975807
0.000229052249183
0.00023212655406
0.0058814841176
-0.000603921227662
-0.000237232065222
0.000160978606523
0.000120153371562
-6.44527608085e-05
0.0
0.130554095863
0.130554095863
-0.000356992933965
-0.000455713621795
1.69430600132e-06
-0.000578549626343
-0.000393828330493
-4.30725457795e-05
0.000111963955482
-0.000156639258412
-9.9114339001e-05
-6.93210898357e-05
-6.57477770935e-05
-6.29211993057e-05
-7.22817643696e-05
0.0109300662124
0.0104858378275
0.036841451387
-0.00060685392936
0.0114286915474
0.0116362122629
0.012683172968
-0.00082467878241
0.035154739496
0.0349165094777
-0.000147237949784
0.0351807609228
-0.000248021846547
-0.000298739333099
0.000155016236828
-0.000356992933965
0.0
0.130554095863
0.0
0.0
-0.000904524740614
0.0
0.0
0.130554095863
0.000300265878175
0.000158491996851
-3.78363101788e-05
0.012101508261
0.000129781376963
-4.25855019885e-05
0.000199305514158
0.0
0.0
0.000101183320077
0.000367665717503
0.00918079909027
0.0124043609291
1.45437126136e-05
-0.000439337945663
0.000253384478721
0.0
0.0
-6.28897363828e-06
-6.28897363828e-06
0.0
0.130554095863
-0.000624983204681
0.000171875746896
0.0
0.0
0.0
-0.000278289196365
1.69430600132e-06
-0.000578549626343
0.0
-0.000771080193813
0.0
-0.000393828330493
-0.00084532954342
-0.00095370020271
-0.000455713621795
0.130554095863
0.130554095863
-0.00078250326917
0.0
-0.000904524740614
-0.000393828330493
0.0
0.0
0.130554095863
0.130554095863
-0.000904524740614
0.0
-0.000904524740614
0.0
0.130554095863
-0.000904524740614
-0.000904524740614
-0.000904524740614
0.0
0.0
0.0
0.0
0.0
0.0
0.0
0.0
0.0
0.000300265878175
0.000158491996851
1.09666244932e-05
0.00632134159939
0.00695520198005
-7.77236975176e-05
0.000200927135201
0.0
0.0
6.82640778319e-05
0.000453664598337
0.00167057788715
-0.000148571685607
0.0168538812153
-0.000571837299007
0.000267376964208
0.0
0.0
-6.28897363828e-06
-0.000538689442887
-0.000538689442887
-0.000471682951568
0.0
0.000171875746896
0.0
0.0
0.0
-0.000885425347794
0.0
-0.000523443819943
0.0
-0.000771080193813
0.0
-0.000393828330493
-0.00084532954342
1.69430600132e-06
0.0
0.130554095863
0.130554095863
-0.000904524740614
0.0
-0.000904524740614
-0.000393828330493
0.130554095863
-0.000393828330493
-0.00095370020271
-0.000455713621795
0.0
0.0
-0.000904524740614
0.0
0.0
0.0
-0.000904524740614
-0.000904524740614
0.0
0.0
0.0
0.0
0.0
0.0
0.0
0.0
0.0
-4.31476499567e-05
9.58365641633e-05
-7.67264843845e-06
-4.86889459526e-05
-6.40404977846e-06
-6.40404977846e-06
-6.40404977846e-06
-6.40404977846e-06
-6.03570894984e-05
-1.94407948638e-05
-1.45019852624e-06
-7.53312758168e-05
4.81023511468e-05
4.81023511468e-05
4.81023511468e-05
4.81023511468e-05
0.000503994194754
0.000743569551123
0.000614291513804
0.000908710210766
-1.6226757093e-05
-1.6226757093e-05
-1.6226757093e-05
-1.6226757093e-05
0.000422593609341
0.000597441272396
0.000460197965306
0.000309013813105
-1.08504590428e-05
-1.08504590428e-05
-1.08504590428e-05
-1.08504590428e-05
0.0
0.0
0.0
-3.56758686505e-05
-0.000131657821202
0.0
0.0
0.0
-0.000149316663066
-0.000162035486347
-0.000188466616304
-0.00021569578179
-0.000148843198959
0.0
0.0
0.0
8.71793111534e-05
1.30389896916e-05
-3.6543115215e-05
-4.56877055763e-05
-7.61588705001e-05
0.0
0.0
0.0
-7.56956682366e-05
-8.3791289625e-05
-8.99173699411e-05
-0.000110579865778
-0.0001396397449
0.0
0.0
0.0
-1.33694131139e-05
-1.59132645755e-05
0.0
0.0
-2.20894764896e-06
-2.00562511133e-06
-2.09896451007e-05
-1.38300622918e-05
-0.00011395747745
-0.000132798644776
-0.000130967495344
-0.000131096066902
-0.000130559142122
-0.000135593037155
-0.000140601812693
-0.00012149284071
-7.62035649283e-05
1.65206492967e-05
1.99901766494e-05
-3.75582740343e-05
-2.96706036705e-05
-6.45419039932e-05
-7.71317398683e-05
-7.16777446708e-05
-0.000102413267411
-6.78797527734e-05
-7.12503575351e-05
-7.44108727524e-05
-7.70955703866e-05
-8.49398124111e-05
-0.000130371135991
-0.000110514859021
-9.33895492389e-06
0.0
0.0
-4.96814720281e-06
-7.60258926826e-05
-0.000174725546838
-0.000149870154143
-0.000112847732761
-0.000162528532784
-0.000153607349226
-0.000159693582142
-0.000186429999051
-0.000212462704152
-0.00016503119645
-0.000132065588666
-9.01482242969e-05
-3.40870485805e-05
2.52363540906e-05
-2.81707044346e-05
-5.5511313721e-05
-8.46371555186e-05
-0.000143355585819
-0.000159459132146
-0.000114844500166
-8.98930433292e-05
-8.14033116297e-05
-8.85052891816e-05
-0.00010245756816
-0.000135320444875
-0.000180952842828
-0.000208219885572
-0.000130605590235
2.11413132698e-05
0.000138327656402
2.77008899157e-05
-8.06005662985e-06
9.27867310979e-05
0.000418801304289
-1.69151751193e-05
0.000830669565511
-0.000205489766745
0.000922336432054
0.0
0.0
0.0
0.0
-5.43228716241e-05
0.0
-0.000127734818383
-8.29639270669e-05
-9.8856431057e-05
-1.27483071253e-05
9.31959466063e-06
6.48071739469e-05
-8.40533953116e-05
-0.000102721465425
-0.000700190413758
-0.000710893296907
-0.000537800227051
-0.000777651839824
1.18001866014e-05
-0.000718710741752
4.13343429844e-05
-0.000830991607634
0.0133788283699
0.0198204808546
-1.1854635577e-05
5.63713502362e-07
-0.000480656632498
-0.000689839910609
0.0
-0.000904524740614
0.130554095863
0.0
-0.000356992933965
0.0
0.0
1.69430600132e-06
-0.000356992933965
1.69430600132e-06
-0.000455713621795
0.0
0.0
-0.000904524740614
-0.000904524740614
-0.000904524740614
0.0
-0.000904524740614
-0.00078250326917
-0.000578549626343
-0.00078250326917
-0.000356992933965
-0.00084532954342
-0.000455713621795
-0.000278289196365
1.69430600132e-06
-0.000455713621795
0.0
0.0
-0.000904524740614
-0.000904524740614
-0.000904524740614
0.0
-0.000904524740614
0.0
0.0
-0.000696399566695
-0.000356992933965
-0.000885425347794
-0.000393828330493
-0.00084532954342
0.0
0.000118721461681
0.00494298798677
0.000556714356079
0.000485156779258
5.2996061574e-05
3.3544417002e-05
2.44248955703e-05
9.9899035724e-05
0.000225842805523
0.0190372680826
0.0159744010527
-0.000518186853319
0.0
0.0
0.0
0.0
0.000977538354832
0.0
0.0
0.000977538354832
0.0
0.00059006618277
0.00059006618277
0.000977538354832
0.00059006618277
0.00059006618277
0.0
0.0
0.0
0.0
0.0
0.0
0.0115142204464
0.00959347777497
0.00054705320438
0.00920171298568
0.00519736816233
0.00812576773211
0.00502646419109
0.00770347453243
0.000233120845215
0.00192492374831
0.00172705457892
0.00125059907169
0.000152005234814
0.000152005234814
0.000152005234814
0.000152005234814
0.0
0.0
0.0
0.0
0.0
0.0
0.0
0.0
0.0331439245128
0.000945762465752
0.0135042973335
0.0
0.0
0.0
0.0
0.0
0.0
0.0
0.0
0.0
0.0
0.0
3.18378939276e-05
0.000108564254213
0.0
0.130554095863
0.0
0.0
0.0
0.0
0.0
0.0
0.00519667464232
0.00152273245664
0.00337708912392
0.0
0.0
0.0
0.0
0.0
0.0
0.0
0.0
0.0
0.0
0.0
0.00329028216488
0.00284283971095
-4.59699540246e-05
0.0
0.0
0.0
0.0
0.0
0.0
0.0
0.0
0.0
0.0
0.0
0.0
0.0
0.0
0.0
0.000412797885542
0.00108938844017
0.000225161423609
0.0
0.130554095863
0.0
0.0
0.0
0.0
0.0
0.0
0.0
0.0010778344167
0.0
0.0010778344167
0.0
-3.72939342021e-06
0.0
0.0
0.0
0.0
0.0
0.0
0.0
0.0
-0.000221657694419
-0.000160546943236
-0.000157416720852
-2.17103390055e-05
-4.11499545231e-05
9.59651712319e-05
-9.91219680593e-06
0.0
0.0
0.0
0.0
0.0
0.0
0.0
0.0
0.0
0.0
0.0
0.0
0.0
0.0
0.0
0.0
0.0
0.0
0.0
0.0
0.0
0.0
0.0
0.0
0.000389585574682
-1.17138770983e-05
1.88851466798e-05
0.000416885802951
0.000416885802951
-3.6293409972e-05
1.88851466798e-05
-1.17138770983e-05
0.0
0.0
0.0
0.0
0.0
0.0
0.0
0.0
7.50037083835e-05
-8.05754410514e-05
0.000314459203518
0.000115460587044
9.99820483077e-05
0.000120906626255
0.000318619686718
-8.88480982741e-05
0.0
0.0
0.0
0.0
0.0
0.0
0.0
0.0
-0.000135994256894
-0.000176823910211
0.000300893043028
-0.000140817365569
-2.18759021458e-05
-6.60049703612e-05
0.000348908675581
-0.000134567030337
0.0
0.0
0.0
0.0
0.0
0.0
0.0
0.0
-2.33617468288e-05
-7.16988180179e-05
-8.40683594373e-05
-3.00578403444e-05
-6.13623222175e-05
-0.000115696268427
-7.56499935565e-05
-0.000120206195127
0.0
0.0
0.0
0.0
0.0
0.0
0.0
0.0
0.000442072047243
-9.15146062731e-05
-5.91542821372e-05
-6.25555530167e-05
-8.10099499111e-05
-6.53139241283e-05
-5.68020895135e-05
-0.000102138694593
0.0
0.0
0.0
0.0
0.0
0.0
0.0
0.0
-6.72134583438e-05
-5.61893679773e-05
-2.28715271383e-05
-1.20649713799e-05
3.88310914128e-07
0.0
0.0
0.0
-6.73541489287e-05
-2.5198875279e-05
-6.36828416574e-05
-2.8486214825e-05
5.68775613372e-05
0.0
0.0
0.0
0.0
0.0
0.0
0.0
0.0
0.0
0.0
0.0
0.0
0.0
0.0
0.0
-2.02027983672e-05
-0.000151895989814
-0.000107741501586
-4.0141333658e-07
0.0
0.0
0.0
0.0
0.0
0.0
0.0
0.0
-6.07110743202e-06
-2.53762749654e-05
-4.67813941354e-05
-3.76382024474e-05
-0.000109797428416
9.31864717241e-05
-7.11505432553e-06
5.88845277339e-05
0.0
-1.0763019411e-05
-2.86088792673e-05
0.000198076579155
0.000630375314431
0.00168948219296
6.32557862299e-05
0.000945638699345
0.0
0.0
-7.89462013085e-06
6.03961905124e-05
0.00101612338427
0.000594339219775
0.000614179974091
0.00283028764498
0.0
0.0
0.0
0.0
0.0
-1.38985188744e-05
-3.35985556343e-05
2.50673802672e-05
0.0
0.0
0.0
-6.06115104272e-06
-1.11709338528e-05
-4.25616275202e-05
0.000109252067703
1.85671134784e-05
0.0
0.0
0.000204317931382
0.00297066554373
0.00628078683742
0.0
0.0
0.0
0.0
0.0
0.0
0.0
0.0
0.0
0.0
0.0
0.0
0.0
0.0
0.0
0.0
0.0
0.0
0.0
0.0
0.0
0.0
0.0
0.0
0.0
0.0
0.0
0.0
0.0
0.0
0.0
0.0
1.28423142689e-06
0.00465649027885
0.0053191682902
0.00550368228345
0.00551138104507
0.00551138104507
0.00551138104507
0.00551138104507
0.00551138104507
0.00551138104507
0.00551138104507
0.0
0.0
0.0
0.0
0.0
0.0
0.0
0.0
0.0
0.0
0.0
0.0
0.0
0.000165389785376
0.00293950159627
0.00401303197251
0.00513412811369
0.0053480700694
0.0053480700694
0.0053480700694
0.0053480700694
0.0053480700694
0.0053480700694
0.0053480700694
0.0
0.0
0.0
0.0
0.0
0.0
0.0
0.0
0.0
0.0
0.0
0.0
0.0
0.0
0.0
0.0
0.0
0.0
0.0
0.0
0.0
0.0
0.0
0.0
-4.22123006292e-06
-9.47048444341e-06
0.0
0.0
0.0
-6.57843322597e-06
-3.05787785874e-05
-5.4660878545e-06
-4.64872485868e-05
-1.94805833839e-05
1.10698708417e-05
8.61877342265e-06
-1.35476001391e-05
-2.38488294473e-05
-6.89285715583e-05
-3.98243054777e-05
0.0
0.0
3.05160871726e-06
3.05160871726e-06
0.0
2.36510727863e-05
2.36510727863e-05
3.05160871726e-06
0.130554095863
0.130554095863
-0.000904524740614
0.0
0.0
0.0
0.0
0.0
0.0
0.0
4.13684203877e-05
0.0
0.0
3.5011152865e-05
0.000143298728644
5.00117451451e-06
0.00178146830241
0.00178146830241
0.0
0.00178146830241
0.000298201995461
0.000232910839932
0.000588631684574
0.000335354230964
0.000254994091375
-2.13524746435e-05
2.23253365112e-06
0.000206567940613
0.000566321366222
-1.15128405367e-05
0.000153986559483
-4.42582101081e-05
0.000566321366222
0.000566321366222
0.0
0.000566321366222
9.84548874228e-05
-5.41617998811e-05
8.86522775368e-05
-1.36079846154e-05
0.0
0.0
0.0
0.0
0.0
-1.30431237683e-05
-2.31328248585e-05
-6.19322630978e-05
0.000136691723641
0.0
-4.81512053671e-05
0.0
0.000655908820248
-5.91538112826e-05
4.31379056619e-05
-5.33388912658e-05
0.0
0.0
0.0
0.0
0.0
-9.31362544231e-06
-4.18427966655e-05
-7.60145851274e-05
-0.000605067888652
-0.000423991492626
0.00138197024349
0.00166529870717
-0.000260730885589
-0.000276871306982
-0.000541812561191
0.0112263430676
0.0
-0.000210558939688
0.000343653607795
0.000357496256194
0.00218065537629
0.000559274879917
0.00953564028977
-0.000605067888652
0.0
0.000461028997648
0.0161276155033
0.0290051197195
0.0119127040578
-0.000562786078871
-0.000738175204921
0.0336688229508
0.0
0.00106601309023
0.0267982346418
0.0273654713687
0.000129646015245
0.00052386141473
-0.000374931374047
0.0663737928235
0.0
0.000516682401242
0.0
0.0426727719217
0.000263481545844
0.00138092655767
-0.000676916105966
0.0
-0.000904524740614
0.000153775579151
0.0209976752519
0.047171620519
0.000698159208473
0.000527262770542
-0.000857766807598
0.00728039561783
0.0
0.0
0.0
0.0
0.0
-0.000904524740614
0.0
0.0
0.0
0.0
0.0
0.0
0.0
0.0
0.0
0.0
0.00991948466554
-0.000828576046411
0.0334128781457
-0.000251856241561
-0.000237825279461
-0.000546966085455
-0.000251856241561
0.00991948466554
-0.000605067888652
0.0185420212332
0.0245220010862
-0.000605067888652
-0.000206336901481
0.0245220010862
-0.000605067888652
-0.000605067888652
0.0
0.0
-5.62574898446e-06
6.03551216537e-05
0.0142331964443
-1.31310107291e-05
0.00682350906113
0.00689209583741
0.130554095863
0.0274866484927
-0.000799990229939
0.0670203996605
0.0208311777953
-0.000835172051623
0.130554095863
0.0670203996605
0.0
0.0564890436859
-0.000585810882631
-0.000904524740614
-0.000678207743862
0.0569403037434
0.130554095863
-0.000904524740614
0.0934958432458
0.0503333078103
-0.000563770145677
-0.000772919358388
-0.000855280371407
0.0931876187647
-0.000904524740614
0.0286557099092
0.130554095863
0.130554095863
-0.000904524740614
-0.000904524740614
-0.000904524740614
-0.000904524740614
0.130554095863
-0.000904524740614
0.00880202804633
-3.81001927833e-06
0.000317377100221
-0.00038159015676
0.00021356097202
0.000181569283387
0.00527022204626
0.000433247256232
0.0143296485831
0.00672098119172
0.000167677702781
0.00884003939438
1.92637475117e-05
0.000255280721389
0.00195482801014
0.0112994874572
-0.000455713621795
-0.000578549626343
-0.000356992933965
0.130554095863
0.0
0.0
0.130554095863
0.0
-0.000150477919487
-0.000156639258412
9.08410065251e-05
4.412869631e-05
0.000100656246727
0.0044985916563
0.0045683890519
0.00453053768026
-0.00051455845016
-0.000524230145442
-0.000605415795192
0.0353781497856
0.000126612250258
-0.000490575754031
-0.000435822439238
0.00520778705628
-8.77239659159e-05
-0.000352982570319
0.0389176528686
-0.000744469209329
0.00945809485577
0.0657452550026
0.0147041418914
0.130554095863
0.0
-0.000904524740614
0.0
0.0
0.130554095863
0.0
0.0
-0.000904524740614
-0.000135507985855
0.000211087596151
0.00324610898678
0.000390996414628
0.0114814676051
0.0180358409098
0.000167670869222
0.0
0.0
-7.61317915053e-05
-0.000180558425584
-0.000196070262204
3.07793720341e-05
0.00385946178545
0.0204211883101
0.00650134835689
0.0
0.0
0.0331439245128
0.0331439245128
0.0
-0.000578549626343
0.0331439245128
0.0154358086068
-0.000771080193813
-0.000771080193813
-0.000771080193813
0.130554095863
0.0
0.130554095863
-0.000771080193813
0.0
-0.000771080193813
0.0
0.130554095863
0.130554095863
0.0
-0.00078250326917
-0.00078250326917
0.130554095863
1.69430600132e-06
0.130554095863
0.0
-0.000393828330493
0.0
-0.00078250326917
-0.00078250326917
0.130554095863
0.0
0.130554095863
0.0
-0.000904524740614
0.130554095863
0.130554095863
0.130554095863
0.0
0.0
0.0
0.0
0.0
0.0
0.0
0.0
0.0
-0.000135507985855
0.000211087596151
0.00724013724964
0.000332035612728
0.000293936022358
0.0152927915827
0.000411891723579
0.0
0.0
-0.000115727206413
-0.000160256617913
7.80565768558e-05
0.00477909506674
-0.000432268078399
0.0203523321122
0.00542578297214
0.0
0.0
0.0331439245128
0.0154358086068
0.0154358086068
0.0331439245128
0.0
0.0154358086068
-0.000771080193813
-0.000771080193813
-0.000771080193813
0.0
-0.000830991607634
0.130554095863
-0.000771080193813
0.0
-0.000771080193813
0.0
0.130554095863
0.0
-0.000393828330493
-0.000904524740614
-0.000904524740614
0.130554095863
1.69430600132e-06
0.130554095863
0.0
-0.00084532954342
0.0
0.130554095863
0.0
0.0
0.0
0.130554095863
0.0
0.0
0.0
0.130554095863
0.130554095863
0.0
0.0
0.0
0.0
0.0
0.0
0.0
0.0
0.0
-0.000165772716737
-0.000165807912869
-0.000158561221702
-0.000148644840311
-1.44989148162e-05
-1.44989148162e-05
-1.44989148162e-05
-1.44989148162e-05
-0.000223225610207
-0.000222501792931
-0.000216924344141
-0.000218425684817
-0.000218526880064
-0.000218526880064
-0.000218526880064
-0.000218526880064
-0.000111434921598
-9.4456827884e-05
-8.3668465709e-05
-0.000111511889658
-5.06326986731e-05
-5.06326986731e-05
-5.06326986731e-05
-5.06326986731e-05
-0.000191045205223
-0.000181425518426
-0.00018249894407
-0.000181915136322
-0.000139176212214
-0.000139176212214
-0.000139176212214
-0.000139176212214
0.0
0.0
0.0
-4.64834208255e-05
-0.000140247958549
0.0
0.0
0.0
-0.000131420287219
-0.000141329932151
-0.000167741680461
-0.000169777291768
-0.000138767261737
0.0
0.0
0.0
6.91948266068e-05
9.08567097658e-06
-5.69158326142e-05
-9.77981500312e-05
-8.68745730329e-05
0.0
0.0
0.0
-7.23221504261e-05
-7.6981454228e-05
-8.42314080571e-05
-0.000108910160416
-0.00012503137856
0.0
0.0
0.0
-2.33197547133e-05
-2.4696604022e-05
0.0
-3.43921603894e-06
-6.43669448328e-06
-9.92350354532e-06
-4.26537256915e-05
-2.54513336643e-05
-0.00021852900833
-0.00015738162799
-0.000150084071685
-0.000165037121555
-0.000193128377447
-0.0002084210866
-0.000218649626253
-0.00021877766194
-0.00011746767644
1.0710108417e-05
1.56827865863e-05
-2.67626106066e-05
-6.67960656443e-05
-8.51931116458e-05
-0.000105576571076
-0.000115028227195
-0.000140541409119
-8.53634848601e-05
-7.78105549901e-05
-8.76596493695e-05
-9.63102914546e-05
-0.000113062991635
-0.000153178813249
-0.00014216927836
-1.09797140676e-05
0.0
0.0
-9.53252443754e-06
-8.82607416426e-05
-0.000176774388788
-0.000159367514797
-0.000106519802753
-0.000159854725677
-0.000143951334068
-0.00016005677624
-0.000182434716929
-0.000203238921182
-0.000147335151794
-0.000125371099748
-9.35362642354e-05
-3.86486326564e-05
2.48006376153e-05
-2.01452281237e-05
-8.45897369756e-05
-0.000113400722325
-0.000130623372521
-0.000147418160794
-9.38100706874e-05
-9.04389295219e-05
-7.86423583448e-05
-8.64557080283e-05
-0.00011382069821
-0.000138487206438
-0.000192166552551
-0.000206531686968
-0.000130052520599
-5.19583729991e-05
-5.1745691796e-05
0.000204149461079
0.00016968214569
0.000230569989372
0.000131850267144
0.000530290614321
0.000426916326793
0.000922336432054
0.0302010880042
0.0
0.0
0.0
0.0
0.00789067095071
0.0
0.000254907952597
0.000381954332533
0.00039481162008
7.18777417974e-05
-9.19573459733e-05
-8.77929855514e-05
-5.11793856126e-05
-2.33713856723e-05
-5.09427881094e-06
3.43130142363e-05
3.35801112554e-05
-1.31277751776e-05
-0.000182707270626
-3.0325629144e-06
-0.000165294367393
0.0
-0.000261662947709
-6.2239107246e-05
0.00021130088305
0.0123175254178
0.0141059154748
0.0183848031094
0.0
0.130554095863
-0.00084532954342
-0.000771080193813
0.130554095863
0.0
0.0
0.0
0.130554095863
0.0
0.0
0.0
0.0
0.0
0.0
0.0
0.0
0.0
0.0
0.0
0.0
0.0
0.0
0.0
0.0
0.0
0.0
0.0
0.0
0.0
0.0
0.0
0.0
0.0
0.0
0.0
0.0
0.0
0.0
0.0
0.0
0.0
-6.57896729927e-05
-3.90731204417e-05
0.000335961637542
4.7040326606e-05
0.000177392232859
0.00393227562886
0.000429577067292
0.00035998114469
0.000750711040559
-0.000605067888652
-0.000378248648139
0.0185356413401
0.0
0.0
0.0
0.0
0.00059006618277
0.0
0.0
0.00059006618277
0.0
0.000977538354832
0.000977538354832
0.00059006618277
0.000977538354832
0.000977538354832
0.0
0.0
0.0
0.0
0.0
0.0
0.000302493884707
0.00107317862801
0.000853480395176
0.00056486363355
0.00190188689769
0.000408224020519
0.00185467599278
-5.1823886755e-05
0.00689951048209
0.00138313577368
0.00486141734136
0.00185081014696
0.00591265634514
0.00591265634514
0.00591265634514
0.00591265634514
