0.0
0.0
0.0
0.0
0.0
0.0
-0.00599357933971
-0.0167952070502
-0.0192395590654
1.11022302463e-16
4.4408920985e-16
5.55111512313e-17
-2.77555756156e-17
-1.38777878078e-17
0.0
1.08420217249e-19
-0.00487380236415
-0.00571324309958
-0.00673295178814
-1.05879118407e-22
0.0
0.0
0.0
-1.61558713389e-27
0.0
0.0
0.0
0.0
0.0
0.0
0.0
0.0
0.0
0.0
0.0
0.0
0.0
0.0
0.0
0.0
0.0
0.0
0.0
0.0
0.0
0.0
0.0
0.0
0.0
0.0
0.0
0.0
0.0
0.0
0.0
0.0
0.0
0.0
0.0
0.0
0.0
0.0
0.0
0.0
0.0
0.0
0.0
0.0
0.0
0.0
0.0
0.0
0.0
0.0
0.0
0.0
0.0
0.0
0.0
0.0
0.0
0.0
0.0
0.0
0.0
0.0
0.0
0.0
0.0
0.0
0.0
0.0
0.0
0.0
0.0
0.0
0.0
0.0
0.0
0.0
0.0
0.0
0.0
0.0
0.0
0.0
0.0
0.0
0.0
0.0
0.0
0.0
0.0
0.0
0.0
0.0
0.0
0.0
0.0
0.0
0.0
0.0
0.0
0.0
0.0
0.0
0.0
0.0
0.0
0.0
0.0
0.0
0.0
0.0
0.0
0.0
0.0
0.0
0.0
0.0
0.0
0.0
0.0
0.0
0.0
0.0
0.0
0.0
0.0
0.0
0.0
0.0
0.0
0.0
0.0
0.0
0.0
0.0
0.0
0.0
0.0
0.0
0.0
0.0
0.0
0.0
0.0
0.0
0.0
0.0
0.0
0.0
0.0
0.0
0.0
0.0
-0.00681321573746
0.208339359145
0.0
0.208339359145
-0.00681321573746
0.0
-0.00681321573746
0.0
0.0
0.0
0.0
0.0
0.0
0.0
0.0
0.0
0.0
-0.00587344726019
0.0
0.0
0.0
0.0
-0.000120107433918
0.00175251907195
-0.00103985779459
0.0
-0.00103985779459
-0.00103985779459
0.0
-0.00103985779459
0.0
0.0
0.0
0.0
0.0
0.0
0.0
0.0
0.0
0.0
0.0
0.0
0.0
0.0
0.0
0.0
0.0
0.0
0.0
0.0
0.0
0.0
0.0
0.0
0.0
0.0
0.0
0.0
0.0
0.0
0.0
0.0
0.0
0.0
-0.00070928581546
0.0014273215832
0.0
0.0
-0.00127502226291
0.0
-0.000284747619587
-0.000370221879862
0.0
0.00146661099516
0.0
0.0
0.0
0.0
0.0
0.0
0.149566230161
0.0049347029276
0.207669816681
-0.000145825743027
0.025860490404
0.0049347029276
0.00376763978264
-0.000145825743027
0.0
0.0
0.0
0.0
0.0
0.0
0.0
0.0
0.0
0.0
0.0478052146101
-0.0256610413952
0.0
0.0
0.0
-0.0256610413952
0.0
0.0
0.0
0.0
0.0
0.0
0.0
0.0
0.0
0.0
0.0
0.0478052146101
-0.0256610413952
0.0
0.0
0.0
0.0
0.0
-0.0256610413952
-0.0256610413952
0.0
-0.0256610413952
0.0
0.0
0.0
0.0
0.0
0.0
0.0
0.0
0.0
0.0
0.0
0.0
0.0
0.0
0.0
0.0
0.0
0.0
0.0
0.0
0.0
0.0
0.0
0.0
0.0
0.0
0.0
0.0
0.0
0.0
0.0
0.0
0.0
0.0
0.000151170598705
0.00133096816966
-0.000526972677849
-0.00159048017298
-0.00408881509919
-0.00498523823153
-0.00580037153483
-0.00291418936074
0.0
0.0
0.0
-0.000118223328895
-0.000871396992047
-0.00432949089137
-0.00545984031435
0.0
0.0
0.0
0.0
0.0
0.0
0.0
0.0
0.0
0.0
0.0
0.0
0.0
0.0
0.0
0.0
0.0
0.0
0.0
0.0
0.0
0.0
0.0
0.0
0.0
0.0
0.0
0.0
0.0
-0.00703709788985
-0.00587059031194
-0.0038723411679
0.0
0.0
0.0
0.0
0.0
0.0
0.0
0.0
0.0
0.0
0.0
0.0
0.0
0.0
0.0
0.0
0.0
0.0
0.0
0.0
0.0
0.0
0.0
0.0
0.0
0.0
0.0
0.0
-0.0034051174701
0.0
0.0
0.0
0.0
-0.0130653874231
-0.0130653874231
0.0442035348692
0.0178359898576
-0.00353667224742
0.016129816875
0.0537620898471
0.0552026542374
0.0
-0.000132547851229
0.0352916163627
-0.000155996525035
0.028250257632
0.0
0.0
0.0
0.00161219267634
-0.000145825743027
-0.000145825743027
0.0
0.0
0.0
0.0
0.0
-0.00477515047325
-0.00762131627011
-0.056368973618
-0.0762060869973
0.0
0.0
0.0
0.0
0.057050133694
0.057050133694
0.057050133694
0.057050133694
0.057050133694
0.057050133694
0.057050133694
0.057050133694
0.0
0.0
0.0
0.0
0.0
0.0
0.0
0.0
-0.0449455294921
-0.0299238310561
0.0
0.0
0.0
0.0
0.0
0.0
0.0
0.0
0.0
0.0
0.0
0.0
0.0
0.0
0.0
0.0
0.0
0.0
0.0
0.0
0.0
0.0
0.0
0.0
0.0
-0.00702453144129
0.0
0.0
0.0
0.0
0.0
0.0
-0.000451588199469
-0.00585234695108
0.0
0.0
0.0
0.0
0.0
0.0
0.0
0.0
0.0
0.0
0.0
0.0
0.0
0.0
0.0
0.0
0.0
0.0
0.0
0.0
0.0
0.0
0.0
0.0
0.0
0.0
0.0
0.0
0.0
0.0
0.0
0.0
0.0
0.0
0.0
0.0
0.0
0.0
0.0
0.0
0.0
0.0
0.0
0.0
0.0
0.0
0.0
0.0
0.0
0.0
0.0
0.0
0.0
0.0
0.0
0.0
0.0
0.0
0.0
0.0
0.0
0.0
0.0
0.0
0.0
0.0
0.0
0.0
0.0
0.0
0.0
0.0
0.0
0.0
0.0
0.0
0.0
0.0
0.0
0.0
0.0
0.0
0.0
0.0
0.0
0.0
0.0
0.0
0.0
0.0
0.0
0.0
0.0
0.0
0.0
0.0
0.0
0.0
0.0
0.0
0.0
0.0
0.0
0.0
0.0
0.0
0.0
0.0
0.0
0.0
0.0
0.0
0.0
0.0
0.0
0.0
0.0
0.0
0.0
0.0
0.0
0.0
0.0
0.0
0.0
0.0
0.0
0.0
0.0
0.0
0.0
0.0
0.0
0.0
0.0
0.0
0.0
0.0
0.0
0.0
0.0
0.0
0.0
0.0
0.0
0.0
0.0
0.0
0.0
0.0
0.0
0.0
0.0
0.0
0.0
0.0
0.0
0.0
0.0
0.0
0.0
0.0
0.0
0.0
0.0
0.0
0.0
-0.000409572042481
-0.00639468664116
-0.0256610413952
0.0
0.0
0.0
0.0
0.0
0.0
0.0
0.0
0.0
0.0
0.0
0.0
0.0
0.0
0.0
0.0
0.0
0.0
-0.000808443078942
-0.00129789611196
-0.00210504651946
-0.00343367389497
-0.00336405471596
-0.00343093324562
-0.00343093324562
-0.00343093324562
0.0
0.0179334805576
0.0
0.0
0.0
0.0
0.0
0.0
-0.000188691980619
-0.00162329825254
-0.00418333687381
-0.00365249787322
-0.00662692451754
0.000302991293561
0.0
0.0
0.000369632466612
0.00082215667468
0.0108375272434
0.0222852048263
0.00434953146906
0.0053811552206
0.0394386022028
0.00273599170694
0.000579072475369
-0.00159261693011
-0.00827395353925
-0.00827395353925
-0.00178858580606
-0.0130653874231
-0.0130653874231
-0.0130653874231
-0.00329340568296
-0.00348571528021
-0.0022372177437
-0.00324302364622
-0.00173625968899
-0.00173625968899
-0.00173625968899
-0.00173625968899
-0.0062568825067
-0.0071280836324
-0.00567872974779
-0.00622725356125
-0.00590130738185
-0.00684777538759
-0.00574492214184
-0.00633686452746
0.0110314021201
0.00617470957593
0.00342207944333
0.00610182988687
-0.00783165865513
-0.0076080735196
-0.0360046080835
-0.00963049367354
0.00390985247365
0.00551541484482
0.0
0.0
0.0
0.0
0.0
0.0
0.0395913742597
0.00152429321445
0.00780988660716
0.00223636077297
0.0
0.0
0.0
0.0
0.00551541484482
0.00424660865997
0.0
0.0
0.0
0.0
0.0
0.0
0.0
0.0
0.0
0.0
0.0
0.0
0.0
0.0
0.0
0.0
0.0
0.0
0.0
0.0
0.0
0.0
0.0
0.0
0.0
0.0
0.0
0.0
0.0
0.0
-0.0376917480033
-0.0198281393171
-0.0376917480033
0.0
0.0
0.0
0.0
0.0
0.0
0.0
0.0
0.0
0.0
0.0
0.0
0.0
0.0
0.0
0.0
0.0
0.0
0.0
0.0
0.0
0.0
0.0
0.0
0.0
0.0
0.0
0.0138368874275
0.0383566956072
0.0
0.0
0.0
0.0
0.0
0.0
0.0
0.0
0.0
0.0
0.0
0.0
0.0
0.0
0.0
0.0
-0.0122115025664
-0.0112142669296
-0.0078958907423
-0.00537263334274
-0.00114236949008
-0.000592020893107
0.0
0.0
0.00272067176572
0.00299174701195
0.0110322695676
-0.00137690401534
0.0160929762015
0.0449799802797
-0.0752057905992
0.0
0.000936891097912
-0.072971788494
-0.0080037751204
-0.021295572944
-0.010452958851
-0.0130653874231
-0.021295572944
0.0
-0.00108725845336
-0.00155443810125
0.000180881791891
-0.000558357553437
0.0
0.0
0.0
0.0
-0.00282555879304
3.77696190313e-05
0.00146661099516
0.0
0.0
0.0
0.0
0.0
-0.0752057905992
0.0683323889448
0.0690468523133
0.0703729405415
0.0257362977649
-0.0761654917659
-0.0761654917659
-0.0761654917659
-0.0752057905992
-0.0752057905992
-0.0748926917489
-0.0759067846428
0.0
0.0
0.0
0.0
0.0
0.0
0.0
0.0
0.0
0.0
0.0
0.0
0.0
0.0
0.0
0.0
0.0
0.0
0.0
0.0
0.0
0.0
0.0
0.0
0.0
0.0
0.0
0.0
0.0
0.0
0.0
0.0
0.0
0.0
0.0
0.0
0.0
0.0
0.0
0.0
0.0
0.0
0.0
0.0
0.0
0.0
0.0
0.0
0.0
0.0
0.0
0.0
0.0
0.0
0.0
0.0
0.0
0.0
0.0
0.0
0.0
0.0
0.0
0.0
0.0
0.0
0.0
0.0
0.0
0.0
0.0
0.0
0.0
0.0
0.0
0.0
0.0
0.0
0.0
0.0
0.0
0.0
0.0
0.0
0.0
0.0
0.0
0.0
0.0
0.0
0.0
0.0
0.000269392280973
0.0
0.0120111637286
0.0120111637286
0.0
0.00897374949173
0.0
-0.00648935336746
0.00502445046599
0.0120111637286
0.000269392280973
0.00897374949173
0.0
0.000269392280973
0.00897374949173
0.0
0.00251694048712
0.00646819115739
-5.39750097973e-05
0.00700612919842
0.000886500012993
0.0067641798558
0.000299152360734
0.151934087408
0.0190634450195
0.19294152245
0.00221750216682
0.157992841194
0.0
0.00138452592848
0.157992841194
0.0
0.0
0.0
0.0
0.0
0.0
0.0
-0.0256610413952
-0.0192395590654
-0.00426610546037
0.0
0.0
0.0
0.0
0.0
0.0
0.0
-0.0621840505115
-0.00801143564504
-0.00368020979669
0.0
0.0
0.0
0.0
0.0
0.0
0.0
0.0
0.0
0.0
0.0
0.0
0.0
0.0
0.0
0.0
0.0
0.0
0.0
0.0
0.0
0.0
0.0
0.0
0.0
0.0
0.0
0.0
0.0
0.0
0.0
0.0
0.0
0.0
0.0
0.0
0.0
0.0
0.0
0.0
0.0
0.0
0.0
0.0
0.0
0.0
0.0
0.0
0.0
0.0
0.0
0.0
0.0
0.0
0.0
0.0
0.0
0.0
0.0
0.0
0.0
0.0
0.0
0.0
0.0
0.0
0.0
0.0
0.0
0.0
0.0
0.0
0.0
0.0
0.0
0.0
0.0
0.0
0.0
0.0
0.0
0.0
0.0
0.0
0.0
0.0
0.0
0.0
0.0
0.0
0.0
0.0
0.0
0.0
0.0
0.0
0.0
0.0
0.0
0.0
0.0
0.0
0.0
0.0
0.0
0.0
0.0
0.0
0.0
0.0
0.0
0.0
0.0
0.0
0.0
0.0
0.0
0.0
0.0
0.0
0.0
0.0
0.0
0.0
0.0
0.0
0.0
0.0
0.0
0.0
0.0
0.0
0.0
0.0
0.0
0.0
0.0
0.0
0.0
0.0
0.0
0.0
0.0
0.0
0.0
0.0
0.0
0.0
0.0
0.0
0.0
0.0
0.0
0.0
0.0
0.0
0.0
0.208990381446
-0.00681321573746
0.0
-0.00681321573746
0.208990381446
0.0
0.208990381446
0.0
0.0
0.0
0.0
0.0
0.0
0.0
0.0
0.0
0.0
0.0679192108845
0.0
0.0
0.0
0.0
-0.000383828059427
-0.00622208852832
0.0
-0.00103985779459
0.0
0.0
0.0
0.0
0.0
0.0
0.0
0.0
0.0
0.0
0.0
0.0
0.0
0.0
0.0
0.0
0.0
0.0
0.0
0.0
0.0
0.0
0.0
0.0
0.0
0.0
0.0
0.0
0.0
0.0
0.0
0.0
0.0
0.0
0.0
0.0
0.0
0.0
0.00620639954641
0.00382376842118
0.0
0.0
0.00821421641208
0.0
-0.000708600156842
0.0683666900458
0.0
0.0174911501322
0.0
0.0
0.0
0.0
0.0
0.0
0.00376763978264
0.0256872327528
-0.000145825743027
0.208314248063
0.0049347029276
0.0256872327528
0.158389454359
0.208314248063
0.0
0.0
0.0
0.0
0.0
0.0
0.0
0.0
0.0
0.0
-0.0256610413952
0.0534264489488
0.0
0.0
0.0
0.0534264489488
0.0
0.0
0.0
0.0
0.0
0.0
0.0
0.0
0.0
0.0
0.0
-0.0256610413952
0.0534264489488
0.0
0.0
0.0
0.0
0.0
0.0534264489488
0.0534264489488
0.0
0.0534264489488
0.0
0.0
0.0
0.0
0.0
0.0
0.0
0.0
0.0
0.0
0.0
0.0
0.0
0.0
0.0
0.0
0.0
0.0
0.0
0.0
0.0
0.0
0.0
0.0
0.0
0.0
0.0
0.0
0.0
0.0
0.0
0.0
0.0
0.0
0.00223461320669
-0.000424270953765
-0.000603199845881
-0.00201828564061
-0.00377412387747
-0.00721254757571
-0.00449998004265
-0.00240785495377
0.0
0.0
0.0
-0.000196289847919
-0.00132909713399
-0.00555208840564
-0.00089966630406
0.0
0.0
0.0
0.0
0.0
0.0
0.0
0.0
0.0
0.0
0.0
0.0
0.0
0.0
0.0
0.0
0.0
0.0
0.0
0.0
0.0
0.0
0.0
0.0
0.0
0.0
0.0
0.0
0.0
-0.00604662327645
-0.00539005378262
-0.00428864725
0.0
0.0
0.0
0.0
0.0
0.0
0.0
0.0
0.0
0.0
0.0
0.0
0.0
0.0
0.0
0.0
0.0
0.0
0.0
0.0
0.0
0.0
0.0
0.0
0.0
0.0
0.0
0.0
-0.00337609468285
0.0
0.0
0.0
0.0
-0.00103985779459
-0.00103985779459
-0.00194140277971
0.055666640259
0.00682034432818
0.00200433039014
0.0113356947447
0.0139156246094
0.0
-0.000218498482033
-0.00388235283704
0.00153873277937
0.0205070959262
0.0
0.0
0.0
0.00745558854121
0.208314248063
0.208314248063
0.0
0.0
0.0
0.0
0.0
-0.00391705795665
-0.00548415404453
-0.00630917868188
-0.00672886322061
0.0
0.0
0.0
0.0
0.0624282237292
0.0624282237292
0.0624282237292
0.0624282237292
0.0624282237292
0.0624282237292
0.0624282237292
0.0624282237292
0.0
0.0
0.0
0.0
0.0
0.0
0.0
0.0
-0.0483252108038
-0.0335271078264
-0.0299238310561
0.0
0.0
0.0
0.0
0.0
0.0
0.0
0.0
0.0
0.0
0.0
0.0
0.0
0.0
0.0
0.0
0.0
0.0
0.0
0.0
0.0
0.0
0.0
0.0
-0.0065662796977
0.0
0.0
0.0
0.0
0.0
0.0
-0.00122296885454
-0.00699151489804
0.0
0.0
0.0
0.0
0.0
0.0
0.0
0.0
0.0
0.0
0.0
0.0
0.0
0.0
0.0
0.0
0.0
0.0
0.0
0.0
0.0
0.0
0.0
0.0
0.0
0.0
0.0
0.0
0.0
-0.0130653874231
0.0
0.0
0.0
0.0
0.0
0.0
0.0
-0.0130653874231
0.0
0.0
0.0
0.0
0.0
0.0
0.0
0.0
0.0
0.0
0.0
0.0
0.0
0.0
0.0
0.0
0.0
0.0
0.0
0.0
0.0
0.0
0.0
0.0
0.0
0.0
0.0
0.0
0.0
0.0
0.0
0.0
0.0
0.0
0.0
0.0
0.0
0.0
0.0
0.0
0.0
0.0
0.0
0.0
0.0
0.0
0.0
0.0
0.0
0.0
0.0
0.0
0.0
0.0
0.0
0.0
0.0
0.0
0.0
0.0
0.0
0.0
0.0
0.0
0.0
0.0
0.0
0.0
0.0
0.0
0.0
0.0
0.0
0.0
0.0
0.0
0.0
0.0
0.0
0.0
0.0
0.0
0.0
0.0
0.0
0.0
0.0
0.0
0.0
0.0
0.0
0.0
0.0
0.0
0.0
0.0
0.0
0.0
0.0
0.0
0.0
0.0
0.0
0.0
0.0
0.0
0.0
0.0
0.0
0.0
0.0
0.0
0.0
0.0
0.0
0.0
0.0
0.0
0.0
0.0
0.0
0.0
0.0
0.0
0.0
0.0
0.0
0.0
0.0
-0.000393614227627
-0.00712516799455
-0.00658645622687
0.0
0.0
0.0
0.0
0.0
0.0
0.0
0.0
0.0
0.0
0.0
0.0
0.0
0.0
0.0
0.0
0.0
0.0
-0.000895826391142
-0.00134169131117
0.0163953941107
0.0280724472399
-0.00442902220785
0.0550216463378
0.0550216463378
0.0550216463378
0.0
0.0172817226575
0.0
0.0
0.0
0.0
0.0
0.0
-0.00162490684204
-0.0034335163484
-0.0153651858156
-0.0193161915161
-0.0450010776048
-0.0439609126404
0.0
0.0
-0.000244717727219
0.000349257546396
0.00252454219964
0.00460668507486
0.00721655798481
0.000875446443031
0.0135863363886
0.00699411481313
-0.000704818423374
-0.00968198838324
-0.00179687618021
-0.00179687618021
-0.00827395353925
0.00146661099516
0.00146661099516
0.00146661099516
0.0593860162767
0.0963284892405
0.0499810194679
0.101344009137
0.0256632643336
0.0256632643336
0.0256632643336
0.0256632643336
-0.002341264228
-0.00584343473137
-0.00490621098937
-1.79524581026e-05
0.00438737942299
0.0028567220753
-0.00490729355797
-0.0052679148346
0.0767705430925
0.0457395028412
0.0588970193864
0.0190798110175
0.0846720660033
0.0846720660033
0.0815367478322
0.083749159071
0.089064092587
0.0105694742974
0.0
0.0
0.0
0.0
0.0
0.0
0.00804242763124
0.00381139418467
0.0406553039202
0.0
0.0
0.0
0.0
0.0
0.0105694742974
0.101381461488
0.0
0.0
0.0
0.0
0.0
0.0
0.0
0.0
0.0
0.0
0.0
0.0
0.0
0.0
0.0
0.0
0.0
0.0
0.0
0.0
0.0
0.0
0.0
0.0
0.0
0.0
0.0
0.0
0.0
0.0
0.0
-0.0376917480033
0.0
0.0
0.0
0.0
0.0
0.0
0.0
0.0
0.0
0.0
0.0
0.0
0.0
0.0
0.0
0.0
0.0
0.0
0.0
0.0
0.0
0.0
0.0
0.0
0.0
0.0
0.0
0.0
0.0387025248052
0.0135979008126
0.0
0.0
0.0
0.0
0.0
0.0
0.0
0.0
0.0
0.0
0.0
0.0
0.0
0.0
0.0
0.0
-0.0148087282414
-0.009623283867
-0.00552432065561
-0.00128453722361
-0.000592020893107
0.0
0.0
0.0
2.75412217084e-05
0.00357214453634
-0.000122923893164
0.0273243217166
-0.000558357553437
-0.00736150254644
0.152453280834
0.0
-0.0114772479765
-0.0080037751204
-0.0758959986896
-0.0110694977769
-0.0130653874231
-0.010452958851
-0.0110694977769
0.0
-7.50279584793e-05
-0.000440181721269
-0.000916272611299
-0.000595006135119
0.0
0.0
0.0
0.0
-0.00203017868695
-0.000883106533677
-0.000544339116608
0.0
0.0
0.0
0.0
0.0
-0.00551989708455
0.0186673908228
-0.00360838685478
-0.00371619092873
-0.00450845625926
-0.00551388631805
-0.00551388631805
-0.00551388631805
-0.0054466273376
-0.0054466273376
-0.00536022137597
-0.00538199405073
0.0
0.0
0.0
0.0
0.0
0.0
0.0
0.0
0.0
0.0
0.0
0.0
0.0
0.0
0.0
0.0
0.0
0.0
0.0
0.0
0.0
0.0
0.0
0.0
0.0
0.0
0.0
0.0
0.0
0.0
0.0
0.0
0.0
0.0
0.0
0.0
0.0
0.0
0.0
0.0
0.0
0.0
0.0
0.0
0.0
0.0
0.0
0.0
0.0
0.0
0.0
0.0
0.0
0.0
0.0
0.0
0.0
0.0
0.0
0.0
0.0
0.0
0.0
0.0
0.0
0.0
0.0
0.0
0.0
0.0
0.0
0.0
0.0
0.0
0.0
0.0
0.0
0.0
0.0
0.0
0.0
0.0
0.0
0.0
0.0
0.0
0.0
0.0
0.0
0.0
0.0
0.0
0.0158447055995
0.0
-0.00648935336746
-0.00648935336746
0.0
0.00502445046599
0.0
0.0116700775248
0.0088673074892
-0.00648935336746
0.0158447055995
0.00502445046599
0.0
0.0158447055995
0.00502445046599
0.0
0.0023787567072
0.0016153475466
0.0976141429593
-0.0402189668588
0.0753487178192
0.010279827154
0.00195762286202
0.002677235023
0.0024989398116
-0.00803238120446
0.00297214325412
0.00138452592848
0.0
0.16351468639
0.00138452592848
0.0
