0.0
0.0
0.0
0.0
0.0
0.0
-0.00513787562854
-0.0164851455039
-0.0193698141349
-9.02056207508e-17
-6.66133814775e-16
0.0
5.55111512313e-17
2.77555756156e-17
1.73472347598e-18
-4.33680868994e-19
-0.00660402362938
-0.00214475410946
-0.0119954896178
4.23516473627e-22
0.0
0.0
0.0
1.29246970711e-26
0.0
0.0
0.0
0.0
0.0
0.0
0.0
0.0
0.0
0.0
0.0
0.0
0.0
0.0
0.0
0.0
0.0
0.0
0.0
0.0
0.0
0.0
0.0
0.0
0.0
0.0
0.0
0.0
0.0
0.0
0.0
0.0
0.0
0.0
0.0
0.0
0.0
0.0
0.0
0.0
0.0
0.0
0.0
0.0
0.0
0.0
0.0
0.0
0.0
0.0
0.0
0.0
0.0
0.0
0.0
0.0
0.0
0.0
0.0
0.0
0.0
0.0
0.0
0.0
0.0
0.0
0.0
0.0
0.0
0.0
0.0
0.0
0.0
0.0
0.0
0.0
0.0
0.0
0.0
0.0
0.0
0.0
0.0
0.0
0.0
0.0
0.0
0.0
0.0
0.0
0.0
0.0
0.0
0.0
0.0
0.0
0.0
0.0
0.0
0.0
0.0
0.0
0.0
0.0
0.0
0.0
0.0
0.0
0.0
0.0
0.0
0.0
0.0
0.0
0.0
0.0
0.0
0.0
0.0
0.0
0.0
0.0
0.0
0.0
0.0
0.0
0.0
0.0
0.0
0.0
0.0
0.0
0.0
0.0
0.0
0.0
0.0
0.0
0.0
0.0
0.0
0.0
0.0
0.0
0.0
0.0
0.0
0.0
0.0
0.0
0.0
0.0
-0.0121010148052
0.0662224788905
0.0
0.0662224788905
-0.0121010148052
0.0
-0.0121010148052
0.0
0.0
0.0
0.0
0.0
0.0
0.0
0.0
0.0
0.0
-0.00784304346824
0.0
0.0
0.0
0.0
-0.0001251824303
-0.0027228190157
-0.00230476954534
0.0
-0.00230476954534
-0.00230476954534
0.0
-0.00230476954534
0.0
0.0
0.0
0.0
0.0
0.0
0.0
0.0
0.0
0.0
0.0
0.0
0.0
0.0
0.0
0.0
0.0
0.0
0.0
0.0
0.0
0.0
0.0
0.0
0.0
0.0
0.0
0.0
0.0
0.0
0.0
0.0
0.0
0.0
-0.00172689223464
-0.000781056078394
0.0
0.0
-0.00304467485832
0.0
-0.000656172608493
-0.0032696351022
0.0
0.000789009470942
0.0
0.0
0.0
0.0
0.0
0.0
0.0452799642187
-0.00419573393574
0.0659991396367
-0.00730669277724
0.00453485733703
-0.00419573393574
-0.00772145161001
-0.00730669277724
0.0
0.0
0.0
0.0
0.0
0.0
0.0
0.0
0.0
0.0
0.01090502951
-0.0255266189218
0.0
0.0
0.0
-0.0255266189218
0.0
0.0
0.0
0.0
0.0
0.0
0.0
0.0
0.0
0.0
0.0
0.01090502951
-0.0255266189218
0.0
0.0
0.0
0.0
0.0
-0.0255266189218
-0.0255266189218
0.0
-0.0255266189218
0.0
0.0
0.0
0.0
0.0
0.0
0.0
0.0
0.0
0.0
0.0
0.0
0.0
0.0
0.0
0.0
0.0
0.0
0.0
0.0
0.0
0.0
0.0
0.0
0.0
0.0
0.0
0.0
0.0
0.0
0.0
0.0
0.0
0.0
-0.000906824245732
-0.000564424657875
-0.00123574977221
-0.0033510760279
-0.00470743144574
-0.00619881535613
-0.00936299975411
-0.00349969479842
0.0
0.0
0.0
-0.000127131388536
-0.00124006037598
-0.008300417992
-0.0100278743097
0.0
0.0
0.0
0.0
0.0
0.0
0.0
0.0
0.0
0.0
0.0
0.0
0.0
0.0
0.0
0.0
0.0
0.0
0.0
0.0
0.0
0.0
0.0
0.0
0.0
0.0
0.0
0.0
0.0
-0.00958349344792
-0.00821081076148
-0.00384818555298
0.0
0.0
0.0
0.0
0.0
0.0
0.0
0.0
0.0
0.0
0.0
0.0
0.0
0.0
0.0
0.0
0.0
0.0
0.0
0.0
0.0
0.0
0.0
0.0
0.0
0.0
0.0
0.0
-0.00267315026778
0.0
0.0
0.0
0.0
0.0408224490007
0.0408224490007
0.012702811844
0.00228314229472
-0.00525766394391
0.000992550047263
0.0152474420747
0.0158006670759
0.0
-0.000141847721049
0.0303715025613
-0.000225745081367
0.0670752102674
0.0
0.0
0.0
-0.00180579009284
-0.00730669277724
-0.00730669277724
0.0
0.0
0.0
0.0
0.0
-0.00365855848936
-0.0035269523723
0.159398995816
0.229575822539
0.0
0.0
0.0
0.0
0.0193528455498
0.0193528455498
0.0193528455498
0.0193528455498
0.0193528455498
0.0193528455498
0.0193528455498
0.0193528455498
0.0
0.0
0.0
0.0
0.0
0.0
0.0
0.0
0.136207279339
0.0918595009654
0.0
0.0
0.0
0.0
0.0
0.0
0.0
0.0
0.0
0.0
0.0
0.0
0.0
0.0
0.0
0.0
0.0
0.0
0.0
0.0
0.0
0.0
0.0
0.0
0.0
-0.00630277352038
0.0
0.0
0.0
0.0
0.0
0.0
-0.000472633035474
-0.0053898843026
0.0
0.0
0.0
0.0
0.0
0.0
0.0
0.0
0.0
0.0
0.0
0.0
0.0
0.0
0.0
0.0
0.0
0.0
0.0
0.0
0.0
0.0
0.0
0.0
0.0
0.0
0.0
0.0
0.0
0.0
0.0
0.0
0.0
0.0
0.0
0.0
0.0
0.0
0.0
0.0
0.0
0.0
0.0
0.0
0.0
0.0
0.0
0.0
0.0
0.0
0.0
0.0
0.0
0.0
0.0
0.0
0.0
0.0
0.0
0.0
0.0
0.0
0.0
0.0
0.0
0.0
0.0
0.0
0.0
0.0
0.0
0.0
0.0
0.0
0.0
0.0
0.0
0.0
0.0
0.0
0.0
0.0
0.0
0.0
0.0
0.0
0.0
0.0
0.0
0.0
0.0
0.0
0.0
0.0
0.0
0.0
0.0
0.0
0.0
0.0
0.0
0.0
0.0
0.0
0.0
0.0
0.0
0.0
0.0
0.0
0.0
0.0
0.0
0.0
0.0
0.0
0.0
0.0
0.0
0.0
0.0
0.0
0.0
0.0
0.0
0.0
0.0
0.0
0.0
0.0
0.0
0.0
0.0
0.0
0.0
0.0
0.0
0.0
0.0
0.0
0.0
0.0
0.0
0.0
0.0
0.0
0.0
0.0
0.0
0.0
0.0
0.0
0.0
0.0
0.0
0.0
0.0
0.0
0.0
0.0
0.0
0.0
0.0
0.0
0.0
0.0
0.0
-0.000453709903589
-0.00636861501514
-0.0255266189218
0.0
0.0
0.0
0.0
0.0
0.0
0.0
0.0
0.0
0.0
0.0
0.0
0.0
0.0
0.0
0.0
0.0
0.0
-0.00144423343033
-0.00192438211558
-0.0028427264994
-0.00399924088077
-0.0052719497841
-0.00547574518357
-0.00547574518357
-0.00547574518357
0.0
0.00432613622109
0.0
0.0
0.0
0.0
0.0
0.0
-0.00119253139044
-0.00237961375423
-0.00450843843746
-0.00291240248225
-0.00256153616333
0.00482540374096
0.0
0.0
-0.000580635831157
-0.000897271692075
0.00230345161362
0.00624475558966
-0.00075362106119
-0.00135689175978
0.0120049863544
-0.00108681172272
-0.00233801386521
-0.00437510483382
-0.00290402386088
-0.00290402386088
-0.00450749048122
0.0408224490007
0.0408224490007
0.0408224490007
-0.00588865497351
-0.00732129795581
-0.00471033490524
-0.0072282711071
-0.00300902708506
-0.00300902708506
-0.00300902708506
-0.00300902708506
-0.00503955132482
-0.00526770187712
-0.00496271852779
-0.000392222265802
-0.00250621200818
-0.00265690026237
-0.00195990812849
-0.00533929836546
0.000494053459347
0.00156418515109
-0.00110587407422
0.000183586981074
-0.00210519039272
-0.00193672302336
0.0885032577731
-0.000749849717032
-0.00349692059814
-0.00130946472888
0.0
0.0
0.0
0.0
0.0
0.0
0.011166052123
-1.78307754803e-05
0.000386851396709
0.000178675855716
0.0
0.0
0.0
0.0
-0.00130946472888
-0.00345763791615
0.0
0.0
0.0
0.0
0.0
0.0
0.0
0.0
0.0
0.0
0.0
0.0
0.0
0.0
0.0
0.0
0.0
0.0
0.0
0.0
0.0
0.0
0.0
0.0
0.0
0.0
0.0
0.0
0.0
0.0
0.112655787717
0.0613763153917
0.112655787717
0.0
0.0
0.0
0.0
0.0
0.0
0.0
0.0
0.0
0.0
0.0
0.0
0.0
0.0
0.0
0.0
0.0
0.0
0.0
0.0
0.0
0.0
0.0
0.0
0.0
0.0
0.0
0.000784455075511
0.00975285533133
0.0
0.0
0.0
0.0
0.0
0.0
0.0
0.0
0.0
0.0
0.0
0.0
0.0
0.0
0.0
0.0
-0.0126025431515
-0.0102083032457
-0.00873264838234
-0.00568433930608
-0.00128930896415
-0.000626395706026
0.0
0.0
0.000482059662812
0.00168825720788
0.0166419240023
-0.0021980950043
0.00537168923834
0.013422121917
0.226398153671
0.0
-0.0057826414732
0.221153868943
-0.00247157571683
0.0657343592541
0.0319690027054
0.0408224490007
0.0657343592541
0.0
-0.00212630153239
-0.00353857904046
-0.000166339507821
-0.000445820913479
0.0
0.0
0.0
0.0
-0.000709659053865
-0.000253458695632
0.000789009470942
0.0
0.0
0.0
0.0
0.0
0.226398153671
0.0232964541024
0.0241423227779
0.0245576193202
0.0729531503385
0.229814267057
0.229814267057
0.229814267057
0.226398153671
0.226398153671
0.226016872959
0.229236384456
0.0
0.0
0.0
0.0
0.0
0.0
0.0
0.0
0.0
0.0
0.0
0.0
0.0
0.0
0.0
0.0
0.0
0.0
0.0
0.0
0.0
0.0
0.0
0.0
0.0
0.0
0.0
0.0
0.0
0.0
0.0
0.0
0.0
0.0
0.0
0.0
0.0
0.0
0.0
0.0
0.0
0.0
0.0
0.0
0.0
0.0
0.0
0.0
0.0
0.0
0.0
0.0
0.0
0.0
0.0
0.0
0.0
0.0
0.0
0.0
0.0
0.0
0.0
0.0
0.0
0.0
0.0
0.0
0.0
0.0
0.0
0.0
0.0
0.0
0.0
0.0
0.0
0.0
0.0
0.0
0.0
0.0
0.0
0.0
0.0
0.0
0.0
0.0
0.0
0.0
0.0
0.0
-0.00266141569373
0.0
-0.000232430212288
-0.000232430212288
0.0
-0.00155687148615
0.0
-0.00385081390634
-0.00175184112735
-0.000232430212288
-0.00266141569373
-0.00155687148615
0.0
-0.00266141569373
-0.00155687148615
0.0
-0.00736943723167
-0.00074479600339
0.00167960049572
-0.0060576951251
0.000287044766392
-0.00118869373297
0.00176859395902
0.046541784273
0.000372336368677
0.0613743745035
0.00291924646562
0.0489632484467
0.0
0.00219776499432
0.0489632484467
0.0
0.0
0.0
0.0
0.0
0.0
0.0
-0.0255266189218
-0.0193698141349
-0.00407955363804
0.0
0.0
0.0
0.0
0.0
0.0
0.0
0.186203491918
-0.00513272436373
-0.00412151803747
0.0
0.0
0.0
0.0
0.0
0.0
0.0
0.0
0.0
0.0
0.0
0.0
0.0
0.0
0.0
0.0
0.0
0.0
0.0
0.0
0.0
0.0
0.0
0.0
0.0
0.0
0.0
0.0
0.0
0.0
0.0
0.0
0.0
0.0
0.0
0.0
0.0
0.0
0.0
0.0
0.0
0.0
0.0
0.0
0.0
0.0
0.0
0.0
0.0
0.0
0.0
0.0
0.0
0.0
0.0
0.0
0.0
0.0
0.0
0.0
0.0
0.0
0.0
0.0
0.0
0.0
0.0
0.0
0.0
0.0
0.0
0.0
0.0
0.0
0.0
0.0
0.0
0.0
0.0
0.0
0.0
0.0
0.0
0.0
0.0
0.0
0.0
0.0
0.0
0.0
0.0
0.0
0.0
0.0
0.0
0.0
0.0
0.0
0.0
0.0
0.0
0.0
0.0
0.0
0.0
0.0
0.0
0.0
0.0
0.0
0.0
0.0
0.0
0.0
0.0
0.0
0.0
0.0
0.0
0.0
0.0
0.0
0.0
0.0
0.0
0.0
0.0
0.0
0.0
0.0
0.0
0.0
0.0
0.0
0.0
0.0
0.0
0.0
0.0
0.0
0.0
0.0
0.0
0.0
0.0
0.0
0.0
0.0
0.0
0.0
0.0
0.0
0.0
0.0
0.0
0.0
0.0
0.0663569011722
-0.0121010148052
0.0
-0.0121010148052
0.0663569011722
0.0
0.0663569011722
0.0
0.0
0.0
0.0
0.0
0.0
0.0
0.0
0.0
0.0
0.019510266499
0.0
0.0
0.0
0.0
-0.00051658338595
-0.00618501815117
0.0
-0.00230476954534
0.0
0.0
0.0
0.0
0.0
0.0
0.0
0.0
0.0
0.0
0.0
0.0
0.0
0.0
0.0
0.0
0.0
0.0
0.0
0.0
0.0
0.0
0.0
0.0
0.0
0.0
0.0
0.0
0.0
0.0
0.0
0.0
0.0
0.0
0.0
0.0
0.0
0.0
0.00104746782233
-0.000133582638968
0.0
0.0
0.000759718575391
0.0
-0.000846962142906
0.0212477878152
0.0
0.00565167962951
0.0
0.0
0.0
0.0
0.0
0.0
-0.00772145161001
0.00443093017128
-0.00730669277724
0.0661311805321
-0.00419573393574
0.00443093017128
0.0476949093021
0.0661311805321
0.0
0.0
0.0
0.0
0.0
0.0
0.0
0.0
0.0
0.0
-0.0255266189218
0.012421012206
0.0
0.0
0.0
0.012421012206
0.0
0.0
0.0
0.0
0.0
0.0
0.0
0.0
0.0
0.0
0.0
-0.0255266189218
0.012421012206
0.0
0.0
0.0
0.0
0.0
0.012421012206
0.012421012206
0.0
0.012421012206
0.0
0.0
0.0
0.0
0.0
0.0
0.0
0.0
0.0
0.0
0.0
0.0
0.0
0.0
0.0
0.0
0.0
0.0
0.0
0.0
0.0
0.0
0.0
0.0
0.0
0.0
0.0
0.0
0.0
0.0
0.0
0.0
0.0
0.0
-4.67509485152e-05
-0.00120470329405
-0.00167484925538
-0.00314372584701
-0.00604927324867
-0.010158763174
-0.00552952859868
-0.00336480575457
0.0
0.0
0.0
-0.000217050718079
-0.00161967907136
-0.00633127085376
-0.00308929807042
0.0
0.0
0.0
0.0
0.0
0.0
0.0
0.0
0.0
0.0
0.0
0.0
0.0
0.0
0.0
0.0
0.0
0.0
0.0
0.0
0.0
0.0
0.0
0.0
0.0
0.0
0.0
0.0
0.0
-0.00692102339656
-0.00504654214185
-0.00642145840896
0.0
0.0
0.0
0.0
0.0
0.0
0.0
0.0
0.0
0.0
0.0
0.0
0.0
0.0
0.0
0.0
0.0
0.0
0.0
0.0
0.0
0.0
0.0
0.0
0.0
0.0
0.0
0.0
-0.00259048248852
0.0
0.0
0.0
0.0
-0.00230476954534
-0.00230476954534
-0.00187875811007
0.015674010675
-0.00191789889974
-0.00333512253774
-0.00236818363724
0.00065842080162
0.0
-0.000319320115125
-0.0068743744779
0.000551637798727
0.00377730871771
0.0
0.0
0.0
-0.000775462392396
0.0661311805321
0.0661311805321
0.0
0.0
0.0
0.0
0.0
-0.00467735702992
-0.00637983889664
-0.00706105852975
0.00110843821441
0.0
0.0
0.0
0.0
0.0165787704994
0.0165787704994
0.0165787704994
0.0165787704994
0.0165787704994
0.0165787704994
0.0165787704994
0.0165787704994
0.0
0.0
0.0
0.0
0.0
0.0
0.0
0.0
0.14546760645
0.100641243684
0.0918595009654
0.0
0.0
0.0
0.0
0.0
0.0
0.0
0.0
0.0
0.0
0.0
0.0
0.0
0.0
0.0
0.0
0.0
0.0
0.0
0.0
0.0
0.0
0.0
0.0
-0.00620635079438
0.0
0.0
0.0
0.0
0.0
0.0
-0.00147968080791
-0.00630300792697
0.0
0.0
0.0
0.0
0.0
0.0
0.0
0.0
0.0
0.0
0.0
0.0
0.0
0.0
0.0
0.0
0.0
0.0
0.0
0.0
0.0
0.0
0.0
0.0
0.0
0.0
0.0
0.0
0.0
0.0408224490007
0.0
0.0
0.0
0.0
0.0
0.0
0.0
0.0408224490007
0.0
0.0
0.0
0.0
0.0
0.0
0.0
0.0
0.0
0.0
0.0
0.0
0.0
0.0
0.0
0.0
0.0
0.0
0.0
0.0
0.0
0.0
0.0
0.0
0.0
0.0
0.0
0.0
0.0
0.0
0.0
0.0
0.0
0.0
0.0
0.0
0.0
0.0
0.0
0.0
0.0
0.0
0.0
0.0
0.0
0.0
0.0
0.0
0.0
0.0
0.0
0.0
0.0
0.0
0.0
0.0
0.0
0.0
0.0
0.0
0.0
0.0
0.0
0.0
0.0
0.0
0.0
0.0
0.0
0.0
0.0
0.0
0.0
0.0
0.0
0.0
0.0
0.0
0.0
0.0
0.0
0.0
0.0
0.0
0.0
0.0
0.0
0.0
0.0
0.0
0.0
0.0
0.0
0.0
0.0
0.0
0.0
0.0
0.0
0.0
0.0
0.0
0.0
0.0
0.0
0.0
0.0
0.0
0.0
0.0
0.0
0.0
0.0
0.0
0.0
0.0
0.0
0.0
0.0
0.0
0.0
0.0
0.0
0.0
0.0
0.0
0.0
0.0
0.0
-0.00041363922824
-0.00596011674881
-0.00676495215877
0.0
0.0
0.0
0.0
0.0
0.0
0.0
0.0
0.0
0.0
0.0
0.0
0.0
0.0
0.0
0.0
0.0
0.0
-0.00144710603943
-0.00201201174051
0.00504522380809
0.00923044425755
-0.00500991861276
0.0178900221964
0.0178900221964
0.0178900221964
0.0
0.00407929933536
0.0
0.0
0.0
0.0
0.0
0.0
-0.00147391819564
-0.000143217141219
0.0354587445373
0.0466713937027
0.135656307774
0.134011010492
0.0
0.0
-0.00117026361178
-0.00117544085158
-0.000827333153514
-0.000498483647766
-0.000598574959689
-0.00303202353358
0.00267194076558
-0.0010292914286
-0.00246316204157
0.00167051856704
-0.00456230491484
-0.00456230491484
-0.00290402386088
0.000789009470942
0.000789009470942
0.000789009470942
0.0170384568737
0.0299997069475
0.0145281142187
0.0319207294929
0.00758626119204
0.00758626119204
0.00758626119204
0.00758626119204
-0.00145604486909
-0.0063455872866
-0.00528713640957
-0.00462649349694
-0.00165743488429
-0.00258711165595
-0.00533035239835
-0.00565511200476
0.0224500010439
0.0382257831745
0.0580920447476
0.0233835413766
0.0266450903323
0.0266450903323
0.0215705483331
0.0263409651093
0.0267818826403
0.00137152109281
0.0
0.0
0.0
0.0
0.0
0.0
0.000458699143265
0.000764759165956
0.0116099165151
0.0
0.0
0.0
0.0
0.0
0.00137152109281
0.0316475621656
0.0
0.0
0.0
0.0
0.0
0.0
0.0
0.0
0.0
0.0
0.0
0.0
0.0
0.0
0.0
0.0
0.0
0.0
0.0
0.0
0.0
0.0
0.0
0.0
0.0
0.0
0.0
0.0
0.0
0.0
0.0
0.112655787717
0.0
0.0
0.0
0.0
0.0
0.0
0.0
0.0
0.0
0.0
0.0
0.0
0.0
0.0
0.0
0.0
0.0
0.0
0.0
0.0
0.0
0.0
0.0
0.0
0.0
0.0
0.0
0.0
0.00967899913322
0.000541209793593
0.0
0.0
0.0
0.0
0.0
0.0
0.0
0.0
0.0
0.0
0.0
0.0
0.0
0.0
0.0
0.0
-0.01462295955
-0.0105143168307
-0.00586180510214
-0.00143270834654
-0.000626395706026
0.0
0.0
0.0
-0.00064504007982
0.000486077773294
-0.00166171320575
0.0260938191644
-0.000445820913479
0.0760228857927
0.0479479809945
0.0
0.0124617062812
-0.00247157571683
0.22921183158
0.0346839902687
0.0408224490007
0.0319690027054
0.0346839902687
0.0
-0.00154236533609
-0.00271470386183
-0.000789914193367
-0.000631251840465
0.0
0.0
0.0
0.0
-0.00223441106829
-0.000945117555253
-0.000564528447164
0.0
0.0
0.0
0.0
0.0
-0.00601310170124
0.00423475275296
-0.00392758108195
-0.00405193375193
-0.00499652134602
-0.00599953343611
-0.00599953343611
-0.00599953343611
-0.00588877248072
-0.00588877248072
-0.00579337717519
-0.00581740422946
0.0
0.0
0.0
0.0
0.0
0.0
0.0
0.0
0.0
0.0
0.0
0.0
0.0
0.0
0.0
0.0
0.0
0.0
0.0
0.0
0.0
0.0
0.0
0.0
0.0
0.0
0.0
0.0
0.0
0.0
0.0
0.0
0.0
0.0
0.0
0.0
0.0
0.0
0.0
0.0
0.0
0.0
0.0
0.0
0.0
0.0
0.0
0.0
0.0
0.0
0.0
0.0
0.0
0.0
0.0
0.0
0.0
0.0
0.0
0.0
0.0
0.0
0.0
0.0
0.0
0.0
0.0
0.0
0.0
0.0
0.0
0.0
0.0
0.0
0.0
0.0
0.0
0.0
0.0
0.0
0.0
0.0
0.0
0.0
0.0
0.0
0.0
0.0
0.0
0.0
0.0
0.0
-0.000178148342382
0.0
-0.00385081390634
-0.00385081390634
0.0
-0.00175184112735
0.0
-0.000415939248351
-0.00173790211664
-0.00385081390634
-0.000178148342382
-0.00175184112735
0.0
-0.000178148342382
-0.00175184112735
0.0
0.00270650987657
-0.000467097048845
0.0277121763053
0.118349979978
0.0226740028453
0.000473564716914
-0.00305324265698
-0.00105687363704
-0.00120259578041
-0.00555577973664
-0.00877796817516
0.00219776499432
0.0
0.0504035169972
0.00219776499432
0.0
