0.0
0.0
0.0
0.0
0.0
0.0
-0.0063753775931
0.132033709112
0.169691202519
1.11022302463e-16
5.55111512313e-17
-2.77555756156e-17
-2.77555756156e-16
-6.66133814775e-16
0.0
6.93889390391e-17
-0.00773737927197
-0.00819558579906
-0.0838612479599
3.46944695195e-18
-8.67361737988e-19
0.0
-6.77626357803e-21
6.77626357803e-21
-2.11758236814e-22
5.29395592034e-23
-3.30872245021e-24
4.13590306277e-25
-5.16987882846e-26
0.0
8.07793566946e-28
2.52435489671e-29
3.15544362088e-30
0.0
0.0
1.92592994439e-34
0.0
0.0
0.0
0.0
-2.00890147846e-40
0.0
-3.73081703142e-41
4.01780295691e-41
-1.14794370197e-41
-9.1835496158e-41
6.31369036086e-41
5.63209878781e-41
3.15684518043e-41
0.0
0.0
0.0
0.0
0.0
0.0
0.0
0.0
0.0
0.0
0.0
0.0
0.0
0.0
0.0
0.0
0.0
0.0
0.0
0.0
0.0
0.0
0.0
0.0
0.0
0.0
0.0
0.0
0.0
0.0
0.0
0.0
0.0
0.0
0.0
0.0
0.0
0.0
0.0
0.0
0.0
0.0
0.0
0.0
0.0
0.0
0.0
0.0
0.0
0.0
0.0
0.0
0.0
0.0
0.0
0.0
0.0
0.0
0.0
0.0
0.0
0.0
0.0
0.0
0.0
0.0
0.0
0.0
0.0
0.0
0.0
0.0
0.0
0.0
0.0
0.0
0.0
0.0
0.0
0.0
0.0
0.0
0.0
0.0
0.0
0.0
0.0
0.0
0.0
0.0
0.0
0.0
0.0
0.0
0.0
0.0
0.0
0.0
0.0
0.0
0.0
0.0
0.0
0.0
0.0
0.0
0.0
0.0
0.0
0.0
0.0
0.0
0.0
0.0
0.0
0.0
0.0
0.0
0.0
0.0
0.0
0.0
0.0
0.0
0.0
0.0
0.0
-0.0845045252105
-0.0117105851681
0.0
-0.0117105851681
-0.0845045252105
0.0
-0.0845045252105
0.0
0.0
0.0
0.0
0.0
0.0
0.0
0.0
0.0
0.0
-0.0253542464107
0.0
0.0
0.0
0.0
-0.000123514093701
0.00556646440984
-0.0221815332179
0.0
-0.0221815332179
-0.0221815332179
0.0
-0.0221815332179
0.0
0.0
0.0
0.0
0.0
0.0
0.0
0.0
0.0
0.0
0.0
0.0
0.0
0.0
0.0
0.0
0.0
0.0
0.0
0.0
0.0
0.0
0.0
0.0
0.0
0.0
0.0
0.0
0.0
0.0
0.0
0.0
0.0
0.0
-0.00232022693532
7.97095968004e-05
0.0
0.0
-0.00147992027917
0.0
-0.00114247905493
-0.00414472597121
0.0
-0.00272029807311
0.0
0.0
0.0
0.0
0.0
0.0
0.00542657842687
-0.0153025792727
-0.0117415683129
-0.0146754341426
0.0152536806682
-0.0153025792727
-0.0208226701936
-0.0146754341426
0.0
0.0
0.0
0.0
0.0
0.0
0.0
0.0
0.0
0.0
-0.01822866945
0.214621713708
0.0
0.0
0.0
0.214621713708
0.0
0.0
0.0
0.0
0.0
0.0
0.0
0.0
0.0
0.0
0.0
-0.01822866945
0.214621713708
0.0
0.0
0.0
0.0
0.0
0.214621713708
0.214621713708
0.0
0.214621713708
0.0
0.0
0.0
0.0
0.0
0.0
0.0
0.0
0.0
0.0
0.0
0.0
0.0
0.0
0.0
0.0
0.0
0.0
0.0
0.0
0.0
0.0
0.0
0.0
0.0
0.0
0.0
0.0
0.0
0.0
0.0
0.0
0.0
0.0
0.000578319254305
0.00128918829015
-0.00201415687964
-0.00836386213215
-0.00503337799264
-0.00516912391489
-0.050469974653
-0.00514627730356
0.0
0.0
0.0
-0.000121219886962
-0.000642129976895
-0.0458464099749
-0.0652342829653
0.0
0.0
0.0
0.0
0.0
0.0
0.0
0.0
0.0
0.0
0.0
0.0
0.0
0.0
0.0
0.0
0.0
0.0
0.0
0.0
0.0
0.0
0.0
0.0
0.0
0.0
0.0
0.0
0.0
-0.0331595249446
-0.0274806730872
-0.000690231746863
0.0
0.0
0.0
0.0
0.0
0.0
0.0
0.0
0.0
0.0
0.0
0.0
0.0
0.0
0.0
0.0
0.0
0.0
0.0
0.0
0.0
0.0
0.0
0.0
0.0
0.0
0.0
0.0
0.00103204370332
0.0
0.0
0.0
0.0
-0.00972888736863
-0.00972888736863
0.0873697145049
0.0153755410043
-0.00430079470991
-0.00411579750057
0.025735516924
0.0235925230319
0.0
-0.000142818010968
0.0935074599633
-9.13202115191e-05
0.0017713859716
0.0
0.0
0.0
0.00337589500653
-0.0146754341426
-0.0146754341426
0.0
0.0
0.0
0.0
0.0
-0.00190102543595
-0.00227151506581
0.00576395181634
0.007500610401
0.0
0.0
0.0
0.0
0.143151665008
0.143151665008
0.143151665008
0.143151665008
0.143151665008
0.143151665008
0.143151665008
0.143151665008
0.0
0.0
0.0
0.0
0.0
0.0
0.0
0.0
0.00508381410204
0.00343391287653
0.0
0.0
0.0
0.0
0.0
0.0
0.0
0.0
0.0
0.0
0.0
0.0
0.0
0.0
0.0
0.0
0.0
0.0
0.0
0.0
0.0
0.0
0.0
0.0
0.0
0.00795931086143
0.0
0.0
0.0
0.0
0.0
0.0
0.000674046997687
0.00474201980913
0.0
0.0
0.0
0.0
0.0
0.0
0.0
0.0
0.0
0.0
0.0
0.0
0.0
0.0
0.0
0.0
0.0
0.0
0.0
0.0
0.0
0.0
0.0
0.0
0.0
0.0
0.0
0.0
0.0
0.0
0.0
0.0
0.0
0.0
0.0
0.0
0.0
0.0
0.0
0.0
0.0
0.0
0.0
0.0
0.0
0.0
0.0
0.0
0.0
0.0
0.0
0.0
0.0
0.0
0.0
0.0
0.0
0.0
0.0
0.0
0.0
0.0
0.0
0.0
0.0
0.0
0.0
0.0
0.0
0.0
0.0
0.0
0.0
0.0
0.0
0.0
0.0
0.0
0.0
0.0
0.0
0.0
0.0
0.0
0.0
0.0
0.0
0.0
0.0
0.0
0.0
0.0
0.0
0.0
0.0
0.0
0.0
0.0
0.0
0.0
0.0
0.0
0.0
0.0
0.0
0.0
0.0
0.0
0.0
0.0
0.0
0.0
0.0
0.0
0.0
0.0
0.0
0.0
0.0
0.0
0.0
0.0
0.0
0.0
0.0
0.0
0.0
0.0
0.0
0.0
0.0
0.0
0.0
0.0
0.0
0.0
0.0
0.0
0.0
0.0
0.0
0.0
0.0
0.0
0.0
0.0
0.0
0.0
0.0
0.0
0.0
0.0
0.0
0.0
0.0
0.0
0.0
0.0
0.0
0.0
0.0
0.0
0.0
0.0
0.0
0.0
0.0
-0.000394800163131
-0.00702020099378
0.214621713708
0.0
0.0
0.0
0.0
0.0
0.0
0.0
0.0
0.0
0.0
0.0
0.0
0.0
0.0
0.0
0.0
0.0
0.0
-0.00121103725633
-0.000352099963484
-0.00224546000695
-0.00698844633926
-0.0153686374823
-0.0157565087164
-0.0157565087164
-0.0157565087164
0.0
0.0374762471116
0.0
0.0
0.0
0.0
0.0
0.0
-0.00353003691027
-0.00232474574933
-0.00375957523582
-0.00595393414501
-0.00530579205472
-0.00446045587183
0.0
0.0
0.000959951441115
-0.000576547102849
0.000710932022131
0.000285592195631
-0.00239662428475
-0.00317948979747
-0.00177248435065
-0.004402228646
0.00215332087838
-0.00443731772612
-0.00678701088582
-0.00678701088582
-0.00413046492851
-0.00972888736863
-0.00972888736863
-0.00972888736863
-0.00971229924151
-0.0145870769353
-0.0078123116825
-0.015263008314
-0.00578416052822
-0.00578416052822
-0.00578416052822
-0.00578416052822
-0.00593167961821
-0.0062052342633
-0.00466235230791
-0.0085312276335
-0.00502499204079
-0.00583151934683
-0.00707687637525
-0.00589014841079
0.00352815663799
-0.00291181055864
-0.00933444793259
0.000608529250083
-0.0090890468217
-0.00917471530004
-0.00416691994742
-0.0100163491631
-0.00849861949817
-0.00941148215942
0.0
0.0
0.0
0.0
0.0
0.0
-0.00219437610468
0.00201497058339
0.00562162332277
0.00184417496002
0.0
0.0
0.0
0.0
-0.00941148215942
-0.0133662313502
0.0
0.0
0.0
0.0
0.0
0.0
0.0
0.0
0.0
0.0
0.0
0.0
0.0
0.0
0.0
0.0
0.0
0.0
0.0
0.0
0.0
0.0
0.0
0.0
0.0
0.0
0.0
0.0
0.0
0.0
0.00373890520836
0.000647546403836
0.00373890520836
0.0
0.0
0.0
0.0
0.0
0.0
0.0
0.0
0.0
0.0
0.0
0.0
0.0
0.0
0.0
0.0
0.0
0.0
0.0
0.0
0.0
0.0
0.0
0.0
0.0
0.0
0.0
-0.0036888027796
-0.0048256762202
0.0
0.0
0.0
0.0
0.0
0.0
0.0
0.0
0.0
0.0
0.0
0.0
0.0
0.0
0.0
0.0
0.105568733648
0.0950046823408
0.077297402676
0.049094001163
0.0116349430023
0.00570372385128
0.0
0.0
0.00314384295142
0.00022515264382
0.00268893234955
-0.000836011694502
0.00788287286247
0.104609433337
0.00863923724604
0.0
-0.0131501100147
0.0071708777678
-0.00677272198234
0.002474096485
0.00104408150272
-0.00972888736863
0.002474096485
0.0
-0.00112646615882
-0.00193208829293
-0.00156364312723
-0.000339619586222
0.0
0.0
0.0
0.0
-0.00292869778593
-0.00195629598468
-0.00272029807311
0.0
0.0
0.0
0.0
0.0
0.00863923724604
-0.00430293400394
0.0369820774502
0.0366891729813
0.111458995945
0.00749694657534
0.00749694657534
0.00749694657534
0.00863923724604
0.00863923724604
0.00859108418178
0.00742477055641
0.0
0.0
0.0
0.0
0.0
0.0
0.0
0.0
0.0
0.0
0.0
0.0
0.0
0.0
0.0
0.0
0.0
0.0
0.0
0.0
0.0
0.0
0.0
0.0
0.0
0.0
0.0
0.0
0.0
0.0
0.0
0.0
0.0
0.0
0.0
0.0
0.0
0.0
0.0
0.0
0.0
0.0
0.0
0.0
0.0
0.0
0.0
0.0
0.0
0.0
0.0
0.0
0.0
0.0
0.0
0.0
0.0
0.0
0.0
0.0
0.0
0.0
0.0
0.0
0.0
0.0
0.0
0.0
0.0
0.0
0.0
0.0
0.0
0.0
0.0
0.0
0.0
0.0
0.0
0.0
0.0
0.0
0.0
0.0
0.0
0.0
0.0
0.0
0.0
0.0
0.0
0.0
-0.0157131770897
0.0
0.00964935285743
0.00964935285743
0.0
0.0232933202367
0.0
-0.016712700581
-0.00783642194498
0.00964935285743
-0.0157131770897
0.0232933202367
0.0
-0.0157131770897
0.0232933202367
0.0
-0.0655951787171
-0.0142862683625
-0.0214807786541
-0.0499400429306
-0.0453624008973
-0.0237459078659
-0.0211505159587
-0.0164864358514
-0.00111348602253
-0.0128706779734
-0.0206957565106
0.00314418266898
0.0
-0.0227167690647
0.00314418266898
0.0
0.0
0.0
0.0
0.0
0.0
0.0
0.214621713708
0.169691202519
-0.00612330810352
0.0
0.0
0.0
0.0
0.0
0.0
0.0
0.00143289037715
-0.070085615448
0.00224344827103
0.0
0.0
0.0
0.0
0.0
0.0
0.0
0.0
0.0
0.0
0.0
0.0
0.0
0.0
0.0
0.0
0.0
0.0
0.0
0.0
0.0
0.0
0.0
0.0
0.0
0.0
0.0
0.0
0.0
0.0
0.0
0.0
0.0
0.0
0.0
0.0
0.0
0.0
0.0
0.0
0.0
0.0
0.0
0.0
0.0
0.0
0.0
0.0
0.0
0.0
0.0
0.0
0.0
0.0
0.0
0.0
0.0
0.0
0.0
0.0
0.0
0.0
0.0
0.0
0.0
0.0
0.0
0.0
0.0
0.0
0.0
0.0
0.0
0.0
0.0
0.0
0.0
0.0
0.0
0.0
0.0
0.0
0.0
0.0
0.0
0.0
0.0
0.0
0.0
0.0
0.0
0.0
0.0
0.0
0.0
0.0
0.0
0.0
0.0
0.0
0.0
0.0
0.0
0.0
0.0
0.0
0.0
0.0
0.0
0.0
0.0
0.0
0.0
0.0
0.0
0.0
0.0
0.0
0.0
0.0
0.0
0.0
0.0
0.0
0.0
0.0
0.0
0.0
0.0
0.0
0.0
0.0
0.0
0.0
0.0
0.0
0.0
0.0
0.0
0.0
0.0
0.0
0.0
0.0
0.0
0.0
0.0
0.0
0.0
0.0
0.0
0.0
0.0
0.0
0.0
0.0
0.0
-0.0115455250556
-0.0845045252105
0.0
-0.0845045252105
-0.0115455250556
0.0
-0.0115455250556
0.0
0.0
0.0
0.0
0.0
0.0
0.0
0.0
0.0
0.0
-0.00301931584424
0.0
0.0
0.0
0.0
-0.00206957802716
0.00255257964543
0.0
-0.0221815332179
0.0
0.0
0.0
0.0
0.0
0.0
0.0
0.0
0.0
0.0
0.0
0.0
0.0
0.0
0.0
0.0
0.0
0.0
0.0
0.0
0.0
0.0
0.0
0.0
0.0
0.0
0.0
0.0
0.0
0.0
0.0
0.0
0.0
0.0
0.0
0.0
0.0
0.0
-0.00295130600834
0.00476242503917
0.0
0.0
0.00297012660193
0.0
0.00243985354986
-0.00720548942231
0.0
-0.000383275004459
0.0
0.0
0.0
0.0
0.0
0.0
-0.0208226701936
0.0151568101334
-0.0146754341426
-0.0115738298376
-0.0153025792727
0.0151568101334
0.00407593479667
-0.0115738298376
0.0
0.0
0.0
0.0
0.0
0.0
0.0
0.0
0.0
0.0
0.214621713708
-0.0195987518097
0.0
0.0
0.0
-0.0195987518097
0.0
0.0
0.0
0.0
0.0
0.0
0.0
0.0
0.0
0.0
0.0
0.214621713708
-0.0195987518097
0.0
0.0
0.0
0.0
0.0
-0.0195987518097
-0.0195987518097
0.0
-0.0195987518097
0.0
0.0
0.0
0.0
0.0
0.0
0.0
0.0
0.0
0.0
0.0
0.0
0.0
0.0
0.0
0.0
0.0
0.0
0.0
0.0
0.0
0.0
0.0
0.0
0.0
0.0
0.0
0.0
0.0
0.0
0.0
0.0
0.0
0.0
9.98786080094e-05
-0.000516893871511
-0.000287673093905
-0.00298941444227
-0.0167021907705
-0.0522354392767
-0.00461149996813
-0.00535936991079
0.0
0.0
0.0
-0.000172041791237
-0.00300138126141
-0.0059500060537
-0.00957429581378
0.0
0.0
0.0
0.0
0.0
0.0
0.0
0.0
0.0
0.0
0.0
0.0
0.0
0.0
0.0
0.0
0.0
0.0
0.0
0.0
0.0
0.0
0.0
0.0
0.0
0.0
0.0
0.0
0.0
0.00186872356538
-0.00108879131173
-0.02314517093
0.0
0.0
0.0
0.0
0.0
0.0
0.0
0.0
0.0
0.0
0.0
0.0
0.0
0.0
0.0
0.0
0.0
0.0
0.0
0.0
0.0
0.0
0.0
0.0
0.0
0.0
0.0
0.0
0.000566340660317
0.0
0.0
0.0
0.0
-0.0221815332179
-0.0221815332179
-0.0531055013595
0.0177845116787
0.00442139917618
0.00117430349762
-0.0192843551901
0.0091646969155
0.0
-0.00167394428979
-0.0345132915503
0.0018518757028
0.0473985320638
0.0
0.0
0.0
0.0174995805563
-0.0115738298376
-0.0115738298376
0.0
0.0
0.0
0.0
0.0
0.000209129073812
-0.00119823344735
-0.00353086317822
0.000863447918582
0.0
0.0
0.0
0.0
-0.0110268522464
-0.0110268522464
-0.0110268522464
-0.0110268522464
-0.0110268522464
-0.0110268522464
-0.0110268522464
-0.0110268522464
0.0
0.0
0.0
0.0
0.0
0.0
0.0
0.0
0.0041586524483
0.00375197122374
0.00343391287653
0.0
0.0
0.0
0.0
0.0
0.0
0.0
0.0
0.0
0.0
0.0
0.0
0.0
0.0
0.0
0.0
0.0
0.0
0.0
0.0
0.0
0.0
0.0
0.0
0.00370698986221
0.0
0.0
0.0
0.0
0.0
0.0
0.00080727183512
0.00496444520746
0.0
0.0
0.0
0.0
0.0
0.0
0.0
0.0
0.0
0.0
0.0
0.0
0.0
0.0
0.0
0.0
0.0
0.0
0.0
0.0
0.0
0.0
0.0
0.0
0.0
0.0
0.0
0.0
0.0
-0.00972888736863
0.0
0.0
0.0
0.0
0.0
0.0
0.0
-0.00972888736863
0.0
0.0
0.0
0.0
0.0
0.0
0.0
0.0
0.0
0.0
0.0
0.0
0.0
0.0
0.0
0.0
0.0
0.0
0.0
0.0
0.0
0.0
0.0
0.0
0.0
0.0
0.0
0.0
0.0
0.0
0.0
0.0
0.0
0.0
0.0
0.0
0.0
0.0
0.0
0.0
0.0
0.0
0.0
0.0
0.0
0.0
0.0
0.0
0.0
0.0
0.0
0.0
0.0
0.0
0.0
0.0
0.0
0.0
0.0
0.0
0.0
0.0
0.0
0.0
0.0
0.0
0.0
0.0
0.0
0.0
0.0
0.0
0.0
0.0
0.0
0.0
0.0
0.0
0.0
0.0
0.0
0.0
0.0
0.0
0.0
0.0
0.0
0.0
0.0
0.0
0.0
0.0
0.0
0.0
0.0
0.0
0.0
0.0
0.0
0.0
0.0
0.0
0.0
0.0
0.0
0.0
0.0
0.0
0.0
0.0
0.0
0.0
0.0
0.0
0.0
0.0
0.0
0.0
0.0
0.0
0.0
0.0
0.0
0.0
0.0
0.0
0.0
0.0
0.0
-0.00039485878148
-0.0136468963024
-0.0101341503173
0.0
0.0
0.0
0.0
0.0
0.0
0.0
0.0
0.0
0.0
0.0
0.0
0.0
0.0
0.0
0.0
0.0
0.0
-0.00101980716317
-0.00121853673369
0.0444439129692
0.0737856502072
-0.00386580649492
0.129579377808
0.129579377808
0.129579377808
0.0
0.0312426526959
0.0
0.0
0.0
0.0
0.0
0.0
-0.00219123442813
-0.00285859064326
-0.00360224115418
-0.00456500303252
-0.000800216377421
0.00488829307846
0.0
0.0
-0.000587339967056
0.00467013647959
0.011143060737
0.015398292052
0.0178818301573
0.00533367696817
0.0391919718978
0.00738156792672
0.00309816127389
-0.00783166340243
-0.00424191201447
-0.00424191201447
-0.00678701088582
-0.00272029807311
-0.00272029807311
-0.00272029807311
-0.0108794363825
-0.012691344207
-0.00878114837555
-0.0121612606056
-0.0076218454394
-0.0076218454394
-0.0076218454394
-0.0076218454394
-0.00663737332924
-0.00557909095715
-0.00594756047854
-0.00620671947025
-0.00593339690301
-0.00649166497354
-0.00612469027087
-0.00596354947023
0.0102247981462
-0.00218843521688
-0.00731453119672
0.0110201312729
-0.0120213130825
-0.0120213130825
-0.0154543876872
-0.0120443284873
-0.00927878411309
0.00127974706528
0.0
0.0
0.0
0.0
0.0
0.0
0.00556889635949
-0.000584943821616
-0.00332098557101
0.0
0.0
0.0
0.0
0.0
0.00127974706528
-0.0073898134608
0.0
0.0
0.0
0.0
0.0
0.0
0.0
0.0
0.0
0.0
0.0
0.0
0.0
0.0
0.0
0.0
0.0
0.0
0.0
0.0
0.0
0.0
0.0
0.0
0.0
0.0
0.0
0.0
0.0
0.0
0.0
0.00373890520836
0.0
0.0
0.0
0.0
0.0
0.0
0.0
0.0
0.0
0.0
0.0
0.0
0.0
0.0
0.0
0.0
0.0
0.0
0.0
0.0
0.0
0.0
0.0
0.0
0.0
0.0
0.0
0.0
-0.0050962006404
-0.00397896350711
0.0
0.0
0.0
0.0
0.0
0.0
0.0
0.0
0.0
0.0
0.0
0.0
0.0
0.0
0.0
0.0
0.132592581567
0.092482810544
0.0507594981143
0.012949833738
0.00570372385128
0.0
0.0
0.0
-0.000364206300163
0.0114474584856
0.00326483830901
0.0362083262807
-0.000339619586222
-0.000803653910311
0.000900320251371
0.0
-0.00542087772427
-0.00677272198234
0.00742530237147
-0.00824218182059
-0.00972888736863
0.00104408150272
-0.00824218182059
0.0
0.00307552954753
0.00301727692674
-0.000993525531481
0.000352033173119
0.0
0.0
0.0
0.0
-0.0020212062095
-0.00038052493128
-0.000645589171815
0.0
0.0
0.0
0.0
0.0
-0.00519756431908
0.071835525757
-0.00150220125778
-0.00139041168786
-0.00366753716782
-0.00514780975635
-0.00514780975635
-0.00514780975635
-0.00472583227138
-0.00472583227138
-0.00460786655775
-0.00463356678863
0.0
0.0
0.0
0.0
0.0
0.0
0.0
0.0
0.0
0.0
0.0
0.0
0.0
0.0
0.0
0.0
0.0
0.0
0.0
0.0
0.0
0.0
0.0
0.0
0.0
0.0
0.0
0.0
0.0
0.0
0.0
0.0
0.0
0.0
0.0
0.0
0.0
0.0
0.0
0.0
0.0
0.0
0.0
0.0
0.0
0.0
0.0
0.0
0.0
0.0
0.0
0.0
0.0
0.0
0.0
0.0
0.0
0.0
0.0
0.0
0.0
0.0
0.0
0.0
0.0
0.0
0.0
0.0
0.0
0.0
0.0
0.0
0.0
0.0
0.0
0.0
0.0
0.0
0.0
0.0
0.0
0.0
0.0
0.0
0.0
0.0
0.0
0.0
0.0
0.0
0.0
0.0
0.0267267741402
0.0
-0.016712700581
-0.016712700581
0.0
-0.00783642194498
0.0
0.00943312784769
0.0222982568554
-0.016712700581
0.0267267741402
-0.00783642194498
0.0
0.0267267741402
-0.00783642194498
0.0
-0.0202399245918
-0.0221884704889
-0.00863821945508
-0.00773614593729
-0.0017412380116
-0.0463037990708
-0.0428193100305
-0.021622829207
-0.0219718785378
-0.0806514953227
-0.0766611293461
-0.0227167690647
0.0
0.00132518611672
-0.0227167690647
0.0
