0.0
0.0
0.0
0.0
0.0
0.0
0.02971133823
0.0174695698391
0.016119054465
0.0
0.0
0.0
0.0
0.0
0.0
0.0
0.0187155291842
0.0164065835446
0.010220351831
0.0
0.0
0.0
0.0
0.0
0.0
0.0
0.0
0.0
0.0
0.0
0.0
0.0
0.0
0.0
0.0
0.0
0.0
0.0
0.0
0.0
0.0
0.0
0.0
0.0
0.0
0.0
0.0
0.0
0.0
0.0
0.0
0.0
0.0
0.0
0.0
0.0
0.0
0.0
0.0
0.0
0.0
0.0
0.0
0.0
0.0
0.0
0.0
0.0
0.0
0.0
0.0
0.0
0.0
0.0
0.0
0.0
0.0
0.0
0.0
0.0
0.0
0.0
0.0
0.0
0.0
0.0
0.0
0.0
0.0
0.0
0.0
0.0
0.0
0.0
0.0
0.0
0.0
0.0
0.0
0.0
0.0
0.0
0.0
0.0
0.0
0.0
0.0
0.0
0.0
0.0
0.0
0.0
0.0
0.0
0.0
0.0
0.0
0.0
0.0
0.0
0.0
0.0
0.0
0.0
0.0
0.0
0.0
0.0
0.0
0.0
0.0
0.0
0.0
0.0
0.0
0.0
0.0
0.0
0.0
0.0
0.0
0.0
0.0
0.0
0.0
0.0
0.0
0.0
0.0
0.0
0.0
0.0
0.0
0.0
0.0
0.0
0.0
0.0
0.0
0.0
0.0
0.0
0.0
0.0
0.0
0.0
0.0
0.0
0.0
0.0
0.0
0.0
0.0
0.0
0.0
0.0
0.0105427329203
0.010220351831
0.0
0.010220351831
0.0105427329203
0.0
0.0105427329203
0.0
0.0
0.0
0.0
0.0
0.0
0.0
0.0
0.0
0.0
0.0147946780981
0.0
0.0
0.0
0.0
8.7130024135e-06
0.0221484521351
0.000130695036203
0.0
0.000130695036203
0.000130695036203
0.0
0.000130695036203
0.0
0.0
0.0
0.0
0.0
0.0
0.0
0.0
0.0
0.0
0.0
0.0
0.0
0.0
0.0
0.0
0.0
0.0
0.0
0.0
0.0
0.0
0.0
0.0
0.0
0.0
0.0
0.0
0.0
0.0
0.0
0.0
0.0
0.0
0.00235251065165
0.00139408038616
0.0
0.0
0.0049054203588
0.0
0.000200399055511
0.00832963030731
0.0
0.000156834043443
0.0
0.0
0.0
0.0
0.0
0.0
0.0176438298873
0.0111962081013
0.0100896567948
0.0125902884875
0.0119368133065
0.0111962081013
0.0206585287224
0.0125902884875
0.0
0.0
0.0
0.0
0.0
0.0
0.0
0.0
0.0
0.0
0.0274895226146
0.033588624304
0.0
0.0
0.0
0.033588624304
0.0
0.0
0.0
0.0
0.0
0.0
0.0
0.0
0.0
0.0
0.0
0.0274895226146
0.033588624304
0.0
0.0
0.0
0.0
0.0
0.033588624304
0.033588624304
0.0
0.033588624304
0.0
0.0
0.0
0.0
0.0
0.0
0.0
0.0
0.0
0.0
0.0
0.0
0.0
0.0
0.0
0.0
0.0
0.0
0.0
0.0
0.0
0.0
0.0
0.0
0.0
0.0
0.0
0.0
0.0
0.0
0.0
0.0
0.0
0.0
0.00067090118584
0.00110655130651
0.00184715651166
0.00573315558808
0.0150473551681
0.0190640492807
0.0128691045647
0.00504482839742
0.0
0.0
0.0
8.7130024135e-06
0.000836448231696
0.0177658119211
0.00996767476105
0.0
0.0
0.0
0.0
0.0
0.0
0.0
0.0
0.0
0.0
0.0
0.0
0.0
0.0
0.0
0.0
0.0
0.0
0.0
0.0
0.0
0.0
0.0
0.0
0.0
0.0
0.0
0.0
0.0
0.0248059178712
0.0176612558922
0.0090353835028
0.0
0.0
0.0
0.0
0.0
0.0
0.0
0.0
0.0
0.0
0.0
0.0
0.0
0.0
0.0
0.0
0.0
0.0
0.0
0.0
0.0
0.0
0.0
0.0
0.0
0.0
0.0
0.0
0.00750189507802
0.0
0.0
0.0
0.0
0.000156834043443
0.000156834043443
0.0160667764505
0.0178965069573
0.0187503811939
0.0178006639308
0.0181404710249
0.0173998658198
0.0
8.7130024135e-06
0.010429463889
2.61390072405e-05
0.0110045220483
0.0
0.0
0.0
0.00828606529524
0.0125902884875
0.0125902884875
0.0
0.0
0.0
0.0
0.0
0.0112223471086
0.021198734872
0.0201793135897
0.012747122531
0.0
0.0
0.0
0.0
0.0116579972293
0.0116579972293
0.0116579972293
0.0116579972293
0.0116579972293
0.0116579972293
0.0116579972293
0.0116579972293
0.0
0.0
0.0
0.0
0.0
0.0
0.0
0.0
0.00436521420916
0.00175131348511
0.0
0.0
0.0
0.0
0.0
0.0
0.0
0.0
0.0
0.0
0.0
0.0
0.0
0.0
0.0
0.0
0.0
0.0
0.0
0.0
0.0
0.0
0.0
0.0
0.0
0.023620949543
0.0
0.0
0.0
0.0
0.0
0.0
8.7130024135e-05
0.02064981572
0.0
0.0
0.0
0.0
0.0
0.0
0.0
0.0
0.0
0.0
0.0
0.0
0.0
0.0
0.0
0.0
0.0
0.0
0.0
0.0
0.0
0.0
0.0
0.0
0.0
0.0
0.0
0.0
0.0
0.0
0.0
0.0
0.0
0.0
0.0
0.0
0.0
0.0
0.0
0.0
0.0
0.0
0.0
0.0
0.0
0.0
0.0
0.0
0.0
0.0
0.0
0.0
0.0
0.0
0.0
0.0
0.0
0.0
0.0
0.0
0.0
0.0
0.0
0.0
0.0
0.0
0.0
0.0
0.0
0.0
0.0
0.0
0.0
0.0
0.0
0.0
0.0
0.0
0.0
0.0
0.0
0.0
0.0
0.0
0.0
0.0
0.0
0.0
0.0
0.0
0.0
0.0
0.0
0.0
0.0
0.0
0.0
0.0
0.0
0.0
0.0
0.0
0.0
0.0
0.0
0.0
0.0
0.0
0.0
0.0
0.0
0.0
0.0
0.0
0.0
0.0
0.0
0.0
0.0
0.0
0.0
0.0
0.0
0.0
0.0
0.0
0.0
0.0
0.0
0.0
0.0
0.0
0.0
0.0
0.0
0.0
0.0
0.0
0.0
0.0
0.0
0.0
0.0
0.0
0.0
0.0
0.0
0.0
0.0
0.0
0.0
0.0
0.0
0.0
0.0
0.0
0.0
0.0
0.0
0.0
0.0
0.0
0.0
0.0
0.0
0.0
0.0
0.000104556028962
0.0328305930941
0.033588624304
0.0
0.0
0.0
0.0
0.0
0.0
0.0
0.0
0.0
0.0
0.0
0.0
0.0
0.0
0.0
0.0
0.0
0.0
0.00101942128238
0.00175131348511
0.00350262697023
0.00616009270635
0.0115447281979
0.0125641494803
0.0125641494803
0.0125641494803
0.0
0.00684841989701
0.0
0.0
0.0
0.0
0.0
0.0
0.00211725958648
0.00436521420916
0.0121546383668
0.0172343187739
0.0146726960643
0.00427808418503
0.0
0.0
0.000592484164118
0.00162933145132
0.00305826384714
0.00495769837328
0.0108564010072
0.0168248076605
0.00836448231696
0.00996767476105
0.00772843314078
0.0102464908383
0.0125902884875
0.0125902884875
0.0100896567948
0.000156834043443
0.000156834043443
0.000156834043443
0.0130695036203
0.016624408605
0.00763259011423
0.0158228123829
0.00184715651166
0.00184715651166
0.00184715651166
0.00184715651166
0.0155178572984
0.0185674081432
0.015361023255
0.0200399055511
0.0115534412003
0.0141934809316
0.0187416681914
0.0172517447787
0.0197959414835
0.0147598260885
0.0189333542445
0.00754546009009
0.0198307934931
0.0198307934931
0.0198133674883
0.0197349504666
0.00902667050039
0.00298855982783
0.0
0.0
0.0
0.0
0.0
0.0
0.00302341183749
0.000200399055511
0.00309311585679
0.00014812104103
0.0
0.0
0.0
0.0
0.00298855982783
0.00723179200321
0.0
0.0
0.0
0.0
0.0
0.0
0.0
0.0
0.0
0.0
0.0
0.0
0.0
0.0
0.0
0.0
0.0
0.0
0.0
0.0
0.0
0.0
0.0
0.0
0.0
0.0
0.0
0.0
0.0
0.0
0.00261390072405
0.000627336173772
0.00261390072405
0.0
0.0
0.0
0.0
0.0
0.0
0.0
0.0
0.0
0.0
0.0
0.0
0.0
0.0
0.0
0.0
0.0
0.0
0.0
0.0
0.0
0.0
0.0
0.0
0.0
0.0
0.0
0.0188113722108
0.0186545381673
0.0
0.0
0.0
0.0
0.0
0.0
0.0
0.0
0.0
0.0
0.0
0.0
0.0
0.0
0.0
0.0
0.00744961706354
0.00500997638776
0.00267489174095
0.000932291258245
4.35650120675e-05
8.7130024135e-06
0.0
0.0
0.000287529079646
0.00115011631858
0.00321509789058
0.00345906195816
0.000270103074819
0.0167376776363
0.0125902884875
0.0
0.00823378728076
0.0110306610555
0.01108293907
0.000705753195494
0.000130695036203
0.000156834043443
0.000705753195494
0.0
0.00285786479163
0.00962786766692
0.000470502130329
0.000156834043443
0.0
0.0
0.0
0.0
0.0017426004827
0.000435650120675
0.000156834043443
0.0
0.0
0.0
0.0
0.0
0.0125902884875
0.0151431981947
0.00880013243764
0.00933162558486
0.0103074818552
0.0123811764296
0.0123811764296
0.0123811764296
0.0125902884875
0.0125902884875
0.0120065173258
0.0121633513692
0.0
0.0
0.0
0.0
0.0
0.0
0.0
0.0
0.0
0.0
0.0
0.0
0.0
0.0
0.0
0.0
0.0
0.0
0.0
0.0
0.0
0.0
0.0
0.0
0.0
0.0
0.0
0.0
0.0
0.0
0.0
0.0
0.0
0.0
0.0
0.0
0.0
0.0
0.0
0.0
0.0
0.0
0.0
0.0
0.0
0.0
0.0
0.0
0.0
0.0
0.0
0.0
0.0
0.0
0.0
0.0
0.0
0.0
0.0
0.0
0.0
0.0
0.0
0.0
0.0
0.0
0.0
0.0
0.0
0.0
0.0
0.0
0.0
0.0
0.0
0.0
0.0
0.0
0.0
0.0
0.0
0.0
0.0
0.0
0.0
0.0
0.0
0.0
0.0
0.0
0.0
0.0
0.0175915518729
0.0
0.0126512795044
0.0126512795044
0.0
0.014602992045
0.0
0.0132786156782
0.0158140993805
0.0126512795044
0.0175915518729
0.014602992045
0.0
0.0175915518729
0.014602992045
0.0
0.0144113059919
0.016519852576
0.0163455925277
0.0159622204215
0.0140279338857
0.017574125868
0.015866377395
0.0149253731343
0.0164327225519
0.0121807773741
0.0164065835446
0.0151693372019
0.0
0.0184105740997
0.0151693372019
0.0
0.0
0.0
0.0
0.0
0.0
0.0
0.033588624304
0.016119054465
0.0161103414626
0.0
0.0
0.0
0.0
0.0
0.0
0.0
0.0172256057715
0.017783237926
0.010978383041
0.0
0.0
0.0
0.0
0.0
0.0
0.0
0.0
0.0
0.0
0.0
0.0
0.0
0.0
0.0
0.0
0.0
0.0
0.0
0.0
0.0
0.0
0.0
0.0
0.0
0.0
0.0
0.0
0.0
0.0
0.0
0.0
0.0
0.0
0.0
0.0
0.0
0.0
0.0
0.0
0.0
0.0
0.0
0.0
0.0
0.0
0.0
0.0
0.0
0.0
0.0
0.0
0.0
0.0
0.0
0.0
0.0
0.0
0.0
0.0
0.0
0.0
0.0
0.0
0.0
0.0
0.0
0.0
0.0
0.0
0.0
0.0
0.0
0.0
0.0
0.0
0.0
0.0
0.0
0.0
0.0
0.0
0.0
0.0
0.0
0.0
0.0
0.0
0.0
0.0
0.0
0.0
0.0
0.0
0.0
0.0
0.0
0.0
0.0
0.0
0.0
0.0
0.0
0.0
0.0
0.0
0.0
0.0
0.0
0.0
0.0
0.0
0.0
0.0
0.0
0.0
0.0
0.0
0.0
0.0
0.0
0.0
0.0
0.0
0.0
0.0
0.0
0.0
0.0
0.0
0.0
0.0
0.0
0.0
0.0
0.0
0.0
0.0
0.0
0.0
0.0
0.0
0.0
0.0
0.0
0.0
0.0
0.0
0.0
0.0
0.0
0.0
0.0
0.0
0.0
0.0
0.0
0.0105427329203
0.0105427329203
0.0
0.0105427329203
0.0105427329203
0.0
0.0105427329203
0.0
0.0
0.0
0.0
0.0
0.0
0.0
0.0
0.0
0.0
0.0157008303491
0.0
0.0
0.0
0.0
6.09910168945e-05
0.0222181561544
0.0
0.000130695036203
0.0
0.0
0.0
0.0
0.0
0.0
0.0
0.0
0.0
0.0
0.0
0.0
0.0
0.0
0.0
0.0
0.0
0.0
0.0
0.0
0.0
0.0
0.0
0.0
0.0
0.0
0.0
0.0
0.0
0.0
0.0
0.0
0.0
0.0
0.0
0.0
0.0
0.0
0.00246577968302
0.00176873948994
0.0
0.0
0.00571572958326
0.0
0.000200399055511
0.00867815040385
0.0
0.000130695036203
0.0
0.0
0.0
0.0
0.0
0.0
0.0206585287224
0.0121982033789
0.0125902884875
0.0104120378841
0.0111962081013
0.0121982033789
0.0209547708045
0.0104120378841
0.0
0.0
0.0
0.0
0.0
0.0
0.0
0.0
0.0
0.0
0.033588624304
0.0329177231182
0.0
0.0
0.0
0.0329177231182
0.0
0.0
0.0
0.0
0.0
0.0
0.0
0.0
0.0
0.0
0.0
0.033588624304
0.0329177231182
0.0
0.0
0.0
0.0
0.0
0.0329177231182
0.0329177231182
0.0
0.0329177231182
0.0
0.0
0.0
0.0
0.0
0.0
0.0
0.0
0.0
0.0
0.0
0.0
0.0
0.0
0.0
0.0
0.0
0.0
0.0
0.0
0.0
0.0
0.0
0.0
0.0
0.0
0.0
0.0
0.0
0.0
0.0
0.0
0.0
0.0
0.000888726246177
0.00114140331617
0.00239607566371
0.00695297592597
0.0155265703009
0.0191686053097
0.0140366468882
0.00532364447465
0.0
0.0
0.0
2.61390072405e-05
0.00126338534996
0.0196129684328
0.0113704681496
0.0
0.0
0.0
0.0
0.0
0.0
0.0
0.0
0.0
0.0
0.0
0.0
0.0
0.0
0.0
0.0
0.0
0.0
0.0
0.0
0.0
0.0
0.0
0.0
0.0
0.0
0.0
0.0
0.0
0.0277421996846
0.0173563008077
0.00893954047625
0.0
0.0
0.0
0.0
0.0
0.0
0.0
0.0
0.0
0.0
0.0
0.0
0.0
0.0
0.0
0.0
0.0
0.0
0.0
0.0
0.0
0.0
0.0
0.0
0.0
0.0
0.0
0.0
0.00829477829765
0.0
0.0
0.0
0.0
0.000130695036203
0.000130695036203
0.0162236104939
0.0194561343893
0.019743663469
0.0189769192566
0.0185586951408
0.0183757220901
0.0
4.35650120675e-05
0.0108999660193
6.9704019308e-05
0.0112223471086
0.0
0.0
0.0
0.00961915466451
0.0104120378841
0.0104120378841
0.0
0.0
0.0
0.0
0.0
0.0112833381255
0.0214775509493
0.0204058516524
0.0129736605937
0.0
0.0
0.0
0.0
0.0132437636685
0.0132437636685
0.0132437636685
0.0132437636685
0.0132437636685
0.0132437636685
0.0132437636685
0.0132437636685
0.0
0.0
0.0
0.0
0.0
0.0
0.0
0.0
0.00577672060015
0.00261390072405
0.00175131348511
0.0
0.0
0.0
0.0
0.0
0.0
0.0
0.0
0.0
0.0
0.0
0.0
0.0
0.0
0.0
0.0
0.0
0.0
0.0
0.0
0.0
0.0
0.0
0.0
0.0257120701222
0.0
0.0
0.0
0.0
0.0
0.0
0.000853874236523
0.0253896890329
0.0
0.0
0.0
0.0
0.0
0.0
0.0
0.0
0.0
0.0
0.0
0.0
0.0
0.0
0.0
0.0
0.0
0.0
0.0
0.0
0.0
0.0
0.0
0.0
0.0
0.0
0.0
0.0
0.0
0.000156834043443
0.0
0.0
0.0
0.0
0.0
0.0
0.0
0.000156834043443
0.0
0.0
0.0
0.0
0.0
0.0
0.0
0.0
0.0
0.0
0.0
0.0
0.0
0.0
0.0
0.0
0.0
0.0
0.0
0.0
0.0
0.0
0.0
0.0
0.0
0.0
0.0
0.0
0.0
0.0
0.0
0.0
0.0
0.0
0.0
0.0
0.0
0.0
0.0
0.0
0.0
0.0
0.0
0.0
0.0
0.0
0.0
0.0
0.0
0.0
0.0
0.0
0.0
0.0
0.0
0.0
0.0
0.0
0.0
0.0
0.0
0.0
0.0
0.0
0.0
0.0
0.0
0.0
0.0
0.0
0.0
0.0
0.0
0.0
0.0
0.0
0.0
0.0
0.0
0.0
0.0
0.0
0.0
0.0
0.0
0.0
0.0
0.0
0.0
0.0
0.0
0.0
0.0
0.0
0.0
0.0
0.0
0.0
0.0
0.0
0.0
0.0
0.0
0.0
0.0
0.0
0.0
0.0
0.0
0.0
0.0
0.0
0.0
0.0
0.0
0.0
0.0
0.0
0.0
0.0
0.0
0.0
0.0
0.0
0.0
0.0
0.0
0.0
0.0
0.000104556028962
0.0325430640144
0.0335102072823
0.0
0.0
0.0
0.0
0.0
0.0
0.0
0.0
0.0
0.0
0.0
0.0
0.0
0.0
0.0
0.0
0.0
0.0
0.00128081135478
0.00222181561544
0.00440006621882
0.00737120004182
0.0134528757264
0.0144984360161
0.0144984360161
0.0144984360161
0.0
0.00644762178599
0.0
0.0
0.0
0.0
0.0
0.0
0.00211725958648
0.0043913532164
0.0122156293837
0.0173911528173
0.0147859650957
0.00430422319227
0.0
0.0
0.00084516123411
0.00163804445374
0.00310182885921
0.005036115395
0.01108293907
0.0170600587256
0.00857359437489
0.0100286657779
0.00829477829765
0.012747122531
0.0104120378841
0.0104120378841
0.0125902884875
0.000156834043443
0.000156834043443
0.000156834043443
0.0124683064537
0.0160580634481
0.00724050500562
0.0153087452405
0.00173388748029
0.00173388748029
0.00173388748029
0.00173388748029
0.0155265703009
0.0186109731552
0.0154830052888
0.0201967395945
0.0117102752437
0.0144113059919
0.0188549372228
0.017321448798
0.0196042554304
0.0172256057715
0.0184280001046
0.00775457214802
0.0192295963266
0.0192295963266
0.0192731613387
0.0191337533
0.00976727570554
0.00304955084473
0.0
0.0
0.0
0.0
0.0
0.0
0.00310182885921
0.000165547045857
0.00283172578439
0.0
0.0
0.0
0.0
0.0
0.00304955084473
0.00802467522284
0.0
0.0
0.0
0.0
0.0
0.0
0.0
0.0
0.0
0.0
0.0
0.0
0.0
0.0
0.0
0.0
0.0
0.0
0.0
0.0
0.0
0.0
0.0
0.0
0.0
0.0
0.0
0.0
0.0
0.0
0.0
0.00261390072405
0.0
0.0
0.0
0.0
0.0
0.0
0.0
0.0
0.0
0.0
0.0
0.0
0.0
0.0
0.0
0.0
0.0
0.0
0.0
0.0
0.0
0.0
0.0
0.0
0.0
0.0
0.0
0.0
0.0199353495221
0.0203622866404
0.0
0.0
0.0
0.0
0.0
0.0
0.0
0.0
0.0
0.0
0.0
0.0
0.0
0.0
0.0
0.0
0.00866943740143
0.00365946101367
0.000984569272726
5.2278014481e-05
8.7130024135e-06
0.0
0.0
0.0
0.000331094091713
0.00143764539823
0.00324123689782
0.00441749222365
0.000156834043443
0.0185151301287
0.0106995669638
0.0
0.00859973338213
0.01108293907
0.0121546383668
0.000104556028962
0.000156834043443
0.000130695036203
0.000104556028962
0.0
0.00286657779404
0.00964529367175
0.000470502130329
0.000156834043443
0.0
0.0
0.0
0.0
0.0017426004827
0.000435650120675
0.000156834043443
0.0
0.0
0.0
0.0
0.0
0.0126077144923
0.0155352833033
0.00920964355107
0.00973242369588
0.0105253069155
0.0124073154368
0.0124073154368
0.0124073154368
0.0126164274948
0.0126164274948
0.0120413693355
0.0121982033789
0.0
0.0
0.0
0.0
0.0
0.0
0.0
0.0
0.0
0.0
0.0
0.0
0.0
0.0
0.0
0.0
0.0
0.0
0.0
0.0
0.0
0.0
0.0
0.0
0.0
0.0
0.0
0.0
0.0
0.0
0.0
0.0
0.0
0.0
0.0
0.0
0.0
0.0
0.0
0.0
0.0
0.0
0.0
0.0
0.0
0.0
0.0
0.0
0.0
0.0
0.0
0.0
0.0
0.0
0.0
0.0
0.0
0.0
0.0
0.0
0.0
0.0
0.0
0.0
0.0
0.0
0.0
0.0
0.0
0.0
0.0
0.0
0.0
0.0
0.0
0.0
0.0
0.0
0.0
0.0
0.0
0.0
0.0
0.0
0.0
0.0
0.0
0.0
0.0
0.0
0.0
0.0
0.0177919509284
0.0
0.0132786156782
0.0132786156782
0.0
0.0158140993805
0.0
0.013296041683
0.0160057854336
0.0132786156782
0.0177919509284
0.0158140993805
0.0
0.0177919509284
0.0158140993805
0.0
0.0176176908801
0.0207369457441
0.017678681897
0.0196913854545
0.014707548074
0.0169467896943
0.0158838033998
0.0184889911215
0.0182711660611
0.0128429655575
0.0152477542236
0.0184105740997
0.0
0.0178703679501
0.0184105740997
0.0
