0.0
0.0
0.0
0.0
0.0
0.0
0.000150686344
-0.0832820482716
-0.105630107362
3.29597460436e-17
-9.19403442268e-17
-4.59701721134e-17
2.11636264069e-16
-7.2858385991e-17
1.21430643318e-16
5.55111512313e-17
0.00256281429605
0.00315751817248
0.0578788061317
0.0
-1.38777878078e-17
8.67361737988e-19
0.0
1.35525271561e-20
-3.38813178902e-21
1.27054942088e-21
-2.64697796017e-23
6.61744490042e-24
0.0
0.0
0.0
0.0
0.0
0.0
0.0
1.54074395551e-33
0.0
0.0
0.0
0.0
-1.69895667892e-39
9.1835496158e-41
-4.82136354829e-40
4.5917748079e-40
-9.1835496158e-41
-6.42848473106e-40
3.67341984632e-40
6.19889599066e-40
1.37753244237e-40
0.0
0.0
0.0
0.0
0.0
0.0
0.0
0.0
0.0
0.0
0.0
0.0
0.0
0.0
0.0
0.0
0.0
0.0
0.0
0.0
0.0
0.0
0.0
0.0
0.0
0.0
0.0
0.0
0.0
0.0
0.0
0.0
0.0
0.0
0.0
0.0
0.0
0.0
0.0
0.0
0.0
0.0
0.0
0.0
0.0
0.0
0.0
0.0
0.0
0.0
0.0
0.0
0.0
0.0
0.0
0.0
0.0
0.0
0.0
0.0
0.0
0.0
0.0
0.0
0.0
0.0
0.0
0.0
0.0
0.0
0.0
0.0
0.0
0.0
0.0
0.0
0.0
0.0
0.0
0.0
0.0
0.0
0.0
0.0
0.0
0.0
0.0
0.0
0.0
0.0
0.0
0.0
0.0
0.0
0.0
0.0
0.0
0.0
0.0
0.0
0.0
0.0
0.0
0.0
0.0
0.0
0.0
0.0
0.0
0.0
0.0
0.0
0.0
0.0
0.0
0.0
0.0
0.0
0.0
0.0
0.0
0.0
0.0
0.0
0.0
0.0
0.0
0.0582716565362
-0.0697790473026
0.0
-0.0697790473026
0.0582716565362
0.0
0.0582716565362
0.0
0.0
0.0
0.0
0.0
0.0
0.0
0.0
0.0
0.0
0.016814101209
0.0
0.0
0.0
0.0
-2.43262872843e-05
-0.00973420087545
0.0148928840858
0.0
0.0148928840858
0.0148928840858
0.0
0.0148928840858
0.0
0.0
0.0
0.0
0.0
0.0
0.0
0.0
0.0
0.0
0.0
0.0
0.0
0.0
0.0
0.0
0.0
0.0
0.0
0.0
0.0
0.0
0.0
0.0
0.0
0.0
0.0
0.0
0.0
0.0
0.0
0.0
0.0
0.0
-0.000285903022208
0.00464060322093
0.0
0.0
-0.00330041051645
0.0
-0.000194323909553
-0.000440970430982
0.0
-0.000959072018492
0.0
0.0
0.0
0.0
0.0
0.0
-0.0231360522799
0.000259902267828
-0.0697522631537
-0.00262958147403
0.0244286497451
0.000259902267828
-0.00150903243492
-0.00262958147403
0.0
0.0
0.0
0.0
0.0
0.0
0.0
0.0
0.0
0.0
-0.0246553089098
-0.13439354431
0.0
0.0
0.0
-0.13439354431
0.0
0.0
0.0
0.0
0.0
0.0
0.0
0.0
0.0
0.0
0.0
-0.0246553089098
-0.13439354431
0.0
0.0
0.0
0.0
0.0
-0.13439354431
-0.13439354431
0.0
-0.13439354431
0.0
0.0
0.0
0.0
0.0
0.0
0.0
0.0
0.0
0.0
0.0
0.0
0.0
0.0
0.0
0.0
0.0
0.0
0.0
0.0
0.0
0.0
0.0
0.0
0.0
0.0
0.0
0.0
0.0
0.0
0.0
0.0
0.0
0.0
0.00297481465256
0.00218107271784
0.00244511371565
0.00638381092898
0.00148317198454
0.000739286144365
0.0329554694519
0.00110598682086
0.0
0.0
0.0
-2.15984080641e-05
-0.000287585051167
0.0291930916196
0.0440868738531
0.0
0.0
0.0
0.0
0.0
0.0
0.0
0.0
0.0
0.0
0.0
0.0
0.0
0.0
0.0
0.0
0.0
0.0
0.0
0.0
0.0
0.0
0.0
0.0
0.0
0.0
0.0
0.0
0.0
0.0192525445171
0.0157960996464
-0.00188601957703
0.0
0.0
0.0
0.0
0.0
0.0
0.0
0.0
0.0
0.0
0.0
0.0
0.0
0.0
0.0
0.0
0.0
0.0
0.0
0.0
0.0
0.0
0.0
0.0
0.0
0.0
0.0
0.0
-0.00316819024579
0.0
0.0
0.0
0.0
0.00384645890617
0.00384645890617
0.129568588418
0.0487634732776
0.000659509700401
-0.00495329779806
0.0392419982125
0.0331835781655
0.0
8.18053231821e-07
0.145992820382
0.000383839768577
-0.00388714287539
0.0
0.0
0.0
0.0128547677152
-0.00262958147403
-0.00262958147403
0.0
0.0
0.0
0.0
0.0
-0.00442081370068
-0.00697583005544
-0.00895390877252
-0.00904224688569
0.0
0.0
0.0
0.0
0.208524403626
0.208524403626
0.208524403626
0.208524403626
0.208524403626
0.208524403626
0.208524403626
0.208524403626
0.0
0.0
0.0
0.0
0.0
0.0
0.0
0.0
-0.00510561130384
-0.00278845499942
0.0
0.0
0.0
0.0
0.0
0.0
0.0
0.0
0.0
0.0
0.0
0.0
0.0
0.0
0.0
0.0
0.0
0.0
0.0
0.0
0.0
0.0
0.0
0.0
0.0
-0.0083130121878
0.0
0.0
0.0
0.0
0.0
0.0
-0.000708784741267
-0.0067898694467
0.0
0.0
0.0
0.0
0.0
0.0
0.0
0.0
0.0
0.0
0.0
0.0
0.0
0.0
0.0
0.0
0.0
0.0
0.0
0.0
0.0
0.0
0.0
0.0
0.0
0.0
0.0
0.0
0.0
0.0
0.0
0.0
0.0
0.0
0.0
0.0
0.0
0.0
0.0
0.0
0.0
0.0
0.0
0.0
0.0
0.0
0.0
0.0
0.0
0.0
0.0
0.0
0.0
0.0
0.0
0.0
0.0
0.0
0.0
0.0
0.0
0.0
0.0
0.0
0.0
0.0
0.0
0.0
0.0
0.0
0.0
0.0
0.0
0.0
0.0
0.0
0.0
0.0
0.0
0.0
0.0
0.0
0.0
0.0
0.0
0.0
0.0
0.0
0.0
0.0
0.0
0.0
0.0
0.0
0.0
0.0
0.0
0.0
0.0
0.0
0.0
0.0
0.0
0.0
0.0
0.0
0.0
0.0
0.0
0.0
0.0
0.0
0.0
0.0
0.0
0.0
0.0
0.0
0.0
0.0
0.0
0.0
0.0
0.0
0.0
0.0
0.0
0.0
0.0
0.0
0.0
0.0
0.0
0.0
0.0
0.0
0.0
0.0
0.0
0.0
0.0
0.0
0.0
0.0
0.0
0.0
0.0
0.0
0.0
0.0
0.0
0.0
0.0
0.0
0.0
0.0
0.0
0.0
0.0
0.0
0.0
0.0
0.0
0.0
0.0
0.0
0.0
5.99406660056e-05
0.00140227092269
-0.13439354431
0.0
0.0
0.0
0.0
0.0
0.0
0.0
0.0
0.0
0.0
0.0
0.0
0.0
0.0
0.0
0.0
0.0
0.0
0.00103886235616
0.0030555171384
0.00409489282276
0.00439512545529
0.0106099301055
0.0107896660257
0.0107896660257
0.0107896660257
0.0
0.0554750982699
0.0
0.0
0.0
0.0
0.0
0.0
0.00111407380761
-0.00161641559094
-0.00167176636249
-0.00373784025515
-0.00241348271111
-0.00454753124238
0.0
0.0
0.00308716480232
0.00162044153863
0.00141869161308
0.000547043086096
0.00250925122419
0.00165608333232
-0.00292159701044
0.000988913271171
0.00809265476145
0.0026401317858
-0.00293812775393
-0.00293812775393
0.00278053247478
0.00384645890617
0.00384645890617
0.00384645890617
-0.000223572054286
0.00343655818825
-0.000499403474212
0.00411198573421
6.64536378242e-05
6.64536378242e-05
6.64536378242e-05
6.64536378242e-05
-0.00284078717961
-0.00332820287531
-0.0024905302803
-0.00456080721051
-0.00174181494052
-0.00192848168634
-0.00485897786966
-0.00292781195076
0.0127867611135
0.0121809718159
-0.00782756025723
0.00780027161754
-0.00176923696235
-0.00187019642136
-0.00366925977396
-0.00194160450221
0.00228366187286
-0.00084080301181
0.0
0.0
0.0
0.0
0.0
0.0
-0.0126308859387
0.00205224192408
0.0122200983232
-0.000349156787053
0.0
0.0
0.0
0.0
-0.00084080301181
0.000782523291376
0.0
0.0
0.0
0.0
0.0
0.0
0.0
0.0
0.0
0.0
0.0
0.0
0.0
0.0
0.0
0.0
0.0
0.0
0.0
0.0
0.0
0.0
0.0
0.0
0.0
0.0
0.0
0.0
0.0
0.0
-0.00543119499447
-0.000819979262106
-0.00543119499447
0.0
0.0
0.0
0.0
0.0
0.0
0.0
0.0
0.0
0.0
0.0
0.0
0.0
0.0
0.0
0.0
0.0
0.0
0.0
0.0
0.0
0.0
0.0
0.0
0.0
0.0
0.0
0.00394369873667
-0.00675147465952
0.0
0.0
0.0
0.0
0.0
0.0
0.0
0.0
0.0
0.0
0.0
0.0
0.0
0.0
0.0
0.0
-0.0661350710545
-0.0600313672446
-0.0460581010198
-0.0307770811445
-0.00732719680717
-0.00354852435791
0.0
0.0
0.00562944380827
0.00115208166261
0.00292172941088
0.00258642165831
0.0095792208354
0.152582288357
-0.00952966542084
0.0
-0.00219619645891
-0.00802496292294
-0.00258409697764
-0.00185967929152
-0.00131335049083
0.00384645890617
-0.00185967929152
0.0
0.000710570130532
0.00222400599281
-0.000649262636451
0.000577587479282
0.0
0.0
0.0
0.0
-0.0012541831992
-0.00029293012932
-0.000959072018492
0.0
0.0
0.0
0.0
0.0
-0.00952966542084
-0.0103105613597
0.049004009536
0.0486180736204
0.157777286179
-0.00892426842721
-0.00892426842721
-0.00892426842721
-0.00952966542084
-0.00952966542084
-0.00928726581022
-0.00878851090259
0.0
0.0
0.0
0.0
0.0
0.0
0.0
0.0
0.0
0.0
0.0
0.0
0.0
0.0
0.0
0.0
0.0
0.0
0.0
0.0
0.0
0.0
0.0
0.0
0.0
0.0
0.0
0.0
0.0
0.0
0.0
0.0
0.0
0.0
0.0
0.0
0.0
0.0
0.0
0.0
0.0
0.0
0.0
0.0
0.0
0.0
0.0
0.0
0.0
0.0
0.0
0.0
0.0
0.0
0.0
0.0
0.0
0.0
0.0
0.0
0.0
0.0
0.0
0.0
0.0
0.0
0.0
0.0
0.0
0.0
0.0
0.0
0.0
0.0
0.0
0.0
0.0
0.0
0.0
0.0
0.0
0.0
0.0
0.0
0.0
0.0
0.0
0.0
0.0
0.0
0.0
0.0
0.0054181562454
0.0
0.0203636737896
0.0203636737896
0.0
0.0487673672716
0.0
0.00743777551
0.00202738525642
0.0203636737896
0.0054181562454
0.0487673672716
0.0
0.0054181562454
0.0487673672716
0.0
0.0458626992036
0.00560424808416
0.0137581198197
0.0348087526469
0.0289204463727
0.00798437821024
0.0135089043243
-0.0412203279026
0.0196070598012
-0.0627335463742
0.00738481351586
-0.020481284975
0.0
0.007873732929
-0.020481284975
0.0
0.0
0.0
0.0
0.0
0.0
0.0
-0.13439354431
-0.105630107362
0.00115565987881
0.0
0.0
0.0
0.0
0.0
0.0
0.0
-0.00323402555384
0.046101053884
-0.00238536480829
0.0
0.0
0.0
0.0
0.0
0.0
0.0
0.0
0.0
0.0
0.0
0.0
0.0
0.0
0.0
0.0
0.0
0.0
0.0
0.0
0.0
0.0
0.0
0.0
0.0
0.0
0.0
0.0
0.0
0.0
0.0
0.0
0.0
0.0
0.0
0.0
0.0
0.0
0.0
0.0
0.0
0.0
0.0
0.0
0.0
0.0
0.0
0.0
0.0
0.0
0.0
0.0
0.0
0.0
0.0
0.0
0.0
0.0
0.0
0.0
0.0
0.0
0.0
0.0
0.0
0.0
0.0
0.0
0.0
0.0
0.0
0.0
0.0
0.0
0.0
0.0
0.0
0.0
0.0
0.0
0.0
0.0
0.0
0.0
0.0
0.0
0.0
0.0
0.0
0.0
0.0
0.0
0.0
0.0
0.0
0.0
0.0
0.0
0.0
0.0
0.0
0.0
0.0
0.0
0.0
0.0
0.0
0.0
0.0
0.0
0.0
0.0
0.0
0.0
0.0
0.0
0.0
0.0
0.0
0.0
0.0
0.0
0.0
0.0
0.0
0.0
0.0
0.0
0.0
0.0
0.0
0.0
0.0
0.0
0.0
0.0
0.0
0.0
0.0
0.0
0.0
0.0
0.0
0.0
0.0
0.0
0.0
0.0
0.0
0.0
0.0
0.0
0.0
0.0
0.0
0.0
0.0
-0.0696361532971
0.0582716565362
0.0
0.0582716565362
-0.0696361532971
0.0
-0.0696361532971
0.0
0.0
0.0
0.0
0.0
0.0
0.0
0.0
0.0
0.0
-0.0265784110672
0.0
0.0
0.0
0.0
0.00116544760918
-0.00382845904311
0.0
0.0148928840858
0.0
0.0
0.0
0.0
0.0
0.0
0.0
0.0
0.0
0.0
0.0
0.0
0.0
0.0
0.0
0.0
0.0
0.0
0.0
0.0
0.0
0.0
0.0
0.0
0.0
0.0
0.0
0.0
0.0
0.0
0.0
0.0
0.0
0.0
0.0
0.0
0.0
0.0
0.000754722699978
0.00530899406386
0.0
0.0
0.00503202384568
0.0
-0.00204860538591
-0.005885828683
0.0
-0.00413196661748
0.0
0.0
0.0
0.0
0.0
0.0
-0.00150903243492
0.0242137159304
-0.00262958147403
-0.0696018780101
0.000259902267828
0.0242137159304
-0.0276693793648
-0.0696018780101
0.0
0.0
0.0
0.0
0.0
0.0
0.0
0.0
0.0
0.0
-0.13439354431
-0.0272713132855
0.0
0.0
0.0
-0.0272713132855
0.0
0.0
0.0
0.0
0.0
0.0
0.0
0.0
0.0
0.0
0.0
-0.13439354431
-0.0272713132855
0.0
0.0
0.0
0.0
0.0
-0.0272713132855
-0.0272713132855
0.0
-0.0272713132855
0.0
0.0
0.0
0.0
0.0
0.0
0.0
0.0
0.0
0.0
0.0
0.0
0.0
0.0
0.0
0.0
0.0
0.0
0.0
0.0
0.0
0.0
0.0
0.0
0.0
0.0
0.0
0.0
0.0
0.0
0.0
0.0
0.0
0.0
0.002001815646
0.0016504508849
0.00192028915949
0.00181796296723
0.0107237009578
0.0333786464139
0.00131382655037
0.00156396271589
0.0
0.0
0.0
1.44289231589e-05
0.00101861396383
-0.0016535931063
0.00271352712514
0.0
0.0
0.0
0.0
0.0
0.0
0.0
0.0
0.0
0.0
0.0
0.0
0.0
0.0
0.0
0.0
0.0
0.0
0.0
0.0
0.0
0.0
0.0
0.0
0.0
0.0
0.0
0.0
0.0
-0.00561849052108
-0.00307967291682
0.013716048522
0.0
0.0
0.0
0.0
0.0
0.0
0.0
0.0
0.0
0.0
0.0
0.0
0.0
0.0
0.0
0.0
0.0
0.0
0.0
0.0
0.0
0.0
0.0
0.0
0.0
0.0
0.0
0.0
-0.00311663982978
0.0
0.0
0.0
0.0
0.0148928840858
0.0148928840858
0.0342158271456
0.023602030271
0.0107339424516
0.00774575097171
0.0528660913497
0.0427770668769
0.0
0.00174172880286
0.0264197606695
0.00307926929538
0.124844283844
0.0
0.0
0.0
0.0187781664443
-0.0696018780101
-0.0696018780101
0.0
0.0
0.0
0.0
0.0
-0.00390543787157
-0.00482290811299
-0.00635203869552
-0.00533450488148
0.0
0.0
0.0
0.0
-0.00907738316796
-0.00907738316796
-0.00907738316796
-0.00907738316796
-0.00907738316796
-0.00907738316796
-0.00907738316796
-0.00907738316796
0.0
0.0
0.0
0.0
0.0
0.0
0.0
0.0
-0.00528657841304
-0.00430867313063
-0.00278845499942
0.0
0.0
0.0
0.0
0.0
0.0
0.0
0.0
0.0
0.0
0.0
0.0
0.0
0.0
0.0
0.0
0.0
0.0
0.0
0.0
0.0
0.0
0.0
0.0
-0.00545054241035
0.0
0.0
0.0
0.0
0.0
0.0
-0.00167001632062
-0.00643666185014
0.0
0.0
0.0
0.0
0.0
0.0
0.0
0.0
0.0
0.0
0.0
0.0
0.0
0.0
0.0
0.0
0.0
0.0
0.0
0.0
0.0
0.0
0.0
0.0
0.0
0.0
0.0
0.0
0.0
0.00384645890617
0.0
0.0
0.0
0.0
0.0
0.0
0.0
0.00384645890617
0.0
0.0
0.0
0.0
0.0
0.0
0.0
0.0
0.0
0.0
0.0
0.0
0.0
0.0
0.0
0.0
0.0
0.0
0.0
0.0
0.0
0.0
0.0
0.0
0.0
0.0
0.0
0.0
0.0
0.0
0.0
0.0
0.0
0.0
0.0
0.0
0.0
0.0
0.0
0.0
0.0
0.0
0.0
0.0
0.0
0.0
0.0
0.0
0.0
0.0
0.0
0.0
0.0
0.0
0.0
0.0
0.0
0.0
0.0
0.0
0.0
0.0
0.0
0.0
0.0
0.0
0.0
0.0
0.0
0.0
0.0
0.0
0.0
0.0
0.0
0.0
0.0
0.0
0.0
0.0
0.0
0.0
0.0
0.0
0.0
0.0
0.0
0.0
0.0
0.0
0.0
0.0
0.0
0.0
0.0
0.0
0.0
0.0
0.0
0.0
0.0
0.0
0.0
0.0
0.0
0.0
0.0
0.0
0.0
0.0
0.0
0.0
0.0
0.0
0.0
0.0
0.0
0.0
0.0
0.0
0.0
0.0
0.0
0.0
0.0
0.0
0.0
0.0
0.0
-8.50315464925e-05
0.00434805109346
0.0035838976951
0.0
0.0
0.0
0.0
0.0
0.0
0.0
0.0
0.0
0.0
0.0
0.0
0.0
0.0
0.0
0.0
0.0
0.0
0.000427416780084
-0.000273808149613
0.065639772593
0.107390077329
-0.00102200659292
0.189890729889
0.189890729889
0.189890729889
0.0
0.04443241785
0.0
0.0
0.0
0.0
0.0
0.0
-0.000754971754521
-0.00118800662695
-0.00250949712446
-0.0052364142768
-0.00573199742942
-0.00640475784934
0.0
0.0
0.00158226189689
0.00707421273114
0.0182018571631
0.0297219887082
0.0421217118222
0.0246505753439
0.0691071218042
0.0173277560433
0.00945041002602
-0.00249086385135
0.00272306717107
0.00272306717107
-0.00293812775393
-0.000959072018492
-0.000959072018492
-0.000959072018492
-0.0189642575178
-0.0219993603029
-0.0164872595414
-0.0218214360399
-0.00891095742379
-0.00891095742379
-0.00891095742379
-0.00891095742379
-0.00501902572235
-0.00237737740715
-0.00292326812883
-0.00680086897722
-0.00727147515642
-0.00680269947224
-0.00331736061421
-0.00299433371533
0.00616811220414
-0.00509467614431
-0.028678304588
0.013803818756
-0.0360127555878
-0.0360127555878
-0.0332352525658
-0.0358671863349
-0.0328356815766
0.000605594983509
0.0
0.0
0.0
0.0
0.0
0.0
0.0122176167824
-0.000157992760411
-0.0135704155704
0.0
0.0
0.0
0.0
0.0
0.000605594983509
-0.0370397388938
0.0
0.0
0.0
0.0
0.0
0.0
0.0
0.0
0.0
0.0
0.0
0.0
0.0
0.0
0.0
0.0
0.0
0.0
0.0
0.0
0.0
0.0
0.0
0.0
0.0
0.0
0.0
0.0
0.0
0.0
0.0
-0.00543119499447
0.0
0.0
0.0
0.0
0.0
0.0
0.0
0.0
0.0
0.0
0.0
0.0
0.0
0.0
0.0
0.0
0.0
0.0
0.0
0.0
0.0
0.0
0.0
0.0
0.0
0.0
0.0
0.0
-0.00749417514954
0.00356942385879
0.0
0.0
0.0
0.0
0.0
0.0
0.0
0.0
0.0
0.0
0.0
0.0
0.0
0.0
0.0
0.0
-0.082147047543
-0.0559272036249
-0.0318256231174
-0.00813752465872
-0.00354852435791
0.0
0.0
0.0
0.000970935623164
0.0191177780416
0.0079486993302
0.0508113910377
0.000577587479282
-0.000181891918929
-0.0348602370005
0.0
-0.00249501557102
-0.00258409697764
-0.00878549539996
0.00335702882885
0.00384645890617
-0.00131335049083
0.00335702882885
0.0
0.0066661578649
0.00843918641167
-0.000308721674789
-0.000742894924433
0.0
0.0
0.0
0.0
-0.000876062061824
-0.00063813638751
-0.000146911816212
0.0
0.0
0.0
0.0
0.0
-0.00235963821746
0.110219823394
0.00199829246783
0.00189875868602
-0.00126116216703
-0.00232340475587
-0.00232340475587
-0.00232340475587
-0.00241957533355
-0.00241957533355
-0.00241254578606
-0.00241096336756
0.0
0.0
0.0
0.0
0.0
0.0
0.0
0.0
0.0
0.0
0.0
0.0
0.0
0.0
0.0
0.0
0.0
0.0
0.0
0.0
0.0
0.0
0.0
0.0
0.0
0.0
0.0
0.0
0.0
0.0
0.0
0.0
0.0
0.0
0.0
0.0
0.0
0.0
0.0
0.0
0.0
0.0
0.0
0.0
0.0
0.0
0.0
0.0
0.0
0.0
0.0
0.0
0.0
0.0
0.0
0.0
0.0
0.0
0.0
0.0
0.0
0.0
0.0
0.0
0.0
0.0
0.0
0.0
0.0
0.0
0.0
0.0
0.0
0.0
0.0
0.0
0.0
0.0
0.0
0.0
0.0
0.0
0.0
0.0
0.0
0.0
0.0
0.0
0.0
0.0
0.0
0.0
0.0513290399328
0.0
0.00743777551
0.00743777551
0.0
0.00202738525642
0.0
0.0198778351487
0.0476969542874
0.00743777551
0.0513290399328
0.00202738525642
0.0
0.0513290399328
0.00202738525642
0.0
0.0087581680009
0.0131638434915
-0.0160302285956
0.00379681909598
0.00152851155098
0.0584267596421
0.0348001081955
0.00707146007273
0.00754852314304
0.054305581736
0.0473604168547
0.007873732929
0.0
-0.0252394973523
0.007873732929
0.0
