1.0
1.0
1.0
1.0
1.0
1.0
0.169789795367
0.131012915274
0.125933436974
1.0
1.0
1.0
1.0
1.0
1.0
1.0
0.135518479004
0.127033096322
0.100577811865
1.0
1.0
1.0
1.0
1.0
1.0
1.0
1.0
1.0
1.0
1.0
1.0
1.0
1.0
1.0
1.0
1.0
1.0
1.0
1.0
1.0
1.0
1.0
1.0
1.0
1.0
1.0
1.0
1.0
1.0
1.0
1.0
1.0
1.0
1.0
1.0
1.0
1.0
1.0
1.0
1.0
1.0
1.0
1.0
1.0
1.0
1.0
1.0
1.0
1.0
1.0
1.0
1.0
1.0
1.0
1.0
1.0
1.0
1.0
1.0
1.0
1.0
1.0
1.0
1.0
1.0
1.0
1.0
1.0
1.0
1.0
1.0
1.0
1.0
1.0
1.0
1.0
1.0
1.0
1.0
1.0
1.0
1.0
1.0
1.0
1.0
1.0
1.0
1.0
1.0
1.0
1.0
1.0
1.0
1.0
1.0
1.0
1.0
1.0
1.0
1.0
1.0
1.0
1.0
1.0
1.0
1.0
1.0
1.0
1.0
1.0
1.0
1.0
1.0
1.0
1.0
1.0
1.0
1.0
1.0
1.0
1.0
1.0
1.0
1.0
1.0
1.0
1.0
1.0
1.0
1.0
1.0
1.0
1.0
1.0
1.0
1.0
1.0
1.0
1.0
1.0
1.0
1.0
1.0
1.0
1.0
1.0
1.0
1.0
1.0
1.0
1.0
1.0
1.0
1.0
1.0
1.0
0.102135124727
0.100577811865
1.0
0.100577811865
0.102135124727
1.0
0.102135124727
1.0
1.0
1.0
1.0
1.0
1.0
1.0
1.0
1.0
1.0
0.120730259662
1.0
1.0
1.0
1.0
0.00295176667389
0.147166226435
0.0114314458845
1.0
0.0114314458845
0.0114314458845
1.0
0.0114314458845
1.0
1.0
1.0
1.0
1.0
1.0
1.0
1.0
1.0
1.0
1.0
1.0
1.0
1.0
1.0
1.0
1.0
1.0
1.0
1.0
1.0
1.0
1.0
1.0
1.0
1.0
1.0
1.0
1.0
1.0
1.0
1.0
1.0
1.0
0.0484456019188
0.0373113511687
1.0
1.0
0.0698667103125
1.0
0.0141548188166
0.0908859041119
1.0
0.0125223578661
1.0
1.0
1.0
1.0
1.0
1.0
0.131653048405
0.105218121184
0.0999392596559
0.111497861519
0.108601684124
0.105218121184
0.142238370046
0.111497861519
1.0
1.0
1.0
1.0
1.0
1.0
1.0
1.0
1.0
1.0
0.163504889104
0.180167779088
1.0
1.0
1.0
0.180167779088
1.0
1.0
1.0
1.0
1.0
1.0
1.0
1.0
1.0
1.0
1.0
0.163504889104
0.180167779088
1.0
1.0
1.0
1.0
1.0
0.180167779088
0.180167779088
1.0
0.180167779088
1.0
1.0
1.0
1.0
1.0
1.0
1.0
1.0
1.0
1.0
1.0
1.0
1.0
1.0
1.0
1.0
1.0
1.0
1.0
1.0
1.0
1.0
1.0
1.0
1.0
1.0
1.0
1.0
1.0
1.0
1.0
1.0
1.0
1.0
0.0258930700659
0.033246456213
0.0429388463338
0.0755002418214
0.12174125131
0.136750178449
0.112709763164
0.0708475694986
1.0
1.0
1.0
0.00295176667389
0.0289093165961
0.132099159149
0.09933941927
1.0
1.0
1.0
1.0
1.0
1.0
1.0
1.0
1.0
1.0
1.0
1.0
1.0
1.0
1.0
1.0
1.0
1.0
1.0
1.0
1.0
1.0
1.0
1.0
1.0
1.0
1.0
1.0
1.0
0.155533225742
0.131716877933
0.0946242323497
1.0
1.0
1.0
1.0
1.0
1.0
1.0
1.0
1.0
1.0
1.0
1.0
1.0
1.0
1.0
1.0
1.0
1.0
1.0
1.0
1.0
1.0
1.0
1.0
1.0
1.0
1.0
1.0
0.0862879866972
1.0
1.0
1.0
1.0
0.0125223578661
0.0125223578661
0.12573239497
0.132575344601
0.135642192547
0.132226322245
0.133459335889
0.130755919519
1.0
0.00295176667389
0.101590797674
0.0051125653045
0.104323643259
1.0
1.0
1.0
0.0906499112915
0.111497861519
0.111497861519
1.0
1.0
1.0
1.0
1.0
0.10533947994
0.144046341543
0.140613331134
0.112181252436
1.0
1.0
1.0
1.0
0.107340990912
0.107340990912
0.107340990912
0.107340990912
0.107340990912
0.107340990912
0.107340990912
0.107340990912
1.0
1.0
1.0
1.0
1.0
1.0
1.0
1.0
0.06592540568
0.0418120363794
1.0
1.0
1.0
1.0
1.0
1.0
1.0
1.0
1.0
1.0
1.0
1.0
1.0
1.0
1.0
1.0
1.0
1.0
1.0
1.0
1.0
1.0
1.0
1.0
1.0
0.151865072632
1.0
1.0
1.0
1.0
1.0
1.0
0.00933393981628
0.142209004042
1.0
1.0
1.0
1.0
1.0
1.0
1.0
1.0
1.0
1.0
1.0
1.0
1.0
1.0
1.0
1.0
1.0
1.0
1.0
1.0
1.0
1.0
1.0
1.0
1.0
1.0
1.0
1.0
1.0
1.0
1.0
1.0
1.0
1.0
1.0
1.0
1.0
1.0
1.0
1.0
1.0
1.0
1.0
1.0
1.0
1.0
1.0
1.0
1.0
1.0
1.0
1.0
1.0
1.0
1.0
1.0
1.0
1.0
1.0
1.0
1.0
1.0
1.0
1.0
1.0
1.0
1.0
1.0
1.0
1.0
1.0
1.0
1.0
1.0
1.0
1.0
1.0
1.0
1.0
1.0
1.0
1.0
1.0
1.0
1.0
1.0
1.0
1.0
1.0
1.0
1.0
1.0
1.0
1.0
1.0
1.0
1.0
1.0
1.0
1.0
1.0
1.0
1.0
1.0
1.0
1.0
1.0
1.0
1.0
1.0
1.0
1.0
1.0
1.0
1.0
1.0
1.0
1.0
1.0
1.0
1.0
1.0
1.0
1.0
1.0
1.0
1.0
1.0
1.0
1.0
1.0
1.0
1.0
1.0
1.0
1.0
1.0
1.0
1.0
1.0
1.0
1.0
1.0
1.0
1.0
1.0
1.0
1.0
1.0
1.0
1.0
1.0
1.0
1.0
1.0
1.0
1.0
1.0
1.0
1.0
1.0
1.0
1.0
1.0
1.0
1.0
1.0
0.0102247296785
0.178193000006
0.180167779088
1.0
1.0
1.0
1.0
1.0
1.0
1.0
1.0
1.0
1.0
1.0
1.0
1.0
1.0
1.0
1.0
1.0
1.0
0.0319120990007
0.0418120363794
0.0590792567195
0.0782441433221
0.10682437666
0.111383533918
0.111383533918
0.111383533918
1.0
0.0824713225425
1.0
1.0
1.0
1.0
1.0
1.0
0.0459649518472
0.06592540568
0.109576015318
0.130143371058
0.120238962298
0.0652670068315
1.0
1.0
0.0243337857029
0.0403320806598
0.0552169436802
0.0702361701698
0.103626924901
0.128614670655
0.0910742430797
0.09933941927
0.0875711394352
0.100705016081
0.111497861519
0.111497861519
0.0999392596559
0.0125223578661
0.0125223578661
0.0125223578661
0.11357240728
0.127859444874
0.0870306479488
0.124789626937
0.0429388463338
0.0429388463338
0.0429388463338
0.0429388463338
0.123600377845
0.134991331196
0.122983991721
0.14013674656
0.106864209147
0.118287894692
0.135611275582
0.130207995456
0.1392984644
0.120590105823
0.136289700057
0.0865362705581
0.139418553724
0.139418553724
0.139358523087
0.139088037576
0.0945790131057
0.054585971989
1.0
1.0
1.0
1.0
1.0
1.0
0.0549023753434
0.0141548188166
0.0555297081848
0.0121695974127
1.0
1.0
1.0
1.0
0.054585971989
0.0847318900276
1.0
1.0
1.0
1.0
1.0
1.0
1.0
1.0
1.0
1.0
1.0
1.0
1.0
1.0
1.0
1.0
1.0
1.0
1.0
1.0
1.0
1.0
1.0
1.0
1.0
1.0
1.0
1.0
1.0
1.0
0.0510594579589
0.0250388223185
0.0510594579589
1.0
1.0
1.0
1.0
1.0
1.0
1.0
1.0
1.0
1.0
1.0
1.0
1.0
1.0
1.0
1.0
1.0
1.0
1.0
1.0
1.0
1.0
1.0
1.0
1.0
1.0
1.0
0.135858398659
0.135301686512
1.0
1.0
1.0
1.0
1.0
1.0
1.0
1.0
1.0
1.0
1.0
1.0
1.0
1.0
1.0
1.0
0.0859890706378
0.0706036580097
0.0516501374163
0.0305192085621
0.00660023591679
0.00295176667389
1.0
1.0
0.0169542445032
0.0338938571283
0.0566106088657
0.0587119821547
0.0164325931961
0.128286896383
0.111497861519
1.0
0.0903658786699
0.10444608931
0.104690532196
0.0265566396203
0.0114314458845
0.0125223578661
0.0265566396203
1.0
0.0533825570806
0.0976482044439
0.0216859576241
0.0125223578661
1.0
1.0
1.0
1.0
0.0417080786689
0.0208676862553
0.0125223578661
1.0
1.0
1.0
1.0
1.0
0.111497861519
0.122122404755
0.0933953430677
0.0961485639457
0.101001176592
0.110579758093
0.110579758093
0.110579758093
0.111497861519
0.111497861519
0.108914465832
0.109614799424
1.0
1.0
1.0
1.0
1.0
1.0
1.0
1.0
1.0
1.0
1.0
1.0
1.0
1.0
1.0
1.0
1.0
1.0
1.0
1.0
1.0
1.0
1.0
1.0
1.0
1.0
1.0
1.0
1.0
1.0
1.0
1.0
1.0
1.0
1.0
1.0
1.0
1.0
1.0
1.0
1.0
1.0
1.0
1.0
1.0
1.0
1.0
1.0
1.0
1.0
1.0
1.0
1.0
1.0
1.0
1.0
1.0
1.0
1.0
1.0
1.0
1.0
1.0
1.0
1.0
1.0
1.0
1.0
1.0
1.0
1.0
1.0
1.0
1.0
1.0
1.0
1.0
1.0
1.0
1.0
1.0
1.0
1.0
1.0
1.0
1.0
1.0
1.0
1.0
1.0
1.0
1.0
0.131461360009
1.0
0.111764147343
0.111764147343
1.0
0.119957261841
1.0
0.114465252561
0.124755816062
0.111764147343
0.131461360009
0.119957261841
1.0
0.131461360009
0.119957261841
1.0
0.119178942148
0.12746351261
0.126800686641
0.125329278067
0.117605913783
0.131397397113
0.124958534976
0.121254304547
0.127132561452
0.10969232442
0.127033096322
0.122226136365
1.0
0.134430743735
0.122226136365
1.0
1.0
1.0
1.0
1.0
1.0
1.0
0.180167779088
0.125933436974
0.125899953775
1.0
1.0
1.0
1.0
1.0
1.0
1.0
0.130111045946
0.13216275714
0.104201046764
1.0
1.0
1.0
1.0
1.0
1.0
1.0
1.0
1.0
1.0
1.0
1.0
1.0
1.0
1.0
1.0
1.0
1.0
1.0
1.0
1.0
1.0
1.0
1.0
1.0
1.0
1.0
1.0
1.0
1.0
1.0
1.0
1.0
1.0
1.0
1.0
1.0
1.0
1.0
1.0
1.0
1.0
1.0
1.0
1.0
1.0
1.0
1.0
1.0
1.0
1.0
1.0
1.0
1.0
1.0
1.0
1.0
1.0
1.0
1.0
1.0
1.0
1.0
1.0
1.0
1.0
1.0
1.0
1.0
1.0
1.0
1.0
1.0
1.0
1.0
1.0
1.0
1.0
1.0
1.0
1.0
1.0
1.0
1.0
1.0
1.0
1.0
1.0
1.0
1.0
1.0
1.0
1.0
1.0
1.0
1.0
1.0
1.0
1.0
1.0
1.0
1.0
1.0
1.0
1.0
1.0
1.0
1.0
1.0
1.0
1.0
1.0
1.0
1.0
1.0
1.0
1.0
1.0
1.0
1.0
1.0
1.0
1.0
1.0
1.0
1.0
1.0
1.0
1.0
1.0
1.0
1.0
1.0
1.0
1.0
1.0
1.0
1.0
1.0
1.0
1.0
1.0
1.0
1.0
1.0
1.0
1.0
1.0
1.0
1.0
1.0
1.0
1.0
1.0
1.0
1.0
1.0
0.102135124727
0.102135124727
1.0
0.102135124727
0.102135124727
1.0
0.102135124727
1.0
1.0
1.0
1.0
1.0
1.0
1.0
1.0
1.0
1.0
0.124315382296
1.0
1.0
1.0
1.0
0.00780943640671
0.147392366463
1.0
0.0114314458845
1.0
1.0
1.0
1.0
1.0
1.0
1.0
1.0
1.0
1.0
1.0
1.0
1.0
1.0
1.0
1.0
1.0
1.0
1.0
1.0
1.0
1.0
1.0
1.0
1.0
1.0
1.0
1.0
1.0
1.0
1.0
1.0
1.0
1.0
1.0
1.0
1.0
1.0
0.0495953587907
0.0420191747962
1.0
1.0
0.0753860731077
1.0
0.0141548188166
0.0927514965346
1.0
0.0114314458845
1.0
1.0
1.0
1.0
1.0
1.0
0.142238370046
0.109769791898
0.111497861519
0.101506784755
0.105218121184
0.109769791898
0.143232916556
0.101506784755
1.0
1.0
1.0
1.0
1.0
1.0
1.0
1.0
1.0
1.0
0.180167779088
0.17842126169
1.0
1.0
1.0
0.17842126169
1.0
1.0
1.0
1.0
1.0
1.0
1.0
1.0
1.0
1.0
1.0
0.180167779088
0.17842126169
1.0
1.0
1.0
1.0
1.0
0.17842126169
0.17842126169
1.0
0.17842126169
1.0
1.0
1.0
1.0
1.0
1.0
1.0
1.0
1.0
1.0
1.0
1.0
1.0
1.0
1.0
1.0
1.0
1.0
1.0
1.0
1.0
1.0
1.0
1.0
1.0
1.0
1.0
1.0
1.0
1.0
1.0
1.0
1.0
1.0
0.0297982618929
0.0337653744928
0.0488910470856
0.0830941156266
0.123634525581
0.137117358056
0.117641911886
0.0727688345665
1.0
1.0
1.0
0.0051125653045
0.0355216723623
0.138666145479
0.106024433994
1.0
1.0
1.0
1.0
1.0
1.0
1.0
1.0
1.0
1.0
1.0
1.0
1.0
1.0
1.0
1.0
1.0
1.0
1.0
1.0
1.0
1.0
1.0
1.0
1.0
1.0
1.0
1.0
1.0
0.164233279335
0.130595021459
0.094125581498
1.0
1.0
1.0
1.0
1.0
1.0
1.0
1.0
1.0
1.0
1.0
1.0
1.0
1.0
1.0
1.0
1.0
1.0
1.0
1.0
1.0
1.0
1.0
1.0
1.0
1.0
1.0
1.0
0.0906971606539
1.0
1.0
1.0
1.0
0.0114314458845
0.0114314458845
0.126334496304
0.138121660951
0.139118119675
0.136443379437
0.134960253317
0.134305826112
1.0
0.00660023591679
0.103832349295
0.00834860231762
0.10533947994
1.0
1.0
1.0
0.0976044390795
0.101506784755
0.101506784755
1.0
1.0
1.0
1.0
1.0
0.105622082948
0.144969878784
0.141384061587
0.113160703093
1.0
1.0
1.0
1.0
0.114316955839
0.114316955839
0.114316955839
0.114316955839
0.114316955839
0.114316955839
0.114316955839
0.114316955839
1.0
1.0
1.0
1.0
1.0
1.0
1.0
1.0
0.0757848936085
0.0510594579589
0.0418120363794
1.0
1.0
1.0
1.0
1.0
1.0
1.0
1.0
1.0
1.0
1.0
1.0
1.0
1.0
1.0
1.0
1.0
1.0
1.0
1.0
1.0
1.0
1.0
1.0
0.158274949289
1.0
1.0
1.0
1.0
1.0
1.0
0.0292086482966
0.157305602964
1.0
1.0
1.0
1.0
1.0
1.0
1.0
1.0
1.0
1.0
1.0
1.0
1.0
1.0
1.0
1.0
1.0
1.0
1.0
1.0
1.0
1.0
1.0
1.0
1.0
1.0
1.0
1.0
1.0
0.0125223578661
1.0
1.0
1.0
1.0
1.0
1.0
1.0
0.0125223578661
1.0
1.0
1.0
1.0
1.0
1.0
1.0
1.0
1.0
1.0
1.0
1.0
1.0
1.0
1.0
1.0
1.0
1.0
1.0
1.0
1.0
1.0
1.0
1.0
1.0
1.0
1.0
1.0
1.0
1.0
1.0
1.0
1.0
1.0
1.0
1.0
1.0
1.0
1.0
1.0
1.0
1.0
1.0
1.0
1.0
1.0
1.0
1.0
1.0
1.0
1.0
1.0
1.0
1.0
1.0
1.0
1.0
1.0
1.0
1.0
1.0
1.0
1.0
1.0
1.0
1.0
1.0
1.0
1.0
1.0
1.0
1.0
1.0
1.0
1.0
1.0
1.0
1.0
1.0
1.0
1.0
1.0
1.0
1.0
1.0
1.0
1.0
1.0
1.0
1.0
1.0
1.0
1.0
1.0
1.0
1.0
1.0
1.0
1.0
1.0
1.0
1.0
1.0
1.0
1.0
1.0
1.0
1.0
1.0
1.0
1.0
1.0
1.0
1.0
1.0
1.0
1.0
1.0
1.0
1.0
1.0
1.0
1.0
1.0
1.0
1.0
1.0
1.0
1.0
0.0102247296785
0.177437349504
0.179964644556
1.0
1.0
1.0
1.0
1.0
1.0
1.0
1.0
1.0
1.0
1.0
1.0
1.0
1.0
1.0
1.0
1.0
1.0
0.0357654984176
0.0470837461425
0.0661868992783
0.0855386781038
0.115203714615
0.119533390185
0.119533390185
0.119533390185
1.0
0.0800378033138
1.0
1.0
1.0
1.0
1.0
1.0
0.0459649518472
0.0661216245516
0.109847201978
0.130723756912
0.120695237404
0.0654652339412
1.0
1.0
0.0290593691707
0.0404396001971
0.0556076210328
0.0707866720274
0.104690532196
0.129495224321
0.0921959210289
0.0996398095173
0.0906971606538
0.112181252436
0.101506784755
0.101506784755
0.111497861519
0.0125223578661
0.0125223578661
0.0125223578661
0.110963272248
0.125698854594
0.0847825459212
0.122777797503
0.0416038593702
0.0416038593702
0.0416038593702
0.0416038593702
0.123634525581
0.135146604964
0.123463686305
0.140672780964
0.107578551289
0.119178942148
0.136012604435
0.13046614967
0.138635957094
0.130111045946
0.13449315565
0.0877179500377
0.137331056035
0.137331056035
0.137483477519
0.136995083067
0.0983456965547
0.0551384719082
1.0
1.0
1.0
1.0
1.0
1.0
0.0556076210328
0.0128654436392
0.0531385652184
1.0
1.0
1.0
1.0
1.0
0.0551384719082
0.0892204001919
1.0
1.0
1.0
1.0
1.0
1.0
1.0
1.0
1.0
1.0
1.0
1.0
1.0
1.0
1.0
1.0
1.0
1.0
1.0
1.0
1.0
1.0
1.0
1.0
1.0
1.0
1.0
1.0
1.0
1.0
1.0
0.0510594579589
1.0
1.0
1.0
1.0
1.0
1.0
1.0
1.0
1.0
1.0
1.0
1.0
1.0
1.0
1.0
1.0
1.0
1.0
1.0
1.0
1.0
1.0
1.0
1.0
1.0
1.0
1.0
1.0
0.139778150516
0.141236199054
1.0
1.0
1.0
1.0
1.0
1.0
1.0
1.0
1.0
1.0
1.0
1.0
1.0
1.0
1.0
1.0
0.0927053302491
0.0603826908871
0.0313623962107
0.00723016469316
0.00295176667389
1.0
1.0
1.0
0.0181929785471
0.0378890297308
0.0568395221759
0.0663172525523
0.0125223578661
0.134804748006
0.102883848249
1.0
0.0923351393992
0.104690532196
0.109576015318
0.0102247296785
0.0125223578661
0.0114314458845
0.0102247296785
1.0
0.0534636374164
0.0977356740486
0.0216859576241
0.0125223578661
1.0
1.0
1.0
1.0
0.0417080786689
0.0208676862553
0.0125223578661
1.0
1.0
1.0
1.0
1.0
0.111574011435
0.123668663274
0.0955239551984
0.0981718066703
0.102051579262
0.110694959056
0.110694959056
0.110694959056
0.111612065889
0.111612065889
0.10907050362
0.109769791898
1.0
1.0
1.0
1.0
1.0
1.0
1.0
1.0
1.0
1.0
1.0
1.0
1.0
1.0
1.0
1.0
1.0
1.0
1.0
1.0
1.0
1.0
1.0
1.0
1.0
1.0
1.0
1.0
1.0
1.0
1.0
1.0
1.0
1.0
1.0
1.0
1.0
1.0
1.0
1.0
1.0
1.0
1.0
1.0
1.0
1.0
1.0
1.0
1.0
1.0
1.0
1.0
1.0
1.0
1.0
1.0
1.0
1.0
1.0
1.0
1.0
1.0
1.0
1.0
1.0
1.0
1.0
1.0
1.0
1.0
1.0
1.0
1.0
1.0
1.0
1.0
1.0
1.0
1.0
1.0
1.0
1.0
1.0
1.0
1.0
1.0
1.0
1.0
1.0
1.0
1.0
1.0
0.1321945438
1.0
0.114465252561
0.114465252561
1.0
0.124755816062
1.0
0.114539324944
0.125497411392
0.114465252561
0.1321945438
0.124755816062
1.0
0.1321945438
0.124755816062
1.0
0.131557241717
0.142502367789
0.131780674241
0.138937521186
0.120379550189
0.129072057446
0.125026030047
0.134711351893
0.133930319763
0.112596730828
0.122536770868
0.134430743735
1.0
0.132480254753
0.134430743735
1.0
