0.0
0.0
0.0
0.0
0.0
0.0
0.00995031345895
-0.0627236530449
-0.0829562573145
0.0
-2.40259201423e-16
1.11022302463e-16
-2.49800180541e-16
-6.66133814775e-16
-5.55111512313e-17
1.11022302463e-16
0.0028098728251
0.00186512228734
-0.249877342533
3.46944695195e-18
8.67361737988e-19
1.08420217249e-19
1.35525271561e-20
3.38813178902e-21
0.0
1.05879118407e-22
-1.32348898008e-23
-1.65436122511e-24
0.0
-2.58493941423e-26
-3.23117426779e-27
2.01948391737e-28
0.0
0.0
0.0
3.08148791102e-33
0.0
0.0
0.0
0.0
-3.67341984632e-40
-9.1835496158e-41
-1.83670992316e-40
2.29588740395e-40
-4.5917748079e-41
-4.5917748079e-40
2.98465362513e-40
3.61602266122e-40
1.14794370197e-40
0.0
0.0
0.0
0.0
0.0
0.0
0.0
0.0
0.0
0.0
0.0
0.0
0.0
0.0
0.0
0.0
0.0
0.0
0.0
0.0
0.0
0.0
0.0
0.0
0.0
0.0
0.0
0.0
0.0
0.0
0.0
0.0
0.0
0.0
0.0
0.0
0.0
0.0
0.0
0.0
0.0
0.0
0.0
0.0
0.0
0.0
0.0
0.0
0.0
0.0
0.0
0.0
0.0
0.0
0.0
0.0
0.0
0.0
0.0
0.0
0.0
0.0
0.0
0.0
0.0
0.0
0.0
0.0
0.0
0.0
0.0
0.0
0.0
0.0
0.0
0.0
0.0
0.0
0.0
0.0
0.0
0.0
0.0
0.0
0.0
0.0
0.0
0.0
0.0
0.0
0.0
0.0
0.0
0.0
0.0
0.0
0.0
0.0
0.0
0.0
0.0
0.0
0.0
0.0
0.0
0.0
0.0
0.0
0.0
0.0
0.0
0.0
0.0
0.0
0.0
0.0
0.0
0.0
0.0
0.0
0.0
0.0
0.0
0.0
0.0
0.0
0.0
-0.251642471434
-0.0181428546563
0.0
-0.0181428546563
-0.251642471434
0.0
-0.251642471434
0.0
0.0
0.0
0.0
0.0
0.0
0.0
0.0
0.0
0.0
-0.0857608704415
0.0
0.0
0.0
0.0
0.00020404858665
0.00203403669035
-0.0709031399925
0.0
-0.0709031399925
-0.0709031399925
0.0
-0.0709031399925
0.0
0.0
0.0
0.0
0.0
0.0
0.0
0.0
0.0
0.0
0.0
0.0
0.0
0.0
0.0
0.0
0.0
0.0
0.0
0.0
0.0
0.0
0.0
0.0
0.0
0.0
0.0
0.0
0.0
0.0
0.0
0.0
0.0
0.0
0.00364600547017
0.000880293500918
0.0
0.0
0.00139452594625
0.0
0.00114261972745
0.00602993958562
0.0
0.00188693650967
0.0
0.0
0.0
0.0
0.0
0.0
-0.0053730191077
-0.00864233173996
-0.0181208378079
0.0135196901438
0.00897209718131
-0.00864233173996
0.00309628144436
0.0135196901438
0.0
0.0
0.0
0.0
0.0
0.0
0.0
0.0
0.0
0.0
0.0159969144664
-0.103595522677
0.0
0.0
0.0
-0.103595522677
0.0
0.0
0.0
0.0
0.0
0.0
0.0
0.0
0.0
0.0
0.0
0.0159969144664
-0.103595522677
0.0
0.0
0.0
0.0
0.0
-0.103595522677
-0.103595522677
0.0
-0.103595522677
0.0
0.0
0.0
0.0
0.0
0.0
0.0
0.0
0.0
0.0
0.0
0.0
0.0
0.0
0.0
0.0
0.0
0.0
0.0
0.0
0.0
0.0
0.0
0.0
0.0
0.0
0.0
0.0
0.0
0.0
0.0
0.0
0.0
0.0
0.00213200554324
0.00211596997269
-0.00101793088953
-0.0185592226036
0.0034688993558
0.00311536361886
-0.141713656425
-0.00295633134766
0.0
0.0
0.0
0.000209195366412
0.00119145472961
-0.117055947744
-0.189864979434
0.0
0.0
0.0
0.0
0.0
0.0
0.0
0.0
0.0
0.0
0.0
0.0
0.0
0.0
0.0
0.0
0.0
0.0
0.0
0.0
0.0
0.0
0.0
0.0
0.0
0.0
0.0
0.0
0.0
-0.101002919946
-0.0809252552728
0.0041324121344
0.0
0.0
0.0
0.0
0.0
0.0
0.0
0.0
0.0
0.0
0.0
0.0
0.0
0.0
0.0
0.0
0.0
0.0
0.0
0.0
0.0
0.0
0.0
0.0
0.0
0.0
0.0
0.0
0.00320482804762
0.0
0.0
0.0
0.0
-0.0277477498376
-0.0277477498376
0.00140388934526
-0.0192015870074
0.0038820809823
0.00369268089692
0.000521592168483
-0.00346338240828
0.0
0.000220240795042
-0.000869185602204
0.000214441419927
-0.00201655586072
0.0
0.0
0.0
0.0051474237067
0.0135196901438
0.0135196901438
0.0
0.0
0.0
0.0
0.0
0.00781428129287
0.0108967050219
-0.00391548203224
-0.00980886747762
0.0
0.0
0.0
0.0
0.00388367894735
0.00388367894735
0.00388367894735
0.00388367894735
0.00388367894735
0.00388367894735
0.00388367894735
0.00388367894735
0.0
0.0
0.0
0.0
0.0
0.0
0.0
0.0
-0.00475768598129
-0.00353070278603
0.0
0.0
0.0
0.0
0.0
0.0
0.0
0.0
0.0
0.0
0.0
0.0
0.0
0.0
0.0
0.0
0.0
0.0
0.0
0.0
0.0
0.0
0.0
0.0
0.0
-0.000866505801849
0.0
0.0
0.0
0.0
0.0
0.0
6.54374910045e-05
0.00345176071242
0.0
0.0
0.0
0.0
0.0
0.0
0.0
0.0
0.0
0.0
0.0
0.0
0.0
0.0
0.0
0.0
0.0
0.0
0.0
0.0
0.0
0.0
0.0
0.0
0.0
0.0
0.0
0.0
0.0
0.0
0.0
0.0
0.0
0.0
0.0
0.0
0.0
0.0
0.0
0.0
0.0
0.0
0.0
0.0
0.0
0.0
0.0
0.0
0.0
0.0
0.0
0.0
0.0
0.0
0.0
0.0
0.0
0.0
0.0
0.0
0.0
0.0
0.0
0.0
0.0
0.0
0.0
0.0
0.0
0.0
0.0
0.0
0.0
0.0
0.0
0.0
0.0
0.0
0.0
0.0
0.0
0.0
0.0
0.0
0.0
0.0
0.0
0.0
0.0
0.0
0.0
0.0
0.0
0.0
0.0
0.0
0.0
0.0
0.0
0.0
0.0
0.0
0.0
0.0
0.0
0.0
0.0
0.0
0.0
0.0
0.0
0.0
0.0
0.0
0.0
0.0
0.0
0.0
0.0
0.0
0.0
0.0
0.0
0.0
0.0
0.0
0.0
0.0
0.0
0.0
0.0
0.0
0.0
0.0
0.0
0.0
0.0
0.0
0.0
0.0
0.0
0.0
0.0
0.0
0.0
0.0
0.0
0.0
0.0
0.0
0.0
0.0
0.0
0.0
0.0
0.0
0.0
0.0
0.0
0.0
0.0
0.0
0.0
0.0
0.0
0.0
0.0
0.000728001381227
0.011595564121
-0.103595522677
0.0
0.0
0.0
0.0
0.0
0.0
0.0
0.0
0.0
0.0
0.0
0.0
0.0
0.0
0.0
0.0
0.0
0.0
0.00173737043706
0.00242183058318
0.00200483781343
0.000524181795665
-0.00648458385862
-0.00728074147898
-0.00728074147898
-0.00728074147898
0.0
0.00377031663264
0.0
0.0
0.0
0.0
0.0
0.0
0.00125538239108
0.00417166331134
0.0068717630137
0.010098402745
0.00959113637503
0.00565484225816
0.0
0.0
0.00210355406314
0.00308661993186
0.00329775759297
0.00300013924212
0.0047878789086
0.00644337583844
0.00229597465814
0.00332832209327
0.00427167737195
0.00841826342085
0.0157969651459
0.0157969651459
0.00824633344053
-0.0277477498376
-0.0277477498376
-0.0277477498376
0.00717691806781
0.00686883425447
0.00600324779534
0.00662538230795
0.00433987813824
0.00433987813824
0.00433987813824
0.00433987813824
0.0109773864051
0.0122135318666
0.00958718788635
0.0132482796358
0.00742946369925
0.00946250906051
0.0126612491314
0.0110337867647
0.0112182505654
0.00185326607818
0.0117225179457
0.00598116938054
0.0116584009116
0.0117479225405
0.00814733972084
0.0147864883955
-0.00213316837513
-0.010210650528
0.0
0.0
0.0
0.0
0.0
0.0
-0.00136324034919
0.000561225416104
0.00412498877999
7.55980036802e-05
0.0
0.0
0.0
0.0
-0.010210650528
-0.00866303674234
0.0
0.0
0.0
0.0
0.0
0.0
0.0
0.0
0.0
0.0
0.0
0.0
0.0
0.0
0.0
0.0
0.0
0.0
0.0
0.0
0.0
0.0
0.0
0.0
0.0
0.0
0.0
0.0
0.0
0.0
-0.00507177324853
-0.0057297447514
-0.00507177324853
0.0
0.0
0.0
0.0
0.0
0.0
0.0
0.0
0.0
0.0
0.0
0.0
0.0
0.0
0.0
0.0
0.0
0.0
0.0
0.0
0.0
0.0
0.0
0.0
0.0
0.0
0.0
0.00562849597154
-0.0013487636221
0.0
0.0
0.0
0.0
0.0
0.0
0.0
0.0
0.0
0.0
0.0
0.0
0.0
0.0
0.0
0.0
-0.0515327176887
-0.0466003602544
-0.0374481260992
-0.0244061769667
-0.00577363359496
-0.00284398976897
0.0
0.0
0.00134707839976
0.00203471455289
0.00168474631076
0.00487535983242
0.000432812395561
0.00567137090994
-0.00675262982552
0.0
0.0114408219785
-0.00980793287269
0.0155332593061
-0.00191292850251
-0.000843586193918
-0.0277477498376
-0.00191292850251
0.0
0.00287234161113
0.00497468662565
0.0024154520329
0.00174115205593
0.0
0.0
0.0
0.0
0.00614605226208
0.00256039223636
0.00188693650967
0.0
0.0
0.0
0.0
0.0
-0.00675262982552
-0.00240775583673
-0.00155142375437
-0.00161544042334
-0.000544041228195
-0.00990366741245
-0.00990366741245
-0.00990366741245
-0.00675262982552
-0.00675262982552
-0.00676960956923
-0.0098962518681
0.0
0.0
0.0
0.0
0.0
0.0
0.0
0.0
0.0
0.0
0.0
0.0
0.0
0.0
0.0
0.0
0.0
0.0
0.0
0.0
0.0
0.0
0.0
0.0
0.0
0.0
0.0
0.0
0.0
0.0
0.0
0.0
0.0
0.0
0.0
0.0
0.0
0.0
0.0
0.0
0.0
0.0
0.0
0.0
0.0
0.0
0.0
0.0
0.0
0.0
0.0
0.0
0.0
0.0
0.0
0.0
0.0
0.0
0.0
0.0
0.0
0.0
0.0
0.0
0.0
0.0
0.0
0.0
0.0
0.0
0.0
0.0
0.0
0.0
0.0
0.0
0.0
0.0
0.0
0.0
0.0
0.0
0.0
0.0
0.0
0.0
0.0
0.0
0.0
0.0
0.0
0.0
0.00105208679066
0.0
0.0111169027102
0.0111169027102
0.0
0.00376458114677
0.0
-0.00520270326267
0.0069885034192
0.0111169027102
0.00105208679066
0.00376458114677
0.0
0.00105208679066
0.00376458114677
0.0
-0.190068653356
-0.00888385271643
-0.0108863111555
-0.139131069889
-0.0931956359754
-0.0121338319842
-0.0119238930528
-0.0304063759605
-0.00306632611204
-0.0210228424374
-0.0073385576783
-0.0236018242493
0.0
-0.00728273007163
-0.0236018242493
0.0
0.0
0.0
0.0
0.0
0.0
0.0
-0.103595522677
-0.0829562573145
0.00347134576884
0.0
0.0
0.0
0.0
0.0
0.0
0.0
-0.0190007301411
-0.201919641864
0.00420032110495
0.0
0.0
0.0
0.0
0.0
0.0
0.0
0.0
0.0
0.0
0.0
0.0
0.0
0.0
0.0
0.0
0.0
0.0
0.0
0.0
0.0
0.0
0.0
0.0
0.0
0.0
0.0
0.0
0.0
0.0
0.0
0.0
0.0
0.0
0.0
0.0
0.0
0.0
0.0
0.0
0.0
0.0
0.0
0.0
0.0
0.0
0.0
0.0
0.0
0.0
0.0
0.0
0.0
0.0
0.0
0.0
0.0
0.0
0.0
0.0
0.0
0.0
0.0
0.0
0.0
0.0
0.0
0.0
0.0
0.0
0.0
0.0
0.0
0.0
0.0
0.0
0.0
0.0
0.0
0.0
0.0
0.0
0.0
0.0
0.0
0.0
0.0
0.0
0.0
0.0
0.0
0.0
0.0
0.0
0.0
0.0
0.0
0.0
0.0
0.0
0.0
0.0
0.0
0.0
0.0
0.0
0.0
0.0
0.0
0.0
0.0
0.0
0.0
0.0
0.0
0.0
0.0
0.0
0.0
0.0
0.0
0.0
0.0
0.0
0.0
0.0
0.0
0.0
0.0
0.0
0.0
0.0
0.0
0.0
0.0
0.0
0.0
0.0
0.0
0.0
0.0
0.0
0.0
0.0
0.0
0.0
0.0
0.0
0.0
0.0
0.0
0.0
0.0
0.0
0.0
0.0
0.0
-0.0180721479593
-0.251642471434
0.0
-0.251642471434
-0.0180721479593
0.0
-0.0180721479593
0.0
0.0
0.0
0.0
0.0
0.0
0.0
0.0
0.0
0.0
-0.00543228261557
0.0
0.0
0.0
0.0
-0.00519563680433
-0.00845309138814
0.0
-0.0709031399925
0.0
0.0
0.0
0.0
0.0
0.0
0.0
0.0
0.0
0.0
0.0
0.0
0.0
0.0
0.0
0.0
0.0
0.0
0.0
0.0
0.0
0.0
0.0
0.0
0.0
0.0
0.0
0.0
0.0
0.0
0.0
0.0
0.0
0.0
0.0
0.0
0.0
0.0
0.000581355252338
0.00263723641454
0.0
0.0
0.00591211819694
0.0
-0.000489229182042
-0.00885475618451
0.0
-0.00120592859297
0.0
0.0
0.0
0.0
0.0
0.0
0.00309628144436
0.00900802566775
0.0135196901438
-0.0180482081358
-0.00864233173996
0.00900802566775
-0.00570066151526
-0.0180482081358
0.0
0.0
0.0
0.0
0.0
0.0
0.0
0.0
0.0
0.0
-0.103595522677
0.0168974719281
0.0
0.0
0.0
0.0168974719281
0.0
0.0
0.0
0.0
0.0
0.0
0.0
0.0
0.0
0.0
0.0
-0.103595522677
0.0168974719281
0.0
0.0
0.0
0.0
0.0
0.0168974719281
0.0168974719281
0.0
0.0168974719281
0.0
0.0
0.0
0.0
0.0
0.0
0.0
0.0
0.0
0.0
0.0
0.0
0.0
0.0
0.0
0.0
0.0
0.0
0.0
0.0
0.0
0.0
0.0
0.0
0.0
0.0
0.0
0.0
0.0
0.0
0.0
0.0
0.0
0.0
0.00218810840503
0.00120810814666
0.00269955522235
0.00409768553142
-0.0364880271492
-0.143279747462
0.00221193934783
-0.00548482759958
0.0
0.0
0.0
0.00034536771423
-0.0026893858809
0.00724815151477
-0.00259182818623
0.0
0.0
0.0
0.0
0.0
0.0
0.0
0.0
0.0
0.0
0.0
0.0
0.0
0.0
0.0
0.0
0.0
0.0
0.0
0.0
0.0
0.0
0.0
0.0
0.0
0.0
0.0
0.0
0.0
0.00240307672403
0.00195021227804
-0.0707798723564
0.0
0.0
0.0
0.0
0.0
0.0
0.0
0.0
0.0
0.0
0.0
0.0
0.0
0.0
0.0
0.0
0.0
0.0
0.0
0.0
0.0
0.0
0.0
0.0
0.0
0.0
0.0
0.0
0.00354040028363
0.0
0.0
0.0
0.0
-0.0709031399925
-0.0709031399925
-0.134485173907
-0.00384062831455
0.00672982627048
0.00366111324575
-0.105762771495
-0.021199062216
0.0
-0.00397206012121
-0.0765349538197
0.000637996420869
-0.0648191724338
0.0
0.0
0.0
0.00368221325323
-0.0180482081358
-0.0180482081358
0.0
0.0
0.0
0.0
0.0
0.00491751726282
0.00761265647991
0.011803237615
0.00518047542483
0.0
0.0
0.0
0.0
-0.00415120226738
-0.00415120226738
-0.00415120226738
-0.00415120226738
-0.00415120226738
-0.00415120226738
-0.00415120226738
-0.00415120226738
0.0
0.0
0.0
0.0
0.0
0.0
0.0
0.0
-0.00695848092366
-0.00325163077944
-0.00353070278603
0.0
0.0
0.0
0.0
0.0
0.0
0.0
0.0
0.0
0.0
0.0
0.0
0.0
0.0
0.0
0.0
0.0
0.0
0.0
0.0
0.0
0.0
0.0
0.0
0.00215849153188
0.0
0.0
0.0
0.0
0.0
0.0
0.000658456015139
0.000281023138645
0.0
0.0
0.0
0.0
0.0
0.0
0.0
0.0
0.0
0.0
0.0
0.0
0.0
0.0
0.0
0.0
0.0
0.0
0.0
0.0
0.0
0.0
0.0
0.0
0.0
0.0
0.0
0.0
0.0
-0.0277477498376
0.0
0.0
0.0
0.0
0.0
0.0
0.0
-0.0277477498376
0.0
0.0
0.0
0.0
0.0
0.0
0.0
0.0
0.0
0.0
0.0
0.0
0.0
0.0
0.0
0.0
0.0
0.0
0.0
0.0
0.0
0.0
0.0
0.0
0.0
0.0
0.0
0.0
0.0
0.0
0.0
0.0
0.0
0.0
0.0
0.0
0.0
0.0
0.0
0.0
0.0
0.0
0.0
0.0
0.0
0.0
0.0
0.0
0.0
0.0
0.0
0.0
0.0
0.0
0.0
0.0
0.0
0.0
0.0
0.0
0.0
0.0
0.0
0.0
0.0
0.0
0.0
0.0
0.0
0.0
0.0
0.0
0.0
0.0
0.0
0.0
0.0
0.0
0.0
0.0
0.0
0.0
0.0
0.0
0.0
0.0
0.0
0.0
0.0
0.0
0.0
0.0
0.0
0.0
0.0
0.0
0.0
0.0
0.0
0.0
0.0
0.0
0.0
0.0
0.0
0.0
0.0
0.0
0.0
0.0
0.0
0.0
0.0
0.0
0.0
0.0
0.0
0.0
0.0
0.0
0.0
0.0
0.0
0.0
0.0
0.0
0.0
0.0
0.0
0.000651786887011
-0.00998577800879
0.00202462965961
0.0
0.0
0.0
0.0
0.0
0.0
0.0
0.0
0.0
0.0
0.0
0.0
0.0
0.0
0.0
0.0
0.0
0.0
0.00277426096555
0.00171917159464
0.00321068021148
0.00343756190248
0.006742286489
0.00324500600052
0.00324500600052
0.00324500600052
0.0
0.00428468198607
0.0
0.0
0.0
0.0
0.0
0.0
0.00305268192824
0.00404018739946
0.00404716110818
0.00664841045689
-0.00811490312275
-0.00381632959999
0.0
0.0
0.00233220809193
0.00240451540531
0.00310652246858
0.00296984447691
0.00178675677784
0.0029745630164
0.00221667434006
0.000683296046136
0.00505707561122
0.0126033588332
0.00831647816711
0.00831647816711
0.0157969651459
0.00188693650967
0.00188693650967
0.00188693650967
-0.00402195616474
-0.00942991081653
-0.00321239626741
-0.00996228771214
-0.00238522909793
-0.00238522909793
-0.00238522909793
-0.00238522909793
0.0103844708693
0.0102313727245
0.0103327067082
0.0104870820988
0.00774420403095
0.00891123777829
0.0108134525232
0.0105824826249
-0.000627898569969
-0.000741812641948
-0.000892907948144
0.00271598906763
0.00108426469193
0.00108426469193
0.00328412299078
0.00116410139254
-0.00772244242184
0.002860410371
0.0
0.0
0.0
0.0
0.0
0.0
0.00403452742
8.11804772027e-05
-0.00146702870334
0.0
0.0
0.0
0.0
0.0
0.002860410371
-0.00653641206888
0.0
0.0
0.0
0.0
0.0
0.0
0.0
0.0
0.0
0.0
0.0
0.0
0.0
0.0
0.0
0.0
0.0
0.0
0.0
0.0
0.0
0.0
0.0
0.0
0.0
0.0
0.0
0.0
0.0
0.0
0.0
-0.00507177324853
0.0
0.0
0.0
0.0
0.0
0.0
0.0
0.0
0.0
0.0
0.0
0.0
0.0
0.0
0.0
0.0
0.0
0.0
0.0
0.0
0.0
0.0
0.0
0.0
0.0
0.0
0.0
0.0
-0.00118525717859
0.00595977293693
0.0
0.0
0.0
0.0
0.0
0.0
0.0
0.0
0.0
0.0
0.0
0.0
0.0
0.0
0.0
0.0
-0.0648907251015
-0.0451381043485
-0.0252327449019
-0.00643168447999
-0.00284398976897
0.0
0.0
0.0
0.00166005147062
0.00343949136801
0.00461604064241
0.000961038218031
0.00174115205593
-0.00183285015384
-0.010189936034
0.0
0.0119634892903
0.0155332593061
-0.00989875452426
-0.02397703835
-0.0277477498376
-0.000843586193918
-0.02397703835
0.0
0.00305027399361
0.00497963327072
0.00170217835286
0.000554940779889
0.0
0.0
0.0
0.0
0.00394852765512
0.00137314132781
0.00108328116628
0.0
0.0
0.0
0.0
0.0
0.010350703191
0.006905779874
0.00653085684726
0.00662390857038
0.00772816757339
0.0103334346433
0.0103334346433
0.0103334346433
0.00978092475363
0.00978092475363
0.00961931875116
0.00965677097963
0.0
0.0
0.0
0.0
0.0
0.0
0.0
0.0
0.0
0.0
0.0
0.0
0.0
0.0
0.0
0.0
0.0
0.0
0.0
0.0
0.0
0.0
0.0
0.0
0.0
0.0
0.0
0.0
0.0
0.0
0.0
0.0
0.0
0.0
0.0
0.0
0.0
0.0
0.0
0.0
0.0
0.0
0.0
0.0
0.0
0.0
0.0
0.0
0.0
0.0
0.0
0.0
0.0
0.0
0.0
0.0
0.0
0.0
0.0
0.0
0.0
0.0
0.0
0.0
0.0
0.0
0.0
0.0
0.0
0.0
0.0
0.0
0.0
0.0
0.0
0.0
0.0
0.0
0.0
0.0
0.0
0.0
0.0
0.0
0.0
0.0
0.0
0.0
0.0
0.0
0.0
0.0
0.00969110960076
0.0
-0.00520270326267
-0.00520270326267
0.0
0.0069885034192
0.0
0.0111465215963
0.00382444923943
-0.00520270326267
0.00969110960076
0.0069885034192
0.0
0.00969110960076
0.0069885034192
0.0
-0.00687891921672
-0.00867262382917
-0.0220184990398
-0.0157094658907
-0.0133873675677
-0.170954503221
-0.127085034152
-0.00376725211975
-0.00493299431636
-0.238018210407
-0.215335394214
-0.00728273007163
0.0
-0.0234710637278
-0.00728273007163
0.0
