0.0
0.0
0.0
0.0
0.0
0.0
0.0
0.0
0.000898958204738
0.000607830451717
7.24684664874e-05
6.50837777546e-05
-0.000128077755198
-0.000508240175952
-0.000188303454466
-0.000905215912962
0.000116878329332
-0.000114434397325
-5.63430476569e-06
3.1822159521e-05
-0.000234655326046
-0.000507557115225
-0.000418140997767
-0.000905215912962
0.00214888143553
0.000622891430435
0.00163986737357
0.0016442546524
0.00213835369528
0.000695085629675
0.000831678065331
-0.000905215912962
0.000548037512392
4.73190423891e-05
0.00110299082661
0.00266140612102
0.000942302594758
-0.000426840106435
0.000125143954406
-0.000905215912962
-0.000796313611903
4.27612622964e-05
0.0245381725599
0.0287671209944
0.0
2.01967315568e-05
-0.00092505636599
-0.00092505636599
3.40818140944e-05
-1.0802814582e-06
0.000106176768173
7.16104493781e-05
0.000463664421127
0.000765589691417
-0.000438362979686
0.000155227308755
-3.45093065605e-07
-1.34524652575e-43
1.94084101163e-05
0.00100082942744
0.00131078700213
0.00194915843975
-0.00049664654204
0.00182384721541
3.81421818513e-07
6.82318093804e-08
0.000159326464276
3.10757913541e-05
0.000448686889767
7.05317951019e-05
-0.000543481210437
4.29293113172e-05
0.0
0.0
9.35246511776e-06
0.000143136289324
0.000470229778616
0.000739125643965
-3.83804890166e-05
9.95077120391e-05
0.0
0.0
-4.90316705783e-05
4.92658219173e-05
-0.000463369777879
-0.00027039893322
-0.000385240848267
-0.000692195915797
-0.0246176801272
-0.021098167824
-0.00952946856955
-0.000754179351436
-0.0065410298192
0.00858645835063
-0.00400436613827
0.0168896261108
0.0
0.0
0.000128937622838
0.000171547652859
0.000485803268546
0.000822752501239
-0.000266636180993
0.00176307414294
-3.79435872377e-06
0.0
4.94182023576e-05
-1.54499926597e-05
0.000372685395513
0.000311501993194
-0.000281979506972
5.10786442297e-05
2.19118967276e-06
0.0
9.20238987582e-06
1.09523727679e-05
0.000952533604702
0.000810128923481
-0.000296044446522
3.87006852038e-05
7.73565259124e-05
9.17646725194e-05
0.000151811130229
1.51422911272e-05
0.000938198900896
0.0003486896888
8.65740483271e-05
0.00116268299991
-0.000112076582585
-0.000354410164254
-0.000166583690462
-0.000245274171588
-0.00201070037091
-0.00222343029094
-0.00127005225185
-0.000392654211476
-0.023549787978
-0.0332312963042
-0.022673239323
-0.0190191025062
-0.0147290308745
0.0104260537997
0.0264327338033
0.0
0.000134564709336
0.00226390097925
0.000113294552319
1.21479074533e-05
2.86292090508e-06
1.55529155966e-06
-1.15546670088e-06
7.33741745923e-06
0.0
0.0
0.0
0.0
0.0
0.0
0.0
0.0
0.0
0.0
0.0
0.0
0.0
0.0
0.0
0.0
0.0
0.0
0.0
0.0
0.0
0.0
0.0
0.0
0.0
0.000211185501041
0.000211108249722
0.000211108249722
0.000211108249722
0.000211108249722
0.000211108249722
0.000211108249722
0.0
0.0
0.0
0.0
0.0
0.0
0.0
0.0
0.0
0.0
0.0
0.0
0.0
0.0
0.0
0.0
-0.000134860303971
0.000729984468749
0.000249257227418
0.0
0.0
0.0
0.0
0.0
-0.000369808944534
-5.69317229921e-05
0.000118523539846
0.00214982782343
0.0
0.0
0.0
0.0
-0.000824244899023
-0.000798465524868
-0.00120586880676
0.00335454581757
0.0
0.0
0.0
0.0
-0.00037808212684
0.00394210400238
0.00557400525585
0.0200003046355
0.0
0.0
5.26799526647e-06
-0.000100572630183
5.09385679456e-05
-1.95706737186e-05
0.00172198253059
0.000631567180926
-0.0137533068689
-0.0115156946127
-0.0141078233602
-0.00260983572516
0.0
0.0
0.0
0.0
0.0
0.0
-0.000291830165122
-0.000881058486207
-0.0223563105081
-0.0135486743566
-0.0167347559906
-0.00533623287901
0.0
0.0290534173685
0.0290534173685
-0.00369436808376
0.0
0.0
0.0
0.0
0.0
0.0
0.0
0.0
-5.1536790144e-06
0.000716154080245
0.00764250662958
0.00764250662958
0.00764250662958
0.00764250662958
0.00764250662958
0.00764250662958
0.00600181742001
0.0
0.0
0.0
0.0
0.0
0.0
0.0
-1.55458204125e-06
0.0
-0.000158914849819
-2.33603064279e-06
0.0
0.0
6.82318093804e-08
0.0
-5.55577697864e-05
0.000365186172454
-4.3583959311e-05
2.39050810528e-05
-9.66364670506e-07
1.31233085737e-06
0.00015982572306
0.000155916133281
0.000233941034428
-0.000174955998148
-1.5892615053e-05
-1.51945843732e-05
0.000410532563961
0.00020346632511
0.000178326378135
0.000324126133911
0.000837502768649
3.62817808099e-05
0.000170840915094
-3.02764858873e-05
0.000188650307591
0.000117795306333
0.000104207964118
0.000631937539945
-3.01507873623e-06
-0.00370467187295
-0.000695021591382
-0.000137962359404
-0.000170034490854
-0.000534001517245
-9.02750704073e-05
-9.02750704073e-05
0.0
0.0
0.0
0.0
0.0
0.0
0.0
0.0
0.0
4.17831337584e-05
6.19190212097e-05
0.000892845297931
0.0
0.0
-0.00043855443723
0.0
8.98302298603e-05
-2.89719803855e-05
5.19152742806e-05
3.07206173222e-06
0.000586496122236
-5.53387914979e-05
-0.000415133743191
0.0
-0.000332004872197
0.000166112719281
0.00103633313961
3.06926686471e-05
0.00323456473135
-0.000223769496146
-0.000416263459867
0.0
7.41582011446e-05
-9.77943394711e-05
0.000161904496367
0.0
1.39622509198e-05
3.74553714817e-06
-0.000210030456107
0.0
-0.000462164905255
-0.00614206515943
-0.00220232410207
0.00998753979274
-0.19346610686
-0.19346610686
-0.19346610686
0.0
-0.00505314965905
0.00298593043729
0.0110971024814
0.0220804944998
0.0137551557002
0.0137551557002
0.0137551557002
0.0
0.0
0.0
0.0
0.0
0.0
-2.94937572408e-05
-0.000275700952137
2.66012079673e-05
-6.954393229e-05
-6.22048373553e-05
0.000518612634835
5.20983032384e-05
0.000110288411491
0.000451435783946
0.000398247879617
-7.62175155442e-05
-4.6395964599e-05
0.000356373183915
-8.08692182754e-05
-0.000103273573238
-0.000169489492508
-0.00306865828443
-0.00587254252895
0.00727732240639
0.000154539378321
0.000632981665632
0.00076500615569
0.000691141712698
0.000822960413559
0.000173132376423
0.000139123147774
-3.31545249642e-05
-0.000112079539544
0.0
0.0
0.0
0.0
0.0
0.0
0.0
7.57726233443e-05
0.000504716272987
-0.0128932019332
-0.00946902286747
0.0129496914997
0.00962445116031
0.00280260419079
0.0150540260852
-2.73576259407e-07
0.000333349674049
0.0
0.0
0.0
0.0
0.0
0.0
0.00107616968757
0.00191039587562
0.0273698587428
0.0273698587428
0.0273698587428
0.0
0.0273698587428
0.0273698587428
0.0
0.0
0.118008488326
0.165625323831
0.0
0.0
0.0
0.0
0.00484387937934
0.000184434518908
0.227066501402
0.227066501402
0.227066501402
0.227066501402
0.227066501402
0.227066501402
0.227985107012
0.0
0.0
0.0
0.0
0.0
0.0
0.0
-4.16539278286e-06
0.0
-2.25145084975e-05
3.596965159e-05
0.0
0.0
0.0
0.0
0.0
0.0
0.0
0.0
0.0
0.0
0.0
0.0
0.0
0.0
0.0
0.0
0.0
0.0
0.0
0.0
0.0
0.0
0.0
0.0
0.0
0.0
0.0
0.0
0.0
0.0
0.0
0.0
0.0
0.0
0.0
0.0
0.0
0.0
0.0
0.0
0.0
0.0
0.0
0.0
0.0
0.0
0.0
0.0
0.0
0.0
0.0
0.0
0.0
0.0
0.0
0.0
0.0
0.0
0.0
0.0
0.0
0.0
0.0
0.0
0.0
0.0
0.0
0.0
0.0
0.0
0.0
0.0
0.0
0.0
0.0
0.0
0.0
0.0
0.0
0.0
0.0
0.0
0.0
0.0
0.0
0.0
0.0
0.0
0.0
0.0
0.0
0.0
0.0
0.0
0.0
0.0
0.0
0.0
0.0
0.0
0.0
0.0
0.0
0.0
0.0
0.0
0.0
0.0
0.0
0.0
0.0
0.0
0.0
0.0
0.0
0.0
0.0
0.0
0.0
0.0
0.0
0.0
0.0
0.0
0.0
0.0
0.0
0.0
0.0
0.0
0.0
0.0
0.0
0.0
0.0
0.0
0.0
0.0
0.0
0.0
0.0
0.0
0.0
0.0
0.0
0.0
0.0
0.0
0.0
0.0
0.0
0.0
0.0
0.0
0.0
0.0
0.0
0.0
0.0
0.0
0.0
0.0
0.0
0.0
0.0
0.0
0.0
0.0
0.0
0.0
0.0
0.0
0.0
0.0
0.0
0.0
0.0
0.0
0.0
0.0
0.0
0.0
0.0
0.0
0.0
0.0
0.0
0.0
0.0
0.0
0.0
0.0
0.0
0.0
0.0
0.0
0.0
0.0
0.0
0.0
0.0
0.0
0.0
0.0
0.0
0.0
0.0
0.0
0.0
0.0
0.0
0.0
0.0
0.0
0.0
0.0
0.0
0.0
0.0
0.0
0.0
0.0
0.0
0.0
0.0
0.0
0.0
0.0
0.0
0.0
0.0
0.0
0.0
0.0
0.0
0.0
0.0
0.0
0.0
0.0
0.0
0.0
0.0
0.0
0.0
0.0
0.0
0.0
0.0
0.0
0.0
0.0
0.0
0.0
0.0
0.0
0.0
0.0
0.0
0.0
0.0
0.0
0.0
0.0
0.0
0.0
0.0
0.0
0.0
0.0
0.0
0.0
0.0
0.0
0.0
0.0
0.0
0.0
0.0
0.0
0.0
0.0
0.0
0.0
0.0
0.0
0.0
0.0
0.0
0.0
0.0
0.0
0.0
0.0
0.0
0.0
0.0
0.0
0.0
0.0
0.0
0.0
0.0
0.0
0.0
0.0
0.0
0.0
0.0
0.0
0.0
0.0
0.0
0.0
0.0
0.0
0.0
0.0
0.0
0.0
0.0
0.0
0.0
0.0
0.0
0.0
0.0
0.0
0.0
0.0
0.0
0.0
0.0
0.0
0.0
0.0
0.0
0.0
0.0
0.0
0.0
0.0
0.0
0.0
0.0
0.0
0.0
0.0
0.0
0.0
0.0
0.0
0.0
0.0
0.0
0.0
0.0
0.0
0.0
0.0
0.0
0.0
0.0
0.0
0.0
0.0
0.0
0.0
0.0
0.0
0.0
0.0
0.0
0.0
0.0
-0.00265885307949
-0.00124073765923
-0.000687227511444
-0.000745331262227
0.0
0.0
0.0
0.0
0.0
0.0
0.0
0.0
0.0
0.0
0.0
0.0
-0.0031260587557
-0.000303615379805
-0.000117793974812
-0.000897761644643
0.0
0.0
0.0
0.0
0.0
0.0
0.0
0.0
0.0
0.0
0.0
0.0
0.0
0.0
0.0
0.0
0.0
0.0
0.0
0.0
0.0
0.0
0.0
0.0
0.0
0.0
0.0
0.0
0.0
0.0
0.0
0.0
0.0
0.0
0.0
0.0
0.0
0.0
0.0
0.0
0.0
0.0
0.0
0.0
0.0
0.0
0.0
0.0
0.0
0.0
0.0
0.0
0.0
0.0
0.0
0.0
0.0
0.0
0.0
0.0
0.0
0.0
0.0
0.0
0.0
-0.00019851323057
-0.000335241960341
-0.000450756127887
-0.000564706502109
-0.000716275292933
-0.000902525622545
-0.000169886667527
-0.000101766201927
-3.8929205736e-05
0.000432752714777
0.0
0.0
0.0
0.0
0.0
0.0
-0.00176023493562
0.000423398037799
0.00359442002185
-0.0328314303585
-0.0355282984316
-0.0221410965731
0.0
0.00266422211167
-0.00107506708913
-0.00237594333345
-0.00194668462869
-0.00231658602633
-0.000767658767784
-0.000410874533525
-6.25382433322e-05
0.0
0.0
0.0
0.0
0.0
-0.00107506708913
-0.00146957397552
-0.00127353875815
-0.00223628585309
-0.00174283020652
-0.00278810334085
-0.000544738596183
-0.000125857137773
-0.000322558939961
0.0
0.0
0.0
0.0
0.0
0.0
0.0
0.0
0.0
0.0
0.0
-0.000387388808838
0.0
0.0
0.0
0.0
0.0
0.0
0.0
0.0
0.0
8.00265644718e-06
5.24967767134e-07
0.0
0.0
0.0
0.0
-4.40188768974e-05
1.61271760009e-05
-0.000629990939857
1.75517860409e-05
0.0
0.0
0.0
0.0
0.0
0.0
0.00764250662958
0.00764250662958
-0.000534001517245
0.00764250662958
0.00764250662958
-0.000534001517245
0.0
0.0
0.0
0.0
0.0
0.0
0.0
0.0
0.0
0.0
0.0
0.0
0.0
0.0
0.0
0.0
0.000897667776148
0.00096220102638
-0.000211839581842
4.79320171668e-05
-1.24055438397e-05
2.22732438519e-05
-0.000129582993059
-3.78238340623e-05
0.000849585924078
-1.09005745199e-05
-0.000138965486244
5.1461404101e-05
-7.50104828006e-05
2.04672001103e-05
-3.3163302585e-05
-5.11609659668e-05
0.000246032481074
0.000829411424101
0.00186146526284
0.00246084440176
0.000266194501933
0.0014601978626
0.00102707619555
-3.07547252449e-05
0.00116453028652
0.000593899388049
0.000106392808238
0.00136646479769
0.00172909432673
0.00205546287556
-0.000820498108701
-4.47024391218e-05
-0.000665665221777
-1.41869098223e-05
-0.000682823751804
0.0
0.0
-1.79227383676e-05
-4.86430624104e-05
-2.43628924706e-05
1.86977955768e-05
0.000119829904296
4.96650768636e-05
0.000170714384677
0.000618083971755
-2.75943449845e-05
0.00100789009177
-0.000350825047717
1.20625181515e-05
0.0
0.000112358117583
0.00092982287091
0.00214668179263
0.00188925309672
0.00231708491567
-0.000352560253953
1.43457685009e-05
0.000129615527196
-8.77245322301e-06
0.000319209579903
0.000660133569902
-0.000184717865308
5.60138587931e-05
-0.000366123348196
0.0
0.0
5.92218325146e-05
4.01998019403e-05
0.00137232966698
-9.89550450446e-05
0.000898147518673
-0.000101636389847
0.0
8.99871199534e-06
-3.98134658771e-05
-6.45445919535e-05
-0.000264160835646
-0.000851537364338
-0.000535678409835
-0.000358701137162
-0.0337260437818
-0.0310120920355
-0.0239901407835
-0.0131618597909
-0.0129490231192
-0.0043855682713
-0.0017575533777
-0.0148842391232
0.0
0.0
4.95651557605e-05
-5.14538970743e-05
0.00119190289322
0.0008663280785
0.00103264688409
-0.000348145851213
-3.20815960994e-05
0.0
4.38965860621e-06
7.746631504e-05
0.000573620558674
0.00058240248064
0.000132703664252
-0.000217991555932
-2.37198551291e-07
0.0
1.6262269374e-05
0.000155091078294
0.000500091894168
-0.000150578186738
0.000898127694294
-0.00013957617224
3.9524587811e-05
0.000156541308089
5.47246964593e-05
0.000401411565211
0.00109724302216
0.000789498197703
0.000761056819059
-0.00023972721295
-0.000229694581977
-0.000222498120132
-0.000115709665711
-0.000323851551056
-0.00200557026686
-0.0014576778941
-0.000509930241574
-0.00136868288697
-0.0375684421835
-0.0327259917506
-0.0194797014098
-0.0167989509884
-0.0137924076122
-0.0182079047387
0.0
0.0
-0.000821263040759
-0.000430481784112
-0.000458311811178
-0.000724742233843
-1.84549311773e-05
9.19238220512e-06
2.43652654911e-05
6.23035469813e-06
0.0
0.0
0.0
0.0
0.0
0.0
0.0
0.0
0.0
0.0
0.0
0.0
0.0
0.0
0.0
0.0
0.0
0.0
0.0
0.0
0.0
0.0
0.0
0.0
0.0
-0.000176424474053
-0.000176574357135
-0.000176574357135
-0.000176574357135
-0.000176574357135
-0.000176574357135
-0.000176574357135
0.0
0.0
0.0
0.0
0.0
0.0
0.0
0.0
0.0
0.0
0.0
0.0
0.0
0.0
0.0
0.0
0.00305106865115
0.000151546704448
6.11539688108e-05
0.0
0.0
0.0
0.0
0.0
-0.0020819283287
-0.000890466391467
-0.000154513900925
0.00119006848726
0.0
0.0
0.0
0.0
-0.00061511667725
0.000230252036872
0.000641114743679
-0.000642089134387
0.0
0.0
0.0
0.0
0.000333392920844
-0.00278567460098
-0.00125993255948
-0.0180566931573
0.0
8.99871199534e-06
-3.37141791962e-05
4.75560065253e-05
0.000289842525989
0.00151185975382
0.00100722385635
0.000255453243479
-0.0192455490043
-0.0145288085069
-0.01168642116
-0.0150658503225
0.0
0.0
0.0
0.0
0.0
0.0
-0.00161298646389
-0.00139856703692
-0.02114189914
-0.0168607367688
-0.00533623287901
-0.00282314718986
0.0
0.0
0.0
0.0
0.0
0.0
0.0
0.0
0.0
0.0
0.0
0.0
4.21689305009e-05
9.79393668547e-05
-0.000534001517245
-0.000534001517245
-0.000534001517245
-0.000534001517245
-0.000534001517245
-0.000534001517245
-0.0138904418397
0.0
0.0
0.0
0.0
0.0
0.0
0.0
-3.13589040797e-06
0.0
-5.30270186089e-06
-0.000302977034057
0.0
0.0
1.18963535429e-05
0.0
0.00054586361434
3.01220075894e-05
1.77344917658e-05
-3.06233332756e-05
0.000101250239833
-1.137358769e-06
1.80439940427e-05
4.23104676389e-06
-3.70713550464e-05
0.000440492661016
0.000220682212631
0.00023553346781
3.96866525971e-05
1.1090108561e-06
-3.79533860527e-05
-0.000137747412882
0.000100808738865
0.00097991263099
0.000111656851485
5.70278370121e-05
0.000177160914039
0.000234894211201
3.91109398653e-05
9.53038809653e-05
2.69260581846e-05
-0.00415731040077
-0.00141688618625
-0.000194047436825
-0.00195571887404
-0.00208494968872
-0.000564248512295
-0.00209346064651
0.0
0.0
0.0
0.0
0.0
0.0
0.0
0.0
0.0
6.42005967335e-06
-3.1641208345e-05
-8.03681697412e-05
0.0
0.0
-5.13896130277e-05
0.0
-1.59309087135e-05
1.05011450212e-05
0.000426643681697
-3.94534764153e-05
2.46647014484e-05
0.000176404735773
-1.96326103519e-05
0.0
0.000372850421189
-8.04985235129e-05
0.000837694469938
6.88181550894e-05
-0.00291653297441
0.000173636339538
-7.71661979797e-06
0.0
2.09628258801e-05
0.000173051930862
5.34143827366e-05
0.0
0.000114282884838
3.22512919419e-05
-5.08588281519e-06
0.0
0.000261861541555
0.00746398665581
0.00527091843085
-0.00817002066405
0.227985107012
0.227985107012
0.227985107012
0.0
-0.00423274538493
-0.00281751884616
-0.0024659940525
-0.000980783125212
-0.000588416271697
-0.000588416271697
-0.000588416271697
0.0
0.0
0.0
0.0
0.0
0.0
-1.98687895892e-06
-2.93899225785e-06
-0.000137448242035
7.75782590433e-05
0.000470672163368
-4.97702731028e-05
4.68319832079e-05
-9.61151736117e-06
1.42647913821e-05
-2.55245385314e-05
0.000369216059555
2.85168428254e-06
-5.80968707649e-05
0.000157081449326
0.000167100079674
0.00039187930686
0.00404927237505
0.0072572227257
-0.00631853963083
0.000128924226115
0.00111537759708
0.000247760810703
0.000233751235854
0.000163966644168
0.00109512249737
0.000148497249041
0.000133607816895
-0.000229750161071
0.0
0.0
0.0
0.0
0.0
0.0
0.0
0.000438935785403
-0.000459131923306
-0.0138092255216
-0.00936314974953
-0.006253128931
-0.00681681412294
0.00634542081476
-0.00949962625779
0.000284286792664
-2.73576259407e-07
0.0
0.0
0.0
0.0
0.0
0.0
0.000372761124858
0.000214347497493
9.38938539959e-06
9.38938539959e-06
9.38938539959e-06
0.0
9.38938539959e-06
9.38938539959e-06
0.0
0.0
-0.0990089248316
-0.141562769319
0.0
0.0
0.0
0.0
-0.00245905852703
4.00812073052e-05
-0.194556357229
-0.194556357229
-0.194556357229
-0.194556357229
-0.194556357229
-0.194556357229
-0.195228912577
0.0
0.0
0.0
0.0
0.0
0.0
0.0
4.37708526893e-05
0.0
0.000545444246809
1.97727423025e-07
0.0
0.0
0.0
0.0
0.0
0.0
0.0
0.0
-4.22479915112e-05
0.0
0.0
0.0
-4.19909359576e-05
0.0
-1.90848471855e-05
-2.54240995716e-05
-8.57343702851e-05
-7.63732708222e-05
-1.93546380884e-05
0.0
-3.74167499927e-05
0.0
-7.13537640838e-05
-4.07160703044e-05
4.72364651949e-06
-2.38674911721e-05
-3.71417095084e-05
-0.000106620692003
0.0
0.0
0.0
0.0
0.0
0.0
0.0
0.0
-7.83692930894e-05
0.0
0.0
-3.55489364732e-05
0.0
0.0
0.0
0.0
-3.30712063331e-05
0.0
0.0
-6.15818206343e-05
0.0
0.0
0.0
0.0
0.0
0.0
0.0
0.0
-3.98837819584e-05
0.0
-2.05634922686e-05
0.0
-0.000596651417572
-4.63982890453e-05
-0.000553045156188
-7.11891443946e-05
-8.46816158353e-05
-1.29467407025e-05
-0.000145472887437
-7.22491686921e-05
-8.63221899813e-05
-0.00122509182307
-0.000119082126063
-0.006090106943
-0.000126897508029
-0.00780352240825
-4.91608385996e-05
-7.03641356704e-05
0.0
0.0
0.0
0.0
0.0
0.0
0.0
0.0
0.0
0.0
-0.000191025845889
-3.14577162715e-05
0.0
0.0
0.0
-3.10923641294e-05
0.0
0.0
-0.000125977247786
-0.00779522529673
0.0
0.0
0.0
-7.21262205874e-05
0.0
0.0
0.0
0.0
-3.40433953697e-05
0.0
-3.86007149724e-05
0.0
-0.0001589814461
-7.90198981744e-05
-0.000245931564221
-4.38410130472e-05
-0.000248043197287
0.0
-9.55783776288e-05
-0.000111382767729
-0.000114735315293
-0.000108678729121
-0.000171146605154
-6.38078224127e-05
-9.62729116509e-05
0.0
-0.000119772251703
-0.000157912390182
0.0
0.0
0.0
0.0
0.0
0.0
0.0
0.0
0.0
0.0
-0.000349991793588
0.0
0.0
0.0
0.0
-0.000120679333203
0.0
0.0
-0.000309572350206
0.0
0.0
0.0
0.0
-9.33050479886e-05
0.0
0.0
0.0
0.0
0.0
0.0
0.0
0.0
-0.000158756963978
-0.000200432948201
-0.00031139294265
-5.17531660109e-05
0.0
-0.00014112402259
0.0
-9.75890517728e-05
-0.000156906421145
-0.000143300247486
-0.00027274108329
-8.80927129084e-05
0.0
-0.000117342474549
0.0
-0.000118877776427
0.0
0.0
0.0
0.0
0.0
0.0
0.0
0.0
0.0
0.0
-0.000336101226301
0.0
0.0
0.0
0.0
-8.14671277352e-05
0.0
0.0
-0.000386943680497
0.0
0.0
0.0
0.0
-5.32285211598e-05
0.0
0.0
0.0
0.0
-3.42307352771e-05
0.0
-6.28601313872e-05
0.0
-0.000353270305836
-0.000299582019664
-0.000516902036147
-0.000254503634837
-0.000437705485372
0.0
-0.000401405179547
-8.67714449959e-05
-0.000528215696572
-0.000317805455822
-0.000448003446431
-0.000248479859946
-0.000507239297239
0.0
-0.000309228912601
-0.00013495014846
0.0
0.0
0.0
0.0
0.0
0.0
0.0
0.0
-0.000345856905126
0.0
0.0
-0.000255388584253
-0.000561497098536
0.0
0.0
-0.000114869382384
-0.000270084719029
0.0
0.0
-0.000263111414731
-0.000457400849736
0.0
0.0
-5.51000203179e-05
0.0
0.0
0.0
0.0
-0.000109281451894
0.0
-7.39841625073e-05
0.0
-0.000294549942217
0.0
0.0
-0.000240977332445
-0.000425670952678
-0.000139359344185
-0.000480365591171
-0.000184817610841
-0.000300151514513
0.0
0.0
-0.000178941771183
-0.000544108675213
-0.000139724025296
-0.000323954546576
-0.000118024610575
0.0
0.0
0.0
0.0
-0.000172448590934
0.0
-0.000141508829592
0.0
-0.000316674363107
0.0
-0.000643357075989
-0.000413766957277
-0.000544155430011
0.0
0.0
0.0
-0.000287740765859
0.0
-0.000350339350178
-0.000163618197704
-0.000370209003271
0.0
0.0
0.0
0.0
0.0
0.0
0.0
0.0
0.0
0.0
0.0
0.0
0.0
0.0
-0.00017884022343
-0.000387562312606
0.0
0.0
0.0
0.0
0.0
0.0
-0.000132422403458
-0.00048913263481
0.0
0.0
0.0
0.0
0.0
0.0
0.0
-0.000146511882253
0.0
-0.000105778006265
0.0
-0.000179188263617
-0.000429164477604
-0.000302006378338
-0.00045903125138
-0.000309955154467
-0.000198633096167
-0.000538024349645
-0.000146522759357
-0.000439573439962
-0.00015277590456
-0.000299347644722
-0.000201860479064
-0.000398726163802
-0.000162756056169
-0.000336639959236
-6.33613387353e-05
0.0
0.0
0.0
0.0
0.0
0.0
0.0
0.0
0.0
0.0
0.0
0.0
0.0
0.0
0.0
0.0
0.0
0.0
0.0
0.0
0.0
0.0
0.0
0.0
0.0
0.0
0.0
0.0
0.0
0.0
0.0
0.0
0.0
0.0
0.0
-0.00107506708913
-0.00250188932461
-0.000755918018293
-0.00313098496609
0.0
0.0
0.0
0.0
0.0
0.0
0.0
0.0
0.0
0.0
0.0
0.0
-0.00151462450878
-0.000945928103314
-0.000897761644643
-0.00123521086224
0.0
0.0
0.0
0.0
0.0
0.0
0.0
0.0
0.0
0.0
0.0
0.0
-0.000322558939961
0.0
0.0
-0.000322558939961
0.0
0.0
0.0
0.0
0.0
0.0
0.0
0.0
0.0
0.0
0.0
0.0
0.0
0.0
0.0
0.0
0.0
0.0
0.0
0.0
0.0
0.0
0.0
0.0
0.0
0.0
0.0
0.0
0.0
0.0
0.0
0.0
0.0
0.0
0.0
0.0
0.0
0.0
0.0
0.0
0.0
0.0
0.0
0.0
0.0
0.0
0.0
0.0
0.0
-4.47833734728e-05
-6.63057021732e-05
-4.20050104481e-05
-6.29676228192e-05
-9.00696713161e-05
-0.000111549521296
-6.7890023974e-05
-4.13505603939e-05
-0.000292937691575
-0.000104372886031
-0.000591203345163
-0.000264952942867
-0.00063365448143
0.0
0.0
0.0
-0.00113002244447
-0.00210763503922
-0.0028404768517
-0.0460911231301
-0.0319043000297
-0.0229993277834
0.0
-0.000316198852627
-0.00289473427664
-0.00301640977328
-0.00232988976531
-0.000873110002409
-0.000415594485662
-6.25382433322e-05
0.0
0.0
0.0
0.0
0.0
0.0
-0.00289473427664
-0.00242294970342
-0.00226276167142
-0.00312131418213
-0.00285388980633
-0.000567738412337
-0.000151916469732
-0.000312282868313
0.0
0.0
0.0
0.0
0.0
0.0
0.0
0.0
0.0
0.0
0.0
0.0
-0.000367273330412
-0.000387388808838
0.0
0.0
0.0
0.0
0.0
0.0
0.0
0.0
-8.93989503071e-05
-1.09656480324e-05
0.0
0.0
7.05272986875e-07
0.0
5.09349123205e-05
-0.000150147094861
3.56931215108e-05
-0.000629990939857
0.0
0.0
0.0
0.0
0.0
0.0
-0.000534001517245
-0.000534001517245
0.00764250662958
-0.000534001517245
-0.000534001517245
0.00764250662958
0.0
0.0
0.0
0.0
0.0
0.0
0.0
0.0
