0.0
0.0
0.0
0.0
0.0
0.0
0.0
0.0
-0.000827827635739
-0.000985299005567
-0.000781591671675
-0.00140700071885
-0.00105090973311
-0.000690225692214
-0.000780552601105
-0.00168711132265
-0.00158128141658
-0.00117110484186
-0.000576123589481
-0.000931432880923
-0.000485015435507
-0.000673037685964
-0.000349877401843
-0.00168711132265
0.00059916941725
-0.000190583514364
0.00100771520173
0.00061378194738
0.00173276820027
0.000583525323641
0.000791347206489
-0.00168711132265
-0.00137108260214
-0.00119946369673
4.51597963185e-05
0.000949273886776
-0.000592554219522
-0.000677171429455
-0.000849712051648
-0.00168711132265
0.000137944834281
-0.000521980266686
-0.044456245605
-0.0535703381372
-7.34683969264e-40
-0.000474116081253
-0.00162216919201
-0.00162216919201
-0.000656986729745
-0.00011420719757
-0.00115486979301
-0.00145132740111
-0.000782345003674
-0.000341661069433
-0.000527823157883
-0.000626653024829
-0.000855295049783
-2.46628529721e-43
-0.000595696529044
-0.000638427613202
0.000280692969347
0.000842274551246
-0.000344479153756
0.00105860984181
-0.000857519807509
-0.000854301191496
-0.00128998263528
-0.00142901086824
-0.000357299226912
-0.000817275995174
-0.000268990927693
-0.000623561740299
0.0
0.0
-0.000311819758917
-0.000924943888327
-0.00111763679751
-0.000662274862434
-0.000483525162015
-0.000488087816514
0.0
0.0
-0.000229588208554
-0.000368326827443
-0.000947340355345
-0.000890975124488
-0.000525972820542
0.000459716411405
0.0183669384811
0.0138607654936
0.00359691845667
-0.00676060800842
0.00425921222524
-0.0267660602702
0.00241770662926
-0.0406339988305
0.0
0.0
-0.000695789505078
-0.00129381953499
-0.00101803973355
-0.000950013597136
-0.000615135445894
0.000971828653408
-0.000631283877519
0.0
-0.000975050709873
-0.00114098920336
-0.00111825820554
-0.00147406253794
-0.000490105182825
-0.000347535018112
-2.53125351167e-05
0.0
-0.000537213053535
-0.000977097794754
-0.000802056127843
-0.00013488435606
-0.000442456133154
-0.000319633185654
-0.00115156486889
-0.00108262811377
-0.00127313434038
-0.00129641726871
-0.00113983810837
-0.00231278999254
-0.00132415459774
0.000188022569496
-0.00165114344204
-0.000955181974463
-0.000922317902069
-0.00105642334368
0.000617047485958
0.00126599343635
0.000395509462097
-0.000537669501659
0.0163792589435
0.03399943478
0.0227794257764
0.0189284255975
0.0109469905346
-0.0303933033432
-0.049737602744
0.0
-0.00084143201509
0.0017585360377
-0.000140159856259
-0.000697020021488
-4.36201243612e-05
-6.52541623294e-05
-4.44772350244e-05
-6.42657444347e-05
0.0
0.0
0.0
0.0
0.0
0.0
0.0
0.0
0.0
0.0
0.0
0.0
0.0
0.0
0.0
0.0
0.0
0.0
0.0
0.0
0.0
0.0
0.0
0.0
0.0
-0.0027910803068
-0.00279663224243
-0.00279663224243
-0.00279663224243
-0.00279663224243
-0.00279663224243
-0.00279663224243
0.0
0.0
0.0
0.0
0.0
0.0
0.0
0.0
0.0
0.0
0.0
0.0
0.0
0.0
0.0
0.0
-0.00135040377187
-0.00129709738332
-0.00151409688149
0.0
0.0
0.0
0.0
0.0
-0.00177018194481
-0.00148627692747
-0.00150378739745
-0.00691763969922
0.0
0.0
0.0
0.0
-0.000956989083735
-0.000945855186488
0.000146873881859
-0.00664629184067
0.0
0.0
0.0
0.0
0.000161976687134
0.00736069939313
0.0250131250479
0.0202746387309
0.0
0.0
-0.00040103543095
-0.000171687963185
-0.00174443464692
-0.00107905050809
-0.00248018005011
-0.0030416088593
0.00376271369734
0.00594287269681
0.0111361646173
-0.00817446508012
0.0
0.0
0.0
0.0
0.0
0.0
-0.000716480602307
-4.6198472999e-05
0.0235815143908
0.0140559376255
0.0176683609154
0.00522414832863
0.0
-0.0568133764302
-0.0568133764302
0.0037100789019
0.0
0.0
0.0
0.0
0.0
0.0
0.0
0.0
-0.000172789800609
-0.00267549268143
-0.00414511464391
-0.00414511464391
-0.00414511464391
-0.00414511464391
-0.00414511464391
-0.00414511464391
-0.029064190743
0.0
0.0
0.0
0.0
0.0
0.0
0.0
-8.92021071117e-05
0.0
-0.000834544960502
-0.00115064956043
0.0
0.0
-0.000854301191496
0.0
-0.000893478406041
-0.00271444053632
-0.00105865469949
-0.00116397799443
-9.16913750703e-05
-6.57481738811e-05
-0.00190705119011
-0.00187892501278
-0.00219057741665
-0.00143205669556
-0.00203517636166
-0.00105644841346
-0.00236685722023
-0.0017700587736
-0.00175494278552
-0.00217412723614
-0.000405034901789
-0.00145482710241
-0.00124607593583
-0.000958221436152
-0.00140954418966
-0.00166970885261
-0.00159934702916
-0.00118873941846
-3.89240486633e-05
0.0044476169904
-7.53506785646e-05
-0.000657364106706
-0.000650024277852
-0.000219752402264
-0.00052611654094
-0.00052611654094
0.0
0.0
0.0
0.0
0.0
0.0
0.0
0.0
0.0
-0.00109424267913
-0.00104512460209
0.000128035267066
0.0
0.0
-0.000986410784311
0.0
-0.00120044641023
-0.000897604812968
-0.000956776888982
-0.000637341778414
-0.00273535691403
-0.00105769923313
-0.000989833499798
0.0
-0.00122643302072
-0.0016523679763
-0.00155698169508
-0.000284765305943
0.00141074655462
-0.00119542844932
-0.000974768014757
0.0
-0.000734792659244
-0.00100234055755
-0.00121005714889
0.0
-0.00137635969753
-0.0009274763641
-0.000803228456466
0.0
-0.000184281235465
0.00547757235655
0.0101467023837
0.0114740224623
0.214923049052
0.214923049052
0.214923049052
0.0
0.00452795963137
-0.00514211864346
-0.0160196615158
-0.0508664423995
-0.0176277797961
-0.0176277797961
-0.0176277797961
0.0
0.0
0.0
0.0
0.0
0.0
-0.000197644637044
-0.000972738204389
-0.00119491029584
-0.00133279522877
-0.000899125340338
-0.00319587196722
-0.0019119072436
-0.0018336315113
-0.00309714784603
-0.00310086639397
-0.00147099265795
-0.00117517615312
-0.00211313389737
-0.00117371522742
-0.00119329374468
-0.00124531356448
0.0016980694462
0.00490960066972
0.00372985053329
-0.00145861843573
-0.00126020158257
-0.000756329656173
-0.00106859418322
-0.000887840926759
-0.00162097333552
-0.00132972031206
-0.000880139701553
-0.00165080105377
0.0
0.0
0.0
0.0
0.0
0.0
0.0
0.000553969260225
-0.0027288085134
0.0121219153475
0.00934290561427
-0.0290649317657
-0.0290935995776
-0.00958637265683
-0.038263895166
-0.00075968898408
-0.000661708353075
0.0
0.0
0.0
0.0
0.0
0.0
-0.00216845780396
-0.00504753794137
-0.0559809138284
-0.0559809138284
-0.0559809138284
0.0
-0.0559809138284
-0.0559809138284
0.0
0.0
0.104790972911
0.146841448123
0.0
0.0
0.0
0.0
0.00247916174069
-0.000532261901546
0.20152818807
0.20152818807
0.20152818807
0.20152818807
0.20152818807
0.20152818807
0.198468253761
0.0
0.0
0.0
0.0
0.0
0.0
0.0
-0.000278084957552
0.0
-0.000835501363631
-0.00104977367053
0.0
0.0
0.0
0.0
0.0
0.0
0.0
0.0
0.0
0.0
0.0
0.0
0.0
0.0
0.0
0.0
0.0
0.0
0.0
0.0
0.0
0.0
0.0
0.0
0.0
0.0
0.0
0.0
0.0
0.0
0.0
0.0
0.0
0.0
0.0
0.0
0.0
0.0
0.0
0.0
0.0
0.0
0.0
0.0
0.0
0.0
0.0
0.0
0.0
0.0
0.0
0.0
0.0
0.0
0.0
0.0
0.0
0.0
0.0
0.0
0.0
0.0
0.0
0.0
0.0
0.0
0.0
0.0
0.0
0.0
0.0
0.0
0.0
0.0
0.0
0.0
0.0
0.0
0.0
0.0
0.0
0.0
0.0
0.0
0.0
0.0
0.0
0.0
0.0
0.0
0.0
0.0
0.0
0.0
0.0
0.0
0.0
0.0
0.0
0.0
0.0
0.0
0.0
0.0
0.0
0.0
0.0
0.0
0.0
0.0
0.0
0.0
0.0
0.0
0.0
0.0
0.0
0.0
0.0
0.0
0.0
0.0
0.0
0.0
0.0
0.0
0.0
0.0
0.0
0.0
0.0
0.0
0.0
0.0
0.0
0.0
0.0
0.0
0.0
0.0
0.0
0.0
0.0
0.0
0.0
0.0
0.0
0.0
0.0
0.0
0.0
0.0
0.0
0.0
0.0
0.0
0.0
0.0
0.0
0.0
0.0
0.0
0.0
0.0
0.0
0.0
0.0
0.0
0.0
0.0
0.0
0.0
0.0
0.0
0.0
0.0
0.0
0.0
0.0
0.0
0.0
0.0
0.0
0.0
0.0
0.0
0.0
0.0
0.0
0.0
0.0
0.0
0.0
0.0
0.0
0.0
0.0
0.0
0.0
0.0
0.0
0.0
0.0
0.0
0.0
0.0
0.0
0.0
0.0
0.0
0.0
0.0
0.0
0.0
0.0
0.0
0.0
0.0
0.0
0.0
0.0
0.0
0.0
0.0
0.0
0.0
0.0
0.0
0.0
0.0
0.0
0.0
0.0
0.0
0.0
0.0
0.0
0.0
0.0
0.0
0.0
0.0
0.0
0.0
0.0
0.0
0.0
0.0
0.0
0.0
0.0
0.0
0.0
0.0
0.0
0.0
0.0
0.0
0.0
0.0
0.0
0.0
0.0
0.0
0.0
0.0
0.0
0.0
0.0
0.0
0.0
0.0
0.0
0.0
0.0
0.0
0.0
0.0
0.0
0.0
0.0
0.0
0.0
0.0
0.0
0.0
0.0
0.0
0.0
0.0
0.0
0.0
0.0
0.0
0.0
0.0
0.0
0.0
0.0
0.0
0.0
0.0
0.0
0.0
0.0
0.0
0.0
0.0
0.0
0.0
0.0
0.0
0.0
0.0
0.0
0.0
0.0
0.0
0.0
0.0
0.0
0.0
0.0
0.0
0.0
0.0
0.0
0.0
0.0
0.0
0.0
0.0
0.0
0.0
0.0
0.0
0.0
0.0
0.0
0.0
0.0
0.0
0.0
0.0
0.0
0.0
0.0
0.0
0.0
0.0
0.0
0.0
0.0
0.0
0.0
0.0
0.0
0.0
0.0
0.0
0.0
0.0
0.0
0.0
0.0
0.0
0.0
0.0
0.0
0.0
0.0
0.0
0.0
0.0
0.0
-0.0023528123076
-0.000708458509678
-0.00100037852713
-0.00144632135474
0.0
0.0
0.0
0.0
0.0
0.0
0.0
0.0
0.0
0.0
0.0
0.0
0.000640754305258
-0.000235784084587
-0.000176134578003
-0.00077839921138
0.0
0.0
0.0
0.0
0.0
0.0
0.0
0.0
0.0
0.0
0.0
0.0
0.0
0.0
0.0
0.0
0.0
0.0
0.0
0.0
0.0
0.0
0.0
0.0
0.0
0.0
0.0
0.0
0.0
0.0
0.0
0.0
0.0
0.0
0.0
0.0
0.0
0.0
0.0
0.0
0.0
0.0
0.0
0.0
0.0
0.0
0.0
0.0
0.0
0.0
0.0
0.0
0.0
0.0
0.0
0.0
0.0
0.0
0.0
0.0
0.0
0.0
0.0
0.0
0.0
-0.000684616093712
-0.000982156418998
-0.00109173363755
-0.00121159675461
-0.00142625995688
-0.00168417643143
-0.000198235025344
-0.000148701363807
-0.000324707335561
-0.00114205836272
0.0
0.0
0.0
0.0
0.0
0.0
0.00106560780153
0.00406365027358
0.00312824442029
0.028948674619
0.0337960562908
0.0235351847309
0.0
0.00229004154834
-0.00202334444675
-0.00126792150163
-0.00121002732547
0.000166831189741
-0.000843541564019
-0.00048045261173
-8.4488040112e-05
0.0
0.0
0.0
0.0
0.0
-0.00202334444675
-0.00145883415393
-0.00132157748932
-0.000275802913351
-0.000981105055484
0.000203197236155
-0.000418769659768
-0.00012853045046
-0.000179064649329
0.0
0.0
0.0
0.0
0.0
0.0
0.0
0.0
0.0
0.0
0.0
-0.000403700949136
0.0
0.0
0.0
0.0
0.0
0.0
0.0
0.0
0.0
-0.000626131013706
-0.000528035567819
0.0
0.0
0.0
0.0
-0.000467564404176
-0.00099104639104
-0.00128466842488
-0.000488515737911
0.0
0.0
0.0
0.0
0.0
0.0
-0.00414511464391
-0.00414511464391
-0.000219752402264
-0.00414511464391
-0.00414511464391
-0.000219752402264
0.0
0.0
0.0
0.0
0.0
0.0
0.0
0.0
0.0
0.0
0.0
0.0
0.0
0.0
0.0
0.0
-0.000604213050377
1.10001033362e-05
-0.00089090153511
-0.0013664885232
-0.00131084896614
-0.00107469556339
-0.00129231156961
-0.000242840449492
-0.00033077903134
-0.00101958373601
-0.000131516651409
-0.00113678307608
-0.00116463014722
-0.000974842804834
-0.00128767716302
-0.000222113499113
-0.00173934057787
-0.000255661283448
0.00160394776364
0.00127986487668
-0.000660585712016
0.000572115801098
-6.88354495364e-05
-0.000224124841344
-0.000450720926655
-0.000780552980507
-0.000822739765018
7.48660564782e-05
0.000513059209291
0.000715177486119
-0.000837187911461
-0.000216654703119
-0.000706440467424
-0.000613428556113
0.00088060304822
0.0
0.0
-0.00060011662235
-0.000637070990468
-0.000604216581595
-0.000868950866438
-0.000206032877768
-0.000927443869321
-0.00169733438433
-0.00091203274297
-0.000869112979791
-8.94185963947e-05
-0.000326943019995
-0.000829495452989
0.0
-0.000876841236132
-0.00089506625444
0.000754668151342
0.00102955433377
0.00123407621034
-0.000207699468523
-0.000828222534656
-0.000675691555651
-0.00108523886166
-0.00185654356821
-0.000692142452047
-0.000704490697189
-0.000774228044746
-0.000222657271732
0.0
0.0
-0.000409820813618
-0.000744818159295
-0.00028805849191
-0.00077909323068
-0.000278074733148
-0.000189028896861
0.0
-2.81346334995e-05
-0.000271574293328
-0.000520046272515
-0.00104475488855
-0.000386568068216
-0.000164681733062
-7.40354958658e-05
0.034597672389
0.0312866805428
0.0229414305005
0.0120537950849
0.012679998644
0.00328083765351
0.00213402253253
0.0148526773577
0.0
0.0
-0.000949087959364
-0.00117091540944
-0.000839954416379
-0.00016918004055
-0.000249265710031
-0.000463549674467
-0.000663723274039
0.0
-0.000591818579574
-0.0011957234723
-0.00156104552518
-0.000184012034039
-0.000831419455252
-7.97597204928e-05
-2.28630833205e-05
0.0
-0.000803028448832
-0.00108502034382
-0.00127990285453
-0.000789620203858
7.37009172342e-06
-0.000207171963274
-0.00134183172554
-0.00145212385919
-0.00150142443759
-0.00238580508373
-0.00232556733118
-0.000992992771448
-6.32244238998e-05
-0.000726238814563
-0.00106846508904
-0.000772828103733
-0.000934509151398
-0.00108782111881
0.00064717125782
0.000420897763679
-0.000635831218462
0.000339092366273
0.0379634883445
0.0320121760513
0.0182924092835
0.0155271801727
0.0125546942548
0.0185015853422
0.0
0.0
-0.0008391418031
-0.000671369551363
-0.000617268210125
-0.000541334534292
-7.11597307385e-05
-9.60454637492e-05
-3.57592004455e-05
-5.36927682801e-05
0.0
0.0
0.0
0.0
0.0
0.0
0.0
0.0
0.0
0.0
0.0
0.0
0.0
0.0
0.0
0.0
0.0
0.0
0.0
0.0
0.0
0.0
0.0
0.0
0.0
-0.0025013306861
-0.00250659706979
-0.00250659706979
-0.00250659706979
-0.00250659706979
-0.00250659706979
-0.00250659706979
0.0
0.0
0.0
0.0
0.0
0.0
0.0
0.0
0.0
0.0
0.0
0.0
0.0
0.0
0.0
0.0
-0.00294880565454
-0.00157928299805
-0.00111562979695
0.0
0.0
0.0
0.0
0.0
-0.00029026741551
-0.000689929440348
-0.00163899110782
-0.00219430384568
0.0
0.0
0.0
0.0
-0.00222411838001
-0.00268326334085
-0.00239845063508
-9.3124464898e-05
0.0
0.0
0.0
0.0
0.000540439885481
0.0083853219863
0.0242527131981
0.0220476117576
0.0
-2.81346334995e-05
-0.000431333152312
-0.000179914016278
-0.00256871755741
-0.00292078601017
-0.0028176886015
-0.00149647392603
0.0183858646321
0.0142839501036
0.0117412133196
0.0158676086639
0.0
0.0
0.0
0.0
0.0
0.0
0.000374438769277
0.000584260784475
0.0219993263238
0.0175349727972
0.00522414832863
0.00288514650111
0.0
0.0
0.0
0.0
0.0
0.0
0.0
0.0
0.0
0.0
0.0
0.0
-0.000271361437097
-0.0011740867505
-0.000219752402264
-0.000219752402264
-0.000219752402264
-0.000219752402264
-0.000219752402264
-0.000219752402264
0.0158437795817
0.0
0.0
0.0
0.0
0.0
0.0
0.0
-0.000130126766763
0.0
-0.00115980332759
-0.00082553661253
0.0
0.0
-0.000816497915189
0.0
-0.00340931711367
-0.00111375884107
-0.00114335383495
-0.00114333085755
-0.00016642908103
-5.69021054182e-05
-0.000667215700373
-0.000602965910457
-0.00136067082088
-0.00108941579365
-0.00121425632612
-0.000700619607985
-0.0014930043097
-0.00128123448877
-0.00120748762971
-0.00126300929213
-0.00124400069122
-0.000410097339256
-0.00095626280939
-0.000843439498512
-0.00130879528026
-0.00155046882976
-0.00125048883312
-0.00125428236008
-2.72736201056e-05
0.0042356882916
0.000245150040329
-0.000798582668429
0.00095135168536
0.0014060135015
-0.00045500360531
0.00119357984069
0.0
0.0
0.0
0.0
0.0
0.0
0.0
0.0
0.0
-0.000997811525376
-0.00182656179436
-0.000478558273624
0.0
0.0
-0.000273680087549
0.0
-0.00132950085725
-0.000873936384641
-0.00256620602888
-0.000583211163712
-0.00200156579321
-0.00228316489833
-0.000286278759675
0.0
-0.00131285966575
-0.00167366462546
-0.00100947119256
-0.000333607592946
0.00185398669063
-0.00126121437228
-0.000243345212757
0.0
-0.000788989000978
-0.00122143588855
-0.000776201366733
0.0
-0.000919455248798
-0.000945397554873
-0.000285958384304
0.0
0.000176001350339
0.00590515110056
0.00759094688719
0.00571403430647
0.198468253761
0.198468253761
0.198468253761
0.0
0.00393159362924
0.00255733647527
0.00232147974111
0.000378612490353
-0.00200798387917
-0.00200798387917
-0.00200798387917
0.0
0.0
0.0
0.0
0.0
0.0
-0.000509882357075
-0.00122134579315
-0.000964148862352
-0.00138286497788
-0.002716854763
-0.0012155700286
-0.00132883889502
-0.00125165036893
-0.00136774838962
-0.00152512669724
-0.00306138671588
-0.00109660727238
-0.00115512372364
-0.00114212613832
-0.00122105138358
-0.00122943754424
0.00174488320609
0.00485402357516
0.00541786489622
-0.00125701142322
-0.000794727300039
-0.00129878462119
-0.00142987751069
-0.00126016557644
-0.000160743615989
-0.000756420366219
-0.000892666432234
-0.00106786173468
0.0
0.0
0.0
0.0
0.0
0.0
0.0
-0.000885172874514
-0.00211646325272
0.0131323410279
0.00861218473103
0.0185779171049
0.0188835706221
0.0102552568749
0.010710138749
-0.000822535568575
-0.00075968898408
0.0
0.0
0.0
0.0
0.0
0.0
-0.00207365272501
-0.00154734290945
-5.02439450831e-05
-5.02439450831e-05
-5.02439450831e-05
0.0
-5.02439450831e-05
-5.02439450831e-05
0.0
0.0
0.110211967067
0.157190235458
0.0
0.0
0.0
0.0
0.00156580916464
-0.000606213269402
0.215145526146
0.215145526146
0.215145526146
0.215145526146
0.215145526146
0.215145526146
0.216853256917
0.0
0.0
0.0
0.0
0.0
0.0
0.0
-0.000222117014006
0.0
-0.00123176138883
-0.000969232059358
0.0
0.0
0.0
0.0
0.0
0.0
0.0
0.0
-6.04359465746e-05
0.0
0.0
0.0
-8.12984471423e-05
0.0
-5.59381234248e-05
-4.33668003707e-05
0.000124085296078
-3.99546783332e-05
-4.56507351288e-05
0.0
-5.37503898824e-05
0.0
-7.66823320526e-05
-8.0323519023e-05
-1.5749132214e-05
-6.25399994132e-05
-2.94634838832e-05
-8.22109633483e-05
0.0
0.0
0.0
0.0
0.0
0.0
0.0
0.0
-0.000127083068467
0.0
0.0
-4.75589220391e-05
0.0
0.0
0.0
0.0
-5.11453582344e-05
0.0
0.0
-9.52700137444e-05
0.0
0.0
0.0
0.0
0.0
0.0
0.0
0.0
-7.5096550253e-05
0.0
-3.3878254446e-05
0.0
0.000418588398956
-7.77749318166e-05
0.000448763771878
-8.17848456339e-05
2.91032953594e-05
-5.29820632005e-05
-0.000128438606352
-8.47275385982e-05
-0.000134161002445
0.00110287760036
-0.000146289758597
0.00661516581329
-9.64283448132e-05
0.00848641035778
-8.56367011228e-05
-0.000114147415846
0.0
0.0
0.0
0.0
0.0
0.0
0.0
0.0
0.0
0.0
-0.000219293881003
-7.07867954294e-05
0.0
0.0
0.0
-7.33724273289e-05
0.0
0.0
-0.000165085112938
0.00848875941702
0.0
0.0
0.0
-0.000104094063465
0.0
0.0
0.0
0.0
-6.03335690109e-05
0.0
-5.48035853647e-05
0.0
-0.000171995132089
-7.27147483564e-05
-0.000277378016172
-7.59345918092e-05
2.18513589579e-05
0.0
-0.000133206570752
-0.000118837215802
-0.00014187064996
-0.000129235302788
-0.000222237500631
-0.000105985029607
-0.000132080327517
0.0
-0.000124983705759
-0.000128637536335
0.0
0.0
0.0
0.0
0.0
0.0
0.0
0.0
0.0
0.0
-0.00031660688074
0.0
0.0
0.0
0.0
-9.16673290806e-05
0.0
0.0
-0.000300636525085
0.0
0.0
0.0
0.0
-9.57553290358e-05
0.0
0.0
0.0
0.0
0.0
0.0
0.0
0.0
-0.000221752295696
-0.000199355755156
-0.000439211109891
-0.000121117370427
0.0
-0.000155958040017
0.0
-0.00012980687615
-0.000194336694543
-0.000183174694726
-0.000362250625882
-0.000143839439075
0.0
-0.000122929568136
0.0
-0.000140138489332
0.0
0.0
0.0
0.0
0.0
0.0
0.0
0.0
0.0
0.0
-0.000499831841097
0.0
0.0
0.0
0.0
-0.00012671346288
0.0
0.0
-0.000477581591302
0.0
0.0
0.0
0.0
-0.000115569853378
0.0
0.0
0.0
0.0
-8.03848941402e-05
0.0
-0.000100962157298
0.0
-0.000521447368784
-0.000399658737433
-0.00072983343217
-0.000359498531274
-0.000794743954944
0.0
-0.000614681782156
-0.000131958746342
-0.000337548875698
-0.000408348118981
-0.000706283886027
-0.000326158293769
-0.000801677120837
0.0
-0.000473215653518
-0.000149171877223
0.0
0.0
0.0
0.0
0.0
0.0
0.0
0.0
-0.000416711446286
0.0
0.0
-0.000293788360074
-0.000604748979668
0.0
0.0
-0.000142894952056
-0.000386767667051
0.0
0.0
-0.000281614644403
-0.000683701306235
0.0
0.0
-0.000109001407979
0.0
0.0
0.0
0.0
-0.0001633959091
0.0
-0.000147947869625
0.0
-0.000363213327487
0.0
0.0
-0.000274176441598
-0.000587328935439
-0.000165998439284
-0.000292933040716
-0.000208538747688
-0.000390718519106
0.0
0.0
-0.000250404324002
-0.000480114484329
-0.000164367327723
-0.000433674251044
-0.000126181133747
0.0
0.0
0.0
0.0
-0.000132365557896
0.0
-0.000145158620608
0.0
-0.000378296402078
0.0
-0.000118545018423
-0.000120475695102
-0.000228194070283
0.0
0.0
0.0
-0.000363932394935
0.0
-0.000394077380819
-0.000212372027408
-0.000537059538186
0.0
0.0
0.0
0.0
0.0
0.0
0.0
0.0
0.0
0.0
0.0
0.0
0.0
0.0
-0.000245475357518
-0.00047355108406
0.0
0.0
0.0
0.0
0.0
0.0
-0.000198661653201
-0.000341693252763
0.0
0.0
0.0
0.0
0.0
0.0
0.0
-0.000146805724344
0.0
-0.000158369007194
0.0
-0.000267812590364
-0.000134356867046
-0.000341527650638
1.00784750482e-05
-0.000375680107429
-0.000194627898706
-0.000340403288455
-0.00016349255363
1.2514622511e-05
-0.000224837179947
-0.000343925108761
-0.000212636441338
-0.000466754324542
-0.000204702268045
-0.000374909558867
-0.000142291967249
0.0
0.0
0.0
0.0
0.0
0.0
0.0
0.0
0.0
0.0
0.0
0.0
0.0
0.0
0.0
0.0
0.0
0.0
0.0
0.0
0.0
0.0
0.0
0.0
0.0
0.0
0.0
0.0
0.0
0.0
0.0
0.0
0.0
0.0
0.0
-0.00202334444675
-0.00159013953914
-0.00143388170504
-0.000466789576538
0.0
0.0
0.0
0.0
0.0
0.0
0.0
0.0
0.0
0.0
0.0
0.0
-0.00121581314645
-0.000804175755164
-0.00077839921138
-0.000959672453166
0.0
0.0
0.0
0.0
0.0
0.0
0.0
0.0
0.0
0.0
0.0
0.0
-0.000179064649329
0.0
0.0
-0.000179064649329
0.0
0.0
0.0
0.0
0.0
0.0
0.0
0.0
0.0
0.0
0.0
0.0
0.0
0.0
0.0
0.0
0.0
0.0
0.0
0.0
0.0
0.0
0.0
0.0
0.0
0.0
0.0
0.0
0.0
0.0
0.0
0.0
0.0
0.0
0.0
0.0
0.0
0.0
0.0
0.0
0.0
0.0
0.0
0.0
0.0
0.0
0.0
0.0
0.0
-0.000345232810696
-0.000391788005104
-0.000365421477439
-0.000314228244536
-0.000300032290298
-0.000337077570262
-0.000189659255335
-7.7946549387e-05
-0.000752868536224
-0.000213131794721
-0.00111224413193
-0.000481496697836
-0.00118123426061
0.0
0.0
0.0
-3.96525504608e-05
0.00207469098492
0.00323498279203
0.0482577657061
0.0339329144458
0.0244760253825
0.0
-0.000703561313586
-0.00255207859284
-0.00123698731628
-0.000507128082442
-0.000973857227417
-0.000487779596077
-8.4488040112e-05
0.0
0.0
0.0
0.0
0.0
0.0
-0.00255207859284
-0.00105667375922
-0.000313717434776
-0.000441442867405
6.91662538935e-05
-0.000427813530551
-0.000153001963283
-0.000153853079021
0.0
0.0
0.0
0.0
0.0
0.0
0.0
0.0
0.0
0.0
0.0
0.0
9.31422472549e-05
-0.000403700949136
0.0
0.0
0.0
0.0
0.0
0.0
0.0
0.0
-0.000438039988405
-0.00039039278455
0.0
0.0
-3.53506506384e-05
0.0
-0.000823325242759
-0.000908684778161
-0.000813591214544
-0.00128466842488
0.0
0.0
0.0
0.0
0.0
0.0
-0.000219752402264
-0.000219752402264
-0.00414511464391
-0.000219752402264
-0.000219752402264
-0.00414511464391
0.0
0.0
0.0
0.0
0.0
0.0
0.0
0.0
