0.0
0.0
0.0
0.0
0.0
0.0
0.0
0.0
0.000803419971487
0.000583598260768
0.000379738411085
0.000586282505922
0.000804737214898
0.00136320908745
0.00107465607195
0.000587352273696
0.000898254618141
0.00109949050371
0.000301831547816
0.000523828329059
0.000962348915593
0.000756180135087
0.00132552455797
0.000587352273696
0.00090152848806
0.000854322235236
0.0001795864987
0.000310634117358
0.000776137127091
0.00103817327293
0.00120153649363
0.000587352273696
0.000975836588756
0.000702105296005
0.000459867426529
0.000592183336734
0.0007010026054
0.000738834440736
0.000470775119241
0.000587352273696
0.000414315413634
0.000400987772111
-0.185964608155
-0.216465933577
0.0
0.000186373877947
0.00066290356008
0.00066290356008
0.000329296900789
6.11741578233e-05
0.00049966834552
0.00101322193136
0.00107568295829
0.00053194474282
0.00114613189314
0.00037485557486
0.000394747331962
0.0
0.000328003129302
0.000782081556171
0.000775272628883
0.000377513294459
0.00131637590865
0.000181486268109
0.00039495321331
0.000392269177624
0.000198865522637
0.000893354065496
0.000819053603584
0.000439342760533
0.00119378490166
0.000296133844024
0.0
0.0
0.000135189855469
0.00022632033304
0.00111161501115
0.000561501520804
0.000741346513739
0.000317200492318
0.0
0.0
0.00012780835529
0.0003607076993
0.00080240471791
0.000461276340517
0.000679410380569
1.58330029751e-05
-0.0637848508892
-0.068503764138
-0.077471920619
-0.0901512917716
-0.0200383548737
-0.120359732042
-0.0124310359991
-0.155107657552
0.0
0.0
0.000302291398152
0.000384093122041
0.000592738986695
-0.000861435164782
0.00126301814484
0.000173133904255
0.000334208197429
0.0
0.000251129435193
0.000380556602004
0.000979092048698
-0.000845872073447
0.0010193834496
0.000182620581008
1.53121222712e-05
0.0
0.000255006532402
0.000446780495803
0.00107232547161
0.000441808120253
0.00106952164454
0.000202813262061
0.000651635449151
0.000483554466632
0.000161808174202
0.000526075327283
0.000605386935252
0.000737303491903
0.000448513278353
0.000364481208241
-0.00142079160144
0.000477940526968
0.000505953759379
0.000661969453894
0.000198169643235
0.000377622280653
0.000483013304742
0.000373463409383
-0.0914229488039
-0.0256339735042
-0.0213722820434
-0.0178948741971
-0.0389293416702
-0.171342176257
-0.20303755909
0.0
0.000468442772298
0.000180937509176
0.000305860720434
0.000408010721614
2.35298856854e-05
4.2283745781e-05
2.83860910057e-05
1.41122225178e-05
0.0
0.0
0.0
0.0
0.0
0.0
0.0
0.0
0.0
0.0
0.0
0.0
0.0
0.0
0.0
0.0
0.0
0.0
0.0
0.0
0.0
0.0
0.0
0.0
0.0
0.00120149074192
0.00120275473003
0.00120275473003
0.00120275473003
0.00120275473003
0.00120275473003
0.00120275473003
0.0
0.0
0.0
0.0
0.0
0.0
0.0
0.0
0.0
0.0
0.0
0.0
0.0
0.0
0.0
0.0
0.000809701683873
-0.000199939370044
-5.84353189113e-05
0.0
0.0
0.0
0.0
0.0
-0.00564975827183
-0.00484680026995
-0.00837774069851
-0.0274958880537
0.0
0.0
0.0
0.0
-0.000328467318277
-0.000156274019912
-0.000479866228846
-0.0237971102321
0.0
0.0
0.0
0.0
0.000360965493551
-0.00250151946351
-0.0030884657002
-0.00175843468861
0.0
0.0
0.000280731369207
0.000194839686469
0.000258168571026
0.00011056576494
-0.00823399573455
-0.00303689249712
-0.0803790954511
-0.0733685187632
-0.0395705138215
-0.114238187285
0.0
0.0
0.0
0.0
0.0
0.0
7.24847858293e-05
0.000242434378259
-0.0136020442518
-0.0091487705899
-0.0086624940083
-0.00509125536379
0.0
-0.229097700728
-0.229097700728
-0.00293390772999
0.0
0.0
0.0
0.0
0.0
0.0
0.0
0.0
6.30595814575e-05
0.000488168938598
-0.00034258525456
-0.00034258525456
-0.00034258525456
-0.00034258525456
-0.00034258525456
-0.00034258525456
-0.219066648441
0.0
0.0
0.0
0.0
0.0
0.0
0.0
5.52891406265e-05
0.0
0.000675275336074
0.000590573945743
0.0
0.0
0.000392269177624
0.0
0.000441974833506
0.000626035370425
0.00056059553397
0.000551554535227
4.87596662939e-05
3.46737566589e-05
0.00063742152156
0.000560419565761
0.000644088116943
0.000651177876361
0.000570605113424
0.00038146550597
0.000497719152926
0.000478008800981
0.000519262502486
0.000545737697902
0.000426139628815
0.000551442085863
0.000330092597697
0.000216640567894
0.000726253157576
0.000777197576645
0.00067389137081
0.000650036913556
2.46697564184e-05
-0.00115383113085
0.000382108895082
0.000432615021982
0.000355614370777
0.00155748602924
0.000344569127223
0.000344569127223
0.0
0.0
0.0
0.0
0.0
0.0
0.0
0.0
0.0
0.000428454225552
0.000249824551624
0.000176068911002
0.0
0.0
0.000385573441827
0.0
0.00044516172046
0.000420069322895
0.000408720978613
0.000303227024714
0.000532485712057
0.000564979743457
0.000384494179015
0.0
0.000550201076951
0.000473770229727
0.000311441715164
5.859662969e-05
0.000533597998188
0.000699098177593
0.000363781517594
0.0
0.000266326005399
0.00038711360801
0.000124457001963
0.0
0.00042080687544
0.000290105044435
0.000268039873372
0.0
-0.000872791839305
-0.00931214876662
-0.00339858082834
-0.00200438385156
-0.0463620466533
-0.0463620466533
-0.0463620466533
0.0
-0.0101370996222
-0.0722042436628
-0.0912347588129
-0.189858719042
-0.139601414744
-0.139601414744
-0.139601414744
0.0
0.0
0.0
0.0
0.0
0.0
0.000111302999544
0.000908263514637
0.000361602535061
0.000576989835386
0.000438043870042
0.000638913478731
0.000659187430484
0.000628745275938
0.000655948768525
0.000669175427482
0.00079391573872
9.79665870474e-05
0.000484503823211
0.000460673702334
0.000727222009319
0.000691239655794
0.000101309901572
-0.000661126296887
0.000168721150204
0.000580360859689
0.000722912090635
0.000576156470931
0.00061238647031
0.000439899261407
0.000467355243179
0.000266196231966
0.000389079564088
-0.00142228150471
0.0
0.0
0.0
0.0
0.0
0.0
0.0
-0.000316808195916
-0.00739169951103
-0.0228335339431
-0.0179658935806
-0.155283639558
-0.182562783968
-0.113113720469
-0.208197798885
0.000395710234091
0.000276777031394
0.0
0.0
0.0
0.0
0.0
0.0
-0.0096816930246
-0.0172241596943
-0.250675419754
-0.250675419754
-0.250675419754
0.0
-0.250675419754
-0.250675419754
0.0
0.0
-0.00773139487311
-0.0108594828328
0.0
0.0
0.0
0.0
0.000522301917883
0.000263026518
-0.015112084848
-0.015112084848
-0.015112084848
-0.015112084848
-0.015112084848
-0.015112084848
-0.0265796838532
0.0
0.0
0.0
0.0
0.0
0.0
0.0
0.000130345054182
0.0
0.000570282093346
0.000583697621717
0.0
0.0
0.0
0.0
0.0
0.0
0.0
0.0
0.0
0.0
0.0
0.0
0.0
0.0
0.0
0.0
0.0
0.0
0.0
0.0
0.0
0.0
0.0
0.0
0.0
0.0
0.0
0.0
0.0
0.0
0.0
0.0
0.0
0.0
0.0
0.0
0.0
0.0
0.0
0.0
0.0
0.0
0.0
0.0
0.0
0.0
0.0
0.0
0.0
0.0
0.0
0.0
0.0
0.0
0.0
0.0
0.0
0.0
0.0
0.0
0.0
0.0
0.0
0.0
0.0
0.0
0.0
0.0
0.0
0.0
0.0
0.0
0.0
0.0
0.0
0.0
0.0
0.0
0.0
0.0
0.0
0.0
0.0
0.0
0.0
0.0
0.0
0.0
0.0
0.0
0.0
0.0
0.0
0.0
0.0
0.0
0.0
0.0
0.0
0.0
0.0
0.0
0.0
0.0
0.0
0.0
0.0
0.0
0.0
0.0
0.0
0.0
0.0
0.0
0.0
0.0
0.0
0.0
0.0
0.0
0.0
0.0
0.0
0.0
0.0
0.0
0.0
0.0
0.0
0.0
0.0
0.0
0.0
0.0
0.0
0.0
0.0
0.0
0.0
0.0
0.0
0.0
0.0
0.0
0.0
0.0
0.0
0.0
0.0
0.0
0.0
0.0
0.0
0.0
0.0
0.0
0.0
0.0
0.0
0.0
0.0
0.0
0.0
0.0
0.0
0.0
0.0
0.0
0.0
0.0
0.0
0.0
0.0
0.0
0.0
0.0
0.0
0.0
0.0
0.0
0.0
0.0
0.0
0.0
0.0
0.0
0.0
0.0
0.0
0.0
0.0
0.0
0.0
0.0
0.0
0.0
0.0
0.0
0.0
0.0
0.0
0.0
0.0
0.0
0.0
0.0
0.0
0.0
0.0
0.0
0.0
0.0
0.0
0.0
0.0
0.0
0.0
0.0
0.0
0.0
0.0
0.0
0.0
0.0
0.0
0.0
0.0
0.0
0.0
0.0
0.0
0.0
0.0
0.0
0.0
0.0
0.0
0.0
0.0
0.0
0.0
0.0
0.0
0.0
0.0
0.0
0.0
0.0
0.0
0.0
0.0
0.0
0.0
0.0
0.0
0.0
0.0
0.0
0.0
0.0
0.0
0.0
0.0
0.0
0.0
0.0
0.0
0.0
0.0
0.0
0.0
0.0
0.0
0.0
0.0
0.0
0.0
0.0
0.0
0.0
0.0
0.0
0.0
0.0
0.0
0.0
0.0
0.0
0.0
0.0
0.0
0.0
0.0
0.0
0.0
0.0
0.0
0.0
0.0
0.0
0.0
0.0
0.0
0.0
0.0
0.0
0.0
0.0
0.0
0.0
0.0
0.0
0.0
0.0
0.0
0.0
0.0
0.0
0.0
0.0
0.0
0.0
0.0
0.0
0.0
0.0
0.0
0.0
0.0
0.0
0.0
0.0
0.0
0.0
0.0
0.0
0.0
0.0
0.0
0.0
0.0
0.0
0.0
0.0
0.0
0.0
0.0
0.0
0.0
0.0
0.0
0.0
0.0
0.0
0.0
0.0
0.0
0.0
0.0
0.0
0.0
0.0
0.0
0.0
0.0
0.0
0.0
0.0
0.0
0.0
0.0
0.0
0.0
0.0
0.0
0.00091485205928
0.000263127829261
0.000418074419456
0.000595896252892
0.0
0.0
0.0
0.0
0.0
0.0
0.0
0.0
0.0
0.0
0.0
0.0
-0.000440883546108
9.3629837382e-05
-8.69850669024e-06
0.000287333417734
0.0
0.0
0.0
0.0
0.0
0.0
0.0
0.0
0.0
0.0
0.0
0.0
0.0
0.0
0.0
0.0
0.0
0.0
0.0
0.0
0.0
0.0
0.0
0.0
0.0
0.0
0.0
0.0
0.0
0.0
0.0
0.0
0.0
0.0
0.0
0.0
0.0
0.0
0.0
0.0
0.0
0.0
0.0
0.0
0.0
0.0
0.0
0.0
0.0
0.0
0.0
0.0
0.0
0.0
0.0
0.0
0.0
0.0
0.0
0.0
0.0
0.0
0.0
0.0
0.0
0.000343937960153
0.00044445561731
0.00045477620576
0.000462048394311
0.000510871972998
0.000592126328464
6.52001077309e-05
4.24717691632e-05
0.00021344553042
-0.0032276806366
0.0
0.0
0.0
0.0
0.0
0.0
4.02953357847e-05
-0.000303502241594
-3.9476359659e-05
-0.0599183973061
-0.0634051255742
-0.0148724927418
0.0
0.000101574389357
0.00081903188823
0.00067152496163
0.000151106601092
0.000241716233342
0.000369469559185
0.000210393579836
1.17741636975e-05
0.0
0.0
0.0
0.0
0.0
0.00081903188823
0.000520332940751
0.000586096037416
0.000383606599321
0.000324126004562
-0.00260159080133
0.000104952073072
3.55419382384e-05
2.46777259709e-05
0.0
0.0
0.0
0.0
0.0
0.0
0.0
0.0
0.0
0.0
0.0
0.00121238238103
0.0
0.0
0.0
0.0
0.0
0.0
0.0
0.0
0.0
0.00027052972
0.00023529142515
0.0
0.0
0.0
0.0
0.000245347736973
0.000397567560496
0.000512087408529
0.00020145556556
0.0
0.0
0.0
0.0
0.0
0.0
-0.00034258525456
-0.00034258525456
0.00155748602924
-0.00034258525456
-0.00034258525456
0.00155748602924
0.0
0.0
0.0
0.0
0.0
0.0
0.0
0.0
0.0
0.0
0.0
0.0
0.0
0.0
0.0
0.0
0.000919413725625
0.00102019647248
0.000774356187022
0.000597519170225
0.000622592214882
0.000378847538041
0.000470524836784
0.000119674350695
0.00103567843334
0.00059760265531
0.000701230034408
0.000731123700211
0.000380348025589
0.000528809701735
0.000508186942806
0.000118904168882
0.000515453239923
0.000517373884785
0.000433653476119
0.000386293369282
0.000462771110659
0.000295074464927
0.000273849983654
0.000119208135499
0.00108550373633
0.00103554598216
0.00051412572529
0.000527793167435
0.000968141706668
0.000538501813652
0.00120915556559
0.000117082390684
0.000243015404967
0.000353697360204
-0.000273334258412
0.0
0.0
0.000199022502206
0.000356409015861
0.000404315333112
0.000453297906568
0.000186541557003
0.00052908405544
0.00092743755801
0.000734236529269
0.000959475561468
0.000458931634085
0.000768446466029
0.000337464159597
0.0
0.000475719590167
0.000900389640354
0.000485603152863
0.000567086502545
0.000280906182359
0.000903550436926
0.000338323977695
0.000291100132103
0.000589647145
0.000745888568154
0.000552691253984
0.000776415407686
0.000391764757868
0.000867683779672
0.0
0.0
-5.88381023979e-05
0.000336448475568
0.000742934133158
0.000965549575467
0.000386496235036
0.000416253080244
0.0
1.99933962503e-05
0.000185136854454
0.000351311428968
0.000634204906038
0.000713167111379
0.000251034345009
0.000389703044785
-0.0276250475987
-0.0268399704077
-0.0275294380872
-0.0186976124784
-0.0137390706527
-0.0122682020966
-0.00178578473685
-0.0131431661906
0.0
0.0
0.000251034416404
0.00053482265057
-0.000606174303135
0.000722578891787
0.000429657338207
0.000634227882958
0.000269218396273
0.0
0.000208870991776
0.000452292963554
-0.000299602554397
0.000736596053374
0.000406423103092
0.000545982377271
1.24514012014e-05
0.0
0.00034320831693
0.000256977714004
0.000842100814687
0.000884456116177
0.000407636374349
0.000451245698543
0.000757313699107
0.000211169104231
0.000537803099924
0.000554649736618
0.000596559152905
0.000414157370162
0.0010120091509
0.000722327849344
0.000664253986939
0.000263743791193
0.000588359156642
0.000805363227622
0.000338832549983
0.000269295499233
0.000435771718869
0.000345246377161
-0.0321818108853
-0.0342971291536
-0.0268991449598
-0.0230084925089
-0.0217513829383
-0.0132181715877
0.0
0.0
0.00120656891386
0.000155149905695
6.60096382909e-05
0.000800798495764
6.75122326187e-05
5.34831709282e-05
2.73088265848e-05
3.34389961449e-05
0.0
0.0
0.0
0.0
0.0
0.0
0.0
0.0
0.0
0.0
0.0
0.0
0.0
0.0
0.0
0.0
0.0
0.0
0.0
0.0
0.0
0.0
0.0
0.0
0.0
0.00104773144073
0.00104861048077
0.00104861048077
0.00104861048077
0.00104861048077
0.00104861048077
0.00104861048077
0.0
0.0
0.0
0.0
0.0
0.0
0.0
0.0
0.0
0.0
0.0
0.0
0.0
0.0
0.0
0.0
0.000179078488122
9.36920684633e-05
0.00027054263897
0.0
0.0
0.0
0.0
0.0
-0.00494270054339
-0.002804381852
-0.00608821302323
-0.00870737122024
0.0
0.0
0.0
0.0
-0.00331550124595
-0.00443126567466
-0.0113048861443
0.000103713656413
0.0
0.0
0.0
0.0
0.000432897757423
-0.00131414979965
-0.00704929738478
-0.00416459245206
0.0
1.99933962503e-05
0.000257316571199
0.000261353035547
0.000466205613987
-0.00435371669372
-0.00245365263206
-0.00465683124535
-0.0236252553501
-0.0177826874982
-0.0138465427794
-0.0126721352158
0.0
0.0
0.0
0.0
0.0
0.0
4.05467260262e-05
-0.000192922914541
-0.0133734286252
-0.0102673197144
-0.00509125536379
-0.0018338661181
0.0
0.0
0.0
0.0
0.0
0.0
0.0
0.0
0.0
0.0
0.0
0.0
8.60323598791e-05
0.000543876605712
0.00155748602924
0.00155748602924
0.00155748602924
0.00155748602924
0.00155748602924
0.00155748602924
-0.00840634366937
0.0
0.0
0.0
0.0
0.0
0.0
0.0
7.44780080313e-05
0.0
0.000617762337181
0.000419808519516
0.0
0.0
0.000331448541211
0.0
0.000718806592189
0.000387903519345
0.000551695596398
0.000588701960627
0.000150750089587
3.10123059694e-05
0.000319328085785
0.000298720338332
0.000741277004219
0.000649060841039
0.000684445742406
0.000267794707026
0.000519502517893
0.000533224779032
0.000614751643666
0.0006593098601
0.000348464322305
0.000288760663508
0.000358631686817
0.000137704864628
0.000607605425922
0.000748449449538
0.000540682357834
0.000500589348119
1.77229163684e-05
-0.000647856020797
-0.000492211586231
-0.000580227718232
0.000943819701692
-5.58263004246e-05
7.33033218427e-05
-0.00125300099604
0.0
0.0
0.0
0.0
0.0
0.0
0.0
0.0
0.0
0.000480612744261
0.000497029506896
0.000318989691214
0.0
0.0
0.00017260624906
0.0
0.000528111514207
0.000509819922333
0.000500990201902
0.000370055768879
0.00070598066105
0.000710642034943
0.000166860021372
0.0
0.000655567011721
0.000627813358264
0.000168543710098
9.29769294723e-05
7.69081032656e-05
0.000701920626107
0.00011981488476
0.0
0.000291572069485
0.000256632691737
0.000236045328595
0.0
-9.60963408809e-05
5.91833027884e-05
0.000100794565028
0.0
0.000111909625733
-0.00821816328116
-0.013880915218
-0.0265295332509
-0.0265796838532
-0.0265796838532
-0.0265796838532
0.0
-0.00817696941346
-0.00601244753036
-0.00510692824431
-0.00859152082749
-0.0197167954261
-0.0197167954261
-0.0197167954261
0.0
0.0
0.0
0.0
0.0
0.0
0.000255397458551
0.000413097659653
0.000606654334314
0.000548259217727
0.000560568233608
0.000574569448573
0.000563854054966
0.000558589120799
0.000516258465521
0.00074854732331
0.000680316970365
0.00054756630172
0.000423357185843
0.000643867214513
0.000644618605426
0.000732293312487
0.000491771105718
0.00013997554107
-0.000783408719247
0.000518386441729
0.000679272716535
0.000612387529982
0.000484811717622
0.000464055685459
0.000375351546761
0.000301427452178
8.54930817106e-05
0.000663838975059
0.0
0.0
0.0
0.0
0.0
0.0
0.0
-0.000305132316123
-0.0022209315481
-0.020537850419
-0.0223570810992
-0.0112336049949
-0.0129974052024
-0.015984595929
-0.0104890310125
0.000404983857575
0.000395710234091
0.0
0.0
0.0
0.0
0.0
0.0
-0.0030885467201
-7.34098798966e-05
-2.8580226098e-05
-2.8580226098e-05
-2.8580226098e-05
0.0
-2.8580226098e-05
-2.8580226098e-05
0.0
0.0
-0.0233281869701
-0.0343767730151
0.0
0.0
0.0
0.0
-0.00169891984648
0.000325091565998
-0.0553588854899
-0.0553588854899
-0.0553588854899
-0.0553588854899
-0.0553588854899
-0.0553588854899
-0.0468664752421
0.0
0.0
0.0
0.0
0.0
0.0
0.0
0.000108799666272
0.0
0.000505869008433
0.000544579238133
0.0
0.0
0.0
0.0
0.0
0.0
0.0
0.0
1.92619357392e-05
0.0
0.0
0.0
4.08171938578e-05
0.0
3.01431172639e-05
2.22954360211e-05
4.10517964504e-06
2.04076824437e-06
2.40950336557e-05
0.0
2.54056048034e-05
0.0
3.21947087792e-05
2.85794220538e-05
1.25871426492e-05
1.87716538546e-05
1.60705786762e-05
1.17372230128e-05
0.0
0.0
0.0
0.0
0.0
0.0
0.0
0.0
6.04815960308e-05
0.0
0.0
2.52456426102e-05
0.0
0.0
0.0
0.0
2.52571181327e-05
0.0
0.0
3.6220374875e-05
0.0
0.0
0.0
0.0
0.0
0.0
0.0
0.0
3.7556257453e-05
0.0
1.64846040468e-05
0.0
-0.000992601652029
4.16861893518e-05
-0.000364177279881
4.49029127458e-05
3.62524029679e-05
3.10678370763e-05
4.66976300359e-05
3.77246822128e-05
6.0288221657e-05
-0.000853727454244
5.9692089868e-05
-0.00115752934516
4.29063986783e-05
-0.00151089718846
4.76698509037e-05
5.96858186835e-05
0.0
0.0
0.0
0.0
0.0
0.0
0.0
0.0
0.0
0.0
9.50968940592e-05
3.5514376902e-05
0.0
0.0
0.0
3.71906805971e-05
0.0
0.0
7.80609677612e-05
-0.00152456210743
0.0
0.0
0.0
5.10771828871e-05
0.0
0.0
0.0
0.0
-3.99222305405e-06
0.0
2.42972115487e-05
0.0
7.43167840066e-05
2.05591669251e-05
0.000131237955197
3.42095796285e-05
5.35475939557e-05
0.0
7.01638846117e-05
5.41899537326e-05
6.46395393849e-05
4.8843587591e-05
0.000115849106629
5.18243330881e-05
6.37796660701e-05
0.0
5.35927349592e-05
4.23591984614e-05
0.0
0.0
0.0
0.0
0.0
0.0
0.0
0.0
0.0
0.0
0.000151448519459
0.0
0.0
0.0
0.0
4.57917012074e-05
0.0
0.0
0.000154856631712
0.0
0.0
0.0
0.0
4.67377149119e-05
0.0
0.0
0.0
0.0
0.0
0.0
0.0
0.0
0.000103819363601
8.93115023135e-05
0.000206700444602
6.2013847469e-05
0.0
7.25453340177e-05
0.0
5.99449773095e-05
9.36493932963e-05
8.44880021096e-05
0.000172045842423
7.02197687262e-05
0.0
5.00023690774e-05
0.0
6.82209322666e-05
0.0
0.0
0.0
0.0
0.0
0.0
0.0
0.0
0.0
0.0
0.000220467743244
0.0
0.0
0.0
0.0
6.03866633092e-05
0.0
0.0
0.000211427088974
0.0
0.0
0.0
0.0
5.91499923916e-05
0.0
0.0
0.0
0.0
4.12770204966e-05
0.0
5.03694618781e-05
0.0
0.00023146603174
0.000180341280678
0.000305769342868
0.000165786838801
0.000330899767453
0.0
0.000260876941466
6.29138944526e-05
9.37828296647e-05
0.000187611474553
0.000302999497691
0.00014888921876
0.00033409435009
0.0
0.000203717195103
6.44576834369e-05
0.0
0.0
0.0
0.0
0.0
0.0
0.0
0.0
0.000180820736819
0.0
0.0
0.000137431939109
0.000105395458187
0.0
0.0
5.48495130118e-05
0.000176539741106
0.0
0.0
0.000125978490895
0.000290725705739
0.0
0.0
5.76417718327e-05
0.0
0.0
0.0
0.0
7.20384374906e-05
0.0
7.36753527139e-05
0.0
0.000159685024581
0.0
0.0
0.000117909511896
0.000253366600108
7.74862524795e-05
8.26175278348e-05
8.97003692066e-05
0.000172399270454
0.0
0.0
0.000111693108328
0.000148243821963
7.61669591771e-05
0.000198422302265
6.77813714709e-05
0.0
0.0
0.0
0.0
4.77971545004e-05
0.0
6.56555964642e-05
0.0
0.000173875522681
0.0
-0.000442028219906
-0.000112377897232
8.04927572231e-05
0.0
0.0
0.0
0.000164535931923
0.0
0.000190072938044
9.48668519809e-05
0.000241415702232
0.0
0.0
0.0
0.0
0.0
0.0
0.0
0.0
0.0
0.0
0.0
0.0
0.0
0.0
0.000107683337508
0.000211827361698
0.0
0.0
0.0
0.0
0.0
0.0
9.91028917349e-05
9.81307470907e-05
0.0
0.0
0.0
0.0
0.0
0.0
0.0
7.74846870114e-05
0.0
7.69294075882e-05
0.0
0.00012586980257
-0.000102868859649
0.000149744961823
-5.47637898124e-05
0.000179822794341
7.67458843543e-05
-0.000372397790241
7.2406260217e-05
-3.45815360525e-05
0.000106516510997
0.000164944623377
9.02868475395e-05
0.000202857444801
9.01143873223e-05
0.000165554382632
7.07762912513e-05
0.0
0.0
0.0
0.0
0.0
0.0
0.0
0.0
0.0
0.0
0.0
0.0
0.0
0.0
0.0
0.0
0.0
0.0
0.0
0.0
0.0
0.0
0.0
0.0
0.0
0.0
0.0
0.0
0.0
0.0
0.0
0.0
0.0
0.0
0.0
0.00081903188823
0.000598972277121
0.000588639685926
7.23094290318e-05
0.0
0.0
0.0
0.0
0.0
0.0
0.0
0.0
0.0
0.0
0.0
0.0
0.00047168165381
0.000270424770546
0.000287333417734
0.000382224983761
0.0
0.0
0.0
0.0
0.0
0.0
0.0
0.0
0.0
0.0
0.0
0.0
2.46777259709e-05
0.0
0.0
2.46777259709e-05
0.0
0.0
0.0
0.0
0.0
0.0
0.0
0.0
0.0
0.0
0.0
0.0
0.0
0.0
0.0
0.0
0.0
0.0
0.0
0.0
0.0
0.0
0.0
0.0
0.0
0.0
0.0
0.0
0.0
0.0
0.0
0.0
0.0
0.0
0.0
0.0
0.0
0.0
0.0
0.0
0.0
0.0
0.0
0.0
0.0
0.0
0.0
0.0
0.0
0.00023507342325
0.000237616096186
0.000214931431591
0.000172214382005
0.000148530607744
0.000135066048872
7.02757334618e-05
4.54611798047e-05
0.000357385437016
0.000146278247441
0.00039085503824
0.000182582099897
0.000408045548009
0.0
0.0
0.0
0.00070597660891
-0.000446125625749
-0.000478583790209
-0.0321717939145
-0.0201372809353
-0.0135824939517
0.0
-0.000124644112613
0.00101556420904
0.000423546926471
0.000460253899554
0.000424663314719
0.000209588009311
1.17741636975e-05
0.0
0.0
0.0
0.0
0.0
0.0
0.00101556420904
0.000655253812427
0.000393523074858
6.15910846131e-05
-0.00245180843248
0.000104317368933
3.90790914153e-05
1.93420425944e-05
0.0
0.0
0.0
0.0
0.0
0.0
0.0
0.0
0.0
0.0
0.0
0.0
0.000988689527424
0.00121238238103
0.0
0.0
0.0
0.0
0.0
0.0
0.0
0.0
0.000286957215181
0.000260238738768
0.0
0.0
1.83325822207e-05
0.0
0.000278133886441
0.000415529007364
0.000333961248483
0.000512087408529
0.0
0.0
0.0
0.0
0.0
0.0
0.00155748602924
0.00155748602924
-0.00034258525456
0.00155748602924
0.00155748602924
-0.00034258525456
0.0
0.0
0.0
0.0
0.0
0.0
0.0
0.0
