0.0
0.0
0.0
0.0
0.0
0.0
0.0
0.0
-0.000405689474864
-0.000621163287788
-0.00152757324621
0.000326265753999
-0.0500790200641
-0.115336184045
-0.0986868210366
-0.00670171887044
-0.000560312301903
-0.0582742839258
-0.00131680304719
2.64462617964e-05
-0.0770159730322
-0.0964774769136
-0.140928618113
-0.00670171887044
-0.0367810763448
-0.0586966285016
-0.00151697555403
0.000276813726328
-0.0750626417632
-0.107232441484
-0.133076246272
-0.00670171887044
0.000943193690737
-1.33876356699e-05
-0.00102649437409
-0.000442709710122
-0.00518300854779
-0.0863776021235
1.58567505202e-05
-0.00670171887044
-0.0293670639593
-0.00917390142873
-0.000797506122355
-0.000892355577147
0.0
0.000290720664458
0.00150538113565
0.00150538113565
0.000545620581464
0.000179123355314
0.000645556274089
-0.0258088047168
-0.0486283618985
-0.000734645097334
-0.118870421719
-0.000646513709793
0.000815903957368
0.0
0.000524166497701
-0.0230405044327
-0.0471661871653
-0.000882843701943
-0.138202840417
-0.000380738372423
0.000809219342077
0.000796412878676
0.00102685947052
-0.0204666133748
-0.0513458441791
-0.00133505891226
-0.125214255508
-0.000949171518214
0.0
0.0
0.000281442234639
-0.011890867233
-0.0465200531207
4.14647480111e-05
-0.0487558285387
-0.000195700227395
0.0
0.0
0.000335417294019
-0.00818998142438
-0.0333364040566
0.00140895451272
-0.040174886239
9.74987284677e-05
0.00024447435251
0.000161107771503
1.0990248985e-05
-0.000139787279501
0.000151615165275
-0.000288039798483
8.30530680416e-05
-0.000500589433714
0.0
0.0
0.000567975543713
0.000634648924359
-0.0257638975527
0.000436175679428
-0.109218936111
-0.000700619018831
0.000931068230483
0.0
-0.000341951575686
0.000152484697488
-0.0319471905177
0.000137711638953
-0.0934711598571
-0.000301429276074
-3.34176979248e-05
0.0
0.000644594103212
0.000598998038305
-0.0304722344276
0.000230647329329
-0.0997064993731
-0.000628207047167
0.00097674371455
0.000912621378035
0.00114627843032
0.000964791985216
-0.0362256420372
-0.0595969867846
-0.00156105649146
-0.00122673300537
0.00247669309632
-0.00108844572812
0.0014967424761
0.00127061719733
8.5532496043e-05
-0.0575100245076
-0.0597686263269
0.000632891714484
-1.13460389034e-05
0.000226168723883
-0.000189419041101
0.000200884651783
6.07769159254e-05
-0.000561419386664
-0.000813030218702
0.0
7.67709161697e-05
-0.00550991698464
-0.00593945407291
-0.00550889521056
6.63467505757e-05
7.03766679251e-05
0.000108724901906
-4.15254679284e-05
0.0
0.0
0.0
0.0
0.0
0.0
0.0
0.0
0.0
0.0
0.0
0.0
0.0
0.0
0.0
0.0
0.0
0.0
0.0
0.0
0.0
0.0
0.0
0.0
0.0
0.00206742078219
0.00207158157645
0.00207158157645
0.00207158157645
0.00207158157645
0.00207158157645
0.00207158157645
0.0
0.0
0.0
0.0
0.0
0.0
0.0
0.0
0.0
0.0
0.0
0.0
0.0
0.0
0.0
0.0
-0.0550145826674
0.000713258009324
0.00135045712679
0.0
0.0
0.0
0.0
0.0
0.00113407774706
-0.0622618811632
-0.0841160240974
0.00045598413043
0.0
0.0
0.0
0.0
0.00105214955362
-0.0442145666576
-0.115010099512
0.000289979983395
0.0
0.0
0.0
0.0
0.0011713930189
-0.0497274696075
-0.0521879643483
0.00129481626773
0.0
0.0
-0.0068173068996
-0.000609867396224
0.00191684697596
-0.000285109416089
-0.0755743627767
-0.00195990170573
0.000198698689484
3.61486216879e-05
-7.86685404527e-06
-0.000412477727878
0.0
0.0
0.0
0.0
0.0
0.0
0.00245103269398
0.00192845756667
0.000151412084618
0.00017066231587
2.96163565909e-06
9.18002062039e-05
0.0
-0.000908721743348
-0.000908721743348
5.88912095299e-05
0.0
0.0
0.0
0.0
0.0
0.0
0.0
0.0
-7.19064882625e-05
0.000313613956864
0.00220051161669
0.00220051161669
0.00220051161669
0.00220051161669
0.00220051161669
0.00220051161669
-0.000899047088106
0.0
0.0
0.0
0.0
0.0
0.0
0.0
0.000189927633178
0.0
-0.0173222786641
0.00152754152605
0.0
0.0
0.000796412878676
0.0
0.000948929625155
-0.00069531690106
-0.00964119367128
0.00101415888981
0.000146713651297
9.78938549746e-05
-0.0081190108395
-0.00187562732732
0.000900758092214
0.00121982329428
0.0009365429598
0.00147974493447
0.000312485703753
0.000961847480533
0.00115093732196
0.000754513895379
0.000873704184165
0.000844846224676
0.000693710859419
0.000527233847303
0.000737773056031
0.00120161562923
0.000970460260679
0.00116009963044
0.00010039841083
0.000763442413129
0.00192345345316
0.00163940753893
0.00175054741325
-0.181511219966
0.0012154093477
0.0012154093477
0.0
0.0
0.0
0.0
0.0
0.0
0.0
0.0
0.0
0.000555543955025
0.00114776868
0.000583279718358
0.0
0.0
-0.00269103266082
0.0
0.000527808118837
0.000827177254232
-0.00420541756929
0.00060554995647
-0.00700369213982
-0.00583075823746
-0.00265752650445
0.0
0.00144062851703
0.00158001891864
-0.000188375884708
2.87887378221e-05
0.00146277325161
0.00159553368567
-0.00300909513558
0.0
0.00056967144047
0.000468264199367
0.000289755544061
0.0
0.000138541579589
0.000220715841381
-0.00196345564875
0.0
0.00191698183903
0.00104924781863
0.000790763383203
-0.0575941966145
0.000121059216449
0.000121059216449
0.000121059216449
0.0
-0.000593872492994
-0.00111254076691
-0.00148518290099
-0.00047024483915
-0.000827896407637
-0.000827896407637
-0.000827896407637
0.0
0.0
0.0
0.0
0.0
0.0
-0.000152128025157
-0.0498054623464
0.00200945489354
0.000581716514461
0.000348764345601
6.49738007954e-07
0.000984796624804
0.000937041964597
0.000173419794341
0.000411944765041
-0.0323073295483
0.000890389515651
0.000579385548672
0.00115798639582
0.00165905462192
0.00173164331737
0.00169900683161
0.00162904093602
0.000654847968214
0.000573057250876
0.000686393696
0.00103541004466
0.000914359881101
0.000583550742946
0.00047535462206
8.20974636866e-05
0.000521480204915
0.00247503703334
0.0
0.0
0.0
0.0
0.0
0.0
0.0
-0.0190296795045
0.00129062509205
-4.70022784836e-05
0.000104990039085
-0.000457190661933
-0.000532032016108
-0.000535439700887
-0.000755622245465
0.00118711666899
0.000205164754054
0.0
0.0
0.0
0.0
0.0
0.0
0.000962465423362
0.000998144042499
-0.000847886386473
-0.000847886386473
-0.000847886386473
0.0
-0.000847886386473
-0.000847886386473
0.0
0.0
-0.000152875768611
-6.97938012173e-06
0.0
0.0
0.0
0.0
-0.0136807328597
-0.000171280588081
-0.000197904212607
-0.000197904212607
-0.000197904212607
-0.000197904212607
-0.000197904212607
-0.000197904212607
-0.000296893436429
0.0
0.0
0.0
0.0
0.0
0.0
0.0
0.000175950624424
0.0
-0.0127178355595
0.00167006818509
0.0
0.0
0.0
0.0
0.0
0.0
0.0
0.0
0.0
0.0
0.0
0.0
0.0
0.0
0.0
0.0
0.0
0.0
0.0
0.0
0.0
0.0
0.0
0.0
0.0
0.0
0.0
0.0
0.0
0.0
0.0
0.0
0.0
0.0
0.0
0.0
0.0
0.0
0.0
0.0
0.0
0.0
0.0
0.0
0.0
0.0
0.0
0.0
0.0
0.0
0.0
0.0
0.0
0.0
0.0
0.0
0.0
0.0
0.0
0.0
0.0
0.0
0.0
0.0
0.0
0.0
0.0
0.0
0.0
0.0
0.0
0.0
0.0
0.0
0.0
0.0
0.0
0.0
0.0
0.0
0.0
0.0
0.0
0.0
0.0
0.0
0.0
0.0
0.0
0.0
0.0
0.0
0.0
0.0
0.0
0.0
0.0
0.0
0.0
0.0
0.0
0.0
0.0
0.0
0.0
0.0
0.0
0.0
0.0
0.0
0.0
0.0
0.0
0.0
0.0
0.0
0.0
0.0
0.0
0.0
0.0
0.0
0.0
0.0
0.0
0.0
0.0
0.0
0.0
0.0
0.0
0.0
0.0
0.0
0.0
0.0
0.0
0.0
0.0
0.0
0.0
0.0
0.0
0.0
0.0
0.0
0.0
0.0
0.0
0.0
0.0
0.0
0.0
0.0
0.0
0.0
0.0
0.0
0.0
0.0
0.0
0.0
0.0
0.0
0.0
0.0
0.0
0.0
0.0
0.0
0.0
0.0
0.0
0.0
0.0
0.0
0.0
0.0
0.0
0.0
0.0
0.0
0.0
0.0
0.0
0.0
0.0
0.0
0.0
0.0
0.0
0.0
0.0
0.0
0.0
0.0
0.0
0.0
0.0
0.0
0.0
0.0
0.0
0.0
0.0
0.0
0.0
0.0
0.0
0.0
0.0
0.0
0.0
0.0
0.0
0.0
0.0
0.0
0.0
0.0
0.0
0.0
0.0
0.0
0.0
0.0
0.0
0.0
0.0
0.0
0.0
0.0
0.0
0.0
0.0
0.0
0.0
0.0
0.0
0.0
0.0
0.0
0.0
0.0
0.0
0.0
0.0
0.0
0.0
0.0
0.0
0.0
0.0
0.0
0.0
0.0
0.0
0.0
0.0
0.0
0.0
0.0
0.0
0.0
0.0
0.0
0.0
0.0
0.0
0.0
0.0
0.0
0.0
0.0
0.0
0.0
0.0
0.0
0.0
0.0
0.0
0.0
0.0
0.0
0.0
0.0
0.0
0.0
0.0
0.0
0.0
0.0
0.0
0.0
0.0
0.0
0.0
0.0
0.0
0.0
0.0
0.0
0.0
0.0
0.0
0.0
0.0
0.0
0.0
0.0
0.0
0.0
0.0
0.0
0.0
0.0
0.0
0.0
0.0
0.0
0.0
0.0
0.0
0.0
0.0
0.0
0.0
0.0
0.0
0.0
0.0
0.0
0.0
0.0
0.0
0.0
0.0
0.0
0.0
0.0
0.0
0.0
0.0
0.0
0.0
0.0
0.0
0.0
0.0
0.0
0.0
0.0
0.0
0.0
0.0
0.0
0.0
0.0
0.0
0.0
0.0
0.0
0.0
0.0
0.0
0.0
0.0
0.0
0.0
0.0
0.0
0.0
0.0
0.0
0.0
0.0025599233217
0.00182229817584
0.000419313562244
0.00107421407074
0.0
0.0
0.0
0.0
0.0
0.0
0.0
0.0
0.0
0.0
0.0
0.0
0.000132972566878
-0.000182822701583
-0.000899278158807
-0.000472042910704
0.0
0.0
0.0
0.0
0.0
0.0
0.0
0.0
0.0
0.0
0.0
0.0
0.0
0.0
0.0
0.0
0.0
0.0
0.0
0.0
0.0
0.0
0.0
0.0
0.0
0.0
0.0
0.0
0.0
0.0
0.0
0.0
0.0
0.0
0.0
0.0
0.0
0.0
0.0
0.0
0.0
0.0
0.0
0.0
0.0
0.0
0.0
0.0
0.0
0.0
0.0
0.0
0.0
0.0
0.0
0.0
0.0
0.0
0.0
0.0
0.0
0.0
0.0
0.0
0.0
7.20234934989e-05
-0.000957256503846
-0.00207657197344
-0.00315601346777
-0.00472351540856
-0.00684526699692
-0.00114736476924
-0.00103491192105
0.00079465552682
0.000410755158038
0.0
0.0
0.0
0.0
0.0
0.0
0.00156502391698
-0.00212571414048
-0.00298684908125
-1.54167026689e-05
9.20349586053e-05
0.000139777161125
0.0
-0.00447096657094
0.00238741904713
0.00194609313916
0.00153855660875
0.000968497109485
0.000626099155152
0.000194534125719
8.24146012787e-05
0.0
0.0
0.0
0.0
0.0
0.00238741904713
0.00174405060703
0.000926375268597
0.000866839538768
0.000683651713887
0.000160255793534
-0.000775216807792
-0.000778100928339
-0.000108291086218
0.0
0.0
0.0
0.0
0.0
0.0
0.0
0.0
0.0
0.0
0.0
-0.131727135272
0.0
0.0
0.0
0.0
0.0
0.0
0.0
0.0
0.0
0.000571209660814
0.000471360327772
0.0
0.0
0.0
0.0
0.000819885047418
0.000736367462235
0.00119569914024
0.000335513351604
0.0
0.0
0.0
0.0
0.0
0.0
0.00220051161669
0.00220051161669
-0.181511219966
0.00220051161669
0.00220051161669
-0.181511219966
0.0
0.0
0.0
0.0
0.0
0.0
0.0
0.0
0.0
0.0
0.0
0.0
0.0
0.0
0.0
0.0
-0.0486677621917
-0.0705278196817
-0.0498274685803
-0.0111069983383
-0.00258922521085
-0.000592773809778
-0.00451743633948
-0.000115710448143
-0.0489234392036
-6.65351103038e-05
-0.052378986744
-0.0120464720346
-0.00353459563276
-0.00147988532265
-0.00609981781524
-0.00011186991776
0.00116725018756
-2.76358808757e-05
-0.0335500985753
-0.0104332331982
-0.00390319439206
-0.00148311209156
-0.00670534161166
-8.32710915729e-05
-0.037011863338
-0.0446923236382
-0.00834321615699
-0.000973053937077
-0.0519273740991
-0.012992019228
-0.143737045393
-0.000110682083645
0.00259360133636
0.00100585533349
-0.00754829440328
0.0
0.0
-0.000690195906713
-0.00108706180048
-0.00305945388206
-0.000800771316059
-0.00937253292334
-0.00715626259134
0.000857718808255
0.000156631930058
-0.0477962665591
-0.000635420114658
-0.0799214536649
0.000873613524398
0.0
-0.00271384956286
4.03506853798e-05
1.67440934384e-05
-0.043709633697
-0.000652567946142
-0.0920625026848
0.00080673357597
0.000493322785422
-0.00427640739485
0.000717720782674
-0.000938541860942
-0.0537706379486
-0.00100152384156
-0.0879208142195
0.0
0.0
-0.00362763380748
0.00103526460945
0.000866493964715
-0.0511291571615
-0.000162352288557
-0.0269893858684
0.0
3.69791227446e-06
-7.59617742456e-05
0.000828648883073
0.00185861996873
-0.045765813542
0.000746198378677
-0.0222403025147
0.00038407958851
0.000253889913039
0.00018527933028
0.000178150517231
6.60829621827e-05
8.22895930463e-05
2.69174441842e-05
-4.1007130032e-05
0.0
0.0
-0.000630092214484
-0.015309427499
-0.000552103308564
-0.0414737890465
0.00036513257978
-0.0835965826786
-4.07788246535e-05
0.0
-0.00367582305067
-0.00402725709681
0.000652217862188
-0.0502401426073
0.00024275079963
-0.0598522302966
4.3049555804e-05
0.0
-0.00267450738693
-0.00518422082432
0.000945792084137
-0.0590071784189
9.30188437998e-05
-0.046083420688
-0.00571029078595
0.00131473695972
-0.00137603934682
-0.010199669779
-0.0010333874547
-0.00178927484092
-0.0723260356369
-0.0649147657102
-0.00564477180066
0.00145473817457
-0.00348251597533
-0.0143898180471
-0.0359455053538
0.00101507889647
0.000549716755167
-0.0457478057907
0.000178216745038
0.000248075789276
0.000191420891839
-0.000321064480765
0.000106484270448
0.000137003995985
0.0
0.0
-0.143845205228
-0.0385503636003
-0.0319206825785
-0.0961633359405
-0.00396620734082
-9.82994665149e-05
9.45426964756e-05
7.71410376627e-05
0.0
0.0
0.0
0.0
0.0
0.0
0.0
0.0
0.0
0.0
0.0
0.0
0.0
0.0
0.0
0.0
0.0
0.0
0.0
0.0
0.0
0.0
0.0
0.0
0.0
0.00221988551557
0.00221445921362
0.00221445921362
0.00221445921362
0.00221445921362
0.00221445921362
0.00221445921362
0.0
0.0
0.0
0.0
0.0
0.0
0.0
0.0
0.0
0.0
0.0
0.0
0.0
0.0
0.0
0.0
0.0015457745905
0.00030517645805
-0.000316582065249
0.0
0.0
0.0
0.0
0.0
-0.0242959716532
-0.000456087433102
2.14804346879e-05
-0.115032593882
0.0
0.0
0.0
0.0
-0.0197169226448
0.000301160464313
0.000226849538176
-0.113259617295
0.0
0.0
0.0
0.0
-0.0132578600947
0.00194891123884
0.00118626883735
-0.0494250354417
0.0
3.69791227446e-06
0.000745708962183
0.000725286928677
-0.0209433135249
-0.0384915039322
-0.00107947675964
-0.132375008075
0.000353632097714
0.000269688514481
0.000184021912827
2.26660000198e-05
0.0
0.0
0.0
0.0
0.0
0.0
0.00271785676782
0.00189697221258
0.000157865931792
6.08474767615e-05
9.18002062039e-05
4.83185363331e-05
0.0
0.0
0.0
0.0
0.0
0.0
0.0
0.0
0.0
0.0
0.0
0.0
0.000299636224312
-0.00758097561766
-0.181511219966
-0.181511219966
-0.181511219966
-0.181511219966
-0.181511219966
-0.181511219966
-0.000206705403532
0.0
0.0
0.0
0.0
0.0
0.0
0.0
0.000237010618279
0.0
0.00158665763385
-0.00451009354108
0.0
0.0
0.000859111903056
0.0
-0.00250208785865
0.000262213248299
0.000945294982359
-0.00266271435361
-0.00765357754803
9.82301769171e-05
0.000566721919862
0.000694562153915
0.00179550914825
0.00179538379374
0.00161270844961
0.00133866596539
0.00127299802222
0.00145946189623
0.00118112539462
0.0016205769213
0.000923587738684
0.000578368346926
0.000559756475987
0.00023227610521
0.000862411922159
0.00129245941268
0.00113125353365
0.00132556242805
0.000149286757941
0.000248236010412
0.000102771067217
0.00155456690256
-0.116809499148
-0.00228052895326
-0.178711832375
-0.00249053744414
0.0
0.0
0.0
0.0
0.0
0.0
0.0
0.0
0.0
0.000867722017447
-0.00666422182359
-0.00225188871598
0.0
0.0
0.00024642964505
0.0
0.00137322378632
-0.00209198266546
0.000286466570221
-0.00662099274711
0.000856940716101
0.000991069527577
0.000294575376893
0.0
0.00164613133852
0.00118997565254
0.000441399049502
-0.000165178629283
0.00177701524466
0.00131052283573
0.000225502929584
0.0
0.000307657534875
0.000298174625585
0.000385811635141
0.0
5.16855273343e-05
-0.000119728858904
6.0689628007e-06
0.0
-0.0213255219898
-0.033684084929
-0.0585294634784
0.000867374196689
-0.000296893436429
-0.000296893436429
-0.000296893436429
0.0
-0.0001144117357
-0.000163916435101
-7.76527864915e-05
-0.00151729744672
-0.000244527683884
-0.000244527683884
-0.000244527683884
0.0
0.0
0.0
0.0
0.0
0.0
0.000775130141387
0.00170425762483
0.000532263072574
0.00107691408692
-0.000272188485645
-0.00152113633621
0.000671095123189
0.000764472880603
-0.00470597918039
-0.0162884386958
0.000593599915866
0.00151542438655
0.00104953121732
0.00140382947801
0.00136106050174
0.00152982081698
0.00167015456477
0.00128205089158
0.00170256706976
-7.09981677211e-06
0.000795568696139
0.000624400329292
0.000438418806751
0.000646697503139
-4.56145615303e-05
0.000254614464408
0.000219474453269
-0.00565061168404
0.0
0.0
0.0
0.0
0.0
0.0
0.0
0.000920279224017
-0.026878142078
0.000209599720738
6.20161841299e-05
-7.97407549483e-05
2.38381757807e-05
1.24504507875e-07
-0.000127590784819
-0.000305817037652
0.00118711666899
0.0
0.0
0.0
0.0
0.0
0.0
0.00137424942694
0.00137684380617
5.39009867717e-05
5.39009867717e-05
5.39009867717e-05
0.0
5.39009867717e-05
5.39009867717e-05
0.0
0.0
0.000193543708768
-1.35672358729e-05
0.0
0.0
0.0
0.0
0.0033163131125
0.000964304882604
0.000105664869619
0.000105664869619
0.000105664869619
0.000105664869619
0.000105664869619
0.000105664869619
0.000135771908931
0.0
0.0
0.0
0.0
0.0
0.0
0.0
0.000363901723629
0.0
0.00152524707263
0.000958624345584
0.0
0.0
0.0
0.0
0.0
0.0
0.0
0.0
9.12023316748e-05
0.0
0.0
0.0
0.000113912145166
0.0
9.77833774628e-05
7.03855440435e-05
-7.11457654509e-05
7.28869158213e-05
6.60867446633e-06
0.0
7.26065561746e-05
0.0
1.62216541387e-05
0.00011310085649
4.68156034386e-05
9.80970045681e-05
5.11186489939e-05
8.5420178032e-05
0.0
0.0
0.0
0.0
0.0
0.0
0.0
0.0
0.000121100531894
0.0
0.0
5.67318962065e-05
0.0
0.0
0.0
0.0
5.63911108957e-05
0.0
0.0
0.00010480118732
0.0
0.0
0.0
0.0
0.0
0.0
0.0
0.0
0.000112112501915
0.0
5.10322902519e-05
0.0
0.000212193914244
0.000113941041908
0.000236953771244
0.000136440556832
5.31126689271e-05
7.00505996111e-05
4.45454646486e-05
0.000102407617842
0.000163879416544
0.000123237561748
0.000169181881974
0.000169171341882
0.000152862499386
0.000148468474202
5.55709804122e-05
-0.00015588142352
0.0
0.0
0.0
0.0
0.0
0.0
0.0
0.0
0.0
0.0
0.000288674166783
0.000103145180896
0.0
0.0
0.0
0.000121381763534
0.0
0.0
0.000217335606385
0.000146063654935
0.0
0.0
0.0
0.000156417529918
0.0
0.0
0.0
0.0
5.64293588613e-05
0.0
7.56636006908e-05
0.0
0.000225926135725
0.000106489580694
0.000339217617039
0.000103151921344
6.21519903684e-05
0.0
5.77454898899e-05
0.000110702050013
0.000191505071129
0.000109666749807
0.000247934202333
0.000154574370556
0.000169811862591
0.0
0.000160132151181
0.000157043679736
0.0
0.0
0.0
0.0
0.0
0.0
0.0
0.0
0.0
0.0
0.000189703375782
0.0
0.0
0.0
0.0
3.63129053404e-05
0.0
0.0
0.000159800570173
0.0
0.0
0.0
0.0
8.77629894892e-05
0.0
0.0
0.0
0.0
0.0
0.0
0.0
0.0
0.000312861067804
0.000242347708291
0.000506135750182
0.000189537918579
0.0
0.000205894860645
0.0
0.000187955218688
0.000287822980371
0.000241690689222
0.000400848849329
0.000204009271315
0.0
0.000171580605253
0.0
0.000196906550636
0.0
0.0
0.0
0.0
0.0
0.0
0.0
0.0
0.0
0.0
0.000548509408066
0.0
0.0
0.0
0.0
0.000181469195157
0.0
0.0
0.000522394622283
0.0
0.0
0.0
0.0
0.000184873747059
0.0
0.0
0.0
0.0
0.000108007361956
0.0
0.000145549758738
0.0
0.00068407387298
0.000531756533738
0.000788374441728
0.000455233636137
0.000799920633433
0.0
0.000580246621821
0.000184407211993
0.000591656987618
0.000528757636471
0.000708210705771
0.000465744311467
0.000818370759931
0.0
0.000526416407793
0.000177854314864
0.0
0.0
0.0
0.0
0.0
0.0
0.0
0.0
0.000500009338218
0.0
0.0
0.000399233616914
0.000717395271533
0.0
0.0
0.000162830850382
0.00045790575284
0.0
0.0
0.000379777529612
0.000748463039498
0.0
0.0
0.00014880228298
0.0
0.0
0.0
0.0
0.000222316169767
0.0
0.000203805579936
0.0
0.000507480716523
0.0
0.0
0.000384154196813
0.000761124100354
0.000222589954771
0.000229158127512
0.000244954809526
0.000501110968144
0.0
0.0
0.000351024822653
0.000772187155536
0.000222121323801
0.000448566506805
0.000207413310939
0.0
0.0
0.0
0.0
0.000190518363891
0.0
0.000209217618107
0.0
0.000529901475444
0.0
0.000513683054453
0.000368385955611
0.000552918423116
0.0
0.0
0.0
0.000497781063236
0.0
0.000299156492838
0.000295146753921
0.000710658286159
0.0
0.0
0.0
0.0
0.0
0.0
0.0
0.0
0.0
0.0
0.0
0.0
0.0
0.0
0.000343379100832
0.000618942552276
0.0
0.0
0.0
0.0
0.0
0.0
0.000268019797763
0.000644848708205
0.0
0.0
0.0
0.0
0.0
0.0
0.0
0.000219750231898
0.0
0.000224412571226
0.0
0.000382911956823
0.000331363897316
0.000465125900263
0.000366383860748
0.000568028333861
0.000271992913651
0.000258385328577
0.00022254868888
0.000386693714037
0.000191913596584
0.00042191250376
0.00029371735837
0.000633600144025
0.000271558939115
0.000403478436588
0.000220558838974
0.0
0.0
0.0
0.0
0.0
0.0
0.0
0.0
0.0
0.0
0.0
0.0
0.0
0.0
0.0
0.0
0.0
0.0
0.0
0.0
0.0
0.0
0.0
0.0
0.0
0.0
0.0
0.0
0.0
0.0
0.0
0.0
0.0
0.0
0.0
0.00238741904713
0.00199946745859
0.00108466925407
0.000886245395501
0.0
0.0
0.0
0.0
0.0
0.0
0.0
0.0
0.0
0.0
0.0
0.0
0.000689831142673
-0.000480512929715
-0.000472042910704
0.000872124652419
0.0
0.0
0.0
0.0
0.0
0.0
0.0
0.0
0.0
0.0
0.0
0.0
-0.000108291086218
0.0
0.0
-0.000108291086218
0.0
0.0
0.0
0.0
0.0
0.0
0.0
0.0
0.0
0.0
0.0
0.0
0.0
0.0
0.0
0.0
0.0
0.0
0.0
0.0
0.0
0.0
0.0
0.0
0.0
0.0
0.0
0.0
0.0
0.0
0.0
0.0
0.0
0.0
0.0
0.0
0.0
0.0
0.0
0.0
0.0
0.0
0.0
0.0
0.0
0.0
0.0
0.0
0.0
0.000856922107044
0.000869084989292
0.000639803569239
0.000380342304641
0.00016246944978
3.68098650927e-05
-0.000630558758294
8.96684528501e-05
-0.000984767867373
-1.73256676756e-05
-0.00437042104543
-0.002166129672
-0.00482472907032
0.0
0.0
0.0
-0.0532317192072
-0.00138296656357
1.61369268749e-05
0.000275242475078
-0.000538911256189
-0.000923240226624
0.0
-0.0133578142537
0.00279679930602
0.00192178974966
0.00115957543376
0.00064999211955
0.000205172246299
8.24146012787e-05
0.0
0.0
0.0
0.0
0.0
0.0
0.00279679930602
0.00170542501789
0.000660702688333
0.0010593440797
0.000147629734382
-0.000785816571018
-0.000858295744775
6.34057473343e-05
0.0
0.0
0.0
0.0
0.0
0.0
0.0
0.0
0.0
0.0
0.0
0.0
-0.124788326078
-0.131727135272
0.0
0.0
0.0
0.0
0.0
0.0
0.0
0.0
0.00080581203132
0.000753073968935
0.0
0.0
5.02475556529e-05
0.0
0.00051948221426
0.00143000790322
0.000585442573783
0.00119569914024
0.0
0.0
0.0
0.0
0.0
0.0
-0.181511219966
-0.181511219966
0.00220051161669
-0.181511219966
-0.181511219966
0.00220051161669
0.0
0.0
0.0
0.0
0.0
0.0
0.0
0.0
