0.0
0.0
0.0
0.0
0.0
0.0
0.0
0.0
0.00282380013321
0.00219689459539
0.00133373269162
0.00225636090567
0.000932024086462
-0.000796928193708
-0.000434487767612
0.0028094037692
0.00300313920208
0.00123961473725
0.000979651786465
0.00171679233801
-0.000396348768487
-0.000675937429759
-0.00184245370296
0.0028094037692
0.00175637373911
0.000762919953149
0.000762964828839
0.00149313890668
-0.000363572327857
-0.00100249580977
-0.00171542994741
0.0028094037692
0.00329703490245
0.00229129701472
0.00164061980276
0.00246614853107
0.0024069348066
-0.000341749157902
0.00167161855042
0.0028094037692
0.000425137864362
-0.000169215604243
0.00169889083419
0.00200196111954
0.0
0.000615694736386
0.00302303137896
0.00302303137896
0.00115203111634
0.000198333357805
0.00178340284344
0.00221788862296
0.00144088526727
0.00177463280737
-0.00139115350474
0.00131995239091
0.00134576331973
0.0
0.00102324044824
0.00239944383434
0.000901699826063
0.00157131553522
-0.00200453918749
0.000981066448136
0.00134779769313
0.00133979533671
-0.00127567098177
0.00224142172171
0.000586592548665
0.00138383106275
-0.00182633081346
0.00102421800401
0.0
0.0
0.000444560547059
0.00119622021887
0.00197691887579
0.00218878083456
0.000501897508188
0.000969838760505
0.0
0.0
0.000314382023261
0.000711914167657
0.00169899753807
0.00202267036337
0.000602046900167
0.000854034221469
-0.000973826084017
-0.0011962891903
-0.000875474805887
-0.000591209948493
-0.0011177224989
0.000254341351745
-0.000944030638985
0.00135233945031
0.0
0.0
0.00127864204057
0.00196733212837
0.00220875745876
0.00220560687399
-0.000754977870895
0.00102941035887
0.000960178108477
0.0
0.0013210060274
0.00160554685723
0.0021440329047
0.00204410410262
-0.000770275494698
0.000647723349148
4.09941408617e-05
0.0
0.000717671767334
0.00157051248603
0.00262672225177
0.00158094581478
-0.000841944656959
0.000633137363677
0.0021939591016
0.00182269981353
-0.00134124713944
0.00187411994917
0.00204641510499
0.00250360448856
0.00202987553864
0.00132767080538
0.00156711482435
0.0017746892165
0.00138723814656
0.00210784901838
0.00246494377756
0.000711077207719
0.000237095632298
0.0015584010113
-0.000771451577156
-0.00111568484971
-0.000595948669448
-0.000635161749572
-0.000349937788253
0.000904553356415
0.00187050797809
0.0
0.0016524810019
0.000520069878174
0.000465228176918
0.000980142927754
9.01464829223e-05
0.000131123693327
8.67687731305e-05
0.000112292082401
0.0
0.0
0.0
0.0
0.0
0.0
0.0
0.0
0.0
0.0
0.0
0.0
0.0
0.0
0.0
0.0
0.0
0.0
0.0
0.0
0.0
0.0
0.0
0.0
0.0
0.00456687312054
0.00457292516566
0.00457292516566
0.00457292516566
0.00457292516566
0.00457292516566
0.00457292516566
0.0
0.0
0.0
0.0
0.0
0.0
0.0
0.0
0.0
0.0
0.0
0.0
0.0
0.0
0.0
0.0
0.000447455898788
-0.00156982363387
-0.00320097846793
0.0
0.0
0.0
0.0
0.0
0.00279410226817
0.000244203352521
-0.000290013749252
0.00148979022779
0.0
0.0
0.0
0.0
0.00143208945634
0.00172335672061
-0.0013147673915
0.00164452382211
0.0
0.0
0.0
0.0
0.0017998648112
0.00126571881396
0.00037848432311
0.00161871477429
0.0
0.0
0.000543981928716
0.000600376220168
0.000595456464131
0.0024944715583
0.000489122335066
0.00354865278918
-0.000534530221458
-0.000145114126367
-0.000401992831854
0.000340658138081
0.0
0.0
0.0
0.0
0.0
0.0
-0.00772170419427
-0.00635139299657
-0.000743563235708
-0.000365144305441
-0.000883782761114
-0.000237473523848
0.0
0.00208065205396
0.00208065205396
-9.91741454077e-05
0.0
0.0
0.0
0.0
0.0
0.0
0.0
0.0
9.19106186521e-06
-0.00658156681255
-0.286357481513
-0.286357481513
-0.286357481513
-0.286357481513
-0.286357481513
-0.286357481513
0.00123778092124
0.0
0.0
0.0
0.0
0.0
0.0
0.0
0.000166231639239
0.0
0.00151631869122
0.00195106434889
0.0
0.0
0.00133979533671
0.0
0.00146963919176
0.0035304894403
0.00172323824939
0.00148689518321
0.000158636342196
0.000114483785674
0.00235974737608
0.00246233561637
0.00392819211101
0.00351039379096
0.00424353849213
0.0025700545581
0.00299131206592
0.002385865613
0.0028658461859
0.00330451444997
0.00214142452789
0.00345162183519
0.00240226226523
0.00232855446915
0.00314887129762
0.00337961906725
0.00336601368964
0.00361235997179
4.96704470456e-05
-0.0364946417523
0.00131800763545
0.00113856960556
0.00060815646512
-0.00250676118455
0.00078537195736
0.00078537195736
0.0
0.0
0.0
0.0
0.0
0.0
0.0
0.0
0.0
0.000445169098758
0.00081525594482
0.00116076990738
0.0
0.0
0.00171141111546
0.0
0.0019395029998
0.00169150156892
0.0015075056031
0.00113217939801
0.00338118018557
0.00167133879078
0.00168326745681
0.0
0.00345466021766
0.00375236213093
0.00343038951682
0.000598972594426
0.00379934283684
0.0032160070379
0.00164207002081
0.0
0.00144993083197
0.0027262569569
0.00224835242611
0.0
0.00284395165149
0.0020611368371
0.0014394178898
0.0
0.00228968194091
0.00150091804866
0.00130160023593
-0.00239784895644
-0.00746768799845
-0.00746768799845
-0.00746768799845
0.0
-5.6414994105e-07
0.000470679072251
0.000817532116666
0.00170754927825
0.00096490360124
0.00096490360124
0.00096490360124
0.0
0.0
0.0
0.0
0.0
0.0
0.00027071743751
0.000935851604289
0.00188275737207
0.00211538820479
0.00152608220085
0.00411588519149
0.00277649660127
0.00264483548643
0.00414906801235
0.00437983547156
0.000708226388241
0.00252780475837
0.00318416680343
0.00262264698019
0.00303575232481
0.00331618077342
0.00375607139234
0.00328242322463
0.00385365950236
0.0028569183568
0.00369340709147
0.00263720073495
0.00375101744195
0.0035300936458
0.00328744304009
0.0024843776792
0.00251233692828
0.00156567283734
0.0
0.0
0.0
0.0
0.0
0.0
0.0
0.000528223245139
0.00115550767111
-0.000189447455497
-0.000103396038748
0.0011780354899
0.000949364503118
0.000610937675832
0.00150943561375
-0.00240457797967
-0.0103074914774
0.0
0.0
0.0
0.0
0.0
0.0
0.00105022536756
0.00111907400445
0.00208394682732
0.00208394682732
0.00208394682732
0.0
0.00208394682732
0.00208394682732
0.0
0.0
0.00171034890059
0.00242787278552
0.0
0.0
0.0
0.0
-0.0190914702952
-0.00659314760348
0.00333746091236
0.00333746091236
0.00333746091236
0.00333746091236
0.00333746091236
0.00333746091236
0.00342459601745
0.0
0.0
0.0
0.0
0.0
0.0
0.0
0.000405987018131
0.0
0.00115591700681
0.00113509437994
0.0
0.0
0.0
0.0
0.0
0.0
0.0
0.0
0.0
0.0
0.0
0.0
0.0
0.0
0.0
0.0
0.0
0.0
0.0
0.0
0.0
0.0
0.0
0.0
0.0
0.0
0.0
0.0
0.0
0.0
0.0
0.0
0.0
0.0
0.0
0.0
0.0
0.0
0.0
0.0
0.0
0.0
0.0
0.0
0.0
0.0
0.0
0.0
0.0
0.0
0.0
0.0
0.0
0.0
0.0
0.0
0.0
0.0
0.0
0.0
0.0
0.0
0.0
0.0
0.0
0.0
0.0
0.0
0.0
0.0
0.0
0.0
0.0
0.0
0.0
0.0
0.0
0.0
0.0
0.0
0.0
0.0
0.0
0.0
0.0
0.0
0.0
0.0
0.0
0.0
0.0
0.0
0.0
0.0
0.0
0.0
0.0
0.0
0.0
0.0
0.0
0.0
0.0
0.0
0.0
0.0
0.0
0.0
0.0
0.0
0.0
0.0
0.0
0.0
0.0
0.0
0.0
0.0
0.0
0.0
0.0
0.0
0.0
0.0
0.0
0.0
0.0
0.0
0.0
0.0
0.0
0.0
0.0
0.0
0.0
0.0
0.0
0.0
0.0
0.0
0.0
0.0
0.0
0.0
0.0
0.0
0.0
0.0
0.0
0.0
0.0
0.0
0.0
0.0
0.0
0.0
0.0
0.0
0.0
0.0
0.0
0.0
0.0
0.0
0.0
0.0
0.0
0.0
0.0
0.0
0.0
0.0
0.0
0.0
0.0
0.0
0.0
0.0
0.0
0.0
0.0
0.0
0.0
0.0
0.0
0.0
0.0
0.0
0.0
0.0
0.0
0.0
0.0
0.0
0.0
0.0
0.0
0.0
0.0
0.0
0.0
0.0
0.0
0.0
0.0
0.0
0.0
0.0
0.0
0.0
0.0
0.0
0.0
0.0
0.0
0.0
0.0
0.0
0.0
0.0
0.0
0.0
0.0
0.0
0.0
0.0
0.0
0.0
0.0
0.0
0.0
0.0
0.0
0.0
0.0
0.0
0.0
0.0
0.0
0.0
0.0
0.0
0.0
0.0
0.0
0.0
0.0
0.0
0.0
0.0
0.0
0.0
0.0
0.0
0.0
0.0
0.0
0.0
0.0
0.0
0.0
0.0
0.0
0.0
0.0
0.0
0.0
0.0
0.0
0.0
0.0
0.0
0.0
0.0
0.0
0.0
0.0
0.0
0.0
0.0
0.0
0.0
0.0
0.0
0.0
0.0
0.0
0.0
0.0
0.0
0.0
0.0
0.0
0.0
0.0
0.0
0.0
0.0
0.0
0.0
0.0
0.0
0.0
0.0
0.0
0.0
0.0
0.0
0.0
0.0
0.0
0.0
0.0
0.0
0.0
0.0
0.0
0.0
0.0
0.0
0.0
0.0
0.0
0.0
0.0
0.0
0.0
0.0
0.0
0.0
0.0
0.0
0.0
0.0
0.0
0.0
0.0
0.0
0.0
0.0
0.0
0.0
0.0
0.0
0.0
0.0
0.0
0.0
0.0
0.0
0.0
0.0
0.0
0.0
0.0
0.0
0.0
0.0
0.0
0.0
0.0
0.0
0.0
0.0
0.0
0.0
0.0
0.0
0.0
0.0
0.0
0.0
0.0
0.0
0.0
0.00613001547724
0.0029227604666
0.00227439272824
0.00278321328331
0.0
0.0
0.0
0.0
0.0
0.0
0.0
0.0
0.0
0.0
0.0
0.0
0.00291757407273
0.000651467979478
0.000343947216305
0.00188410124639
0.0
0.0
0.0
0.0
0.0
0.0
0.0
0.0
0.0
0.0
0.0
0.0
0.0
0.0
0.0
0.0
0.0
0.0
0.0
0.0
0.0
0.0
0.0
0.0
0.0
0.0
0.0
0.0
0.0
0.0
0.0
0.0
0.0
0.0
0.0
0.0
0.0
0.0
0.0
0.0
0.0
0.0
0.0
0.0
0.0
0.0
0.0
0.0
0.0
0.0
0.0
0.0
0.0
0.0
0.0
0.0
0.0
0.0
0.0
0.0
0.0
0.0
0.0
0.0
0.0
0.00133814903585
0.0018242061598
0.00197013859412
0.002077618491
0.00237991220817
0.00280092666053
0.000437282275418
0.00029438015297
0.00070384721141
0.000449643807611
0.0
0.0
0.0
0.0
0.0
0.0
-0.00596432624212
0.000355540785268
0.00036158482254
-0.000958183092972
-0.00138395654235
-0.000749802848131
0.0
0.000465367404162
0.00422495189655
0.00456526807716
0.00382031557317
0.00278455599117
0.00199044903639
0.00111386320492
0.000177196889066
0.0
0.0
0.0
0.0
0.0
0.00422495189655
0.00371354260086
0.00323092716826
0.0032216017933
0.00313108656102
0.00271246256191
0.0010878834992
0.000328112895842
0.00049735994631
0.0
0.0
0.0
0.0
0.0
0.0
0.0
0.0
0.0
0.0
0.0
-0.00174307403889
0.0
0.0
0.0
0.0
0.0
0.0
0.0
0.0
0.0
0.000884413593703
0.000799519941428
0.0
0.0
0.0
0.0
0.000439310422613
0.00137570730324
0.00202230282313
0.000657110911996
0.0
0.0
0.0
0.0
0.0
0.0
-0.286357481513
-0.286357481513
-0.00250676118455
-0.286357481513
-0.286357481513
-0.00250676118455
0.0
0.0
0.0
0.0
0.0
0.0
0.0
0.0
0.0
0.0
0.0
0.0
0.0
0.0
0.0
0.0
0.00107997007652
0.000577328088826
0.000301144648101
0.00212494025762
0.00222304254464
0.00181321709136
0.00213377132504
0.000592309402669
0.00125805522417
0.00194498285124
-0.000260329795562
0.00199850680999
0.00206939425837
0.00182595230453
0.00226989651386
0.000577177502377
0.000451205123094
0.0017910898934
0.000135483216588
0.00147734282242
0.00152909618782
0.00121266900499
0.00165426197515
0.000584918237801
0.00221887089777
0.00172351365055
0.00155635806081
0.00206009516588
0.00138688110219
0.00178882583822
-0.00132992374899
0.000568368563381
-0.000359828530715
0.000588160826629
-0.000145080868659
0.0
0.0
0.00054470157733
0.000914144215362
0.00101600591173
0.00141872317148
0.000210232937316
0.00156761266335
0.00326520991241
0.00259726317856
0.000980706795131
0.00167429638194
-0.00093853101915
0.00102103529866
0.0
0.00146563405533
0.00306871153904
0.00207061825406
0.000520936829698
0.001435035039
-0.00134376723209
0.00100975076421
0.00123608225177
0.0016244200459
0.00115157392687
0.00211354593901
0.000273065694697
0.00130046003707
-0.00130657504062
0.0
0.0
0.000561813569416
0.00127944355737
0.0026707648248
0.000924359453655
0.00172685605548
0.000371445961349
0.0
-4.91346403516e-05
0.000615162173204
0.000985191019148
0.00231061879214
0.00125560373909
0.0014192209216
0.000372522697303
-0.00567126643624
-0.00716392647624
-0.00758678274294
-0.00638752219058
-0.0111019435773
-0.00859319903128
-0.0194742021338
-0.00627385035996
0.0
0.0
0.00128242351935
0.00164698441674
0.00278577025495
0.00109854308898
0.00194838913471
-0.00113633308704
0.000738540428429
0.0
0.000451999007204
0.000266925625555
0.00296505045523
0.000501720218244
0.00158044480323
-0.000800244446094
4.06472374037e-05
0.0
0.00106708846515
0.00165324282526
0.00306691712503
0.00028563347859
0.0014770342509
-0.000540672527565
0.00256891328688
-0.00122750138407
0.00202409653021
0.00274251684213
0.00432067642288
0.00240070977227
0.000192277484524
1.19048530247e-06
0.00207365763232
0.00114078235355
0.00164298962377
0.00205699024408
0.0017818604275
0.00190654580859
0.00183616170822
0.000404609505751
-0.00133541826962
-0.00195987185398
-0.000693893842963
-0.000682368799347
-0.000614435719944
-0.000571490494218
0.0
0.0
-0.00133911701037
0.000426096652246
0.000559700486183
-0.000586998961658
-1.21322567388e-05
0.000168109370724
0.000103705897482
0.000109179163956
0.0
0.0
0.0
0.0
0.0
0.0
0.0
0.0
0.0
0.0
0.0
0.0
0.0
0.0
0.0
0.0
0.0
0.0
0.0
0.0
0.0
0.0
0.0
0.0
0.0
0.00440254400688
0.00440989520696
0.00440989520696
0.00440989520696
0.00440989520696
0.00440989520696
0.00440989520696
0.0
0.0
0.0
0.0
0.0
0.0
0.0
0.0
0.0
0.0
0.0
0.0
0.0
0.0
0.0
0.0
-0.0846090457434
-0.0181682454716
0.00120493712762
0.0
0.0
0.0
0.0
0.0
0.00164081604472
0.00205842505835
0.00190934090388
-0.00160162492641
0.0
0.0
0.0
0.0
0.00393624947043
0.00112216907127
0.00178718926437
-0.00174695763866
0.0
0.0
0.0
0.0
0.00166976511161
0.00215354126269
0.00137086337204
-0.00068067383041
0.0
-4.91346403516e-05
0.000599481481952
0.00089197306089
0.00353488912193
0.00308554873062
0.00359463780254
-0.0014933496471
-0.00100830042533
-0.000515630893534
-0.000568129553869
-0.000916285345563
0.0
0.0
0.0
0.0
0.0
0.0
-0.00768081770184
-0.00442759821226
-0.000844664731777
-0.00085170239168
-0.000237473523848
-6.50927209496e-05
0.0
0.0
0.0
0.0
0.0
0.0
0.0
0.0
0.0
0.0
0.0
0.0
-0.00056602172941
0.00179816077253
-0.00250676118455
-0.00250676118455
-0.00250676118455
-0.00250676118455
-0.00250676118455
-0.00250676118455
-0.014247835753
0.0
0.0
0.0
0.0
0.0
0.0
0.0
7.38604253429e-05
0.0
0.00192617424865
0.00187531282576
0.0
0.0
0.000994351825816
0.0
0.00431569647296
9.79509978248e-05
0.00136574006676
0.00206499336326
0.000187298733981
0.000100244439895
0.000960132405828
0.000877549132736
0.00282581473437
0.00275578108632
0.00233968295272
0.003210313557
0.00198403458561
0.00191990240176
0.00254499218263
0.00264923372544
0.00243983161862
0.00226838887102
0.00202217718872
0.00176183443962
0.00258312016136
0.0032225920913
0.00247266408153
0.00247896955578
-0.00374215947459
0.000399516720339
0.00138006270921
0.000652190750839
-0.00058758269811
0.00129070374026
-0.00238883130481
0.00133784343867
0.0
0.0
0.0
0.0
0.0
0.0
0.0
0.0
0.0
0.00178167465871
0.00277201996887
0.000948470088087
0.0
0.0
0.000638758511131
0.0
0.00152001912806
0.00178438397812
0.00285528398882
0.00105821395149
0.0029249713084
0.00310914593809
0.000659222630742
0.0
0.00345538102096
0.0037707214157
0.00302942809826
0.000596789280239
0.00309048312817
0.00306947879208
0.000568803456894
0.0
0.00162079953978
0.00243395572832
0.00158309734392
0.0
0.00176160853347
0.00188869223432
0.000690162204639
0.0
0.00192287063256
0.00128069938046
0.000211775192639
0.000837735633352
0.00342459601745
0.00342459601745
0.00342459601745
0.0
2.6131447849e-05
1.09338989069e-05
-2.65442482645e-05
7.47227874947e-05
0.000126702200196
0.000126702200196
0.000126702200196
0.0
0.0
0.0
0.0
0.0
0.0
0.000714791716152
0.00203740622788
0.0019021651935
0.0020522351993
0.00346074893061
0.00184055470876
0.00193878877475
0.00164974202366
0.000795722033016
0.0011756804198
0.00436407530744
0.00225676386702
0.00259123176231
0.00276011174634
0.00313723429427
0.00350659514175
0.00368328313553
0.00286785138986
0.00326267945195
0.00255402946096
0.00316587264916
0.00280815131184
0.00296074124158
0.00264326255931
0.00240213385185
0.00163810769604
0.00159059926268
0.00207245136047
0.0
0.0
0.0
0.0
0.0
0.0
0.0
-0.000857576417629
0.00180668843654
-0.000449126225972
-0.000553925941482
-0.000657525459541
-0.000501909657273
8.41635282152e-05
-0.000835310504494
-0.00861469229012
-0.00240457797967
0.0
0.0
0.0
0.0
0.0
0.0
-0.00306884932141
-0.00309552320951
5.51227464234e-05
5.51227464234e-05
5.51227464234e-05
0.0
5.51227464234e-05
5.51227464234e-05
0.0
0.0
-0.00328860937797
-0.00617531799563
0.0
0.0
0.0
0.0
-0.0377753028878
-0.00158045886369
-0.00733094453467
-0.00733094453467
-0.00733094453467
-0.00733094453467
-0.00733094453467
-0.00733094453467
-0.00749557690458
0.0
0.0
0.0
0.0
0.0
0.0
0.0
-0.00115516591377
0.0
-0.0159768446678
-0.000526479543874
0.0
0.0
0.0
0.0
0.0
0.0
0.0
0.0
0.000142207945932
0.0
0.0
0.0
0.00017251147587
0.0
0.000117631172939
9.61950146171e-05
0.000130936557937
0.000143323734115
9.29020189931e-05
0.0
0.000120586376594
0.0
0.000175301910645
0.000155367902378
4.6530113732e-05
0.00012457037769
8.76638468619e-05
0.000221807078137
0.0
0.0
0.0
0.0
0.0
0.0
0.0
0.0
0.000281229519079
0.0
0.0
0.00011350406527
0.0
0.0
0.0
0.0
0.00011476867979
0.0
0.0
0.000209591898352
0.0
0.0
0.0
0.0
0.0
0.0
0.0
0.0
0.000160993398936
0.0
7.38694441144e-05
0.0
0.000354588115121
0.000177575423423
0.000423105307538
0.000220124570958
0.000226745630007
0.000144756237294
0.000332787350135
0.000206054845934
0.000291325295615
0.000246966002349
0.000334267978459
3.70098936923e-05
0.000285948670019
6.69688721582e-06
0.000215558841418
0.000171165371251
0.0
0.0
0.0
0.0
0.0
0.0
0.0
0.0
0.0
0.0
0.000533079979812
0.000151774902681
0.0
0.0
0.0
0.000158846503391
0.0
0.0
0.000372106460901
-9.88683116247e-06
0.0
0.0
0.0
0.000238562161986
0.0
0.0
0.0
0.0
0.000113290942916
0.0
0.000112258815814
0.0
0.0004300725925
0.000192904803237
0.000650493619346
0.000161867359953
0.000499909846002
0.0
0.000313903784732
0.000284274755656
0.000323692238179
0.000315512606792
0.000501211208559
0.000236576769532
0.000306824072442
0.0
0.000324122897683
0.000355444936081
0.0
0.0
0.0
0.0
0.0
0.0
0.0
0.0
0.0
0.0
0.000856951702053
0.0
0.0
0.0
0.0
0.000259436963901
0.0
0.0
0.000792106846806
0.0
0.0
0.0
0.0
0.000257773997917
0.0
0.0
0.0
0.0
0.0
0.0
0.0
0.0
0.000490251593864
0.000501600638745
0.000945804487374
0.000252839894806
0.0
0.000387332596029
0.0
0.000299066522175
0.000489494020203
0.000416366207034
0.000818199394937
0.000324415226982
0.0
0.000310157190798
0.0
0.000339408438298
0.0
0.0
0.0
0.0
0.0
0.0
0.0
0.0
0.0
0.0
0.00106491932763
0.0
0.0
0.0
0.0
0.00028068606849
0.0
0.0
0.00110966978245
0.0
0.0
0.0
0.0
0.000244373438627
0.0
0.0
0.0
0.0
0.000167001862011
0.0
0.000229209117648
0.0
0.00113443821922
0.000920872573508
0.00154330990944
0.000808885544234
0.00145579054498
0.0
0.00115491844701
0.00029301015848
0.00112510720521
0.00093218561762
0.00148407693433
0.000760187084049
0.00155700274629
0.0
0.000956728410066
0.000357144615379
0.0
0.0
0.0
0.0
0.0
0.0
0.0
0.0
0.000977315382391
0.0
0.0
0.000713279531125
0.00144524315047
0.0
0.0
0.000334164686935
0.000863566928279
0.0
0.0
0.000705851650174
0.00141749018125
0.0
0.0
0.000238733749317
0.0
0.0
0.0
0.0
0.000354524145011
0.0
0.000314463260872
0.0
0.000883396870626
0.0
0.0
0.000655848985443
0.00131854406087
0.000418425614966
0.000978872874293
0.000495725700302
0.000898019234094
0.0
0.0
0.000579740421704
0.00132621999202
0.000411422769063
0.00101928266516
0.000373638820642
0.0
0.0
0.0
0.0
0.000376187941547
0.0
0.00037684797332
0.0
0.000916264003534
0.0
0.000879455486091
0.00063725332637
0.00112274679354
0.0
0.0
0.0
0.000860635849147
0.0
0.000954247641589
0.000496123643744
0.0012016039931
0.0
0.0
0.0
0.0
0.0
0.0
0.0
0.0
0.0
0.0
0.0
0.0
0.0
0.0
0.000560893645958
0.00112224849
0.0
0.0
0.0
0.0
0.0
0.0
0.000451024719033
0.00107695353989
0.0
0.0
0.0
0.0
0.0
0.0
0.0
0.000375158214726
0.0
0.00035312866012
0.0
0.000602040789477
0.000678006144825
0.000835465775622
0.000606163359936
0.000955578455173
0.000516864659126
0.000983444366958
0.000407383663106
0.000657132021239
0.00050056032241
0.000860043032644
0.000546809297706
0.00112329769548
0.00047208025313
0.000967208666264
0.000293496622131
0.0
0.0
0.0
0.0
0.0
0.0
0.0
0.0
0.0
0.0
0.0
0.0
0.0
0.0
0.0
0.0
0.0
0.0
0.0
0.0
0.0
0.0
0.0
0.0
0.0
0.0
0.0
0.0
0.0
0.0
0.0
0.0
0.0
0.0
0.0
0.00422495189655
0.00511874560688
0.00277367441713
0.00421702626975
0.0
0.0
0.0
0.0
0.0
0.0
0.0
0.0
0.0
0.0
0.0
0.0
0.00317522622985
0.00195337607385
0.00188410124639
0.00257346242175
0.0
0.0
0.0
0.0
0.0
0.0
0.0
0.0
0.0
0.0
0.0
0.0
0.00049735994631
0.0
0.0
0.00049735994631
0.0
0.0
0.0
0.0
0.0
0.0
0.0
0.0
0.0
0.0
0.0
0.0
0.0
0.0
0.0
0.0
0.0
0.0
0.0
0.0
0.0
0.0
0.0
0.0
0.0
0.0
0.0
0.0
0.0
0.0
0.0
0.0
0.0
0.0
0.0
0.0
0.0
0.0
0.0
0.0
0.0
0.0
0.0
0.0
0.0
0.0
0.0
0.0
0.0
0.000779452324232
0.000874454518218
0.000754340891012
0.000680934039147
0.000578769922077
0.000568956625535
0.000391472888564
0.000194870912863
0.00143530782029
0.000464285662223
0.00186575348733
0.000773049035636
0.00196502317147
0.0
0.0
0.0
0.00108253895252
0.000276487638894
0.00016948245002
-0.00183623618658
-0.0010913969644
-0.000794692206585
0.0
0.000786344929734
0.00668109330404
0.00526475411508
0.00360631557725
0.00228721989892
0.00112787755051
0.000177196889066
0.0
0.0
0.0
0.0
0.0
0.0
0.00668109330404
0.00441540452473
0.00328778151751
0.00417701930744
0.00293880225791
0.00111237135636
0.000356016480009
0.00048663491601
0.0
0.0
0.0
0.0
0.0
0.0
0.0
0.0
0.0
0.0
0.0
0.0
-0.00179953342014
-0.00174307403889
0.0
0.0
0.0
0.0
0.0
0.0
0.0
0.0
0.000940498869477
0.000719158471691
0.0
0.0
6.100645324e-05
0.0
0.000692670471162
0.0010503620312
0.00106569281452
0.00202230282313
0.0
0.0
0.0
0.0
0.0
0.0
-0.00250676118455
-0.00250676118455
-0.286357481513
-0.00250676118455
-0.00250676118455
-0.286357481513
0.0
0.0
0.0
0.0
0.0
0.0
0.0
0.0
