0.0
0.0
0.0
0.0
0.0
0.0
0.0
0.0
0.0148302808645
0.00846376974062
0.00315756531162
0.00993512044056
0.00559580361438
0.00344249354241
0.00405905955
0.000154141501899
0.013036634297
0.00723997963464
0.00170489843009
0.00621236962198
0.003129539584
0.00211127148055
0.00299408190052
0.000154141501899
0.0141389795833
0.00633848539626
0.00143398306312
0.00529686251979
0.00270448271513
0.00189173661421
0.00291000471766
0.000154141501899
0.0202906267954
0.00875336892601
0.00377880227382
0.00797799046191
0.00752023691082
0.00251297357641
0.00357795122589
0.000154141501899
0.0144379206778
0.00197581379707
2.8025727618e-05
2.8025727618e-05
0.0
0.000476437369505
0.00323697153987
0.00323697153987
0.00150871833677
7.94062282509e-05
0.0038955761389
0.015577633601
0.0114485097319
0.00640854971531
0.00294270139989
0.00173292415771
0.00146667974534
0.0
0.00214396816277
0.0169415523451
0.00798266141651
0.00459621932934
0.00226541298245
0.00147135069994
0.00144332497232
0.0014012863809
0.00317157817543
0.0152506667788
0.00719794104321
0.0042132010519
0.00198982666087
0.00136858969868
0.0
0.0
0.000457753551093
0.00254099930403
0.0177449565368
0.00922980629551
0.00428793632555
0.00168154365708
0.0
0.0
0.000289599185386
0.00200383952468
0.013788657988
0.0119576437837
0.00486246374171
0.00178897561295
0.000537159779344
0.000303612049194
0.000154141501899
8.87481374569e-05
5.13805006329e-05
3.73676368239e-05
1.4012863809e-05
1.8683818412e-05
0.0
0.0
0.00162549220184
0.00918776770409
0.0150451447762
0.00740813400035
0.00464292887537
0.0014059573355
0.0028072437164
0.0
0.00159279551962
0.00539495256646
0.0190901914624
0.00581533848073
0.00354058358907
0.000808075146318
4.67095460299e-06
0.0
0.00152740215518
0.00377880227382
0.02088383803
0.00541363638487
0.00333973254114
0.000667946508228
0.0095147345263
0.0028025727618
0.00295204330909
0.00595546711882
0.0192490039189
0.00897290379235
0.00590408661818
0.00315756531162
0.0151385638683
0.00381616991064
0.00625440821341
0.0114018001859
0.016282947746
0.00738010827273
0.00512403719948
0.00467095460299
0.00045308259649
0.000350321595224
0.000261573457768
0.000163483411105
9.80900466628e-05
7.94062282509e-05
3.26966822209e-05
0.0
0.00354992549827
0.000994913330437
0.000934190920598
0.00220469057261
1.8683818412e-05
5.60514552359e-05
2.8025727618e-05
3.26966822209e-05
0.0
0.0
0.0
0.0
0.0
0.0
0.0
0.0
0.0
0.0
0.0
0.0
0.0
0.0
0.0
0.0
0.0
0.0
0.0
0.0
0.0
0.0
0.0
0.0
0.0
0.0115699545516
0.011495219278
0.011495219278
0.011495219278
0.011495219278
0.011495219278
0.011495219278
0.0
0.0
0.0
0.0
0.0
0.0
0.0
0.0
0.0
0.0
0.0
0.0
0.0
0.0
0.0
0.0
0.00995380425898
0.0105983959942
0.00294737235449
0.0
0.0
0.0
0.0
0.0
0.0188099341862
0.00973894034724
0.00357328027129
0.0018777237504
0.0
0.0
0.0
0.0
0.0195292611951
0.0148956742289
0.00269514080593
0.00161147933803
0.0
0.0
0.0
0.0
0.00887481374569
0.014741532727
0.00701110285909
0.0048344380141
0.0
0.0
0.00102293905806
0.000957545693613
0.0144612754509
0.0135784650309
0.00650663976197
0.00393761473032
0.000523146915535
0.000303612049194
0.000121444819678
0.000130786728884
0.0
0.0
0.0
0.0
0.0
0.0
0.0166332693413
0.00971558557422
0.000112102910472
6.53933644419e-05
3.26966822209e-05
1.4012863809e-05
0.0
3.73676368239e-05
3.73676368239e-05
9.34190920598e-06
0.0
0.0
0.0
0.0
0.0
0.0
0.0
0.0
0.000130786728884
0.00487180565092
0.00420385914269
0.00420385914269
0.00420385914269
0.00420385914269
0.00420385914269
0.00420385914269
5.13805006329e-05
0.0
0.0
0.0
0.0
0.0
0.0
0.0
9.80900466628e-05
0.0
0.00997248807739
0.0114438387773
0.0
0.0
0.0014012863809
0.0
0.00324164249448
0.00350321595224
0.00638986589689
0.00862258219712
4.67095460299e-05
1.8683818412e-05
0.00178897561295
0.0017189112939
0.0117100831897
0.0119856695113
0.0119483018745
0.0109674014078
0.00511469529028
0.00575928702549
0.008435744013
0.00823956391968
0.00545100402169
0.00488581851473
0.00253165739482
0.00183568515898
0.0108179308605
0.0140689152642
0.00985104325771
0.00995847521358
2.3354773015e-05
0.00111635815012
0.00831897014793
0.00570323557025
0.00700643190449
0.0028025727618
0.00290066280846
0.00290066280846
0.0
0.0
0.0
0.0
0.0
0.0
0.0
0.0
0.0
0.00509601147186
0.00833765396634
0.00383952468366
0.0
0.0
0.000798733237112
0.0
0.00489516042394
0.00692235472163
0.0035826221805
0.00429260728015
0.00316223626623
0.00316223626623
0.000850113737745
0.0
0.0120931014671
0.0151525767321
0.00810410623619
0.000513805006329
0.0110795043183
0.0102200486713
0.000443740687284
0.0
0.00233080634689
0.00305947526496
0.00128451251582
0.0
0.0021860067542
0.00170022747549
0.000149470547296
0.0
0.0163016315644
0.0109206918618
0.00547435879471
0.00201785238849
0.000462424505696
0.000462424505696
0.000462424505696
0.0
5.60514552359e-05
4.67095460299e-05
2.8025727618e-05
1.8683818412e-05
9.34190920598e-06
9.34190920598e-06
9.34190920598e-06
0.0
0.0
0.0
0.0
0.0
0.0
0.00014012863809
0.00973426939264
0.0109814142716
0.00465694173918
0.0032790101313
0.00478772846807
0.00482042515029
0.0048344380141
0.00590408661818
0.0100799200333
0.00947736688947
0.00722596677083
0.00667479412768
0.00808075146318
0.0100191976234
0.011495219278
0.0127517060662
0.00934190920598
0.00965486316438
0.00872067224379
0.0145780493159
0.00883744610886
0.00720728295242
0.00535758492963
0.00380215704684
0.00149003451835
0.00204120716151
0.0151198800499
0.0
0.0
0.0
0.0
0.0
0.0
0.0
0.00398432427635
0.0198468861081
0.000298941094592
0.000130786728884
7.94062282509e-05
7.94062282509e-05
4.20385914269e-05
5.60514552359e-05
0.00362466077192
0.00174693702152
0.0
0.0
0.0
0.0
0.0
0.0
0.00283526944402
0.00285395326243
3.26966822209e-05
3.26966822209e-05
3.26966822209e-05
0.0
3.26966822209e-05
3.26966822209e-05
0.0
0.0
0.000154141501899
0.000238218684753
0.0
0.0
0.0
0.0
0.0194031454208
0.00161147933803
0.000481108324108
0.000481108324108
0.000481108324108
0.000481108324108
0.000481108324108
0.000481108324108
0.000481108324108
0.0
0.0
0.0
0.0
0.0
0.0
0.0
0.000270915366974
0.0
0.00457286455633
0.00767437841272
0.0
0.0
0.0
0.0
0.0
0.0
0.0
0.0
0.0
0.0
0.0
0.0
0.0
0.0
0.0
0.0
0.0
0.0
0.0
0.0
0.0
0.0
0.0
0.0
0.0
0.0
0.0
0.0
0.0
0.0
0.0
0.0
0.0
0.0
0.0
0.0
0.0
0.0
0.0
0.0
0.0
0.0
0.0
0.0
0.0
0.0
0.0
0.0
0.0
0.0
0.0
0.0
0.0
0.0
0.0
0.0
0.0
0.0
0.0
0.0
0.0
0.0
0.0
0.0
0.0
0.0
0.0
0.0
0.0
0.0
0.0
0.0
0.0
0.0
0.0
0.0
0.0
0.0
0.0
0.0
0.0
0.0
0.0
0.0
0.0
0.0
0.0
0.0
0.0
0.0
0.0
0.0
0.0
0.0
0.0
0.0
0.0
0.0
0.0
0.0
0.0
0.0
0.0
0.0
0.0
0.0
0.0
0.0
0.0
0.0
0.0
0.0
0.0
0.0
0.0
0.0
0.0
0.0
0.0
0.0
0.0
0.0
0.0
0.0
0.0
0.0
0.0
0.0
0.0
0.0
0.0
0.0
0.0
0.0
0.0
0.0
0.0
0.0
0.0
0.0
0.0
0.0
0.0
0.0
0.0
0.0
0.0
0.0
0.0
0.0
0.0
0.0
0.0
0.0
0.0
0.0
0.0
0.0
0.0
0.0
0.0
0.0
0.0
0.0
0.0
0.0
0.0
0.0
0.0
0.0
0.0
0.0
0.0
0.0
0.0
0.0
0.0
0.0
0.0
0.0
0.0
0.0
0.0
0.0
0.0
0.0
0.0
0.0
0.0
0.0
0.0
0.0
0.0
0.0
0.0
0.0
0.0
0.0
0.0
0.0
0.0
0.0
0.0
0.0
0.0
0.0
0.0
0.0
0.0
0.0
0.0
0.0
0.0
0.0
0.0
0.0
0.0
0.0
0.0
0.0
0.0
0.0
0.0
0.0
0.0
0.0
0.0
0.0
0.0
0.0
0.0
0.0
0.0
0.0
0.0
0.0
0.0
0.0
0.0
0.0
0.0
0.0
0.0
0.0
0.0
0.0
0.0
0.0
0.0
0.0
0.0
0.0
0.0
0.0
0.0
0.0
0.0
0.0
0.0
0.0
0.0
0.0
0.0
0.0
0.0
0.0
0.0
0.0
0.0
0.0
0.0
0.0
0.0
0.0
0.0
0.0
0.0
0.0
0.0
0.0
0.0
0.0
0.0
0.0
0.0
0.0
0.0
0.0
0.0
0.0
0.0
0.0
0.0
0.0
0.0
0.0
0.0
0.0
0.0
0.0
0.0
0.0
0.0
0.0
0.0
0.0
0.0
0.0
0.0
0.0
0.0
0.0
0.0
0.0
0.0
0.0
0.0
0.0
0.0
0.0
0.0
0.0
0.0
0.0
0.0
0.0
0.0
0.0
0.0
0.0
0.0
0.0
0.0
0.0
0.0
0.0
0.0
0.0
0.0
0.0
0.0
0.0
0.0
0.0
0.0
0.0
0.0
0.0
0.0
0.0
0.0
0.0
0.0
0.0
0.0
0.0
0.0
0.0
0.0
0.0
0.0
0.0
0.0
0.0
0.0
0.0
0.0
0.0
0.0
0.0
0.0
0.0
0.0
0.0
0.0
0.012494803563
0.0100659071694
0.00355926740748
0.00400767904937
0.0
0.0
0.0
0.0
0.0
0.0
0.0
0.0
0.0
0.0
0.0
0.0
0.00129385442503
0.000116773865075
3.73676368239e-05
0.000457753551093
0.0
0.0
0.0
0.0
0.0
0.0
0.0
0.0
0.0
0.0
0.0
0.0
0.0
0.0
0.0
0.0
0.0
0.0
0.0
0.0
0.0
0.0
0.0
0.0
0.0
0.0
0.0
0.0
0.0
0.0
0.0
0.0
0.0
0.0
0.0
0.0
0.0
0.0
0.0
0.0
0.0
0.0
0.0
0.0
0.0
0.0
0.0
0.0
0.0
0.0
0.0
0.0
0.0
0.0
0.0
0.0
0.0
0.0
0.0
0.0
0.0
0.0
0.0
0.0
0.0
0.00221403248182
0.00216265198119
0.00128918347043
0.00063992078061
0.000322295867606
0.000163483411105
6.07224098389e-05
2.8025727618e-05
0.00194311711484
0.00054650168855
0.0
0.0
0.0
0.0
0.0
0.0
0.0106544474494
0.000700643190449
0.000275586321577
0.000658604599022
0.000485779278711
0.000242889639356
0.0
0.000611895052992
0.0140268766728
0.00864126601554
0.00481108324108
0.0023401482561
0.00134523492566
0.00035966350443
9.34190920598e-06
0.0
0.0
0.0
0.0
0.0
0.0140268766728
0.00701577381369
0.00400300809476
0.00342380972399
0.00191509138723
0.00117240960535
0.000154141501899
3.26966822209e-05
2.3354773015e-05
0.0
0.0
0.0
0.0
0.0
0.0
0.0
0.0
0.0
0.0
0.0
0.0014012863809
0.0
0.0
0.0
0.0
0.0
0.0
0.0
0.0
0.0
0.000714656054258
0.000467095460299
0.0
0.0
0.0
0.0
0.00159279551962
0.00341446781479
0.00195712997865
0.000607224098389
0.0
0.0
0.0
0.0
0.0
0.0
0.00420385914269
0.00420385914269
0.0028025727618
0.00420385914269
0.00420385914269
0.0028025727618
0.0
0.0
0.0
0.0
0.0
0.0
0.0
0.0
0.0
0.0
0.0
0.0
0.0
0.0
0.0
0.0
0.0139941799906
0.00759497218447
0.00286329517163
0.00981367562089
0.00601151857405
0.00442806496364
0.00484845087791
0.000154141501899
0.0136578712591
0.00648328498895
0.00141529924471
0.00607691193849
0.00369472509097
0.00286796612624
0.00407307241381
0.000154141501899
0.0148162680007
0.00694570949465
0.00128451251582
0.00521745629154
0.00326966822209
0.002494289758
0.00394695663953
0.000154141501899
0.0196507060148
0.00940263161582
0.00372742177319
0.00794529377969
0.00770240414033
0.00369005413636
0.00254567025863
0.000154141501899
0.0149844223664
0.00305013335575
4.67095460299e-06
0.0
0.0
0.000569856461565
0.00348453213383
0.00382084086525
0.00292401758147
0.000116773865075
0.00430662014396
0.0188239470501
0.012223888196
0.00579665466231
0.00384419563826
0.00139194447169
0.00146667974534
0.0
0.00361998981732
0.0184642835456
0.00865060792474
0.00406840145921
0.00325098440368
0.00107431955869
0.00144332497232
0.0014012863809
0.00474101892204
0.0184782964094
0.00789858423366
0.00372275081858
0.00284928230783
0.000971558557422
0.0
0.0
0.000583869325374
0.00413379482365
0.0172451643942
0.00856185978728
0.00478772846807
0.00145733783613
0.0
4.67095460299e-06
0.000677288417434
0.00319493294845
0.0157130912845
0.0116633736437
0.0053108753836
0.00166285983867
0.000537159779344
0.000303612049194
0.000154141501899
8.87481374569e-05
5.13805006329e-05
3.73676368239e-05
1.4012863809e-05
1.8683818412e-05
0.0
0.0
0.00163483411105
0.0101639972161
0.0141670053109
0.00684761944799
0.00571724843406
0.00099958428504
0.002811914671
0.0
0.00164417602025
0.00560514552359
0.0182821163161
0.00534357206582
0.00440471019062
0.000611895052992
4.67095460299e-06
0.0
0.001564769792
0.00504930192583
0.0206876579367
0.00479239942267
0.00417116246047
0.000495121187917
0.0112616715478
0.0028025727618
0.00439069732681
0.00748286927399
0.0200570790652
0.00963150839137
0.00507732765345
0.00282592753481
0.015306718234
0.00525482392837
0.00648328498895
0.0121725076954
0.0157364460575
0.00798733237112
0.00567520984264
0.00428326537094
0.000434398778078
0.000340979686018
0.000252231548562
0.000135457683487
7.94062282509e-05
7.00643190449e-05
0.0
0.0
0.00251764453101
0.000840771828539
0.000789391327906
0.00159746647422
1.8683818412e-05
5.60514552359e-05
2.8025727618e-05
3.26966822209e-05
0.0
0.0
0.0
0.0
0.0
0.0
0.0
0.0
0.0
0.0
0.0
0.0
0.0
0.0
0.0
0.0
0.0
0.0
0.0
0.0
0.0
0.0
0.0
0.0
0.0
0.0116073221884
0.0115325869148
0.0115325869148
0.0115325869148
0.0115325869148
0.0115325869148
0.0115325869148
0.0
0.0
0.0
0.0
0.0
0.0
0.0
0.0
0.0
0.0
0.0
0.0
0.0
0.0
0.0
0.0
0.0149937642756
0.012541513109
0.00294737235449
0.0
0.0
0.0
0.0
0.0
0.0197207703338
0.00930921252376
0.00432997491697
0.00120510628757
0.0
0.0
0.0
0.0
0.0209212056668
0.0142697663121
0.00357328027129
0.00110234528631
0.0
0.0
0.0
0.0
0.0107805632237
0.0155309240549
0.00756227550224
0.00449345832808
0.0
4.67095460299e-06
0.0015600988374
0.00211594243516
0.0168528042076
0.0130039376147
0.00745951450098
0.00294737235449
0.000504463097123
0.000298941094592
0.000112102910472
0.000116773865075
0.0
0.0
0.0
0.0
0.0
0.0
0.0187725665494
0.0090569809752
0.000107431955869
5.13805006329e-05
1.4012863809e-05
4.67095460299e-06
0.0
0.0
0.0
0.0
0.0
0.0
0.0
0.0
0.0
0.0
0.0
0.0
0.000331637776812
0.00487180565092
0.0028025727618
0.0028025727618
0.0028025727618
0.0028025727618
0.0028025727618
0.0028025727618
5.13805006329e-05
0.0
0.0
0.0
0.0
0.0
0.0
0.0
9.80900466628e-05
0.0
0.0114858773688
0.0114765354596
0.0
0.0
0.0014012863809
0.0
0.00464292887537
0.00351255786145
0.00792193900667
0.00862258219712
7.00643190449e-05
1.8683818412e-05
0.00195245902405
0.00177496274914
0.0123313201519
0.0120323790573
0.0118782375554
0.0108366146789
0.0051520629271
0.00634315635086
0.00860856933331
0.00930454156916
0.0051567338817
0.00397498236715
0.00225607107325
0.00122846106059
0.0109907561808
0.0143678563588
0.00925783202313
0.00883277515426
4.20385914269e-05
0.00133122206185
0.011247658684
0.00710452195115
0.00700643190449
0.00420385914269
0.00290066280846
0.00430194918936
0.0
0.0
0.0
0.0
0.0
0.0
0.0
0.0
0.0
0.00510068242647
0.010635763631
0.00381149895604
0.0
0.0
0.000798733237112
0.0
0.00489516042394
0.00703445763211
0.0049979214252
0.00424122677952
0.00456352264712
0.00456352264712
0.000850113737745
0.0
0.0120977724217
0.0153207310978
0.00787522946064
0.000439069732681
0.0110935171821
0.0101966938983
0.000443740687284
0.0
0.00221403248182
0.00272316653354
0.00102293905806
0.0
0.00153674406438
0.00118175151456
0.000144799592693
0.0
0.0168761589806
0.0104629383107
0.00497923760679
0.00229343871007
0.000481108324108
0.000481108324108
0.000481108324108
0.0
5.13805006329e-05
1.8683818412e-05
9.34190920598e-06
9.34190920598e-06
4.67095460299e-06
4.67095460299e-06
4.67095460299e-06
0.0
0.0
0.0
0.0
0.0
0.0
0.00158812456502
0.0114018001859
0.0110094399993
0.00466628364839
0.00469898033061
0.00478772846807
0.00482042515029
0.0048344380141
0.00594612520961
0.0102247196259
0.0108459565881
0.00728668918067
0.00669347794609
0.00818818341905
0.010341493491
0.0117007412805
0.0127563770208
0.00920178056789
0.00928118679615
0.00838903446697
0.0142090439023
0.0085898855149
0.00647394307975
0.00462891601157
0.00285395326243
0.00136391874407
0.000766036554891
0.0152880344156
0.0
0.0
0.0
0.0
0.0
0.0
0.0
0.00726800536226
0.0200897757475
0.000289599185386
0.000112102910472
7.47352736479e-05
7.47352736479e-05
2.8025727618e-05
3.73676368239e-05
0.00377880227382
0.00362466077192
0.0
0.0
0.0
0.0
0.0
0.0
0.00423188487031
0.0042225429611
4.67095460299e-06
4.67095460299e-06
4.67095460299e-06
0.0
4.67095460299e-06
4.67095460299e-06
0.0
0.0
0.000154141501899
0.000238218684753
0.0
0.0
0.0
0.0
0.0221730215004
0.00262974744148
0.000481108324108
0.000481108324108
0.000481108324108
0.000481108324108
0.000481108324108
0.000481108324108
0.000481108324108
0.0
0.0
0.0
0.0
0.0
0.0
0.0
0.000275586321577
0.0
0.00604888621087
0.00767437841272
0.0
0.0
0.0
0.0
0.0
0.0
0.0
0.0
1.8683818412e-05
0.0
0.0
0.0
2.8025727618e-05
0.0
1.8683818412e-05
9.34190920598e-06
1.4012863809e-05
9.34190920598e-06
9.34190920598e-06
0.0
9.34190920598e-06
0.0
9.34190920598e-06
2.8025727618e-05
4.67095460299e-06
1.8683818412e-05
4.67095460299e-06
1.4012863809e-05
0.0
0.0
0.0
0.0
0.0
0.0
0.0
0.0
4.67095460299e-05
0.0
0.0
9.34190920598e-06
0.0
0.0
0.0
0.0
9.34190920598e-06
0.0
0.0
3.26966822209e-05
0.0
0.0
0.0
0.0
0.0
0.0
0.0
0.0
2.3354773015e-05
0.0
4.67095460299e-06
0.0
9.34190920598e-05
3.26966822209e-05
0.000130786728884
3.26966822209e-05
5.60514552359e-05
2.3354773015e-05
4.67095460299e-05
1.8683818412e-05
4.67095460299e-05
5.60514552359e-05
7.94062282509e-05
6.07224098389e-05
4.20385914269e-05
3.73676368239e-05
4.20385914269e-05
4.67095460299e-05
0.0
0.0
0.0
0.0
0.0
0.0
0.0
0.0
0.0
0.0
0.000154141501899
1.8683818412e-05
0.0
0.0
0.0
2.8025727618e-05
0.0
0.0
8.40771828539e-05
3.73676368239e-05
0.0
0.0
0.0
4.67095460299e-05
0.0
0.0
0.0
0.0
4.67095460299e-06
0.0
9.34190920598e-06
0.0
0.000116773865075
1.8683818412e-05
0.000275586321577
1.8683818412e-05
0.000121444819678
0.0
7.00643190449e-05
3.26966822209e-05
6.07224098389e-05
6.07224098389e-05
0.000196180093326
4.20385914269e-05
7.00643190449e-05
0.0
6.07224098389e-05
5.13805006329e-05
0.0
0.0
0.0
0.0
0.0
0.0
0.0
0.0
0.0
0.0
0.00035966350443
0.0
0.0
0.0
0.0
4.20385914269e-05
0.0
0.0
0.000275586321577
0.0
0.0
0.0
0.0
5.13805006329e-05
0.0
0.0
0.0
0.0
0.0
0.0
0.0
0.0
0.000168154365708
0.000112102910472
0.000560514552359
7.47352736479e-05
0.0
7.94062282509e-05
0.0
7.47352736479e-05
0.000149470547296
9.80900466628e-05
0.000397031141254
7.00643190449e-05
0.0
5.13805006329e-05
0.0
7.00643190449e-05
0.0
0.0
0.0
0.0
0.0
0.0
0.0
0.0
0.0
0.0
0.000663275553625
0.0
0.0
0.0
0.0
6.07224098389e-05
0.0
0.0
0.000565185506962
0.0
0.0
0.0
0.0
6.53933644419e-05
0.0
0.0
0.0
0.0
3.26966822209e-05
0.0
4.20385914269e-05
0.0
0.000798733237112
0.000462424505696
0.0010976743317
0.000369005413636
0.00100892619425
0.0
0.000569856461565
6.07224098389e-05
0.000709985099655
0.000518475960932
0.00107431955869
0.000364334459033
0.00104162287647
0.0
0.000439069732681
7.00643190449e-05
0.0
0.0
0.0
0.0
0.0
0.0
0.0
0.0
0.000481108324108
0.0
0.0
0.000289599185386
0.000966887602819
0.0
0.0
7.00643190449e-05
0.000457753551093
0.0
0.0
0.000247560593959
0.000971558557422
0.0
0.0
6.53933644419e-05
0.0
0.0
0.0
0.0
8.87481374569e-05
0.0
8.87481374569e-05
0.0
0.000429727823475
0.0
0.0
0.000266244412371
0.000980900466628
0.000112102910472
0.000602553143786
0.000107431955869
0.000429727823475
0.0
0.0
0.000210192957135
0.00101826810345
0.000107431955869
0.000621236962198
8.87481374569e-05
0.0
0.0
0.0
0.0
6.53933644419e-05
0.0
7.47352736479e-05
0.0
0.000462424505696
0.0
0.000443740687284
0.000228876775547
0.000784720373303
0.0
0.0
0.0
0.000420385914269
0.0
0.000467095460299
0.000149470547296
0.000868797556157
0.0
0.0
0.0
0.0
0.0
0.0
0.0
0.0
0.0
0.0
0.0
0.0
0.0
0.0
0.000205522002532
0.000635249826007
0.0
0.0
0.0
0.0
0.0
0.0
0.000154141501899
0.000719327008861
0.0
0.0
0.0
0.0
0.0
0.0
0.0
8.87481374569e-05
0.0
8.87481374569e-05
0.0
0.000256902503165
0.00023354773015
0.000369005413636
0.000252231548562
0.000635249826007
0.000144799592693
0.000471766414902
0.000107431955869
0.000308283003797
0.000172825320311
0.000420385914269
0.000196180093326
0.00068663032664
0.000126115774281
0.000495121187917
9.34190920598e-05
0.0
0.0
0.0
0.0
0.0
0.0
0.0
0.0
0.0
0.0
0.0
0.0
0.0
0.0
0.0
0.0
0.0
0.0
0.0
0.0
0.0
0.0
0.0
0.0
0.0
0.0
0.0
0.0
0.0
0.0
0.0
0.0
0.0
0.0
0.0
0.0140268766728
0.0106264217218
0.00400300809476
0.00317157817543
0.0
0.0
0.0
0.0
0.0
0.0
0.0
0.0
0.0
0.0
0.0
0.0
0.00191509138723
0.000490450233314
0.000457753551093
0.00141529924471
0.0
0.0
0.0
0.0
0.0
0.0
0.0
0.0
0.0
0.0
0.0
0.0
2.3354773015e-05
0.0
0.0
2.3354773015e-05
0.0
0.0
0.0
0.0
0.0
0.0
0.0
0.0
0.0
0.0
0.0
0.0
0.0
0.0
0.0
0.0
0.0
0.0
0.0
0.0
0.0
0.0
0.0
0.0
0.0
0.0
0.0
0.0
0.0
0.0
0.0
0.0
0.0
0.0
0.0
0.0
0.0
0.0
0.0
0.0
0.0
0.0
0.0
0.0
0.0
0.0
0.0
0.0
0.0
0.00222337439102
0.0021813357996
0.00128918347043
0.00063992078061
0.000322295867606
0.000163483411105
6.07224098389e-05
2.8025727618e-05
0.00208324575293
0.000569856461565
6.53933644419e-05
2.3354773015e-05
7.47352736479e-05
0.0
0.0
0.0
0.0099865009412
0.000691301281243
0.000275586321577
0.000649262689816
0.000467095460299
0.000224205820944
0.0
0.000611895052992
0.0151572476867
0.00886547183648
0.0040543885954
0.0017142403393
0.000369005413636
9.34190920598e-06
0.0
0.0
0.0
0.0
0.0
0.0
0.0151572476867
0.00735675349971
0.0034378225878
0.00316223626623
0.00129385442503
0.000168154365708
3.73676368239e-05
1.8683818412e-05
0.0
0.0
0.0
0.0
0.0
0.0
0.0
0.0
0.0
0.0
0.0
0.0
0.0014012863809
0.0014012863809
0.0
0.0
0.0
0.0
0.0
0.0
0.0
0.0
0.00179831752215
0.00173292415771
0.0
0.0
4.67095460299e-06
0.0
0.00160213742883
0.00480641228648
0.00199916857008
0.00195712997865
0.0
0.0
0.0
0.0
0.0
0.0
0.0028025727618
0.0028025727618
0.00420385914269
0.0028025727618
0.0028025727618
0.00420385914269
0.0
0.0
0.0
0.0
0.0
0.0
0.0
0.0
