1.0
1.0
1.0
1.0
1.0
1.0
1.0
1.0
0.12087325442
0.0916085931688
0.0561034320957
0.0991786964142
0.0745955132451
0.0585716892415
0.063581314752
0.0124144167119
0.113431390996
0.0847794923879
0.0412552027196
0.0785733802613
0.0558546825789
0.0459000437176
0.0546362276707
0.0124144167119
0.118063833749
0.0793618863128
0.0378408080741
0.0725865398489
0.0519342708467
0.0434529394494
0.053865913064
0.0124144167119
0.140992614203
0.093149060427
0.0613557081874
0.0889625883735
0.0863926093347
0.050066541125
0.059708872799
0.0124144167119
0.119287330108
0.0444061927764
0.00529385891165
0.00529385891165
1.0
0.0218222450023
0.0568022319556
0.0568022319556
0.0388129115856
0.0089106634378
0.0622928617535
0.1238344497
0.106383463738
0.079796492441
0.0541667971026
0.0415923205841
0.0382691598532
1.0
0.046253341104
0.129052455029
0.0889884179726
0.0676394418755
0.0475424114498
0.0383299599147
0.0379636903548
0.0374075230051
0.0562273889427
0.122548292284
0.0845347898082
0.0647722933729
0.0445630704815
0.0369691311897
1.0
1.0
0.0213902784643
0.0503442412452
0.13202300199
0.0956274906668
0.0653417931162
0.0409721377037
1.0
1.0
0.0170151496525
0.0447193934646
0.116612739008
0.108695255365
0.0695616287048
0.0422584332318
0.0231704820562
0.0174218216303
0.0124144167119
0.00942020494601
0.00716783514578
0.00611279318181
0.00374334976306
0.00432243789163
1.0
1.0
0.0402846121608
0.0954114910728
0.121732445942
0.0857511139927
0.0679806743628
0.0374697293754
0.0529090077313
1.0
0.0398780456147
0.0732519423175
0.136842084361
0.0760363092154
0.0593973724748
0.0284151748346
0.00216123408847
1.0
0.039052134357
0.0613557081874
0.142995466149
0.0733779866579
0.0576938361327
0.0258360282492
0.0970783413187
0.0528650957411
0.0542524538561
0.0769415331938
0.137398980226
0.0942994739642
0.076610889431
0.0561034320957
0.122104003834
0.0616571711796
0.078837114301
0.10616872957
0.126561500302
0.0855899659692
0.0713987495847
0.0681845787997
0.0212809142814
0.0187136012035
0.0161711173731
0.0127850179616
0.00990355617978
0.0089106634378
0.00571800779536
1.0
0.0594754027077
0.0315265519508
0.0305502570845
0.0469023444199
0.00432243789162
0.00748654215713
0.00529385891165
0.00571800779537
1.0
1.0
1.0
1.0
1.0
1.0
1.0
1.0
1.0
1.0
1.0
1.0
1.0
1.0
1.0
1.0
1.0
1.0
1.0
1.0
1.0
1.0
1.0
1.0
1.0
0.10693965917
0.106597744872
0.106597744872
0.106597744872
0.106597744872
0.106597744872
0.106597744872
1.0
1.0
1.0
1.0
1.0
1.0
1.0
1.0
1.0
1.0
1.0
1.0
1.0
1.0
1.0
1.0
0.0992709727953
0.102401513644
0.0542096425988
1.0
1.0
1.0
1.0
1.0
0.135853305305
0.0982043450577
0.0596700254683
0.0432920073907
1.0
1.0
1.0
1.0
0.138375825751
0.121135432959
0.0518447395785
0.0401108772328
1.0
1.0
1.0
1.0
0.0937872668684
0.120516471654
0.0834382843532
0.0693618499118
1.0
1.0
0.0319670557566
0.0309294164164
0.119382356164
0.115732840276
0.0804008917924
0.0626267508383
0.0228664215137
0.0174218216303
0.0110195313346
0.011435454679
1.0
1.0
1.0
1.0
1.0
1.0
0.127892938399
0.0980876800175
0.0105872727088
0.00808635196795
0.00571800779536
0.00374334976306
1.0
0.00611279318181
0.00611279318181
0.00305643942108
1.0
1.0
1.0
1.0
1.0
1.0
1.0
1.0
0.011435454679
0.0696280917493
0.0647007473758
0.0647007473758
0.0647007473758
0.0647007473758
0.0647007473758
0.0647007473758
0.00716783514578
1.0
1.0
1.0
1.0
1.0
1.0
1.0
0.00990355617978
1.0
0.0993631599687
0.106362010753
1.0
1.0
0.0374075230051
1.0
0.0568430668457
0.0590842062672
0.0796808352785
0.0924566561876
0.00683427861945
0.00432243789162
0.0422584332318
0.0414241069652
0.107577679569
0.108821014688
0.108653301638
0.104149495986
0.071333969344
0.0756711149545
0.0914580900519
0.0903973091752
0.0736294138021
0.069727665185
0.0502518467885
0.0428055535996
0.103445170174
0.117775128476
0.0987623420362
0.0992940279424
0.00483262119037
0.0333932911615
0.0908282163405
0.0753041079509
0.0834106816687
0.0528650957411
0.0537796333544
0.0537796333544
1.0
1.0
1.0
1.0
1.0
1.0
1.0
1.0
1.0
0.0712042283782
0.0909292994179
0.0618448278667
1.0
1.0
0.0282505798582
1.0
0.0697939669912
0.0829122169933
0.0597476945061
0.065377219296
0.0561447818414
0.0561447818414
0.0291443141002
1.0
0.109301685092
0.122159633883
0.0896572902685
0.0226614432627
0.104674490218
0.100576335569
0.0210604791372
1.0
0.0482221286201
0.0552278451151
0.0358170705589
1.0
0.0467036200809
0.0411987463647
0.0122249010569
1.0
0.126632888195
0.103929930006
0.0737861110946
0.0448751675231
0.0214990853125
0.0214990853125
0.0214990853125
1.0
0.00748654215713
0.00683427861946
0.00529385891165
0.00432243789162
0.00305643942108
0.00305643942108
0.00305643942108
1.0
1.0
1.0
1.0
1.0
1.0
0.0118367648475
0.0981810235842
0.104215271492
0.0680827043589
0.0571686821945
0.0690275750999
0.0692617401719
0.0693618499118
0.076610889431
0.0998915173846
0.0968893513569
0.0846980057327
0.0814262933642
0.0895290618682
0.0995932392406
0.106597744872
0.1122011589
0.0962010287802
0.0977836733903
0.0929764600282
0.119856288088
0.0935913759656
0.0845892311399
0.0729991863881
0.0615442982624
0.0385721961456
0.0451335865495
0.122029788483
1.0
1.0
1.0
1.0
1.0
1.0
1.0
0.0629956302963
0.139473966101
0.0172873285621
0.011435454679
0.0089106634378
0.0089106634378
0.00648358112339
0.00748654215713
0.0600959450064
0.0417598519221
1.0
1.0
1.0
1.0
1.0
1.0
0.0531717095004
0.0533461171334
0.00571800779536
0.00571800779536
0.00571800779536
1.0
0.00571800779536
0.00571800779536
1.0
1.0
0.0124144167119
0.0154324961238
1.0
1.0
1.0
1.0
0.137937171816
0.0401108772328
0.0219289046441
0.0219289046441
0.0219289046441
0.0219289046441
0.0219289046441
0.0219289046441
0.0219289046441
1.0
1.0
1.0
1.0
1.0
1.0
1.0
0.0164572771696
1.0
0.0674681663162
0.0872667309386
1.0
1.0
1.0
1.0
1.0
1.0
1.0
1.0
1.0
1.0
1.0
1.0
1.0
1.0
1.0
1.0
1.0
1.0
1.0
1.0
1.0
1.0
1.0
1.0
1.0
1.0
1.0
1.0
1.0
1.0
1.0
1.0
1.0
1.0
1.0
1.0
1.0
1.0
1.0
1.0
1.0
1.0
1.0
1.0
1.0
1.0
1.0
1.0
1.0
1.0
1.0
1.0
1.0
1.0
1.0
1.0
1.0
1.0
1.0
1.0
1.0
1.0
1.0
1.0
1.0
1.0
1.0
1.0
1.0
1.0
1.0
1.0
1.0
1.0
1.0
1.0
1.0
1.0
1.0
1.0
1.0
1.0
1.0
1.0
1.0
1.0
1.0
1.0
1.0
1.0
1.0
1.0
1.0
1.0
1.0
1.0
1.0
1.0
1.0
1.0
1.0
1.0
1.0
1.0
1.0
1.0
1.0
1.0
1.0
1.0
1.0
1.0
1.0
1.0
1.0
1.0
1.0
1.0
1.0
1.0
1.0
1.0
1.0
1.0
1.0
1.0
1.0
1.0
1.0
1.0
1.0
1.0
1.0
1.0
1.0
1.0
1.0
1.0
1.0
1.0
1.0
1.0
1.0
1.0
1.0
1.0
1.0
1.0
1.0
1.0
1.0
1.0
1.0
1.0
1.0
1.0
1.0
1.0
1.0
1.0
1.0
1.0
1.0
1.0
1.0
1.0
1.0
1.0
1.0
1.0
1.0
1.0
1.0
1.0
1.0
1.0
1.0
1.0
1.0
1.0
1.0
1.0
1.0
1.0
1.0
1.0
1.0
1.0
1.0
1.0
1.0
1.0
1.0
1.0
1.0
1.0
1.0
1.0
1.0
1.0
1.0
1.0
1.0
1.0
1.0
1.0
1.0
1.0
1.0
1.0
1.0
1.0
1.0
1.0
1.0
1.0
1.0
1.0
1.0
1.0
1.0
1.0
1.0
1.0
1.0
1.0
1.0
1.0
1.0
1.0
1.0
1.0
1.0
1.0
1.0
1.0
1.0
1.0
1.0
1.0
1.0
1.0
1.0
1.0
1.0
1.0
1.0
1.0
1.0
1.0
1.0
1.0
1.0
1.0
1.0
1.0
1.0
1.0
1.0
1.0
1.0
1.0
1.0
1.0
1.0
1.0
1.0
1.0
1.0
1.0
1.0
1.0
1.0
1.0
1.0
1.0
1.0
1.0
1.0
1.0
1.0
1.0
1.0
1.0
1.0
1.0
1.0
1.0
1.0
1.0
1.0
1.0
1.0
1.0
1.0
1.0
1.0
1.0
1.0
1.0
1.0
1.0
1.0
1.0
1.0
1.0
1.0
1.0
1.0
1.0
1.0
1.0
1.0
1.0
1.0
1.0
1.0
1.0
1.0
1.0
1.0
1.0
1.0
1.0
1.0
1.0
1.0
1.0
1.0
1.0
1.0
1.0
1.0
1.0
1.0
1.0
1.0
1.0
1.0
1.0
1.0
1.0
1.0
1.0
1.0
1.0
1.0
1.0
1.0
1.0
1.0
1.0
1.0
1.0
1.0
1.0
1.0
1.0
1.0
1.0
1.0
1.0
1.0
1.0
1.0
1.0
1.0
1.0
1.0
1.0
1.0
1.0
1.0
1.0
1.0
0.111079626606
0.0998227663527
0.0595533292352
0.0631792494257
1.0
1.0
1.0
1.0
1.0
1.0
1.0
1.0
1.0
1.0
1.0
1.0
0.0359469103784
0.010805564721
0.0061127931818
0.0213902784643
1.0
1.0
1.0
1.0
1.0
1.0
1.0
1.0
1.0
1.0
1.0
1.0
1.0
1.0
1.0
1.0
1.0
1.0
1.0
1.0
1.0
1.0
1.0
1.0
1.0
1.0
1.0
1.0
1.0
1.0
1.0
1.0
1.0
1.0
1.0
1.0
1.0
1.0
1.0
1.0
1.0
1.0
1.0
1.0
1.0
1.0
1.0
1.0
1.0
1.0
1.0
1.0
1.0
1.0
1.0
1.0
1.0
1.0
1.0
1.0
1.0
1.0
1.0
1.0
1.0
0.0470013887239
0.0464540086279
0.0358820495012
0.0252885602992
0.017949707323
0.0127850179616
0.00779222193136
0.00529385891164
0.0440379542067
0.0233709868096
1.0
1.0
1.0
1.0
1.0
1.0
0.102669032327
0.0264603909564
0.0165985051663
0.0256548404595
0.0220350470207
0.0155830242244
1.0
0.0247289433141
0.117601545073
0.0925558995268
0.0691949183041
0.0483184432927
0.0366527661801
0.0189613856717
0.00305643942108
1.0
1.0
1.0
1.0
1.0
0.117601545073
0.0834658776477
0.0631425690083
0.0584130743152
0.0437198331676
0.0342203895516
0.0124144167119
0.00571800779536
0.00483262119037
1.0
1.0
1.0
1.0
1.0
1.0
1.0
1.0
1.0
1.0
1.0
0.0374075230051
1.0
1.0
1.0
1.0
1.0
1.0
1.0
1.0
1.0
0.026723497544
0.0216073432456
1.0
1.0
1.0
1.0
0.0398780456147
0.0583336028745
0.0441961493899
0.0246344347871
1.0
1.0
1.0
1.0
1.0
1.0
0.0647007473758
0.0647007473758
0.0528650957411
0.0647007473758
0.0647007473758
0.0528650957411
1.0
1.0
1.0
1.0
1.0
1.0
1.0
1.0
1.0
1.0
1.0
1.0
1.0
1.0
1.0
1.0
0.117466348019
0.0868175591802
0.0534331050229
0.09857670816
0.0773005835585
0.06639621378
0.0694618125447
0.0124144167119
0.116066075198
0.0802574109021
0.0375938315785
0.0777173280534
0.0606718558928
0.0534765452936
0.0636905212331
0.0124144167119
0.120816994679
0.0830509880393
0.0358170705589
0.0720432817227
0.0570874547673
0.0498805400592
0.0627007031284
0.0124144167119
0.138796814689
0.0965102177728
0.0609387241426
0.0887815638882
0.0874246939416
0.0606336345341
0.0503903742949
0.0124144167119
0.121490285426
0.0551437216941
0.00216123408846
1.0
1.0
0.0238648638207
0.0589269901629
0.0616947488878
0.0539950710959
0.010805564721
0.0654833808452
0.135902928841
0.109883869396
0.0759147775933
0.0618822898586
0.0372827971359
0.0382691598532
1.0
0.0600573516819
0.134623006128
0.0926054798986
0.0636541402328
0.0569246475974
0.0327592032286
0.0379636903548
0.0374075230051
0.0686916418616
0.134673118963
0.0885222943712
0.060900672779
0.0533025693392
0.0311546887546
1.0
1.0
0.0241563329581
0.0641615660968
0.130183596122
0.0921333508795
0.0690275750999
0.0381472673014
1.0
0.00216123408846
0.0260159508347
0.0564333709067
0.124363137813
0.107365447696
0.0726819784146
0.0407442601581
0.0231704820562
0.0174218216303
0.0124144167119
0.00942020494601
0.00716783514578
0.00611279318181
0.00374334976306
0.00432243789163
1.0
1.0
0.0404000176791
0.10030299286
0.118179106746
0.0824665359759
0.0753960310919
0.0316003974073
0.052952882895
1.0
0.0405150923172
0.0746574032984
0.133969700078
0.0729041720574
0.0662216635154
0.0247289433141
0.00216123408847
1.0
0.0395262101333
0.0708788154238
0.142336498291
0.0690610768122
0.0644497002646
0.0222458095588
0.105521781172
0.0528650957411
0.0661167082045
0.0861793243268
0.140195551444
0.0976664857436
0.0710742456686
0.0530842883382
0.12276979519
0.072299451961
0.0802574109021
0.109655541364
0.124454049042
0.089014239831
0.0751199163732
0.0653063473846
0.0208377080261
0.0184624868008
0.0158797962143
0.0116378406375
0.0089106634378
0.00837014994107
1.0
1.0
0.0501129324329
0.0289838736415
0.0280850171665
0.0399363815973
0.00432243789162
0.00748654215713
0.00529385891165
0.00571800779537
1.0
1.0
1.0
1.0
1.0
1.0
1.0
1.0
1.0
1.0
1.0
1.0
1.0
1.0
1.0
1.0
1.0
1.0
1.0
1.0
1.0
1.0
1.0
1.0
1.0
0.107110187471
0.106768845427
0.106768845427
0.106768845427
0.106768845427
0.106768845427
0.106768845427
1.0
1.0
1.0
1.0
1.0
1.0
1.0
1.0
1.0
1.0
1.0
1.0
1.0
1.0
1.0
1.0
0.121527574272
0.111284426395
0.0542096425988
1.0
1.0
1.0
1.0
1.0
0.139039064839
0.0960341141778
0.0656599286796
0.0346937171028
1.0
1.0
1.0
1.0
0.143120609348
0.118600759195
0.0596700254683
0.0331832807476
1.0
1.0
1.0
1.0
0.103268304336
0.123651584919
0.0866319080447
0.0668824876955
1.0
0.00216123408846
0.0394672640173
0.0459506825059
0.12871980111
0.11329093177
0.0860457444873
0.0542096425988
0.0224545900454
0.0172873285621
0.0105872727088
0.010805564721
1.0
1.0
1.0
1.0
1.0
1.0
0.135720880098
0.0947362236467
0.0103643820001
0.00716783514578
0.00374334976306
0.00216123408846
1.0
1.0
1.0
1.0
1.0
1.0
1.0
1.0
1.0
1.0
1.0
1.0
0.0182079046899
0.0696280917493
0.0528650957411
0.0528650957411
0.0528650957411
0.0528650957411
0.0528650957411
0.0528650957411
0.00716783514578
1.0
1.0
1.0
1.0
1.0
1.0
1.0
0.00990355617978
1.0
0.106554924756
0.106512086607
1.0
1.0
0.0374075230051
1.0
0.0679806743628
0.0591626554399
0.0886520269876
0.0924566561876
0.00837014994107
0.00432243789162
0.0441434811474
0.0420929003085
0.110359678757
0.109030275206
0.108338105152
0.103533484734
0.0715927312979
0.0793909359962
0.0923821512378
0.0960102446372
0.0716250094406
0.0629220301828
0.0474445067059
0.0350278738151
0.10425909773
0.119001769157
0.0957712095014
0.093566859717
0.00648358112339
0.0364616224225
0.105456857805
0.0839883784759
0.0834106816687
0.0647007473758
0.0537796333544
0.0654480131291
1.0
1.0
1.0
1.0
1.0
1.0
1.0
1.0
1.0
0.0712366862316
0.102579940354
0.0616195702009
1.0
1.0
0.0282505798582
1.0
0.0697939669912
0.0835761571139
0.070519091079
0.0649864507027
0.0673995319581
0.0673995319581
0.0291443141002
1.0
0.109322533469
0.122825104504
0.0883923651771
0.0209493902167
0.104739921036
0.100462536957
0.0210604791372
1.0
0.0470013887239
0.0521128669101
0.0319670557565
1.0
0.0391711945448
0.0343562945895
0.0120323990032
1.0
0.128807430837
0.101751979011
0.0703878171252
0.0478349124484
0.0219289046441
0.0219289046441
0.0219289046441
1.0
0.00716783514578
0.00432243789162
0.00305643942108
0.00305643942108
0.00216123408847
0.00216123408847
0.00216123408847
1.0
1.0
1.0
1.0
1.0
1.0
0.0398196236218
0.10616872957
0.104346692473
0.0681506378937
0.068387863795
0.0690275750999
0.0692617401719
0.0693618499118
0.0768815244685
0.100599079193
0.103577612513
0.0850505340455
0.0815394094844
0.0901173516664
0.10116593796
0.107535268326
0.112221441205
0.0954835472856
0.0958908043963
0.0912066804991
0.118351793285
0.0922827144258
0.0801999447676
0.0678784881102
0.0533461171334
0.0369060763254
0.0276667624215
0.122696008163
1.0
1.0
1.0
1.0
1.0
1.0
1.0
0.0849422242488
0.140307436217
0.0170151496525
0.0105872727088
0.0086446334964
0.0086446334964
0.00529385891163
0.0061127931818
0.0613557081874
0.0600959450064
1.0
1.0
1.0
1.0
1.0
1.0
0.064915144772
0.0648437590834
0.00216123408846
0.00216123408846
0.00216123408846
1.0
0.00216123408846
0.00216123408846
1.0
1.0
0.0124144167119
0.0154324961238
1.0
1.0
1.0
1.0
0.147245979972
0.0512135906754
0.0219289046441
0.0219289046441
0.0219289046441
0.0219289046441
0.0219289046441
0.0219289046441
0.0219289046441
1.0
1.0
1.0
1.0
1.0
1.0
1.0
0.0165985051664
1.0
0.0775390042912
0.0872667309386
1.0
1.0
1.0
1.0
1.0
1.0
1.0
1.0
0.00432243789162
1.0
1.0
1.0
0.00529385891165
1.0
0.00432243789162
0.00305643942108
0.00374334976306
0.00305643942108
0.00305643942108
1.0
0.00305643942108
1.0
0.00305643942108
0.00529385891165
0.00216123408846
0.00432243789162
0.00216123408846
0.00374334976306
1.0
1.0
1.0
1.0
1.0
1.0
1.0
1.0
0.00683427861946
1.0
1.0
0.00305643942108
1.0
1.0
1.0
1.0
0.00305643942108
1.0
1.0
0.00571800779536
1.0
1.0
1.0
1.0
1.0
1.0
1.0
1.0
0.00483262119037
1.0
0.00216123408846
1.0
0.00966490377259
0.00571800779536
0.011435454679
0.00571800779536
0.00748654215713
0.00483262119037
0.00683427861945
0.00432243789162
0.00683427861946
0.00748654215713
0.0089106634378
0.00779222193138
0.0064835811234
0.00611279318181
0.00648358112341
0.00683427861946
1.0
1.0
1.0
1.0
1.0
1.0
1.0
1.0
1.0
1.0
0.0124144167119
0.00432243789162
1.0
1.0
1.0
0.00529385891165
1.0
1.0
0.00916897561789
0.00611279318181
1.0
1.0
1.0
0.00683427861946
1.0
1.0
1.0
1.0
0.00216123408846
1.0
0.00305643942108
1.0
0.010805564721
0.00432243789162
0.0165985051663
0.00432243789162
0.0110195313346
1.0
0.00837014994107
0.00571800779535
0.00779222193137
0.00779222193137
0.0140050564689
0.00648358112339
0.00837014994106
1.0
0.00779222193137
0.00716783514578
1.0
1.0
1.0
1.0
1.0
1.0
1.0
1.0
1.0
1.0
0.0189613856718
1.0
1.0
1.0
1.0
0.0064835811234
1.0
1.0
0.0165985051663
1.0
1.0
1.0
1.0
0.00716783514578
1.0
1.0
1.0
1.0
1.0
1.0
1.0
1.0
0.0129663445048
0.0105872727088
0.0236685524651
0.0086446334964
1.0
0.0089106634378
1.0
0.0086446334964
0.0122249010569
0.00990355617978
0.0199216843547
0.00837014994107
1.0
0.00716783514578
1.0
0.00837014994106
1.0
1.0
1.0
1.0
1.0
1.0
1.0
1.0
1.0
1.0
0.0257455941699
1.0
1.0
1.0
1.0
0.00779222193137
1.0
1.0
0.0237669112908
1.0
1.0
1.0
1.0
0.00808635196795
1.0
1.0
1.0
1.0
0.00571800779536
1.0
0.0064835811234
1.0
0.0282505798582
0.0214990853125
0.0331129799741
0.0192059690888
0.0317475709651
1.0
0.0238648638207
0.00779222193136
0.0266360849378
0.0227641635824
0.0327592032286
0.0190840697818
0.0322573696734
1.0
0.0209493902167
0.00837014994107
1.0
1.0
1.0
1.0
1.0
1.0
1.0
1.0
0.0219289046441
1.0
1.0
0.0170151496525
0.031079780102
1.0
1.0
0.00837014994106
0.0213902784643
1.0
1.0
0.0157321107202
0.0311546887546
1.0
1.0
0.00808635196795
1.0
1.0
1.0
1.0
0.009420204946
1.0
0.009420204946
1.0
0.0207254229745
1.0
1.0
0.0163148253525
0.0313039662168
0.0105872727088
0.0245395613957
0.0103643820001
0.0207254229745
1.0
1.0
0.0144965090989
0.0318940626687
0.0103643820001
0.0249168823659
0.009420204946
1.0
1.0
1.0
1.0
0.00808635196794
1.0
0.0086446334964
1.0
0.0214990853125
1.0
0.0210604791372
0.0151269425519
0.028001867567
1.0
1.0
1.0
0.0204990046088
1.0
0.0216073432456
0.0122249010569
0.0294625651797
1.0
1.0
1.0
1.0
1.0
1.0
1.0
1.0
1.0
1.0
1.0
1.0
1.0
1.0
0.0143345653313
0.0251961561288
1.0
1.0
1.0
1.0
1.0
1.0
0.0124144167119
0.0268106243403
1.0
1.0
1.0
1.0
1.0
1.0
1.0
0.00942020494599
1.0
0.00942020494599
1.0
0.0160261194389
0.0152804838146
0.0192059690888
0.0158797962143
0.0251961561288
0.0120323990032
0.0217150604732
0.0103643820001
0.0175552831189
0.0131451683793
0.0204990046088
0.0140050564689
0.0261946342871
0.0112294198022
0.0222458095588
0.0096649037726
1.0
1.0
1.0
1.0
1.0
1.0
1.0
1.0
1.0
1.0
1.0
1.0
1.0
1.0
1.0
1.0
1.0
1.0
1.0
1.0
1.0
1.0
1.0
1.0
1.0
1.0
1.0
1.0
1.0
1.0
1.0
1.0
1.0
1.0
1.0
0.117601545073
0.102535364061
0.0631425690083
0.0562273889427
1.0
1.0
1.0
1.0
1.0
1.0
1.0
1.0
1.0
1.0
1.0
1.0
0.0437198331676
0.0221406795713
0.0213902784643
0.0375938315785
1.0
1.0
1.0
1.0
1.0
1.0
1.0
1.0
1.0
1.0
1.0
1.0
0.00483262119037
1.0
1.0
0.00483262119037
1.0
1.0
1.0
1.0
1.0
1.0
1.0
1.0
1.0
1.0
1.0
1.0
1.0
1.0
1.0
1.0
1.0
1.0
1.0
1.0
1.0
1.0
1.0
1.0
1.0
1.0
1.0
1.0
1.0
1.0
1.0
1.0
1.0
1.0
1.0
1.0
1.0
1.0
1.0
1.0
1.0
1.0
1.0
1.0
1.0
1.0
1.0
1.0
1.0
0.0471002229011
0.0466538055654
0.0358820495012
0.0252885602992
0.017949707323
0.0127850179616
0.00779222193136
0.00529385891164
0.0455950199044
0.0238648638207
0.00808635196794
0.00483262119037
0.0086446334964
1.0
1.0
1.0
0.0994322419549
0.0262835192427
0.0165985051663
0.0254723604673
0.0216073432456
0.014971825296
1.0
0.0247289433141
0.122178171247
0.0937383339172
0.0635448701982
0.0413678827034
0.0192059690888
0.00305643942108
1.0
1.0
1.0
1.0
1.0
1.0
0.122178171247
0.0854554367941
0.0585320763654
0.0561447818414
0.0359469103784
0.0129663445048
0.0061127931818
0.00432243789163
1.0
1.0
1.0
1.0
1.0
1.0
1.0
1.0
1.0
1.0
1.0
1.0
0.0374075230051
0.0374075230051
1.0
1.0
1.0
1.0
1.0
1.0
1.0
1.0
0.0423684266434
0.041592320584
1.0
1.0
0.00216123408847
1.0
0.0399946319458
0.0691614826865
0.0446673470794
0.0441961493899
1.0
1.0
1.0
1.0
1.0
1.0
0.0528650957411
0.0528650957411
0.0647007473758
0.0528650957411
0.0528650957411
0.0647007473758
1.0
1.0
1.0
1.0
1.0
1.0
1.0
1.0
