0.0
0.0
0.0
0.0
0.0
0.0
0.0
0.0
0.00766210867021
-0.059331228464
-0.0791280534769
-0.00898258401301
0.0757942314933
0.0861763191063
0.000760440587585
-0.0759437603088
0.0
0.0
0.0
0.0
0.0
0.0
0.0
0.0
0.0
0.0
0.0
0.0
0.0
0.0
0.0
0.0
0.0
0.0
0.0
0.0
0.0
0.0
0.0
0.0
0.0
0.0
0.0
0.0
0.0
0.0
3.24574389394e-05
1.80464455021e-05
0.0
0.0
0.0
0.0
0.0
3.24574389394e-05
6.8316201782e-06
7.43982541823e-05
0.0
0.0
0.0
0.0
0.0
0.0
0.0
0.0
0.0
0.0
0.0
0.0
0.0
0.0
0.0
0.0
0.0
0.0
0.0
0.0
0.0
0.0
0.0
0.0
0.0
0.0
0.0
0.0
0.0
0.0
0.0
0.0
0.0
0.0
0.0
0.0
0.0
0.0
0.0
0.0
0.0
0.0
0.0
0.0
0.0
0.0
0.0
0.0
0.0
0.0
0.0
0.0
0.0
0.0
0.0
0.0
0.0
0.0
0.0
0.0
0.0
0.0
0.0
0.0
0.0
0.0
0.0
0.0
0.0
0.0
0.0
0.0
0.0
0.0
0.0
0.0
0.0
0.0
0.0
0.0
0.0
0.0
0.0524698148594
0.0
0.0
0.0524698148594
0.0
0.0524698148594
0.0
0.0
0.0
0.0
0.0
0.0
0.0
0.0
0.00766210867021
-0.059331228464
-0.0791280534769
0.0
0.0
0.0
0.0
0.0
-0.00898258401301
0.0757942314933
0.0861763191063
0.0
0.0
0.0
0.0
0.0
0.0
0.0
0.0
0.0
0.0
0.0
0.0
0.0
0.0
0.0
0.0
0.0
0.00866767895463
-0.000968594416484
0.00904408284347
5.36038567862e-05
0.0
0.0
0.0
0.0
-0.00397301616906
0.001298646008
-0.0153343697308
-0.000458411619811
0.0
5.57035426818e-06
1.51915259635e-05
0.0128269380448
0.0
0.0
0.0
0.0
9.86493955069e-05
0.00011698487439
0.012597928553
-0.0300272120716
0.0
0.0
0.0
0.0
-0.0404218822818
-0.000839523947841
0.0810396758219
-0.0780621894832
0.0
0.0
0.0
0.0
0.0667193237366
0.0667193237366
-0.0759437603088
0.0
-0.0759437603088
-0.0759437603088
0.057528334239
0.000760440587585
0.0
0.0667193237366
0.0
0.0
0.0667193237366
0.0667193237366
0.057528334239
0.0457773242396
-0.0924688311475
-0.0924688311475
-0.0924688311475
-0.0924688311475
-0.0924688311475
-0.0924688311475
-0.0924688311475
-0.0924688311475
0.000114190912064
0.000116127752084
0.000114724271164
0.000107406991439
9.13133487821e-05
7.30813437199e-05
5.80133011435e-05
6.57877537468e-05
0.057528334239
0.057528334239
0.057528334239
0.0
0.0
0.0
0.0
0.0862887320312
0.00483660223661
0.00351603061503
0.00269964271381
-0.0363400974386
-0.0386991976934
-0.0386991976934
-0.0386991976934
0.0412445946456
0.057528334239
0.00483660223661
0.00351603061503
-0.034312646508
-0.0363400974386
-0.0363400974386
-0.0363400974386
0.0398270329597
0.057528334239
0.057528334239
0.00483660223661
-0.0317837928581
-0.034312646508
-0.034312646508
-0.034312646508
0.0415048246349
0.0
0.0
0.0
0.0
-0.0317837928581
-0.0317837928581
-0.0317837928581
-0.034312646508
0.0
0.0
0.0
0.0
0.0
0.0
0.0
-0.0317837928581
0.0
0.0
0.0
0.0
0.0
0.0
0.0
0.0
0.0
0.0
0.0
0.0
0.0
0.0
0.0
0.0
0.0
0.0211748439388
-0.0824963506743
-0.0824963506743
0.0734950030396
-0.0824963506743
0.0221590687815
0.0221590687815
0.0
0.0211748439388
-0.0824963506743
-0.0824963506743
0.0734950030396
-0.0824963506743
0.0221590687815
0.0221590687815
0.0
0.0211748439388
-0.0824963506743
-0.0824963506743
0.0734950030396
-0.0824963506743
0.0221590687815
0.0221590687815
0.0
0.0211748439388
-0.0824963506743
-0.0824963506743
0.0734950030396
-0.0824963506743
0.0221590687815
0.0221590687815
0.0
0.0211748439388
-0.0824963506743
-0.0824963506743
0.0734950030396
-0.0824963506743
0.0221590687815
0.0221590687815
0.0
0.0211748439388
-0.0824963506743
-0.0824963506743
0.0734950030396
-0.0824963506743
0.0221590687815
0.0221590687815
0.0
-0.0143480923236
-0.0824963506743
-0.0824963506743
0.0734950030396
-0.0824963506743
-0.0208968898694
0.0221590687815
0.0221590687815
0.0340622832432
-0.00417143530582
-0.00748281170585
-0.00459423997229
0.00402407409348
0.0202281186795
0.00847285945494
0.0127605583887
0.0340622832432
0.00562770008035
0.00604740814865
-0.00679436831421
0.0172678400394
0.0172678400394
0.0
0.0
0.0580260492365
-0.00179422188939
-0.00544933025468
0.0211748439388
0.0212356870793
0.055445240665
0.0
0.0
0.0580260492365
-0.00679436831421
-0.00544933025468
-0.00346023390925
0.00604740814865
0.055445240665
0.0127605583887
0.0
-0.00693973844344
0.0231777130287
0.00127676430568
-0.00679436831421
0.000172757807577
-0.00346023390925
0.0127605583887
0.0
0.0
-0.00693973844344
0.0231777130287
-0.00442347439409
-0.00693973844344
0.0
0.0127605583887
0.0
0.0
0.0
-0.00693973844344
-0.00693973844344
0.0
-0.00627607555428
-0.00389669328925
0.0
0.0
0.0
0.0
0.0
0.0
0.0
4.20188759632e-05
0.0
0.0
0.0
0.0
0.0
0.0
0.0
0.0
0.00119455788145
0.0
0.0
0.0
0.00402407409348
-0.0332836554388
-0.0208968898694
0.0
0.0
0.0
0.0
0.0
0.0
0.0
0.0
0.0
0.0
3.54874530318e-05
0.0
3.54874530318e-05
0.0
2.27807407384e-05
0.0
0.0
0.0
0.0
0.0
0.0
0.0
0.0
0.0
0.0
0.0
0.0
0.0
0.0
-0.0332836554388
-0.0208968898694
0.0
0.0
0.0
0.0
0.0
0.0
0.0
0.0
0.0
0.0
0.0
0.0
0.0
0.0
0.0
0.0
0.0862887320312
0.0
0.0
0.0
0.0
0.0
0.0
0.0
0.0
0.0
0.0
0.0
0.0
0.0
0.0
0.0
0.0
0.0
0.0
0.0
0.0
0.0
0.0
0.0
0.0
0.0
0.0
0.0
0.0
0.0
-0.00390408515324
-0.00161529552813
0.0
0.0
0.0
0.0
0.0
0.0
0.0
0.0
0.0
0.0
0.0
0.0
0.0
0.0
0.0862887320312
-0.0924688311475
0.0
0.0
0.0
0.0
0.0
0.0
0.0
0.0
0.0
0.0
0.0
0.0
0.0
0.0
0.0
0.0
0.0
0.0
0.0
0.0
0.0
0.0
0.0
0.0
0.0
0.0
0.0
0.0
0.0
0.0
0.0
0.0
0.0
0.0
0.0
0.0
0.0
0.0
0.0
0.0
0.0
0.0
0.0
0.0
0.0
0.0
0.0
0.0
0.0
0.0
0.0
0.0
0.0
0.0
0.0
0.0
0.0
0.0
0.0
0.0
0.0
0.0
0.0
0.0
0.0
0.0
0.0
0.0
0.0
0.0
0.0
0.0
0.0
0.0
0.0
0.0
0.0
0.0
0.0
0.0
0.0
0.0
0.0
0.0
0.0
0.0
0.0
0.0
0.0
0.0
0.0
0.0
0.0
0.0
0.0
0.0
0.0
0.0
0.0
0.0
0.0
0.0
0.0
0.0
0.0
0.0
0.0
4.56557618896e-05
0.0
0.0
0.0
0.0
0.0
0.0
0.0
0.0
0.0
0.0
0.0
0.0
0.0
0.0
0.0
0.0
0.0
0.0
0.0
0.0
0.0
0.0
0.0516976933278
0.0223028446695
0.0
0.0
0.0
0.0
0.0
0.0
0.0
0.0
0.0
0.0
0.0
0.0
0.0
0.0
6.12838198884e-05
3.7939523456e-05
3.15881314767e-05
4.19022028668e-05
3.99960562794e-05
0.0
0.0
0.0
6.12086868187e-05
5.49384450507e-05
5.67013249691e-05
6.30348548085e-05
6.1881215673e-05
4.87442099388e-05
4.23285376431e-05
4.99182437247e-05
0.00023469054849
0.000261695419952
0.000281219758878
9.94276000856e-06
0.0
0.0
0.0
0.0
0.0
0.0
0.0
0.0
0.000154489789299
9.10220356799e-05
0.000190037561927
0.0
0.0
0.0
0.0
0.0
0.0
0.0
0.0
0.0
0.0
0.0
0.0
0.0
0.0
0.0
0.0
0.0
0.0
0.0
0.0
0.0
0.0
0.0
0.0
0.0
0.0
0.0
0.0
0.0
0.0
0.0
0.0
0.0
0.0
0.0
0.0
0.0
0.0
0.0
0.0
0.0
0.0
0.0
0.0
0.0
0.0
0.0
0.0
0.0
0.0
0.0
0.0
8.46303510347e-05
9.39650547901e-05
0.0
8.07217768649e-05
0.0
0.0
0.0
0.0
0.0
0.0
6.9064820259e-06
-1.79743142157e-06
0.0146224968094
0.0086428400648
0.00973369815145
-0.00288961891251
-0.00435081233208
-0.006521603496
-0.0172940418291
-0.0228293839252
-0.000212507738648
0.00376777413923
0.00137597432719
0.0318576288042
-0.0129217405766
-0.016056756059
-0.000590834786288
0.0798622539766
-0.0790167193808
0.0
0.0
0.0
2.77134621697e-05
0.0
0.0
0.0
0.0
0.0
0.0
0.0
0.0
0.0
0.0
0.0
0.0
0.0
0.0
0.0
-0.00286466487072
0.0
0.0
0.0
0.0
0.0
0.0
0.0
0.0
0.0
0.0
0.0
0.0
5.3345300792e-05
4.81333036285e-06
0.0
0.0
5.13372178973e-05
0.0
7.69477047247e-06
7.69477047247e-06
0.0
0.0
0.0
0.0
0.0
0.0
5.73293456666e-05
3.87773051273e-05
2.94986311035e-05
0.0
0.0
0.0
0.0
0.0
0.0
0.0
0.000760440587585
-0.0759437603088
0.0
0.0
0.0
0.0
0.0
0.0
2.77134621697e-05
3.06789999219e-05
2.8429843868e-05
4.62691161055e-05
3.5375004709e-05
0.0
0.0
0.0
0.0
0.0
0.0
0.0
0.0
0.0
0.0
0.0
0.0
0.0
0.0
0.0
0.0
0.0
0.0
0.0
0.0
0.0
0.0
0.0
0.0
0.0
0.0
0.0
0.0
0.0
0.0
0.0
0.0
0.0
0.0
0.0
0.0
0.0
0.0
0.0
0.0
0.0
0.0
0.0
6.33442828995e-05
0.0
6.33442828995e-05
0.0
0.0
0.0
0.0
0.0
0.0
0.0
0.0
0.0
0.0
0.0
1.00207560135e-05
8.86113234806e-05
0.0
0.0412445946456
0.00103243975282
0.000622629389269
0.0415048246349
0.0
0.0412445946456
0.0412445946456
0.0
0.0
0.0
0.0
2.34029506509e-05
0.0
0.0
0.0
0.0
0.0
0.0
0.0
0.0
0.0
0.0
0.0
0.0
0.0
0.0
0.0
0.0
0.0
0.0
0.0
0.0
0.0
0.0
0.0
0.0
0.0
0.0
0.0
0.0
0.0
0.0
0.0
0.0
0.0
0.0
0.0
0.0
0.0
0.0
0.0
0.0
0.0
0.0
0.0
0.0
0.0
0.0
0.0
0.0
0.0
0.0
0.0
0.0
0.0
0.0
0.0
0.0
0.0
0.0
0.0
0.0
0.0
0.0
0.0
0.0
0.0
0.0
0.0
0.0
0.0
0.0
0.0
0.0
0.0
0.0
0.0
0.0
0.0
0.0
0.0
0.0
0.0
0.0
0.0
0.0
0.0
0.0
0.0
0.0
-0.000128527543113
0.0
0.000131841010332
-0.0204327553735
0.0515475000013
0.0709269699044
0.00408054531962
-0.0839270936976
-0.0923197987758
-0.00551861950247
0.0667193237366
0.0
0.0
0.0
0.0
0.0
0.0
0.0
0.0
0.0
0.0
0.0
0.0
0.0
0.0
0.0
0.0
0.0
0.0
0.0
0.0
0.0
0.0
0.0
0.0
0.0
0.0
0.0
0.0
0.0
0.0
2.84683798593e-05
1.80311157791e-05
0.0
0.0
0.0
0.0
0.0
2.84683798593e-05
2.52089835452e-06
5.96760480544e-05
0.0
0.0
0.0
0.0
0.0
0.0
0.0
0.0
0.0
0.0
0.0
0.0
0.0
0.0
0.0
0.0
0.0
0.0
0.0
0.0
0.0
0.0
0.0
0.0
0.0
0.0
0.0
0.0
0.0
0.0
0.0
0.0
0.0
0.0
0.0
0.0
0.0
0.0
0.0
0.0
0.0
0.0
0.0
0.0
0.0
0.0
0.0
0.0
0.0
0.0
0.0
0.0
0.0
0.0
0.0
0.0
0.0
0.0
0.0
0.0
0.0
0.0
0.0
0.0
0.0
0.0
0.0
0.0
0.0
0.0
0.0
0.0
0.0
0.0
0.0
0.0
0.0
0.0
0.0
0.0
0.0
0.0
-0.0479109160749
0.0
0.0
-0.0479109160749
0.0
-0.0479109160749
0.0
0.0
0.0
0.0
0.0
0.0
0.0
0.0
-0.0204327553735
0.0515475000013
0.0709269699044
0.0
0.0
0.0
0.0
0.0
0.00408054531962
-0.0839270936976
-0.0923197987758
0.0
0.0
0.0
0.0
0.0
0.0
0.0
0.0
0.0
0.0
0.0
0.0
0.0
0.0
0.0
0.0
0.0
-0.00100838076323
0.000258327940992
-0.00700380259209
-0.00374175557865
0.0
0.0
0.0
0.0
0.00408734521446
-0.00865095525366
-9.16963741031e-05
-0.0309967064498
0.0
7.39537340173e-06
7.13744580049e-05
-0.00984588822104
0.0
0.0
0.0
0.0
-0.00775128116447
-0.0126047232981
-0.0225999252037
0.0128425396639
0.0
0.0
0.0
0.0
-0.000343733352931
-0.0253939800234
-0.0690476047749
0.0742930175912
0.0
0.0
0.0
0.0
-0.0720680998646
-0.0720680998646
0.0667193237366
0.0
0.0667193237366
0.0667193237366
-0.0636085683098
-0.00551861950247
0.0
-0.0720680998646
0.0
0.0
-0.0720680998646
-0.0720680998646
-0.0636085683098
-0.0484108949276
0.0862887320312
0.0862887320312
0.0862887320312
0.0862887320312
0.0862887320312
0.0862887320312
0.0862887320312
0.0862887320312
0.000108464900248
0.000110947624199
0.000109093207965
0.000102361974479
8.6867886293e-05
6.94476726892e-05
5.51724570966e-05
5.8015936689e-05
-0.0636085683098
-0.0636085683098
-0.0636085683098
0.0
0.0
0.0
0.0
-0.0925684191974
-0.00423292753299
-0.00151422810606
-0.00115911980277
0.041145944174
0.0428478465562
0.0428478465562
0.0428478465562
-0.0442185997677
-0.0636085683098
-0.00423292753299
-0.00151422810606
0.0404583787194
0.041145944174
0.041145944174
0.041145944174
-0.0435447346103
-0.0636085683098
-0.0636085683098
-0.00423292753299
0.0388626445814
0.0404583787194
0.0404583787194
0.0404583787194
-0.0455766497294
0.0
0.0
0.0
0.0
0.0388626445814
0.0388626445814
0.0388626445814
0.0404583787194
0.0
0.0
0.0
0.0
0.0
0.0
0.0
0.0388626445814
0.0
0.0
0.0
0.0
0.0
0.0
0.0
0.0
0.0
0.0
0.0
0.0
0.0
0.0
0.0
0.0
0.0
-0.0208968898694
0.0698935400332
0.0698935400332
-0.0846102005195
0.0698935400332
-0.0114227983161
-0.0114227983161
0.0
-0.0208968898694
0.0698935400332
0.0698935400332
-0.0846102005195
0.0698935400332
-0.0114227983161
-0.0114227983161
0.0
-0.0208968898694
0.0698935400332
0.0698935400332
-0.0846102005195
0.0698935400332
-0.0114227983161
-0.0114227983161
0.0
-0.0208968898694
0.0698935400332
0.0698935400332
-0.0846102005195
0.0698935400332
-0.0114227983161
-0.0114227983161
0.0
-0.0208968898694
0.0698935400332
0.0698935400332
-0.0846102005195
0.0698935400332
-0.0114227983161
-0.0114227983161
0.0
-0.0208968898694
0.0698935400332
0.0698935400332
-0.0846102005195
0.0698935400332
-0.0114227983161
-0.0114227983161
0.0
0.0221590687815
0.0698935400332
0.0698935400332
-0.0846102005195
0.0698935400332
0.0193488687427
-0.0114227983161
-0.0114227983161
-0.0420142573582
0.00607571303579
0.0127605583887
0.00657599092946
-0.00400227570429
-0.0251598283338
-0.00536020514013
-0.00744381756446
-0.0420142573582
-0.00650082353014
-0.00497556149126
0.00947398480579
-0.0222910820999
-0.0222910820999
0.0
0.0
-0.0650383752389
0.00119455788145
0.00847285945494
-0.0208968898694
-0.028131328972
-0.0595259396052
0.0
0.0
-0.0650383752389
0.00947398480579
0.00847285945494
0.00433412977986
-0.00497556149126
-0.0595259396052
-0.00744381756446
0.0
0.00992844608532
-0.0277192609944
-0.00233676810564
0.00947398480579
-0.0032600259083
0.00433412977986
-0.00744381756446
0.0
0.0
0.00992844608532
-0.0277192609944
0.00467064295967
0.00992844608532
0.0
-0.00744381756446
0.0
0.0
0.0
0.00992844608532
0.00992844608532
0.0
0.00190157983677
0.000570039046234
0.0
0.0
0.0
0.0
0.0
0.0
0.0
4.47677682761e-05
0.0
0.0
0.0
0.0
0.0
0.0
0.0
0.0
-0.00185831091592
0.0
0.0
0.0
-0.00400227570429
0.0329563814497
0.0193488687427
0.0
0.0
0.0
0.0
0.0
0.0
0.0
0.0
0.0
0.0
3.82535795152e-05
0.0
3.82535795152e-05
0.0
3.54874530318e-05
0.0
0.0
0.0
0.0
0.0
0.0
0.0
0.0
0.0
0.0
0.0
0.0
0.0
0.0
0.0329563814497
0.0193488687427
0.0
0.0
0.0
0.0
0.0
0.0
0.0
0.0
0.0
0.0
0.0
0.0
0.0
0.0
0.0
0.0
-0.0925684191974
0.0
0.0
0.0
0.0
0.0
0.0
0.0
0.0
0.0
0.0
0.0
0.0
0.0
0.0
0.0
0.0
0.0
0.0
0.0
0.0
0.0
0.0
0.0
0.0
0.0
0.0
0.0
0.0
0.0
0.00376777413923
0.00933659532599
0.0
0.0
0.0
0.0
0.0
0.0
0.0
0.0
0.0
0.0
0.0
0.0
0.0
0.0
-0.0925684191974
0.0862887320312
0.0
0.0
0.0
0.0
0.0
0.0
0.0
0.0
0.0
0.0
0.0
0.0
0.0
0.0
0.0
0.0
0.0
0.0
0.0
0.0
0.0
0.0
0.0
0.0
0.0
0.0
0.0
0.0
0.0
0.0
0.0
0.0
0.0
0.0
0.0
0.0
0.0
0.0
0.0
0.0
0.0
0.0
0.0
0.0
0.0
0.0
0.0
0.0
0.0
0.0
0.0
0.0
0.0
0.0
0.0
0.0
0.0
0.0
0.0
0.0
0.0
0.0
0.0
0.0
0.0
0.0
0.0
0.0
0.0
0.0
0.0
0.0
0.0
0.0
0.0
0.0
0.0
0.0
0.0
0.0
0.0
0.0
0.0
0.0
0.0
0.0
0.0
0.0
0.0
0.0
0.0
0.0
0.0
0.0
0.0
0.0
0.0
0.0
0.0
0.0
0.0
0.0
0.0
0.0
0.0
0.0
0.0
1.63056822218e-05
0.0
0.0
0.0
0.0
0.0
0.0
0.0
0.0
0.0
0.0
0.0
0.0
0.0
0.0
0.0
0.0
0.0
0.0
0.0
0.0
0.0
0.0
-0.0553338446625
-0.0114227983161
0.0
0.0
0.0
0.0
0.0
0.0
0.0
0.0
0.0
0.0
0.0
0.0
0.0
0.0
5.12614689362e-05
2.73464062411e-05
2.09736945317e-05
3.15881314767e-05
1.24945817903e-05
3.99960562794e-05
0.0
0.0
6.63196245086e-05
5.71601691698e-05
5.5245314551e-05
5.67013249691e-05
5.7573614839e-05
4.36854704884e-05
3.68078326176e-05
4.23285376431e-05
4.91855940374e-05
4.54665886291e-05
1.7993552188e-05
0.000281219758878
9.94276000856e-06
0.0
0.0
0.0
0.0
0.0
0.0
0.0
0.000102753885729
6.17321884483e-05
9.10220356799e-05
0.0
0.0
0.0
0.0
0.0
0.0
0.0
0.0
0.0
0.0
0.0
0.0
0.0
0.0
0.0
0.0
0.0
0.0
0.0
0.0
0.0
0.0
0.0
0.0
0.0
0.0
0.0
0.0
0.0
0.0
0.0
0.0
0.0
0.0
0.0
0.0
0.0
0.0
0.0
0.0
0.0
0.0
0.0
0.0
0.0
0.0
0.0
0.0
0.0
0.0
0.0
0.0
9.11423319947e-05
6.59931635269e-05
0.0
5.59097812666e-05
0.0
0.0
0.0
0.0
0.0
0.0
6.80596330086e-06
6.32765697678e-05
-0.0111160709054
-0.0010500074866
-0.00139447087944
0.0111828113062
0.000110349325353
-8.02851653147e-05
2.27617694409e-06
0.0132317301385
-0.00617537979701
-0.00410942529315
-0.00841412981811
-0.0184683900362
-0.00581148664422
-0.00345749035119
-0.028368091103
-0.0635671770998
0.0748026010664
0.0
0.0
0.0
2.69158089668e-05
0.0
0.0
0.0
0.0
0.0
0.0
0.0
0.0
0.0
0.0
0.0
0.0
0.0
0.0
0.0
0.00847616529106
0.0
0.0
0.0
0.0
0.0
0.0
0.0
0.0
0.0
0.0
0.0
0.0
5.61928517657e-06
7.35277996245e-06
4.81333036284e-06
3.93002818102e-06
7.39454456878e-05
0.0
4.786165842e-05
4.786165842e-05
0.0
0.0
0.0
0.0
0.0
0.0
6.81524351444e-05
4.70019417805e-05
2.34029506509e-05
0.0
0.0
0.0
0.0
0.0
0.0
0.0
-0.00551861950247
0.0667193237366
0.0
0.0
0.0
0.0
0.0
0.0
2.69158089668e-05
3.03088159478e-05
2.77810500081e-05
4.62997502329e-05
3.59488889708e-05
0.0
0.0
0.0
0.0
0.0
0.0
0.0
0.0
0.0
0.0
0.0
0.0
0.0
0.0
0.0
0.0
0.0
0.0
0.0
0.0
0.0
0.0
0.0
0.0
0.0
0.0
0.0
0.0
0.0
0.0
0.0
0.0
0.0
0.0
0.0
0.0
0.0
0.0
0.0
0.0
0.0
0.0
0.0
5.71167024242e-05
0.0
5.71167024242e-05
0.0
0.0
0.0
0.0
0.0
0.0
0.0
0.0
0.0
0.0
0.0
1.24469862537e-05
0.000197823032162
0.0
-0.0442185997677
-0.00205156394999
-0.00146583863287
-0.0455766497294
0.0
-0.0442185997677
-0.0442185997677
0.0
0.0
0.0
0.0
1.38332884859e-05
0.0
0.0
0.0
0.0
0.0
0.0
0.0
0.0
0.0
0.0
0.0
0.0
0.0
0.0
0.0
0.0
0.0
0.0
0.0
0.0
0.0
0.0
0.0
0.0
0.0
0.0
0.0
0.0
0.0
0.0
0.0
0.0
0.0
0.0
0.0
0.0
0.0
0.0
0.0
0.0
0.0
0.0
0.0
0.0
0.0
0.0
0.0
0.0
0.0
0.0
0.0
0.0
0.0
0.0
0.0
0.0
0.0
0.0
0.0
0.0
0.0
0.0
0.0
0.0
0.0
0.0
0.0
0.0
0.0
0.0
0.0
0.0
0.0
0.0
0.0
0.0
0.0
0.0
0.0
0.0
0.0
0.0
0.0
