0.0
0.0
0.0
0.0
0.0
0.0
0.0
0.0
-0.0823063890303
-0.0504679247946
-0.0534353319373
0.120273566769
0.0400235834137
0.036997433257
-0.12874968024
0.026688568637
6.93889390391e-18
-1.73472347598e-18
-1.08420217249e-19
1.35525271561e-20
-1.69406589451e-21
0.0
6.61744490042e-24
0.0
1.29246970711e-26
0.0
0.0
-3.15544362088e-30
9.86076131526e-32
0.0
4.81482486097e-35
7.52316384526e-37
2.35098870164e-38
0.0
0.0
0.0
0.0
-1.3137173103e-46
2.18952885051e-46
4.92643991364e-47
-4.37905770102e-47
-3.06534039071e-46
4.37905770102e-47
4.37905770102e-47
3.28429327576e-47
-2.46321995682e-47
-1.84269438895e-05
-9.85603446383e-06
0.0
0.0
0.0
0.0
0.0
-1.84269438895e-05
-3.78370480062e-06
-3.45546132131e-05
0.0
0.0
0.0
0.0
0.0
0.0
0.0
0.0
0.0
0.0
0.0
0.0
0.0
0.0
0.0
0.0
0.0
0.0
0.0
0.0
0.0
0.0
0.0
0.0
0.0
0.0
0.0
0.0
0.0
0.0
0.0
0.0
0.0
0.0
0.0
0.0
0.0
0.0
0.0
0.0
0.0
0.0
0.0
0.0
0.0
0.0
0.0
0.0
0.0
0.0
0.0
0.0
0.0
0.0
0.0
0.0
0.0
0.0
0.0
0.0
0.0
0.0
0.0
0.0
0.0
0.0
0.0
0.0
0.0
0.0
0.0
0.0
0.0
0.0
0.0
0.0
0.0
0.0
0.0
0.0
0.0
0.0
0.0850823420305
0.0
0.0
0.0850823420305
0.0
0.0850823420305
0.0
0.0
0.0
0.0
0.0
0.0
0.0
0.0
-0.0823063890303
-0.0504679247946
-0.0534353319373
0.0
0.0
0.0
0.0
0.0
0.120273566769
0.0400235834137
0.036997433257
0.0
0.0
0.0
0.0
0.0
0.0
0.0
0.0
0.0
0.0
0.0
0.0
0.0
0.0
0.0
0.0
0.0
0.0171523268225
-0.00212417715075
-0.00095426719608
-0.000582213199889
0.0
0.0
0.0
0.0
0.000177325649979
-0.00134512478374
0.00080648819719
-0.000529145713728
0.0
-3.05914553799e-06
2.72215202314e-06
0.00124913035429
0.0
0.0
0.0
0.0
-0.000654854994604
-0.000649276356099
0.00382268883963
-0.0473763765492
0.0
0.0
0.0
0.0
-0.0237378782983
-0.00096751219788
0.035100965253
0.0345433252814
0.0
0.0
0.0
0.0
-0.0115320052532
-0.0115320052532
0.026688568637
0.0
0.026688568637
0.026688568637
-0.0667877314985
-0.12874968024
0.0
-0.0115320052532
0.0
0.0
-0.0115320052532
-0.0115320052532
-0.0667877314985
0.103089911621
-0.0372689747009
-0.0372689747009
-0.0372689747009
-0.0372689747009
-0.0372689747009
-0.0372689747009
-0.0372689747009
-0.0372689747009
-6.76102703946e-05
-6.99439176527e-05
-6.93351608898e-05
-6.54305835057e-05
-5.63234304466e-05
-4.58574012705e-05
-3.7091150605e-05
-3.84257960689e-05
-0.0667877314985
-0.0667877314985
-0.0667877314985
0.0
0.0
0.0
0.0
0.0371015108884
-0.0498465451268
-0.0496016957243
-0.0501725118384
-0.0139717962004
-0.0136386615461
-0.0136386615461
-0.0136386615461
0.0210853616761
-0.0667877314985
-0.0498465451268
-0.0496016957243
-0.0137748410711
-0.0139717962004
-0.0139717962004
-0.0139717962004
0.0211784294415
-0.0667877314985
-0.0667877314985
-0.0498465451268
-0.0153864181348
-0.0137748410711
-0.0137748410711
-0.0137748410711
0.0209268615114
0.0
0.0
0.0
0.0
-0.0153864181348
-0.0153864181348
-0.0153864181348
-0.0137748410711
0.0
0.0
0.0
0.0
0.0
0.0
0.0
-0.0153864181348
0.0
0.0
0.0
0.0
0.0
0.0
0.0
0.0
0.0
0.0
0.0
0.0
0.0
0.0
0.0
0.0
0.0
0.0967156353241
0.0693181231823
0.0693181231823
0.0399405841368
0.0693181231823
0.00165560277009
0.00165560277009
0.0
0.0967156353241
0.0693181231823
0.0693181231823
0.0399405841368
0.0693181231823
0.00165560277009
0.00165560277009
0.0
0.0967156353241
0.0693181231823
0.0693181231823
0.0399405841368
0.0693181231823
0.00165560277009
0.00165560277009
0.0
0.0967156353241
0.0693181231823
0.0693181231823
0.0399405841368
0.0693181231823
0.00165560277009
0.00165560277009
0.0
0.0967156353241
0.0693181231823
0.0693181231823
0.0399405841368
0.0693181231823
0.00165560277009
0.00165560277009
0.0
0.0967156353241
0.0693181231823
0.0693181231823
0.0399405841368
0.0693181231823
0.00165560277009
0.00165560277009
0.0
0.0142974668477
0.0693181231823
0.0693181231823
0.0399405841368
0.0693181231823
-0.0979221297779
0.00165560277009
0.00165560277009
0.0553035285091
0.000719002156101
0.00471792878164
0.00102692818246
-0.00186947118576
0.0568581617472
0.00111085244409
0.00306355643718
0.0553035285091
-0.00686252985072
-0.000816263389248
0.00404119849233
0.0618159910128
0.0618159910128
0.0
0.0
0.0363132076584
-0.00149039999483
0.00596730102984
0.0967156353241
0.0573940856016
0.0409833547322
0.0
0.0
0.0363132076584
0.00404119849233
0.00596730102984
0.00160275474544
-0.000816263389248
0.0409833547322
0.00306355643718
0.0
0.00476404829651
0.0564281222966
-0.000715427150412
0.00404119849233
-0.000455881898444
0.00160275474544
0.00306355643718
0.0
0.0
0.00476404829651
0.0564281222966
0.00382599640471
0.00476404829651
0.0
0.00306355643718
0.0
0.0
0.0
0.00476404829651
0.00476404829651
0.0
-0.018086576927
-0.0112326089585
0.0
0.0
0.0
0.0
0.0
0.0
0.0
-2.60837085841e-05
0.0
0.0
0.0
0.0
0.0
0.0
0.0
0.0
-0.000739843418964
0.0
0.0
0.0
-0.00186947118576
0.0429135839304
-0.0979221297779
0.0
0.0
0.0
0.0
0.0
0.0
0.0
0.0
0.0
0.0
-2.30165736276e-05
0.0
-2.30165736276e-05
0.0
-1.42230588406e-05
0.0
0.0
0.0
0.0
0.0
0.0
0.0
0.0
0.0
0.0
0.0
0.0
0.0
0.0
0.0429135839304
-0.0979221297779
0.0
0.0
0.0
0.0
0.0
0.0
0.0
0.0
0.0
0.0
0.0
0.0
0.0
0.0
0.0
0.0
0.0371015108884
0.0
0.0
0.0
0.0
0.0
0.0
0.0
0.0
0.0
0.0
0.0
0.0
0.0
0.0
0.0
0.0
0.0
0.0
0.0
0.0
0.0
0.0
0.0
0.0
0.0
0.0
0.0
0.0
0.0
-5.44699262584e-05
0.000558632729469
0.0
0.0
0.0
0.0
0.0
0.0
0.0
0.0
0.0
0.0
0.0
0.0
0.0
0.0
0.0371015108884
-0.0372689747009
0.0
0.0
0.0
0.0
0.0
0.0
0.0
0.0
0.0
0.0
0.0
0.0
0.0
0.0
0.0
0.0
0.0
0.0
0.0
0.0
0.0
0.0
0.0
0.0
0.0
0.0
0.0
0.0
0.0
0.0
0.0
0.0
0.0
0.0
0.0
0.0
0.0
0.0
0.0
0.0
0.0
0.0
0.0
0.0
0.0
0.0
0.0
0.0
0.0
0.0
0.0
0.0
0.0
0.0
0.0
0.0
0.0
0.0
0.0
0.0
0.0
0.0
0.0
0.0
0.0
0.0
0.0
0.0
0.0
0.0
0.0
0.0
0.0
0.0
0.0
0.0
0.0
0.0
0.0
0.0
0.0
0.0
0.0
0.0
0.0
0.0
0.0
0.0
0.0
0.0
0.0
0.0
0.0
0.0
0.0
0.0
0.0
0.0
0.0
0.0
0.0
0.0
0.0
0.0
0.0
0.0
0.0
3.68182001594e-05
0.0
0.0
0.0
0.0
0.0
0.0
0.0
0.0
0.0
0.0
0.0
0.0
0.0
0.0
0.0
0.0
0.0
0.0
0.0
0.0
0.0
0.0
-0.0186785052382
0.00163669713056
0.0
0.0
0.0
0.0
0.0
0.0
0.0
0.0
0.0
0.0
0.0
0.0
0.0
0.0
-4.66594370254e-05
-2.46474314161e-05
-2.06804117995e-05
-2.93383977659e-05
-2.82797785489e-05
0.0
0.0
0.0
-4.14388121492e-05
-4.07108297251e-05
-4.05725110163e-05
-3.94354127145e-05
-3.88442516475e-05
-3.23483957007e-05
-2.9135195221e-05
-3.34694154823e-05
-1.45305151583e-05
-4.80946370354e-05
-4.75850488203e-05
-5.19300224728e-06
0.0
0.0
0.0
0.0
0.0
0.0
0.0
0.0
-5.65144295632e-05
6.95313937556e-05
-3.05647211954e-05
0.0
0.0
0.0
0.0
0.0
0.0
0.0
0.0
0.0
0.0
0.0
0.0
0.0
0.0
0.0
0.0
0.0
0.0
0.0
0.0
0.0
0.0
0.0
0.0
0.0
0.0
0.0
0.0
0.0
0.0
0.0
0.0
0.0
0.0
0.0
0.0
0.0
0.0
0.0
0.0
0.0
0.0
0.0
0.0
0.0
0.0
0.0
0.0
0.0
0.0
0.0
0.0
-5.33104347095e-05
-5.92611440418e-05
0.0
-4.52347164699e-05
0.0
0.0
0.0
0.0
0.0
0.0
-3.82787796007e-06
-4.30032196064e-06
0.00202268297981
0.0171706464714
0.0198202723555
-0.00562391427294
-0.0105805526785
-0.0159793565856
-0.0364046217895
-0.0276858525106
-0.00105360983738
0.0013887371761
-0.00141564483935
0.00523185474977
0.0445260531899
-0.0422293207965
3.66909994592e-05
0.0347179004447
0.0345585879888
0.0
0.0
0.0
-1.75780563356e-05
0.0
0.0
0.0
0.0
0.0
0.0
0.0
0.0
0.0
0.0
0.0
0.0
0.0
0.0
0.0
-0.00368552042273
0.0
0.0
0.0
0.0
0.0
0.0
0.0
0.0
0.0
0.0
0.0
0.0
-2.70063265371e-05
-2.65369311569e-06
0.0
0.0
0.000384134743399
0.0
0.000643127839952
0.000643127839952
0.0
0.0
0.0
0.0
0.0
0.0
-2.06696961838e-06
5.60146756615e-05
-1.67658216666e-05
0.0
0.0
0.0
0.0
0.0
0.0
0.0
-0.12874968024
0.026688568637
0.0
0.0
0.0
0.0
0.0
0.0
-1.75780563356e-05
-1.7512103057e-05
-1.87534844534e-05
-2.66364358941e-05
-2.16346304628e-05
0.0
0.0
0.0
0.0
0.0
0.0
0.0
0.0
0.0
0.0
0.0
0.0
0.0
0.0
0.0
0.0
0.0
0.0
0.0
0.0
0.0
0.0
0.0
0.0
0.0
0.0
0.0
0.0
0.0
0.0
0.0
0.0
0.0
0.0
0.0
0.0
0.0
0.0
0.0
0.0
0.0
0.0
0.0
-4.18099996508e-05
0.0
-4.18099996508e-05
0.0
0.0
0.0
0.0
0.0
0.0
0.0
0.0
0.0
0.0
0.0
-5.52468941144e-06
-3.25449888471e-05
0.0
0.0210853616761
0.00128928904241
-0.000250320422369
0.0209268615114
0.0
0.0210853616761
0.0210853616761
0.0
0.0
0.0
0.0
-9.72458763231e-06
0.0
0.0
0.0
0.0
0.0
0.0
0.0
0.0
0.0
0.0
0.0
0.0
0.0
0.0
0.0
0.0
0.0
0.0
0.0
0.0
0.0
0.0
0.0
0.0
0.0
0.0
0.0
0.0
0.0
0.0
0.0
0.0
0.0
0.0
0.0
0.0
0.0
0.0
0.0
0.0
0.0
0.0
0.0
0.0
0.0
0.0
0.0
0.0
0.0
0.0
0.0
0.0
0.0
0.0
0.0
0.0
0.0
0.0
0.0
0.0
0.0
0.0
0.0
0.0
0.0
0.0
0.0
0.0
0.0
0.0
0.0
0.0
0.0
0.0
0.0
0.0
0.0
0.0
0.0
0.0
0.0
0.0
0.0
0.0
0.0
0.0
0.0
0.0
0.00036365889725
0.0
0.000442068252545
0.0782958749105
0.0391474083508
0.0547826574114
-0.123809443609
-0.0436181365042
-0.0399785248422
0.123439914779
-0.0115320052532
0.0
0.0
0.0
0.0
0.0
0.0
0.0
0.0
0.0
0.0
0.0
0.0
0.0
0.0
0.0
0.0
0.0
0.0
0.0
0.0
0.0
0.0
0.0
0.0
0.0
0.0
0.0
0.0
0.0
0.0
-9.29131907236e-06
-9.94138502118e-06
0.0
0.0
0.0
0.0
0.0
-9.29131907236e-06
1.13189244186e-06
-3.03604721476e-05
0.0
0.0
0.0
0.0
0.0
0.0
0.0
0.0
0.0
0.0
0.0
0.0
0.0
0.0
0.0
0.0
0.0
0.0
0.0
0.0
0.0
0.0
0.0
0.0
0.0
0.0
0.0
0.0
0.0
0.0
0.0
0.0
0.0
0.0
0.0
0.0
0.0
0.0
0.0
0.0
0.0
0.0
0.0
0.0
0.0
0.0
0.0
0.0
0.0
0.0
0.0
0.0
0.0
0.0
0.0
0.0
0.0
0.0
0.0
0.0
0.0
0.0
0.0
0.0
0.0
0.0
0.0
0.0
0.0
0.0
0.0
0.0
0.0
0.0
0.0
0.0
0.0
0.0
0.0
0.0
0.0
0.0
-0.0810129145436
0.0
0.0
-0.0810129145436
0.0
-0.0810129145436
0.0
0.0
0.0
0.0
0.0
0.0
0.0
0.0
0.0782958749105
0.0391474083508
0.0547826574114
0.0
0.0
0.0
0.0
0.0
-0.123809443609
-0.0436181365042
-0.0399785248422
0.0
0.0
0.0
0.0
0.0
0.0
0.0
0.0
0.0
0.0
0.0
0.0
0.0
0.0
0.0
0.0
0.0
-0.00181501908796
0.000339597884205
0.00150841198634
-0.00786450431981
0.0
0.0
0.0
0.0
0.00110228531533
0.00109968012314
-0.00013108017815
-0.0133480919402
0.0
-4.08479043575e-06
-3.242356779e-05
0.00486263314332
0.0
0.0
0.0
0.0
-0.017323314873
-0.0283857254673
-0.0314171211604
0.00425630724489
0.0
0.0
0.0
0.0
-0.000271600330475
-0.0106536613638
-0.0268547830418
-0.0202504774324
0.0
0.0
0.0
0.0
0.025294468871
0.025294468871
-0.0115320052532
0.0
-0.0115320052532
-0.0115320052532
0.0688084757736
0.123439914779
0.0
0.025294468871
0.0
0.0
0.025294468871
0.025294468871
0.0688084757736
-0.108752379881
0.0371015108884
0.0371015108884
0.0371015108884
0.0371015108884
0.0371015108884
0.0371015108884
0.0371015108884
0.0371015108884
-5.98311182323e-05
-6.14445877307e-05
-6.14795312355e-05
-5.80418784652e-05
-4.98228984737e-05
-4.03201386701e-05
-3.22540399303e-05
-3.67722554309e-05
0.0688084757736
0.0688084757736
0.0688084757736
0.0
0.0
0.0
0.0
-0.0405346042716
0.0583451451798
0.0577776198006
0.055265372621
0.0154779871158
0.0146463066676
0.0146463066676
0.0146463066676
-0.0188712369821
0.0688084757736
0.0583451451798
0.0577776198006
0.0186353551384
0.0154779871158
0.0154779871158
0.0154779871158
-0.0180626223656
0.0688084757736
0.0688084757736
0.0583451451798
0.0184665371317
0.0186353551384
0.0186353551384
0.0186353551384
-0.0189493129909
0.0
0.0
0.0
0.0
0.0184665371317
0.0184665371317
0.0184665371317
0.0186353551384
0.0
0.0
0.0
0.0
0.0
0.0
0.0
0.0184665371317
0.0
0.0
0.0
0.0
0.0
0.0
0.0
0.0
0.0
0.0
0.0
0.0
0.0
0.0
0.0
0.0
0.0
-0.0979221297779
-0.078218071511
-0.078218071511
-0.0574473080857
-0.078218071511
0.0145108447704
0.0145108447704
0.0
-0.0979221297779
-0.078218071511
-0.078218071511
-0.0574473080857
-0.078218071511
0.0145108447704
0.0145108447704
0.0
-0.0979221297779
-0.078218071511
-0.078218071511
-0.0574473080857
-0.078218071511
0.0145108447704
0.0145108447704
0.0
-0.0979221297779
-0.078218071511
-0.078218071511
-0.0574473080857
-0.078218071511
0.0145108447704
0.0145108447704
0.0
-0.0979221297779
-0.078218071511
-0.078218071511
-0.0574473080857
-0.078218071511
0.0145108447704
0.0145108447704
0.0
-0.0979221297779
-0.078218071511
-0.078218071511
-0.0574473080857
-0.078218071511
0.0145108447704
0.0145108447704
0.0
0.00165560277009
-0.078218071511
-0.078218071511
-0.0574473080857
-0.078218071511
0.0889738238022
0.0145108447704
0.0145108447704
-0.0639318113133
-0.000527530927478
0.00306355643718
-0.000915939616919
0.000624973130305
-0.0583165525997
0.00674746369504
0.00504601240821
-0.0639318113133
0.0127856682936
-0.000112621671386
-0.001886233966
-0.0626120517815
-0.0626120517815
0.0
0.0
-0.0482198920916
-0.000739843418964
0.00111085244409
-0.0979221297779
-0.0604735522168
-0.0505132462801
0.0
0.0
-0.0482198920916
-0.001886233966
0.00111085244409
-0.00209411387865
-0.000112621671386
-0.0505132462801
0.00504601240821
0.0
-0.00229797113696
-0.0590822739638
-0.00210982676366
-0.001886233966
0.00799343025913
-0.00209411387865
0.00504601240821
0.0
0.0
-0.00229797113696
-0.0590822739638
0.00840880669224
-0.00229797113696
0.0
0.00504601240821
0.0
0.0
0.0
-0.00229797113696
-0.00229797113696
0.0
0.00518295397438
0.00105479569696
0.0
0.0
0.0
0.0
0.0
0.0
0.0
-2.6806906784e-05
0.0
0.0
0.0
0.0
0.0
0.0
0.0
0.0
-0.00165996872797
0.0
0.0
0.0
0.000624973130305
-0.0344740329921
0.0889738238022
0.0
0.0
0.0
0.0
0.0
0.0
0.0
0.0
0.0
0.0
-2.3381380721e-05
0.0
-2.3381380721e-05
0.0
-2.30165736276e-05
0.0
0.0
0.0
0.0
0.0
0.0
0.0
0.0
0.0
0.0
0.0
0.0
0.0
0.0
-0.0344740329921
0.0889738238022
0.0
0.0
0.0
0.0
0.0
0.0
0.0
0.0
0.0
0.0
0.0
0.0
0.0
0.0
0.0
0.0
-0.0405346042716
0.0
0.0
0.0
0.0
0.0
0.0
0.0
0.0
0.0
0.0
0.0
0.0
0.0
0.0
0.0
0.0
0.0
0.0
0.0
0.0
0.0
0.0
0.0
0.0
0.0
0.0
0.0
0.0
0.0
0.0013887371761
0.00246099970886
0.0
0.0
0.0
0.0
0.0
0.0
0.0
0.0
0.0
0.0
0.0
0.0
0.0
0.0
-0.0405346042716
0.0371015108884
0.0
0.0
0.0
0.0
0.0
0.0
0.0
0.0
0.0
0.0
0.0
0.0
0.0
0.0
0.0
0.0
0.0
0.0
0.0
0.0
0.0
0.0
0.0
0.0
0.0
0.0
0.0
0.0
0.0
0.0
0.0
0.0
0.0
0.0
0.0
0.0
0.0
0.0
0.0
0.0
0.0
0.0
0.0
0.0
0.0
0.0
0.0
0.0
0.0
0.0
0.0
0.0
0.0
0.0
0.0
0.0
0.0
0.0
0.0
0.0
0.0
0.0
0.0
0.0
0.0
0.0
0.0
0.0
0.0
0.0
0.0
0.0
0.0
0.0
0.0
0.0
0.0
0.0
0.0
0.0
0.0
0.0
0.0
0.0
0.0
0.0
0.0
0.0
0.0
0.0
0.0
0.0
0.0
0.0
0.0
0.0
0.0
0.0
0.0
0.0
0.0
0.0
0.0
0.0
0.0
0.0
0.0
-2.04089593264e-05
0.0
0.0
0.0
0.0
0.0
0.0
0.0
0.0
0.0
0.0
0.0
0.0
0.0
0.0
0.0
0.0
0.0
0.0
0.0
0.0
0.0
0.0
0.0293195536536
0.0145108447704
0.0
0.0
0.0
0.0
0.0
0.0
0.0
0.0
0.0
0.0
0.0
0.0
0.0
0.0
-3.02441069593e-05
-2.85376311205e-05
-1.33900758064e-05
-2.06804117995e-05
-7.93493912174e-06
-2.82797785489e-05
0.0
0.0
-9.50520937083e-06
-3.11919483945e-05
-3.22958697413e-05
-4.05725110163e-05
-3.09955713361e-05
-2.32794962591e-05
-2.10853803251e-05
-2.9135195221e-05
-2.76860388053e-05
4.19211753587e-05
-1.19051037922e-05
-4.75850488203e-05
-5.19300224728e-06
0.0
0.0
0.0
0.0
0.0
0.0
0.0
-6.63919777031e-05
-2.73856923784e-06
6.95313937556e-05
0.0
0.0
0.0
0.0
0.0
0.0
0.0
0.0
0.0
0.0
0.0
0.0
0.0
0.0
0.0
0.0
0.0
0.0
0.0
0.0
0.0
0.0
0.0
0.0
0.0
0.0
0.0
0.0
0.0
0.0
0.0
0.0
0.0
0.0
0.0
0.0
0.0
0.0
0.0
0.0
0.0
0.0
0.0
0.0
0.0
0.0
0.0
0.0
0.0
0.0
0.0
0.0
-1.15886003444e-05
0.000354233337643
0.0
0.000445356960855
0.0
0.0
0.0
0.0
0.0
0.0
-3.76029936353e-06
-1.39916356208e-05
0.00379722417359
-0.00156717034574
-0.00252107495495
0.0237182796203
0.000127136385922
-0.000383245813409
-0.000448745166882
0.00160622014694
-0.0144577356139
3.16451197372e-05
0.00311256463213
0.00107311451669
-0.0149862070891
0.0615942183285
-0.0145989718524
-0.0224360731409
-0.019842790692
0.0
0.0
0.0
-1.60391034772e-05
0.0
0.0
0.0
0.0
0.0
0.0
0.0
0.0
0.0
0.0
0.0
0.0
0.0
0.0
0.0
0.0129136329859
0.0
0.0
0.0
0.0
0.0
0.0
0.0
0.0
0.0
0.0
0.0
0.0
-3.14464246069e-06
-4.05375537688e-06
-2.65369311569e-06
-2.16670834834e-06
-5.27336020809e-05
0.0
-4.31127496653e-05
-4.31127496653e-05
0.0
0.0
0.0
0.0
0.0
0.0
-2.89498627424e-05
-1.11410640649e-05
-9.72458763231e-06
0.0
0.0
0.0
0.0
0.0
0.0
0.0
0.123439914779
-0.0115320052532
0.0
0.0
0.0
0.0
0.0
0.0
-1.60391034772e-05
-2.03030054709e-05
-1.68765247888e-05
-2.58816877165e-05
-2.11602204324e-05
0.0
0.0
0.0
0.0
0.0
0.0
0.0
0.0
0.0
0.0
0.0
0.0
0.0
0.0
0.0
0.0
0.0
0.0
0.0
0.0
0.0
0.0
0.0
0.0
0.0
0.0
0.0
0.0
0.0
0.0
0.0
0.0
0.0
0.0
0.0
0.0
0.0
0.0
0.0
0.0
0.0
0.0
0.0
-3.24473389349e-05
0.0
-3.24473389349e-05
0.0
0.0
0.0
0.0
0.0
0.0
0.0
0.0
0.0
0.0
0.0
-4.69842078015e-06
0.000375543268022
0.0
-0.0188712369821
0.000980742832449
0.000351757639367
-0.0189493129909
0.0
-0.0188712369821
-0.0188712369821
0.0
0.0
0.0
0.0
-2.99806381713e-05
0.0
0.0
0.0
0.0
0.0
0.0
0.0
0.0
0.0
0.0
0.0
0.0
0.0
0.0
0.0
0.0
0.0
0.0
0.0
0.0
0.0
0.0
0.0
0.0
0.0
0.0
0.0
0.0
0.0
0.0
0.0
0.0
0.0
0.0
0.0
0.0
0.0
0.0
0.0
0.0
0.0
0.0
0.0
0.0
0.0
0.0
0.0
0.0
0.0
0.0
0.0
0.0
0.0
0.0
0.0
0.0
0.0
0.0
0.0
0.0
0.0
0.0
0.0
0.0
0.0
0.0
0.0
0.0
0.0
0.0
0.0
0.0
0.0
0.0
0.0
0.0
0.0
0.0
0.0
0.0
0.0
0.0
0.0
