0.0
0.0
0.0
0.0
0.0
0.0
0.0
0.0
0.0
0.0
0.0
0.0
0.0
0.0
0.0
0.0
0.0199425810409
0.0100684574422
0.0325487418543
0.0852087124773
0.037014268515
0.00636788135551
0.077267375352
0.01609222223
0.0268284149459
0.0269786100467
0.0302806327566
0.0176836141547
0.0279725496758
0.0229518354908
0.0517831989755
-0.00118242119422
0.0
0.0
0.0
0.0
0.0
0.0
0.0
0.0
0.0
0.0
0.0
0.0
0.0
0.0
0.0
0.0
0.0
0.0
0.0
0.0
0.0
0.0
0.0
0.0
0.0
0.0
0.0
0.0
0.0
0.0
0.0
0.0
0.0
0.0
0.0
0.0
0.0
0.0
0.0
0.0
0.0
0.0
0.0
0.0
0.0
0.0
0.0
0.0
0.0
0.0
0.0
0.0
0.0
0.0
0.0
0.0
0.0
0.0
0.0
0.0
0.0
0.0
0.0
0.0
0.0
0.0
0.0
0.0
0.0
0.0
0.0
0.0
0.0
0.0
0.0
0.0
0.0
0.0
0.0
0.0
0.0
0.0
0.0
0.0
0.0
0.0
0.0
0.0
0.0
0.0
0.0
0.0
0.0
0.0
0.0
0.0
0.0
0.0
0.0
0.0
0.0
0.0
0.0
0.0
0.0
0.0
0.0
0.0
0.0
0.0
0.0
0.0
0.0
0.0
0.0
0.0
0.0
0.0
0.0
0.0
0.0
0.0
0.0
0.0
0.0
0.0
0.0
0.0
0.0
0.0
0.0
0.0
0.0
0.0
0.0
0.0
0.0
0.0
0.0
0.0
0.0
0.0
0.0
0.0
-0.00695659343282
0.0
0.0
0.0
0.0
0.0
-0.0126314944688
-0.00697337458445
0.0
0.0
0.0
0.0
0.0
0.0
0.0
0.0
0.0
0.0
0.0
0.0
0.0
0.0
0.0
-0.00599151901285
0.0
0.0
0.0
0.0
0.0
0.0
0.0
0.0
0.0793296331891
0.12714116874
0.0231731553397
0.0536240151906
0.07798174799
0.071556752161
0.0783661921112
0.0345406540571
0.0348999332713
0.102020680148
0.0962897473556
0.02613364203
0.0
0.0
0.0
0.0
0.096622203775
0.0712537864292
0.0538242467886
0.000602232526983
0.101473960695
0.0287755127236
0.0289100914863
0.0722555753417
0.0348999332713
0.102020680148
0.0962897473556
0.02613364203
0.0
0.0
0.0
0.0
0.0
0.0
0.0
0.0
0.0
0.0
0.0
0.0
0.0231223856162
0.0733060571607
0.0172302487195
0.0
0.0
0.0
0.0
0.0
0.0349187149812
0.129312710662
0.00944229619703
0.00944229619703
0.00944229619703
0.0
0.00944229619703
0.0
0.00944229619703
0.00944229619703
0.0139695721644
0.0
0.0
0.0
0.0
0.0
0.0
0.0
0.0
0.0
0.0
0.0
0.0
0.0
0.0
0.0
0.0
0.0
0.0
0.0
0.0
0.0
-0.00348340467084
-0.0153343828723
-0.0153343828723
-0.0153343828723
-0.0153343828723
-0.0153343828723
-0.0153343828723
-0.0153343828723
0.0
-0.0151801893357
3.66054472086e-05
-0.000438493169018
-0.00286532153923
-0.0018898667886
-0.0159212562352
-0.00730547409033
0.0292785575062
0.0536960327811
0.101597465366
0.0142845152804
0.034764155671
0.000945784283882
0.00191323011205
0.0
0.0933428181326
0.101320231808
0.10136595359
0.0320445094333
0.0211740217661
0.00723730281265
0.0413395982926
0.0
0.122647039248
0.0328501899346
0.0226170560675
0.0238223141768
0.128750822048
0.00410522205978
0.00410522205978
0.00162627597552
0.0953271232074
0.0346981571288
0.0349803727727
0.0854835330241
0.0103285726565
0.0
0.0
0.0
0.0347420802941
0.0351937794881
0.0351398301864
0.101651789805
0.0014374584131
0.0
0.0
0.0
0.00596346282107
0.0156023020327
0.0494472135293
0.0691728327186
0.0417130836659
0.0
0.0
0.0
0.0349303803187
0.0348902512464
0.0349528463624
0.0715750125506
0.0
0.0
0.0
0.0
0.0
0.0835472627713
0.0298702340167
0.000387284223725
0.0
0.0
0.0
0.0
0.0
0.0206659303857
0.0198157744642
0.0
0.0
0.0
0.0
0.0
0.0728482468182
0.0786907193565
0.059159417788
0.0954837497061
0.0177881235457
0.051335065478
0.0574658326512
-0.00167396813335
0.0397752793494
0.00160995618124
0.0933194783474
0.0139515865132
0.0456342818019
0.0460198816735
0.00191090066919
0.0
0.0426212127806
0.0349187149812
0.000353346368279
0.0144939361903
0.0232173861934
0.070989713794
0.0217350551133
0.0269364682939
7.92314322921e-05
7.92314322921e-05
0.0
0.0
0.0
0.0
0.0
0.0
-0.00140083211088
-0.00121091590314
-0.000881877701557
-0.000445630672571
0.0
0.0
0.0
0.0
-0.00361266317379
0.0262957774664
0.0380562479
0.0
0.0
0.0
0.0
0.0
0.0
0.0
0.0
0.0
0.0
0.0
0.00540081816745
0.0
0.0
0.0
0.0
0.0
0.0
0.0
0.0
0.0
0.0292785575062
0.0536772402577
0.101597465366
0.0142845152804
0.034764155671
0.000945784283882
0.00191323011205
0.0
0.000984330521975
0.123611054605
0.0306193200028
-0.000956404777571
0.0960468943967
0.0349187149812
0.0
0.0
0.0
0.0
0.0
0.00944229619703
0.00594209101841
0.0
0.0
0.0
0.0
0.0
-0.00334523449196
0.0
-0.00599151901285
-0.00599151901285
0.0
0.0
0.0
0.0
0.0
0.0
0.0
0.0
0.0
0.0
0.0
0.0
0.0
0.0
0.0
0.0
0.0
0.0
-0.00818176380928
0.0
0.0
0.0
0.0
0.0
0.0
0.0
0.0278251091292
0.0510280106565
0.035189562404
0.0200532552145
0.0162234631027
0.0
0.0
0.0
0.0
0.0
0.0
0.0
0.0
0.0
0.0
0.0104225381279
0.0
0.0
0.0
0.0
0.0
0.0
0.0
0.0
0.0
0.0
0.0
0.0
0.0
0.0
0.0
0.0
-0.00818176380928
-0.00818176380928
-0.00818176380928
-0.00818176380928
-0.00818176380928
-0.00818176380928
-0.00818176380928
-0.00818176380928
-0.00656774762966
0.0
0.0
0.0
0.0
0.0
0.0
0.0
0.0
0.0
0.0
0.0
0.0
0.0
0.0
0.0
0.0
0.0
0.0
0.0
-0.0134066408582
-0.0115428854281
-0.00933994250109
0.0
-0.00473150194185
0.0
0.0
0.0
0.0
0.0
0.0
0.0
0.0
0.0
-0.0130952629274
0.0
0.0
0.0
0.0
0.0
0.0
0.0
0.0
0.0
0.0
0.0
0.0
0.0
-0.00790843838896
-0.00206136592736
-0.00185055278626
-0.00304764596456
-0.00117462811515
0.0
0.0
0.0
-0.00453999643172
-0.00402800943664
-0.00392887208733
-0.00443548488613
-0.00443269938108
-0.00303243533277
-0.00264102670389
-0.00336531545396
0.0
0.0
0.0
0.0
0.0
0.0
0.0
0.0
0.0
0.0
0.0
0.0
0.0
0.0
0.0
0.0
0.0
0.0
0.0
0.0
0.0
0.0
0.0
0.0
0.0
0.0
0.0
0.0
0.0
0.0
0.0
0.0
0.0
0.0
0.0
0.0
0.0
0.0
0.0
0.0
0.0
0.0
0.0
0.0
0.0
0.0
0.0
0.0
0.0
0.0
0.0
0.0
0.0
0.0
0.0
0.0
0.0
0.0
0.0
0.0
0.0
0.0
0.0
0.0
0.0
0.0
0.0
0.0
0.0
0.0
0.0
0.0
0.0
0.0
0.0
0.0
0.0
0.0
0.0
0.0
0.0
0.0
0.0
0.0
-0.00487626508498
0.0
-0.00199253359683
0.0
0.0
0.0
0.0
0.0
0.0
0.0
0.0
0.0
0.0
-0.0137215369905
-0.0137215369905
-0.0137215369905
0.0
0.0
0.0
0.0
0.0
-0.00951882917104
-0.00959228294164
-0.00923648326845
-0.00879982104564
-0.00831731221452
-0.00791737612803
-0.00754034557428
0.0
0.0
0.0
0.0
0.0
0.0
0.0
0.0
0.0
0.0
0.0
0.0
0.0
0.0
0.0
0.0
0.0
0.0
0.0
0.0
0.0
0.0
0.0
0.0
0.0299351469262
0.079810964479
0.0335003721095
0.0336320158805
0.0339354168612
0.0
0.0
0.0
0.0
0.0
0.0
0.0
0.0
0.0
0.0
0.0
0.0189880808848
0.00784607604141
0.0313260991599
0.0836816409834
0.037130758979
0.00654527616848
0.0773615482793
0.0162983882933
-0.0150373967784
-0.00285286173364
-0.00248654233341
-0.00226592642199
-0.00180592778601
-0.00291485364524
0.0
-0.00291106260257
0.0
0.0
0.0
0.0
0.0
0.0
0.0
0.0
0.0
0.0
0.0
0.0
0.0
0.0
0.0
0.0
0.0
0.0
0.0
0.0
0.0
0.0
0.0
0.0
0.0
0.0
0.0
0.0
0.0
0.0
0.0
0.0
0.0
0.0
0.0
0.0
0.0
0.0
0.0
0.0
0.0
-0.00115955561981
0.000141029976328
-0.00024624119988
0.0
0.0
0.0
0.0
0.0
0.0
0.0
0.0
-0.000912891515584
0.0
0.0
-0.00730547409033
0.0
0.0
0.0
0.0
0.0
0.0
0.0
0.0
0.0
0.0
0.0
0.0
0.0
0.0
0.0
0.0
0.0
0.0
0.0
0.0
0.0
0.0
0.0
0.0
0.0
0.0
0.0
0.0
0.0
0.0
0.0
0.0
0.0
0.0
0.0
0.0
0.0
0.0
0.0
0.0
0.0
0.0
0.0
0.0
0.0
0.0
0.0
0.0
0.0
0.0
0.0
0.0
0.0
0.0
0.0
0.0
0.0
0.0
0.0
0.0
0.0
0.0
0.0
0.0
0.0
0.0
0.0
0.0
0.0
0.0
0.0
0.0
0.0
0.0
0.0
0.0
0.0
0.0
0.0
0.0
0.0
0.0
0.0
0.0
0.0
0.0
0.0
0.0
0.0
0.0
0.0
0.0
0.0
0.0
0.0
0.0
0.0
0.0
0.0
0.0
0.0
0.0
0.0
0.0
0.0
0.0
0.0
0.0
0.0
0.0
0.0
0.0
0.0
0.0402790570908
0.0363022848079
0.0365023081684
0.0365023081684
0.0
0.0
0.0
0.0
0.0131894292725
0.0124484936858
0.013530954103
0.013530954103
0.0
0.0
0.0
0.0
0.0
0.0
0.0
0.0
0.0
0.0
0.00598329633968
0.0
0.0
0.0
0.0
0.0
0.0
0.0
0.0
0.0
-0.0142589546593
-0.00740465228552
0.0
0.0
0.0
0.0
0.0
0.0
0.0
0.0
0.0
0.0
0.0
0.0
0.0
0.0
0.0
0.0
0.0
0.0
0.0
0.0
0.0
-0.0015420693215
-0.000987516910301
-0.000987516910301
-0.0015420693215
0.0
0.0
0.0
0.0
-0.000987516910301
-0.000987516910301
-0.0015420693215
0.0
0.0
0.0
0.0
0.0
0.0
0.0
0.0
0.0
0.0
0.0
0.0
0.0
0.0
0.0
0.0
0.0
0.0
0.0
0.0
0.0
0.0
0.0
0.0
0.0
0.0
0.0
0.0
0.0
0.0
0.0
0.0
0.0
0.0
0.0
0.0
0.0
0.0845584502913
0.0325772582554
0.00744676490182
0.0197365281254
0.0228469809352
0.0332698964494
0.0396913859129
0.0753103435532
0.0748133897377
0.122672390907
0.0385886977925
0.0467630496294
0.0932142858149
0.0935669159509
0.0600770665395
-0.000172252702049
0.0
0.0
0.0
0.0
0.0
0.0
0.0
0.0
0.0
0.0
0.0
0.0
0.0
0.0
0.0
0.0
0.0
0.0
0.0
0.0
0.0
0.0
0.0
0.0
0.0
0.0
0.0
0.0
0.0
0.0
0.0
0.0
0.0
0.0
0.0
0.0
0.0
0.0
0.0
0.0
0.0
0.0
0.0
0.0
0.0
0.0
0.0
0.0
0.0
0.0
0.0
0.0
0.0
0.0
0.0
0.0
0.0
0.0
0.0
0.0
0.0
0.0
0.0
0.0
0.0
0.0
0.0
0.0
0.0
0.0
0.0
0.0
0.0
0.0
0.0
0.0
0.0
0.0
0.0
0.0
0.0
0.0
0.0
0.0
0.0
0.0
0.0
0.0
0.0
0.0
0.0
0.0
0.0
0.0
0.0
0.0
0.0
0.0
0.0
0.0
0.0
0.0
0.0
0.0
0.0
0.0
0.0
0.0
0.0
0.0
0.0
0.0
0.0
0.0
0.0
0.0
0.0
0.0
0.0
0.0
0.0
0.0
0.0
0.0
0.0
0.0
0.0
0.0
0.0
0.0
0.0
0.0
0.0
0.0
0.0
0.0
0.0
0.0
0.0
0.0
0.0
0.0
0.0
0.0
-0.00721060489879
0.0
0.0
0.0
0.0
0.0
-0.0145737634769
-0.00765269413663
0.0
0.0
0.0
0.0
0.0
0.0
0.0
0.0
0.0
0.0
0.0
0.0
0.0
0.0
0.0
-0.00556808448431
0.0
0.0
0.0
0.0
0.0
0.0
0.0
0.0
0.0254011389894
0.0347446872566
0.0849589104559
0.0439796014493
0.0125624780099
0.010731223422
0.0126953161974
0.0541853967945
0.132291055627
0.0304384728637
0.0300732477185
0.0962741273318
0.0
0.0
0.0
0.0
0.0301008638202
0.010981957047
0.0375509817683
0.0010974232552
0.0302920367713
0.0943026565563
0.00721959403525
0.0519842000579
0.132291055627
0.0304384728637
0.0300732477185
0.0962741273318
0.0
0.0
0.0
0.0
0.0
0.0
0.0
0.0
0.0
0.0
0.0
0.0
0.0794670451449
0.0516528832927
0.0565507523309
0.0
0.0
0.0
0.0
0.0
0.133680258931
0.03521079231
0.00594209101841
0.00594209101841
0.00594209101841
0.0
0.00594209101841
0.0
0.00594209101841
0.00594209101841
0.0325481774196
0.0
0.0
0.0
0.0
0.0
0.0
0.0
0.0
0.0
0.0
0.0
0.0
0.0
0.0
0.0
0.0
0.0
0.0
0.0
0.0
0.0
-0.00437855695554
-0.017851477339
-0.017851477339
-0.017851477339
-0.017851477339
-0.017851477339
-0.017851477339
-0.017851477339
0.0
-0.017560301681
-0.000465571663483
-0.000677543557895
-0.00269441102557
-6.69939350085e-05
-0.0150545855909
-0.00678091009242
0.0466234868524
0.0428412353676
0.0302893847853
0.0786700386329
0.0534979645722
-0.000735993563997
-0.000212414278007
0.0
0.0280669726275
0.0223339812057
0.0223112618718
0.0181237817365
0.0439727361367
0.0409734412895
0.0225614616946
0.0
0.0275628467075
0.0182539876912
0.0933814148652
0.0473090463198
0.034858885239
0.00162627597552
0.00162627597552
0.0034939148763
0.029585267903
0.128911739069
0.133500053709
0.0259201156473
0.000464742394545
0.0
0.0
0.0
0.132749959877
0.133600609475
0.133356670761
0.022334769986
0.0
0.0
0.0
0.0
0.0240128541868
0.041251625703
0.0625920400309
0.0134786218742
0.0234887632983
0.0
0.0
0.0
0.133644786947
0.133504771215
0.133611737898
0.0108220424666
0.0
0.0
0.0
0.0
0.0
0.0257903189772
0.0462896862885
-0.00135721511699
0.0
0.0
0.0
0.0
0.0
0.101436807998
0.101409704147
0.0
0.0
0.0
0.0
0.0
0.0512191900991
0.0171638833649
0.0236646942654
0.0217035534894
0.0574658326512
0.0767131285132
0.0242940660995
-0.00171336639918
0.0212508928239
0.00214890161627
0.0283306311605
0.0318420103388
0.0294726542944
0.0594358116279
-0.0010221338177
0.0
0.023482562498
0.133680258931
-0.000172050943554
0.0328501899346
0.0315172285412
0.0258647631227
0.0422135093042
0.121645067175
-0.000151978394678
-0.000151978394678
0.0
0.0
0.0
0.0
0.0
0.0
-0.00202336015526
-0.00179901666513
-0.00112875399885
-0.00146728582665
0.0
0.0
0.0
0.0
-0.00752812463814
-0.00727099145494
-0.00350893192916
0.0
0.0
0.0
0.0
0.0
0.0
0.0
0.0
0.0
0.0
0.0
-0.000513553652534
0.0
0.0
0.0
0.0
0.0
0.0
0.0
0.0
0.0
0.0466234868524
0.0428412353676
0.0302893847853
0.0786700386329
0.0534979645722
-0.000735993563997
-0.000212414278007
0.0
0.000414130320262
0.0345953835383
0.00664129933949
-0.000987287254118
0.0302523776893
0.133680258931
0.0
0.0
0.0
0.0
0.0
0.00594209101841
0.00944229619703
0.0
0.0
0.0
0.0
0.0
-0.00252562638279
0.0
-0.00556808448431
-0.00556808448431
0.0
0.0
0.0
0.0
0.0
0.0
0.0
0.0
0.0
0.0
0.0
0.0
0.0
0.0
0.0
0.0
0.0
0.0
0.0
0.0
0.0
0.0
0.0
0.0
0.0
0.0
0.0454471508049
0.0760162571508
0.133753095034
0.10150462054
0.0324873520778
0.0
0.0
0.0
0.0
0.0
0.0
0.0
0.0
0.0
-0.00081204147517
0.00418548491962
0.0
0.0
0.0
0.0
0.0
0.0
0.0
0.0
0.0
0.0
0.0
0.0
0.0
0.0
0.0
0.0
0.0
0.0
0.0
0.0
0.0
0.0
0.0
0.0
-0.00657599870524
-0.00656774762966
0.0
0.0
0.0
0.0
0.0
0.0
0.0
0.0
0.0
0.0
0.0
0.0
0.0
0.0
0.0
0.0
0.0
0.0
-0.0169875874513
-0.0112964863141
-0.0115428854281
0.0
-0.00432951450602
0.0
0.0
0.0
0.0
0.0
0.0
0.0
0.0
-0.0189256748939
-0.0146961094592
0.0
0.0
0.0
0.0
0.0
0.0
0.0
0.0
0.0
0.0
0.0
0.0
0.0
-0.00276259207284
-0.00159447360467
-0.00137190130744
-0.00206814779697
-0.00309139816497
0.0
0.0
0.0
-0.00382993920757
-0.0038545043262
-0.00387100108518
-0.00394647177669
-0.00368023790654
-0.00266586837497
-0.00220142913674
-0.00264102670389
0.0
0.0
0.0
0.0
0.0
0.0
0.0
0.0
0.0
0.0
0.0
0.0
0.0
0.0
0.0
0.0
0.0
0.0
0.0
0.0
0.0
0.0
0.0
0.0
0.0
0.0
0.0
0.0
0.0
0.0
0.0
0.0
0.0
0.0
0.0
0.0
0.0
0.0
0.0
0.0
0.0
0.0
0.0
0.0
0.0
0.0
0.0
0.0
0.0
0.0
0.0
0.0
0.0
0.0
0.0
0.0
0.0
0.0
0.0
0.0
0.0
0.0
0.0
0.0
0.0
0.0
0.0
0.0
0.0
0.0
0.0
0.0
0.0
0.0
0.0
0.0
0.0
0.0
0.0
0.0
0.0
0.0
0.0
0.0
-0.004924106052
0.0
-0.00188907530488
0.0
0.0
0.0
0.0
0.0
0.0
0.0
0.0
0.0
0.0
-0.0136070882013
-0.0136070882013
-0.0136070882013
0.0
0.0
0.0
0.0
0.0
-0.0102130221343
-0.0101323026293
-0.00980737621564
-0.0092477678428
-0.00867699108219
-0.00846938591232
-0.00830988702527
0.0
0.0
0.0
0.0
0.0
0.0
0.0
0.0
0.0
0.0
0.0
0.0
0.0
0.0
0.0
0.0
0.0
0.0
0.0
0.0
0.0
0.0
0.0
0.0
0.0462731847265
0.0175955496457
0.00529664515376
0.00630844667665
0.00524127292917
0.0
0.0
0.0
0.0
0.0
0.0
0.0
0.0
0.0
0.0
0.0
0.0823002849236
0.0312230072339
0.00681460378646
0.0189031625972
0.0218936874233
0.0323029742947
0.0396987038714
0.0744738414479
-0.0139482251228
-0.00314021745892
-0.00289111125796
-0.00277829287812
-0.00222873160149
-0.00180592778601
0.0
-0.00244372940371
0.0
0.0
0.0
0.0
0.0
0.0
0.0
0.0
0.0
0.0
0.0
0.0
0.0
0.0
0.0
0.0
0.0
0.0
0.0
0.0
0.0
0.0
0.0
0.0
0.0
0.0
0.0
0.0
0.0
0.0
0.0
0.0
0.0
0.0
0.0
0.0
0.0
0.0
0.0
0.0
0.0
0.0
0.0
0.0
0.0
0.0
0.0
0.0
0.0
0.0
0.0
0.0
0.0
0.0
0.0
0.0
0.0
0.0
0.0
0.0
0.0
0.0
0.0
0.0
0.0
0.0
0.0
0.0
0.0
0.0
0.0
0.0
0.0
0.0
0.0
0.0
0.0
0.0
0.0
0.0
0.0
0.0
0.0
0.0
0.0
0.0
0.0
0.0
0.0
0.0
0.0
0.0
0.0
0.0
0.0
0.0
0.0
0.0
0.0
0.0
0.0
0.0
0.0
0.0
0.0
0.0
0.0
0.0
0.0
0.0
0.0
0.0
0.0
0.0
0.0
0.0
0.0
0.0
0.0
0.0
0.0
0.0
0.0
0.0
0.0
0.0
0.0
0.0
0.0
0.0
0.0
0.0
0.0
0.0
0.0
0.0
0.0
0.0
0.0
0.0
0.0
0.0
0.0
0.0
0.0
0.0
0.0
0.0
0.0
0.0
0.0
0.0
0.0
0.0
0.0
0.0
0.0
0.0
0.0
0.0
0.0
0.0
0.0
0.0
0.0
0.0
0.0
0.0
0.0
0.0113011057399
0.0127987767321
0.00429256687885
0.00429256687885
0.0
0.0
0.0
0.0
0.00145888581783
0.00104334629472
0.0
0.0
0.0
0.0
0.0
0.0
0.0
0.0
0.0
0.0
0.0
0.00138546061899
0.00652367451377
0.0
0.0
0.0
0.0
0.0
0.0
0.0
0.0
0.0
-0.0125338717226
-0.00565999094908
0.0
0.0
0.0
0.0
0.0
0.0
0.0
0.0
0.0
0.0
0.0
0.0
0.0
0.0
0.0
0.0
0.0
0.0
0.0
0.0
0.0
-0.001423766627
-0.0015420693215
-0.0015420693215
-0.001423766627
0.0
0.0
0.0
0.0
-0.0015420693215
-0.0015420693215
-0.001423766627
0.0
0.0
0.0
0.0
0.0
0.0
0.0
0.0
0.0
0.0
0.0
0.0
0.0
0.0
0.0
0.0
0.0
0.0
0.0
0.0
0.0
